{"content": {"suites": {"0": {"status": {"total_pass": 6, "total_skip": 0, "total_xpass": 0, "total_xfail": 0, "total_rerun": 0, "total_fail": 2, "total_error": 0}, "tests": {"0": {"status": "PASS", "message": "", "test_name": "test_1_SetupOs", "rerun": "0"}, "1": {"status": "PASS", "message": "", "test_name": "test_TC_GIATJA_022", "rerun": "0"}, "2": {"status": "PASS", "message": "", "test_name": "test_TC_GIATJA_023", "rerun": "0"}, "3": {"status": "PASS", "message": "", "test_name": "test_SetupOs_Kasie", "rerun": "0"}, "4": {"status": "PASS", "message": "", "test_name": "test_TC_GIATJA_024", "rerun": "0"}, "5": {"status": "PASS", "message": "", "test_name": "test_TC_GIATJA_025", "rerun": "0"}, "6": {"status": "FAIL", "message": "   selenium.common.exceptions.TimeoutException: Message: \n   Stacktrace:\n   0   chromedriver                        0x0000000104846ae8 chromedriver + 4958952\n   1   chromedriver                        0x000000010483e7b3 chromedriver + 4925363\n   2   chromedriver                        0x00000001044001d6 chromedriver + 475606\n   3   chromedriver                        0x0000000104443a20 chromedriver + 752160\n   4   chromedriver                        0x0000000104443c81 chromedriver + 752769\n   5   chromedriver                        0x0000000104487f64 chromedriver + 1032036\n   6   chromedriver                        0x0000000104469c3d chromedriver + 908349\n   7   chromedriver                        0x000000010448525b chromedriver + 1020507\n   8   chromedriver                        0x00000001044699e3 chromedriver + 907747\n   9   chromedriver                        0x0000000104433aef chromedriver + 686831\n   10  chromedriver                        0x000000010443500e chromedriver + 692238\n   11  chromedriver                        0x00000001048029ad chromedriver + 4680109\n   12  chromedriver                        0x0000000104807c12 chromedriver + 4701202\n   13  chromedriver                        0x000000010480e79f chromedriver + 4728735\n   14  chromedriver                        0x0000000104808b7a chromedriver + 4705146\n   15  chromedriver                        0x00000001047db27e chromedriver + 4518526\n   16  chromedriver                        0x0000000104828908 chromedriver + 4835592\n   17  chromedriver                        0x0000000104828a87 chromedriver + 4835975\n   18  chromedriver                        0x000000010483800f chromedriver + 4898831\n   19  libsystem_pthread.dylib             0x00007ff81202f1d3 _pthread_start + 125\n   20  libsystem_pthread.dylib             0x00007ff81202abd3 thread_start + 15\n", "test_name": "test_TC_GIATJA_026", "rerun": "0"}, "7": {"status": "FAIL", "message": "   selenium.common.exceptions.NoSuchWindowException: Message: no such window: target window already closed\n   from unknown error: web view not found\n     (Session info: chrome=113.0.5672.92)\n   Stacktrace:\n   0   chromedriver                        0x0000000102f96ae8 chromedriver + 4958952\n   1   chromedriver                        0x0000000102f8e7b3 chromedriver + 4925363\n   2   chromedriver                        0x0000000102b501d6 chromedriver + 475606\n   3   chromedriver                        0x0000000102b25cec chromedriver + 302316\n   4   chromedriver                        0x0000000102bbef2f chromedriver + 929583\n   5   chromedriver                        0x0000000102bd4926 chromedriver + 1018150\n   6   chromedriver                        0x0000000102bb99e3 chromedriver + 907747\n   7   chromedriver                        0x0000000102b83aef chromedriver + 686831\n   8   chromedriver                        0x0000000102b8500e chromedriver + 692238\n   9   chromedriver                        0x0000000102f529ad chromedriver + 4680109\n   10  chromedriver                        0x0000000102f57c12 chromedriver + 4701202\n   11  chromedriver                        0x0000000102f5e79f chromedriver + 4728735\n   12  chromedriver                        0x0000000102f58b7a chromedriver + 4705146\n   13  chromedriver                        0x0000000102f2b27e chromedriver + 4518526\n   14  chromedriver                        0x0000000102f78908 chromedriver + 4835592\n   15  chromedriver                        0x0000000102f78a87 chromedriver + 4835975\n   16  chromedriver                        0x0000000102f8800f chromedriver + 4898831\n   17  libsystem_pthread.dylib             0x00007ff81202f1d3 _pthread_start + 125\n   18  libsystem_pthread.dylib             0x00007ff81202abd3 thread_start + 15\n", "test_name": "test_SetupOsKalapas", "rerun": "0"}}, "suite_name": "Giatja/Fungsional/test_4LaporanGiatjaKegiatanKerja.py"}}}, "date": "May 09, 2023", "start_time": 1683617185.731246, "total_suite": 1, "status": "FAIL", "status_list": {"pass": "6", "fail": "2", "skip": "0", "error": "0", "xpass": "0", "xfail": "0", "rerun": "0"}, "total_tests": "8"}