{"content": {"suites": {"0": {"status": {"total_pass": 10, "total_skip": 0, "total_xpass": 0, "total_xfail": 0, "total_rerun": 0, "total_fail": 2, "total_error": 0}, "tests": {"0": {"status": "PASS", "message": "", "test_name": "test_1_SetupOs", "rerun": "0"}, "1": {"status": "PASS", "message": "", "test_name": "test_TC_GIATJA_022", "rerun": "0"}, "2": {"status": "PASS", "message": "", "test_name": "test_TC_GIATJA_023", "rerun": "0"}, "3": {"status": "PASS", "message": "", "test_name": "test_SetupOs_Kasie", "rerun": "0"}, "4": {"status": "PASS", "message": "", "test_name": "test_TC_GIATJA_024", "rerun": "0"}, "5": {"status": "PASS", "message": "", "test_name": "test_TC_GIATJA_025", "rerun": "0"}, "6": {"status": "FAIL", "message": "   selenium.common.exceptions.TimeoutException: Message: \n   Stacktrace:\n   0   chromedriver                        0x00000001007e0ae8 chromedriver + 4958952\n   1   chromedriver                        0x00000001007d87b3 chromedriver + 4925363\n   2   chromedriver                        0x000000010039a1d6 chromedriver + 475606\n   3   chromedriver                        0x00000001003dda20 chromedriver + 752160\n   4   chromedriver                        0x00000001003ddc81 chromedriver + 752769\n   5   chromedriver                        0x0000000100421f64 chromedriver + 1032036\n   6   chromedriver                        0x0000000100403c3d chromedriver + 908349\n   7   chromedriver                        0x000000010041f25b chromedriver + 1020507\n   8   chromedriver                        0x00000001004039e3 chromedriver + 907747\n   9   chromedriver                        0x00000001003cdaef chromedriver + 686831\n   10  chromedriver                        0x00000001003cf00e chromedriver + 692238\n   11  chromedriver                        0x000000010079c9ad chromedriver + 4680109\n   12  chromedriver                        0x00000001007a1c12 chromedriver + 4701202\n   13  chromedriver                        0x00000001007a879f chromedriver + 4728735\n   14  chromedriver                        0x00000001007a2b7a chromedriver + 4705146\n   15  chromedriver                        0x000000010077527e chromedriver + 4518526\n   16  chromedriver                        0x00000001007c2908 chromedriver + 4835592\n   17  chromedriver                        0x00000001007c2a87 chromedriver + 4835975\n   18  chromedriver                        0x00000001007d200f chromedriver + 4898831\n   19  libsystem_pthread.dylib             0x00007ff81202f1d3 _pthread_start + 125\n   20  libsystem_pthread.dylib             0x00007ff81202abd3 thread_start + 15\n", "test_name": "test_TC_GIATJA_026", "rerun": "0"}, "7": {"status": "PASS", "message": "", "test_name": "test_SetupOsKalapas", "rerun": "0"}, "8": {"status": "PASS", "message": "", "test_name": "test_TC_GIATJA_027", "rerun": "0"}, "9": {"status": "PASS", "message": "", "test_name": "test_TC_GIATJA_028", "rerun": "0"}, "10": {"status": "FAIL", "message": "   selenium.common.exceptions.TimeoutException: Message: \n   Stacktrace:\n   0   chromedriver                        0x0000000102c72ae8 chromedriver + 4958952\n   1   chromedriver                        0x0000000102c6a7b3 chromedriver + 4925363\n   2   chromedriver                        0x000000010282c1d6 chromedriver + 475606\n   3   chromedriver                        0x000000010286fa20 chromedriver + 752160\n   4   chromedriver                        0x000000010286fc81 chromedriver + 752769\n   5   chromedriver                        0x00000001028b3f64 chromedriver + 1032036\n   6   chromedriver                        0x0000000102895c3d chromedriver + 908349\n   7   chromedriver                        0x00000001028b125b chromedriver + 1020507\n   8   chromedriver                        0x00000001028959e3 chromedriver + 907747\n   9   chromedriver                        0x000000010285faef chromedriver + 686831\n   10  chromedriver                        0x000000010286100e chromedriver + 692238\n   11  chromedriver                        0x0000000102c2e9ad chromedriver + 4680109\n   12  chromedriver                        0x0000000102c33c12 chromedriver + 4701202\n   13  chromedriver                        0x0000000102c3a79f chromedriver + 4728735\n   14  chromedriver                        0x0000000102c34b7a chromedriver + 4705146\n   15  chromedriver                        0x0000000102c0727e chromedriver + 4518526\n   16  chromedriver                        0x0000000102c54908 chromedriver + 4835592\n   17  chromedriver                        0x0000000102c54a87 chromedriver + 4835975\n   18  chromedriver                        0x0000000102c6400f chromedriver + 4898831\n   19  libsystem_pthread.dylib             0x00007ff81202f1d3 _pthread_start + 125\n   20  libsystem_pthread.dylib             0x00007ff81202abd3 thread_start + 15\n", "test_name": "test_TC_GIATJA_029", "rerun": "0"}, "11": {"status": "PASS", "message": "", "test_name": "test_exit_Operator", "rerun": "0"}}, "suite_name": "Giatja/Fungsional/test_4LaporanGiatjaKegiatanKerja.py"}}}, "date": "May 09, 2023", "start_time": 1683617658.512247, "total_suite": 1, "status": "FAIL", "status_list": {"pass": "10", "fail": "2", "skip": "0", "error": "0", "xpass": "0", "xfail": "0", "rerun": "0"}, "total_tests": "12"}