{"content": {"suites": {"0": {"status": {"total_pass": 5, "total_skip": 0, "total_xpass": 0, "total_xfail": 0, "total_rerun": 0, "total_fail": 4, "total_error": 0}, "tests": {"0": {"status": "PASS", "message": "", "test_name": "test_1_SetupOS", "rerun": "0"}, "1": {"status": "PASS", "message": "", "test_name": "test_2_Login", "rerun": "0"}, "2": {"status": "PASS", "message": "", "test_name": "test_3_akses_menu_index", "rerun": "0"}, "3": {"status": "PASS", "message": "", "test_name": "test_4_ClickButtonTambah", "rerun": "0"}, "4": {"status": "PASS", "message": "", "test_name": "test_5_search_Nama", "rerun": "0"}, "5": {"status": "FAIL", "message": "   selenium.common.exceptions.TimeoutException: Message: \n   Stacktrace:\n   0   chromedriver                        0x0000000102a7ea88 chromedriver + 4123272\n   1   chromedriver                        0x0000000102a0a778 chromedriver + 3647352\n   2   chromedriver                        0x00000001026ccac4 chromedriver + 248516\n   3   chromedriver                        0x0000000102702f68 chromedriver + 470888\n   4   chromedriver                        0x0000000102735020 chromedriver + 675872\n   5   chromedriver                        0x00000001026f6b10 chromedriver + 420624\n   6   chromedriver                        0x00000001026f7c30 chromedriver + 425008\n   7   chromedriver                        0x0000000102a50ae4 chromedriver + 3934948\n   8   chromedriver                        0x0000000102a53f24 chromedriver + 3948324\n   9   chromedriver                        0x0000000102a54508 chromedriver + 3949832\n   10  chromedriver                        0x0000000102a5ab30 chromedriver + 3975984\n   11  chromedriver                        0x0000000102a54b24 chromedriver + 3951396\n   12  chromedriver                        0x0000000102a2f71c chromedriver + 3798812\n   13  chromedriver                        0x0000000102a712f0 chromedriver + 4068080\n   14  chromedriver                        0x0000000102a71444 chromedriver + 4068420\n   15  chromedriver                        0x0000000102a85450 chromedriver + 4150352\n   16  libsystem_pthread.dylib             0x000000019a70206c _pthread_start + 148\n   17  libsystem_pthread.dylib             0x000000019a6fce2c thread_start + 8\n", "test_name": "test_6_input_TahundanBulanLaporan", "rerun": "0"}, "6": {"status": "FAIL", "message": "   selenium.common.exceptions.NoSuchElementException: Message: no such element: Unable to locate element: {\"method\":\"css selector\",\"selector\":\"[id=\"noSkAsimilasi\"]\"}\n     (Session info: chrome=108.0.5359.71)\n   Stacktrace:\n   0   chromedriver                        0x0000000102a7ea88 chromedriver + 4123272\n   1   chromedriver                        0x0000000102a0a778 chromedriver + 3647352\n   2   chromedriver                        0x00000001026ccac4 chromedriver + 248516\n   3   chromedriver                        0x0000000102702f68 chromedriver + 470888\n   4   chromedriver                        0x0000000102735020 chromedriver + 675872\n   5   chromedriver                        0x00000001026f6b10 chromedriver + 420624\n   6   chromedriver                        0x00000001026f7c30 chromedriver + 425008\n   7   chromedriver                        0x0000000102a50ae4 chromedriver + 3934948\n   8   chromedriver                        0x0000000102a53f24 chromedriver + 3948324\n   9   chromedriver                        0x0000000102a54508 chromedriver + 3949832\n   10  chromedriver                        0x0000000102a5ab30 chromedriver + 3975984\n   11  chromedriver                        0x0000000102a54b24 chromedriver + 3951396\n   12  chromedriver                        0x0000000102a2f71c chromedriver + 3798812\n   13  chromedriver                        0x0000000102a712f0 chromedriver + 4068080\n   14  chromedriver                        0x0000000102a71444 chromedriver + 4068420\n   15  chromedriver                        0x0000000102a85450 chromedriver + 4150352\n   16  libsystem_pthread.dylib             0x000000019a70206c _pthread_start + 148\n   17  libsystem_pthread.dylib             0x000000019a6fce2c thread_start + 8\n", "test_name": "test_input_NomorSK_Asimilasi", "rerun": "0"}, "7": {"status": "FAIL", "message": "   selenium.common.exceptions.NoSuchElementException: Message: no such element: Unable to locate element: {\"method\":\"css selector\",\"selector\":\"[id=\"tanggalSkAsimilasi\"]\"}\n     (Session info: chrome=108.0.5359.71)\n   Stacktrace:\n   0   chromedriver                        0x0000000102a7ea88 chromedriver + 4123272\n   1   chromedriver                        0x0000000102a0a778 chromedriver + 3647352\n   2   chromedriver                        0x00000001026ccac4 chromedriver + 248516\n   3   chromedriver                        0x0000000102702f68 chromedriver + 470888\n   4   chromedriver                        0x0000000102735020 chromedriver + 675872\n   5   chromedriver                        0x00000001026f6b10 chromedriver + 420624\n   6   chromedriver                        0x00000001026f7c30 chromedriver + 425008\n   7   chromedriver                        0x0000000102a50ae4 chromedriver + 3934948\n   8   chromedriver                        0x0000000102a53f24 chromedriver + 3948324\n   9   chromedriver                        0x0000000102a54508 chromedriver + 3949832\n   10  chromedriver                        0x0000000102a5ab30 chromedriver + 3975984\n   11  chromedriver                        0x0000000102a54b24 chromedriver + 3951396\n   12  chromedriver                        0x0000000102a2f71c chromedriver + 3798812\n   13  chromedriver                        0x0000000102a712f0 chromedriver + 4068080\n   14  chromedriver                        0x0000000102a71444 chromedriver + 4068420\n   15  chromedriver                        0x0000000102a85450 chromedriver + 4150352\n   16  libsystem_pthread.dylib             0x000000019a70206c _pthread_start + 148\n   17  libsystem_pthread.dylib             0x000000019a6fce2c thread_start + 8\n", "test_name": "test_input_TanggalSk_Asimilasi", "rerun": "0"}, "8": {"status": "FAIL", "message": "   selenium.common.exceptions.NoSuchElementException: Message: no such element: Unable to locate element: {\"method\":\"css selector\",\"selector\":\"[id=\"tanggalAsimilasi\"]\"}\n     (Session info: chrome=108.0.5359.71)\n   Stacktrace:\n   0   chromedriver                        0x0000000102a7ea88 chromedriver + 4123272\n   1   chromedriver                        0x0000000102a0a778 chromedriver + 3647352\n   2   chromedriver                        0x00000001026ccac4 chromedriver + 248516\n   3   chromedriver                        0x0000000102702f68 chromedriver + 470888\n   4   chromedriver                        0x0000000102735020 chromedriver + 675872\n   5   chromedriver                        0x00000001026f6b10 chromedriver + 420624\n   6   chromedriver                        0x00000001026f7c30 chromedriver + 425008\n   7   chromedriver                        0x0000000102a50ae4 chromedriver + 3934948\n   8   chromedriver                        0x0000000102a53f24 chromedriver + 3948324\n   9   chromedriver                        0x0000000102a54508 chromedriver + 3949832\n   10  chromedriver                        0x0000000102a5ab30 chromedriver + 3975984\n   11  chromedriver                        0x0000000102a54b24 chromedriver + 3951396\n   12  chromedriver                        0x0000000102a2f71c chromedriver + 3798812\n   13  chromedriver                        0x0000000102a712f0 chromedriver + 4068080\n   14  chromedriver                        0x0000000102a71444 chromedriver + 4068420\n   15  chromedriver                        0x0000000102a85450 chromedriver + 4150352\n   16  libsystem_pthread.dylib             0x000000019a70206c _pthread_start + 148\n   17  libsystem_pthread.dylib             0x000000019a6fce2c thread_start + 8\n", "test_name": "test_tanggal_Pelaksanaan_Asimilasi", "rerun": "0"}}, "suite_name": "test_1Fungsi_Laporan6A_Tambah.py"}}}, "date": "December 08, 2022", "start_time": 1670485899.241326, "total_suite": 1, "status": "FAIL", "status_list": {"pass": "5", "fail": "4", "skip": "0", "error": "0", "xpass": "0", "xfail": "0", "rerun": "0"}, "total_tests": "9"}