{"content": {"suites": {"0": {"status": {"total_pass": 9, "total_skip": 0, "total_xpass": 0, "total_xfail": 0, "total_rerun": 0, "total_fail": 2, "total_error": 0}, "tests": {"0": {"status": "PASS", "message": "", "test_name": "test_1_SetupOs", "rerun": "0"}, "1": {"status": "PASS", "message": "", "test_name": "test_2_Login", "rerun": "0"}, "2": {"status": "PASS", "message": "", "test_name": "test_2_AksesMenu", "rerun": "0"}, "3": {"status": "PASS", "message": "", "test_name": "test_3_CreateButton", "rerun": "0"}, "4": {"status": "PASS", "message": "", "test_name": "test_4_InputJenisSarana", "rerun": "0"}, "5": {"status": "PASS", "message": "", "test_name": "test_5_InputKondisi", "rerun": "0"}, "6": {"status": "PASS", "message": "", "test_name": "test_6_InputKeterangan", "rerun": "0"}, "7": {"status": "PASS", "message": "", "test_name": "test_7_ButtonSubmit", "rerun": "0"}, "8": {"status": "FAIL", "message": "   selenium.common.exceptions.ElementNotInteractableException: Message: element not interactable\n     (Session info: chrome=112.0.5615.49)\n   Stacktrace:\n   0   chromedriver                        0x0000000100de7ae8 chromedriver + 4958952\n   1   chromedriver                        0x0000000100ddf7b3 chromedriver + 4925363\n   2   chromedriver                        0x00000001009a1051 chromedriver + 475217\n   3   chromedriver                        0x00000001009e62e8 chromedriver + 758504\n   4   chromedriver                        0x00000001009d7283 chromedriver + 696963\n   5   chromedriver                        0x0000000100a0ac12 chromedriver + 908306\n   6   chromedriver                        0x00000001009d68f1 chromedriver + 694513\n   7   chromedriver                        0x0000000100a0adce chromedriver + 908750\n   8   chromedriver                        0x0000000100a2625b chromedriver + 1020507\n   9   chromedriver                        0x0000000100a0a9e3 chromedriver + 907747\n   10  chromedriver                        0x00000001009d4aef chromedriver + 686831\n   11  chromedriver                        0x00000001009d600e chromedriver + 692238\n   12  chromedriver                        0x0000000100da39ad chromedriver + 4680109\n   13  chromedriver                        0x0000000100da8c12 chromedriver + 4701202\n   14  chromedriver                        0x0000000100daf79f chromedriver + 4728735\n   15  chromedriver                        0x0000000100da9b7a chromedriver + 4705146\n   16  chromedriver                        0x0000000100d7c27e chromedriver + 4518526\n   17  chromedriver                        0x0000000100dc9908 chromedriver + 4835592\n   18  chromedriver                        0x0000000100dc9a87 chromedriver + 4835975\n   19  chromedriver                        0x0000000100dd900f chromedriver + 4898831\n   20  libsystem_pthread.dylib             0x00007ff80554f1d3 _pthread_start + 125\n   21  libsystem_pthread.dylib             0x00007ff80554abd3 thread_start + 15\n", "test_name": "test_8_TambahUsulan", "rerun": "0"}, "9": {"status": "PASS", "message": "", "test_name": "test_9_InputJumlah", "rerun": "0"}, "10": {"status": "FAIL", "message": "   selenium.common.exceptions.ElementClickInterceptedException: Message: element click intercepted: Element <span class=\"\">...</span> is not clickable at point (1475, 443). Other element would receive the click: <li class=\"el-select-dropdown__item\" id=\"usulan11\">...</li>\n     (Session info: chrome=112.0.5615.49)\n   Stacktrace:\n   0   chromedriver                        0x0000000100de7ae8 chromedriver + 4958952\n   1   chromedriver                        0x0000000100ddf7b3 chromedriver + 4925363\n   2   chromedriver                        0x00000001009a11d6 chromedriver + 475606\n   3   chromedriver                        0x00000001009ee321 chromedriver + 791329\n   4   chromedriver                        0x00000001009eb36e chromedriver + 779118\n   5   chromedriver                        0x00000001009e7fd4 chromedriver + 765908\n   6   chromedriver                        0x00000001009e69af chromedriver + 760239\n   7   chromedriver                        0x00000001009d7283 chromedriver + 696963\n   8   chromedriver                        0x0000000100a0ac12 chromedriver + 908306\n   9   chromedriver                        0x00000001009d68f1 chromedriver + 694513\n   10  chromedriver                        0x0000000100a0adce chromedriver + 908750\n   11  chromedriver                        0x0000000100a2625b chromedriver + 1020507\n   12  chromedriver                        0x0000000100a0a9e3 chromedriver + 907747\n   13  chromedriver                        0x00000001009d4aef chromedriver + 686831\n   14  chromedriver                        0x00000001009d600e chromedriver + 692238\n   15  chromedriver                        0x0000000100da39ad chromedriver + 4680109\n   16  chromedriver                        0x0000000100da8c12 chromedriver + 4701202\n   17  chromedriver                        0x0000000100daf79f chromedriver + 4728735\n   18  chromedriver                        0x0000000100da9b7a chromedriver + 4705146\n   19  chromedriver                        0x0000000100d7c27e chromedriver + 4518526\n   20  chromedriver                        0x0000000100dc9908 chromedriver + 4835592\n   21  chromedriver                        0x0000000100dc9a87 chromedriver + 4835975\n   22  chromedriver                        0x0000000100dd900f chromedriver + 4898831\n   23  libsystem_pthread.dylib             0x00007ff80554f1d3 _pthread_start + 125\n   24  libsystem_pthread.dylib             0x00007ff80554abd3 thread_start + 15\n", "test_name": "test_10_ClickButtonSUbmit", "rerun": "0"}}, "suite_name": "4LaporanBulanan/4.Laporan6D/Fungsional/test_Laporan6D.py"}}}, "date": "April 11, 2023", "start_time": 1681196470.545279, "total_suite": 1, "status": "FAIL", "status_list": {"pass": "9", "fail": "2", "skip": "0", "error": "0", "xpass": "0", "xfail": "0", "rerun": "0"}, "total_tests": "11"}