{"content": {"suites": {"0": {"status": {"total_pass": 4, "total_skip": 0, "total_xpass": 0, "total_xfail": 0, "total_rerun": 0, "total_fail": 2, "total_error": 0}, "tests": {"0": {"status": "PASS", "message": "", "test_name": "test_1_setupOS_Portir", "rerun": "0"}, "1": {"status": "PASS", "message": "", "test_name": "test_2_login_Portir", "rerun": "0"}, "2": {"status": "PASS", "message": "", "test_name": "test_3_akses_menu_Portir", "rerun": "0"}, "3": {"status": "PASS", "message": "", "test_name": "test_4_sortir_table_cari_nama_Portir", "rerun": "0"}, "4": {"status": "FAIL", "message": "   selenium.common.exceptions.NoSuchWindowException: Message: no such window: target window already closed\n   from unknown error: web view not found\n     (Session info: chrome=107.0.5304.87)\n   Stacktrace:\n   0   chromedriver                        0x0000000103026a88 chromedriver + 4123272\n   1   chromedriver                        0x0000000102fb2778 chromedriver + 3647352\n   2   chromedriver                        0x0000000102c74ac4 chromedriver + 248516\n   3   chromedriver                        0x0000000102c54304 chromedriver + 115460\n   4   chromedriver                        0x0000000102ccae64 chromedriver + 601700\n   5   chromedriver                        0x0000000102cdc744 chromedriver + 673604\n   6   chromedriver                        0x0000000102c9eb10 chromedriver + 420624\n   7   chromedriver                        0x0000000102c9fc30 chromedriver + 425008\n   8   chromedriver                        0x0000000102ff8ae4 chromedriver + 3934948\n   9   chromedriver                        0x0000000102ffbf24 chromedriver + 3948324\n   10  chromedriver                        0x0000000102ffc508 chromedriver + 3949832\n   11  chromedriver                        0x0000000103002b30 chromedriver + 3975984\n   12  chromedriver                        0x0000000102ffcb24 chromedriver + 3951396\n   13  chromedriver                        0x0000000102fd771c chromedriver + 3798812\n   14  chromedriver                        0x00000001030192f0 chromedriver + 4068080\n   15  chromedriver                        0x0000000103019444 chromedriver + 4068420\n   16  chromedriver                        0x000000010302d450 chromedriver + 4150352\n   17  libsystem_pthread.dylib             0x00000001b442606c _pthread_start + 148\n   18  libsystem_pthread.dylib             0x00000001b4420e2c thread_start + 8\n", "test_name": "test_6_Click_Button_Detile_Portir", "rerun": "0"}, "5": {"status": "FAIL", "message": "   selenium.common.exceptions.NoSuchWindowException: Message: no such window: target window already closed\n   from unknown error: web view not found\n     (Session info: chrome=107.0.5304.87)\n   Stacktrace:\n   0   chromedriver                        0x0000000103026a88 chromedriver + 4123272\n   1   chromedriver                        0x0000000102fb2778 chromedriver + 3647352\n   2   chromedriver                        0x0000000102c74ac4 chromedriver + 248516\n   3   chromedriver                        0x0000000102c54304 chromedriver + 115460\n   4   chromedriver                        0x0000000102ccae64 chromedriver + 601700\n   5   chromedriver                        0x0000000102cdc744 chromedriver + 673604\n   6   chromedriver                        0x0000000102c9eb10 chromedriver + 420624\n   7   chromedriver                        0x0000000102c9fc30 chromedriver + 425008\n   8   chromedriver                        0x0000000102ff8ae4 chromedriver + 3934948\n   9   chromedriver                        0x0000000102ffbf24 chromedriver + 3948324\n   10  chromedriver                        0x0000000102ffc508 chromedriver + 3949832\n   11  chromedriver                        0x0000000103002b30 chromedriver + 3975984\n   12  chromedriver                        0x0000000102ffcb24 chromedriver + 3951396\n   13  chromedriver                        0x0000000102fd771c chromedriver + 3798812\n   14  chromedriver                        0x00000001030192f0 chromedriver + 4068080\n   15  chromedriver                        0x0000000103019444 chromedriver + 4068420\n   16  chromedriver                        0x000000010302d450 chromedriver + 4150352\n   17  libsystem_pthread.dylib             0x00000001b442606c _pthread_start + 148\n   18  libsystem_pthread.dylib             0x00000001b4420e2c thread_start + 8\n", "test_name": "test_7_KonfirmasiKeluar_Portir", "rerun": "0"}}, "suite_name": "test_2Portir_KeluarKeamanan.py"}}}, "date": "November 14, 2022", "start_time": 1668396153.100277, "total_suite": 1, "status": "FAIL", "status_list": {"pass": "4", "fail": "2", "skip": "0", "error": "0", "xpass": "0", "xfail": "0", "rerun": "0"}, "total_tests": "6"}