{"content": {"suites": {"0": {"status": {"total_pass": 2, "total_skip": 0, "total_xpass": 0, "total_xfail": 0, "total_rerun": 0, "total_fail": 6, "total_error": 0}, "tests": {"0": {"status": "PASS", "message": "", "test_name": "test_1_SetupOs", "rerun": "0"}, "1": {"status": "PASS", "message": "", "test_name": "test_2_Login", "rerun": "0"}, "2": {"status": "FAIL", "message": "   selenium.common.exceptions.NoSuchElementException: Message: no such element: Unable to locate element: {\"method\":\"css selector\",\"selector\":\".el-sub-menu__title > #pembinaan-10\"}\n     (Session info: chrome=112.0.5615.137)\n   Stacktrace:\n   0   chromedriver                        0x00000001012fdae8 chromedriver + 4958952\n   1   chromedriver                        0x00000001012f57b3 chromedriver + 4925363\n   2   chromedriver                        0x0000000100eb71d6 chromedriver + 475606\n   3   chromedriver                        0x0000000100efaa20 chromedriver + 752160\n   4   chromedriver                        0x0000000100efac81 chromedriver + 752769\n   5   chromedriver                        0x0000000100f3ef64 chromedriver + 1032036\n   6   chromedriver                        0x0000000100f20c3d chromedriver + 908349\n   7   chromedriver                        0x0000000100f3c25b chromedriver + 1020507\n   8   chromedriver                        0x0000000100f209e3 chromedriver + 907747\n   9   chromedriver                        0x0000000100eeaaef chromedriver + 686831\n   10  chromedriver                        0x0000000100eec00e chromedriver + 692238\n   11  chromedriver                        0x00000001012b99ad chromedriver + 4680109\n   12  chromedriver                        0x00000001012bec12 chromedriver + 4701202\n   13  chromedriver                        0x00000001012c579f chromedriver + 4728735\n   14  chromedriver                        0x00000001012bfb7a chromedriver + 4705146\n   15  chromedriver                        0x000000010129227e chromedriver + 4518526\n   16  chromedriver                        0x00000001012df908 chromedriver + 4835592\n   17  chromedriver                        0x00000001012dfa87 chromedriver + 4835975\n   18  chromedriver                        0x00000001012ef00f chromedriver + 4898831\n   19  libsystem_pthread.dylib             0x00007ff80f4a71d3 _pthread_start + 125\n   20  libsystem_pthread.dylib             0x00007ff80f4a2bd3 thread_start + 15\n", "test_name": "test_3_AksesMenu", "rerun": "0"}, "3": {"status": "FAIL", "message": "   selenium.common.exceptions.TimeoutException: Message: \n   Stacktrace:\n   0   chromedriver                        0x00000001012fdae8 chromedriver + 4958952\n   1   chromedriver                        0x00000001012f57b3 chromedriver + 4925363\n   2   chromedriver                        0x0000000100eb71d6 chromedriver + 475606\n   3   chromedriver                        0x0000000100efaa20 chromedriver + 752160\n   4   chromedriver                        0x0000000100efac81 chromedriver + 752769\n   5   chromedriver                        0x0000000100f3ef64 chromedriver + 1032036\n   6   chromedriver                        0x0000000100f20c3d chromedriver + 908349\n   7   chromedriver                        0x0000000100f3c25b chromedriver + 1020507\n   8   chromedriver                        0x0000000100f209e3 chromedriver + 907747\n   9   chromedriver                        0x0000000100eeaaef chromedriver + 686831\n   10  chromedriver                        0x0000000100eec00e chromedriver + 692238\n   11  chromedriver                        0x00000001012b99ad chromedriver + 4680109\n   12  chromedriver                        0x00000001012bec12 chromedriver + 4701202\n   13  chromedriver                        0x00000001012c579f chromedriver + 4728735\n   14  chromedriver                        0x00000001012bfb7a chromedriver + 4705146\n   15  chromedriver                        0x000000010129227e chromedriver + 4518526\n   16  chromedriver                        0x00000001012df908 chromedriver + 4835592\n   17  chromedriver                        0x00000001012dfa87 chromedriver + 4835975\n   18  chromedriver                        0x00000001012ef00f chromedriver + 4898831\n   19  libsystem_pthread.dylib             0x00007ff80f4a71d3 _pthread_start + 125\n   20  libsystem_pthread.dylib             0x00007ff80f4a2bd3 thread_start + 15\n       assert False\n", "test_name": "test_4_ClickButtonTambah", "rerun": "0"}, "4": {"status": "FAIL", "message": "           ConnectionRefusedError: [Errno 61] Connection refused\n       urllib3.exceptions.NewConnectionError: <urllib3.connection.HTTPConnection object at 0x11e5fe340>: Failed to establish a new connection: [Errno 61] Connection refused\n       urllib3.exceptions.MaxRetryError: HTTPConnectionPool(host='localhost', port=52975): Max retries exceeded with url: /session/9489ba3f222d316759cda6e7871301c6/timeouts (Caused by NewConnectionError('<urllib3.connection.HTTPConnection object at 0x11e5fe340>: Failed to establish a new connection: [Errno 61] Connection refused'))\n", "test_name": "test_5_InputBidangGiatja", "rerun": "0"}, "5": {"status": "FAIL", "message": "           ConnectionRefusedError: [Errno 61] Connection refused\n       urllib3.exceptions.NewConnectionError: <urllib3.connection.HTTPConnection object at 0x11e930af0>: Failed to establish a new connection: [Errno 61] Connection refused\n       urllib3.exceptions.MaxRetryError: HTTPConnectionPool(host='localhost', port=52975): Max retries exceeded with url: /session/9489ba3f222d316759cda6e7871301c6/timeouts (Caused by NewConnectionError('<urllib3.connection.HTTPConnection object at 0x11e930af0>: Failed to establish a new connection: [Errno 61] Connection refused'))\n", "test_name": "test_18_InputGambar", "rerun": "0"}, "6": {"status": "FAIL", "message": "           ConnectionRefusedError: [Errno 61] Connection refused\n       urllib3.exceptions.NewConnectionError: <urllib3.connection.HTTPConnection object at 0x11ea6ccd0>: Failed to establish a new connection: [Errno 61] Connection refused\n       urllib3.exceptions.MaxRetryError: HTTPConnectionPool(host='localhost', port=52975): Max retries exceeded with url: /session/9489ba3f222d316759cda6e7871301c6/timeouts (Caused by NewConnectionError('<urllib3.connection.HTTPConnection object at 0x11ea6ccd0>: Failed to establish a new connection: [Errno 61] Connection refused'))\n", "test_name": "test_19_Keterangan", "rerun": "0"}, "7": {"status": "FAIL", "message": "           ConnectionRefusedError: [Errno 61] Connection refused\n       urllib3.exceptions.NewConnectionError: <urllib3.connection.HTTPConnection object at 0x11ea941c0>: Failed to establish a new connection: [Errno 61] Connection refused\n       urllib3.exceptions.MaxRetryError: HTTPConnectionPool(host='localhost', port=52975): Max retries exceeded with url: /session/9489ba3f222d316759cda6e7871301c6/window (Caused by NewConnectionError('<urllib3.connection.HTTPConnection object at 0x11ea941c0>: Failed to establish a new connection: [Errno 61] Connection refused'))\n", "test_name": "test_32_exit", "rerun": "0"}}, "suite_name": "1.KegiatanKerja/Fungsional/test_GiatjaTambah.py"}}}, "date": "May 03, 2023", "start_time": 1683077994.126477, "total_suite": 1, "status": "FAIL", "status_list": {"pass": "2", "fail": "6", "skip": "0", "error": "0", "xpass": "0", "xfail": "0", "rerun": "0"}, "total_tests": "8"}