{"content": {"suites": {"0": {"status": {"total_pass": 11, "total_skip": 0, "total_xpass": 0, "total_xfail": 0, "total_rerun": 0, "total_fail": 4, "total_error": 0}, "tests": {"0": {"status": "PASS", "message": "", "test_name": "test_1_setupOS", "rerun": "0"}, "1": {"status": "PASS", "message": "", "test_name": "test_2_login", "rerun": "0"}, "2": {"status": "PASS", "message": "", "test_name": "test_3_aksesmenu_index", "rerun": "0"}, "3": {"status": "PASS", "message": "", "test_name": "test_12_Membuka_HalamanDetile", "rerun": "0"}, "4": {"status": "PASS", "message": "", "test_name": "test_4_search_data_kategori_nama_Index", "rerun": "0"}, "5": {"status": "PASS", "message": "", "test_name": "test_5_search_data_kategori_noSurat_Index", "rerun": "0"}, "6": {"status": "FAIL", "message": "   selenium.common.exceptions.TimeoutException: Message: \n   Stacktrace:\n   0   chromedriver                        0x00000001025aaa88 chromedriver + 4123272\n   1   chromedriver                        0x0000000102536778 chromedriver + 3647352\n   2   chromedriver                        0x00000001021f8ac4 chromedriver + 248516\n   3   chromedriver                        0x000000010222ef68 chromedriver + 470888\n   4   chromedriver                        0x0000000102261020 chromedriver + 675872\n   5   chromedriver                        0x0000000102222b10 chromedriver + 420624\n   6   chromedriver                        0x0000000102223c30 chromedriver + 425008\n   7   chromedriver                        0x000000010257cae4 chromedriver + 3934948\n   8   chromedriver                        0x000000010257ff24 chromedriver + 3948324\n   9   chromedriver                        0x0000000102580508 chromedriver + 3949832\n   10  chromedriver                        0x0000000102586b30 chromedriver + 3975984\n   11  chromedriver                        0x0000000102580b24 chromedriver + 3951396\n   12  chromedriver                        0x000000010255b71c chromedriver + 3798812\n   13  chromedriver                        0x000000010259d2f0 chromedriver + 4068080\n   14  chromedriver                        0x000000010259d444 chromedriver + 4068420\n   15  chromedriver                        0x00000001025b1450 chromedriver + 4150352\n   16  libsystem_pthread.dylib             0x000000019971e06c _pthread_start + 148\n   17  libsystem_pthread.dylib             0x0000000199718e2c thread_start + 8\n", "test_name": "test_6_search_data_kategori_lamaPengasingan_Index", "rerun": "0"}, "7": {"status": "FAIL", "message": "   selenium.common.exceptions.TimeoutException: Message: \n   Stacktrace:\n   0   chromedriver                        0x00000001025aaa88 chromedriver + 4123272\n   1   chromedriver                        0x0000000102536778 chromedriver + 3647352\n   2   chromedriver                        0x00000001021f8ac4 chromedriver + 248516\n   3   chromedriver                        0x000000010222ef68 chromedriver + 470888\n   4   chromedriver                        0x0000000102261020 chromedriver + 675872\n   5   chromedriver                        0x0000000102222b10 chromedriver + 420624\n   6   chromedriver                        0x0000000102223c30 chromedriver + 425008\n   7   chromedriver                        0x000000010257cae4 chromedriver + 3934948\n   8   chromedriver                        0x000000010257ff24 chromedriver + 3948324\n   9   chromedriver                        0x0000000102580508 chromedriver + 3949832\n   10  chromedriver                        0x0000000102586b30 chromedriver + 3975984\n   11  chromedriver                        0x0000000102580b24 chromedriver + 3951396\n   12  chromedriver                        0x000000010255b71c chromedriver + 3798812\n   13  chromedriver                        0x000000010259d2f0 chromedriver + 4068080\n   14  chromedriver                        0x000000010259d444 chromedriver + 4068420\n   15  chromedriver                        0x00000001025b1450 chromedriver + 4150352\n   16  libsystem_pthread.dylib             0x000000019971e06c _pthread_start + 148\n   17  libsystem_pthread.dylib             0x0000000199718e2c thread_start + 8\n", "test_name": "test_7_search_data_kategori_tanggalMulai_Index", "rerun": "0"}, "8": {"status": "FAIL", "message": "   selenium.common.exceptions.TimeoutException: Message: \n   Stacktrace:\n   0   chromedriver                        0x00000001025aaa88 chromedriver + 4123272\n   1   chromedriver                        0x0000000102536778 chromedriver + 3647352\n   2   chromedriver                        0x00000001021f8ac4 chromedriver + 248516\n   3   chromedriver                        0x000000010222ef68 chromedriver + 470888\n   4   chromedriver                        0x0000000102261020 chromedriver + 675872\n   5   chromedriver                        0x0000000102222b10 chromedriver + 420624\n   6   chromedriver                        0x0000000102223c30 chromedriver + 425008\n   7   chromedriver                        0x000000010257cae4 chromedriver + 3934948\n   8   chromedriver                        0x000000010257ff24 chromedriver + 3948324\n   9   chromedriver                        0x0000000102580508 chromedriver + 3949832\n   10  chromedriver                        0x0000000102586b30 chromedriver + 3975984\n   11  chromedriver                        0x0000000102580b24 chromedriver + 3951396\n   12  chromedriver                        0x000000010255b71c chromedriver + 3798812\n   13  chromedriver                        0x000000010259d2f0 chromedriver + 4068080\n   14  chromedriver                        0x000000010259d444 chromedriver + 4068420\n   15  chromedriver                        0x00000001025b1450 chromedriver + 4150352\n   16  libsystem_pthread.dylib             0x000000019971e06c _pthread_start + 148\n   17  libsystem_pthread.dylib             0x0000000199718e2c thread_start + 8\n", "test_name": "test_8_search_data_kategori_tanggalKembali_Index", "rerun": "0"}, "9": {"status": "PASS", "message": "", "test_name": "test_9_search_data_kategori_semua_Index", "rerun": "0"}, "10": {"status": "PASS", "message": "", "test_name": "test_10_sortir_Halaman_Index", "rerun": "0"}, "11": {"status": "FAIL", "message": "   selenium.common.exceptions.TimeoutException: Message: \n   Stacktrace:\n   0   chromedriver                        0x00000001025aaa88 chromedriver + 4123272\n   1   chromedriver                        0x0000000102536778 chromedriver + 3647352\n   2   chromedriver                        0x00000001021f8ac4 chromedriver + 248516\n   3   chromedriver                        0x000000010222ef68 chromedriver + 470888\n   4   chromedriver                        0x0000000102261020 chromedriver + 675872\n   5   chromedriver                        0x0000000102222b10 chromedriver + 420624\n   6   chromedriver                        0x0000000102223c30 chromedriver + 425008\n   7   chromedriver                        0x000000010257cae4 chromedriver + 3934948\n   8   chromedriver                        0x000000010257ff24 chromedriver + 3948324\n   9   chromedriver                        0x0000000102580508 chromedriver + 3949832\n   10  chromedriver                        0x0000000102586b30 chromedriver + 3975984\n   11  chromedriver                        0x0000000102580b24 chromedriver + 3951396\n   12  chromedriver                        0x000000010255b71c chromedriver + 3798812\n   13  chromedriver                        0x000000010259d2f0 chromedriver + 4068080\n   14  chromedriver                        0x000000010259d444 chromedriver + 4068420\n   15  chromedriver                        0x00000001025b1450 chromedriver + 4150352\n   16  libsystem_pthread.dylib             0x000000019971e06c _pthread_start + 148\n   17  libsystem_pthread.dylib             0x0000000199718e2c thread_start + 8\n", "test_name": "test_11_membuka_halaman_tambah_Index", "rerun": "0"}, "12": {"status": "PASS", "message": "", "test_name": "test_13_export_exel_Index", "rerun": "0"}, "13": {"status": "PASS", "message": "", "test_name": "test_14_export_pdf_Index", "rerun": "0"}, "14": {"status": "PASS", "message": "", "test_name": "test_15_cetak_Index", "rerun": "0"}}, "suite_name": "test_1RegisterH_Index.py"}}}, "date": "December 06, 2022", "start_time": 1670300851.4594219, "total_suite": 1, "status": "FAIL", "status_list": {"pass": "11", "fail": "4", "skip": "0", "error": "0", "xpass": "0", "xfail": "0", "rerun": "0"}, "total_tests": "15"}