{"content": {"suites": {"0": {"status": {"total_pass": 18, "total_skip": 0, "total_xpass": 0, "total_xfail": 0, "total_rerun": 0, "total_fail": 3, "total_error": 0}, "tests": {"0": {"status": "PASS", "message": "", "test_name": "test_SetupKeterampilan", "rerun": "0"}, "1": {"status": "PASS", "message": "", "test_name": "test_TC_KTR_001", "rerun": "0"}, "2": {"status": "PASS", "message": "", "test_name": "test_TC_KTR_002", "rerun": "0"}, "3": {"status": "PASS", "message": "", "test_name": "test_TC_KTR_003", "rerun": "0"}, "4": {"status": "PASS", "message": "", "test_name": "test_TC_KTR_004", "rerun": "0"}, "5": {"status": "PASS", "message": "", "test_name": "test_TC_KTR_005", "rerun": "0"}, "6": {"status": "PASS", "message": "", "test_name": "test_TC_KTR_006", "rerun": "0"}, "7": {"status": "PASS", "message": "", "test_name": "test_TC_KTR_007", "rerun": "0"}, "8": {"status": "PASS", "message": "", "test_name": "test_TC_KTR_008", "rerun": "0"}, "9": {"status": "PASS", "message": "", "test_name": "test_TC_KTR_009", "rerun": "0"}, "10": {"status": "PASS", "message": "", "test_name": "test_TC_KTR_011", "rerun": "0"}, "11": {"status": "PASS", "message": "", "test_name": "test_TC_KTR_010", "rerun": "0"}, "12": {"status": "PASS", "message": "", "test_name": "test_TC_KTR_012", "rerun": "0"}, "13": {"status": "PASS", "message": "", "test_name": "test_TC_KTR_013", "rerun": "0"}, "14": {"status": "PASS", "message": "", "test_name": "test_TC_KTR_015", "rerun": "0"}, "15": {"status": "PASS", "message": "", "test_name": "test_TC_KTR_014", "rerun": "0"}, "16": {"status": "PASS", "message": "", "test_name": "test_TC_KTR_016", "rerun": "0"}, "17": {"status": "PASS", "message": "", "test_name": "test_TC_KTR_017", "rerun": "0"}, "18": {"status": "FAIL", "message": "   selenium.common.exceptions.TimeoutException: Message: \n   Stacktrace:\n   0   chromedriver                        0x00000001028e2ae8 chromedriver + 4958952\n   1   chromedriver                        0x00000001028da7b3 chromedriver + 4925363\n   2   chromedriver                        0x000000010249c1d6 chromedriver + 475606\n   3   chromedriver                        0x00000001024dfa20 chromedriver + 752160\n   4   chromedriver                        0x00000001024dfc81 chromedriver + 752769\n   5   chromedriver                        0x0000000102523f64 chromedriver + 1032036\n   6   chromedriver                        0x0000000102505c3d chromedriver + 908349\n   7   chromedriver                        0x000000010252125b chromedriver + 1020507\n   8   chromedriver                        0x00000001025059e3 chromedriver + 907747\n   9   chromedriver                        0x00000001024cfaef chromedriver + 686831\n   10  chromedriver                        0x00000001024d100e chromedriver + 692238\n   11  chromedriver                        0x000000010289e9ad chromedriver + 4680109\n   12  chromedriver                        0x00000001028a3c12 chromedriver + 4701202\n   13  chromedriver                        0x00000001028aa79f chromedriver + 4728735\n   14  chromedriver                        0x00000001028a4b7a chromedriver + 4705146\n   15  chromedriver                        0x000000010287727e chromedriver + 4518526\n   16  chromedriver                        0x00000001028c4908 chromedriver + 4835592\n   17  chromedriver                        0x00000001028c4a87 chromedriver + 4835975\n   18  chromedriver                        0x00000001028d400f chromedriver + 4898831\n   19  libsystem_pthread.dylib             0x00007ff80704f1d3 _pthread_start + 125\n   20  libsystem_pthread.dylib             0x00007ff80704abd3 thread_start + 15\n", "test_name": "test_TC_KTR_018", "rerun": "0"}, "19": {"status": "FAIL", "message": "   selenium.common.exceptions.TimeoutException: Message: \n   Stacktrace:\n   0   chromedriver                        0x00000001028e2ae8 chromedriver + 4958952\n   1   chromedriver                        0x00000001028da7b3 chromedriver + 4925363\n   2   chromedriver                        0x000000010249c1d6 chromedriver + 475606\n   3   chromedriver                        0x00000001024dfa20 chromedriver + 752160\n   4   chromedriver                        0x00000001024dfc81 chromedriver + 752769\n   5   chromedriver                        0x0000000102523f64 chromedriver + 1032036\n   6   chromedriver                        0x0000000102505c3d chromedriver + 908349\n   7   chromedriver                        0x000000010252125b chromedriver + 1020507\n   8   chromedriver                        0x00000001025059e3 chromedriver + 907747\n   9   chromedriver                        0x00000001024cfaef chromedriver + 686831\n   10  chromedriver                        0x00000001024d100e chromedriver + 692238\n   11  chromedriver                        0x000000010289e9ad chromedriver + 4680109\n   12  chromedriver                        0x00000001028a3c12 chromedriver + 4701202\n   13  chromedriver                        0x00000001028aa79f chromedriver + 4728735\n   14  chromedriver                        0x00000001028a4b7a chromedriver + 4705146\n   15  chromedriver                        0x000000010287727e chromedriver + 4518526\n   16  chromedriver                        0x00000001028c4908 chromedriver + 4835592\n   17  chromedriver                        0x00000001028c4a87 chromedriver + 4835975\n   18  chromedriver                        0x00000001028d400f chromedriver + 4898831\n   19  libsystem_pthread.dylib             0x00007ff80704f1d3 _pthread_start + 125\n   20  libsystem_pthread.dylib             0x00007ff80704abd3 thread_start + 15\n", "test_name": "test_TC_KTR_019", "rerun": "0"}, "20": {"status": "FAIL", "message": "   selenium.common.exceptions.NoSuchElementException: Message: no such element: Unable to locate element: {\"method\":\"css selector\",\"selector\":\"[id=\"login\"]\"}\n     (Session info: chrome=113.0.5672.92)\n   Stacktrace:\n   0   chromedriver                        0x00000001028e2ae8 chromedriver + 4958952\n   1   chromedriver                        0x00000001028da7b3 chromedriver + 4925363\n   2   chromedriver                        0x000000010249c1d6 chromedriver + 475606\n   3   chromedriver                        0x00000001024dfa20 chromedriver + 752160\n   4   chromedriver                        0x00000001024dfc81 chromedriver + 752769\n   5   chromedriver                        0x0000000102523f64 chromedriver + 1032036\n   6   chromedriver                        0x0000000102505c3d chromedriver + 908349\n   7   chromedriver                        0x000000010252125b chromedriver + 1020507\n   8   chromedriver                        0x00000001025059e3 chromedriver + 907747\n   9   chromedriver                        0x00000001024cfaef chromedriver + 686831\n   10  chromedriver                        0x00000001024d100e chromedriver + 692238\n   11  chromedriver                        0x000000010289e9ad chromedriver + 4680109\n   12  chromedriver                        0x00000001028a3c12 chromedriver + 4701202\n   13  chromedriver                        0x00000001028aa79f chromedriver + 4728735\n   14  chromedriver                        0x00000001028a4b7a chromedriver + 4705146\n   15  chromedriver                        0x000000010287727e chromedriver + 4518526\n   16  chromedriver                        0x00000001028c4908 chromedriver + 4835592\n   17  chromedriver                        0x00000001028c4a87 chromedriver + 4835975\n   18  chromedriver                        0x00000001028d400f chromedriver + 4898831\n   19  libsystem_pthread.dylib             0x00007ff80704f1d3 _pthread_start + 125\n   20  libsystem_pthread.dylib             0x00007ff80704abd3 thread_start + 15\n", "test_name": "test_TC_KTR_020", "rerun": "0"}}, "suite_name": "KETERAMPILAN/Looping/test_case_Keterampilan.py"}}}, "date": "May 17, 2023", "start_time": 1684259035.111541, "total_suite": 1, "status": "FAIL", "status_list": {"pass": "18", "fail": "3", "skip": "0", "error": "0", "xpass": "0", "xfail": "0", "rerun": "0"}, "total_tests": "21"}