{"content": {"suites": {"0": {"status": {"total_pass": 0, "total_skip": 0, "total_xpass": 0, "total_xfail": 0, "total_rerun": 0, "total_fail": 9, "total_error": 0}, "tests": {"0": {"status": "FAIL", "message": "   selenium.common.exceptions.NoSuchElementException: Message: no such element: Unable to locate element: {\"method\":\"css selector\",\"selector\":\"[id=\"login\"]\"}\n     (Session info: chrome=113.0.5672.63)\n   Stacktrace:\n   0   chromedriver                        0x0000000104df5ae8 chromedriver + 4958952\n   1   chromedriver                        0x0000000104ded7b3 chromedriver + 4925363\n   2   chromedriver                        0x00000001049af1d6 chromedriver + 475606\n   3   chromedriver                        0x00000001049f2a20 chromedriver + 752160\n   4   chromedriver                        0x00000001049f2c81 chromedriver + 752769\n   5   chromedriver                        0x0000000104a36f64 chromedriver + 1032036\n   6   chromedriver                        0x0000000104a18c3d chromedriver + 908349\n   7   chromedriver                        0x0000000104a3425b chromedriver + 1020507\n   8   chromedriver                        0x0000000104a189e3 chromedriver + 907747\n   9   chromedriver                        0x00000001049e2aef chromedriver + 686831\n   10  chromedriver                        0x00000001049e400e chromedriver + 692238\n   11  chromedriver                        0x0000000104db19ad chromedriver + 4680109\n   12  chromedriver                        0x0000000104db6c12 chromedriver + 4701202\n   13  chromedriver                        0x0000000104dbd79f chromedriver + 4728735\n   14  chromedriver                        0x0000000104db7b7a chromedriver + 4705146\n   15  chromedriver                        0x0000000104d8a27e chromedriver + 4518526\n   16  chromedriver                        0x0000000104dd7908 chromedriver + 4835592\n   17  chromedriver                        0x0000000104dd7a87 chromedriver + 4835975\n   18  chromedriver                        0x0000000104de700f chromedriver + 4898831\n   19  libsystem_pthread.dylib             0x00007ff808d0f1d3 _pthread_start + 125\n   20  libsystem_pthread.dylib             0x00007ff808d0abd3 thread_start + 15\n", "test_name": "test_1_SetupOs", "rerun": "0"}, "1": {"status": "FAIL", "message": "   selenium.common.exceptions.NoSuchElementException: Message: no such element: Unable to locate element: {\"method\":\"css selector\",\"selector\":\".el-sub-menu__title > #pembinaan-10\"}\n     (Session info: chrome=113.0.5672.63)\n   Stacktrace:\n   0   chromedriver                        0x0000000104df5ae8 chromedriver + 4958952\n   1   chromedriver                        0x0000000104ded7b3 chromedriver + 4925363\n   2   chromedriver                        0x00000001049af1d6 chromedriver + 475606\n   3   chromedriver                        0x00000001049f2a20 chromedriver + 752160\n   4   chromedriver                        0x00000001049f2c81 chromedriver + 752769\n   5   chromedriver                        0x0000000104a36f64 chromedriver + 1032036\n   6   chromedriver                        0x0000000104a18c3d chromedriver + 908349\n   7   chromedriver                        0x0000000104a3425b chromedriver + 1020507\n   8   chromedriver                        0x0000000104a189e3 chromedriver + 907747\n   9   chromedriver                        0x00000001049e2aef chromedriver + 686831\n   10  chromedriver                        0x00000001049e400e chromedriver + 692238\n   11  chromedriver                        0x0000000104db19ad chromedriver + 4680109\n   12  chromedriver                        0x0000000104db6c12 chromedriver + 4701202\n   13  chromedriver                        0x0000000104dbd79f chromedriver + 4728735\n   14  chromedriver                        0x0000000104db7b7a chromedriver + 4705146\n   15  chromedriver                        0x0000000104d8a27e chromedriver + 4518526\n   16  chromedriver                        0x0000000104dd7908 chromedriver + 4835592\n   17  chromedriver                        0x0000000104dd7a87 chromedriver + 4835975\n   18  chromedriver                        0x0000000104de700f chromedriver + 4898831\n   19  libsystem_pthread.dylib             0x00007ff808d0f1d3 _pthread_start + 125\n   20  libsystem_pthread.dylib             0x00007ff808d0abd3 thread_start + 15\n", "test_name": "test_TC_GIATJA_008", "rerun": "0"}, "2": {"status": "FAIL", "message": "   selenium.common.exceptions.TimeoutException: Message: \n   Stacktrace:\n   0   chromedriver                        0x0000000104df5ae8 chromedriver + 4958952\n   1   chromedriver                        0x0000000104ded7b3 chromedriver + 4925363\n   2   chromedriver                        0x00000001049af1d6 chromedriver + 475606\n   3   chromedriver                        0x00000001049f2a20 chromedriver + 752160\n   4   chromedriver                        0x00000001049f2c81 chromedriver + 752769\n   5   chromedriver                        0x0000000104a36f64 chromedriver + 1032036\n   6   chromedriver                        0x0000000104a18c3d chromedriver + 908349\n   7   chromedriver                        0x0000000104a3425b chromedriver + 1020507\n   8   chromedriver                        0x0000000104a189e3 chromedriver + 907747\n   9   chromedriver                        0x00000001049e2aef chromedriver + 686831\n   10  chromedriver                        0x00000001049e400e chromedriver + 692238\n   11  chromedriver                        0x0000000104db19ad chromedriver + 4680109\n   12  chromedriver                        0x0000000104db6c12 chromedriver + 4701202\n   13  chromedriver                        0x0000000104dbd79f chromedriver + 4728735\n   14  chromedriver                        0x0000000104db7b7a chromedriver + 4705146\n   15  chromedriver                        0x0000000104d8a27e chromedriver + 4518526\n   16  chromedriver                        0x0000000104dd7908 chromedriver + 4835592\n   17  chromedriver                        0x0000000104dd7a87 chromedriver + 4835975\n   18  chromedriver                        0x0000000104de700f chromedriver + 4898831\n   19  libsystem_pthread.dylib             0x00007ff808d0f1d3 _pthread_start + 125\n   20  libsystem_pthread.dylib             0x00007ff808d0abd3 thread_start + 15\n", "test_name": "test_TC_GIATJA_009", "rerun": "0"}, "3": {"status": "FAIL", "message": "   selenium.common.exceptions.TimeoutException: Message: \n   Stacktrace:\n   0   chromedriver                        0x0000000104df5ae8 chromedriver + 4958952\n   1   chromedriver                        0x0000000104ded7b3 chromedriver + 4925363\n   2   chromedriver                        0x00000001049af1d6 chromedriver + 475606\n   3   chromedriver                        0x00000001049f2a20 chromedriver + 752160\n   4   chromedriver                        0x00000001049f2c81 chromedriver + 752769\n   5   chromedriver                        0x0000000104a36f64 chromedriver + 1032036\n   6   chromedriver                        0x0000000104a18c3d chromedriver + 908349\n   7   chromedriver                        0x0000000104a3425b chromedriver + 1020507\n   8   chromedriver                        0x0000000104a189e3 chromedriver + 907747\n   9   chromedriver                        0x00000001049e2aef chromedriver + 686831\n   10  chromedriver                        0x00000001049e400e chromedriver + 692238\n   11  chromedriver                        0x0000000104db19ad chromedriver + 4680109\n   12  chromedriver                        0x0000000104db6c12 chromedriver + 4701202\n   13  chromedriver                        0x0000000104dbd79f chromedriver + 4728735\n   14  chromedriver                        0x0000000104db7b7a chromedriver + 4705146\n   15  chromedriver                        0x0000000104d8a27e chromedriver + 4518526\n   16  chromedriver                        0x0000000104dd7908 chromedriver + 4835592\n   17  chromedriver                        0x0000000104dd7a87 chromedriver + 4835975\n   18  chromedriver                        0x0000000104de700f chromedriver + 4898831\n   19  libsystem_pthread.dylib             0x00007ff808d0f1d3 _pthread_start + 125\n   20  libsystem_pthread.dylib             0x00007ff808d0abd3 thread_start + 15\n", "test_name": "test_TC_GIATJA_010", "rerun": "0"}, "4": {"status": "FAIL", "message": "   selenium.common.exceptions.TimeoutException: Message: \n   Stacktrace:\n   0   chromedriver                        0x0000000104df5ae8 chromedriver + 4958952\n   1   chromedriver                        0x0000000104ded7b3 chromedriver + 4925363\n   2   chromedriver                        0x00000001049af1d6 chromedriver + 475606\n   3   chromedriver                        0x00000001049f2a20 chromedriver + 752160\n   4   chromedriver                        0x00000001049f2c81 chromedriver + 752769\n   5   chromedriver                        0x0000000104a36f64 chromedriver + 1032036\n   6   chromedriver                        0x0000000104a18c3d chromedriver + 908349\n   7   chromedriver                        0x0000000104a3425b chromedriver + 1020507\n   8   chromedriver                        0x0000000104a189e3 chromedriver + 907747\n   9   chromedriver                        0x00000001049e2aef chromedriver + 686831\n   10  chromedriver                        0x00000001049e400e chromedriver + 692238\n   11  chromedriver                        0x0000000104db19ad chromedriver + 4680109\n   12  chromedriver                        0x0000000104db6c12 chromedriver + 4701202\n   13  chromedriver                        0x0000000104dbd79f chromedriver + 4728735\n   14  chromedriver                        0x0000000104db7b7a chromedriver + 4705146\n   15  chromedriver                        0x0000000104d8a27e chromedriver + 4518526\n   16  chromedriver                        0x0000000104dd7908 chromedriver + 4835592\n   17  chromedriver                        0x0000000104dd7a87 chromedriver + 4835975\n   18  chromedriver                        0x0000000104de700f chromedriver + 4898831\n   19  libsystem_pthread.dylib             0x00007ff808d0f1d3 _pthread_start + 125\n   20  libsystem_pthread.dylib             0x00007ff808d0abd3 thread_start + 15\n", "test_name": "test_TC_GIATJA_011", "rerun": "0"}, "5": {"status": "FAIL", "message": "   AttributeError: 'NoneType' object has no attribute 'is_displayed'\n", "test_name": "test_TC_GIATJA_012", "rerun": "0"}, "6": {"status": "FAIL", "message": "   selenium.common.exceptions.NoSuchWindowException: Message: no such window: target window already closed\n   from unknown error: web view not found\n     (Session info: chrome=113.0.5672.63)\n   Stacktrace:\n   0   chromedriver                        0x0000000104df5ae8 chromedriver + 4958952\n   1   chromedriver                        0x0000000104ded7b3 chromedriver + 4925363\n   2   chromedriver                        0x00000001049af1d6 chromedriver + 475606\n   3   chromedriver                        0x0000000104984cec chromedriver + 302316\n   4   chromedriver                        0x0000000104a1df2f chromedriver + 929583\n   5   chromedriver                        0x0000000104a33926 chromedriver + 1018150\n   6   chromedriver                        0x0000000104a189e3 chromedriver + 907747\n   7   chromedriver                        0x00000001049e2aef chromedriver + 686831\n   8   chromedriver                        0x00000001049e400e chromedriver + 692238\n   9   chromedriver                        0x0000000104db19ad chromedriver + 4680109\n   10  chromedriver                        0x0000000104db6c12 chromedriver + 4701202\n   11  chromedriver                        0x0000000104dbd79f chromedriver + 4728735\n   12  chromedriver                        0x0000000104db7b7a chromedriver + 4705146\n   13  chromedriver                        0x0000000104d8a27e chromedriver + 4518526\n   14  chromedriver                        0x0000000104dd7908 chromedriver + 4835592\n   15  chromedriver                        0x0000000104dd7a87 chromedriver + 4835975\n   16  chromedriver                        0x0000000104de700f chromedriver + 4898831\n   17  libsystem_pthread.dylib             0x00007ff808d0f1d3 _pthread_start + 125\n   18  libsystem_pthread.dylib             0x00007ff808d0abd3 thread_start + 15\n", "test_name": "test_TC_GIATJA_013", "rerun": "0"}, "7": {"status": "FAIL", "message": "   selenium.common.exceptions.NoSuchWindowException: Message: no such window: target window already closed\n   from unknown error: web view not found\n     (Session info: chrome=113.0.5672.63)\n   Stacktrace:\n   0   chromedriver                        0x0000000104df5ae8 chromedriver + 4958952\n   1   chromedriver                        0x0000000104ded7b3 chromedriver + 4925363\n   2   chromedriver                        0x00000001049af1d6 chromedriver + 475606\n   3   chromedriver                        0x0000000104984cec chromedriver + 302316\n   4   chromedriver                        0x0000000104a1df2f chromedriver + 929583\n   5   chromedriver                        0x0000000104a33926 chromedriver + 1018150\n   6   chromedriver                        0x0000000104a189e3 chromedriver + 907747\n   7   chromedriver                        0x00000001049e2aef chromedriver + 686831\n   8   chromedriver                        0x00000001049e400e chromedriver + 692238\n   9   chromedriver                        0x0000000104db19ad chromedriver + 4680109\n   10  chromedriver                        0x0000000104db6c12 chromedriver + 4701202\n   11  chromedriver                        0x0000000104dbd79f chromedriver + 4728735\n   12  chromedriver                        0x0000000104db7b7a chromedriver + 4705146\n   13  chromedriver                        0x0000000104d8a27e chromedriver + 4518526\n   14  chromedriver                        0x0000000104dd7908 chromedriver + 4835592\n   15  chromedriver                        0x0000000104dd7a87 chromedriver + 4835975\n   16  chromedriver                        0x0000000104de700f chromedriver + 4898831\n   17  libsystem_pthread.dylib             0x00007ff808d0f1d3 _pthread_start + 125\n   18  libsystem_pthread.dylib             0x00007ff808d0abd3 thread_start + 15\n", "test_name": "test_TC_GIATJA_014", "rerun": "0"}, "8": {"status": "FAIL", "message": "   selenium.common.exceptions.NoSuchWindowException: Message: no such window: target window already closed\n   from unknown error: web view not found\n     (Session info: chrome=113.0.5672.63)\n   Stacktrace:\n   0   chromedriver                        0x0000000104df5ae8 chromedriver + 4958952\n   1   chromedriver                        0x0000000104ded7b3 chromedriver + 4925363\n   2   chromedriver                        0x00000001049af1d6 chromedriver + 475606\n   3   chromedriver                        0x0000000104984cec chromedriver + 302316\n   4   chromedriver                        0x0000000104a1df2f chromedriver + 929583\n   5   chromedriver                        0x0000000104a24c7c chromedriver + 957564\n   6   chromedriver                        0x0000000104a18bd8 chromedriver + 908248\n   7   chromedriver                        0x00000001049e2aef chromedriver + 686831\n   8   chromedriver                        0x00000001049e400e chromedriver + 692238\n   9   chromedriver                        0x0000000104db19ad chromedriver + 4680109\n   10  chromedriver                        0x0000000104db6c12 chromedriver + 4701202\n   11  chromedriver                        0x0000000104dbd79f chromedriver + 4728735\n   12  chromedriver                        0x0000000104db7b7a chromedriver + 4705146\n   13  chromedriver                        0x0000000104d8a27e chromedriver + 4518526\n   14  chromedriver                        0x0000000104dd7908 chromedriver + 4835592\n   15  chromedriver                        0x0000000104dd7a87 chromedriver + 4835975\n   16  chromedriver                        0x0000000104de700f chromedriver + 4898831\n   17  libsystem_pthread.dylib             0x00007ff808d0f1d3 _pthread_start + 125\n   18  libsystem_pthread.dylib             0x00007ff808d0abd3 thread_start + 15\n", "test_name": "test2_exit", "rerun": "0"}}, "suite_name": "2.Pemasaran/Fungsional/test_OpPemasaran.py"}}}, "date": "May 04, 2023", "start_time": 1683171383.771403, "total_suite": 1, "status": "FAIL", "status_list": {"pass": "0", "fail": "9", "skip": "0", "error": "0", "xpass": "0", "xfail": "0", "rerun": "0"}, "total_tests": "9"}