{"content": {"suites": {"0": {"status": {"total_pass": 11, "total_skip": 0, "total_xpass": 0, "total_xfail": 0, "total_rerun": 0, "total_fail": 5, "total_error": 0}, "tests": {"0": {"status": "PASS", "message": "", "test_name": "test_1_setupOS", "rerun": "0"}, "1": {"status": "PASS", "message": "", "test_name": "test_2_login", "rerun": "0"}, "2": {"status": "PASS", "message": "", "test_name": "test_3_akses_menu_index", "rerun": "0"}, "3": {"status": "PASS", "message": "", "test_name": "test_4_membuka_halaman_tambah", "rerun": "0"}, "4": {"status": "PASS", "message": "", "test_name": "test_5_kategori_Pegawai_tambah", "rerun": "0"}, "5": {"status": "PASS", "message": "", "test_name": "test_6_NamaSearch_Pegawai_tambah", "rerun": "0"}, "6": {"status": "PASS", "message": "", "test_name": "test_7_button_tambah", "rerun": "0"}, "7": {"status": "PASS", "message": "", "test_name": "test_8_membuka_halaman_tambah", "rerun": "0"}, "8": {"status": "FAIL", "message": "   selenium.common.exceptions.NoSuchElementException: Message: no such element: Unable to locate element: {\"method\":\"xpath\",\"selector\":\"//*[@id=\"searchOption0\"]/div/div/table/tbody/tr[2]/td[1]\"}\n     (Session info: chrome=107.0.5304.87)\n   Stacktrace:\n   0   chromedriver                        0x00000001026e2f44 chromedriver + 3813188\n   1   chromedriver                        0x0000000102674ae0 chromedriver + 3361504\n   2   chromedriver                        0x0000000102378c5c chromedriver + 232540\n   3   chromedriver                        0x00000001023aa380 chromedriver + 435072\n   4   chromedriver                        0x00000001023d7f44 chromedriver + 622404\n   5   chromedriver                        0x000000010239f358 chromedriver + 389976\n   6   chromedriver                        0x00000001023a0284 chromedriver + 393860\n   7   chromedriver                        0x00000001026b6e18 chromedriver + 3632664\n   8   chromedriver                        0x00000001026ba97c chromedriver + 3647868\n   9   chromedriver                        0x00000001026c0b58 chromedriver + 3672920\n   10  chromedriver                        0x00000001026bb350 chromedriver + 3650384\n   11  chromedriver                        0x00000001026988dc chromedriver + 3508444\n   12  chromedriver                        0x00000001026d5914 chromedriver + 3758356\n   13  chromedriver                        0x00000001026d5a78 chromedriver + 3758712\n   14  chromedriver                        0x00000001026e96cc chromedriver + 3839692\n   15  libsystem_pthread.dylib             0x00000001836fe06c _pthread_start + 148\n   16  libsystem_pthread.dylib             0x00000001836f8e2c thread_start + 8\n", "test_name": "test_9_NipSearch_tambah", "rerun": "0"}, "9": {"status": "PASS", "message": "", "test_name": "test_10_input_nip_tambah", "rerun": "0"}, "10": {"status": "PASS", "message": "", "test_name": "test_11_input_namaLengkap_tambah", "rerun": "0"}, "11": {"status": "PASS", "message": "", "test_name": "test_12_input_Jabatan_tambah", "rerun": "0"}, "12": {"status": "FAIL", "message": "   selenium.common.exceptions.TimeoutException: Message: \n   Stacktrace:\n   0   chromedriver                        0x00000001026e2f44 chromedriver + 3813188\n   1   chromedriver                        0x0000000102674ae0 chromedriver + 3361504\n   2   chromedriver                        0x0000000102378c5c chromedriver + 232540\n   3   chromedriver                        0x00000001023aa380 chromedriver + 435072\n   4   chromedriver                        0x00000001023d7f44 chromedriver + 622404\n   5   chromedriver                        0x000000010239f358 chromedriver + 389976\n   6   chromedriver                        0x00000001023a0284 chromedriver + 393860\n   7   chromedriver                        0x00000001026b6e18 chromedriver + 3632664\n   8   chromedriver                        0x00000001026ba97c chromedriver + 3647868\n   9   chromedriver                        0x00000001026c0b58 chromedriver + 3672920\n   10  chromedriver                        0x00000001026bb350 chromedriver + 3650384\n   11  chromedriver                        0x00000001026988dc chromedriver + 3508444\n   12  chromedriver                        0x00000001026d5914 chromedriver + 3758356\n   13  chromedriver                        0x00000001026d5a78 chromedriver + 3758712\n   14  chromedriver                        0x00000001026e96cc chromedriver + 3839692\n   15  libsystem_pthread.dylib             0x00000001836fe06c _pthread_start + 148\n   16  libsystem_pthread.dylib             0x00000001836f8e2c thread_start + 8\n", "test_name": "test_13_input_keperluan_tambah", "rerun": "0"}, "13": {"status": "FAIL", "message": "   selenium.common.exceptions.TimeoutException: Message: \n   Stacktrace:\n   0   chromedriver                        0x00000001026e2f44 chromedriver + 3813188\n   1   chromedriver                        0x0000000102674ae0 chromedriver + 3361504\n   2   chromedriver                        0x0000000102378c5c chromedriver + 232540\n   3   chromedriver                        0x00000001023aa380 chromedriver + 435072\n   4   chromedriver                        0x00000001023d7f44 chromedriver + 622404\n   5   chromedriver                        0x000000010239f358 chromedriver + 389976\n   6   chromedriver                        0x00000001023a0284 chromedriver + 393860\n   7   chromedriver                        0x00000001026b6e18 chromedriver + 3632664\n   8   chromedriver                        0x00000001026ba97c chromedriver + 3647868\n   9   chromedriver                        0x00000001026c0b58 chromedriver + 3672920\n   10  chromedriver                        0x00000001026bb350 chromedriver + 3650384\n   11  chromedriver                        0x00000001026988dc chromedriver + 3508444\n   12  chromedriver                        0x00000001026d5914 chromedriver + 3758356\n   13  chromedriver                        0x00000001026d5a78 chromedriver + 3758712\n   14  chromedriver                        0x00000001026e96cc chromedriver + 3839692\n   15  libsystem_pthread.dylib             0x00000001836fe06c _pthread_start + 148\n   16  libsystem_pthread.dylib             0x00000001836f8e2c thread_start + 8\n", "test_name": "test_15_TamuDinassearch_tambah", "rerun": "0"}, "14": {"status": "FAIL", "message": "   selenium.common.exceptions.TimeoutException: Message: \n   Stacktrace:\n   0   chromedriver                        0x00000001026e2f44 chromedriver + 3813188\n   1   chromedriver                        0x0000000102674ae0 chromedriver + 3361504\n   2   chromedriver                        0x0000000102378c5c chromedriver + 232540\n   3   chromedriver                        0x00000001023aa380 chromedriver + 435072\n   4   chromedriver                        0x00000001023d7f44 chromedriver + 622404\n   5   chromedriver                        0x000000010239f358 chromedriver + 389976\n   6   chromedriver                        0x00000001023a0284 chromedriver + 393860\n   7   chromedriver                        0x00000001026b6e18 chromedriver + 3632664\n   8   chromedriver                        0x00000001026ba97c chromedriver + 3647868\n   9   chromedriver                        0x00000001026c0b58 chromedriver + 3672920\n   10  chromedriver                        0x00000001026bb350 chromedriver + 3650384\n   11  chromedriver                        0x00000001026988dc chromedriver + 3508444\n   12  chromedriver                        0x00000001026d5914 chromedriver + 3758356\n   13  chromedriver                        0x00000001026d5a78 chromedriver + 3758712\n   14  chromedriver                        0x00000001026e96cc chromedriver + 3839692\n   15  libsystem_pthread.dylib             0x00000001836fe06c _pthread_start + 148\n   16  libsystem_pthread.dylib             0x00000001836f8e2c thread_start + 8\n", "test_name": "test_16_kategori_TamuDinasNAMA_tambah", "rerun": "0"}, "15": {"status": "FAIL", "message": "   selenium.common.exceptions.InvalidElementStateException: Message: invalid element state\n     (Session info: chrome=107.0.5304.87)\n   Stacktrace:\n   0   chromedriver                        0x00000001026e2f44 chromedriver + 3813188\n   1   chromedriver                        0x0000000102674ae0 chromedriver + 3361504\n   2   chromedriver                        0x0000000102378b2c chromedriver + 232236\n   3   chromedriver                        0x00000001023a2af0 chromedriver + 404208\n   4   chromedriver                        0x00000001023a0898 chromedriver + 395416\n   5   chromedriver                        0x00000001023d7f44 chromedriver + 622404\n   6   chromedriver                        0x000000010239f358 chromedriver + 389976\n   7   chromedriver                        0x00000001023a0284 chromedriver + 393860\n   8   chromedriver                        0x00000001026b6e18 chromedriver + 3632664\n   9   chromedriver                        0x00000001026ba97c chromedriver + 3647868\n   10  chromedriver                        0x00000001026c0b58 chromedriver + 3672920\n   11  chromedriver                        0x00000001026bb350 chromedriver + 3650384\n   12  chromedriver                        0x00000001026988dc chromedriver + 3508444\n   13  chromedriver                        0x00000001026d5914 chromedriver + 3758356\n   14  chromedriver                        0x00000001026d5a78 chromedriver + 3758712\n   15  chromedriver                        0x00000001026e96cc chromedriver + 3839692\n   16  libsystem_pthread.dylib             0x00000001836fe06c _pthread_start + 148\n   17  libsystem_pthread.dylib             0x00000001836f8e2c thread_start + 8\n", "test_name": "test_17_NamaSearch_TamuDinasNIP_tambah", "rerun": "0"}}, "suite_name": "test_2Fungsi_P2U_Tambah.py"}}}, "date": "November 04, 2022", "start_time": 1667549884.158031, "total_suite": 1, "status": "FAIL", "status_list": {"pass": "11", "fail": "5", "skip": "0", "error": "0", "xpass": "0", "xfail": "0", "rerun": "0"}, "total_tests": "16"}