{"content": {"suites": {"0": {"status": {"total_pass": 2, "total_skip": 0, "total_xpass": 0, "total_xfail": 0, "total_rerun": 0, "total_fail": 13, "total_error": 0}, "tests": {"0": {"status": "PASS", "message": "", "test_name": "test_1_setupOS", "rerun": "0"}, "1": {"status": "PASS", "message": "", "test_name": "test_2_login", "rerun": "0"}, "2": {"status": "FAIL", "message": "       AttributeError: move_to requires a WebElement\n", "test_name": "test_3_akses_menu_index", "rerun": "0"}, "3": {"status": "FAIL", "message": "   selenium.common.exceptions.NoSuchWindowException: Message: no such window: target window already closed\n   from unknown error: web view not found\n     (Session info: chrome=107.0.5304.87)\n   Stacktrace:\n   0   chromedriver                        0x00000001008a6f44 chromedriver + 3813188\n   1   chromedriver                        0x0000000100838ae0 chromedriver + 3361504\n   2   chromedriver                        0x000000010053cc5c chromedriver + 232540\n   3   chromedriver                        0x000000010051f71c chromedriver + 112412\n   4   chromedriver                        0x000000010058aebc chromedriver + 552636\n   5   chromedriver                        0x000000010059b638 chromedriver + 620088\n   6   chromedriver                        0x0000000100563358 chromedriver + 389976\n   7   chromedriver                        0x0000000100564284 chromedriver + 393860\n   8   chromedriver                        0x000000010087ae18 chromedriver + 3632664\n   9   chromedriver                        0x000000010087e97c chromedriver + 3647868\n   10  chromedriver                        0x0000000100884b58 chromedriver + 3672920\n   11  chromedriver                        0x000000010087f350 chromedriver + 3650384\n   12  chromedriver                        0x000000010085c8dc chromedriver + 3508444\n   13  chromedriver                        0x0000000100899914 chromedriver + 3758356\n   14  chromedriver                        0x0000000100899a78 chromedriver + 3758712\n   15  chromedriver                        0x00000001008ad6cc chromedriver + 3839692\n   16  libsystem_pthread.dylib             0x00000001836fe06c _pthread_start + 148\n   17  libsystem_pthread.dylib             0x00000001836f8e2c thread_start + 8\n", "test_name": "test_4_membuka_halaman_tambah", "rerun": "0"}, "4": {"status": "FAIL", "message": "   selenium.common.exceptions.NoSuchWindowException: Message: no such window: target window already closed\n   from unknown error: web view not found\n     (Session info: chrome=107.0.5304.87)\n   Stacktrace:\n   0   chromedriver                        0x00000001008a6f44 chromedriver + 3813188\n   1   chromedriver                        0x0000000100838ae0 chromedriver + 3361504\n   2   chromedriver                        0x000000010053cc5c chromedriver + 232540\n   3   chromedriver                        0x000000010051f71c chromedriver + 112412\n   4   chromedriver                        0x000000010058aebc chromedriver + 552636\n   5   chromedriver                        0x000000010059b638 chromedriver + 620088\n   6   chromedriver                        0x0000000100563358 chromedriver + 389976\n   7   chromedriver                        0x0000000100564284 chromedriver + 393860\n   8   chromedriver                        0x000000010087ae18 chromedriver + 3632664\n   9   chromedriver                        0x000000010087e97c chromedriver + 3647868\n   10  chromedriver                        0x0000000100884b58 chromedriver + 3672920\n   11  chromedriver                        0x000000010087f350 chromedriver + 3650384\n   12  chromedriver                        0x000000010085c8dc chromedriver + 3508444\n   13  chromedriver                        0x0000000100899914 chromedriver + 3758356\n   14  chromedriver                        0x0000000100899a78 chromedriver + 3758712\n   15  chromedriver                        0x00000001008ad6cc chromedriver + 3839692\n   16  libsystem_pthread.dylib             0x00000001836fe06c _pthread_start + 148\n   17  libsystem_pthread.dylib             0x00000001836f8e2c thread_start + 8\n", "test_name": "test_5_kategori_tambah", "rerun": "0"}, "5": {"status": "FAIL", "message": "   selenium.common.exceptions.NoSuchWindowException: Message: no such window: target window already closed\n   from unknown error: web view not found\n     (Session info: chrome=107.0.5304.87)\n   Stacktrace:\n   0   chromedriver                        0x00000001008a6f44 chromedriver + 3813188\n   1   chromedriver                        0x0000000100838ae0 chromedriver + 3361504\n   2   chromedriver                        0x000000010053cc5c chromedriver + 232540\n   3   chromedriver                        0x000000010051f71c chromedriver + 112412\n   4   chromedriver                        0x000000010058aebc chromedriver + 552636\n   5   chromedriver                        0x000000010059b638 chromedriver + 620088\n   6   chromedriver                        0x0000000100563358 chromedriver + 389976\n   7   chromedriver                        0x0000000100564284 chromedriver + 393860\n   8   chromedriver                        0x000000010087ae18 chromedriver + 3632664\n   9   chromedriver                        0x000000010087e97c chromedriver + 3647868\n   10  chromedriver                        0x0000000100884b58 chromedriver + 3672920\n   11  chromedriver                        0x000000010087f350 chromedriver + 3650384\n   12  chromedriver                        0x000000010085c8dc chromedriver + 3508444\n   13  chromedriver                        0x0000000100899914 chromedriver + 3758356\n   14  chromedriver                        0x0000000100899a78 chromedriver + 3758712\n   15  chromedriver                        0x00000001008ad6cc chromedriver + 3839692\n   16  libsystem_pthread.dylib             0x00000001836fe06c _pthread_start + 148\n   17  libsystem_pthread.dylib             0x00000001836f8e2c thread_start + 8\n", "test_name": "test_6_Nama_tambah", "rerun": "0"}, "6": {"status": "FAIL", "message": "   selenium.common.exceptions.NoSuchWindowException: Message: no such window: target window already closed\n   from unknown error: web view not found\n     (Session info: chrome=107.0.5304.87)\n   Stacktrace:\n   0   chromedriver                        0x00000001008a6f44 chromedriver + 3813188\n   1   chromedriver                        0x0000000100838ae0 chromedriver + 3361504\n   2   chromedriver                        0x000000010053cc5c chromedriver + 232540\n   3   chromedriver                        0x000000010051f71c chromedriver + 112412\n   4   chromedriver                        0x000000010058aebc chromedriver + 552636\n   5   chromedriver                        0x000000010059b638 chromedriver + 620088\n   6   chromedriver                        0x0000000100563358 chromedriver + 389976\n   7   chromedriver                        0x0000000100564284 chromedriver + 393860\n   8   chromedriver                        0x000000010087ae18 chromedriver + 3632664\n   9   chromedriver                        0x000000010087e97c chromedriver + 3647868\n   10  chromedriver                        0x0000000100884b58 chromedriver + 3672920\n   11  chromedriver                        0x000000010087f350 chromedriver + 3650384\n   12  chromedriver                        0x000000010085c8dc chromedriver + 3508444\n   13  chromedriver                        0x0000000100899914 chromedriver + 3758356\n   14  chromedriver                        0x0000000100899a78 chromedriver + 3758712\n   15  chromedriver                        0x00000001008ad6cc chromedriver + 3839692\n   16  libsystem_pthread.dylib             0x00000001836fe06c _pthread_start + 148\n   17  libsystem_pthread.dylib             0x00000001836f8e2c thread_start + 8\n", "test_name": "test_7_button_tambah", "rerun": "0"}, "7": {"status": "FAIL", "message": "   selenium.common.exceptions.NoSuchWindowException: Message: no such window: target window already closed\n   from unknown error: web view not found\n     (Session info: chrome=107.0.5304.87)\n   Stacktrace:\n   0   chromedriver                        0x00000001008a6f44 chromedriver + 3813188\n   1   chromedriver                        0x0000000100838ae0 chromedriver + 3361504\n   2   chromedriver                        0x000000010053cc5c chromedriver + 232540\n   3   chromedriver                        0x000000010051f71c chromedriver + 112412\n   4   chromedriver                        0x000000010058aebc chromedriver + 552636\n   5   chromedriver                        0x000000010059b638 chromedriver + 620088\n   6   chromedriver                        0x0000000100563358 chromedriver + 389976\n   7   chromedriver                        0x0000000100564284 chromedriver + 393860\n   8   chromedriver                        0x000000010087ae18 chromedriver + 3632664\n   9   chromedriver                        0x000000010087e97c chromedriver + 3647868\n   10  chromedriver                        0x0000000100884b58 chromedriver + 3672920\n   11  chromedriver                        0x000000010087f350 chromedriver + 3650384\n   12  chromedriver                        0x000000010085c8dc chromedriver + 3508444\n   13  chromedriver                        0x0000000100899914 chromedriver + 3758356\n   14  chromedriver                        0x0000000100899a78 chromedriver + 3758712\n   15  chromedriver                        0x00000001008ad6cc chromedriver + 3839692\n   16  libsystem_pthread.dylib             0x00000001836fe06c _pthread_start + 148\n   17  libsystem_pthread.dylib             0x00000001836f8e2c thread_start + 8\n", "test_name": "test_8_membuka_halaman_tambah", "rerun": "0"}, "8": {"status": "FAIL", "message": "   selenium.common.exceptions.NoSuchWindowException: Message: no such window: target window already closed\n   from unknown error: web view not found\n     (Session info: chrome=107.0.5304.87)\n   Stacktrace:\n   0   chromedriver                        0x00000001008a6f44 chromedriver + 3813188\n   1   chromedriver                        0x0000000100838ae0 chromedriver + 3361504\n   2   chromedriver                        0x000000010053cc5c chromedriver + 232540\n   3   chromedriver                        0x000000010051f71c chromedriver + 112412\n   4   chromedriver                        0x000000010058aebc chromedriver + 552636\n   5   chromedriver                        0x000000010059b638 chromedriver + 620088\n   6   chromedriver                        0x0000000100563358 chromedriver + 389976\n   7   chromedriver                        0x0000000100564284 chromedriver + 393860\n   8   chromedriver                        0x000000010087ae18 chromedriver + 3632664\n   9   chromedriver                        0x000000010087e97c chromedriver + 3647868\n   10  chromedriver                        0x0000000100884b58 chromedriver + 3672920\n   11  chromedriver                        0x000000010087f350 chromedriver + 3650384\n   12  chromedriver                        0x000000010085c8dc chromedriver + 3508444\n   13  chromedriver                        0x0000000100899914 chromedriver + 3758356\n   14  chromedriver                        0x0000000100899a78 chromedriver + 3758712\n   15  chromedriver                        0x00000001008ad6cc chromedriver + 3839692\n   16  libsystem_pthread.dylib             0x00000001836fe06c _pthread_start + 148\n   17  libsystem_pthread.dylib             0x00000001836f8e2c thread_start + 8\n", "test_name": "test_9_NipSearch_tambah", "rerun": "0"}, "9": {"status": "FAIL", "message": "   selenium.common.exceptions.NoSuchWindowException: Message: no such window: target window already closed\n   from unknown error: web view not found\n     (Session info: chrome=107.0.5304.87)\n   Stacktrace:\n   0   chromedriver                        0x00000001008a6f44 chromedriver + 3813188\n   1   chromedriver                        0x0000000100838ae0 chromedriver + 3361504\n   2   chromedriver                        0x000000010053cc5c chromedriver + 232540\n   3   chromedriver                        0x000000010051f71c chromedriver + 112412\n   4   chromedriver                        0x000000010058aebc chromedriver + 552636\n   5   chromedriver                        0x000000010059b638 chromedriver + 620088\n   6   chromedriver                        0x0000000100563358 chromedriver + 389976\n   7   chromedriver                        0x0000000100564284 chromedriver + 393860\n   8   chromedriver                        0x000000010087ae18 chromedriver + 3632664\n   9   chromedriver                        0x000000010087e97c chromedriver + 3647868\n   10  chromedriver                        0x0000000100884b58 chromedriver + 3672920\n   11  chromedriver                        0x000000010087f350 chromedriver + 3650384\n   12  chromedriver                        0x000000010085c8dc chromedriver + 3508444\n   13  chromedriver                        0x0000000100899914 chromedriver + 3758356\n   14  chromedriver                        0x0000000100899a78 chromedriver + 3758712\n   15  chromedriver                        0x00000001008ad6cc chromedriver + 3839692\n   16  libsystem_pthread.dylib             0x00000001836fe06c _pthread_start + 148\n   17  libsystem_pthread.dylib             0x00000001836f8e2c thread_start + 8\n", "test_name": "test_10_input_nip_tambah", "rerun": "0"}, "10": {"status": "FAIL", "message": "   selenium.common.exceptions.NoSuchWindowException: Message: no such window: target window already closed\n   from unknown error: web view not found\n     (Session info: chrome=107.0.5304.87)\n   Stacktrace:\n   0   chromedriver                        0x00000001008a6f44 chromedriver + 3813188\n   1   chromedriver                        0x0000000100838ae0 chromedriver + 3361504\n   2   chromedriver                        0x000000010053cc5c chromedriver + 232540\n   3   chromedriver                        0x000000010051f71c chromedriver + 112412\n   4   chromedriver                        0x000000010058aebc chromedriver + 552636\n   5   chromedriver                        0x000000010059b638 chromedriver + 620088\n   6   chromedriver                        0x0000000100563358 chromedriver + 389976\n   7   chromedriver                        0x0000000100564284 chromedriver + 393860\n   8   chromedriver                        0x000000010087ae18 chromedriver + 3632664\n   9   chromedriver                        0x000000010087e97c chromedriver + 3647868\n   10  chromedriver                        0x0000000100884b58 chromedriver + 3672920\n   11  chromedriver                        0x000000010087f350 chromedriver + 3650384\n   12  chromedriver                        0x000000010085c8dc chromedriver + 3508444\n   13  chromedriver                        0x0000000100899914 chromedriver + 3758356\n   14  chromedriver                        0x0000000100899a78 chromedriver + 3758712\n   15  chromedriver                        0x00000001008ad6cc chromedriver + 3839692\n   16  libsystem_pthread.dylib             0x00000001836fe06c _pthread_start + 148\n   17  libsystem_pthread.dylib             0x00000001836f8e2c thread_start + 8\n", "test_name": "test_11_input_namaLengkap_tambah", "rerun": "0"}, "11": {"status": "FAIL", "message": "   selenium.common.exceptions.NoSuchWindowException: Message: no such window: target window already closed\n   from unknown error: web view not found\n     (Session info: chrome=107.0.5304.87)\n   Stacktrace:\n   0   chromedriver                        0x00000001008a6f44 chromedriver + 3813188\n   1   chromedriver                        0x0000000100838ae0 chromedriver + 3361504\n   2   chromedriver                        0x000000010053cc5c chromedriver + 232540\n   3   chromedriver                        0x000000010051f71c chromedriver + 112412\n   4   chromedriver                        0x000000010058aebc chromedriver + 552636\n   5   chromedriver                        0x000000010059b638 chromedriver + 620088\n   6   chromedriver                        0x0000000100563358 chromedriver + 389976\n   7   chromedriver                        0x0000000100564284 chromedriver + 393860\n   8   chromedriver                        0x000000010087ae18 chromedriver + 3632664\n   9   chromedriver                        0x000000010087e97c chromedriver + 3647868\n   10  chromedriver                        0x0000000100884b58 chromedriver + 3672920\n   11  chromedriver                        0x000000010087f350 chromedriver + 3650384\n   12  chromedriver                        0x000000010085c8dc chromedriver + 3508444\n   13  chromedriver                        0x0000000100899914 chromedriver + 3758356\n   14  chromedriver                        0x0000000100899a78 chromedriver + 3758712\n   15  chromedriver                        0x00000001008ad6cc chromedriver + 3839692\n   16  libsystem_pthread.dylib             0x00000001836fe06c _pthread_start + 148\n   17  libsystem_pthread.dylib             0x00000001836f8e2c thread_start + 8\n", "test_name": "test_12_input_Jabatan_tambah", "rerun": "0"}, "12": {"status": "FAIL", "message": "   selenium.common.exceptions.NoSuchWindowException: Message: no such window: target window already closed\n   from unknown error: web view not found\n     (Session info: chrome=107.0.5304.87)\n   Stacktrace:\n   0   chromedriver                        0x00000001008a6f44 chromedriver + 3813188\n   1   chromedriver                        0x0000000100838ae0 chromedriver + 3361504\n   2   chromedriver                        0x000000010053cc5c chromedriver + 232540\n   3   chromedriver                        0x000000010051f71c chromedriver + 112412\n   4   chromedriver                        0x000000010058aebc chromedriver + 552636\n   5   chromedriver                        0x000000010059b638 chromedriver + 620088\n   6   chromedriver                        0x0000000100563358 chromedriver + 389976\n   7   chromedriver                        0x0000000100564284 chromedriver + 393860\n   8   chromedriver                        0x000000010087ae18 chromedriver + 3632664\n   9   chromedriver                        0x000000010087e97c chromedriver + 3647868\n   10  chromedriver                        0x0000000100884b58 chromedriver + 3672920\n   11  chromedriver                        0x000000010087f350 chromedriver + 3650384\n   12  chromedriver                        0x000000010085c8dc chromedriver + 3508444\n   13  chromedriver                        0x0000000100899914 chromedriver + 3758356\n   14  chromedriver                        0x0000000100899a78 chromedriver + 3758712\n   15  chromedriver                        0x00000001008ad6cc chromedriver + 3839692\n   16  libsystem_pthread.dylib             0x00000001836fe06c _pthread_start + 148\n   17  libsystem_pthread.dylib             0x00000001836f8e2c thread_start + 8\n", "test_name": "test_13_input_keperluan_tambah", "rerun": "0"}, "13": {"status": "FAIL", "message": "   selenium.common.exceptions.NoSuchWindowException: Message: no such window: target window already closed\n   from unknown error: web view not found\n     (Session info: chrome=107.0.5304.87)\n   Stacktrace:\n   0   chromedriver                        0x00000001008a6f44 chromedriver + 3813188\n   1   chromedriver                        0x0000000100838ae0 chromedriver + 3361504\n   2   chromedriver                        0x000000010053cc5c chromedriver + 232540\n   3   chromedriver                        0x000000010051f71c chromedriver + 112412\n   4   chromedriver                        0x000000010058aebc chromedriver + 552636\n   5   chromedriver                        0x000000010059b638 chromedriver + 620088\n   6   chromedriver                        0x0000000100563358 chromedriver + 389976\n   7   chromedriver                        0x0000000100564284 chromedriver + 393860\n   8   chromedriver                        0x000000010087ae18 chromedriver + 3632664\n   9   chromedriver                        0x000000010087e97c chromedriver + 3647868\n   10  chromedriver                        0x0000000100884b58 chromedriver + 3672920\n   11  chromedriver                        0x000000010087f350 chromedriver + 3650384\n   12  chromedriver                        0x000000010085c8dc chromedriver + 3508444\n   13  chromedriver                        0x0000000100899914 chromedriver + 3758356\n   14  chromedriver                        0x0000000100899a78 chromedriver + 3758712\n   15  chromedriver                        0x00000001008ad6cc chromedriver + 3839692\n   16  libsystem_pthread.dylib             0x00000001836fe06c _pthread_start + 148\n   17  libsystem_pthread.dylib             0x00000001836f8e2c thread_start + 8\n", "test_name": "test_14_buttonnew_tambah", "rerun": "0"}, "14": {"status": "FAIL", "message": "   selenium.common.exceptions.NoSuchWindowException: Message: no such window: target window already closed\n   from unknown error: web view not found\n     (Session info: chrome=107.0.5304.87)\n   Stacktrace:\n   0   chromedriver                        0x00000001008a6f44 chromedriver + 3813188\n   1   chromedriver                        0x0000000100838ae0 chromedriver + 3361504\n   2   chromedriver                        0x000000010053cc5c chromedriver + 232540\n   3   chromedriver                        0x000000010051f71c chromedriver + 112412\n   4   chromedriver                        0x000000010058aebc chromedriver + 552636\n   5   chromedriver                        0x000000010059b638 chromedriver + 620088\n   6   chromedriver                        0x0000000100563358 chromedriver + 389976\n   7   chromedriver                        0x0000000100564284 chromedriver + 393860\n   8   chromedriver                        0x000000010087ae18 chromedriver + 3632664\n   9   chromedriver                        0x000000010087e97c chromedriver + 3647868\n   10  chromedriver                        0x0000000100884b58 chromedriver + 3672920\n   11  chromedriver                        0x000000010087f350 chromedriver + 3650384\n   12  chromedriver                        0x000000010085c8dc chromedriver + 3508444\n   13  chromedriver                        0x0000000100899914 chromedriver + 3758356\n   14  chromedriver                        0x0000000100899a78 chromedriver + 3758712\n   15  chromedriver                        0x00000001008ad6cc chromedriver + 3839692\n   16  libsystem_pthread.dylib             0x00000001836fe06c _pthread_start + 148\n   17  libsystem_pthread.dylib             0x00000001836f8e2c thread_start + 8\n", "test_name": "test_15_kunjungansearch_tambah", "rerun": "0"}}, "suite_name": "test_2Fungsi_P2U_Tambah.py"}}}, "date": "November 04, 2022", "start_time": 1667546841.3547509, "total_suite": 1, "status": "FAIL", "status_list": {"pass": "2", "fail": "13", "skip": "0", "error": "0", "xpass": "0", "xfail": "0", "rerun": "0"}, "total_tests": "15"}