{"content": {"suites": {"0": {"status": {"total_pass": 19, "total_skip": 0, "total_xpass": 0, "total_xfail": 0, "total_rerun": 0, "total_fail": 3, "total_error": 0}, "tests": {"0": {"status": "PASS", "message": "", "test_name": "test_1_setupOS", "rerun": "0"}, "1": {"status": "PASS", "message": "", "test_name": "test_2_login", "rerun": "0"}, "2": {"status": "PASS", "message": "", "test_name": "test_3_akses_menu_index", "rerun": "0"}, "3": {"status": "PASS", "message": "", "test_name": "test_4_membuka_halaman_tambah", "rerun": "0"}, "4": {"status": "PASS", "message": "", "test_name": "test_5_kategori_Pegawai_tambah", "rerun": "0"}, "5": {"status": "PASS", "message": "", "test_name": "test_6_NamaSearch_Pegawai_tambah", "rerun": "0"}, "6": {"status": "PASS", "message": "", "test_name": "test_7_button_tambah", "rerun": "0"}, "7": {"status": "PASS", "message": "", "test_name": "test_8_membuka_halaman_tambah", "rerun": "0"}, "8": {"status": "FAIL", "message": "   selenium.common.exceptions.NoSuchElementException: Message: no such element: Unable to locate element: {\"method\":\"xpath\",\"selector\":\"//*[@id=\"searchOption0\"]/div/div/table/tbody/tr[2]/td[1]\"}\n     (Session info: chrome=107.0.5304.87)\n   Stacktrace:\n   0   chromedriver                        0x000000010489ef44 chromedriver + 3813188\n   1   chromedriver                        0x0000000104830ae0 chromedriver + 3361504\n   2   chromedriver                        0x0000000104534c5c chromedriver + 232540\n   3   chromedriver                        0x0000000104566380 chromedriver + 435072\n   4   chromedriver                        0x0000000104593f44 chromedriver + 622404\n   5   chromedriver                        0x000000010455b358 chromedriver + 389976\n   6   chromedriver                        0x000000010455c284 chromedriver + 393860\n   7   chromedriver                        0x0000000104872e18 chromedriver + 3632664\n   8   chromedriver                        0x000000010487697c chromedriver + 3647868\n   9   chromedriver                        0x000000010487cb58 chromedriver + 3672920\n   10  chromedriver                        0x0000000104877350 chromedriver + 3650384\n   11  chromedriver                        0x00000001048548dc chromedriver + 3508444\n   12  chromedriver                        0x0000000104891914 chromedriver + 3758356\n   13  chromedriver                        0x0000000104891a78 chromedriver + 3758712\n   14  chromedriver                        0x00000001048a56cc chromedriver + 3839692\n   15  libsystem_pthread.dylib             0x000000019bf2606c _pthread_start + 148\n   16  libsystem_pthread.dylib             0x000000019bf20e2c thread_start + 8\n", "test_name": "test_9_NipSearch_tambah", "rerun": "0"}, "9": {"status": "PASS", "message": "", "test_name": "test_10_input_nip_tambah", "rerun": "0"}, "10": {"status": "PASS", "message": "", "test_name": "test_11_input_namaLengkap_tambah", "rerun": "0"}, "11": {"status": "PASS", "message": "", "test_name": "test_12_input_Jabatan_tambah", "rerun": "0"}, "12": {"status": "PASS", "message": "", "test_name": "test_13_input_keperluan_tambah", "rerun": "0"}, "13": {"status": "PASS", "message": "", "test_name": "test_15_Button_Tambah_to_TamuDinassearch_tambah", "rerun": "0"}, "14": {"status": "PASS", "message": "", "test_name": "test_16_kategori_TamuDinasNAMA_tambah", "rerun": "0"}, "15": {"status": "FAIL", "message": "   selenium.common.exceptions.TimeoutException: Message: \n   Stacktrace:\n   0   chromedriver                        0x000000010489ef44 chromedriver + 3813188\n   1   chromedriver                        0x0000000104830ae0 chromedriver + 3361504\n   2   chromedriver                        0x0000000104534c5c chromedriver + 232540\n   3   chromedriver                        0x0000000104566380 chromedriver + 435072\n   4   chromedriver                        0x0000000104593f44 chromedriver + 622404\n   5   chromedriver                        0x000000010455b358 chromedriver + 389976\n   6   chromedriver                        0x000000010455c284 chromedriver + 393860\n   7   chromedriver                        0x0000000104872e18 chromedriver + 3632664\n   8   chromedriver                        0x000000010487697c chromedriver + 3647868\n   9   chromedriver                        0x000000010487cb58 chromedriver + 3672920\n   10  chromedriver                        0x0000000104877350 chromedriver + 3650384\n   11  chromedriver                        0x00000001048548dc chromedriver + 3508444\n   12  chromedriver                        0x0000000104891914 chromedriver + 3758356\n   13  chromedriver                        0x0000000104891a78 chromedriver + 3758712\n   14  chromedriver                        0x00000001048a56cc chromedriver + 3839692\n   15  libsystem_pthread.dylib             0x000000019bf2606c _pthread_start + 148\n   16  libsystem_pthread.dylib             0x000000019bf20e2c thread_start + 8\n", "test_name": "test_17_NamaSearch_TamuDinasNIP_tambah", "rerun": "0"}, "16": {"status": "PASS", "message": "", "test_name": "test_18_NamaSearch_TamuDinasNIP_tambah", "rerun": "0"}, "17": {"status": "PASS", "message": "", "test_name": "test_19_input_nip_tamuDinas_tambah", "rerun": "0"}, "18": {"status": "PASS", "message": "", "test_name": "test_20_input_nip_tamuDinas_tambah", "rerun": "0"}, "19": {"status": "PASS", "message": "", "test_name": "test_21_Instansi_TamuDinasNIP_tambah", "rerun": "0"}, "20": {"status": "PASS", "message": "", "test_name": "test_21_input_nip_tamuDinas_tambah", "rerun": "0"}, "21": {"status": "FAIL", "message": "   selenium.common.exceptions.TimeoutException: Message: \n   Stacktrace:\n   0   chromedriver                        0x000000010489ef44 chromedriver + 3813188\n   1   chromedriver                        0x0000000104830ae0 chromedriver + 3361504\n   2   chromedriver                        0x0000000104534c5c chromedriver + 232540\n   3   chromedriver                        0x0000000104566380 chromedriver + 435072\n   4   chromedriver                        0x0000000104593f44 chromedriver + 622404\n   5   chromedriver                        0x000000010455b358 chromedriver + 389976\n   6   chromedriver                        0x000000010455c284 chromedriver + 393860\n   7   chromedriver                        0x0000000104872e18 chromedriver + 3632664\n   8   chromedriver                        0x000000010487697c chromedriver + 3647868\n   9   chromedriver                        0x000000010487cb58 chromedriver + 3672920\n   10  chromedriver                        0x0000000104877350 chromedriver + 3650384\n   11  chromedriver                        0x00000001048548dc chromedriver + 3508444\n   12  chromedriver                        0x0000000104891914 chromedriver + 3758356\n   13  chromedriver                        0x0000000104891a78 chromedriver + 3758712\n   14  chromedriver                        0x00000001048a56cc chromedriver + 3839692\n   15  libsystem_pthread.dylib             0x000000019bf2606c _pthread_start + 148\n   16  libsystem_pthread.dylib             0x000000019bf20e2c thread_start + 8\n", "test_name": "test_22_input_nip_tamuDinas_tambah", "rerun": "0"}}, "suite_name": "test_2Fungsi_P2U_Tambah.py"}}}, "date": "November 07, 2022", "start_time": 1667789981.579102, "total_suite": 1, "status": "FAIL", "status_list": {"pass": "19", "fail": "3", "skip": "0", "error": "0", "xpass": "0", "xfail": "0", "rerun": "0"}, "total_tests": "22"}