{"content": {"suites": {"0": {"status": {"total_pass": 10, "total_skip": 0, "total_xpass": 0, "total_xfail": 0, "total_rerun": 0, "total_fail": 5, "total_error": 0}, "tests": {"0": {"status": "PASS", "message": "", "test_name": "test_1_setupOS", "rerun": "0"}, "1": {"status": "PASS", "message": "", "test_name": "test_2_login", "rerun": "0"}, "2": {"status": "PASS", "message": "", "test_name": "test_3_akses_menu_index", "rerun": "0"}, "3": {"status": "PASS", "message": "", "test_name": "test_4_membuka_halaman_tambah_index", "rerun": "0"}, "4": {"status": "PASS", "message": "", "test_name": "test_5_Button_Next_Prev", "rerun": "0"}, "5": {"status": "PASS", "message": "", "test_name": "test_6_sortir_table_cari_noreg_cari_identitas", "rerun": "0"}, "6": {"status": "PASS", "message": "", "test_name": "test_7_sortir_table_cari_nama_cari_identitas", "rerun": "0"}, "7": {"status": "PASS", "message": "", "test_name": "test_8_sortir_table_cari_JenisKejahatan_cari_identitas", "rerun": "0"}, "8": {"status": "PASS", "message": "", "test_name": "test_9_search_data_aktif_cari_identitas", "rerun": "0"}, "9": {"status": "PASS", "message": "", "test_name": "test_10_search_residivis_cari_identitas", "rerun": "0"}, "10": {"status": "FAIL", "message": "   selenium.common.exceptions.InvalidSelectorException: Message: invalid selector: Unable to locate an element with the xpath expression  because of the following error:\n   SyntaxError: Failed to execute 'evaluate' on 'Document': The string '' is not a valid XPath expression.\n     (Session info: chrome=107.0.5304.87)\n   Stacktrace:\n   0   chromedriver                        0x00000001032eaa88 chromedriver + 4123272\n   1   chromedriver                        0x0000000103276778 chromedriver + 3647352\n   2   chromedriver                        0x0000000102f38ac4 chromedriver + 248516\n   3   chromedriver                        0x0000000102f3bc80 chromedriver + 261248\n   4   chromedriver                        0x0000000102f3baa4 chromedriver + 260772\n   5   chromedriver                        0x0000000102f3bd4c chromedriver + 261452\n   6   chromedriver                        0x0000000102f6ecec chromedriver + 470252\n   7   chromedriver                        0x0000000102fa1020 chromedriver + 675872\n   8   chromedriver                        0x0000000102f62b10 chromedriver + 420624\n   9   chromedriver                        0x0000000102f63c30 chromedriver + 425008\n   10  chromedriver                        0x00000001032bcae4 chromedriver + 3934948\n   11  chromedriver                        0x00000001032bff24 chromedriver + 3948324\n   12  chromedriver                        0x00000001032c0508 chromedriver + 3949832\n   13  chromedriver                        0x00000001032c6b30 chromedriver + 3975984\n   14  chromedriver                        0x00000001032c0b24 chromedriver + 3951396\n   15  chromedriver                        0x000000010329b71c chromedriver + 3798812\n   16  chromedriver                        0x00000001032dd2f0 chromedriver + 4068080\n   17  chromedriver                        0x00000001032dd444 chromedriver + 4068420\n   18  chromedriver                        0x00000001032f1450 chromedriver + 4150352\n   19  libsystem_pthread.dylib             0x00000001a53e206c _pthread_start + 148\n   20  libsystem_pthread.dylib             0x00000001a53dce2c thread_start + 8\n", "test_name": "test_12_sortir_5_Halaman_Index", "rerun": "0"}, "11": {"status": "FAIL", "message": "   selenium.common.exceptions.InvalidSelectorException: Message: invalid selector: Unable to locate an element with the xpath expression  because of the following error:\n   SyntaxError: Failed to execute 'evaluate' on 'Document': The string '' is not a valid XPath expression.\n     (Session info: chrome=107.0.5304.87)\n   Stacktrace:\n   0   chromedriver                        0x00000001032eaa88 chromedriver + 4123272\n   1   chromedriver                        0x0000000103276778 chromedriver + 3647352\n   2   chromedriver                        0x0000000102f38ac4 chromedriver + 248516\n   3   chromedriver                        0x0000000102f3bc80 chromedriver + 261248\n   4   chromedriver                        0x0000000102f3baa4 chromedriver + 260772\n   5   chromedriver                        0x0000000102f3bd4c chromedriver + 261452\n   6   chromedriver                        0x0000000102f6ecec chromedriver + 470252\n   7   chromedriver                        0x0000000102fa1020 chromedriver + 675872\n   8   chromedriver                        0x0000000102f62b10 chromedriver + 420624\n   9   chromedriver                        0x0000000102f63c30 chromedriver + 425008\n   10  chromedriver                        0x00000001032bcae4 chromedriver + 3934948\n   11  chromedriver                        0x00000001032bff24 chromedriver + 3948324\n   12  chromedriver                        0x00000001032c0508 chromedriver + 3949832\n   13  chromedriver                        0x00000001032c6b30 chromedriver + 3975984\n   14  chromedriver                        0x00000001032c0b24 chromedriver + 3951396\n   15  chromedriver                        0x000000010329b71c chromedriver + 3798812\n   16  chromedriver                        0x00000001032dd2f0 chromedriver + 4068080\n   17  chromedriver                        0x00000001032dd444 chromedriver + 4068420\n   18  chromedriver                        0x00000001032f1450 chromedriver + 4150352\n   19  libsystem_pthread.dylib             0x00000001a53e206c _pthread_start + 148\n   20  libsystem_pthread.dylib             0x00000001a53dce2c thread_start + 8\n", "test_name": "test_13_sortir_10_Halaman_Index", "rerun": "0"}, "12": {"status": "FAIL", "message": "   selenium.common.exceptions.InvalidSelectorException: Message: invalid selector: Unable to locate an element with the xpath expression  because of the following error:\n   SyntaxError: Failed to execute 'evaluate' on 'Document': The string '' is not a valid XPath expression.\n     (Session info: chrome=107.0.5304.87)\n   Stacktrace:\n   0   chromedriver                        0x00000001032eaa88 chromedriver + 4123272\n   1   chromedriver                        0x0000000103276778 chromedriver + 3647352\n   2   chromedriver                        0x0000000102f38ac4 chromedriver + 248516\n   3   chromedriver                        0x0000000102f3bc80 chromedriver + 261248\n   4   chromedriver                        0x0000000102f3baa4 chromedriver + 260772\n   5   chromedriver                        0x0000000102f3bd4c chromedriver + 261452\n   6   chromedriver                        0x0000000102f6ecec chromedriver + 470252\n   7   chromedriver                        0x0000000102fa1020 chromedriver + 675872\n   8   chromedriver                        0x0000000102f62b10 chromedriver + 420624\n   9   chromedriver                        0x0000000102f63c30 chromedriver + 425008\n   10  chromedriver                        0x00000001032bcae4 chromedriver + 3934948\n   11  chromedriver                        0x00000001032bff24 chromedriver + 3948324\n   12  chromedriver                        0x00000001032c0508 chromedriver + 3949832\n   13  chromedriver                        0x00000001032c6b30 chromedriver + 3975984\n   14  chromedriver                        0x00000001032c0b24 chromedriver + 3951396\n   15  chromedriver                        0x000000010329b71c chromedriver + 3798812\n   16  chromedriver                        0x00000001032dd2f0 chromedriver + 4068080\n   17  chromedriver                        0x00000001032dd444 chromedriver + 4068420\n   18  chromedriver                        0x00000001032f1450 chromedriver + 4150352\n   19  libsystem_pthread.dylib             0x00000001a53e206c _pthread_start + 148\n   20  libsystem_pthread.dylib             0x00000001a53dce2c thread_start + 8\n", "test_name": "test_14_sortir_20_Halaman_Index", "rerun": "0"}, "13": {"status": "FAIL", "message": "   selenium.common.exceptions.InvalidSelectorException: Message: invalid selector: Unable to locate an element with the xpath expression  because of the following error:\n   SyntaxError: Failed to execute 'evaluate' on 'Document': The string '' is not a valid XPath expression.\n     (Session info: chrome=107.0.5304.87)\n   Stacktrace:\n   0   chromedriver                        0x00000001032eaa88 chromedriver + 4123272\n   1   chromedriver                        0x0000000103276778 chromedriver + 3647352\n   2   chromedriver                        0x0000000102f38ac4 chromedriver + 248516\n   3   chromedriver                        0x0000000102f3bc80 chromedriver + 261248\n   4   chromedriver                        0x0000000102f3baa4 chromedriver + 260772\n   5   chromedriver                        0x0000000102f3bd4c chromedriver + 261452\n   6   chromedriver                        0x0000000102f6ecec chromedriver + 470252\n   7   chromedriver                        0x0000000102fa1020 chromedriver + 675872\n   8   chromedriver                        0x0000000102f62b10 chromedriver + 420624\n   9   chromedriver                        0x0000000102f63c30 chromedriver + 425008\n   10  chromedriver                        0x00000001032bcae4 chromedriver + 3934948\n   11  chromedriver                        0x00000001032bff24 chromedriver + 3948324\n   12  chromedriver                        0x00000001032c0508 chromedriver + 3949832\n   13  chromedriver                        0x00000001032c6b30 chromedriver + 3975984\n   14  chromedriver                        0x00000001032c0b24 chromedriver + 3951396\n   15  chromedriver                        0x000000010329b71c chromedriver + 3798812\n   16  chromedriver                        0x00000001032dd2f0 chromedriver + 4068080\n   17  chromedriver                        0x00000001032dd444 chromedriver + 4068420\n   18  chromedriver                        0x00000001032f1450 chromedriver + 4150352\n   19  libsystem_pthread.dylib             0x00000001a53e206c _pthread_start + 148\n   20  libsystem_pthread.dylib             0x00000001a53dce2c thread_start + 8\n", "test_name": "test_15_sortir_50_Halaman_Index", "rerun": "0"}, "14": {"status": "FAIL", "message": "   selenium.common.exceptions.InvalidSelectorException: Message: invalid selector: Unable to locate an element with the xpath expression  because of the following error:\n   SyntaxError: Failed to execute 'evaluate' on 'Document': The string '' is not a valid XPath expression.\n     (Session info: chrome=107.0.5304.87)\n   Stacktrace:\n   0   chromedriver                        0x00000001032eaa88 chromedriver + 4123272\n   1   chromedriver                        0x0000000103276778 chromedriver + 3647352\n   2   chromedriver                        0x0000000102f38ac4 chromedriver + 248516\n   3   chromedriver                        0x0000000102f3bc80 chromedriver + 261248\n   4   chromedriver                        0x0000000102f3baa4 chromedriver + 260772\n   5   chromedriver                        0x0000000102f3bd4c chromedriver + 261452\n   6   chromedriver                        0x0000000102f6ecec chromedriver + 470252\n   7   chromedriver                        0x0000000102fa1020 chromedriver + 675872\n   8   chromedriver                        0x0000000102f62b10 chromedriver + 420624\n   9   chromedriver                        0x0000000102f63c30 chromedriver + 425008\n   10  chromedriver                        0x00000001032bcae4 chromedriver + 3934948\n   11  chromedriver                        0x00000001032bff24 chromedriver + 3948324\n   12  chromedriver                        0x00000001032c0508 chromedriver + 3949832\n   13  chromedriver                        0x00000001032c6b30 chromedriver + 3975984\n   14  chromedriver                        0x00000001032c0b24 chromedriver + 3951396\n   15  chromedriver                        0x000000010329b71c chromedriver + 3798812\n   16  chromedriver                        0x00000001032dd2f0 chromedriver + 4068080\n   17  chromedriver                        0x00000001032dd444 chromedriver + 4068420\n   18  chromedriver                        0x00000001032f1450 chromedriver + 4150352\n   19  libsystem_pthread.dylib             0x00000001a53e206c _pthread_start + 148\n   20  libsystem_pthread.dylib             0x00000001a53dce2c thread_start + 8\n", "test_name": "test_16_sortir_100_Halaman_Index", "rerun": "0"}}, "suite_name": "test_2Fungsi_Daftar_Lalu_Lintas_Cari_Identitas.py"}}}, "date": "November 08, 2022", "start_time": 1667844419.46887, "total_suite": 1, "status": "FAIL", "status_list": {"pass": "10", "fail": "5", "skip": "0", "error": "0", "xpass": "0", "xfail": "0", "rerun": "0"}, "total_tests": "15"}