{"content": {"suites": {"0": {"status": {"total_pass": 3, "total_skip": 0, "total_xpass": 0, "total_xfail": 0, "total_rerun": 0, "total_fail": 6, "total_error": 0}, "tests": {"0": {"status": "PASS", "message": "", "test_name": "test1_OpKegiatanPelatihan_SetupOs", "rerun": "0"}, "1": {"status": "PASS", "message": "", "test_name": "test_TC_KTR_001", "rerun": "0"}, "2": {"status": "PASS", "message": "", "test_name": "test_TC_KTR_002", "rerun": "0"}, "3": {"status": "FAIL", "message": "   selenium.common.exceptions.TimeoutException: Message: \n   Stacktrace:\n   0   chromedriver                        0x000000010278fae8 chromedriver + 4958952\n   1   chromedriver                        0x00000001027877b3 chromedriver + 4925363\n   2   chromedriver                        0x00000001023491d6 chromedriver + 475606\n   3   chromedriver                        0x000000010238ca20 chromedriver + 752160\n   4   chromedriver                        0x000000010238cc81 chromedriver + 752769\n   5   chromedriver                        0x00000001023d0f64 chromedriver + 1032036\n   6   chromedriver                        0x00000001023b2c3d chromedriver + 908349\n   7   chromedriver                        0x00000001023ce25b chromedriver + 1020507\n   8   chromedriver                        0x00000001023b29e3 chromedriver + 907747\n   9   chromedriver                        0x000000010237caef chromedriver + 686831\n   10  chromedriver                        0x000000010237e00e chromedriver + 692238\n   11  chromedriver                        0x000000010274b9ad chromedriver + 4680109\n   12  chromedriver                        0x0000000102750c12 chromedriver + 4701202\n   13  chromedriver                        0x000000010275779f chromedriver + 4728735\n   14  chromedriver                        0x0000000102751b7a chromedriver + 4705146\n   15  chromedriver                        0x000000010272427e chromedriver + 4518526\n   16  chromedriver                        0x0000000102771908 chromedriver + 4835592\n   17  chromedriver                        0x0000000102771a87 chromedriver + 4835975\n   18  chromedriver                        0x000000010278100f chromedriver + 4898831\n   19  libsystem_pthread.dylib             0x00007ff8019e71d3 _pthread_start + 125\n   20  libsystem_pthread.dylib             0x00007ff8019e2bd3 thread_start + 15\n", "test_name": "test_TC_KTR_003", "rerun": "0"}, "4": {"status": "FAIL", "message": "   AttributeError: 'NoneType' object has no attribute 'is_displayed'\n", "test_name": "test_TC_KTR_004", "rerun": "0"}, "5": {"status": "FAIL", "message": "   selenium.common.exceptions.NoSuchWindowException: Message: no such window: target window already closed\n   from unknown error: web view not found\n     (Session info: chrome=113.0.5672.63)\n   Stacktrace:\n   0   chromedriver                        0x000000010278fae8 chromedriver + 4958952\n   1   chromedriver                        0x00000001027877b3 chromedriver + 4925363\n   2   chromedriver                        0x00000001023491d6 chromedriver + 475606\n   3   chromedriver                        0x000000010231ecec chromedriver + 302316\n   4   chromedriver                        0x00000001023b7f2f chromedriver + 929583\n   5   chromedriver                        0x00000001023cd926 chromedriver + 1018150\n   6   chromedriver                        0x00000001023b29e3 chromedriver + 907747\n   7   chromedriver                        0x000000010237caef chromedriver + 686831\n   8   chromedriver                        0x000000010237e00e chromedriver + 692238\n   9   chromedriver                        0x000000010274b9ad chromedriver + 4680109\n   10  chromedriver                        0x0000000102750c12 chromedriver + 4701202\n   11  chromedriver                        0x000000010275779f chromedriver + 4728735\n   12  chromedriver                        0x0000000102751b7a chromedriver + 4705146\n   13  chromedriver                        0x000000010272427e chromedriver + 4518526\n   14  chromedriver                        0x0000000102771908 chromedriver + 4835592\n   15  chromedriver                        0x0000000102771a87 chromedriver + 4835975\n   16  chromedriver                        0x000000010278100f chromedriver + 4898831\n   17  libsystem_pthread.dylib             0x00007ff8019e71d3 _pthread_start + 125\n   18  libsystem_pthread.dylib             0x00007ff8019e2bd3 thread_start + 15\n", "test_name": "test_TC_KTR_005", "rerun": "0"}, "6": {"status": "FAIL", "message": "   selenium.common.exceptions.NoSuchWindowException: Message: no such window: target window already closed\n   from unknown error: web view not found\n     (Session info: chrome=113.0.5672.63)\n   Stacktrace:\n   0   chromedriver                        0x000000010278fae8 chromedriver + 4958952\n   1   chromedriver                        0x00000001027877b3 chromedriver + 4925363\n   2   chromedriver                        0x00000001023491d6 chromedriver + 475606\n   3   chromedriver                        0x000000010231ecec chromedriver + 302316\n   4   chromedriver                        0x00000001023b7f2f chromedriver + 929583\n   5   chromedriver                        0x00000001023cd926 chromedriver + 1018150\n   6   chromedriver                        0x00000001023b29e3 chromedriver + 907747\n   7   chromedriver                        0x000000010237caef chromedriver + 686831\n   8   chromedriver                        0x000000010237e00e chromedriver + 692238\n   9   chromedriver                        0x000000010274b9ad chromedriver + 4680109\n   10  chromedriver                        0x0000000102750c12 chromedriver + 4701202\n   11  chromedriver                        0x000000010275779f chromedriver + 4728735\n   12  chromedriver                        0x0000000102751b7a chromedriver + 4705146\n   13  chromedriver                        0x000000010272427e chromedriver + 4518526\n   14  chromedriver                        0x0000000102771908 chromedriver + 4835592\n   15  chromedriver                        0x0000000102771a87 chromedriver + 4835975\n   16  chromedriver                        0x000000010278100f chromedriver + 4898831\n   17  libsystem_pthread.dylib             0x00007ff8019e71d3 _pthread_start + 125\n   18  libsystem_pthread.dylib             0x00007ff8019e2bd3 thread_start + 15\n", "test_name": "test_TC_KTR_006", "rerun": "0"}, "7": {"status": "FAIL", "message": "   selenium.common.exceptions.NoSuchWindowException: Message: no such window: target window already closed\n   from unknown error: web view not found\n     (Session info: chrome=113.0.5672.63)\n   Stacktrace:\n   0   chromedriver                        0x000000010278fae8 chromedriver + 4958952\n   1   chromedriver                        0x00000001027877b3 chromedriver + 4925363\n   2   chromedriver                        0x00000001023491d6 chromedriver + 475606\n   3   chromedriver                        0x000000010231ecec chromedriver + 302316\n   4   chromedriver                        0x00000001023b7f2f chromedriver + 929583\n   5   chromedriver                        0x00000001023cd926 chromedriver + 1018150\n   6   chromedriver                        0x00000001023b29e3 chromedriver + 907747\n   7   chromedriver                        0x000000010237caef chromedriver + 686831\n   8   chromedriver                        0x000000010237e00e chromedriver + 692238\n   9   chromedriver                        0x000000010274b9ad chromedriver + 4680109\n   10  chromedriver                        0x0000000102750c12 chromedriver + 4701202\n   11  chromedriver                        0x000000010275779f chromedriver + 4728735\n   12  chromedriver                        0x0000000102751b7a chromedriver + 4705146\n   13  chromedriver                        0x000000010272427e chromedriver + 4518526\n   14  chromedriver                        0x0000000102771908 chromedriver + 4835592\n   15  chromedriver                        0x0000000102771a87 chromedriver + 4835975\n   16  chromedriver                        0x000000010278100f chromedriver + 4898831\n   17  libsystem_pthread.dylib             0x00007ff8019e71d3 _pthread_start + 125\n   18  libsystem_pthread.dylib             0x00007ff8019e2bd3 thread_start + 15\n", "test_name": "test_TC_KTR_007", "rerun": "0"}, "8": {"status": "FAIL", "message": "   selenium.common.exceptions.NoSuchWindowException: Message: no such window: target window already closed\n   from unknown error: web view not found\n     (Session info: chrome=113.0.5672.63)\n   Stacktrace:\n   0   chromedriver                        0x000000010278fae8 chromedriver + 4958952\n   1   chromedriver                        0x00000001027877b3 chromedriver + 4925363\n   2   chromedriver                        0x00000001023491d6 chromedriver + 475606\n   3   chromedriver                        0x000000010231ecec chromedriver + 302316\n   4   chromedriver                        0x00000001023b7f2f chromedriver + 929583\n   5   chromedriver                        0x00000001023bec7c chromedriver + 957564\n   6   chromedriver                        0x00000001023b2bd8 chromedriver + 908248\n   7   chromedriver                        0x000000010237caef chromedriver + 686831\n   8   chromedriver                        0x000000010237e00e chromedriver + 692238\n   9   chromedriver                        0x000000010274b9ad chromedriver + 4680109\n   10  chromedriver                        0x0000000102750c12 chromedriver + 4701202\n   11  chromedriver                        0x000000010275779f chromedriver + 4728735\n   12  chromedriver                        0x0000000102751b7a chromedriver + 4705146\n   13  chromedriver                        0x000000010272427e chromedriver + 4518526\n   14  chromedriver                        0x0000000102771908 chromedriver + 4835592\n   15  chromedriver                        0x0000000102771a87 chromedriver + 4835975\n   16  chromedriver                        0x000000010278100f chromedriver + 4898831\n   17  libsystem_pthread.dylib             0x00007ff8019e71d3 _pthread_start + 125\n   18  libsystem_pthread.dylib             0x00007ff8019e2bd3 thread_start + 15\n", "test_name": "test1_exit_OpKegiatanPelatihan", "rerun": "0"}}, "suite_name": "KETERAMPILAN/Fungsional/test_1_OpKegiatanPelatihan.py"}, "1": {"suite_name": "KETERAMPILAN/Fungsional/test_2_KasieVerifikasiPesertaKegiatan.py", "tests": {"0": {"status": "PASS", "message": "", "test_name": "test2_KasieVerifikasiPesertaKegiatan_SetupOs", "rerun": "0"}, "1": {"status": "PASS", "message": "", "test_name": "test_TC_KTR_008", "rerun": "0"}, "2": {"status": "FAIL", "message": "       AttributeError: move_to requires a WebElement\n", "test_name": "test_TC_KTR_009", "rerun": "0"}, "3": {"status": "FAIL", "message": "   selenium.common.exceptions.NoSuchWindowException: Message: no such window: target window already closed\n   from unknown error: web view not found\n     (Session info: chrome=113.0.5672.63)\n   Stacktrace:\n   0   chromedriver                        0x0000000103000ae8 chromedriver + 4958952\n   1   chromedriver                        0x0000000102ff87b3 chromedriver + 4925363\n   2   chromedriver                        0x0000000102bba1d6 chromedriver + 475606\n   3   chromedriver                        0x0000000102b8fcec chromedriver + 302316\n   4   chromedriver                        0x0000000102c28f2f chromedriver + 929583\n   5   chromedriver                        0x0000000102c3e926 chromedriver + 1018150\n   6   chromedriver                        0x0000000102c239e3 chromedriver + 907747\n   7   chromedriver                        0x0000000102bedaef chromedriver + 686831\n   8   chromedriver                        0x0000000102bef00e chromedriver + 692238\n   9   chromedriver                        0x0000000102fbc9ad chromedriver + 4680109\n   10  chromedriver                        0x0000000102fc1c12 chromedriver + 4701202\n   11  chromedriver                        0x0000000102fc879f chromedriver + 4728735\n   12  chromedriver                        0x0000000102fc2b7a chromedriver + 4705146\n   13  chromedriver                        0x0000000102f9527e chromedriver + 4518526\n   14  chromedriver                        0x0000000102fe2908 chromedriver + 4835592\n   15  chromedriver                        0x0000000102fe2a87 chromedriver + 4835975\n   16  chromedriver                        0x0000000102ff200f chromedriver + 4898831\n   17  libsystem_pthread.dylib             0x00007ff8019e71d3 _pthread_start + 125\n   18  libsystem_pthread.dylib             0x00007ff8019e2bd3 thread_start + 15\n", "test_name": "test_TC_KTR_010", "rerun": "0"}, "4": {"status": "FAIL", "message": "   selenium.common.exceptions.NoSuchWindowException: Message: no such window: target window already closed\n   from unknown error: web view not found\n     (Session info: chrome=113.0.5672.63)\n   Stacktrace:\n   0   chromedriver                        0x0000000103000ae8 chromedriver + 4958952\n   1   chromedriver                        0x0000000102ff87b3 chromedriver + 4925363\n   2   chromedriver                        0x0000000102bba1d6 chromedriver + 475606\n   3   chromedriver                        0x0000000102b8fcec chromedriver + 302316\n   4   chromedriver                        0x0000000102c28f2f chromedriver + 929583\n   5   chromedriver                        0x0000000102c3e926 chromedriver + 1018150\n   6   chromedriver                        0x0000000102c239e3 chromedriver + 907747\n   7   chromedriver                        0x0000000102bedaef chromedriver + 686831\n   8   chromedriver                        0x0000000102bef00e chromedriver + 692238\n   9   chromedriver                        0x0000000102fbc9ad chromedriver + 4680109\n   10  chromedriver                        0x0000000102fc1c12 chromedriver + 4701202\n   11  chromedriver                        0x0000000102fc879f chromedriver + 4728735\n   12  chromedriver                        0x0000000102fc2b7a chromedriver + 4705146\n   13  chromedriver                        0x0000000102f9527e chromedriver + 4518526\n   14  chromedriver                        0x0000000102fe2908 chromedriver + 4835592\n   15  chromedriver                        0x0000000102fe2a87 chromedriver + 4835975\n   16  chromedriver                        0x0000000102ff200f chromedriver + 4898831\n   17  libsystem_pthread.dylib             0x00007ff8019e71d3 _pthread_start + 125\n   18  libsystem_pthread.dylib             0x00007ff8019e2bd3 thread_start + 15\n", "test_name": "test_TC_KTR_011", "rerun": "0"}, "5": {"status": "FAIL", "message": "   selenium.common.exceptions.NoSuchWindowException: Message: no such window: target window already closed\n   from unknown error: web view not found\n     (Session info: chrome=113.0.5672.63)\n   Stacktrace:\n   0   chromedriver                        0x0000000103000ae8 chromedriver + 4958952\n   1   chromedriver                        0x0000000102ff87b3 chromedriver + 4925363\n   2   chromedriver                        0x0000000102bba1d6 chromedriver + 475606\n   3   chromedriver                        0x0000000102b8fcec chromedriver + 302316\n   4   chromedriver                        0x0000000102c28f2f chromedriver + 929583\n   5   chromedriver                        0x0000000102c2fc7c chromedriver + 957564\n   6   chromedriver                        0x0000000102c23bd8 chromedriver + 908248\n   7   chromedriver                        0x0000000102bedaef chromedriver + 686831\n   8   chromedriver                        0x0000000102bef00e chromedriver + 692238\n   9   chromedriver                        0x0000000102fbc9ad chromedriver + 4680109\n   10  chromedriver                        0x0000000102fc1c12 chromedriver + 4701202\n   11  chromedriver                        0x0000000102fc879f chromedriver + 4728735\n   12  chromedriver                        0x0000000102fc2b7a chromedriver + 4705146\n   13  chromedriver                        0x0000000102f9527e chromedriver + 4518526\n   14  chromedriver                        0x0000000102fe2908 chromedriver + 4835592\n   15  chromedriver                        0x0000000102fe2a87 chromedriver + 4835975\n   16  chromedriver                        0x0000000102ff200f chromedriver + 4898831\n   17  libsystem_pthread.dylib             0x00007ff8019e71d3 _pthread_start + 125\n   18  libsystem_pthread.dylib             0x00007ff8019e2bd3 thread_start + 15\n", "test_name": "test_exit_KasieVerifikasiPesertaKegiatan", "rerun": "0"}}, "status": {"total_pass": 2, "total_skip": 0, "total_xpass": 0, "total_xfail": 0, "total_rerun": 0, "total_fail": 4, "total_error": 0}}, "2": {"suite_name": "KETERAMPILAN/Fungsional/test_3_KalapasOtorisasi.py", "tests": {"0": {"status": "FAIL", "message": "   selenium.common.exceptions.NoSuchWindowException: Message: no such window: target window already closed\n   from unknown error: web view not found\n     (Session info: chrome=113.0.5672.63)\n   Stacktrace:\n   0   chromedriver                        0x0000000104ee3ae8 chromedriver + 4958952\n   1   chromedriver                        0x0000000104edb7b3 chromedriver + 4925363\n   2   chromedriver                        0x0000000104a9d1d6 chromedriver + 475606\n   3   chromedriver                        0x0000000104a72cec chromedriver + 302316\n   4   chromedriver                        0x0000000104b0bf2f chromedriver + 929583\n   5   chromedriver                        0x0000000104b21926 chromedriver + 1018150\n   6   chromedriver                        0x0000000104b069e3 chromedriver + 907747\n   7   chromedriver                        0x0000000104ad0aef chromedriver + 686831\n   8   chromedriver                        0x0000000104ad200e chromedriver + 692238\n   9   chromedriver                        0x0000000104e9f9ad chromedriver + 4680109\n   10  chromedriver                        0x0000000104ea4c12 chromedriver + 4701202\n   11  chromedriver                        0x0000000104eab79f chromedriver + 4728735\n   12  chromedriver                        0x0000000104ea5b7a chromedriver + 4705146\n   13  chromedriver                        0x0000000104e7827e chromedriver + 4518526\n   14  chromedriver                        0x0000000104ec5908 chromedriver + 4835592\n   15  chromedriver                        0x0000000104ec5a87 chromedriver + 4835975\n   16  chromedriver                        0x0000000104ed500f chromedriver + 4898831\n   17  libsystem_pthread.dylib             0x00007ff8019e71d3 _pthread_start + 125\n   18  libsystem_pthread.dylib             0x00007ff8019e2bd3 thread_start + 15\n", "test_name": "test3_KalapasOtorisasi_SetupOs", "rerun": "0"}, "1": {"status": "FAIL", "message": "   NameError: name 'driver' is not defined\n", "test_name": "test_TC_KTR_012", "rerun": "0"}, "2": {"status": "FAIL", "message": "   NameError: name 'driver' is not defined\n", "test_name": "test_TC_KTR_013", "rerun": "0"}, "3": {"status": "FAIL", "message": "   NameError: name 'driver' is not defined\n", "test_name": "test_TC_KTR_014", "rerun": "0"}, "4": {"status": "FAIL", "message": "   NameError: name 'driver' is not defined\n", "test_name": "test_TC_KTR_015", "rerun": "0"}, "5": {"status": "FAIL", "message": "   NameError: name 'driver' is not defined\n", "test_name": "test3_exit_KalapasOtorisasi", "rerun": "0"}}, "status": {"total_pass": 0, "total_skip": 0, "total_xpass": 0, "total_xfail": 0, "total_rerun": 0, "total_fail": 6, "total_error": 0}}}}, "date": "May 05, 2023", "start_time": 1683263740.596281, "total_suite": 3, "status": "FAIL", "status_list": {"pass": "5", "fail": "16", "skip": "0", "error": "0", "xpass": "0", "xfail": "0", "rerun": "0"}, "total_tests": "21"}