{"content": {"suites": {"0": {"status": {"total_pass": 4, "total_skip": 0, "total_xpass": 0, "total_xfail": 0, "total_rerun": 0, "total_fail": 2, "total_error": 0}, "tests": {"0": {"status": "PASS", "message": "", "test_name": "test1_OpKegiatanPelatihan_SetupOs", "rerun": "0"}, "1": {"status": "PASS", "message": "", "test_name": "test_TC_KTR_001", "rerun": "0"}, "2": {"status": "PASS", "message": "", "test_name": "test_TC_KTR_002", "rerun": "0"}, "3": {"status": "PASS", "message": "", "test_name": "test_TC_KTR_003", "rerun": "0"}, "4": {"status": "FAIL", "message": "   selenium.common.exceptions.ElementClickInterceptedException: Message: element click intercepted: Element <button class=\"el-button is-plain border-2 text-light-blue-900 !hover:text-light-blue-600 border-light-blue-900 !hover:border-light-blue-600\" type=\"button\" id=\"backButton\">...</button> is not clickable at point (1577, 259). Other element would receive the click: <div class=\"el-loading-mask\" style=\"\">...</div>\n     (Session info: chrome=113.0.5672.92)\n   Stacktrace:\n   0   chromedriver                        0x0000000104ce3ae8 chromedriver + 4958952\n   1   chromedriver                        0x0000000104cdb7b3 chromedriver + 4925363\n   2   chromedriver                        0x000000010489d1d6 chromedriver + 475606\n   3   chromedriver                        0x00000001048ea321 chromedriver + 791329\n   4   chromedriver                        0x00000001048e736e chromedriver + 779118\n   5   chromedriver                        0x00000001048e3fd4 chromedriver + 765908\n   6   chromedriver                        0x00000001048e29af chromedriver + 760239\n   7   chromedriver                        0x00000001048d3283 chromedriver + 696963\n   8   chromedriver                        0x0000000104906c12 chromedriver + 908306\n   9   chromedriver                        0x00000001048d28f1 chromedriver + 694513\n   10  chromedriver                        0x0000000104906dce chromedriver + 908750\n   11  chromedriver                        0x000000010492225b chromedriver + 1020507\n   12  chromedriver                        0x00000001049069e3 chromedriver + 907747\n   13  chromedriver                        0x00000001048d0aef chromedriver + 686831\n   14  chromedriver                        0x00000001048d200e chromedriver + 692238\n   15  chromedriver                        0x0000000104c9f9ad chromedriver + 4680109\n   16  chromedriver                        0x0000000104ca4c12 chromedriver + 4701202\n   17  chromedriver                        0x0000000104cab79f chromedriver + 4728735\n   18  chromedriver                        0x0000000104ca5b7a chromedriver + 4705146\n   19  chromedriver                        0x0000000104c7827e chromedriver + 4518526\n   20  chromedriver                        0x0000000104cc5908 chromedriver + 4835592\n   21  chromedriver                        0x0000000104cc5a87 chromedriver + 4835975\n   22  chromedriver                        0x0000000104cd500f chromedriver + 4898831\n   23  libsystem_pthread.dylib             0x00007ff81202f1d3 _pthread_start + 125\n   24  libsystem_pthread.dylib             0x00007ff81202abd3 thread_start + 15\n", "test_name": "test_TC_KTR_004", "rerun": "0"}, "5": {"status": "FAIL", "message": "   selenium.common.exceptions.TimeoutException: Message: \n   Stacktrace:\n   0   chromedriver                        0x0000000104ce3ae8 chromedriver + 4958952\n   1   chromedriver                        0x0000000104cdb7b3 chromedriver + 4925363\n   2   chromedriver                        0x000000010489d1d6 chromedriver + 475606\n   3   chromedriver                        0x00000001048e0a20 chromedriver + 752160\n   4   chromedriver                        0x00000001048e0c81 chromedriver + 752769\n   5   chromedriver                        0x0000000104924f64 chromedriver + 1032036\n   6   chromedriver                        0x0000000104906c3d chromedriver + 908349\n   7   chromedriver                        0x000000010492225b chromedriver + 1020507\n   8   chromedriver                        0x00000001049069e3 chromedriver + 907747\n   9   chromedriver                        0x00000001048d0aef chromedriver + 686831\n   10  chromedriver                        0x00000001048d200e chromedriver + 692238\n   11  chromedriver                        0x0000000104c9f9ad chromedriver + 4680109\n   12  chromedriver                        0x0000000104ca4c12 chromedriver + 4701202\n   13  chromedriver                        0x0000000104cab79f chromedriver + 4728735\n   14  chromedriver                        0x0000000104ca5b7a chromedriver + 4705146\n   15  chromedriver                        0x0000000104c7827e chromedriver + 4518526\n   16  chromedriver                        0x0000000104cc5908 chromedriver + 4835592\n   17  chromedriver                        0x0000000104cc5a87 chromedriver + 4835975\n   18  chromedriver                        0x0000000104cd500f chromedriver + 4898831\n   19  libsystem_pthread.dylib             0x00007ff81202f1d3 _pthread_start + 125\n   20  libsystem_pthread.dylib             0x00007ff81202abd3 thread_start + 15\n", "test_name": "test_TC_KTR_005", "rerun": "0"}}, "suite_name": "KETERAMPILAN/Fungsional/test_1_OpKegiatanPelatihan.py"}}}, "date": "May 09, 2023", "start_time": 1683596405.855083, "total_suite": 1, "status": "FAIL", "status_list": {"pass": "4", "fail": "2", "skip": "0", "error": "0", "xpass": "0", "xfail": "0", "rerun": "0"}, "total_tests": "6"}