{"content": {"suites": {"0": {"status": {"total_pass": 44, "total_skip": 0, "total_xpass": 0, "total_xfail": 0, "total_rerun": 0, "total_fail": 7, "total_error": 0}, "tests": {"0": {"status": "PASS", "message": "", "test_name": "test1_setupOS", "rerun": "0"}, "1": {"status": "PASS", "message": "", "test_name": "test2_login", "rerun": "0"}, "2": {"status": "PASS", "message": "", "test_name": "test3_AksesMenu_Registrasi", "rerun": "0"}, "3": {"status": "PASS", "message": "", "test_name": "test4_ButtonRegistrasi", "rerun": "0"}, "4": {"status": "PASS", "message": "", "test_name": "test5_PilihJenisReg", "rerun": "0"}, "5": {"status": "PASS", "message": "", "test_name": "test6_SearchNoregWBP", "rerun": "0"}, "6": {"status": "PASS", "message": "", "test_name": "test7_ClickDataWbp", "rerun": "0"}, "7": {"status": "PASS", "message": "", "test_name": "test8_SearchWbp", "rerun": "0"}, "8": {"status": "PASS", "message": "", "test_name": "test9_ClosePopUp", "rerun": "0"}, "9": {"status": "PASS", "message": "", "test_name": "test10_InputNoreg", "rerun": "0"}, "10": {"status": "PASS", "message": "", "test_name": "test11_InputTglSurat", "rerun": "0"}, "11": {"status": "PASS", "message": "", "test_name": "test12_InputSrtPenahanan", "rerun": "0"}, "12": {"status": "PASS", "message": "", "test_name": "test13_inputNamaPtgs", "rerun": "0"}, "13": {"status": "PASS", "message": "", "test_name": "test13_PilihKejaksaan", "rerun": "0"}, "14": {"status": "PASS", "message": "", "test_name": "test14_PilihAsalInstanasi", "rerun": "0"}, "15": {"status": "PASS", "message": "", "test_name": "test15_PilihInstansiPenyidik", "rerun": "0"}, "16": {"status": "PASS", "message": "", "test_name": "test16_InputLokasiDOkumen", "rerun": "0"}, "17": {"status": "PASS", "message": "", "test_name": "test17_InputAsalTahanan", "rerun": "0"}, "18": {"status": "PASS", "message": "", "test_name": "test18_InputAsalKepolisian", "rerun": "0"}, "19": {"status": "PASS", "message": "", "test_name": "test19_InputTanggalPenangkapan", "rerun": "0"}, "20": {"status": "PASS", "message": "", "test_name": "test20_InputTanggalBA8", "rerun": "0"}, "21": {"status": "PASS", "message": "", "test_name": "test21_InputTglPtsnAkhir", "rerun": "0"}, "22": {"status": "PASS", "message": "", "test_name": "test22_InputJenisPutusan", "rerun": "0"}, "23": {"status": "PASS", "message": "", "test_name": "test23_InputTglMenjalaniPencabutanPB", "rerun": "0"}, "24": {"status": "PASS", "message": "", "test_name": "test24_ClickTabPerkara", "rerun": "0"}, "25": {"status": "PASS", "message": "", "test_name": "test25_InputKejahatanUtama", "rerun": "0"}, "26": {"status": "PASS", "message": "", "test_name": "test26_InputPasalUtama", "rerun": "0"}, "27": {"status": "PASS", "message": "", "test_name": "test27_InputKejahatan", "rerun": "0"}, "28": {"status": "PASS", "message": "", "test_name": "test28_InputTempatKejadian", "rerun": "0"}, "29": {"status": "PASS", "message": "", "test_name": "test29_InputTanggalPutusanAkhir", "rerun": "0"}, "30": {"status": "PASS", "message": "", "test_name": "test30_InputNomorPutusan", "rerun": "0"}, "31": {"status": "PASS", "message": "", "test_name": "test31_InputPasal", "rerun": "0"}, "32": {"status": "PASS", "message": "", "test_name": "test31_InputNamaHakimKetua", "rerun": "0"}, "33": {"status": "PASS", "message": "", "test_name": "test32_InputNamaHakimAnggota1", "rerun": "0"}, "34": {"status": "PASS", "message": "", "test_name": "test33_InputHakimAnggota2", "rerun": "0"}, "35": {"status": "PASS", "message": "", "test_name": "test34_InputPanitera", "rerun": "0"}, "36": {"status": "PASS", "message": "", "test_name": "test35_InputNamaJaksa", "rerun": "0"}, "37": {"status": "PASS", "message": "", "test_name": "test36_InputPengadilan", "rerun": "0"}, "38": {"status": "PASS", "message": "", "test_name": "test37_TglDijalnkanPutusan", "rerun": "0"}, "39": {"status": "PASS", "message": "", "test_name": "test38_Inputtersangka", "rerun": "0"}, "40": {"status": "PASS", "message": "", "test_name": "test39_StatusBasanBaran", "rerun": "0"}, "41": {"status": "FAIL", "message": "   selenium.common.exceptions.NoSuchElementException: Message: no such element: Unable to locate element: {\"method\":\"css selector\",\"selector\":\"[id=\"id_jenis_hukuman-0-1\"]\"}\n     (Session info: chrome=111.0.5563.110)\n   Stacktrace:\n   0   chromedriver                        0x00000001050e51c0 chromedriver + 4248000\n   1   chromedriver                        0x0000000105065dc0 chromedriver + 3726784\n   2   chromedriver                        0x0000000104d1aec4 chromedriver + 274116\n   3   chromedriver                        0x0000000104d56be4 chromedriver + 519140\n   4   chromedriver                        0x0000000104d92054 chromedriver + 761940\n   5   chromedriver                        0x0000000104d49200 chromedriver + 463360\n   6   chromedriver                        0x0000000104d4a318 chromedriver + 467736\n   7   chromedriver                        0x00000001050b3060 chromedriver + 4042848\n   8   chromedriver                        0x00000001050b78a4 chromedriver + 4061348\n   9   chromedriver                        0x00000001050bf3d0 chromedriver + 4092880\n   10  chromedriver                        0x00000001050b86e4 chromedriver + 4064996\n   11  chromedriver                        0x000000010508e0fc chromedriver + 3891452\n   12  chromedriver                        0x00000001050d8a64 chromedriver + 4196964\n   13  chromedriver                        0x00000001050d8bb8 chromedriver + 4197304\n   14  chromedriver                        0x00000001050ec650 chromedriver + 4277840\n   15  libsystem_pthread.dylib             0x000000018b3ee06c _pthread_start + 148\n   16  libsystem_pthread.dylib             0x000000018b3e8e2c thread_start + 8\n", "test_name": "test40_JenisHukuman", "rerun": "0"}, "42": {"status": "FAIL", "message": "   selenium.common.exceptions.NoSuchElementException: Message: no such element: Unable to locate element: {\"method\":\"css selector\",\"selector\":\"[id=\"thn_kurung-0\"]\"}\n     (Session info: chrome=111.0.5563.110)\n   Stacktrace:\n   0   chromedriver                        0x00000001050e51c0 chromedriver + 4248000\n   1   chromedriver                        0x0000000105065dc0 chromedriver + 3726784\n   2   chromedriver                        0x0000000104d1aec4 chromedriver + 274116\n   3   chromedriver                        0x0000000104d56be4 chromedriver + 519140\n   4   chromedriver                        0x0000000104d92054 chromedriver + 761940\n   5   chromedriver                        0x0000000104d49200 chromedriver + 463360\n   6   chromedriver                        0x0000000104d4a318 chromedriver + 467736\n   7   chromedriver                        0x00000001050b3060 chromedriver + 4042848\n   8   chromedriver                        0x00000001050b78a4 chromedriver + 4061348\n   9   chromedriver                        0x00000001050bf3d0 chromedriver + 4092880\n   10  chromedriver                        0x00000001050b86e4 chromedriver + 4064996\n   11  chromedriver                        0x000000010508e0fc chromedriver + 3891452\n   12  chromedriver                        0x00000001050d8a64 chromedriver + 4196964\n   13  chromedriver                        0x00000001050d8bb8 chromedriver + 4197304\n   14  chromedriver                        0x00000001050ec650 chromedriver + 4277840\n   15  libsystem_pthread.dylib             0x000000018b3ee06c _pthread_start + 148\n   16  libsystem_pthread.dylib             0x000000018b3e8e2c thread_start + 8\n", "test_name": "test41_InputPidana", "rerun": "0"}, "43": {"status": "FAIL", "message": "   selenium.common.exceptions.NoSuchElementException: Message: no such element: Unable to locate element: {\"method\":\"css selector\",\"selector\":\"[id=\"jenis_remisi-0-0\"]\"}\n     (Session info: chrome=111.0.5563.110)\n   Stacktrace:\n   0   chromedriver                        0x00000001050e51c0 chromedriver + 4248000\n   1   chromedriver                        0x0000000105065dc0 chromedriver + 3726784\n   2   chromedriver                        0x0000000104d1aec4 chromedriver + 274116\n   3   chromedriver                        0x0000000104d56be4 chromedriver + 519140\n   4   chromedriver                        0x0000000104d92054 chromedriver + 761940\n   5   chromedriver                        0x0000000104d49200 chromedriver + 463360\n   6   chromedriver                        0x0000000104d4a318 chromedriver + 467736\n   7   chromedriver                        0x00000001050b3060 chromedriver + 4042848\n   8   chromedriver                        0x00000001050b78a4 chromedriver + 4061348\n   9   chromedriver                        0x00000001050bf3d0 chromedriver + 4092880\n   10  chromedriver                        0x00000001050b86e4 chromedriver + 4064996\n   11  chromedriver                        0x000000010508e0fc chromedriver + 3891452\n   12  chromedriver                        0x00000001050d8a64 chromedriver + 4196964\n   13  chromedriver                        0x00000001050d8bb8 chromedriver + 4197304\n   14  chromedriver                        0x00000001050ec650 chromedriver + 4277840\n   15  libsystem_pthread.dylib             0x000000018b3ee06c _pthread_start + 148\n   16  libsystem_pthread.dylib             0x000000018b3e8e2c thread_start + 8\n", "test_name": "test42_InputJenisRemisi", "rerun": "0"}, "44": {"status": "PASS", "message": "", "test_name": "test43_TglEksipirasiPerkiraan", "rerun": "0"}, "45": {"status": "PASS", "message": "", "test_name": "test44_TglPertamaDthan", "rerun": "0"}, "46": {"status": "FAIL", "message": "   selenium.common.exceptions.ElementClickInterceptedException: Message: element click intercepted: Element <input class=\"el-input__inner\" id=\"tgl_akhir_ditahan\" name=\"\" type=\"text\" autocomplete=\"off\" placeholder=\"Pilih Tanggal\"> is not clickable at point (413, 910). Other element would receive the click: <div class=\"el-loading-mask\" style=\"\">...</div>\n     (Session info: chrome=111.0.5563.110)\n   Stacktrace:\n   0   chromedriver                        0x00000001050e51c0 chromedriver + 4248000\n   1   chromedriver                        0x0000000105065dc0 chromedriver + 3726784\n   2   chromedriver                        0x0000000104d1aec4 chromedriver + 274116\n   3   chromedriver                        0x0000000104d5e530 chromedriver + 550192\n   4   chromedriver                        0x0000000104d5bf28 chromedriver + 540456\n   5   chromedriver                        0x0000000104d596c4 chromedriver + 530116\n   6   chromedriver                        0x0000000104d585b8 chromedriver + 525752\n   7   chromedriver                        0x0000000104d4b3e0 chromedriver + 472032\n   8   chromedriver                        0x0000000104d4abbc chromedriver + 469948\n   9   chromedriver                        0x0000000104d92054 chromedriver + 761940\n   10  chromedriver                        0x0000000104d49200 chromedriver + 463360\n   11  chromedriver                        0x0000000104d4a318 chromedriver + 467736\n   12  chromedriver                        0x00000001050b3060 chromedriver + 4042848\n   13  chromedriver                        0x00000001050b78a4 chromedriver + 4061348\n   14  chromedriver                        0x00000001050bf3d0 chromedriver + 4092880\n   15  chromedriver                        0x00000001050b86e4 chromedriver + 4064996\n   16  chromedriver                        0x000000010508e0fc chromedriver + 3891452\n   17  chromedriver                        0x00000001050d8a64 chromedriver + 4196964\n   18  chromedriver                        0x00000001050d8bb8 chromedriver + 4197304\n   19  chromedriver                        0x00000001050ec650 chromedriver + 4277840\n   20  libsystem_pthread.dylib             0x000000018b3ee06c _pthread_start + 148\n   21  libsystem_pthread.dylib             0x000000018b3e8e2c thread_start + 8\n", "test_name": "test45_TglAkhirDthn", "rerun": "0"}, "47": {"status": "FAIL", "message": "   selenium.common.exceptions.ElementClickInterceptedException: Message: element click intercepted: Element <div class=\"el-form-item__content\">...</div> is not clickable at point (432, 910). Other element would receive the click: <div class=\"el-loading-mask\" style=\"\">...</div>\n     (Session info: chrome=111.0.5563.110)\n   Stacktrace:\n   0   chromedriver                        0x00000001050e51c0 chromedriver + 4248000\n   1   chromedriver                        0x0000000105065dc0 chromedriver + 3726784\n   2   chromedriver                        0x0000000104d1aec4 chromedriver + 274116\n   3   chromedriver                        0x0000000104d5e530 chromedriver + 550192\n   4   chromedriver                        0x0000000104d5bf28 chromedriver + 540456\n   5   chromedriver                        0x0000000104d596c4 chromedriver + 530116\n   6   chromedriver                        0x0000000104d585b8 chromedriver + 525752\n   7   chromedriver                        0x0000000104d4b3e0 chromedriver + 472032\n   8   chromedriver                        0x0000000104d4abbc chromedriver + 469948\n   9   chromedriver                        0x0000000104d92054 chromedriver + 761940\n   10  chromedriver                        0x0000000104d49200 chromedriver + 463360\n   11  chromedriver                        0x0000000104d4a318 chromedriver + 467736\n   12  chromedriver                        0x00000001050b3060 chromedriver + 4042848\n   13  chromedriver                        0x00000001050b78a4 chromedriver + 4061348\n   14  chromedriver                        0x00000001050bf3d0 chromedriver + 4092880\n   15  chromedriver                        0x00000001050b86e4 chromedriver + 4064996\n   16  chromedriver                        0x000000010508e0fc chromedriver + 3891452\n   17  chromedriver                        0x00000001050d8a64 chromedriver + 4196964\n   18  chromedriver                        0x00000001050d8bb8 chromedriver + 4197304\n   19  chromedriver                        0x00000001050ec650 chromedriver + 4277840\n   20  libsystem_pthread.dylib             0x000000018b3ee06c _pthread_start + 148\n   21  libsystem_pthread.dylib             0x000000018b3e8e2c thread_start + 8\n", "test_name": "test46_TglAwalDthnGol", "rerun": "0"}, "48": {"status": "FAIL", "message": "   selenium.common.exceptions.ElementClickInterceptedException: Message: element click intercepted: Element <input class=\"el-input__inner\" id=\"tgl_msk_lapas\" name=\"\" type=\"text\" autocomplete=\"off\" placeholder=\"Pilih Tanggal\"> is not clickable at point (930, 910). Other element would receive the click: <div class=\"el-loading-mask\" style=\"\">...</div>\n     (Session info: chrome=111.0.5563.110)\n   Stacktrace:\n   0   chromedriver                        0x00000001050e51c0 chromedriver + 4248000\n   1   chromedriver                        0x0000000105065dc0 chromedriver + 3726784\n   2   chromedriver                        0x0000000104d1aec4 chromedriver + 274116\n   3   chromedriver                        0x0000000104d5e530 chromedriver + 550192\n   4   chromedriver                        0x0000000104d5bf28 chromedriver + 540456\n   5   chromedriver                        0x0000000104d596c4 chromedriver + 530116\n   6   chromedriver                        0x0000000104d585b8 chromedriver + 525752\n   7   chromedriver                        0x0000000104d4b3e0 chromedriver + 472032\n   8   chromedriver                        0x0000000104d4abbc chromedriver + 469948\n   9   chromedriver                        0x0000000104d92054 chromedriver + 761940\n   10  chromedriver                        0x0000000104d49200 chromedriver + 463360\n   11  chromedriver                        0x0000000104d4a318 chromedriver + 467736\n   12  chromedriver                        0x00000001050b3060 chromedriver + 4042848\n   13  chromedriver                        0x00000001050b78a4 chromedriver + 4061348\n   14  chromedriver                        0x00000001050bf3d0 chromedriver + 4092880\n   15  chromedriver                        0x00000001050b86e4 chromedriver + 4064996\n   16  chromedriver                        0x000000010508e0fc chromedriver + 3891452\n   17  chromedriver                        0x00000001050d8a64 chromedriver + 4196964\n   18  chromedriver                        0x00000001050d8bb8 chromedriver + 4197304\n   19  chromedriver                        0x00000001050ec650 chromedriver + 4277840\n   20  libsystem_pthread.dylib             0x000000018b3ee06c _pthread_start + 148\n   21  libsystem_pthread.dylib             0x000000018b3e8e2c thread_start + 8\n", "test_name": "test47_TglMasukLapas", "rerun": "0"}, "49": {"status": "FAIL", "message": "   selenium.common.exceptions.ElementClickInterceptedException: Message: element click intercepted: Element <button class=\"el-button el-button--default is-plain border-2 text-light-blue-900 !hover:text-light-blue-600 border-light-blue-900 !hover:border-light-blue-600\" type=\"submit\" id=\"submitButton\">...</button> is not clickable at point (1021, 910). Other element would receive the click: <div class=\"el-loading-mask\" style=\"\">...</div>\n     (Session info: chrome=111.0.5563.110)\n   Stacktrace:\n   0   chromedriver                        0x00000001050e51c0 chromedriver + 4248000\n   1   chromedriver                        0x0000000105065dc0 chromedriver + 3726784\n   2   chromedriver                        0x0000000104d1aec4 chromedriver + 274116\n   3   chromedriver                        0x0000000104d5e530 chromedriver + 550192\n   4   chromedriver                        0x0000000104d5bf28 chromedriver + 540456\n   5   chromedriver                        0x0000000104d596c4 chromedriver + 530116\n   6   chromedriver                        0x0000000104d585b8 chromedriver + 525752\n   7   chromedriver                        0x0000000104d4b3e0 chromedriver + 472032\n   8   chromedriver                        0x0000000104d4abbc chromedriver + 469948\n   9   chromedriver                        0x0000000104d92054 chromedriver + 761940\n   10  chromedriver                        0x0000000104d49200 chromedriver + 463360\n   11  chromedriver                        0x0000000104d4a318 chromedriver + 467736\n   12  chromedriver                        0x00000001050b3060 chromedriver + 4042848\n   13  chromedriver                        0x00000001050b78a4 chromedriver + 4061348\n   14  chromedriver                        0x00000001050bf3d0 chromedriver + 4092880\n   15  chromedriver                        0x00000001050b86e4 chromedriver + 4064996\n   16  chromedriver                        0x000000010508e0fc chromedriver + 3891452\n   17  chromedriver                        0x00000001050d8a64 chromedriver + 4196964\n   18  chromedriver                        0x00000001050d8bb8 chromedriver + 4197304\n   19  chromedriver                        0x00000001050ec650 chromedriver + 4277840\n   20  libsystem_pthread.dylib             0x000000018b3ee06c _pthread_start + 148\n   21  libsystem_pthread.dylib             0x000000018b3e8e2c thread_start + 8\n", "test_name": "test48_SubmitRegistrasi", "rerun": "0"}, "50": {"status": "PASS", "message": "", "test_name": "test_exit", "rerun": "0"}}, "suite_name": "test_registrasi_fungsi.py"}}}, "date": "March 24, 2023", "start_time": 1679646401.727445, "total_suite": 1, "status": "FAIL", "status_list": {"pass": "44", "fail": "7", "skip": "0", "error": "0", "xpass": "0", "xfail": "0", "rerun": "0"}, "total_tests": "51"}