{"content": {"suites": {"0": {"status": {"total_pass": 1, "total_skip": 0, "total_xpass": 0, "total_xfail": 0, "total_rerun": 0, "total_fail": 16, "total_error": 0}, "tests": {"0": {"status": "PASS", "message": "", "test_name": "test_setup", "rerun": "0"}, "1": {"status": "FAIL", "message": "   AttributeError: 'NoneType' object has no attribute 'click'\n", "test_name": "test_login", "rerun": "0"}, "2": {"status": "FAIL", "message": "   selenium.common.exceptions.NoSuchWindowException: Message: no such window: target window already closed\n   from unknown error: web view not found\n     (Session info: chrome=106.0.5249.119)\n   Stacktrace:\n   0   chromedriver                        0x0000000102a61a90 chromedriver + 3889808\n   1   chromedriver                        0x00000001029f0b54 chromedriver + 3427156\n   2   chromedriver                        0x00000001026e2238 chromedriver + 221752\n   3   chromedriver                        0x00000001026c5b8c chromedriver + 105356\n   4   chromedriver                        0x000000010272e664 chromedriver + 534116\n   5   chromedriver                        0x000000010273c038 chromedriver + 589880\n   6   chromedriver                        0x000000010270854c chromedriver + 378188\n   7   chromedriver                        0x0000000102a352f8 chromedriver + 3707640\n   8   chromedriver                        0x0000000102a38ea8 chromedriver + 3722920\n   9   chromedriver                        0x0000000102a3f3d8 chromedriver + 3748824\n   10  chromedriver                        0x0000000102a399a8 chromedriver + 3725736\n   11  chromedriver                        0x0000000102a14de8 chromedriver + 3575272\n   12  chromedriver                        0x0000000102a53d1c chromedriver + 3833116\n   13  chromedriver                        0x0000000102a53e84 chromedriver + 3833476\n   14  chromedriver                        0x0000000102a68210 chromedriver + 3916304\n   15  libsystem_pthread.dylib             0x00000001b464e06c _pthread_start + 148\n   16  libsystem_pthread.dylib             0x00000001b4648e2c thread_start + 8\n", "test_name": "test_akses_menu", "rerun": "0"}, "3": {"status": "FAIL", "message": "   selenium.common.exceptions.NoSuchWindowException: Message: no such window: target window already closed\n   from unknown error: web view not found\n     (Session info: chrome=106.0.5249.119)\n   Stacktrace:\n   0   chromedriver                        0x0000000102a61a90 chromedriver + 3889808\n   1   chromedriver                        0x00000001029f0b54 chromedriver + 3427156\n   2   chromedriver                        0x00000001026e2238 chromedriver + 221752\n   3   chromedriver                        0x00000001026c5b8c chromedriver + 105356\n   4   chromedriver                        0x000000010272e664 chromedriver + 534116\n   5   chromedriver                        0x000000010273c038 chromedriver + 589880\n   6   chromedriver                        0x000000010270854c chromedriver + 378188\n   7   chromedriver                        0x0000000102a352f8 chromedriver + 3707640\n   8   chromedriver                        0x0000000102a38ea8 chromedriver + 3722920\n   9   chromedriver                        0x0000000102a3f3d8 chromedriver + 3748824\n   10  chromedriver                        0x0000000102a399a8 chromedriver + 3725736\n   11  chromedriver                        0x0000000102a14de8 chromedriver + 3575272\n   12  chromedriver                        0x0000000102a53d1c chromedriver + 3833116\n   13  chromedriver                        0x0000000102a53e84 chromedriver + 3833476\n   14  chromedriver                        0x0000000102a68210 chromedriver + 3916304\n   15  libsystem_pthread.dylib             0x00000001b464e06c _pthread_start + 148\n   16  libsystem_pthread.dylib             0x00000001b4648e2c thread_start + 8\n", "test_name": "test_search_data_kategori_nama_HALDEX", "rerun": "0"}, "4": {"status": "FAIL", "message": "   selenium.common.exceptions.NoSuchWindowException: Message: no such window: target window already closed\n   from unknown error: web view not found\n     (Session info: chrome=106.0.5249.119)\n   Stacktrace:\n   0   chromedriver                        0x0000000102a61a90 chromedriver + 3889808\n   1   chromedriver                        0x00000001029f0b54 chromedriver + 3427156\n   2   chromedriver                        0x00000001026e2238 chromedriver + 221752\n   3   chromedriver                        0x00000001026c5b8c chromedriver + 105356\n   4   chromedriver                        0x000000010272e664 chromedriver + 534116\n   5   chromedriver                        0x000000010273c038 chromedriver + 589880\n   6   chromedriver                        0x000000010270854c chromedriver + 378188\n   7   chromedriver                        0x0000000102a352f8 chromedriver + 3707640\n   8   chromedriver                        0x0000000102a38ea8 chromedriver + 3722920\n   9   chromedriver                        0x0000000102a3f3d8 chromedriver + 3748824\n   10  chromedriver                        0x0000000102a399a8 chromedriver + 3725736\n   11  chromedriver                        0x0000000102a14de8 chromedriver + 3575272\n   12  chromedriver                        0x0000000102a53d1c chromedriver + 3833116\n   13  chromedriver                        0x0000000102a53e84 chromedriver + 3833476\n   14  chromedriver                        0x0000000102a68210 chromedriver + 3916304\n   15  libsystem_pthread.dylib             0x00000001b464e06c _pthread_start + 148\n   16  libsystem_pthread.dylib             0x00000001b4648e2c thread_start + 8\n", "test_name": "test_search_data_kategori_NoInduk_HALDEX", "rerun": "0"}, "5": {"status": "FAIL", "message": "   selenium.common.exceptions.NoSuchWindowException: Message: no such window: target window already closed\n   from unknown error: web view not found\n     (Session info: chrome=106.0.5249.119)\n   Stacktrace:\n   0   chromedriver                        0x0000000102a61a90 chromedriver + 3889808\n   1   chromedriver                        0x00000001029f0b54 chromedriver + 3427156\n   2   chromedriver                        0x00000001026e2238 chromedriver + 221752\n   3   chromedriver                        0x00000001026c5b8c chromedriver + 105356\n   4   chromedriver                        0x000000010272e664 chromedriver + 534116\n   5   chromedriver                        0x000000010273c038 chromedriver + 589880\n   6   chromedriver                        0x000000010270854c chromedriver + 378188\n   7   chromedriver                        0x0000000102a352f8 chromedriver + 3707640\n   8   chromedriver                        0x0000000102a38ea8 chromedriver + 3722920\n   9   chromedriver                        0x0000000102a3f3d8 chromedriver + 3748824\n   10  chromedriver                        0x0000000102a399a8 chromedriver + 3725736\n   11  chromedriver                        0x0000000102a14de8 chromedriver + 3575272\n   12  chromedriver                        0x0000000102a53d1c chromedriver + 3833116\n   13  chromedriver                        0x0000000102a53e84 chromedriver + 3833476\n   14  chromedriver                        0x0000000102a68210 chromedriver + 3916304\n   15  libsystem_pthread.dylib             0x00000001b464e06c _pthread_start + 148\n   16  libsystem_pthread.dylib             0x00000001b4648e2c thread_start + 8\n", "test_name": "test_clik_clear_value_HALDEX", "rerun": "0"}, "6": {"status": "FAIL", "message": "   selenium.common.exceptions.NoSuchWindowException: Message: no such window: target window already closed\n   from unknown error: web view not found\n     (Session info: chrome=106.0.5249.119)\n   Stacktrace:\n   0   chromedriver                        0x0000000102a61a90 chromedriver + 3889808\n   1   chromedriver                        0x00000001029f0b54 chromedriver + 3427156\n   2   chromedriver                        0x00000001026e2238 chromedriver + 221752\n   3   chromedriver                        0x00000001026c5b8c chromedriver + 105356\n   4   chromedriver                        0x000000010272e664 chromedriver + 534116\n   5   chromedriver                        0x000000010273c038 chromedriver + 589880\n   6   chromedriver                        0x000000010270854c chromedriver + 378188\n   7   chromedriver                        0x0000000102a352f8 chromedriver + 3707640\n   8   chromedriver                        0x0000000102a38ea8 chromedriver + 3722920\n   9   chromedriver                        0x0000000102a3f3d8 chromedriver + 3748824\n   10  chromedriver                        0x0000000102a399a8 chromedriver + 3725736\n   11  chromedriver                        0x0000000102a14de8 chromedriver + 3575272\n   12  chromedriver                        0x0000000102a53d1c chromedriver + 3833116\n   13  chromedriver                        0x0000000102a53e84 chromedriver + 3833476\n   14  chromedriver                        0x0000000102a68210 chromedriver + 3916304\n   15  libsystem_pthread.dylib             0x00000001b464e06c _pthread_start + 148\n   16  libsystem_pthread.dylib             0x00000001b4648e2c thread_start + 8\n", "test_name": "test_sortir_data_table_HALDEX", "rerun": "0"}, "7": {"status": "FAIL", "message": "   selenium.common.exceptions.NoSuchWindowException: Message: no such window: target window already closed\n   from unknown error: web view not found\n     (Session info: chrome=106.0.5249.119)\n   Stacktrace:\n   0   chromedriver                        0x0000000102a61a90 chromedriver + 3889808\n   1   chromedriver                        0x00000001029f0b54 chromedriver + 3427156\n   2   chromedriver                        0x00000001026e2238 chromedriver + 221752\n   3   chromedriver                        0x00000001026c5b8c chromedriver + 105356\n   4   chromedriver                        0x000000010272e664 chromedriver + 534116\n   5   chromedriver                        0x000000010273c038 chromedriver + 589880\n   6   chromedriver                        0x000000010270854c chromedriver + 378188\n   7   chromedriver                        0x0000000102a352f8 chromedriver + 3707640\n   8   chromedriver                        0x0000000102a38ea8 chromedriver + 3722920\n   9   chromedriver                        0x0000000102a3f3d8 chromedriver + 3748824\n   10  chromedriver                        0x0000000102a399a8 chromedriver + 3725736\n   11  chromedriver                        0x0000000102a14de8 chromedriver + 3575272\n   12  chromedriver                        0x0000000102a53d1c chromedriver + 3833116\n   13  chromedriver                        0x0000000102a53e84 chromedriver + 3833476\n   14  chromedriver                        0x0000000102a68210 chromedriver + 3916304\n   15  libsystem_pthread.dylib             0x00000001b464e06c _pthread_start + 148\n   16  libsystem_pthread.dylib             0x00000001b4648e2c thread_start + 8\n", "test_name": "test_membuka_halaman_tambah_HALDEX", "rerun": "0"}, "8": {"status": "FAIL", "message": "   selenium.common.exceptions.NoSuchWindowException: Message: no such window: target window already closed\n   from unknown error: web view not found\n     (Session info: chrome=106.0.5249.119)\n   Stacktrace:\n   0   chromedriver                        0x0000000102a61a90 chromedriver + 3889808\n   1   chromedriver                        0x00000001029f0b54 chromedriver + 3427156\n   2   chromedriver                        0x00000001026e2238 chromedriver + 221752\n   3   chromedriver                        0x00000001026c5b8c chromedriver + 105356\n   4   chromedriver                        0x000000010272e664 chromedriver + 534116\n   5   chromedriver                        0x000000010273c038 chromedriver + 589880\n   6   chromedriver                        0x000000010270854c chromedriver + 378188\n   7   chromedriver                        0x0000000102a352f8 chromedriver + 3707640\n   8   chromedriver                        0x0000000102a38ea8 chromedriver + 3722920\n   9   chromedriver                        0x0000000102a3f3d8 chromedriver + 3748824\n   10  chromedriver                        0x0000000102a399a8 chromedriver + 3725736\n   11  chromedriver                        0x0000000102a14de8 chromedriver + 3575272\n   12  chromedriver                        0x0000000102a53d1c chromedriver + 3833116\n   13  chromedriver                        0x0000000102a53e84 chromedriver + 3833476\n   14  chromedriver                        0x0000000102a68210 chromedriver + 3916304\n   15  libsystem_pthread.dylib             0x00000001b464e06c _pthread_start + 148\n   16  libsystem_pthread.dylib             0x00000001b4648e2c thread_start + 8\n", "test_name": "test_sortir_table_cari_nama_HALCAR", "rerun": "0"}, "9": {"status": "FAIL", "message": "   selenium.common.exceptions.NoSuchWindowException: Message: no such window: target window already closed\n   from unknown error: web view not found\n     (Session info: chrome=106.0.5249.119)\n   Stacktrace:\n   0   chromedriver                        0x0000000102a61a90 chromedriver + 3889808\n   1   chromedriver                        0x00000001029f0b54 chromedriver + 3427156\n   2   chromedriver                        0x00000001026e2238 chromedriver + 221752\n   3   chromedriver                        0x00000001026c5b8c chromedriver + 105356\n   4   chromedriver                        0x000000010272e664 chromedriver + 534116\n   5   chromedriver                        0x000000010273c038 chromedriver + 589880\n   6   chromedriver                        0x000000010270854c chromedriver + 378188\n   7   chromedriver                        0x0000000102a352f8 chromedriver + 3707640\n   8   chromedriver                        0x0000000102a38ea8 chromedriver + 3722920\n   9   chromedriver                        0x0000000102a3f3d8 chromedriver + 3748824\n   10  chromedriver                        0x0000000102a399a8 chromedriver + 3725736\n   11  chromedriver                        0x0000000102a14de8 chromedriver + 3575272\n   12  chromedriver                        0x0000000102a53d1c chromedriver + 3833116\n   13  chromedriver                        0x0000000102a53e84 chromedriver + 3833476\n   14  chromedriver                        0x0000000102a68210 chromedriver + 3916304\n   15  libsystem_pthread.dylib             0x00000001b464e06c _pthread_start + 148\n   16  libsystem_pthread.dylib             0x00000001b4648e2c thread_start + 8\n", "test_name": "test_sortir_table_cari_noreg_HALCAR", "rerun": "0"}, "10": {"status": "FAIL", "message": "   selenium.common.exceptions.NoSuchWindowException: Message: no such window: target window already closed\n   from unknown error: web view not found\n     (Session info: chrome=106.0.5249.119)\n   Stacktrace:\n   0   chromedriver                        0x0000000102a61a90 chromedriver + 3889808\n   1   chromedriver                        0x00000001029f0b54 chromedriver + 3427156\n   2   chromedriver                        0x00000001026e2238 chromedriver + 221752\n   3   chromedriver                        0x00000001026c5b8c chromedriver + 105356\n   4   chromedriver                        0x000000010272e664 chromedriver + 534116\n   5   chromedriver                        0x000000010273c038 chromedriver + 589880\n   6   chromedriver                        0x000000010270854c chromedriver + 378188\n   7   chromedriver                        0x0000000102a352f8 chromedriver + 3707640\n   8   chromedriver                        0x0000000102a38ea8 chromedriver + 3722920\n   9   chromedriver                        0x0000000102a3f3d8 chromedriver + 3748824\n   10  chromedriver                        0x0000000102a399a8 chromedriver + 3725736\n   11  chromedriver                        0x0000000102a14de8 chromedriver + 3575272\n   12  chromedriver                        0x0000000102a53d1c chromedriver + 3833116\n   13  chromedriver                        0x0000000102a53e84 chromedriver + 3833476\n   14  chromedriver                        0x0000000102a68210 chromedriver + 3916304\n   15  libsystem_pthread.dylib             0x00000001b464e06c _pthread_start + 148\n   16  libsystem_pthread.dylib             0x00000001b4648e2c thread_start + 8\n", "test_name": "test_sortir_table_cari_JenisKejahatan_HALCAR", "rerun": "0"}, "11": {"status": "FAIL", "message": "   selenium.common.exceptions.NoSuchWindowException: Message: no such window: target window already closed\n   from unknown error: web view not found\n     (Session info: chrome=106.0.5249.119)\n   Stacktrace:\n   0   chromedriver                        0x0000000102a61a90 chromedriver + 3889808\n   1   chromedriver                        0x00000001029f0b54 chromedriver + 3427156\n   2   chromedriver                        0x00000001026e2238 chromedriver + 221752\n   3   chromedriver                        0x00000001026c5b8c chromedriver + 105356\n   4   chromedriver                        0x000000010272e664 chromedriver + 534116\n   5   chromedriver                        0x000000010273c038 chromedriver + 589880\n   6   chromedriver                        0x000000010270854c chromedriver + 378188\n   7   chromedriver                        0x0000000102a352f8 chromedriver + 3707640\n   8   chromedriver                        0x0000000102a38ea8 chromedriver + 3722920\n   9   chromedriver                        0x0000000102a3f3d8 chromedriver + 3748824\n   10  chromedriver                        0x0000000102a399a8 chromedriver + 3725736\n   11  chromedriver                        0x0000000102a14de8 chromedriver + 3575272\n   12  chromedriver                        0x0000000102a53d1c chromedriver + 3833116\n   13  chromedriver                        0x0000000102a53e84 chromedriver + 3833476\n   14  chromedriver                        0x0000000102a68210 chromedriver + 3916304\n   15  libsystem_pthread.dylib             0x00000001b464e06c _pthread_start + 148\n   16  libsystem_pthread.dylib             0x00000001b4648e2c thread_start + 8\n", "test_name": "test_back", "rerun": "0"}, "12": {"status": "FAIL", "message": "   selenium.common.exceptions.NoSuchWindowException: Message: no such window: target window already closed\n   from unknown error: web view not found\n     (Session info: chrome=106.0.5249.119)\n   Stacktrace:\n   0   chromedriver                        0x0000000102a61a90 chromedriver + 3889808\n   1   chromedriver                        0x00000001029f0b54 chromedriver + 3427156\n   2   chromedriver                        0x00000001026e2238 chromedriver + 221752\n   3   chromedriver                        0x00000001026c5b8c chromedriver + 105356\n   4   chromedriver                        0x000000010272e664 chromedriver + 534116\n   5   chromedriver                        0x000000010273c038 chromedriver + 589880\n   6   chromedriver                        0x000000010270854c chromedriver + 378188\n   7   chromedriver                        0x0000000102a352f8 chromedriver + 3707640\n   8   chromedriver                        0x0000000102a38ea8 chromedriver + 3722920\n   9   chromedriver                        0x0000000102a3f3d8 chromedriver + 3748824\n   10  chromedriver                        0x0000000102a399a8 chromedriver + 3725736\n   11  chromedriver                        0x0000000102a14de8 chromedriver + 3575272\n   12  chromedriver                        0x0000000102a53d1c chromedriver + 3833116\n   13  chromedriver                        0x0000000102a53e84 chromedriver + 3833476\n   14  chromedriver                        0x0000000102a68210 chromedriver + 3916304\n   15  libsystem_pthread.dylib             0x00000001b464e06c _pthread_start + 148\n   16  libsystem_pthread.dylib             0x00000001b4648e2c thread_start + 8\n", "test_name": "test_membuka_halaman_ubah_HALDEX", "rerun": "0"}, "13": {"status": "FAIL", "message": "   selenium.common.exceptions.NoSuchWindowException: Message: no such window: target window already closed\n   from unknown error: web view not found\n     (Session info: chrome=106.0.5249.119)\n   Stacktrace:\n   0   chromedriver                        0x0000000102a61a90 chromedriver + 3889808\n   1   chromedriver                        0x00000001029f0b54 chromedriver + 3427156\n   2   chromedriver                        0x00000001026e2238 chromedriver + 221752\n   3   chromedriver                        0x00000001026c5b8c chromedriver + 105356\n   4   chromedriver                        0x000000010272e664 chromedriver + 534116\n   5   chromedriver                        0x000000010273c038 chromedriver + 589880\n   6   chromedriver                        0x000000010270854c chromedriver + 378188\n   7   chromedriver                        0x0000000102a352f8 chromedriver + 3707640\n   8   chromedriver                        0x0000000102a38ea8 chromedriver + 3722920\n   9   chromedriver                        0x0000000102a3f3d8 chromedriver + 3748824\n   10  chromedriver                        0x0000000102a399a8 chromedriver + 3725736\n   11  chromedriver                        0x0000000102a14de8 chromedriver + 3575272\n   12  chromedriver                        0x0000000102a53d1c chromedriver + 3833116\n   13  chromedriver                        0x0000000102a53e84 chromedriver + 3833476\n   14  chromedriver                        0x0000000102a68210 chromedriver + 3916304\n   15  libsystem_pthread.dylib             0x00000001b464e06c _pthread_start + 148\n   16  libsystem_pthread.dylib             0x00000001b4648e2c thread_start + 8\n", "test_name": "test_membuka_halaman_detail_HALDEX", "rerun": "0"}, "14": {"status": "FAIL", "message": "   selenium.common.exceptions.NoSuchWindowException: Message: no such window: target window already closed\n   from unknown error: web view not found\n     (Session info: chrome=106.0.5249.119)\n   Stacktrace:\n   0   chromedriver                        0x0000000102a61a90 chromedriver + 3889808\n   1   chromedriver                        0x00000001029f0b54 chromedriver + 3427156\n   2   chromedriver                        0x00000001026e2238 chromedriver + 221752\n   3   chromedriver                        0x00000001026c5b8c chromedriver + 105356\n   4   chromedriver                        0x000000010272e664 chromedriver + 534116\n   5   chromedriver                        0x000000010273c038 chromedriver + 589880\n   6   chromedriver                        0x000000010270854c chromedriver + 378188\n   7   chromedriver                        0x0000000102a352f8 chromedriver + 3707640\n   8   chromedriver                        0x0000000102a38ea8 chromedriver + 3722920\n   9   chromedriver                        0x0000000102a3f3d8 chromedriver + 3748824\n   10  chromedriver                        0x0000000102a399a8 chromedriver + 3725736\n   11  chromedriver                        0x0000000102a14de8 chromedriver + 3575272\n   12  chromedriver                        0x0000000102a53d1c chromedriver + 3833116\n   13  chromedriver                        0x0000000102a53e84 chromedriver + 3833476\n   14  chromedriver                        0x0000000102a68210 chromedriver + 3916304\n   15  libsystem_pthread.dylib             0x00000001b464e06c _pthread_start + 148\n   16  libsystem_pthread.dylib             0x00000001b4648e2c thread_start + 8\n", "test_name": "test_export_exel_HALDEX", "rerun": "0"}, "15": {"status": "FAIL", "message": "   selenium.common.exceptions.NoSuchWindowException: Message: no such window: target window already closed\n   from unknown error: web view not found\n     (Session info: chrome=106.0.5249.119)\n   Stacktrace:\n   0   chromedriver                        0x0000000102a61a90 chromedriver + 3889808\n   1   chromedriver                        0x00000001029f0b54 chromedriver + 3427156\n   2   chromedriver                        0x00000001026e2238 chromedriver + 221752\n   3   chromedriver                        0x00000001026c5b8c chromedriver + 105356\n   4   chromedriver                        0x000000010272e664 chromedriver + 534116\n   5   chromedriver                        0x000000010273c038 chromedriver + 589880\n   6   chromedriver                        0x000000010270854c chromedriver + 378188\n   7   chromedriver                        0x0000000102a352f8 chromedriver + 3707640\n   8   chromedriver                        0x0000000102a38ea8 chromedriver + 3722920\n   9   chromedriver                        0x0000000102a3f3d8 chromedriver + 3748824\n   10  chromedriver                        0x0000000102a399a8 chromedriver + 3725736\n   11  chromedriver                        0x0000000102a14de8 chromedriver + 3575272\n   12  chromedriver                        0x0000000102a53d1c chromedriver + 3833116\n   13  chromedriver                        0x0000000102a53e84 chromedriver + 3833476\n   14  chromedriver                        0x0000000102a68210 chromedriver + 3916304\n   15  libsystem_pthread.dylib             0x00000001b464e06c _pthread_start + 148\n   16  libsystem_pthread.dylib             0x00000001b4648e2c thread_start + 8\n", "test_name": "test_export_pdf_HALDEX", "rerun": "0"}, "16": {"status": "FAIL", "message": "   selenium.common.exceptions.NoSuchWindowException: Message: no such window: target window already closed\n   from unknown error: web view not found\n     (Session info: chrome=106.0.5249.119)\n   Stacktrace:\n   0   chromedriver                        0x0000000102a61a90 chromedriver + 3889808\n   1   chromedriver                        0x00000001029f0b54 chromedriver + 3427156\n   2   chromedriver                        0x00000001026e2238 chromedriver + 221752\n   3   chromedriver                        0x00000001026c5b8c chromedriver + 105356\n   4   chromedriver                        0x000000010272e664 chromedriver + 534116\n   5   chromedriver                        0x000000010273c038 chromedriver + 589880\n   6   chromedriver                        0x000000010270854c chromedriver + 378188\n   7   chromedriver                        0x0000000102a352f8 chromedriver + 3707640\n   8   chromedriver                        0x0000000102a38ea8 chromedriver + 3722920\n   9   chromedriver                        0x0000000102a3f3d8 chromedriver + 3748824\n   10  chromedriver                        0x0000000102a399a8 chromedriver + 3725736\n   11  chromedriver                        0x0000000102a14de8 chromedriver + 3575272\n   12  chromedriver                        0x0000000102a53d1c chromedriver + 3833116\n   13  chromedriver                        0x0000000102a53e84 chromedriver + 3833476\n   14  chromedriver                        0x0000000102a68210 chromedriver + 3916304\n   15  libsystem_pthread.dylib             0x00000001b464e06c _pthread_start + 148\n   16  libsystem_pthread.dylib             0x00000001b4648e2c thread_start + 8\n", "test_name": "test_cetak_HALDEX", "rerun": "0"}}, "suite_name": "fungsional_Test_DaftarLaluLintas.py"}}}, "date": "October 28, 2022", "start_time": 1666939261.0348082, "total_suite": 1, "status": "FAIL", "status_list": {"pass": "1", "fail": "16", "skip": "0", "error": "0", "xpass": "0", "xfail": "0", "rerun": "0"}, "total_tests": "17"}