{"content": {"suites": {"0": {"status": {"total_pass": 3, "total_skip": 0, "total_xpass": 0, "total_xfail": 0, "total_rerun": 0, "total_fail": 2, "total_error": 0}, "tests": {"0": {"status": "PASS", "message": "", "test_name": "test_setup", "rerun": "0"}, "1": {"status": "PASS", "message": "", "test_name": "test_login", "rerun": "0"}, "2": {"status": "PASS", "message": "", "test_name": "test_akses_menu", "rerun": "0"}, "3": {"status": "FAIL", "message": "   selenium.common.exceptions.TimeoutException: Message: \n   Stacktrace:\n   0   chromedriver                        0x0000000100bc9a90 chromedriver + 3889808\n   1   chromedriver                        0x0000000100b58b54 chromedriver + 3427156\n   2   chromedriver                        0x000000010084a238 chromedriver + 221752\n   3   chromedriver                        0x000000010087b4c8 chromedriver + 423112\n   4   chromedriver                        0x00000001008a4944 chromedriver + 592196\n   5   chromedriver                        0x000000010087054c chromedriver + 378188\n   6   chromedriver                        0x0000000100b9d2f8 chromedriver + 3707640\n   7   chromedriver                        0x0000000100ba0ea8 chromedriver + 3722920\n   8   chromedriver                        0x0000000100ba73d8 chromedriver + 3748824\n   9   chromedriver                        0x0000000100ba19a8 chromedriver + 3725736\n   10  chromedriver                        0x0000000100b7cde8 chromedriver + 3575272\n   11  chromedriver                        0x0000000100bbbd1c chromedriver + 3833116\n   12  chromedriver                        0x0000000100bbbe84 chromedriver + 3833476\n   13  chromedriver                        0x0000000100bd0210 chromedriver + 3916304\n   14  libsystem_pthread.dylib             0x00000001ac3b026c _pthread_start + 148\n   15  libsystem_pthread.dylib             0x00000001ac3ab08c thread_start + 8\n", "test_name": "test_search_data_kategori", "rerun": "0"}, "4": {"status": "FAIL", "message": "   selenium.common.exceptions.NoSuchElementException: Message: no such element: Unable to locate element: {\"method\":\"css selector\",\"selector\":\".el-select__caret:nth-child(2) > svg\"}\n     (Session info: chrome=106.0.5249.119)\n   Stacktrace:\n   0   chromedriver                        0x0000000100bc9a90 chromedriver + 3889808\n   1   chromedriver                        0x0000000100b58b54 chromedriver + 3427156\n   2   chromedriver                        0x000000010084a238 chromedriver + 221752\n   3   chromedriver                        0x000000010087b4c8 chromedriver + 423112\n   4   chromedriver                        0x00000001008a4944 chromedriver + 592196\n   5   chromedriver                        0x000000010087054c chromedriver + 378188\n   6   chromedriver                        0x0000000100b9d2f8 chromedriver + 3707640\n   7   chromedriver                        0x0000000100ba0ea8 chromedriver + 3722920\n   8   chromedriver                        0x0000000100ba73d8 chromedriver + 3748824\n   9   chromedriver                        0x0000000100ba19a8 chromedriver + 3725736\n   10  chromedriver                        0x0000000100b7cde8 chromedriver + 3575272\n   11  chromedriver                        0x0000000100bbbd1c chromedriver + 3833116\n   12  chromedriver                        0x0000000100bbbe84 chromedriver + 3833476\n   13  chromedriver                        0x0000000100bd0210 chromedriver + 3916304\n   14  libsystem_pthread.dylib             0x00000001ac3b026c _pthread_start + 148\n   15  libsystem_pthread.dylib             0x00000001ac3ab08c thread_start + 8\n", "test_name": "test_clik_clear_value", "rerun": "0"}}, "suite_name": "fungsional_Test_DaftarLaluLintas.py"}}}, "date": "October 25, 2022", "start_time": 1666692438.509086, "total_suite": 1, "status": "FAIL", "status_list": {"pass": "3", "fail": "2", "skip": "0", "error": "0", "xpass": "0", "xfail": "0", "rerun": "0"}, "total_tests": "5"}