{"content": {"suites": {"0": {"status": {"total_pass": 2, "total_skip": 0, "total_xpass": 0, "total_xfail": 0, "total_rerun": 0, "total_fail": 13, "total_error": 0}, "tests": {"0": {"status": "PASS", "message": "", "test_name": "test_setup", "rerun": "0"}, "1": {"status": "PASS", "message": "", "test_name": "test_login", "rerun": "0"}, "2": {"status": "FAIL", "message": "   selenium.common.exceptions.ElementNotInteractableException: Message: element not interactable: [object HTMLDivElement] has no size and location\n     (Session info: chrome=106.0.5249.119)\n   Stacktrace:\n   0   chromedriver                        0x0000000102b05a90 chromedriver + 3889808\n   1   chromedriver                        0x0000000102a94b54 chromedriver + 3427156\n   2   chromedriver                        0x0000000102786238 chromedriver + 221752\n   3   chromedriver                        0x0000000102788df8 chromedriver + 232952\n   4   chromedriver                        0x0000000102788c60 chromedriver + 232544\n   5   chromedriver                        0x0000000102788e94 chromedriver + 233108\n   6   chromedriver                        0x00000001027bccfc chromedriver + 445692\n   7   chromedriver                        0x00000001027bc414 chromedriver + 443412\n   8   chromedriver                        0x00000001027e87cc chromedriver + 624588\n   9   chromedriver                        0x00000001027e0944 chromedriver + 592196\n   10  chromedriver                        0x00000001027ac54c chromedriver + 378188\n   11  chromedriver                        0x0000000102ad92f8 chromedriver + 3707640\n   12  chromedriver                        0x0000000102adcea8 chromedriver + 3722920\n   13  chromedriver                        0x0000000102ae33d8 chromedriver + 3748824\n   14  chromedriver                        0x0000000102add9a8 chromedriver + 3725736\n   15  chromedriver                        0x0000000102ab8de8 chromedriver + 3575272\n   16  chromedriver                        0x0000000102af7d1c chromedriver + 3833116\n   17  chromedriver                        0x0000000102af7e84 chromedriver + 3833476\n   18  chromedriver                        0x0000000102b0c210 chromedriver + 3916304\n   19  libsystem_pthread.dylib             0x00000001aa15a06c _pthread_start + 148\n   20  libsystem_pthread.dylib             0x00000001aa154e2c thread_start + 8\n", "test_name": "test_akses_menu", "rerun": "0"}, "3": {"status": "FAIL", "message": "   selenium.common.exceptions.TimeoutException: Message: \n   Stacktrace:\n   0   chromedriver                        0x0000000102b05a90 chromedriver + 3889808\n   1   chromedriver                        0x0000000102a94b54 chromedriver + 3427156\n   2   chromedriver                        0x0000000102786238 chromedriver + 221752\n   3   chromedriver                        0x00000001027b74c8 chromedriver + 423112\n   4   chromedriver                        0x00000001027e0944 chromedriver + 592196\n   5   chromedriver                        0x00000001027ac54c chromedriver + 378188\n   6   chromedriver                        0x0000000102ad92f8 chromedriver + 3707640\n   7   chromedriver                        0x0000000102adcea8 chromedriver + 3722920\n   8   chromedriver                        0x0000000102ae33d8 chromedriver + 3748824\n   9   chromedriver                        0x0000000102add9a8 chromedriver + 3725736\n   10  chromedriver                        0x0000000102ab8de8 chromedriver + 3575272\n   11  chromedriver                        0x0000000102af7d1c chromedriver + 3833116\n   12  chromedriver                        0x0000000102af7e84 chromedriver + 3833476\n   13  chromedriver                        0x0000000102b0c210 chromedriver + 3916304\n   14  libsystem_pthread.dylib             0x00000001aa15a06c _pthread_start + 148\n   15  libsystem_pthread.dylib             0x00000001aa154e2c thread_start + 8\n", "test_name": "test_button_tambah", "rerun": "0"}, "4": {"status": "FAIL", "message": "   selenium.common.exceptions.TimeoutException: Message: \n   Stacktrace:\n   0   chromedriver                        0x0000000102b05a90 chromedriver + 3889808\n   1   chromedriver                        0x0000000102a94b54 chromedriver + 3427156\n   2   chromedriver                        0x0000000102786238 chromedriver + 221752\n   3   chromedriver                        0x00000001027b74c8 chromedriver + 423112\n   4   chromedriver                        0x00000001027e0944 chromedriver + 592196\n   5   chromedriver                        0x00000001027ac54c chromedriver + 378188\n   6   chromedriver                        0x0000000102ad92f8 chromedriver + 3707640\n   7   chromedriver                        0x0000000102adcea8 chromedriver + 3722920\n   8   chromedriver                        0x0000000102ae33d8 chromedriver + 3748824\n   9   chromedriver                        0x0000000102add9a8 chromedriver + 3725736\n   10  chromedriver                        0x0000000102ab8de8 chromedriver + 3575272\n   11  chromedriver                        0x0000000102af7d1c chromedriver + 3833116\n   12  chromedriver                        0x0000000102af7e84 chromedriver + 3833476\n   13  chromedriver                        0x0000000102b0c210 chromedriver + 3916304\n   14  libsystem_pthread.dylib             0x00000001aa15a06c _pthread_start + 148\n   15  libsystem_pthread.dylib             0x00000001aa154e2c thread_start + 8\n", "test_name": "test_Dropdown_Nama", "rerun": "0"}, "5": {"status": "FAIL", "message": "   selenium.common.exceptions.TimeoutException: Message: \n   Stacktrace:\n   0   chromedriver                        0x0000000102b05a90 chromedriver + 3889808\n   1   chromedriver                        0x0000000102a94b54 chromedriver + 3427156\n   2   chromedriver                        0x0000000102786238 chromedriver + 221752\n   3   chromedriver                        0x00000001027b74c8 chromedriver + 423112\n   4   chromedriver                        0x00000001027e0944 chromedriver + 592196\n   5   chromedriver                        0x00000001027ac54c chromedriver + 378188\n   6   chromedriver                        0x0000000102ad92f8 chromedriver + 3707640\n   7   chromedriver                        0x0000000102adcea8 chromedriver + 3722920\n   8   chromedriver                        0x0000000102ae33d8 chromedriver + 3748824\n   9   chromedriver                        0x0000000102add9a8 chromedriver + 3725736\n   10  chromedriver                        0x0000000102ab8de8 chromedriver + 3575272\n   11  chromedriver                        0x0000000102af7d1c chromedriver + 3833116\n   12  chromedriver                        0x0000000102af7e84 chromedriver + 3833476\n   13  chromedriver                        0x0000000102b0c210 chromedriver + 3916304\n   14  libsystem_pthread.dylib             0x00000001aa15a06c _pthread_start + 148\n   15  libsystem_pthread.dylib             0x00000001aa154e2c thread_start + 8\n", "test_name": "test_Input_Search_Nama", "rerun": "0"}, "6": {"status": "FAIL", "message": "   AttributeError: 'NoneType' object has no attribute 'is_displayed'\n", "test_name": "test_Click_Button_Cari", "rerun": "0"}, "7": {"status": "FAIL", "message": "   selenium.common.exceptions.NoSuchWindowException: Message: no such window: target window already closed\n   from unknown error: web view not found\n     (Session info: chrome=106.0.5249.119)\n   Stacktrace:\n   0   chromedriver                        0x0000000102b05a90 chromedriver + 3889808\n   1   chromedriver                        0x0000000102a94b54 chromedriver + 3427156\n   2   chromedriver                        0x0000000102786238 chromedriver + 221752\n   3   chromedriver                        0x0000000102769b8c chromedriver + 105356\n   4   chromedriver                        0x00000001027d2664 chromedriver + 534116\n   5   chromedriver                        0x00000001027e0038 chromedriver + 589880\n   6   chromedriver                        0x00000001027ac54c chromedriver + 378188\n   7   chromedriver                        0x0000000102ad92f8 chromedriver + 3707640\n   8   chromedriver                        0x0000000102adcea8 chromedriver + 3722920\n   9   chromedriver                        0x0000000102ae33d8 chromedriver + 3748824\n   10  chromedriver                        0x0000000102add9a8 chromedriver + 3725736\n   11  chromedriver                        0x0000000102ab8de8 chromedriver + 3575272\n   12  chromedriver                        0x0000000102af7d1c chromedriver + 3833116\n   13  chromedriver                        0x0000000102af7e84 chromedriver + 3833476\n   14  chromedriver                        0x0000000102b0c210 chromedriver + 3916304\n   15  libsystem_pthread.dylib             0x00000001aa15a06c _pthread_start + 148\n   16  libsystem_pthread.dylib             0x00000001aa154e2c thread_start + 8\n", "test_name": "test_Click_Button_Update", "rerun": "0"}, "8": {"status": "FAIL", "message": "   selenium.common.exceptions.NoSuchWindowException: Message: no such window: target window already closed\n   from unknown error: web view not found\n     (Session info: chrome=106.0.5249.119)\n   Stacktrace:\n   0   chromedriver                        0x0000000102b05a90 chromedriver + 3889808\n   1   chromedriver                        0x0000000102a94b54 chromedriver + 3427156\n   2   chromedriver                        0x0000000102786238 chromedriver + 221752\n   3   chromedriver                        0x0000000102769b8c chromedriver + 105356\n   4   chromedriver                        0x00000001027d2664 chromedriver + 534116\n   5   chromedriver                        0x00000001027e0038 chromedriver + 589880\n   6   chromedriver                        0x00000001027ac54c chromedriver + 378188\n   7   chromedriver                        0x0000000102ad92f8 chromedriver + 3707640\n   8   chromedriver                        0x0000000102adcea8 chromedriver + 3722920\n   9   chromedriver                        0x0000000102ae33d8 chromedriver + 3748824\n   10  chromedriver                        0x0000000102add9a8 chromedriver + 3725736\n   11  chromedriver                        0x0000000102ab8de8 chromedriver + 3575272\n   12  chromedriver                        0x0000000102af7d1c chromedriver + 3833116\n   13  chromedriver                        0x0000000102af7e84 chromedriver + 3833476\n   14  chromedriver                        0x0000000102b0c210 chromedriver + 3916304\n   15  libsystem_pthread.dylib             0x00000001aa15a06c _pthread_start + 148\n   16  libsystem_pthread.dylib             0x00000001aa154e2c thread_start + 8\n", "test_name": "test_Click_Button_Tambah_WBP", "rerun": "0"}, "9": {"status": "FAIL", "message": "   selenium.common.exceptions.NoSuchWindowException: Message: no such window: target window already closed\n   from unknown error: web view not found\n     (Session info: chrome=106.0.5249.119)\n   Stacktrace:\n   0   chromedriver                        0x0000000102b05a90 chromedriver + 3889808\n   1   chromedriver                        0x0000000102a94b54 chromedriver + 3427156\n   2   chromedriver                        0x0000000102786238 chromedriver + 221752\n   3   chromedriver                        0x0000000102769b8c chromedriver + 105356\n   4   chromedriver                        0x00000001027d2664 chromedriver + 534116\n   5   chromedriver                        0x00000001027e0038 chromedriver + 589880\n   6   chromedriver                        0x00000001027ac54c chromedriver + 378188\n   7   chromedriver                        0x0000000102ad92f8 chromedriver + 3707640\n   8   chromedriver                        0x0000000102adcea8 chromedriver + 3722920\n   9   chromedriver                        0x0000000102ae33d8 chromedriver + 3748824\n   10  chromedriver                        0x0000000102add9a8 chromedriver + 3725736\n   11  chromedriver                        0x0000000102ab8de8 chromedriver + 3575272\n   12  chromedriver                        0x0000000102af7d1c chromedriver + 3833116\n   13  chromedriver                        0x0000000102af7e84 chromedriver + 3833476\n   14  chromedriver                        0x0000000102b0c210 chromedriver + 3916304\n   15  libsystem_pthread.dylib             0x00000001aa15a06c _pthread_start + 148\n   16  libsystem_pthread.dylib             0x00000001aa154e2c thread_start + 8\n", "test_name": "test_Input_Tanggal_Keluar", "rerun": "0"}, "10": {"status": "FAIL", "message": "   selenium.common.exceptions.NoSuchWindowException: Message: no such window: target window already closed\n   from unknown error: web view not found\n     (Session info: chrome=106.0.5249.119)\n   Stacktrace:\n   0   chromedriver                        0x0000000102b05a90 chromedriver + 3889808\n   1   chromedriver                        0x0000000102a94b54 chromedriver + 3427156\n   2   chromedriver                        0x0000000102786238 chromedriver + 221752\n   3   chromedriver                        0x0000000102769b8c chromedriver + 105356\n   4   chromedriver                        0x00000001027d2664 chromedriver + 534116\n   5   chromedriver                        0x00000001027e0038 chromedriver + 589880\n   6   chromedriver                        0x00000001027ac54c chromedriver + 378188\n   7   chromedriver                        0x0000000102ad92f8 chromedriver + 3707640\n   8   chromedriver                        0x0000000102adcea8 chromedriver + 3722920\n   9   chromedriver                        0x0000000102ae33d8 chromedriver + 3748824\n   10  chromedriver                        0x0000000102add9a8 chromedriver + 3725736\n   11  chromedriver                        0x0000000102ab8de8 chromedriver + 3575272\n   12  chromedriver                        0x0000000102af7d1c chromedriver + 3833116\n   13  chromedriver                        0x0000000102af7e84 chromedriver + 3833476\n   14  chromedriver                        0x0000000102b0c210 chromedriver + 3916304\n   15  libsystem_pthread.dylib             0x00000001aa15a06c _pthread_start + 148\n   16  libsystem_pthread.dylib             0x00000001aa154e2c thread_start + 8\n", "test_name": "test_Input_Tanggal_Harus_Kembali", "rerun": "0"}, "11": {"status": "FAIL", "message": "   selenium.common.exceptions.NoSuchWindowException: Message: no such window: target window already closed\n   from unknown error: web view not found\n     (Session info: chrome=106.0.5249.119)\n   Stacktrace:\n   0   chromedriver                        0x0000000102b05a90 chromedriver + 3889808\n   1   chromedriver                        0x0000000102a94b54 chromedriver + 3427156\n   2   chromedriver                        0x0000000102786238 chromedriver + 221752\n   3   chromedriver                        0x0000000102769b8c chromedriver + 105356\n   4   chromedriver                        0x00000001027d2664 chromedriver + 534116\n   5   chromedriver                        0x00000001027e0038 chromedriver + 589880\n   6   chromedriver                        0x00000001027ac54c chromedriver + 378188\n   7   chromedriver                        0x0000000102ad92f8 chromedriver + 3707640\n   8   chromedriver                        0x0000000102adcea8 chromedriver + 3722920\n   9   chromedriver                        0x0000000102ae33d8 chromedriver + 3748824\n   10  chromedriver                        0x0000000102add9a8 chromedriver + 3725736\n   11  chromedriver                        0x0000000102ab8de8 chromedriver + 3575272\n   12  chromedriver                        0x0000000102af7d1c chromedriver + 3833116\n   13  chromedriver                        0x0000000102af7e84 chromedriver + 3833476\n   14  chromedriver                        0x0000000102b0c210 chromedriver + 3916304\n   15  libsystem_pthread.dylib             0x00000001aa15a06c _pthread_start + 148\n   16  libsystem_pthread.dylib             0x00000001aa154e2c thread_start + 8\n", "test_name": "test_Input_Jenis_Keluar", "rerun": "0"}, "12": {"status": "FAIL", "message": "   selenium.common.exceptions.NoSuchWindowException: Message: no such window: target window already closed\n   from unknown error: web view not found\n     (Session info: chrome=106.0.5249.119)\n   Stacktrace:\n   0   chromedriver                        0x0000000102b05a90 chromedriver + 3889808\n   1   chromedriver                        0x0000000102a94b54 chromedriver + 3427156\n   2   chromedriver                        0x0000000102786238 chromedriver + 221752\n   3   chromedriver                        0x0000000102769b8c chromedriver + 105356\n   4   chromedriver                        0x00000001027d2664 chromedriver + 534116\n   5   chromedriver                        0x00000001027e0038 chromedriver + 589880\n   6   chromedriver                        0x00000001027ac54c chromedriver + 378188\n   7   chromedriver                        0x0000000102ad92f8 chromedriver + 3707640\n   8   chromedriver                        0x0000000102adcea8 chromedriver + 3722920\n   9   chromedriver                        0x0000000102ae33d8 chromedriver + 3748824\n   10  chromedriver                        0x0000000102add9a8 chromedriver + 3725736\n   11  chromedriver                        0x0000000102ab8de8 chromedriver + 3575272\n   12  chromedriver                        0x0000000102af7d1c chromedriver + 3833116\n   13  chromedriver                        0x0000000102af7e84 chromedriver + 3833476\n   14  chromedriver                        0x0000000102b0c210 chromedriver + 3916304\n   15  libsystem_pthread.dylib             0x00000001aa15a06c _pthread_start + 148\n   16  libsystem_pthread.dylib             0x00000001aa154e2c thread_start + 8\n", "test_name": "test_Input_Deskripsi", "rerun": "0"}, "13": {"status": "FAIL", "message": "   selenium.common.exceptions.NoSuchWindowException: Message: no such window: target window already closed\n   from unknown error: web view not found\n     (Session info: chrome=106.0.5249.119)\n   Stacktrace:\n   0   chromedriver                        0x0000000102b05a90 chromedriver + 3889808\n   1   chromedriver                        0x0000000102a94b54 chromedriver + 3427156\n   2   chromedriver                        0x0000000102786238 chromedriver + 221752\n   3   chromedriver                        0x0000000102769b8c chromedriver + 105356\n   4   chromedriver                        0x00000001027d2664 chromedriver + 534116\n   5   chromedriver                        0x00000001027e0038 chromedriver + 589880\n   6   chromedriver                        0x00000001027ac54c chromedriver + 378188\n   7   chromedriver                        0x0000000102ad92f8 chromedriver + 3707640\n   8   chromedriver                        0x0000000102adcea8 chromedriver + 3722920\n   9   chromedriver                        0x0000000102ae33d8 chromedriver + 3748824\n   10  chromedriver                        0x0000000102add9a8 chromedriver + 3725736\n   11  chromedriver                        0x0000000102ab8de8 chromedriver + 3575272\n   12  chromedriver                        0x0000000102af7d1c chromedriver + 3833116\n   13  chromedriver                        0x0000000102af7e84 chromedriver + 3833476\n   14  chromedriver                        0x0000000102b0c210 chromedriver + 3916304\n   15  libsystem_pthread.dylib             0x00000001aa15a06c _pthread_start + 148\n   16  libsystem_pthread.dylib             0x00000001aa154e2c thread_start + 8\n", "test_name": "test_Button_Submit", "rerun": "0"}, "14": {"status": "FAIL", "message": "   selenium.common.exceptions.NoSuchWindowException: Message: no such window: target window already closed\n   from unknown error: web view not found\n     (Session info: chrome=106.0.5249.119)\n   Stacktrace:\n   0   chromedriver                        0x0000000102b05a90 chromedriver + 3889808\n   1   chromedriver                        0x0000000102a94b54 chromedriver + 3427156\n   2   chromedriver                        0x0000000102786238 chromedriver + 221752\n   3   chromedriver                        0x0000000102769b8c chromedriver + 105356\n   4   chromedriver                        0x00000001027d2664 chromedriver + 534116\n   5   chromedriver                        0x00000001027e0038 chromedriver + 589880\n   6   chromedriver                        0x00000001027ac54c chromedriver + 378188\n   7   chromedriver                        0x0000000102ad92f8 chromedriver + 3707640\n   8   chromedriver                        0x0000000102adcea8 chromedriver + 3722920\n   9   chromedriver                        0x0000000102ae33d8 chromedriver + 3748824\n   10  chromedriver                        0x0000000102add9a8 chromedriver + 3725736\n   11  chromedriver                        0x0000000102ab8de8 chromedriver + 3575272\n   12  chromedriver                        0x0000000102af7d1c chromedriver + 3833116\n   13  chromedriver                        0x0000000102af7e84 chromedriver + 3833476\n   14  chromedriver                        0x0000000102b0c210 chromedriver + 3916304\n   15  libsystem_pthread.dylib             0x00000001aa15a06c _pthread_start + 148\n   16  libsystem_pthread.dylib             0x00000001aa154e2c thread_start + 8\n", "test_name": "test_Halaman_index", "rerun": "0"}}, "suite_name": "UnitTest_Input_DaftarLaluLintas.py"}}}, "date": "October 31, 2022", "start_time": 1667203366.835062, "total_suite": 1, "status": "FAIL", "status_list": {"pass": "2", "fail": "13", "skip": "0", "error": "0", "xpass": "0", "xfail": "0", "rerun": "0"}, "total_tests": "15"}