{"content": {"suites": {"0": {"status": {"total_pass": 1, "total_skip": 0, "total_xpass": 0, "total_xfail": 0, "total_rerun": 0, "total_fail": 14, "total_error": 0}, "tests": {"0": {"status": "PASS", "message": "", "test_name": "test_setup", "rerun": "0"}, "1": {"status": "FAIL", "message": "   selenium.common.exceptions.NoSuchElementException: Message: no such element: Unable to locate element: {\"method\":\"xpath\",\"selector\":\"//div/span\"}\n     (Session info: chrome=106.0.5249.119)\n   Stacktrace:\n   0   chromedriver                        0x0000000102d95a90 chromedriver + 3889808\n   1   chromedriver                        0x0000000102d24b54 chromedriver + 3427156\n   2   chromedriver                        0x0000000102a16238 chromedriver + 221752\n   3   chromedriver                        0x0000000102a474c8 chromedriver + 423112\n   4   chromedriver                        0x0000000102a70944 chromedriver + 592196\n   5   chromedriver                        0x0000000102a3c54c chromedriver + 378188\n   6   chromedriver                        0x0000000102d692f8 chromedriver + 3707640\n   7   chromedriver                        0x0000000102d6cea8 chromedriver + 3722920\n   8   chromedriver                        0x0000000102d733d8 chromedriver + 3748824\n   9   chromedriver                        0x0000000102d6d9a8 chromedriver + 3725736\n   10  chromedriver                        0x0000000102d48de8 chromedriver + 3575272\n   11  chromedriver                        0x0000000102d87d1c chromedriver + 3833116\n   12  chromedriver                        0x0000000102d87e84 chromedriver + 3833476\n   13  chromedriver                        0x0000000102d9c210 chromedriver + 3916304\n   14  libsystem_pthread.dylib             0x00000001aa15a06c _pthread_start + 148\n   15  libsystem_pthread.dylib             0x00000001aa154e2c thread_start + 8\n", "test_name": "test_login", "rerun": "0"}, "2": {"status": "FAIL", "message": "   selenium.common.exceptions.NoSuchElementException: Message: no such element: Unable to locate element: {\"method\":\"xpath\",\"selector\":\"//*[@id=\"app\"]/div/nav/ul/li[2]/div\"}\n     (Session info: chrome=106.0.5249.119)\n   Stacktrace:\n   0   chromedriver                        0x0000000102d95a90 chromedriver + 3889808\n   1   chromedriver                        0x0000000102d24b54 chromedriver + 3427156\n   2   chromedriver                        0x0000000102a16238 chromedriver + 221752\n   3   chromedriver                        0x0000000102a474c8 chromedriver + 423112\n   4   chromedriver                        0x0000000102a70944 chromedriver + 592196\n   5   chromedriver                        0x0000000102a3c54c chromedriver + 378188\n   6   chromedriver                        0x0000000102d692f8 chromedriver + 3707640\n   7   chromedriver                        0x0000000102d6cea8 chromedriver + 3722920\n   8   chromedriver                        0x0000000102d733d8 chromedriver + 3748824\n   9   chromedriver                        0x0000000102d6d9a8 chromedriver + 3725736\n   10  chromedriver                        0x0000000102d48de8 chromedriver + 3575272\n   11  chromedriver                        0x0000000102d87d1c chromedriver + 3833116\n   12  chromedriver                        0x0000000102d87e84 chromedriver + 3833476\n   13  chromedriver                        0x0000000102d9c210 chromedriver + 3916304\n   14  libsystem_pthread.dylib             0x00000001aa15a06c _pthread_start + 148\n   15  libsystem_pthread.dylib             0x00000001aa154e2c thread_start + 8\n", "test_name": "test_akses_menu", "rerun": "0"}, "3": {"status": "FAIL", "message": "   selenium.common.exceptions.TimeoutException: Message: \n   Stacktrace:\n   0   chromedriver                        0x0000000102d95a90 chromedriver + 3889808\n   1   chromedriver                        0x0000000102d24b54 chromedriver + 3427156\n   2   chromedriver                        0x0000000102a16238 chromedriver + 221752\n   3   chromedriver                        0x0000000102a474c8 chromedriver + 423112\n   4   chromedriver                        0x0000000102a70944 chromedriver + 592196\n   5   chromedriver                        0x0000000102a3c54c chromedriver + 378188\n   6   chromedriver                        0x0000000102d692f8 chromedriver + 3707640\n   7   chromedriver                        0x0000000102d6cea8 chromedriver + 3722920\n   8   chromedriver                        0x0000000102d733d8 chromedriver + 3748824\n   9   chromedriver                        0x0000000102d6d9a8 chromedriver + 3725736\n   10  chromedriver                        0x0000000102d48de8 chromedriver + 3575272\n   11  chromedriver                        0x0000000102d87d1c chromedriver + 3833116\n   12  chromedriver                        0x0000000102d87e84 chromedriver + 3833476\n   13  chromedriver                        0x0000000102d9c210 chromedriver + 3916304\n   14  libsystem_pthread.dylib             0x00000001aa15a06c _pthread_start + 148\n   15  libsystem_pthread.dylib             0x00000001aa154e2c thread_start + 8\n", "test_name": "test_button_tambah", "rerun": "0"}, "4": {"status": "FAIL", "message": "   selenium.common.exceptions.TimeoutException: Message: \n   Stacktrace:\n   0   chromedriver                        0x0000000102d95a90 chromedriver + 3889808\n   1   chromedriver                        0x0000000102d24b54 chromedriver + 3427156\n   2   chromedriver                        0x0000000102a16238 chromedriver + 221752\n   3   chromedriver                        0x0000000102a474c8 chromedriver + 423112\n   4   chromedriver                        0x0000000102a70944 chromedriver + 592196\n   5   chromedriver                        0x0000000102a3c54c chromedriver + 378188\n   6   chromedriver                        0x0000000102d692f8 chromedriver + 3707640\n   7   chromedriver                        0x0000000102d6cea8 chromedriver + 3722920\n   8   chromedriver                        0x0000000102d733d8 chromedriver + 3748824\n   9   chromedriver                        0x0000000102d6d9a8 chromedriver + 3725736\n   10  chromedriver                        0x0000000102d48de8 chromedriver + 3575272\n   11  chromedriver                        0x0000000102d87d1c chromedriver + 3833116\n   12  chromedriver                        0x0000000102d87e84 chromedriver + 3833476\n   13  chromedriver                        0x0000000102d9c210 chromedriver + 3916304\n   14  libsystem_pthread.dylib             0x00000001aa15a06c _pthread_start + 148\n   15  libsystem_pthread.dylib             0x00000001aa154e2c thread_start + 8\n", "test_name": "test_Dropdown_Nama", "rerun": "0"}, "5": {"status": "FAIL", "message": "   selenium.common.exceptions.TimeoutException: Message: \n   Stacktrace:\n   0   chromedriver                        0x0000000102d95a90 chromedriver + 3889808\n   1   chromedriver                        0x0000000102d24b54 chromedriver + 3427156\n   2   chromedriver                        0x0000000102a16238 chromedriver + 221752\n   3   chromedriver                        0x0000000102a474c8 chromedriver + 423112\n   4   chromedriver                        0x0000000102a70944 chromedriver + 592196\n   5   chromedriver                        0x0000000102a3c54c chromedriver + 378188\n   6   chromedriver                        0x0000000102d692f8 chromedriver + 3707640\n   7   chromedriver                        0x0000000102d6cea8 chromedriver + 3722920\n   8   chromedriver                        0x0000000102d733d8 chromedriver + 3748824\n   9   chromedriver                        0x0000000102d6d9a8 chromedriver + 3725736\n   10  chromedriver                        0x0000000102d48de8 chromedriver + 3575272\n   11  chromedriver                        0x0000000102d87d1c chromedriver + 3833116\n   12  chromedriver                        0x0000000102d87e84 chromedriver + 3833476\n   13  chromedriver                        0x0000000102d9c210 chromedriver + 3916304\n   14  libsystem_pthread.dylib             0x00000001aa15a06c _pthread_start + 148\n   15  libsystem_pthread.dylib             0x00000001aa154e2c thread_start + 8\n", "test_name": "test_Input_Search_Nama", "rerun": "0"}, "6": {"status": "FAIL", "message": "   selenium.common.exceptions.TimeoutException: Message: \n   Stacktrace:\n   0   chromedriver                        0x0000000102d95a90 chromedriver + 3889808\n   1   chromedriver                        0x0000000102d24b54 chromedriver + 3427156\n   2   chromedriver                        0x0000000102a16238 chromedriver + 221752\n   3   chromedriver                        0x0000000102a474c8 chromedriver + 423112\n   4   chromedriver                        0x0000000102a70944 chromedriver + 592196\n   5   chromedriver                        0x0000000102a3c54c chromedriver + 378188\n   6   chromedriver                        0x0000000102d692f8 chromedriver + 3707640\n   7   chromedriver                        0x0000000102d6cea8 chromedriver + 3722920\n   8   chromedriver                        0x0000000102d733d8 chromedriver + 3748824\n   9   chromedriver                        0x0000000102d6d9a8 chromedriver + 3725736\n   10  chromedriver                        0x0000000102d48de8 chromedriver + 3575272\n   11  chromedriver                        0x0000000102d87d1c chromedriver + 3833116\n   12  chromedriver                        0x0000000102d87e84 chromedriver + 3833476\n   13  chromedriver                        0x0000000102d9c210 chromedriver + 3916304\n   14  libsystem_pthread.dylib             0x00000001aa15a06c _pthread_start + 148\n   15  libsystem_pthread.dylib             0x00000001aa154e2c thread_start + 8\n", "test_name": "test_Click_Button_Cari", "rerun": "0"}, "7": {"status": "FAIL", "message": "   selenium.common.exceptions.TimeoutException: Message: \n   Stacktrace:\n   0   chromedriver                        0x0000000102d95a90 chromedriver + 3889808\n   1   chromedriver                        0x0000000102d24b54 chromedriver + 3427156\n   2   chromedriver                        0x0000000102a16238 chromedriver + 221752\n   3   chromedriver                        0x0000000102a474c8 chromedriver + 423112\n   4   chromedriver                        0x0000000102a70944 chromedriver + 592196\n   5   chromedriver                        0x0000000102a3c54c chromedriver + 378188\n   6   chromedriver                        0x0000000102d692f8 chromedriver + 3707640\n   7   chromedriver                        0x0000000102d6cea8 chromedriver + 3722920\n   8   chromedriver                        0x0000000102d733d8 chromedriver + 3748824\n   9   chromedriver                        0x0000000102d6d9a8 chromedriver + 3725736\n   10  chromedriver                        0x0000000102d48de8 chromedriver + 3575272\n   11  chromedriver                        0x0000000102d87d1c chromedriver + 3833116\n   12  chromedriver                        0x0000000102d87e84 chromedriver + 3833476\n   13  chromedriver                        0x0000000102d9c210 chromedriver + 3916304\n   14  libsystem_pthread.dylib             0x00000001aa15a06c _pthread_start + 148\n   15  libsystem_pthread.dylib             0x00000001aa154e2c thread_start + 8\n", "test_name": "test_Click_Button_Update", "rerun": "0"}, "8": {"status": "FAIL", "message": "   selenium.common.exceptions.NoSuchElementException: Message: no such element: Unable to locate element: {\"method\":\"xpath\",\"selector\":\"//*[@id=\"app\"]/div/div[2]/div/div[2]/div/div/div[3]/div/div/div[2]/div/div/div/div/div[2]/button\"}\n     (Session info: chrome=106.0.5249.119)\n   Stacktrace:\n   0   chromedriver                        0x0000000102d95a90 chromedriver + 3889808\n   1   chromedriver                        0x0000000102d24b54 chromedriver + 3427156\n   2   chromedriver                        0x0000000102a16238 chromedriver + 221752\n   3   chromedriver                        0x0000000102a474c8 chromedriver + 423112\n   4   chromedriver                        0x0000000102a70944 chromedriver + 592196\n   5   chromedriver                        0x0000000102a3c54c chromedriver + 378188\n   6   chromedriver                        0x0000000102d692f8 chromedriver + 3707640\n   7   chromedriver                        0x0000000102d6cea8 chromedriver + 3722920\n   8   chromedriver                        0x0000000102d733d8 chromedriver + 3748824\n   9   chromedriver                        0x0000000102d6d9a8 chromedriver + 3725736\n   10  chromedriver                        0x0000000102d48de8 chromedriver + 3575272\n   11  chromedriver                        0x0000000102d87d1c chromedriver + 3833116\n   12  chromedriver                        0x0000000102d87e84 chromedriver + 3833476\n   13  chromedriver                        0x0000000102d9c210 chromedriver + 3916304\n   14  libsystem_pthread.dylib             0x00000001aa15a06c _pthread_start + 148\n   15  libsystem_pthread.dylib             0x00000001aa154e2c thread_start + 8\n", "test_name": "test_Click_Button_Tambah_WBP", "rerun": "0"}, "9": {"status": "FAIL", "message": "   selenium.common.exceptions.TimeoutException: Message: \n   Stacktrace:\n   0   chromedriver                        0x0000000102d95a90 chromedriver + 3889808\n   1   chromedriver                        0x0000000102d24b54 chromedriver + 3427156\n   2   chromedriver                        0x0000000102a16238 chromedriver + 221752\n   3   chromedriver                        0x0000000102a474c8 chromedriver + 423112\n   4   chromedriver                        0x0000000102a70944 chromedriver + 592196\n   5   chromedriver                        0x0000000102a3c54c chromedriver + 378188\n   6   chromedriver                        0x0000000102d692f8 chromedriver + 3707640\n   7   chromedriver                        0x0000000102d6cea8 chromedriver + 3722920\n   8   chromedriver                        0x0000000102d733d8 chromedriver + 3748824\n   9   chromedriver                        0x0000000102d6d9a8 chromedriver + 3725736\n   10  chromedriver                        0x0000000102d48de8 chromedriver + 3575272\n   11  chromedriver                        0x0000000102d87d1c chromedriver + 3833116\n   12  chromedriver                        0x0000000102d87e84 chromedriver + 3833476\n   13  chromedriver                        0x0000000102d9c210 chromedriver + 3916304\n   14  libsystem_pthread.dylib             0x00000001aa15a06c _pthread_start + 148\n   15  libsystem_pthread.dylib             0x00000001aa154e2c thread_start + 8\n", "test_name": "test_Input_Tanggal_Keluar", "rerun": "0"}, "10": {"status": "FAIL", "message": "   AttributeError: 'NoneType' object has no attribute 'send_keys'\n", "test_name": "test_Input_Tanggal_Harus_Kembali", "rerun": "0"}, "11": {"status": "FAIL", "message": "   selenium.common.exceptions.WebDriverException: Message: chrome not reachable\n     (Session info: chrome=106.0.5249.119)\n   Stacktrace:\n   0   chromedriver                        0x0000000102d95a90 chromedriver + 3889808\n   1   chromedriver                        0x0000000102d24b54 chromedriver + 3427156\n   2   chromedriver                        0x0000000102a16108 chromedriver + 221448\n   3   chromedriver                        0x0000000102a07738 chromedriver + 161592\n   4   chromedriver                        0x00000001029fa130 chromedriver + 106800\n   5   chromedriver                        0x0000000102a02dc8 chromedriver + 142792\n   6   chromedriver                        0x0000000102a70080 chromedriver + 589952\n   7   chromedriver                        0x0000000102a3c54c chromedriver + 378188\n   8   chromedriver                        0x0000000102d692f8 chromedriver + 3707640\n   9   chromedriver                        0x0000000102d6cea8 chromedriver + 3722920\n   10  chromedriver                        0x0000000102d733d8 chromedriver + 3748824\n   11  chromedriver                        0x0000000102d6d9a8 chromedriver + 3725736\n   12  chromedriver                        0x0000000102d48de8 chromedriver + 3575272\n   13  chromedriver                        0x0000000102d87d1c chromedriver + 3833116\n   14  chromedriver                        0x0000000102d87e84 chromedriver + 3833476\n   15  chromedriver                        0x0000000102d9c210 chromedriver + 3916304\n   16  libsystem_pthread.dylib             0x00000001aa15a06c _pthread_start + 148\n   17  libsystem_pthread.dylib             0x00000001aa154e2c thread_start + 8\n", "test_name": "test_Input_Jenis_Keluar", "rerun": "0"}, "12": {"status": "FAIL", "message": "   selenium.common.exceptions.WebDriverException: Message: chrome not reachable\n     (Session info: chrome=106.0.5249.119)\n   Stacktrace:\n   0   chromedriver                        0x0000000102d95a90 chromedriver + 3889808\n   1   chromedriver                        0x0000000102d24b54 chromedriver + 3427156\n   2   chromedriver                        0x0000000102a16108 chromedriver + 221448\n   3   chromedriver                        0x0000000102a07738 chromedriver + 161592\n   4   chromedriver                        0x00000001029fa130 chromedriver + 106800\n   5   chromedriver                        0x0000000102a02dc8 chromedriver + 142792\n   6   chromedriver                        0x0000000102a70080 chromedriver + 589952\n   7   chromedriver                        0x0000000102a3c54c chromedriver + 378188\n   8   chromedriver                        0x0000000102d692f8 chromedriver + 3707640\n   9   chromedriver                        0x0000000102d6cea8 chromedriver + 3722920\n   10  chromedriver                        0x0000000102d733d8 chromedriver + 3748824\n   11  chromedriver                        0x0000000102d6d9a8 chromedriver + 3725736\n   12  chromedriver                        0x0000000102d48de8 chromedriver + 3575272\n   13  chromedriver                        0x0000000102d87d1c chromedriver + 3833116\n   14  chromedriver                        0x0000000102d87e84 chromedriver + 3833476\n   15  chromedriver                        0x0000000102d9c210 chromedriver + 3916304\n   16  libsystem_pthread.dylib             0x00000001aa15a06c _pthread_start + 148\n   17  libsystem_pthread.dylib             0x00000001aa154e2c thread_start + 8\n", "test_name": "test_Input_Deskripsi", "rerun": "0"}, "13": {"status": "FAIL", "message": "   selenium.common.exceptions.WebDriverException: Message: chrome not reachable\n     (Session info: chrome=106.0.5249.119)\n   Stacktrace:\n   0   chromedriver                        0x0000000102d95a90 chromedriver + 3889808\n   1   chromedriver                        0x0000000102d24b54 chromedriver + 3427156\n   2   chromedriver                        0x0000000102a16108 chromedriver + 221448\n   3   chromedriver                        0x0000000102a07738 chromedriver + 161592\n   4   chromedriver                        0x00000001029fa130 chromedriver + 106800\n   5   chromedriver                        0x0000000102a02dc8 chromedriver + 142792\n   6   chromedriver                        0x0000000102a70080 chromedriver + 589952\n   7   chromedriver                        0x0000000102a3c54c chromedriver + 378188\n   8   chromedriver                        0x0000000102d692f8 chromedriver + 3707640\n   9   chromedriver                        0x0000000102d6cea8 chromedriver + 3722920\n   10  chromedriver                        0x0000000102d733d8 chromedriver + 3748824\n   11  chromedriver                        0x0000000102d6d9a8 chromedriver + 3725736\n   12  chromedriver                        0x0000000102d48de8 chromedriver + 3575272\n   13  chromedriver                        0x0000000102d87d1c chromedriver + 3833116\n   14  chromedriver                        0x0000000102d87e84 chromedriver + 3833476\n   15  chromedriver                        0x0000000102d9c210 chromedriver + 3916304\n   16  libsystem_pthread.dylib             0x00000001aa15a06c _pthread_start + 148\n   17  libsystem_pthread.dylib             0x00000001aa154e2c thread_start + 8\n", "test_name": "test_Button_Submit", "rerun": "0"}, "14": {"status": "FAIL", "message": "   selenium.common.exceptions.WebDriverException: Message: chrome not reachable\n     (Session info: chrome=106.0.5249.119)\n   Stacktrace:\n   0   chromedriver                        0x0000000102d95a90 chromedriver + 3889808\n   1   chromedriver                        0x0000000102d24b54 chromedriver + 3427156\n   2   chromedriver                        0x0000000102a16108 chromedriver + 221448\n   3   chromedriver                        0x0000000102a07738 chromedriver + 161592\n   4   chromedriver                        0x00000001029fa130 chromedriver + 106800\n   5   chromedriver                        0x0000000102a02dc8 chromedriver + 142792\n   6   chromedriver                        0x0000000102a70080 chromedriver + 589952\n   7   chromedriver                        0x0000000102a3c54c chromedriver + 378188\n   8   chromedriver                        0x0000000102d692f8 chromedriver + 3707640\n   9   chromedriver                        0x0000000102d6cea8 chromedriver + 3722920\n   10  chromedriver                        0x0000000102d733d8 chromedriver + 3748824\n   11  chromedriver                        0x0000000102d6d9a8 chromedriver + 3725736\n   12  chromedriver                        0x0000000102d48de8 chromedriver + 3575272\n   13  chromedriver                        0x0000000102d87d1c chromedriver + 3833116\n   14  chromedriver                        0x0000000102d87e84 chromedriver + 3833476\n   15  chromedriver                        0x0000000102d9c210 chromedriver + 3916304\n   16  libsystem_pthread.dylib             0x00000001aa15a06c _pthread_start + 148\n   17  libsystem_pthread.dylib             0x00000001aa154e2c thread_start + 8\n", "test_name": "test_Halaman_index", "rerun": "0"}}, "suite_name": "UnitTest_Input_DaftarLaluLintas.py"}}}, "date": "October 31, 2022", "start_time": 1667203269.76821, "total_suite": 1, "status": "FAIL", "status_list": {"pass": "1", "fail": "14", "skip": "0", "error": "0", "xpass": "0", "xfail": "0", "rerun": "0"}, "total_tests": "15"}