{"content": {"suites": {"0": {"status": {"total_pass": 4, "total_skip": 0, "total_xpass": 0, "total_xfail": 0, "total_rerun": 0, "total_fail": 2, "total_error": 0}, "tests": {"0": {"status": "PASS", "message": "", "test_name": "test_setup", "rerun": "0"}, "1": {"status": "PASS", "message": "", "test_name": "test_login", "rerun": "0"}, "2": {"status": "PASS", "message": "", "test_name": "test_akses_menu", "rerun": "0"}, "3": {"status": "PASS", "message": "", "test_name": "test_search_data_kategori_nama", "rerun": "0"}, "4": {"status": "FAIL", "message": "   selenium.common.exceptions.InvalidSelectorException: Message: invalid selector: Unable to locate an element with the xpath expression ///*[@id=\"nomorInduk\"] because of the following error:\n   SyntaxError: Failed to execute 'evaluate' on 'Document': The string '///*[@id=\"nomorInduk\"]' is not a valid XPath expression.\n     (Session info: chrome=106.0.5249.119)\n   Stacktrace:\n   0   chromedriver                        0x0000000104689a90 chromedriver + 3889808\n   1   chromedriver                        0x0000000104618b54 chromedriver + 3427156\n   2   chromedriver                        0x000000010430a238 chromedriver + 221752\n   3   chromedriver                        0x000000010430cdf8 chromedriver + 232952\n   4   chromedriver                        0x000000010430cc60 chromedriver + 232544\n   5   chromedriver                        0x000000010430ce94 chromedriver + 233108\n   6   chromedriver                        0x000000010433b254 chromedriver + 422484\n   7   chromedriver                        0x0000000104364944 chromedriver + 592196\n   8   chromedriver                        0x000000010433054c chromedriver + 378188\n   9   chromedriver                        0x000000010465d2f8 chromedriver + 3707640\n   10  chromedriver                        0x0000000104660ea8 chromedriver + 3722920\n   11  chromedriver                        0x00000001046673d8 chromedriver + 3748824\n   12  chromedriver                        0x00000001046619a8 chromedriver + 3725736\n   13  chromedriver                        0x000000010463cde8 chromedriver + 3575272\n   14  chromedriver                        0x000000010467bd1c chromedriver + 3833116\n   15  chromedriver                        0x000000010467be84 chromedriver + 3833476\n   16  chromedriver                        0x0000000104690210 chromedriver + 3916304\n   17  libsystem_pthread.dylib             0x00000001ac3b026c _pthread_start + 148\n   18  libsystem_pthread.dylib             0x00000001ac3ab08c thread_start + 8\n", "test_name": "test_search_data_kategori_NoInduk", "rerun": "0"}, "5": {"status": "FAIL", "message": "   selenium.common.exceptions.NoSuchElementException: Message: no such element: Unable to locate element: {\"method\":\"css selector\",\"selector\":\".el-select__caret:nth-child(2) > svg\"}\n     (Session info: chrome=106.0.5249.119)\n   Stacktrace:\n   0   chromedriver                        0x0000000104689a90 chromedriver + 3889808\n   1   chromedriver                        0x0000000104618b54 chromedriver + 3427156\n   2   chromedriver                        0x000000010430a238 chromedriver + 221752\n   3   chromedriver                        0x000000010433b4c8 chromedriver + 423112\n   4   chromedriver                        0x0000000104364944 chromedriver + 592196\n   5   chromedriver                        0x000000010433054c chromedriver + 378188\n   6   chromedriver                        0x000000010465d2f8 chromedriver + 3707640\n   7   chromedriver                        0x0000000104660ea8 chromedriver + 3722920\n   8   chromedriver                        0x00000001046673d8 chromedriver + 3748824\n   9   chromedriver                        0x00000001046619a8 chromedriver + 3725736\n   10  chromedriver                        0x000000010463cde8 chromedriver + 3575272\n   11  chromedriver                        0x000000010467bd1c chromedriver + 3833116\n   12  chromedriver                        0x000000010467be84 chromedriver + 3833476\n   13  chromedriver                        0x0000000104690210 chromedriver + 3916304\n   14  libsystem_pthread.dylib             0x00000001ac3b026c _pthread_start + 148\n   15  libsystem_pthread.dylib             0x00000001ac3ab08c thread_start + 8\n", "test_name": "test_clik_clear_value", "rerun": "0"}}, "suite_name": "fungsional_Test_DaftarLaluLintas.py"}}}, "date": "October 26, 2022", "start_time": 1666754136.858402, "total_suite": 1, "status": "FAIL", "status_list": {"pass": "4", "fail": "2", "skip": "0", "error": "0", "xpass": "0", "xfail": "0", "rerun": "0"}, "total_tests": "6"}