{"content": {"suites": {"0": {"status": {"total_pass": 2, "total_skip": 0, "total_xpass": 0, "total_xfail": 0, "total_rerun": 0, "total_fail": 20, "total_error": 0}, "tests": {"0": {"status": "PASS", "message": "", "test_name": "test_1_setupOS_Search_Tambah", "rerun": "0"}, "1": {"status": "PASS", "message": "", "test_name": "test_2_login_SearchTambah", "rerun": "0"}, "2": {"status": "FAIL", "message": "   selenium.common.exceptions.NoSuchWindowException: Message: no such window: target window already closed\n   from unknown error: web view not found\n     (Session info: chrome=107.0.5304.87)\n   Stacktrace:\n   0   chromedriver                        0x00000001050f2a88 chromedriver + 4123272\n   1   chromedriver                        0x000000010507e778 chromedriver + 3647352\n   2   chromedriver                        0x0000000104d40ac4 chromedriver + 248516\n   3   chromedriver                        0x0000000104d20304 chromedriver + 115460\n   4   chromedriver                        0x0000000104d96e64 chromedriver + 601700\n   5   chromedriver                        0x0000000104da8744 chromedriver + 673604\n   6   chromedriver                        0x0000000104d6ab10 chromedriver + 420624\n   7   chromedriver                        0x0000000104d6bc30 chromedriver + 425008\n   8   chromedriver                        0x00000001050c4ae4 chromedriver + 3934948\n   9   chromedriver                        0x00000001050c7f24 chromedriver + 3948324\n   10  chromedriver                        0x00000001050c8508 chromedriver + 3949832\n   11  chromedriver                        0x00000001050ceb30 chromedriver + 3975984\n   12  chromedriver                        0x00000001050c8b24 chromedriver + 3951396\n   13  chromedriver                        0x00000001050a371c chromedriver + 3798812\n   14  chromedriver                        0x00000001050e52f0 chromedriver + 4068080\n   15  chromedriver                        0x00000001050e5444 chromedriver + 4068420\n   16  chromedriver                        0x00000001050f9450 chromedriver + 4150352\n   17  libsystem_pthread.dylib             0x00000001993ea06c _pthread_start + 148\n   18  libsystem_pthread.dylib             0x00000001993e4e2c thread_start + 8\n", "test_name": "test_3_akses_menu_index", "rerun": "0"}, "3": {"status": "FAIL", "message": "   selenium.common.exceptions.NoSuchWindowException: Message: no such window: target window already closed\n   from unknown error: web view not found\n     (Session info: chrome=107.0.5304.87)\n   Stacktrace:\n   0   chromedriver                        0x00000001050f2a88 chromedriver + 4123272\n   1   chromedriver                        0x000000010507e778 chromedriver + 3647352\n   2   chromedriver                        0x0000000104d40ac4 chromedriver + 248516\n   3   chromedriver                        0x0000000104d20304 chromedriver + 115460\n   4   chromedriver                        0x0000000104d96e64 chromedriver + 601700\n   5   chromedriver                        0x0000000104da8744 chromedriver + 673604\n   6   chromedriver                        0x0000000104d6ab10 chromedriver + 420624\n   7   chromedriver                        0x0000000104d6bc30 chromedriver + 425008\n   8   chromedriver                        0x00000001050c4ae4 chromedriver + 3934948\n   9   chromedriver                        0x00000001050c7f24 chromedriver + 3948324\n   10  chromedriver                        0x00000001050c8508 chromedriver + 3949832\n   11  chromedriver                        0x00000001050ceb30 chromedriver + 3975984\n   12  chromedriver                        0x00000001050c8b24 chromedriver + 3951396\n   13  chromedriver                        0x00000001050a371c chromedriver + 3798812\n   14  chromedriver                        0x00000001050e52f0 chromedriver + 4068080\n   15  chromedriver                        0x00000001050e5444 chromedriver + 4068420\n   16  chromedriver                        0x00000001050f9450 chromedriver + 4150352\n   17  libsystem_pthread.dylib             0x00000001993ea06c _pthread_start + 148\n   18  libsystem_pthread.dylib             0x00000001993e4e2c thread_start + 8\n", "test_name": "test_4_ButtonTambah_PegawaiTambah", "rerun": "0"}, "4": {"status": "FAIL", "message": "   selenium.common.exceptions.NoSuchWindowException: Message: no such window: target window already closed\n   from unknown error: web view not found\n     (Session info: chrome=107.0.5304.87)\n   Stacktrace:\n   0   chromedriver                        0x00000001050f2a88 chromedriver + 4123272\n   1   chromedriver                        0x000000010507e778 chromedriver + 3647352\n   2   chromedriver                        0x0000000104d40ac4 chromedriver + 248516\n   3   chromedriver                        0x0000000104d20304 chromedriver + 115460\n   4   chromedriver                        0x0000000104d96e64 chromedriver + 601700\n   5   chromedriver                        0x0000000104da8744 chromedriver + 673604\n   6   chromedriver                        0x0000000104d6ab10 chromedriver + 420624\n   7   chromedriver                        0x0000000104d6bc30 chromedriver + 425008\n   8   chromedriver                        0x00000001050c4ae4 chromedriver + 3934948\n   9   chromedriver                        0x00000001050c7f24 chromedriver + 3948324\n   10  chromedriver                        0x00000001050c8508 chromedriver + 3949832\n   11  chromedriver                        0x00000001050ceb30 chromedriver + 3975984\n   12  chromedriver                        0x00000001050c8b24 chromedriver + 3951396\n   13  chromedriver                        0x00000001050a371c chromedriver + 3798812\n   14  chromedriver                        0x00000001050e52f0 chromedriver + 4068080\n   15  chromedriver                        0x00000001050e5444 chromedriver + 4068420\n   16  chromedriver                        0x00000001050f9450 chromedriver + 4150352\n   17  libsystem_pthread.dylib             0x00000001993ea06c _pthread_start + 148\n   18  libsystem_pthread.dylib             0x00000001993e4e2c thread_start + 8\n", "test_name": "test_5_kategori_Pegawaitambah", "rerun": "0"}, "5": {"status": "FAIL", "message": "   selenium.common.exceptions.NoSuchWindowException: Message: no such window: target window already closed\n   from unknown error: web view not found\n     (Session info: chrome=107.0.5304.87)\n   Stacktrace:\n   0   chromedriver                        0x00000001050f2a88 chromedriver + 4123272\n   1   chromedriver                        0x000000010507e778 chromedriver + 3647352\n   2   chromedriver                        0x0000000104d40ac4 chromedriver + 248516\n   3   chromedriver                        0x0000000104d20304 chromedriver + 115460\n   4   chromedriver                        0x0000000104d96e64 chromedriver + 601700\n   5   chromedriver                        0x0000000104da8744 chromedriver + 673604\n   6   chromedriver                        0x0000000104d6ab10 chromedriver + 420624\n   7   chromedriver                        0x0000000104d6bc30 chromedriver + 425008\n   8   chromedriver                        0x00000001050c4ae4 chromedriver + 3934948\n   9   chromedriver                        0x00000001050c7f24 chromedriver + 3948324\n   10  chromedriver                        0x00000001050c8508 chromedriver + 3949832\n   11  chromedriver                        0x00000001050ceb30 chromedriver + 3975984\n   12  chromedriver                        0x00000001050c8b24 chromedriver + 3951396\n   13  chromedriver                        0x00000001050a371c chromedriver + 3798812\n   14  chromedriver                        0x00000001050e52f0 chromedriver + 4068080\n   15  chromedriver                        0x00000001050e5444 chromedriver + 4068420\n   16  chromedriver                        0x00000001050f9450 chromedriver + 4150352\n   17  libsystem_pthread.dylib             0x00000001993ea06c _pthread_start + 148\n   18  libsystem_pthread.dylib             0x00000001993e4e2c thread_start + 8\n", "test_name": "test_6_NamaSearch_Pegawaitambah", "rerun": "0"}, "6": {"status": "FAIL", "message": "   selenium.common.exceptions.NoSuchWindowException: Message: no such window: target window already closed\n   from unknown error: web view not found\n     (Session info: chrome=107.0.5304.87)\n   Stacktrace:\n   0   chromedriver                        0x00000001050f2a88 chromedriver + 4123272\n   1   chromedriver                        0x000000010507e778 chromedriver + 3647352\n   2   chromedriver                        0x0000000104d40ac4 chromedriver + 248516\n   3   chromedriver                        0x0000000104d20304 chromedriver + 115460\n   4   chromedriver                        0x0000000104d96e64 chromedriver + 601700\n   5   chromedriver                        0x0000000104da8744 chromedriver + 673604\n   6   chromedriver                        0x0000000104d6ab10 chromedriver + 420624\n   7   chromedriver                        0x0000000104d6bc30 chromedriver + 425008\n   8   chromedriver                        0x00000001050c4ae4 chromedriver + 3934948\n   9   chromedriver                        0x00000001050c7f24 chromedriver + 3948324\n   10  chromedriver                        0x00000001050c8508 chromedriver + 3949832\n   11  chromedriver                        0x00000001050ceb30 chromedriver + 3975984\n   12  chromedriver                        0x00000001050c8b24 chromedriver + 3951396\n   13  chromedriver                        0x00000001050a371c chromedriver + 3798812\n   14  chromedriver                        0x00000001050e52f0 chromedriver + 4068080\n   15  chromedriver                        0x00000001050e5444 chromedriver + 4068420\n   16  chromedriver                        0x00000001050f9450 chromedriver + 4150352\n   17  libsystem_pthread.dylib             0x00000001993ea06c _pthread_start + 148\n   18  libsystem_pthread.dylib             0x00000001993e4e2c thread_start + 8\n", "test_name": "test_7_InputKeperluan_Pegawaitambah", "rerun": "0"}, "7": {"status": "FAIL", "message": "   selenium.common.exceptions.NoSuchWindowException: Message: no such window: target window already closed\n   from unknown error: web view not found\n     (Session info: chrome=107.0.5304.87)\n   Stacktrace:\n   0   chromedriver                        0x00000001050f2a88 chromedriver + 4123272\n   1   chromedriver                        0x000000010507e778 chromedriver + 3647352\n   2   chromedriver                        0x0000000104d40ac4 chromedriver + 248516\n   3   chromedriver                        0x0000000104d20304 chromedriver + 115460\n   4   chromedriver                        0x0000000104d96e64 chromedriver + 601700\n   5   chromedriver                        0x0000000104da8744 chromedriver + 673604\n   6   chromedriver                        0x0000000104d6ab10 chromedriver + 420624\n   7   chromedriver                        0x0000000104d6bc30 chromedriver + 425008\n   8   chromedriver                        0x00000001050c4ae4 chromedriver + 3934948\n   9   chromedriver                        0x00000001050c7f24 chromedriver + 3948324\n   10  chromedriver                        0x00000001050c8508 chromedriver + 3949832\n   11  chromedriver                        0x00000001050ceb30 chromedriver + 3975984\n   12  chromedriver                        0x00000001050c8b24 chromedriver + 3951396\n   13  chromedriver                        0x00000001050a371c chromedriver + 3798812\n   14  chromedriver                        0x00000001050e52f0 chromedriver + 4068080\n   15  chromedriver                        0x00000001050e5444 chromedriver + 4068420\n   16  chromedriver                        0x00000001050f9450 chromedriver + 4150352\n   17  libsystem_pthread.dylib             0x00000001993ea06c _pthread_start + 148\n   18  libsystem_pthread.dylib             0x00000001993e4e2c thread_start + 8\n", "test_name": "test_8_ButtonSubmit_Pegawaitambah", "rerun": "0"}, "8": {"status": "FAIL", "message": "   selenium.common.exceptions.NoSuchWindowException: Message: no such window: target window already closed\n   from unknown error: web view not found\n     (Session info: chrome=107.0.5304.87)\n   Stacktrace:\n   0   chromedriver                        0x00000001050f2a88 chromedriver + 4123272\n   1   chromedriver                        0x000000010507e778 chromedriver + 3647352\n   2   chromedriver                        0x0000000104d40ac4 chromedriver + 248516\n   3   chromedriver                        0x0000000104d20304 chromedriver + 115460\n   4   chromedriver                        0x0000000104d96e64 chromedriver + 601700\n   5   chromedriver                        0x0000000104da8744 chromedriver + 673604\n   6   chromedriver                        0x0000000104d6ab10 chromedriver + 420624\n   7   chromedriver                        0x0000000104d6bc30 chromedriver + 425008\n   8   chromedriver                        0x00000001050c4ae4 chromedriver + 3934948\n   9   chromedriver                        0x00000001050c7f24 chromedriver + 3948324\n   10  chromedriver                        0x00000001050c8508 chromedriver + 3949832\n   11  chromedriver                        0x00000001050ceb30 chromedriver + 3975984\n   12  chromedriver                        0x00000001050c8b24 chromedriver + 3951396\n   13  chromedriver                        0x00000001050a371c chromedriver + 3798812\n   14  chromedriver                        0x00000001050e52f0 chromedriver + 4068080\n   15  chromedriver                        0x00000001050e5444 chromedriver + 4068420\n   16  chromedriver                        0x00000001050f9450 chromedriver + 4150352\n   17  libsystem_pthread.dylib             0x00000001993ea06c _pthread_start + 148\n   18  libsystem_pthread.dylib             0x00000001993e4e2c thread_start + 8\n", "test_name": "test_9_SearchNIP_Pegawaitambah", "rerun": "0"}, "9": {"status": "FAIL", "message": "   selenium.common.exceptions.NoSuchWindowException: Message: no such window: target window already closed\n   from unknown error: web view not found\n     (Session info: chrome=107.0.5304.87)\n   Stacktrace:\n   0   chromedriver                        0x00000001050f2a88 chromedriver + 4123272\n   1   chromedriver                        0x000000010507e778 chromedriver + 3647352\n   2   chromedriver                        0x0000000104d40ac4 chromedriver + 248516\n   3   chromedriver                        0x0000000104d20304 chromedriver + 115460\n   4   chromedriver                        0x0000000104d96e64 chromedriver + 601700\n   5   chromedriver                        0x0000000104da8744 chromedriver + 673604\n   6   chromedriver                        0x0000000104d6ab10 chromedriver + 420624\n   7   chromedriver                        0x0000000104d6bc30 chromedriver + 425008\n   8   chromedriver                        0x00000001050c4ae4 chromedriver + 3934948\n   9   chromedriver                        0x00000001050c7f24 chromedriver + 3948324\n   10  chromedriver                        0x00000001050c8508 chromedriver + 3949832\n   11  chromedriver                        0x00000001050ceb30 chromedriver + 3975984\n   12  chromedriver                        0x00000001050c8b24 chromedriver + 3951396\n   13  chromedriver                        0x00000001050a371c chromedriver + 3798812\n   14  chromedriver                        0x00000001050e52f0 chromedriver + 4068080\n   15  chromedriver                        0x00000001050e5444 chromedriver + 4068420\n   16  chromedriver                        0x00000001050f9450 chromedriver + 4150352\n   17  libsystem_pthread.dylib             0x00000001993ea06c _pthread_start + 148\n   18  libsystem_pthread.dylib             0x00000001993e4e2c thread_start + 8\n", "test_name": "test_10_SearchNIP_Pegawaitambah", "rerun": "0"}, "10": {"status": "FAIL", "message": "   selenium.common.exceptions.NoSuchWindowException: Message: no such window: target window already closed\n   from unknown error: web view not found\n     (Session info: chrome=107.0.5304.87)\n   Stacktrace:\n   0   chromedriver                        0x00000001050f2a88 chromedriver + 4123272\n   1   chromedriver                        0x000000010507e778 chromedriver + 3647352\n   2   chromedriver                        0x0000000104d40ac4 chromedriver + 248516\n   3   chromedriver                        0x0000000104d20304 chromedriver + 115460\n   4   chromedriver                        0x0000000104d96e64 chromedriver + 601700\n   5   chromedriver                        0x0000000104da8744 chromedriver + 673604\n   6   chromedriver                        0x0000000104d6ab10 chromedriver + 420624\n   7   chromedriver                        0x0000000104d6bc30 chromedriver + 425008\n   8   chromedriver                        0x00000001050c4ae4 chromedriver + 3934948\n   9   chromedriver                        0x00000001050c7f24 chromedriver + 3948324\n   10  chromedriver                        0x00000001050c8508 chromedriver + 3949832\n   11  chromedriver                        0x00000001050ceb30 chromedriver + 3975984\n   12  chromedriver                        0x00000001050c8b24 chromedriver + 3951396\n   13  chromedriver                        0x00000001050a371c chromedriver + 3798812\n   14  chromedriver                        0x00000001050e52f0 chromedriver + 4068080\n   15  chromedriver                        0x00000001050e5444 chromedriver + 4068420\n   16  chromedriver                        0x00000001050f9450 chromedriver + 4150352\n   17  libsystem_pthread.dylib             0x00000001993ea06c _pthread_start + 148\n   18  libsystem_pthread.dylib             0x00000001993e4e2c thread_start + 8\n", "test_name": "test_11_InputDeskripsi_Pegawaitambah", "rerun": "0"}, "11": {"status": "FAIL", "message": "   selenium.common.exceptions.NoSuchWindowException: Message: no such window: target window already closed\n   from unknown error: web view not found\n     (Session info: chrome=107.0.5304.87)\n   Stacktrace:\n   0   chromedriver                        0x00000001050f2a88 chromedriver + 4123272\n   1   chromedriver                        0x000000010507e778 chromedriver + 3647352\n   2   chromedriver                        0x0000000104d40ac4 chromedriver + 248516\n   3   chromedriver                        0x0000000104d20304 chromedriver + 115460\n   4   chromedriver                        0x0000000104d96e64 chromedriver + 601700\n   5   chromedriver                        0x0000000104da8744 chromedriver + 673604\n   6   chromedriver                        0x0000000104d6ab10 chromedriver + 420624\n   7   chromedriver                        0x0000000104d6bc30 chromedriver + 425008\n   8   chromedriver                        0x00000001050c4ae4 chromedriver + 3934948\n   9   chromedriver                        0x00000001050c7f24 chromedriver + 3948324\n   10  chromedriver                        0x00000001050c8508 chromedriver + 3949832\n   11  chromedriver                        0x00000001050ceb30 chromedriver + 3975984\n   12  chromedriver                        0x00000001050c8b24 chromedriver + 3951396\n   13  chromedriver                        0x00000001050a371c chromedriver + 3798812\n   14  chromedriver                        0x00000001050e52f0 chromedriver + 4068080\n   15  chromedriver                        0x00000001050e5444 chromedriver + 4068420\n   16  chromedriver                        0x00000001050f9450 chromedriver + 4150352\n   17  libsystem_pthread.dylib             0x00000001993ea06c _pthread_start + 148\n   18  libsystem_pthread.dylib             0x00000001993e4e2c thread_start + 8\n", "test_name": "test_12_ButtonSubmitNip_Pegawaitambah", "rerun": "0"}, "12": {"status": "FAIL", "message": "   selenium.common.exceptions.NoSuchWindowException: Message: no such window: target window already closed\n   from unknown error: web view not found\n     (Session info: chrome=107.0.5304.87)\n   Stacktrace:\n   0   chromedriver                        0x00000001050f2a88 chromedriver + 4123272\n   1   chromedriver                        0x000000010507e778 chromedriver + 3647352\n   2   chromedriver                        0x0000000104d40ac4 chromedriver + 248516\n   3   chromedriver                        0x0000000104d20304 chromedriver + 115460\n   4   chromedriver                        0x0000000104d96e64 chromedriver + 601700\n   5   chromedriver                        0x0000000104da8744 chromedriver + 673604\n   6   chromedriver                        0x0000000104d6ab10 chromedriver + 420624\n   7   chromedriver                        0x0000000104d6bc30 chromedriver + 425008\n   8   chromedriver                        0x00000001050c4ae4 chromedriver + 3934948\n   9   chromedriver                        0x00000001050c7f24 chromedriver + 3948324\n   10  chromedriver                        0x00000001050c8508 chromedriver + 3949832\n   11  chromedriver                        0x00000001050ceb30 chromedriver + 3975984\n   12  chromedriver                        0x00000001050c8b24 chromedriver + 3951396\n   13  chromedriver                        0x00000001050a371c chromedriver + 3798812\n   14  chromedriver                        0x00000001050e52f0 chromedriver + 4068080\n   15  chromedriver                        0x00000001050e5444 chromedriver + 4068420\n   16  chromedriver                        0x00000001050f9450 chromedriver + 4150352\n   17  libsystem_pthread.dylib             0x00000001993ea06c _pthread_start + 148\n   18  libsystem_pthread.dylib             0x00000001993e4e2c thread_start + 8\n", "test_name": "test_13_ButtonTambah_TamuDinasTambah", "rerun": "0"}, "13": {"status": "FAIL", "message": "   selenium.common.exceptions.NoSuchWindowException: Message: no such window: target window already closed\n   from unknown error: web view not found\n     (Session info: chrome=107.0.5304.87)\n   Stacktrace:\n   0   chromedriver                        0x00000001050f2a88 chromedriver + 4123272\n   1   chromedriver                        0x000000010507e778 chromedriver + 3647352\n   2   chromedriver                        0x0000000104d40ac4 chromedriver + 248516\n   3   chromedriver                        0x0000000104d20304 chromedriver + 115460\n   4   chromedriver                        0x0000000104d96e64 chromedriver + 601700\n   5   chromedriver                        0x0000000104da8744 chromedriver + 673604\n   6   chromedriver                        0x0000000104d6ab10 chromedriver + 420624\n   7   chromedriver                        0x0000000104d6bc30 chromedriver + 425008\n   8   chromedriver                        0x00000001050c4ae4 chromedriver + 3934948\n   9   chromedriver                        0x00000001050c7f24 chromedriver + 3948324\n   10  chromedriver                        0x00000001050c8508 chromedriver + 3949832\n   11  chromedriver                        0x00000001050ceb30 chromedriver + 3975984\n   12  chromedriver                        0x00000001050c8b24 chromedriver + 3951396\n   13  chromedriver                        0x00000001050a371c chromedriver + 3798812\n   14  chromedriver                        0x00000001050e52f0 chromedriver + 4068080\n   15  chromedriver                        0x00000001050e5444 chromedriver + 4068420\n   16  chromedriver                        0x00000001050f9450 chromedriver + 4150352\n   17  libsystem_pthread.dylib             0x00000001993ea06c _pthread_start + 148\n   18  libsystem_pthread.dylib             0x00000001993e4e2c thread_start + 8\n", "test_name": "test_14_kategori_TamuDinasNamaTambah", "rerun": "0"}, "14": {"status": "FAIL", "message": "   selenium.common.exceptions.NoSuchWindowException: Message: no such window: target window already closed\n   from unknown error: web view not found\n     (Session info: chrome=107.0.5304.87)\n   Stacktrace:\n   0   chromedriver                        0x00000001050f2a88 chromedriver + 4123272\n   1   chromedriver                        0x000000010507e778 chromedriver + 3647352\n   2   chromedriver                        0x0000000104d40ac4 chromedriver + 248516\n   3   chromedriver                        0x0000000104d20304 chromedriver + 115460\n   4   chromedriver                        0x0000000104d96e64 chromedriver + 601700\n   5   chromedriver                        0x0000000104da8744 chromedriver + 673604\n   6   chromedriver                        0x0000000104d6ab10 chromedriver + 420624\n   7   chromedriver                        0x0000000104d6bc30 chromedriver + 425008\n   8   chromedriver                        0x00000001050c4ae4 chromedriver + 3934948\n   9   chromedriver                        0x00000001050c7f24 chromedriver + 3948324\n   10  chromedriver                        0x00000001050c8508 chromedriver + 3949832\n   11  chromedriver                        0x00000001050ceb30 chromedriver + 3975984\n   12  chromedriver                        0x00000001050c8b24 chromedriver + 3951396\n   13  chromedriver                        0x00000001050a371c chromedriver + 3798812\n   14  chromedriver                        0x00000001050e52f0 chromedriver + 4068080\n   15  chromedriver                        0x00000001050e5444 chromedriver + 4068420\n   16  chromedriver                        0x00000001050f9450 chromedriver + 4150352\n   17  libsystem_pthread.dylib             0x00000001993ea06c _pthread_start + 148\n   18  libsystem_pthread.dylib             0x00000001993e4e2c thread_start + 8\n", "test_name": "test_11_Search_TamuDinasNAMA_TamuDinasNamaTambah", "rerun": "0"}, "15": {"status": "FAIL", "message": "   selenium.common.exceptions.NoSuchWindowException: Message: no such window: target window already closed\n   from unknown error: web view not found\n     (Session info: chrome=107.0.5304.87)\n   Stacktrace:\n   0   chromedriver                        0x00000001050f2a88 chromedriver + 4123272\n   1   chromedriver                        0x000000010507e778 chromedriver + 3647352\n   2   chromedriver                        0x0000000104d40ac4 chromedriver + 248516\n   3   chromedriver                        0x0000000104d20304 chromedriver + 115460\n   4   chromedriver                        0x0000000104d96e64 chromedriver + 601700\n   5   chromedriver                        0x0000000104da8744 chromedriver + 673604\n   6   chromedriver                        0x0000000104d6ab10 chromedriver + 420624\n   7   chromedriver                        0x0000000104d6bc30 chromedriver + 425008\n   8   chromedriver                        0x00000001050c4ae4 chromedriver + 3934948\n   9   chromedriver                        0x00000001050c7f24 chromedriver + 3948324\n   10  chromedriver                        0x00000001050c8508 chromedriver + 3949832\n   11  chromedriver                        0x00000001050ceb30 chromedriver + 3975984\n   12  chromedriver                        0x00000001050c8b24 chromedriver + 3951396\n   13  chromedriver                        0x00000001050a371c chromedriver + 3798812\n   14  chromedriver                        0x00000001050e52f0 chromedriver + 4068080\n   15  chromedriver                        0x00000001050e5444 chromedriver + 4068420\n   16  chromedriver                        0x00000001050f9450 chromedriver + 4150352\n   17  libsystem_pthread.dylib             0x00000001993ea06c _pthread_start + 148\n   18  libsystem_pthread.dylib             0x00000001993e4e2c thread_start + 8\n", "test_name": "test_12_InputKeperluanTamuDinas_TamuDinasNamaTambah", "rerun": "0"}, "16": {"status": "FAIL", "message": "   selenium.common.exceptions.NoSuchWindowException: Message: no such window: target window already closed\n   from unknown error: web view not found\n     (Session info: chrome=107.0.5304.87)\n   Stacktrace:\n   0   chromedriver                        0x00000001050f2a88 chromedriver + 4123272\n   1   chromedriver                        0x000000010507e778 chromedriver + 3647352\n   2   chromedriver                        0x0000000104d40ac4 chromedriver + 248516\n   3   chromedriver                        0x0000000104d20304 chromedriver + 115460\n   4   chromedriver                        0x0000000104d96e64 chromedriver + 601700\n   5   chromedriver                        0x0000000104da8744 chromedriver + 673604\n   6   chromedriver                        0x0000000104d6ab10 chromedriver + 420624\n   7   chromedriver                        0x0000000104d6bc30 chromedriver + 425008\n   8   chromedriver                        0x00000001050c4ae4 chromedriver + 3934948\n   9   chromedriver                        0x00000001050c7f24 chromedriver + 3948324\n   10  chromedriver                        0x00000001050c8508 chromedriver + 3949832\n   11  chromedriver                        0x00000001050ceb30 chromedriver + 3975984\n   12  chromedriver                        0x00000001050c8b24 chromedriver + 3951396\n   13  chromedriver                        0x00000001050a371c chromedriver + 3798812\n   14  chromedriver                        0x00000001050e52f0 chromedriver + 4068080\n   15  chromedriver                        0x00000001050e5444 chromedriver + 4068420\n   16  chromedriver                        0x00000001050f9450 chromedriver + 4150352\n   17  libsystem_pthread.dylib             0x00000001993ea06c _pthread_start + 148\n   18  libsystem_pthread.dylib             0x00000001993e4e2c thread_start + 8\n", "test_name": "test_14_ButtonSubmit_TamuDinasNIPTambah", "rerun": "0"}, "17": {"status": "FAIL", "message": "   selenium.common.exceptions.NoSuchWindowException: Message: no such window: target window already closed\n   from unknown error: web view not found\n     (Session info: chrome=107.0.5304.87)\n   Stacktrace:\n   0   chromedriver                        0x00000001050f2a88 chromedriver + 4123272\n   1   chromedriver                        0x000000010507e778 chromedriver + 3647352\n   2   chromedriver                        0x0000000104d40ac4 chromedriver + 248516\n   3   chromedriver                        0x0000000104d20304 chromedriver + 115460\n   4   chromedriver                        0x0000000104d96e64 chromedriver + 601700\n   5   chromedriver                        0x0000000104da8744 chromedriver + 673604\n   6   chromedriver                        0x0000000104d6ab10 chromedriver + 420624\n   7   chromedriver                        0x0000000104d6bc30 chromedriver + 425008\n   8   chromedriver                        0x00000001050c4ae4 chromedriver + 3934948\n   9   chromedriver                        0x00000001050c7f24 chromedriver + 3948324\n   10  chromedriver                        0x00000001050c8508 chromedriver + 3949832\n   11  chromedriver                        0x00000001050ceb30 chromedriver + 3975984\n   12  chromedriver                        0x00000001050c8b24 chromedriver + 3951396\n   13  chromedriver                        0x00000001050a371c chromedriver + 3798812\n   14  chromedriver                        0x00000001050e52f0 chromedriver + 4068080\n   15  chromedriver                        0x00000001050e5444 chromedriver + 4068420\n   16  chromedriver                        0x00000001050f9450 chromedriver + 4150352\n   17  libsystem_pthread.dylib             0x00000001993ea06c _pthread_start + 148\n   18  libsystem_pthread.dylib             0x00000001993e4e2c thread_start + 8\n", "test_name": "test_15_Kategori_TamuDinasNIPTambah", "rerun": "0"}, "18": {"status": "FAIL", "message": "   selenium.common.exceptions.NoSuchWindowException: Message: no such window: target window already closed\n   from unknown error: web view not found\n     (Session info: chrome=107.0.5304.87)\n   Stacktrace:\n   0   chromedriver                        0x00000001050f2a88 chromedriver + 4123272\n   1   chromedriver                        0x000000010507e778 chromedriver + 3647352\n   2   chromedriver                        0x0000000104d40ac4 chromedriver + 248516\n   3   chromedriver                        0x0000000104d20304 chromedriver + 115460\n   4   chromedriver                        0x0000000104d96e64 chromedriver + 601700\n   5   chromedriver                        0x0000000104da8744 chromedriver + 673604\n   6   chromedriver                        0x0000000104d6ab10 chromedriver + 420624\n   7   chromedriver                        0x0000000104d6bc30 chromedriver + 425008\n   8   chromedriver                        0x00000001050c4ae4 chromedriver + 3934948\n   9   chromedriver                        0x00000001050c7f24 chromedriver + 3948324\n   10  chromedriver                        0x00000001050c8508 chromedriver + 3949832\n   11  chromedriver                        0x00000001050ceb30 chromedriver + 3975984\n   12  chromedriver                        0x00000001050c8b24 chromedriver + 3951396\n   13  chromedriver                        0x00000001050a371c chromedriver + 3798812\n   14  chromedriver                        0x00000001050e52f0 chromedriver + 4068080\n   15  chromedriver                        0x00000001050e5444 chromedriver + 4068420\n   16  chromedriver                        0x00000001050f9450 chromedriver + 4150352\n   17  libsystem_pthread.dylib             0x00000001993ea06c _pthread_start + 148\n   18  libsystem_pthread.dylib             0x00000001993e4e2c thread_start + 8\n", "test_name": "test_16_SearchNip_TamuDinasNIPTambah", "rerun": "0"}, "19": {"status": "FAIL", "message": "   selenium.common.exceptions.NoSuchWindowException: Message: no such window: target window already closed\n   from unknown error: web view not found\n     (Session info: chrome=107.0.5304.87)\n   Stacktrace:\n   0   chromedriver                        0x00000001050f2a88 chromedriver + 4123272\n   1   chromedriver                        0x000000010507e778 chromedriver + 3647352\n   2   chromedriver                        0x0000000104d40ac4 chromedriver + 248516\n   3   chromedriver                        0x0000000104d20304 chromedriver + 115460\n   4   chromedriver                        0x0000000104d96e64 chromedriver + 601700\n   5   chromedriver                        0x0000000104da8744 chromedriver + 673604\n   6   chromedriver                        0x0000000104d6ab10 chromedriver + 420624\n   7   chromedriver                        0x0000000104d6bc30 chromedriver + 425008\n   8   chromedriver                        0x00000001050c4ae4 chromedriver + 3934948\n   9   chromedriver                        0x00000001050c7f24 chromedriver + 3948324\n   10  chromedriver                        0x00000001050c8508 chromedriver + 3949832\n   11  chromedriver                        0x00000001050ceb30 chromedriver + 3975984\n   12  chromedriver                        0x00000001050c8b24 chromedriver + 3951396\n   13  chromedriver                        0x00000001050a371c chromedriver + 3798812\n   14  chromedriver                        0x00000001050e52f0 chromedriver + 4068080\n   15  chromedriver                        0x00000001050e5444 chromedriver + 4068420\n   16  chromedriver                        0x00000001050f9450 chromedriver + 4150352\n   17  libsystem_pthread.dylib             0x00000001993ea06c _pthread_start + 148\n   18  libsystem_pthread.dylib             0x00000001993e4e2c thread_start + 8\n", "test_name": "test_17_InputKeperluan_TamuDinasNIPTambah", "rerun": "0"}, "20": {"status": "FAIL", "message": "   selenium.common.exceptions.NoSuchWindowException: Message: no such window: target window already closed\n   from unknown error: web view not found\n     (Session info: chrome=107.0.5304.87)\n   Stacktrace:\n   0   chromedriver                        0x00000001050f2a88 chromedriver + 4123272\n   1   chromedriver                        0x000000010507e778 chromedriver + 3647352\n   2   chromedriver                        0x0000000104d40ac4 chromedriver + 248516\n   3   chromedriver                        0x0000000104d20304 chromedriver + 115460\n   4   chromedriver                        0x0000000104d96e64 chromedriver + 601700\n   5   chromedriver                        0x0000000104da8744 chromedriver + 673604\n   6   chromedriver                        0x0000000104d6ab10 chromedriver + 420624\n   7   chromedriver                        0x0000000104d6bc30 chromedriver + 425008\n   8   chromedriver                        0x00000001050c4ae4 chromedriver + 3934948\n   9   chromedriver                        0x00000001050c7f24 chromedriver + 3948324\n   10  chromedriver                        0x00000001050c8508 chromedriver + 3949832\n   11  chromedriver                        0x00000001050ceb30 chromedriver + 3975984\n   12  chromedriver                        0x00000001050c8b24 chromedriver + 3951396\n   13  chromedriver                        0x00000001050a371c chromedriver + 3798812\n   14  chromedriver                        0x00000001050e52f0 chromedriver + 4068080\n   15  chromedriver                        0x00000001050e5444 chromedriver + 4068420\n   16  chromedriver                        0x00000001050f9450 chromedriver + 4150352\n   17  libsystem_pthread.dylib             0x00000001993ea06c _pthread_start + 148\n   18  libsystem_pthread.dylib             0x00000001993e4e2c thread_start + 8\n", "test_name": "test_18_ButtonSubmit_TamuDinasNIPTambah", "rerun": "0"}, "21": {"status": "FAIL", "message": "   selenium.common.exceptions.NoSuchWindowException: Message: no such window: target window already closed\n   from unknown error: web view not found\n     (Session info: chrome=107.0.5304.87)\n   Stacktrace:\n   0   chromedriver                        0x00000001050f2a88 chromedriver + 4123272\n   1   chromedriver                        0x000000010507e778 chromedriver + 3647352\n   2   chromedriver                        0x0000000104d40ac4 chromedriver + 248516\n   3   chromedriver                        0x0000000104d20304 chromedriver + 115460\n   4   chromedriver                        0x0000000104d96e64 chromedriver + 601700\n   5   chromedriver                        0x0000000104da8744 chromedriver + 673604\n   6   chromedriver                        0x0000000104d6ab10 chromedriver + 420624\n   7   chromedriver                        0x0000000104d6bc30 chromedriver + 425008\n   8   chromedriver                        0x00000001050c4ae4 chromedriver + 3934948\n   9   chromedriver                        0x00000001050c7f24 chromedriver + 3948324\n   10  chromedriver                        0x00000001050c8508 chromedriver + 3949832\n   11  chromedriver                        0x00000001050ceb30 chromedriver + 3975984\n   12  chromedriver                        0x00000001050c8b24 chromedriver + 3951396\n   13  chromedriver                        0x00000001050a371c chromedriver + 3798812\n   14  chromedriver                        0x00000001050e52f0 chromedriver + 4068080\n   15  chromedriver                        0x00000001050e5444 chromedriver + 4068420\n   16  chromedriver                        0x00000001050f9450 chromedriver + 4150352\n   17  libsystem_pthread.dylib             0x00000001993ea06c _pthread_start + 148\n   18  libsystem_pthread.dylib             0x00000001993e4e2c thread_start + 8\n", "test_name": "test_19_membuka_halaman_tambah", "rerun": "0"}}, "suite_name": "test_3fungsi_P2U_SearchTambah.py"}}}, "date": "November 17, 2022", "start_time": 1668670586.083853, "total_suite": 1, "status": "FAIL", "status_list": {"pass": "2", "fail": "20", "skip": "0", "error": "0", "xpass": "0", "xfail": "0", "rerun": "0"}, "total_tests": "22"}