{"content": {"suites": {"0": {"status": {"total_pass": 11, "total_skip": 0, "total_xpass": 0, "total_xfail": 0, "total_rerun": 0, "total_fail": 5, "total_error": 0}, "tests": {"0": {"status": "PASS", "message": "", "test_name": "test_1_setupOS", "rerun": "0"}, "1": {"status": "PASS", "message": "", "test_name": "test_2_login", "rerun": "0"}, "2": {"status": "PASS", "message": "", "test_name": "test_3_akses_menu_index", "rerun": "0"}, "3": {"status": "PASS", "message": "", "test_name": "test_4_membuka_halaman_tambah", "rerun": "0"}, "4": {"status": "PASS", "message": "", "test_name": "test_5_kategori_Pegawai_tambah", "rerun": "0"}, "5": {"status": "PASS", "message": "", "test_name": "test_6_NamaSearch_Pegawai_tambah", "rerun": "0"}, "6": {"status": "PASS", "message": "", "test_name": "test_7_button_tambah", "rerun": "0"}, "7": {"status": "PASS", "message": "", "test_name": "test_8_membuka_halaman_tambah", "rerun": "0"}, "8": {"status": "FAIL", "message": "   selenium.common.exceptions.NoSuchElementException: Message: no such element: Unable to locate element: {\"method\":\"xpath\",\"selector\":\"//*[@id=\"searchOption0\"]/div/div/table/tbody/tr[2]/td[1]\"}\n     (Session info: chrome=107.0.5304.87)\n   Stacktrace:\n   0   chromedriver                        0x00000001046faf44 chromedriver + 3813188\n   1   chromedriver                        0x000000010468cae0 chromedriver + 3361504\n   2   chromedriver                        0x0000000104390c5c chromedriver + 232540\n   3   chromedriver                        0x00000001043c2380 chromedriver + 435072\n   4   chromedriver                        0x00000001043eff44 chromedriver + 622404\n   5   chromedriver                        0x00000001043b7358 chromedriver + 389976\n   6   chromedriver                        0x00000001043b8284 chromedriver + 393860\n   7   chromedriver                        0x00000001046cee18 chromedriver + 3632664\n   8   chromedriver                        0x00000001046d297c chromedriver + 3647868\n   9   chromedriver                        0x00000001046d8b58 chromedriver + 3672920\n   10  chromedriver                        0x00000001046d3350 chromedriver + 3650384\n   11  chromedriver                        0x00000001046b08dc chromedriver + 3508444\n   12  chromedriver                        0x00000001046ed914 chromedriver + 3758356\n   13  chromedriver                        0x00000001046eda78 chromedriver + 3758712\n   14  chromedriver                        0x00000001047016cc chromedriver + 3839692\n   15  libsystem_pthread.dylib             0x00000001836fe06c _pthread_start + 148\n   16  libsystem_pthread.dylib             0x00000001836f8e2c thread_start + 8\n", "test_name": "test_9_NipSearch_tambah", "rerun": "0"}, "9": {"status": "PASS", "message": "", "test_name": "test_10_input_nip_tambah", "rerun": "0"}, "10": {"status": "PASS", "message": "", "test_name": "test_11_input_namaLengkap_tambah", "rerun": "0"}, "11": {"status": "PASS", "message": "", "test_name": "test_12_input_Jabatan_tambah", "rerun": "0"}, "12": {"status": "FAIL", "message": "   selenium.common.exceptions.TimeoutException: Message: \n   Stacktrace:\n   0   chromedriver                        0x00000001046faf44 chromedriver + 3813188\n   1   chromedriver                        0x000000010468cae0 chromedriver + 3361504\n   2   chromedriver                        0x0000000104390c5c chromedriver + 232540\n   3   chromedriver                        0x00000001043c2380 chromedriver + 435072\n   4   chromedriver                        0x00000001043eff44 chromedriver + 622404\n   5   chromedriver                        0x00000001043b7358 chromedriver + 389976\n   6   chromedriver                        0x00000001043b8284 chromedriver + 393860\n   7   chromedriver                        0x00000001046cee18 chromedriver + 3632664\n   8   chromedriver                        0x00000001046d297c chromedriver + 3647868\n   9   chromedriver                        0x00000001046d8b58 chromedriver + 3672920\n   10  chromedriver                        0x00000001046d3350 chromedriver + 3650384\n   11  chromedriver                        0x00000001046b08dc chromedriver + 3508444\n   12  chromedriver                        0x00000001046ed914 chromedriver + 3758356\n   13  chromedriver                        0x00000001046eda78 chromedriver + 3758712\n   14  chromedriver                        0x00000001047016cc chromedriver + 3839692\n   15  libsystem_pthread.dylib             0x00000001836fe06c _pthread_start + 148\n   16  libsystem_pthread.dylib             0x00000001836f8e2c thread_start + 8\n", "test_name": "test_13_input_keperluan_tambah", "rerun": "0"}, "13": {"status": "FAIL", "message": "   selenium.common.exceptions.TimeoutException: Message: \n   Stacktrace:\n   0   chromedriver                        0x00000001046faf44 chromedriver + 3813188\n   1   chromedriver                        0x000000010468cae0 chromedriver + 3361504\n   2   chromedriver                        0x0000000104390c5c chromedriver + 232540\n   3   chromedriver                        0x00000001043c2380 chromedriver + 435072\n   4   chromedriver                        0x00000001043eff44 chromedriver + 622404\n   5   chromedriver                        0x00000001043b7358 chromedriver + 389976\n   6   chromedriver                        0x00000001043b8284 chromedriver + 393860\n   7   chromedriver                        0x00000001046cee18 chromedriver + 3632664\n   8   chromedriver                        0x00000001046d297c chromedriver + 3647868\n   9   chromedriver                        0x00000001046d8b58 chromedriver + 3672920\n   10  chromedriver                        0x00000001046d3350 chromedriver + 3650384\n   11  chromedriver                        0x00000001046b08dc chromedriver + 3508444\n   12  chromedriver                        0x00000001046ed914 chromedriver + 3758356\n   13  chromedriver                        0x00000001046eda78 chromedriver + 3758712\n   14  chromedriver                        0x00000001047016cc chromedriver + 3839692\n   15  libsystem_pthread.dylib             0x00000001836fe06c _pthread_start + 148\n   16  libsystem_pthread.dylib             0x00000001836f8e2c thread_start + 8\n", "test_name": "test_15_Button_Tambah_to_TamuDinassearch_tambah", "rerun": "0"}, "14": {"status": "FAIL", "message": "   selenium.common.exceptions.TimeoutException: Message: \n   Stacktrace:\n   0   chromedriver                        0x00000001046faf44 chromedriver + 3813188\n   1   chromedriver                        0x000000010468cae0 chromedriver + 3361504\n   2   chromedriver                        0x0000000104390c5c chromedriver + 232540\n   3   chromedriver                        0x00000001043c2380 chromedriver + 435072\n   4   chromedriver                        0x00000001043eff44 chromedriver + 622404\n   5   chromedriver                        0x00000001043b7358 chromedriver + 389976\n   6   chromedriver                        0x00000001043b8284 chromedriver + 393860\n   7   chromedriver                        0x00000001046cee18 chromedriver + 3632664\n   8   chromedriver                        0x00000001046d297c chromedriver + 3647868\n   9   chromedriver                        0x00000001046d8b58 chromedriver + 3672920\n   10  chromedriver                        0x00000001046d3350 chromedriver + 3650384\n   11  chromedriver                        0x00000001046b08dc chromedriver + 3508444\n   12  chromedriver                        0x00000001046ed914 chromedriver + 3758356\n   13  chromedriver                        0x00000001046eda78 chromedriver + 3758712\n   14  chromedriver                        0x00000001047016cc chromedriver + 3839692\n   15  libsystem_pthread.dylib             0x00000001836fe06c _pthread_start + 148\n   16  libsystem_pthread.dylib             0x00000001836f8e2c thread_start + 8\n", "test_name": "test_16_kategori_TamuDinasNAMA_tambah", "rerun": "0"}, "15": {"status": "FAIL", "message": "   selenium.common.exceptions.ElementNotInteractableException: Message: element not interactable\n     (Session info: chrome=107.0.5304.87)\n   Stacktrace:\n   0   chromedriver                        0x00000001046faf44 chromedriver + 3813188\n   1   chromedriver                        0x000000010468cae0 chromedriver + 3361504\n   2   chromedriver                        0x0000000104390b2c chromedriver + 232236\n   3   chromedriver                        0x00000001043c32bc chromedriver + 438972\n   4   chromedriver                        0x00000001043b8f58 chromedriver + 397144\n   5   chromedriver                        0x00000001043b8898 chromedriver + 395416\n   6   chromedriver                        0x00000001043eff44 chromedriver + 622404\n   7   chromedriver                        0x00000001043b7358 chromedriver + 389976\n   8   chromedriver                        0x00000001043b8284 chromedriver + 393860\n   9   chromedriver                        0x00000001046cee18 chromedriver + 3632664\n   10  chromedriver                        0x00000001046d297c chromedriver + 3647868\n   11  chromedriver                        0x00000001046d8b58 chromedriver + 3672920\n   12  chromedriver                        0x00000001046d3350 chromedriver + 3650384\n   13  chromedriver                        0x00000001046b08dc chromedriver + 3508444\n   14  chromedriver                        0x00000001046ed914 chromedriver + 3758356\n   15  chromedriver                        0x00000001046eda78 chromedriver + 3758712\n   16  chromedriver                        0x00000001047016cc chromedriver + 3839692\n   17  libsystem_pthread.dylib             0x00000001836fe06c _pthread_start + 148\n   18  libsystem_pthread.dylib             0x00000001836f8e2c thread_start + 8\n", "test_name": "test_17_NamaSearch_TamuDinasNIP_tambah", "rerun": "0"}}, "suite_name": "test_2Fungsi_P2U_Tambah.py"}}}, "date": "November 04, 2022", "start_time": 1667550982.621197, "total_suite": 1, "status": "FAIL", "status_list": {"pass": "11", "fail": "5", "skip": "0", "error": "0", "xpass": "0", "xfail": "0", "rerun": "0"}, "total_tests": "16"}