{"content": {"suites": {"0": {"status": {"total_pass": 0, "total_skip": 0, "total_xpass": 0, "total_xfail": 0, "total_rerun": 0, "total_fail": 34, "total_error": 0}, "tests": {"0": {"status": "FAIL", "message": "   selenium.common.exceptions.SessionNotCreatedException: Message: session not created: This version of ChromeDriver only supports Chrome version 110\n   Current browser version is 112.0.5615.49 with binary path /Applications/Google Chrome.app/Contents/MacOS/Google Chrome\n   Stacktrace:\n   0   chromedriver                        0x0000000100eb51c0 chromedriver + 4248000\n   1   chromedriver                        0x0000000100e35dc0 chromedriver + 3726784\n   2   chromedriver                        0x0000000100aeaec4 chromedriver + 274116\n   3   chromedriver                        0x0000000100b1622c chromedriver + 451116\n   4   chromedriver                        0x0000000100b1205c chromedriver + 434268\n   5   chromedriver                        0x0000000100b0f19c chromedriver + 422300\n   6   chromedriver                        0x0000000100b52c10 chromedriver + 699408\n   7   chromedriver                        0x0000000100b19200 chromedriver + 463360\n   8   chromedriver                        0x0000000100b1a318 chromedriver + 467736\n   9   chromedriver                        0x0000000100e83060 chromedriver + 4042848\n   10  chromedriver                        0x0000000100e878a4 chromedriver + 4061348\n   11  chromedriver                        0x0000000100e8f3d0 chromedriver + 4092880\n   12  chromedriver                        0x0000000100e886e4 chromedriver + 4064996\n   13  chromedriver                        0x0000000100e5e0fc chromedriver + 3891452\n   14  chromedriver                        0x0000000100ea8a64 chromedriver + 4196964\n   15  chromedriver                        0x0000000100ea8bb8 chromedriver + 4197304\n   16  chromedriver                        0x0000000100ebc650 chromedriver + 4277840\n   17  libsystem_pthread.dylib             0x00000001946bffa8 _pthread_start + 148\n   18  libsystem_pthread.dylib             0x00000001946bada0 thread_start + 8\n", "test_name": "test_1loginOperatir", "rerun": "0"}, "1": {"status": "FAIL", "message": "   NameError: name 'driver' is not defined\n", "test_name": "test_2_AksesMenu", "rerun": "0"}, "2": {"status": "FAIL", "message": "   NameError: name 'driver' is not defined\n", "test_name": "test_3_CreateButton", "rerun": "0"}, "3": {"status": "FAIL", "message": "   NameError: name 'driver' is not defined\n", "test_name": "test_4_FilterColumn", "rerun": "0"}, "4": {"status": "FAIL", "message": "   NameError: name 'driver' is not defined\n", "test_name": "test_5_Katakunci", "rerun": "0"}, "5": {"status": "FAIL", "message": "   NameError: name 'driver' is not defined\n", "test_name": "test_6_ButtonSearch", "rerun": "0"}, "6": {"status": "FAIL", "message": "   NameError: name 'driver' is not defined\n", "test_name": "test_7_ClickButtonDaftarkan", "rerun": "0"}, "7": {"status": "FAIL", "message": "   NameError: name 'driver' is not defined\n", "test_name": "test_8_InputnoSK", "rerun": "0"}, "8": {"status": "FAIL", "message": "   NameError: name 'driver' is not defined\n", "test_name": "test_9_InputTanggalSk", "rerun": "0"}, "9": {"status": "FAIL", "message": "   NameError: name 'driver' is not defined\n", "test_name": "test_10_InputTanggalAsimilasi", "rerun": "0"}, "10": {"status": "FAIL", "message": "   NameError: name 'driver' is not defined\n", "test_name": "test_11_Inputlokasi", "rerun": "0"}, "11": {"status": "FAIL", "message": "   NameError: name 'driver' is not defined\n", "test_name": "test_12_InputNamaPetugas", "rerun": "0"}, "12": {"status": "FAIL", "message": "   NameError: name 'driver' is not defined\n", "test_name": "test_13_InputNamaPenjamin", "rerun": "0"}, "13": {"status": "FAIL", "message": "   NameError: name 'driver' is not defined\n", "test_name": "test_14_InputPihakLain", "rerun": "0"}, "14": {"status": "FAIL", "message": "   NameError: name 'driver' is not defined\n", "test_name": "test_15_InputKeterangan", "rerun": "0"}, "15": {"status": "FAIL", "message": "   NameError: name 'driver' is not defined\n", "test_name": "test_16_ClickButtonSubmit", "rerun": "0"}, "16": {"status": "FAIL", "message": "   selenium.common.exceptions.SessionNotCreatedException: Message: session not created: This version of ChromeDriver only supports Chrome version 110\n   Current browser version is 112.0.5615.49 with binary path /Applications/Google Chrome.app/Contents/MacOS/Google Chrome\n   Stacktrace:\n   0   chromedriver                        0x00000001011c51c0 chromedriver + 4248000\n   1   chromedriver                        0x0000000101145dc0 chromedriver + 3726784\n   2   chromedriver                        0x0000000100dfaec4 chromedriver + 274116\n   3   chromedriver                        0x0000000100e2622c chromedriver + 451116\n   4   chromedriver                        0x0000000100e2205c chromedriver + 434268\n   5   chromedriver                        0x0000000100e1f19c chromedriver + 422300\n   6   chromedriver                        0x0000000100e62c10 chromedriver + 699408\n   7   chromedriver                        0x0000000100e29200 chromedriver + 463360\n   8   chromedriver                        0x0000000100e2a318 chromedriver + 467736\n   9   chromedriver                        0x0000000101193060 chromedriver + 4042848\n   10  chromedriver                        0x00000001011978a4 chromedriver + 4061348\n   11  chromedriver                        0x000000010119f3d0 chromedriver + 4092880\n   12  chromedriver                        0x00000001011986e4 chromedriver + 4064996\n   13  chromedriver                        0x000000010116e0fc chromedriver + 3891452\n   14  chromedriver                        0x00000001011b8a64 chromedriver + 4196964\n   15  chromedriver                        0x00000001011b8bb8 chromedriver + 4197304\n   16  chromedriver                        0x00000001011cc650 chromedriver + 4277840\n   17  libsystem_pthread.dylib             0x00000001946bffa8 _pthread_start + 148\n   18  libsystem_pthread.dylib             0x00000001946bada0 thread_start + 8\n", "test_name": "test_17_loginSPV", "rerun": "0"}, "17": {"status": "FAIL", "message": "   NameError: name 'driver' is not defined\n", "test_name": "test_18_AksesMenuSpv", "rerun": "0"}, "18": {"status": "FAIL", "message": "   NameError: name 'driver' is not defined\n", "test_name": "test_19_KirimLaporanSpv", "rerun": "0"}, "19": {"status": "FAIL", "message": "   selenium.common.exceptions.SessionNotCreatedException: Message: session not created: This version of ChromeDriver only supports Chrome version 110\n   Current browser version is 112.0.5615.49 with binary path /Applications/Google Chrome.app/Contents/MacOS/Google Chrome\n   Stacktrace:\n   0   chromedriver                        0x00000001005b91c0 chromedriver + 4248000\n   1   chromedriver                        0x0000000100539dc0 chromedriver + 3726784\n   2   chromedriver                        0x00000001001eeec4 chromedriver + 274116\n   3   chromedriver                        0x000000010021a22c chromedriver + 451116\n   4   chromedriver                        0x000000010021605c chromedriver + 434268\n   5   chromedriver                        0x000000010021319c chromedriver + 422300\n   6   chromedriver                        0x0000000100256c10 chromedriver + 699408\n   7   chromedriver                        0x000000010021d200 chromedriver + 463360\n   8   chromedriver                        0x000000010021e318 chromedriver + 467736\n   9   chromedriver                        0x0000000100587060 chromedriver + 4042848\n   10  chromedriver                        0x000000010058b8a4 chromedriver + 4061348\n   11  chromedriver                        0x00000001005933d0 chromedriver + 4092880\n   12  chromedriver                        0x000000010058c6e4 chromedriver + 4064996\n   13  chromedriver                        0x00000001005620fc chromedriver + 3891452\n   14  chromedriver                        0x00000001005aca64 chromedriver + 4196964\n   15  chromedriver                        0x00000001005acbb8 chromedriver + 4197304\n   16  chromedriver                        0x00000001005c0650 chromedriver + 4277840\n   17  libsystem_pthread.dylib             0x00000001946bffa8 _pthread_start + 148\n   18  libsystem_pthread.dylib             0x00000001946bada0 thread_start + 8\n", "test_name": "test_20_loginKanwil", "rerun": "0"}, "20": {"status": "FAIL", "message": "   NameError: name 'driver' is not defined\n", "test_name": "test_21_AksesMenuSpv", "rerun": "0"}, "21": {"status": "FAIL", "message": "   NameError: name 'driver' is not defined\n", "test_name": "test_22_VerifikasiLaporanKanwil", "rerun": "0"}, "22": {"status": "FAIL", "message": "   NameError: name 'driver' is not defined\n", "test_name": "test_23_ClickButtonSearch", "rerun": "0"}, "23": {"status": "FAIL", "message": "   NameError: name 'driver' is not defined\n", "test_name": "test_24_ClickButtonVerifikasi", "rerun": "0"}, "24": {"status": "FAIL", "message": "   NameError: name 'driver' is not defined\n", "test_name": "test_25_StatusVerifikasiModal", "rerun": "0"}, "25": {"status": "FAIL", "message": "   NameError: name 'driver' is not defined\n", "test_name": "test_26_UbahStatus", "rerun": "0"}, "26": {"status": "FAIL", "message": "   NameError: name 'driver' is not defined\n", "test_name": "test_27_Inputketerangan", "rerun": "0"}, "27": {"status": "FAIL", "message": "   NameError: name 'driver' is not defined\n", "test_name": "test_28_SimpanVerifikasi", "rerun": "0"}, "28": {"status": "FAIL", "message": "   selenium.common.exceptions.SessionNotCreatedException: Message: session not created: This version of ChromeDriver only supports Chrome version 110\n   Current browser version is 112.0.5615.49 with binary path /Applications/Google Chrome.app/Contents/MacOS/Google Chrome\n   Stacktrace:\n   0   chromedriver                        0x00000001047411c0 chromedriver + 4248000\n   1   chromedriver                        0x00000001046c1dc0 chromedriver + 3726784\n   2   chromedriver                        0x0000000104376ec4 chromedriver + 274116\n   3   chromedriver                        0x00000001043a222c chromedriver + 451116\n   4   chromedriver                        0x000000010439e05c chromedriver + 434268\n   5   chromedriver                        0x000000010439b19c chromedriver + 422300\n   6   chromedriver                        0x00000001043dec10 chromedriver + 699408\n   7   chromedriver                        0x00000001043a5200 chromedriver + 463360\n   8   chromedriver                        0x00000001043a6318 chromedriver + 467736\n   9   chromedriver                        0x000000010470f060 chromedriver + 4042848\n   10  chromedriver                        0x00000001047138a4 chromedriver + 4061348\n   11  chromedriver                        0x000000010471b3d0 chromedriver + 4092880\n   12  chromedriver                        0x00000001047146e4 chromedriver + 4064996\n   13  chromedriver                        0x00000001046ea0fc chromedriver + 3891452\n   14  chromedriver                        0x0000000104734a64 chromedriver + 4196964\n   15  chromedriver                        0x0000000104734bb8 chromedriver + 4197304\n   16  chromedriver                        0x0000000104748650 chromedriver + 4277840\n   17  libsystem_pthread.dylib             0x00000001946bffa8 _pthread_start + 148\n   18  libsystem_pthread.dylib             0x00000001946bada0 thread_start + 8\n", "test_name": "test_29_loginPusat", "rerun": "0"}, "29": {"status": "FAIL", "message": "   NameError: name 'driver' is not defined\n", "test_name": "test_30_AksesMenuPusat", "rerun": "0"}, "30": {"status": "FAIL", "message": "   NameError: name 'driver' is not defined\n", "test_name": "test_31_PilihKanwil", "rerun": "0"}, "31": {"status": "FAIL", "message": "   NameError: name 'driver' is not defined\n", "test_name": "test_32_PilihUPT", "rerun": "0"}, "32": {"status": "FAIL", "message": "   NameError: name 'driver' is not defined\n", "test_name": "test_33_ClickButtonSearch", "rerun": "0"}, "33": {"status": "FAIL", "message": "   NameError: name 'driver' is not defined\n", "test_name": "test_34_exit", "rerun": "0"}}, "suite_name": "4LaporanBulanan/1.FormulirKamtib6A/Fungsional/test_Laporan6A.py"}}}, "date": "April 06, 2023", "start_time": 1680762537.603963, "total_suite": 1, "status": "FAIL", "status_list": {"pass": "0", "fail": "34", "skip": "0", "error": "0", "xpass": "0", "xfail": "0", "rerun": "0"}, "total_tests": "34"}