{"content": {"suites": {"0": {"status": {"total_pass": 0, "total_skip": 0, "total_xpass": 0, "total_xfail": 0, "total_rerun": 0, "total_fail": 34, "total_error": 0}, "tests": {"0": {"status": "FAIL", "message": "   selenium.common.exceptions.SessionNotCreatedException: Message: session not created: This version of ChromeDriver only supports Chrome version 110\n   Current browser version is 112.0.5615.49 with binary path /Applications/Google Chrome.app/Contents/MacOS/Google Chrome\n   Stacktrace:\n   0   chromedriver                        0x0000000100ad51c0 chromedriver + 4248000\n   1   chromedriver                        0x0000000100a55dc0 chromedriver + 3726784\n   2   chromedriver                        0x000000010070aec4 chromedriver + 274116\n   3   chromedriver                        0x000000010073622c chromedriver + 451116\n   4   chromedriver                        0x000000010073205c chromedriver + 434268\n   5   chromedriver                        0x000000010072f19c chromedriver + 422300\n   6   chromedriver                        0x0000000100772c10 chromedriver + 699408\n   7   chromedriver                        0x0000000100739200 chromedriver + 463360\n   8   chromedriver                        0x000000010073a318 chromedriver + 467736\n   9   chromedriver                        0x0000000100aa3060 chromedriver + 4042848\n   10  chromedriver                        0x0000000100aa78a4 chromedriver + 4061348\n   11  chromedriver                        0x0000000100aaf3d0 chromedriver + 4092880\n   12  chromedriver                        0x0000000100aa86e4 chromedriver + 4064996\n   13  chromedriver                        0x0000000100a7e0fc chromedriver + 3891452\n   14  chromedriver                        0x0000000100ac8a64 chromedriver + 4196964\n   15  chromedriver                        0x0000000100ac8bb8 chromedriver + 4197304\n   16  chromedriver                        0x0000000100adc650 chromedriver + 4277840\n   17  libsystem_pthread.dylib             0x00000001946bffa8 _pthread_start + 148\n   18  libsystem_pthread.dylib             0x00000001946bada0 thread_start + 8\n", "test_name": "test_1loginOperatir", "rerun": "0"}, "1": {"status": "FAIL", "message": "   NameError: name 'driver' is not defined\n", "test_name": "test_2_AksesMenu", "rerun": "0"}, "2": {"status": "FAIL", "message": "   NameError: name 'driver' is not defined\n", "test_name": "test_3_CreateButton", "rerun": "0"}, "3": {"status": "FAIL", "message": "   NameError: name 'driver' is not defined\n", "test_name": "test_4_FilterColumn", "rerun": "0"}, "4": {"status": "FAIL", "message": "   NameError: name 'driver' is not defined\n", "test_name": "test_5_Katakunci", "rerun": "0"}, "5": {"status": "FAIL", "message": "   NameError: name 'driver' is not defined\n", "test_name": "test_6_ButtonSearch", "rerun": "0"}, "6": {"status": "FAIL", "message": "   NameError: name 'driver' is not defined\n", "test_name": "test_7_ClickButtonDaftarkan", "rerun": "0"}, "7": {"status": "FAIL", "message": "   NameError: name 'driver' is not defined\n", "test_name": "test_8_InputnoSK", "rerun": "0"}, "8": {"status": "FAIL", "message": "   NameError: name 'driver' is not defined\n", "test_name": "test_9_InputTanggalSk", "rerun": "0"}, "9": {"status": "FAIL", "message": "   NameError: name 'driver' is not defined\n", "test_name": "test_10_InputTanggalAsimilasi", "rerun": "0"}, "10": {"status": "FAIL", "message": "   NameError: name 'driver' is not defined\n", "test_name": "test_11_Inputlokasi", "rerun": "0"}, "11": {"status": "FAIL", "message": "   NameError: name 'driver' is not defined\n", "test_name": "test_12_InputNamaPetugas", "rerun": "0"}, "12": {"status": "FAIL", "message": "   NameError: name 'driver' is not defined\n", "test_name": "test_13_InputNamaPenjamin", "rerun": "0"}, "13": {"status": "FAIL", "message": "   NameError: name 'driver' is not defined\n", "test_name": "test_14_InputPihakLain", "rerun": "0"}, "14": {"status": "FAIL", "message": "   NameError: name 'driver' is not defined\n", "test_name": "test_15_InputKeterangan", "rerun": "0"}, "15": {"status": "FAIL", "message": "   NameError: name 'driver' is not defined\n", "test_name": "test_16_ClickButtonSubmit", "rerun": "0"}, "16": {"status": "FAIL", "message": "   selenium.common.exceptions.SessionNotCreatedException: Message: session not created: This version of ChromeDriver only supports Chrome version 110\n   Current browser version is 112.0.5615.49 with binary path /Applications/Google Chrome.app/Contents/MacOS/Google Chrome\n   Stacktrace:\n   0   chromedriver                        0x000000010111d1c0 chromedriver + 4248000\n   1   chromedriver                        0x000000010109ddc0 chromedriver + 3726784\n   2   chromedriver                        0x0000000100d52ec4 chromedriver + 274116\n   3   chromedriver                        0x0000000100d7e22c chromedriver + 451116\n   4   chromedriver                        0x0000000100d7a05c chromedriver + 434268\n   5   chromedriver                        0x0000000100d7719c chromedriver + 422300\n   6   chromedriver                        0x0000000100dbac10 chromedriver + 699408\n   7   chromedriver                        0x0000000100d81200 chromedriver + 463360\n   8   chromedriver                        0x0000000100d82318 chromedriver + 467736\n   9   chromedriver                        0x00000001010eb060 chromedriver + 4042848\n   10  chromedriver                        0x00000001010ef8a4 chromedriver + 4061348\n   11  chromedriver                        0x00000001010f73d0 chromedriver + 4092880\n   12  chromedriver                        0x00000001010f06e4 chromedriver + 4064996\n   13  chromedriver                        0x00000001010c60fc chromedriver + 3891452\n   14  chromedriver                        0x0000000101110a64 chromedriver + 4196964\n   15  chromedriver                        0x0000000101110bb8 chromedriver + 4197304\n   16  chromedriver                        0x0000000101124650 chromedriver + 4277840\n   17  libsystem_pthread.dylib             0x00000001946bffa8 _pthread_start + 148\n   18  libsystem_pthread.dylib             0x00000001946bada0 thread_start + 8\n", "test_name": "test_17_loginSPV", "rerun": "0"}, "17": {"status": "FAIL", "message": "   NameError: name 'driver' is not defined\n", "test_name": "test_18_AksesMenuSpv", "rerun": "0"}, "18": {"status": "FAIL", "message": "   NameError: name 'driver' is not defined\n", "test_name": "test_19_KirimLaporanSpv", "rerun": "0"}, "19": {"status": "FAIL", "message": "   selenium.common.exceptions.SessionNotCreatedException: Message: session not created: This version of ChromeDriver only supports Chrome version 110\n   Current browser version is 112.0.5615.49 with binary path /Applications/Google Chrome.app/Contents/MacOS/Google Chrome\n   Stacktrace:\n   0   chromedriver                        0x0000000102ac51c0 chromedriver + 4248000\n   1   chromedriver                        0x0000000102a45dc0 chromedriver + 3726784\n   2   chromedriver                        0x00000001026faec4 chromedriver + 274116\n   3   chromedriver                        0x000000010272622c chromedriver + 451116\n   4   chromedriver                        0x000000010272205c chromedriver + 434268\n   5   chromedriver                        0x000000010271f19c chromedriver + 422300\n   6   chromedriver                        0x0000000102762c10 chromedriver + 699408\n   7   chromedriver                        0x0000000102729200 chromedriver + 463360\n   8   chromedriver                        0x000000010272a318 chromedriver + 467736\n   9   chromedriver                        0x0000000102a93060 chromedriver + 4042848\n   10  chromedriver                        0x0000000102a978a4 chromedriver + 4061348\n   11  chromedriver                        0x0000000102a9f3d0 chromedriver + 4092880\n   12  chromedriver                        0x0000000102a986e4 chromedriver + 4064996\n   13  chromedriver                        0x0000000102a6e0fc chromedriver + 3891452\n   14  chromedriver                        0x0000000102ab8a64 chromedriver + 4196964\n   15  chromedriver                        0x0000000102ab8bb8 chromedriver + 4197304\n   16  chromedriver                        0x0000000102acc650 chromedriver + 4277840\n   17  libsystem_pthread.dylib             0x00000001946bffa8 _pthread_start + 148\n   18  libsystem_pthread.dylib             0x00000001946bada0 thread_start + 8\n", "test_name": "test_20_loginKanwil", "rerun": "0"}, "20": {"status": "FAIL", "message": "   NameError: name 'driver' is not defined\n", "test_name": "test_21_AksesMenuSpv", "rerun": "0"}, "21": {"status": "FAIL", "message": "   NameError: name 'driver' is not defined\n", "test_name": "test_22_VerifikasiLaporanKanwil", "rerun": "0"}, "22": {"status": "FAIL", "message": "   NameError: name 'driver' is not defined\n", "test_name": "test_23_ClickButtonSearch", "rerun": "0"}, "23": {"status": "FAIL", "message": "   NameError: name 'driver' is not defined\n", "test_name": "test_24_ClickButtonVerifikasi", "rerun": "0"}, "24": {"status": "FAIL", "message": "   NameError: name 'driver' is not defined\n", "test_name": "test_25_StatusVerifikasiModal", "rerun": "0"}, "25": {"status": "FAIL", "message": "   NameError: name 'driver' is not defined\n", "test_name": "test_26_UbahStatus", "rerun": "0"}, "26": {"status": "FAIL", "message": "   NameError: name 'driver' is not defined\n", "test_name": "test_27_Inputketerangan", "rerun": "0"}, "27": {"status": "FAIL", "message": "   NameError: name 'driver' is not defined\n", "test_name": "test_28_SimpanVerifikasi", "rerun": "0"}, "28": {"status": "FAIL", "message": "   selenium.common.exceptions.SessionNotCreatedException: Message: session not created: This version of ChromeDriver only supports Chrome version 110\n   Current browser version is 112.0.5615.49 with binary path /Applications/Google Chrome.app/Contents/MacOS/Google Chrome\n   Stacktrace:\n   0   chromedriver                        0x0000000100ca91c0 chromedriver + 4248000\n   1   chromedriver                        0x0000000100c29dc0 chromedriver + 3726784\n   2   chromedriver                        0x00000001008deec4 chromedriver + 274116\n   3   chromedriver                        0x000000010090a22c chromedriver + 451116\n   4   chromedriver                        0x000000010090605c chromedriver + 434268\n   5   chromedriver                        0x000000010090319c chromedriver + 422300\n   6   chromedriver                        0x0000000100946c10 chromedriver + 699408\n   7   chromedriver                        0x000000010090d200 chromedriver + 463360\n   8   chromedriver                        0x000000010090e318 chromedriver + 467736\n   9   chromedriver                        0x0000000100c77060 chromedriver + 4042848\n   10  chromedriver                        0x0000000100c7b8a4 chromedriver + 4061348\n   11  chromedriver                        0x0000000100c833d0 chromedriver + 4092880\n   12  chromedriver                        0x0000000100c7c6e4 chromedriver + 4064996\n   13  chromedriver                        0x0000000100c520fc chromedriver + 3891452\n   14  chromedriver                        0x0000000100c9ca64 chromedriver + 4196964\n   15  chromedriver                        0x0000000100c9cbb8 chromedriver + 4197304\n   16  chromedriver                        0x0000000100cb0650 chromedriver + 4277840\n   17  libsystem_pthread.dylib             0x00000001946bffa8 _pthread_start + 148\n   18  libsystem_pthread.dylib             0x00000001946bada0 thread_start + 8\n", "test_name": "test_29_loginPusat", "rerun": "0"}, "29": {"status": "FAIL", "message": "   NameError: name 'driver' is not defined\n", "test_name": "test_30_AksesMenuPusat", "rerun": "0"}, "30": {"status": "FAIL", "message": "   NameError: name 'driver' is not defined\n", "test_name": "test_31_PilihKanwil", "rerun": "0"}, "31": {"status": "FAIL", "message": "   NameError: name 'driver' is not defined\n", "test_name": "test_32_PilihUPT", "rerun": "0"}, "32": {"status": "FAIL", "message": "   NameError: name 'driver' is not defined\n", "test_name": "test_33_ClickButtonSearch", "rerun": "0"}, "33": {"status": "FAIL", "message": "   NameError: name 'driver' is not defined\n", "test_name": "test_34_exit", "rerun": "0"}}, "suite_name": "4LaporanBulanan/1.FormulirKamtib6A/Fungsional/test_Laporan6A.py"}}}, "date": "April 06, 2023", "start_time": 1680762469.575525, "total_suite": 1, "status": "FAIL", "status_list": {"pass": "0", "fail": "34", "skip": "0", "error": "0", "xpass": "0", "xfail": "0", "rerun": "0"}, "total_tests": "34"}