{"content": {"suites": {"0": {"status": {"total_pass": 6, "total_skip": 0, "total_xpass": 0, "total_xfail": 0, "total_rerun": 0, "total_fail": 2, "total_error": 0}, "tests": {"0": {"status": "PASS", "message": "", "test_name": "test_1loginOperator", "rerun": "0"}, "1": {"status": "PASS", "message": "", "test_name": "test_2_AksesMenu", "rerun": "0"}, "2": {"status": "PASS", "message": "", "test_name": "test_3_CreateButton", "rerun": "0"}, "3": {"status": "PASS", "message": "", "test_name": "test_4_FilterColumn", "rerun": "0"}, "4": {"status": "PASS", "message": "", "test_name": "test_5_Katakunci", "rerun": "0"}, "5": {"status": "PASS", "message": "", "test_name": "test_6_ButtonSearch", "rerun": "0"}, "6": {"status": "FAIL", "message": "   selenium.common.exceptions.ElementClickInterceptedException: Message: element click intercepted: Element <button class=\"el-button el-button--success\" type=\"button\" id=\"daftarkan0\">...</button> is not clickable at point (1784, 413). Other element would receive the click: <div class=\"el-loading-spinner\">...</div>\n     (Session info: chrome=113.0.5672.92)\n   Stacktrace:\n   0   chromedriver                        0x0000000100737ae8 chromedriver + 4958952\n   1   chromedriver                        0x000000010072f7b3 chromedriver + 4925363\n   2   chromedriver                        0x00000001002f11d6 chromedriver + 475606\n   3   chromedriver                        0x000000010033e321 chromedriver + 791329\n   4   chromedriver                        0x000000010033b36e chromedriver + 779118\n   5   chromedriver                        0x0000000100337fd4 chromedriver + 765908\n   6   chromedriver                        0x00000001003369af chromedriver + 760239\n   7   chromedriver                        0x0000000100327283 chromedriver + 696963\n   8   chromedriver                        0x000000010035ac12 chromedriver + 908306\n   9   chromedriver                        0x00000001003268f1 chromedriver + 694513\n   10  chromedriver                        0x000000010035adce chromedriver + 908750\n   11  chromedriver                        0x000000010037625b chromedriver + 1020507\n   12  chromedriver                        0x000000010035a9e3 chromedriver + 907747\n   13  chromedriver                        0x0000000100324aef chromedriver + 686831\n   14  chromedriver                        0x000000010032600e chromedriver + 692238\n   15  chromedriver                        0x00000001006f39ad chromedriver + 4680109\n   16  chromedriver                        0x00000001006f8c12 chromedriver + 4701202\n   17  chromedriver                        0x00000001006ff79f chromedriver + 4728735\n   18  chromedriver                        0x00000001006f9b7a chromedriver + 4705146\n   19  chromedriver                        0x00000001006cc27e chromedriver + 4518526\n   20  chromedriver                        0x0000000100719908 chromedriver + 4835592\n   21  chromedriver                        0x0000000100719a87 chromedriver + 4835975\n   22  chromedriver                        0x000000010072900f chromedriver + 4898831\n   23  libsystem_pthread.dylib             0x00007ff8012871d3 _pthread_start + 125\n   24  libsystem_pthread.dylib             0x00007ff801282bd3 thread_start + 15\n", "test_name": "test_7_ClickButtonDaftarkan", "rerun": "0"}, "7": {"status": "FAIL", "message": "   selenium.common.exceptions.NoSuchElementException: Message: no such element: Unable to locate element: {\"method\":\"css selector\",\"selector\":\"[id=\"noSkAsimilasi\"]\"}\n     (Session info: chrome=113.0.5672.92)\n   Stacktrace:\n   0   chromedriver                        0x0000000100737ae8 chromedriver + 4958952\n   1   chromedriver                        0x000000010072f7b3 chromedriver + 4925363\n   2   chromedriver                        0x00000001002f11d6 chromedriver + 475606\n   3   chromedriver                        0x0000000100334a20 chromedriver + 752160\n   4   chromedriver                        0x0000000100334c81 chromedriver + 752769\n   5   chromedriver                        0x0000000100378f64 chromedriver + 1032036\n   6   chromedriver                        0x000000010035ac3d chromedriver + 908349\n   7   chromedriver                        0x000000010037625b chromedriver + 1020507\n   8   chromedriver                        0x000000010035a9e3 chromedriver + 907747\n   9   chromedriver                        0x0000000100324aef chromedriver + 686831\n   10  chromedriver                        0x000000010032600e chromedriver + 692238\n   11  chromedriver                        0x00000001006f39ad chromedriver + 4680109\n   12  chromedriver                        0x00000001006f8c12 chromedriver + 4701202\n   13  chromedriver                        0x00000001006ff79f chromedriver + 4728735\n   14  chromedriver                        0x00000001006f9b7a chromedriver + 4705146\n   15  chromedriver                        0x00000001006cc27e chromedriver + 4518526\n   16  chromedriver                        0x0000000100719908 chromedriver + 4835592\n   17  chromedriver                        0x0000000100719a87 chromedriver + 4835975\n   18  chromedriver                        0x000000010072900f chromedriver + 4898831\n   19  libsystem_pthread.dylib             0x00007ff8012871d3 _pthread_start + 125\n   20  libsystem_pthread.dylib             0x00007ff801282bd3 thread_start + 15\n", "test_name": "test_8_InputnoSK", "rerun": "0"}}, "suite_name": "4LaporanBulanan/1.Laporan6A/Fungsional/test_Laporan6A.py"}}}, "date": "May 10, 2023", "start_time": 1683689065.577473, "total_suite": 1, "status": "FAIL", "status_list": {"pass": "6", "fail": "2", "skip": "0", "error": "0", "xpass": "0", "xfail": "0", "rerun": "0"}, "total_tests": "8"}