{"content": {"suites": {"0": {"status": {"total_pass": 0, "total_skip": 0, "total_xpass": 0, "total_xfail": 0, "total_rerun": 0, "total_fail": 33, "total_error": 0}, "tests": {"0": {"status": "FAIL", "message": "   selenium.common.exceptions.SessionNotCreatedException: Message: session not created: This version of ChromeDriver only supports Chrome version 110\n   Current browser version is 112.0.5615.49 with binary path /Applications/Google Chrome.app/Contents/MacOS/Google Chrome\n   Stacktrace:\n   0   chromedriver                        0x00000001047dd1c0 chromedriver + 4248000\n   1   chromedriver                        0x000000010475ddc0 chromedriver + 3726784\n   2   chromedriver                        0x0000000104412ec4 chromedriver + 274116\n   3   chromedriver                        0x000000010443e22c chromedriver + 451116\n   4   chromedriver                        0x000000010443a05c chromedriver + 434268\n   5   chromedriver                        0x000000010443719c chromedriver + 422300\n   6   chromedriver                        0x000000010447ac10 chromedriver + 699408\n   7   chromedriver                        0x0000000104441200 chromedriver + 463360\n   8   chromedriver                        0x0000000104442318 chromedriver + 467736\n   9   chromedriver                        0x00000001047ab060 chromedriver + 4042848\n   10  chromedriver                        0x00000001047af8a4 chromedriver + 4061348\n   11  chromedriver                        0x00000001047b73d0 chromedriver + 4092880\n   12  chromedriver                        0x00000001047b06e4 chromedriver + 4064996\n   13  chromedriver                        0x00000001047860fc chromedriver + 3891452\n   14  chromedriver                        0x00000001047d0a64 chromedriver + 4196964\n   15  chromedriver                        0x00000001047d0bb8 chromedriver + 4197304\n   16  chromedriver                        0x00000001047e4650 chromedriver + 4277840\n   17  libsystem_pthread.dylib             0x00000001946bffa8 _pthread_start + 148\n   18  libsystem_pthread.dylib             0x00000001946bada0 thread_start + 8\n", "test_name": "test_1loginOperatir", "rerun": "0"}, "1": {"status": "FAIL", "message": "   NameError: name 'driver' is not defined\n", "test_name": "test_2_AksesMenu", "rerun": "0"}, "2": {"status": "FAIL", "message": "   NameError: name 'driver' is not defined\n", "test_name": "test_3_CreateButton", "rerun": "0"}, "3": {"status": "FAIL", "message": "   NameError: name 'driver' is not defined\n", "test_name": "test_4_FilterColumn", "rerun": "0"}, "4": {"status": "FAIL", "message": "   NameError: name 'driver' is not defined\n", "test_name": "test_5_Katakunci", "rerun": "0"}, "5": {"status": "FAIL", "message": "   NameError: name 'driver' is not defined\n", "test_name": "test_6_ButtonSearch", "rerun": "0"}, "6": {"status": "FAIL", "message": "   NameError: name 'driver' is not defined\n", "test_name": "test_7_ClickButtonDaftarkan", "rerun": "0"}, "7": {"status": "FAIL", "message": "   NameError: name 'driver' is not defined\n", "test_name": "test_8_InputnoSK", "rerun": "0"}, "8": {"status": "FAIL", "message": "   NameError: name 'driver' is not defined\n", "test_name": "test_9_InputTanggalSk", "rerun": "0"}, "9": {"status": "FAIL", "message": "   NameError: name 'driver' is not defined\n", "test_name": "test_10_InputTanggalAsimilasi", "rerun": "0"}, "10": {"status": "FAIL", "message": "   NameError: name 'driver' is not defined\n", "test_name": "test_11_Inputlokasi", "rerun": "0"}, "11": {"status": "FAIL", "message": "   NameError: name 'driver' is not defined\n", "test_name": "test_12_InputNamaPetugas", "rerun": "0"}, "12": {"status": "FAIL", "message": "   NameError: name 'driver' is not defined\n", "test_name": "test_13_InputNamaPenjamin", "rerun": "0"}, "13": {"status": "FAIL", "message": "   NameError: name 'driver' is not defined\n", "test_name": "test_14_InputPihakLain", "rerun": "0"}, "14": {"status": "FAIL", "message": "   NameError: name 'driver' is not defined\n", "test_name": "test_15_InputKeterangan", "rerun": "0"}, "15": {"status": "FAIL", "message": "   NameError: name 'driver' is not defined\n", "test_name": "test_16_ClickButtonSubmit", "rerun": "0"}, "16": {"status": "FAIL", "message": "   selenium.common.exceptions.SessionNotCreatedException: Message: session not created: This version of ChromeDriver only supports Chrome version 110\n   Current browser version is 112.0.5615.49 with binary path /Applications/Google Chrome.app/Contents/MacOS/Google Chrome\n   Stacktrace:\n   0   chromedriver                        0x00000001045451c0 chromedriver + 4248000\n   1   chromedriver                        0x00000001044c5dc0 chromedriver + 3726784\n   2   chromedriver                        0x000000010417aec4 chromedriver + 274116\n   3   chromedriver                        0x00000001041a622c chromedriver + 451116\n   4   chromedriver                        0x00000001041a205c chromedriver + 434268\n   5   chromedriver                        0x000000010419f19c chromedriver + 422300\n   6   chromedriver                        0x00000001041e2c10 chromedriver + 699408\n   7   chromedriver                        0x00000001041a9200 chromedriver + 463360\n   8   chromedriver                        0x00000001041aa318 chromedriver + 467736\n   9   chromedriver                        0x0000000104513060 chromedriver + 4042848\n   10  chromedriver                        0x00000001045178a4 chromedriver + 4061348\n   11  chromedriver                        0x000000010451f3d0 chromedriver + 4092880\n   12  chromedriver                        0x00000001045186e4 chromedriver + 4064996\n   13  chromedriver                        0x00000001044ee0fc chromedriver + 3891452\n   14  chromedriver                        0x0000000104538a64 chromedriver + 4196964\n   15  chromedriver                        0x0000000104538bb8 chromedriver + 4197304\n   16  chromedriver                        0x000000010454c650 chromedriver + 4277840\n   17  libsystem_pthread.dylib             0x00000001946bffa8 _pthread_start + 148\n   18  libsystem_pthread.dylib             0x00000001946bada0 thread_start + 8\n", "test_name": "test_17_loginSPV", "rerun": "0"}, "17": {"status": "FAIL", "message": "   NameError: name 'driver' is not defined\n", "test_name": "test_18_AksesMenuSpv", "rerun": "0"}, "18": {"status": "FAIL", "message": "   NameError: name 'driver' is not defined\n", "test_name": "test_19_KirimLaporanSpv", "rerun": "0"}, "19": {"status": "FAIL", "message": "   selenium.common.exceptions.SessionNotCreatedException: Message: session not created: This version of ChromeDriver only supports Chrome version 110\n   Current browser version is 112.0.5615.49 with binary path /Applications/Google Chrome.app/Contents/MacOS/Google Chrome\n   Stacktrace:\n   0   chromedriver                        0x00000001004611c0 chromedriver + 4248000\n   1   chromedriver                        0x00000001003e1dc0 chromedriver + 3726784\n   2   chromedriver                        0x0000000100096ec4 chromedriver + 274116\n   3   chromedriver                        0x00000001000c222c chromedriver + 451116\n   4   chromedriver                        0x00000001000be05c chromedriver + 434268\n   5   chromedriver                        0x00000001000bb19c chromedriver + 422300\n   6   chromedriver                        0x00000001000fec10 chromedriver + 699408\n   7   chromedriver                        0x00000001000c5200 chromedriver + 463360\n   8   chromedriver                        0x00000001000c6318 chromedriver + 467736\n   9   chromedriver                        0x000000010042f060 chromedriver + 4042848\n   10  chromedriver                        0x00000001004338a4 chromedriver + 4061348\n   11  chromedriver                        0x000000010043b3d0 chromedriver + 4092880\n   12  chromedriver                        0x00000001004346e4 chromedriver + 4064996\n   13  chromedriver                        0x000000010040a0fc chromedriver + 3891452\n   14  chromedriver                        0x0000000100454a64 chromedriver + 4196964\n   15  chromedriver                        0x0000000100454bb8 chromedriver + 4197304\n   16  chromedriver                        0x0000000100468650 chromedriver + 4277840\n   17  libsystem_pthread.dylib             0x00000001946bffa8 _pthread_start + 148\n   18  libsystem_pthread.dylib             0x00000001946bada0 thread_start + 8\n", "test_name": "test_20_loginKanwil", "rerun": "0"}, "20": {"status": "FAIL", "message": "   NameError: name 'driver' is not defined\n", "test_name": "test_21_AksesMenuSpv", "rerun": "0"}, "21": {"status": "FAIL", "message": "   NameError: name 'driver' is not defined\n", "test_name": "test_22_VerifikasiLaporanKanwil", "rerun": "0"}, "22": {"status": "FAIL", "message": "   NameError: name 'driver' is not defined\n", "test_name": "test_23_ClickButtonSearch", "rerun": "0"}, "23": {"status": "FAIL", "message": "   NameError: name 'driver' is not defined\n", "test_name": "test_24_ClickButtonVerifikasi", "rerun": "0"}, "24": {"status": "FAIL", "message": "   NameError: name 'driver' is not defined\n", "test_name": "test_25_StatusVerifikasiModal", "rerun": "0"}, "25": {"status": "FAIL", "message": "   NameError: name 'driver' is not defined\n", "test_name": "test_26_UbahStatus", "rerun": "0"}, "26": {"status": "FAIL", "message": "   NameError: name 'driver' is not defined\n", "test_name": "test_27_Inputketerangan", "rerun": "0"}, "27": {"status": "FAIL", "message": "   NameError: name 'driver' is not defined\n", "test_name": "test_28_SimpanVerifikasi", "rerun": "0"}, "28": {"status": "FAIL", "message": "   selenium.common.exceptions.SessionNotCreatedException: Message: session not created: This version of ChromeDriver only supports Chrome version 110\n   Current browser version is 112.0.5615.49 with binary path /Applications/Google Chrome.app/Contents/MacOS/Google Chrome\n   Stacktrace:\n   0   chromedriver                        0x00000001051b11c0 chromedriver + 4248000\n   1   chromedriver                        0x0000000105131dc0 chromedriver + 3726784\n   2   chromedriver                        0x0000000104de6ec4 chromedriver + 274116\n   3   chromedriver                        0x0000000104e1222c chromedriver + 451116\n   4   chromedriver                        0x0000000104e0e05c chromedriver + 434268\n   5   chromedriver                        0x0000000104e0b19c chromedriver + 422300\n   6   chromedriver                        0x0000000104e4ec10 chromedriver + 699408\n   7   chromedriver                        0x0000000104e15200 chromedriver + 463360\n   8   chromedriver                        0x0000000104e16318 chromedriver + 467736\n   9   chromedriver                        0x000000010517f060 chromedriver + 4042848\n   10  chromedriver                        0x00000001051838a4 chromedriver + 4061348\n   11  chromedriver                        0x000000010518b3d0 chromedriver + 4092880\n   12  chromedriver                        0x00000001051846e4 chromedriver + 4064996\n   13  chromedriver                        0x000000010515a0fc chromedriver + 3891452\n   14  chromedriver                        0x00000001051a4a64 chromedriver + 4196964\n   15  chromedriver                        0x00000001051a4bb8 chromedriver + 4197304\n   16  chromedriver                        0x00000001051b8650 chromedriver + 4277840\n   17  libsystem_pthread.dylib             0x00000001946bffa8 _pthread_start + 148\n   18  libsystem_pthread.dylib             0x00000001946bada0 thread_start + 8\n", "test_name": "test_29_loginPusat", "rerun": "0"}, "29": {"status": "FAIL", "message": "   NameError: name 'driver' is not defined\n", "test_name": "test_30_AksesMenuPusat", "rerun": "0"}, "30": {"status": "FAIL", "message": "   NameError: name 'driver' is not defined\n", "test_name": "test_31_PilihKanwil", "rerun": "0"}, "31": {"status": "FAIL", "message": "   NameError: name 'driver' is not defined\n", "test_name": "test_32_PilihUPT", "rerun": "0"}, "32": {"status": "FAIL", "message": "   NameError: name 'driver' is not defined\n", "test_name": "test_33_ClickButtonSearch", "rerun": "0"}}, "suite_name": "4LaporanBulanan/1.FormulirKamtib6A/Fungsional/test_Laporan6A.py"}}}, "date": "April 06, 2023", "start_time": 1680762427.84736, "total_suite": 1, "status": "FAIL", "status_list": {"pass": "0", "fail": "33", "skip": "0", "error": "0", "xpass": "0", "xfail": "0", "rerun": "0"}, "total_tests": "33"}