{"content": {"suites": {"0": {"status": {"total_pass": 15, "total_skip": 0, "total_xpass": 0, "total_xfail": 0, "total_rerun": 0, "total_fail": 2, "total_error": 0}, "tests": {"0": {"status": "PASS", "message": "", "test_name": "test_1loginOperator", "rerun": "0"}, "1": {"status": "PASS", "message": "", "test_name": "test_2_AksesMenu", "rerun": "0"}, "2": {"status": "PASS", "message": "", "test_name": "test_3_CreateButton", "rerun": "0"}, "3": {"status": "PASS", "message": "", "test_name": "test_4_FilterColumn", "rerun": "0"}, "4": {"status": "PASS", "message": "", "test_name": "test_5_Katakunci", "rerun": "0"}, "5": {"status": "PASS", "message": "", "test_name": "test_6_ButtonSearch", "rerun": "0"}, "6": {"status": "PASS", "message": "", "test_name": "test_7_ClickButtonDaftarkan", "rerun": "0"}, "7": {"status": "PASS", "message": "", "test_name": "test_8_InputnoSK", "rerun": "0"}, "8": {"status": "PASS", "message": "", "test_name": "test_9_InputTanggalSk", "rerun": "0"}, "9": {"status": "PASS", "message": "", "test_name": "test_10_InputTanggalAsimilasi", "rerun": "0"}, "10": {"status": "PASS", "message": "", "test_name": "test_11_Inputlokasi", "rerun": "0"}, "11": {"status": "PASS", "message": "", "test_name": "test_12_InputNamaPetugas", "rerun": "0"}, "12": {"status": "PASS", "message": "", "test_name": "test_13_InputNamaPenjamin", "rerun": "0"}, "13": {"status": "PASS", "message": "", "test_name": "test_14_InputPihakLain", "rerun": "0"}, "14": {"status": "PASS", "message": "", "test_name": "test_15_InputKeterangan", "rerun": "0"}, "15": {"status": "FAIL", "message": "   selenium.common.exceptions.TimeoutException: Message: \n   Stacktrace:\n   0   chromedriver                        0x00000001051ccae8 chromedriver + 4958952\n   1   chromedriver                        0x00000001051c47b3 chromedriver + 4925363\n   2   chromedriver                        0x0000000104d861d6 chromedriver + 475606\n   3   chromedriver                        0x0000000104dc9a20 chromedriver + 752160\n   4   chromedriver                        0x0000000104dc9c81 chromedriver + 752769\n   5   chromedriver                        0x0000000104e0df64 chromedriver + 1032036\n   6   chromedriver                        0x0000000104defc3d chromedriver + 908349\n   7   chromedriver                        0x0000000104e0b25b chromedriver + 1020507\n   8   chromedriver                        0x0000000104def9e3 chromedriver + 907747\n   9   chromedriver                        0x0000000104db9aef chromedriver + 686831\n   10  chromedriver                        0x0000000104dbb00e chromedriver + 692238\n   11  chromedriver                        0x00000001051889ad chromedriver + 4680109\n   12  chromedriver                        0x000000010518dc12 chromedriver + 4701202\n   13  chromedriver                        0x000000010519479f chromedriver + 4728735\n   14  chromedriver                        0x000000010518eb7a chromedriver + 4705146\n   15  chromedriver                        0x000000010516127e chromedriver + 4518526\n   16  chromedriver                        0x00000001051ae908 chromedriver + 4835592\n   17  chromedriver                        0x00000001051aea87 chromedriver + 4835975\n   18  chromedriver                        0x00000001051be00f chromedriver + 4898831\n   19  libsystem_pthread.dylib             0x00007ff8012871d3 _pthread_start + 125\n   20  libsystem_pthread.dylib             0x00007ff801282bd3 thread_start + 15\n", "test_name": "test_16_ClickButtonSubmit", "rerun": "0"}, "16": {"status": "FAIL", "message": "   selenium.common.exceptions.NoSuchWindowException: Message: no such window: target window already closed\n   from unknown error: web view not found\n     (Session info: chrome=113.0.5672.92)\n   Stacktrace:\n   0   chromedriver                        0x0000000104508ae8 chromedriver + 4958952\n   1   chromedriver                        0x00000001045007b3 chromedriver + 4925363\n   2   chromedriver                        0x00000001040c21d6 chromedriver + 475606\n   3   chromedriver                        0x0000000104097cec chromedriver + 302316\n   4   chromedriver                        0x0000000104130f2f chromedriver + 929583\n   5   chromedriver                        0x0000000104146926 chromedriver + 1018150\n   6   chromedriver                        0x000000010412b9e3 chromedriver + 907747\n   7   chromedriver                        0x00000001040f5aef chromedriver + 686831\n   8   chromedriver                        0x00000001040f700e chromedriver + 692238\n   9   chromedriver                        0x00000001044c49ad chromedriver + 4680109\n   10  chromedriver                        0x00000001044c9c12 chromedriver + 4701202\n   11  chromedriver                        0x00000001044d079f chromedriver + 4728735\n   12  chromedriver                        0x00000001044cab7a chromedriver + 4705146\n   13  chromedriver                        0x000000010449d27e chromedriver + 4518526\n   14  chromedriver                        0x00000001044ea908 chromedriver + 4835592\n   15  chromedriver                        0x00000001044eaa87 chromedriver + 4835975\n   16  chromedriver                        0x00000001044fa00f chromedriver + 4898831\n   17  libsystem_pthread.dylib             0x00007ff8012871d3 _pthread_start + 125\n   18  libsystem_pthread.dylib             0x00007ff801282bd3 thread_start + 15\n", "test_name": "test_17_loginSPV", "rerun": "0"}}, "suite_name": "4LaporanBulanan/1.Laporan6A/Fungsional/test_Laporan6A.py"}}}, "date": "May 10, 2023", "start_time": 1683689206.619715, "total_suite": 1, "status": "FAIL", "status_list": {"pass": "15", "fail": "2", "skip": "0", "error": "0", "xpass": "0", "xfail": "0", "rerun": "0"}, "total_tests": "17"}