{"content": {"suites": {"0": {"status": {"total_pass": 1, "total_skip": 0, "total_xpass": 0, "total_xfail": 0, "total_rerun": 0, "total_fail": 3, "total_error": 0}, "tests": {"0": {"status": "PASS", "message": "", "test_name": "test_1loginOperator", "rerun": "0"}, "1": {"status": "FAIL", "message": "       AttributeError: move_to requires a WebElement\n", "test_name": "test_2_AksesMenu", "rerun": "0"}, "2": {"status": "FAIL", "message": "   selenium.common.exceptions.NoSuchWindowException: Message: no such window: target window already closed\n   from unknown error: web view not found\n     (Session info: chrome=113.0.5672.92)\n   Stacktrace:\n   0   chromedriver                        0x0000000100a7bae8 chromedriver + 4958952\n   1   chromedriver                        0x0000000100a737b3 chromedriver + 4925363\n   2   chromedriver                        0x00000001006351d6 chromedriver + 475606\n   3   chromedriver                        0x000000010060acec chromedriver + 302316\n   4   chromedriver                        0x00000001006a3f2f chromedriver + 929583\n   5   chromedriver                        0x00000001006b9926 chromedriver + 1018150\n   6   chromedriver                        0x000000010069e9e3 chromedriver + 907747\n   7   chromedriver                        0x0000000100668aef chromedriver + 686831\n   8   chromedriver                        0x000000010066a00e chromedriver + 692238\n   9   chromedriver                        0x0000000100a379ad chromedriver + 4680109\n   10  chromedriver                        0x0000000100a3cc12 chromedriver + 4701202\n   11  chromedriver                        0x0000000100a4379f chromedriver + 4728735\n   12  chromedriver                        0x0000000100a3db7a chromedriver + 4705146\n   13  chromedriver                        0x0000000100a1027e chromedriver + 4518526\n   14  chromedriver                        0x0000000100a5d908 chromedriver + 4835592\n   15  chromedriver                        0x0000000100a5da87 chromedriver + 4835975\n   16  chromedriver                        0x0000000100a6d00f chromedriver + 4898831\n   17  libsystem_pthread.dylib             0x00007ff8012871d3 _pthread_start + 125\n   18  libsystem_pthread.dylib             0x00007ff801282bd3 thread_start + 15\n", "test_name": "test_3_CreateButton", "rerun": "0"}, "3": {"status": "FAIL", "message": "   selenium.common.exceptions.NoSuchWindowException: Message: no such window: target window already closed\n   from unknown error: web view not found\n     (Session info: chrome=113.0.5672.92)\n   Stacktrace:\n   0   chromedriver                        0x0000000100a7bae8 chromedriver + 4958952\n   1   chromedriver                        0x0000000100a737b3 chromedriver + 4925363\n   2   chromedriver                        0x00000001006351d6 chromedriver + 475606\n   3   chromedriver                        0x000000010060acec chromedriver + 302316\n   4   chromedriver                        0x00000001006a3f2f chromedriver + 929583\n   5   chromedriver                        0x00000001006aac7c chromedriver + 957564\n   6   chromedriver                        0x000000010069ebd8 chromedriver + 908248\n   7   chromedriver                        0x0000000100668aef chromedriver + 686831\n   8   chromedriver                        0x000000010066a00e chromedriver + 692238\n   9   chromedriver                        0x0000000100a379ad chromedriver + 4680109\n   10  chromedriver                        0x0000000100a3cc12 chromedriver + 4701202\n   11  chromedriver                        0x0000000100a4379f chromedriver + 4728735\n   12  chromedriver                        0x0000000100a3db7a chromedriver + 4705146\n   13  chromedriver                        0x0000000100a1027e chromedriver + 4518526\n   14  chromedriver                        0x0000000100a5d908 chromedriver + 4835592\n   15  chromedriver                        0x0000000100a5da87 chromedriver + 4835975\n   16  chromedriver                        0x0000000100a6d00f chromedriver + 4898831\n   17  libsystem_pthread.dylib             0x00007ff8012871d3 _pthread_start + 125\n   18  libsystem_pthread.dylib             0x00007ff801282bd3 thread_start + 15\n", "test_name": "test_34_exit", "rerun": "0"}}, "suite_name": "4LaporanBulanan/1.Laporan6A/Fungsional/test_2_PerbaikanLaporan6A.py"}}}, "date": "May 10, 2023", "start_time": 1683690636.06386, "total_suite": 1, "status": "FAIL", "status_list": {"pass": "1", "fail": "3", "skip": "0", "error": "0", "xpass": "0", "xfail": "0", "rerun": "0"}, "total_tests": "4"}