{"content": {"suites": {"0": {"status": {"total_pass": 4, "total_skip": 0, "total_xpass": 0, "total_xfail": 0, "total_rerun": 0, "total_fail": 9, "total_error": 0}, "tests": {"0": {"status": "PASS", "message": "", "test_name": "test_1_setupOS", "rerun": "0"}, "1": {"status": "PASS", "message": "", "test_name": "test_2_login_HalamanEdit", "rerun": "0"}, "2": {"status": "PASS", "message": "", "test_name": "test_3_akses_menu_HalamanEdit", "rerun": "0"}, "3": {"status": "PASS", "message": "", "test_name": "test_7_sortir_table_cari_nama_cari_identitas", "rerun": "0"}, "4": {"status": "FAIL", "message": "   selenium.common.exceptions.NoSuchWindowException: Message: no such window: target window already closed\n   from unknown error: web view not found\n     (Session info: chrome=107.0.5304.87)\n   Stacktrace:\n   0   chromedriver                        0x00000001006e6a88 chromedriver + 4123272\n   1   chromedriver                        0x0000000100672778 chromedriver + 3647352\n   2   chromedriver                        0x0000000100334ac4 chromedriver + 248516\n   3   chromedriver                        0x0000000100314304 chromedriver + 115460\n   4   chromedriver                        0x000000010038ae64 chromedriver + 601700\n   5   chromedriver                        0x000000010039c744 chromedriver + 673604\n   6   chromedriver                        0x000000010035eb10 chromedriver + 420624\n   7   chromedriver                        0x000000010035fc30 chromedriver + 425008\n   8   chromedriver                        0x00000001006b8ae4 chromedriver + 3934948\n   9   chromedriver                        0x00000001006bbf24 chromedriver + 3948324\n   10  chromedriver                        0x00000001006bc508 chromedriver + 3949832\n   11  chromedriver                        0x00000001006c2b30 chromedriver + 3975984\n   12  chromedriver                        0x00000001006bcb24 chromedriver + 3951396\n   13  chromedriver                        0x000000010069771c chromedriver + 3798812\n   14  chromedriver                        0x00000001006d92f0 chromedriver + 4068080\n   15  chromedriver                        0x00000001006d9444 chromedriver + 4068420\n   16  chromedriver                        0x00000001006ed450 chromedriver + 4150352\n   17  libsystem_pthread.dylib             0x00000001b173606c _pthread_start + 148\n   18  libsystem_pthread.dylib             0x00000001b1730e2c thread_start + 8\n", "test_name": "test_4_Click_ButtonUbah_HalamanEdit", "rerun": "0"}, "5": {"status": "FAIL", "message": "   selenium.common.exceptions.NoSuchWindowException: Message: no such window: target window already closed\n   from unknown error: web view not found\n     (Session info: chrome=107.0.5304.87)\n   Stacktrace:\n   0   chromedriver                        0x00000001006e6a88 chromedriver + 4123272\n   1   chromedriver                        0x0000000100672778 chromedriver + 3647352\n   2   chromedriver                        0x0000000100334ac4 chromedriver + 248516\n   3   chromedriver                        0x0000000100314304 chromedriver + 115460\n   4   chromedriver                        0x000000010038ae64 chromedriver + 601700\n   5   chromedriver                        0x000000010039c744 chromedriver + 673604\n   6   chromedriver                        0x000000010035eb10 chromedriver + 420624\n   7   chromedriver                        0x000000010035fc30 chromedriver + 425008\n   8   chromedriver                        0x00000001006b8ae4 chromedriver + 3934948\n   9   chromedriver                        0x00000001006bbf24 chromedriver + 3948324\n   10  chromedriver                        0x00000001006bc508 chromedriver + 3949832\n   11  chromedriver                        0x00000001006c2b30 chromedriver + 3975984\n   12  chromedriver                        0x00000001006bcb24 chromedriver + 3951396\n   13  chromedriver                        0x000000010069771c chromedriver + 3798812\n   14  chromedriver                        0x00000001006d92f0 chromedriver + 4068080\n   15  chromedriver                        0x00000001006d9444 chromedriver + 4068420\n   16  chromedriver                        0x00000001006ed450 chromedriver + 4150352\n   17  libsystem_pthread.dylib             0x00000001b173606c _pthread_start + 148\n   18  libsystem_pthread.dylib             0x00000001b1730e2c thread_start + 8\n", "test_name": "test_5__sortir_detil_wbp_HalamanEdit", "rerun": "0"}, "6": {"status": "FAIL", "message": "   selenium.common.exceptions.NoSuchWindowException: Message: no such window: target window already closed\n   from unknown error: web view not found\n     (Session info: chrome=107.0.5304.87)\n   Stacktrace:\n   0   chromedriver                        0x00000001006e6a88 chromedriver + 4123272\n   1   chromedriver                        0x0000000100672778 chromedriver + 3647352\n   2   chromedriver                        0x0000000100334ac4 chromedriver + 248516\n   3   chromedriver                        0x0000000100314304 chromedriver + 115460\n   4   chromedriver                        0x000000010038ae64 chromedriver + 601700\n   5   chromedriver                        0x000000010039c744 chromedriver + 673604\n   6   chromedriver                        0x000000010035eb10 chromedriver + 420624\n   7   chromedriver                        0x000000010035fc30 chromedriver + 425008\n   8   chromedriver                        0x00000001006b8ae4 chromedriver + 3934948\n   9   chromedriver                        0x00000001006bbf24 chromedriver + 3948324\n   10  chromedriver                        0x00000001006bc508 chromedriver + 3949832\n   11  chromedriver                        0x00000001006c2b30 chromedriver + 3975984\n   12  chromedriver                        0x00000001006bcb24 chromedriver + 3951396\n   13  chromedriver                        0x000000010069771c chromedriver + 3798812\n   14  chromedriver                        0x00000001006d92f0 chromedriver + 4068080\n   15  chromedriver                        0x00000001006d9444 chromedriver + 4068420\n   16  chromedriver                        0x00000001006ed450 chromedriver + 4150352\n   17  libsystem_pthread.dylib             0x00000001b173606c _pthread_start + 148\n   18  libsystem_pthread.dylib             0x00000001b1730e2c thread_start + 8\n", "test_name": "test_6_detile_perkara_HalamanEdit", "rerun": "0"}, "7": {"status": "FAIL", "message": "   selenium.common.exceptions.NoSuchWindowException: Message: no such window: target window already closed\n   from unknown error: web view not found\n     (Session info: chrome=107.0.5304.87)\n   Stacktrace:\n   0   chromedriver                        0x00000001006e6a88 chromedriver + 4123272\n   1   chromedriver                        0x0000000100672778 chromedriver + 3647352\n   2   chromedriver                        0x0000000100334ac4 chromedriver + 248516\n   3   chromedriver                        0x0000000100314304 chromedriver + 115460\n   4   chromedriver                        0x000000010038ae64 chromedriver + 601700\n   5   chromedriver                        0x000000010039c744 chromedriver + 673604\n   6   chromedriver                        0x000000010035eb10 chromedriver + 420624\n   7   chromedriver                        0x000000010035fc30 chromedriver + 425008\n   8   chromedriver                        0x00000001006b8ae4 chromedriver + 3934948\n   9   chromedriver                        0x00000001006bbf24 chromedriver + 3948324\n   10  chromedriver                        0x00000001006bc508 chromedriver + 3949832\n   11  chromedriver                        0x00000001006c2b30 chromedriver + 3975984\n   12  chromedriver                        0x00000001006bcb24 chromedriver + 3951396\n   13  chromedriver                        0x000000010069771c chromedriver + 3798812\n   14  chromedriver                        0x00000001006d92f0 chromedriver + 4068080\n   15  chromedriver                        0x00000001006d9444 chromedriver + 4068420\n   16  chromedriver                        0x00000001006ed450 chromedriver + 4150352\n   17  libsystem_pthread.dylib             0x00000001b173606c _pthread_start + 148\n   18  libsystem_pthread.dylib             0x00000001b1730e2c thread_start + 8\n", "test_name": "test_7_Muat_Ulang_HalamanEdit", "rerun": "0"}, "8": {"status": "FAIL", "message": "   selenium.common.exceptions.NoSuchWindowException: Message: no such window: target window already closed\n   from unknown error: web view not found\n     (Session info: chrome=107.0.5304.87)\n   Stacktrace:\n   0   chromedriver                        0x00000001006e6a88 chromedriver + 4123272\n   1   chromedriver                        0x0000000100672778 chromedriver + 3647352\n   2   chromedriver                        0x0000000100334ac4 chromedriver + 248516\n   3   chromedriver                        0x0000000100314304 chromedriver + 115460\n   4   chromedriver                        0x000000010038ae64 chromedriver + 601700\n   5   chromedriver                        0x000000010039c744 chromedriver + 673604\n   6   chromedriver                        0x000000010035eb10 chromedriver + 420624\n   7   chromedriver                        0x000000010035fc30 chromedriver + 425008\n   8   chromedriver                        0x00000001006b8ae4 chromedriver + 3934948\n   9   chromedriver                        0x00000001006bbf24 chromedriver + 3948324\n   10  chromedriver                        0x00000001006bc508 chromedriver + 3949832\n   11  chromedriver                        0x00000001006c2b30 chromedriver + 3975984\n   12  chromedriver                        0x00000001006bcb24 chromedriver + 3951396\n   13  chromedriver                        0x000000010069771c chromedriver + 3798812\n   14  chromedriver                        0x00000001006d92f0 chromedriver + 4068080\n   15  chromedriver                        0x00000001006d9444 chromedriver + 4068420\n   16  chromedriver                        0x00000001006ed450 chromedriver + 4150352\n   17  libsystem_pthread.dylib             0x00000001b173606c _pthread_start + 148\n   18  libsystem_pthread.dylib             0x00000001b1730e2c thread_start + 8\n", "test_name": "test_1_Ubah_NoSk_HalamanEdit", "rerun": "0"}, "9": {"status": "FAIL", "message": "   selenium.common.exceptions.NoSuchWindowException: Message: no such window: target window already closed\n   from unknown error: web view not found\n     (Session info: chrome=107.0.5304.87)\n   Stacktrace:\n   0   chromedriver                        0x00000001006e6a88 chromedriver + 4123272\n   1   chromedriver                        0x0000000100672778 chromedriver + 3647352\n   2   chromedriver                        0x0000000100334ac4 chromedriver + 248516\n   3   chromedriver                        0x0000000100314304 chromedriver + 115460\n   4   chromedriver                        0x000000010038ae64 chromedriver + 601700\n   5   chromedriver                        0x000000010039c744 chromedriver + 673604\n   6   chromedriver                        0x000000010035eb10 chromedriver + 420624\n   7   chromedriver                        0x000000010035fc30 chromedriver + 425008\n   8   chromedriver                        0x00000001006b8ae4 chromedriver + 3934948\n   9   chromedriver                        0x00000001006bbf24 chromedriver + 3948324\n   10  chromedriver                        0x00000001006bc508 chromedriver + 3949832\n   11  chromedriver                        0x00000001006c2b30 chromedriver + 3975984\n   12  chromedriver                        0x00000001006bcb24 chromedriver + 3951396\n   13  chromedriver                        0x000000010069771c chromedriver + 3798812\n   14  chromedriver                        0x00000001006d92f0 chromedriver + 4068080\n   15  chromedriver                        0x00000001006d9444 chromedriver + 4068420\n   16  chromedriver                        0x00000001006ed450 chromedriver + 4150352\n   17  libsystem_pthread.dylib             0x00000001b173606c _pthread_start + 148\n   18  libsystem_pthread.dylib             0x00000001b1730e2c thread_start + 8\n", "test_name": "test_8_Ubah_Deskripsi_HalamanEdit", "rerun": "0"}, "10": {"status": "FAIL", "message": "   selenium.common.exceptions.NoSuchWindowException: Message: no such window: target window already closed\n   from unknown error: web view not found\n     (Session info: chrome=107.0.5304.87)\n   Stacktrace:\n   0   chromedriver                        0x00000001006e6a88 chromedriver + 4123272\n   1   chromedriver                        0x0000000100672778 chromedriver + 3647352\n   2   chromedriver                        0x0000000100334ac4 chromedriver + 248516\n   3   chromedriver                        0x0000000100314304 chromedriver + 115460\n   4   chromedriver                        0x000000010038ae64 chromedriver + 601700\n   5   chromedriver                        0x000000010039c744 chromedriver + 673604\n   6   chromedriver                        0x000000010035eb10 chromedriver + 420624\n   7   chromedriver                        0x000000010035fc30 chromedriver + 425008\n   8   chromedriver                        0x00000001006b8ae4 chromedriver + 3934948\n   9   chromedriver                        0x00000001006bbf24 chromedriver + 3948324\n   10  chromedriver                        0x00000001006bc508 chromedriver + 3949832\n   11  chromedriver                        0x00000001006c2b30 chromedriver + 3975984\n   12  chromedriver                        0x00000001006bcb24 chromedriver + 3951396\n   13  chromedriver                        0x000000010069771c chromedriver + 3798812\n   14  chromedriver                        0x00000001006d92f0 chromedriver + 4068080\n   15  chromedriver                        0x00000001006d9444 chromedriver + 4068420\n   16  chromedriver                        0x00000001006ed450 chromedriver + 4150352\n   17  libsystem_pthread.dylib             0x00000001b173606c _pthread_start + 148\n   18  libsystem_pthread.dylib             0x00000001b1730e2c thread_start + 8\n", "test_name": "test_10_Input_JenisKeluar_HalamanTambah", "rerun": "0"}, "11": {"status": "FAIL", "message": "   selenium.common.exceptions.NoSuchWindowException: Message: no such window: target window already closed\n   from unknown error: web view not found\n     (Session info: chrome=107.0.5304.87)\n   Stacktrace:\n   0   chromedriver                        0x00000001006e6a88 chromedriver + 4123272\n   1   chromedriver                        0x0000000100672778 chromedriver + 3647352\n   2   chromedriver                        0x0000000100334ac4 chromedriver + 248516\n   3   chromedriver                        0x0000000100314304 chromedriver + 115460\n   4   chromedriver                        0x000000010038ae64 chromedriver + 601700\n   5   chromedriver                        0x000000010039c744 chromedriver + 673604\n   6   chromedriver                        0x000000010035eb10 chromedriver + 420624\n   7   chromedriver                        0x000000010035fc30 chromedriver + 425008\n   8   chromedriver                        0x00000001006b8ae4 chromedriver + 3934948\n   9   chromedriver                        0x00000001006bbf24 chromedriver + 3948324\n   10  chromedriver                        0x00000001006bc508 chromedriver + 3949832\n   11  chromedriver                        0x00000001006c2b30 chromedriver + 3975984\n   12  chromedriver                        0x00000001006bcb24 chromedriver + 3951396\n   13  chromedriver                        0x000000010069771c chromedriver + 3798812\n   14  chromedriver                        0x00000001006d92f0 chromedriver + 4068080\n   15  chromedriver                        0x00000001006d9444 chromedriver + 4068420\n   16  chromedriver                        0x00000001006ed450 chromedriver + 4150352\n   17  libsystem_pthread.dylib             0x00000001b173606c _pthread_start + 148\n   18  libsystem_pthread.dylib             0x00000001b1730e2c thread_start + 8\n", "test_name": "test_Ubah_Tanggal_Keluar_Edit", "rerun": "0"}, "12": {"status": "FAIL", "message": "   selenium.common.exceptions.NoSuchWindowException: Message: no such window: target window already closed\n   from unknown error: web view not found\n     (Session info: chrome=107.0.5304.87)\n   Stacktrace:\n   0   chromedriver                        0x00000001006e6a88 chromedriver + 4123272\n   1   chromedriver                        0x0000000100672778 chromedriver + 3647352\n   2   chromedriver                        0x0000000100334ac4 chromedriver + 248516\n   3   chromedriver                        0x0000000100314304 chromedriver + 115460\n   4   chromedriver                        0x000000010038ae64 chromedriver + 601700\n   5   chromedriver                        0x000000010039c744 chromedriver + 673604\n   6   chromedriver                        0x000000010035eb10 chromedriver + 420624\n   7   chromedriver                        0x000000010035fc30 chromedriver + 425008\n   8   chromedriver                        0x00000001006b8ae4 chromedriver + 3934948\n   9   chromedriver                        0x00000001006bbf24 chromedriver + 3948324\n   10  chromedriver                        0x00000001006bc508 chromedriver + 3949832\n   11  chromedriver                        0x00000001006c2b30 chromedriver + 3975984\n   12  chromedriver                        0x00000001006bcb24 chromedriver + 3951396\n   13  chromedriver                        0x000000010069771c chromedriver + 3798812\n   14  chromedriver                        0x00000001006d92f0 chromedriver + 4068080\n   15  chromedriver                        0x00000001006d9444 chromedriver + 4068420\n   16  chromedriver                        0x00000001006ed450 chromedriver + 4150352\n   17  libsystem_pthread.dylib             0x00000001b173606c _pthread_start + 148\n   18  libsystem_pthread.dylib             0x00000001b1730e2c thread_start + 8\n", "test_name": "test_Ubah_Tanggal_kembali_Edit", "rerun": "0"}}, "suite_name": "test_4Fungsi_Daftar_Lalu_Lintas_Edit.py"}}}, "date": "November 10, 2022", "start_time": 1668050108.147918, "total_suite": 1, "status": "FAIL", "status_list": {"pass": "4", "fail": "9", "skip": "0", "error": "0", "xpass": "0", "xfail": "0", "rerun": "0"}, "total_tests": "13"}