{"content": {"suites": {"0": {"status": {"total_pass": 3, "total_skip": 0, "total_xpass": 0, "total_xfail": 0, "total_rerun": 0, "total_fail": 1, "total_error": 0}, "tests": {"0": {"status": "PASS", "message": "", "test_name": "test_1_SetupOs", "rerun": "0"}, "1": {"status": "PASS", "message": "", "test_name": "test_2_Login", "rerun": "0"}, "2": {"status": "PASS", "message": "", "test_name": "test_2_AksesMenu", "rerun": "0"}, "3": {"status": "FAIL", "message": "   selenium.common.exceptions.TimeoutException: Message: \n   Stacktrace:\n   0   chromedriver                        0x0000000100957ae8 chromedriver + 4958952\n   1   chromedriver                        0x000000010094f7b3 chromedriver + 4925363\n   2   chromedriver                        0x00000001005111d6 chromedriver + 475606\n   3   chromedriver                        0x0000000100554a20 chromedriver + 752160\n   4   chromedriver                        0x0000000100554c81 chromedriver + 752769\n   5   chromedriver                        0x0000000100598f64 chromedriver + 1032036\n   6   chromedriver                        0x000000010057ac3d chromedriver + 908349\n   7   chromedriver                        0x000000010059625b chromedriver + 1020507\n   8   chromedriver                        0x000000010057a9e3 chromedriver + 907747\n   9   chromedriver                        0x0000000100544aef chromedriver + 686831\n   10  chromedriver                        0x000000010054600e chromedriver + 692238\n   11  chromedriver                        0x00000001009139ad chromedriver + 4680109\n   12  chromedriver                        0x0000000100918c12 chromedriver + 4701202\n   13  chromedriver                        0x000000010091f79f chromedriver + 4728735\n   14  chromedriver                        0x0000000100919b7a chromedriver + 4705146\n   15  chromedriver                        0x00000001008ec27e chromedriver + 4518526\n   16  chromedriver                        0x0000000100939908 chromedriver + 4835592\n   17  chromedriver                        0x0000000100939a87 chromedriver + 4835975\n   18  chromedriver                        0x000000010094900f chromedriver + 4898831\n   19  libsystem_pthread.dylib             0x00007ff815ce31d3 _pthread_start + 125\n   20  libsystem_pthread.dylib             0x00007ff815cdebd3 thread_start + 15\n   selenium.common.exceptions.NoSuchWindowException: Message: no such window: target window already closed\n   from unknown error: web view not found\n     (Session info: chrome=112.0.5615.49)\n   Stacktrace:\n   0   chromedriver                        0x0000000100957ae8 chromedriver + 4958952\n   1   chromedriver                        0x000000010094f7b3 chromedriver + 4925363\n   2   chromedriver                        0x00000001005111d6 chromedriver + 475606\n   3   chromedriver                        0x00000001004e6cec chromedriver + 302316\n   4   chromedriver                        0x000000010057ff2f chromedriver + 929583\n   5   chromedriver                        0x0000000100586c7c chromedriver + 957564\n   6   chromedriver                        0x000000010057abd8 chromedriver + 908248\n   7   chromedriver                        0x0000000100544aef chromedriver + 686831\n   8   chromedriver                        0x000000010054600e chromedriver + 692238\n   9   chromedriver                        0x00000001009139ad chromedriver + 4680109\n   10  chromedriver                        0x0000000100918c12 chromedriver + 4701202\n   11  chromedriver                        0x000000010091f79f chromedriver + 4728735\n   12  chromedriver                        0x0000000100919b7a chromedriver + 4705146\n   13  chromedriver                        0x00000001008ec27e chromedriver + 4518526\n   14  chromedriver                        0x0000000100939908 chromedriver + 4835592\n   15  chromedriver                        0x0000000100939a87 chromedriver + 4835975\n   16  chromedriver                        0x000000010094900f chromedriver + 4898831\n   17  libsystem_pthread.dylib             0x00007ff815ce31d3 _pthread_start + 125\n   18  libsystem_pthread.dylib             0x00007ff815cdebd3 thread_start + 15\n", "test_name": "test_3_CreateButton", "rerun": "0"}}, "suite_name": "4LaporanBulanan/8.Laporan7B/Fungsional/test_Laporan7B.py"}}}, "date": "April 12, 2023", "start_time": 1681288094.596813, "total_suite": 1, "status": "FAIL", "status_list": {"pass": "3", "fail": "1", "skip": "0", "error": "0", "xpass": "0", "xfail": "0", "rerun": "0"}, "total_tests": "4"}