{"content": {"suites": {"0": {"status": {"total_pass": 5, "total_skip": 0, "total_xpass": 0, "total_xfail": 0, "total_rerun": 0, "total_fail": 2, "total_error": 0}, "tests": {"0": {"status": "PASS", "message": "", "test_name": "test_1_setupOS", "rerun": "0"}, "1": {"status": "PASS", "message": "", "test_name": "test_2_login", "rerun": "0"}, "2": {"status": "PASS", "message": "", "test_name": "test_RTH_001", "rerun": "0"}, "3": {"status": "PASS", "message": "", "test_name": "test_APO_008", "rerun": "0"}, "4": {"status": "FAIL", "message": "   selenium.common.exceptions.ElementNotInteractableException: Message: element not interactable\n     (Session info: chrome=108.0.5359.71)\n   Stacktrace:\n   0   chromedriver                        0x0000000103252a88 chromedriver + 4123272\n   1   chromedriver                        0x00000001031de778 chromedriver + 3647352\n   2   chromedriver                        0x0000000102ea0944 chromedriver + 248132\n   3   chromedriver                        0x0000000102ed7fd0 chromedriver + 475088\n   4   chromedriver                        0x0000000102ecca00 chromedriver + 428544\n   5   chromedriver                        0x0000000102ecc260 chromedriver + 426592\n   6   chromedriver                        0x0000000102f09020 chromedriver + 675872\n   7   chromedriver                        0x0000000102ecab10 chromedriver + 420624\n   8   chromedriver                        0x0000000102ecbc30 chromedriver + 425008\n   9   chromedriver                        0x0000000103224ae4 chromedriver + 3934948\n   10  chromedriver                        0x0000000103227f24 chromedriver + 3948324\n   11  chromedriver                        0x0000000103228508 chromedriver + 3949832\n   12  chromedriver                        0x000000010322eb30 chromedriver + 3975984\n   13  chromedriver                        0x0000000103228b24 chromedriver + 3951396\n   14  chromedriver                        0x000000010320371c chromedriver + 3798812\n   15  chromedriver                        0x00000001032452f0 chromedriver + 4068080\n   16  chromedriver                        0x0000000103245444 chromedriver + 4068420\n   17  chromedriver                        0x0000000103259450 chromedriver + 4150352\n   18  libsystem_pthread.dylib             0x0000000196ce506c _pthread_start + 148\n   19  libsystem_pthread.dylib             0x0000000196cdfe2c thread_start + 8\n", "test_name": "test_APO_009", "rerun": "0"}, "5": {"status": "FAIL", "message": "   selenium.common.exceptions.ElementClickInterceptedException: Message: element click intercepted: Element <button class=\"el-button is-plain border-2 m-3 text-light-blue-900 !hover:text-light-blue-600 border-light-blue-900 !hover:border-light-blue-600\" type=\"button\" id=\"printButton\">...</button> is not clickable at point (826, 867). Other element would receive the click: <div class=\"el-overlay-dialog\">...</div>\n     (Session info: chrome=108.0.5359.71)\n   Stacktrace:\n   0   chromedriver                        0x0000000103252a88 chromedriver + 4123272\n   1   chromedriver                        0x00000001031de778 chromedriver + 3647352\n   2   chromedriver                        0x0000000102ea0ac4 chromedriver + 248516\n   3   chromedriver                        0x0000000102edd8a8 chromedriver + 497832\n   4   chromedriver                        0x0000000102edb874 chromedriver + 489588\n   5   chromedriver                        0x0000000102ed94e8 chromedriver + 480488\n   6   chromedriver                        0x0000000102ed84dc chromedriver + 476380\n   7   chromedriver                        0x0000000102ecca00 chromedriver + 428544\n   8   chromedriver                        0x0000000102ecc260 chromedriver + 426592\n   9   chromedriver                        0x0000000102f09020 chromedriver + 675872\n   10  chromedriver                        0x0000000102ecab10 chromedriver + 420624\n   11  chromedriver                        0x0000000102ecbc30 chromedriver + 425008\n   12  chromedriver                        0x0000000103224ae4 chromedriver + 3934948\n   13  chromedriver                        0x0000000103227f24 chromedriver + 3948324\n   14  chromedriver                        0x0000000103228508 chromedriver + 3949832\n   15  chromedriver                        0x000000010322eb30 chromedriver + 3975984\n   16  chromedriver                        0x0000000103228b24 chromedriver + 3951396\n   17  chromedriver                        0x000000010320371c chromedriver + 3798812\n   18  chromedriver                        0x00000001032452f0 chromedriver + 4068080\n   19  chromedriver                        0x0000000103245444 chromedriver + 4068420\n   20  chromedriver                        0x0000000103259450 chromedriver + 4150352\n   21  libsystem_pthread.dylib             0x0000000196ce506c _pthread_start + 148\n   22  libsystem_pthread.dylib             0x0000000196cdfe2c thread_start + 8\n", "test_name": "test_PTR_010", "rerun": "0"}, "6": {"status": "PASS", "message": "", "test_name": "test_exit", "rerun": "0"}}, "suite_name": "test_RegisterH_UAT.py"}}}, "date": "December 23, 2022", "start_time": 1671793014.615608, "total_suite": 1, "status": "FAIL", "status_list": {"pass": "5", "fail": "2", "skip": "0", "error": "0", "xpass": "0", "xfail": "0", "rerun": "0"}, "total_tests": "7"}