{"content": {"suites": {"0": {"status": {"total_pass": 3, "total_skip": 0, "total_xpass": 0, "total_xfail": 0, "total_rerun": 0, "total_fail": 2, "total_error": 0}, "tests": {"0": {"status": "FAIL", "message": "   selenium.common.exceptions.ElementNotInteractableException: Message: element not interactable: [object HTMLDivElement] has no size and location\n     (Session info: chrome=108.0.5359.71)\n   Stacktrace:\n   0   chromedriver                        0x0000000103282a88 chromedriver + 4123272\n   1   chromedriver                        0x000000010320e778 chromedriver + 3647352\n   2   chromedriver                        0x0000000102ed0ac4 chromedriver + 248516\n   3   chromedriver                        0x0000000102ed3c80 chromedriver + 261248\n   4   chromedriver                        0x0000000102ed3aa4 chromedriver + 260772\n   5   chromedriver                        0x0000000102ed3d4c chromedriver + 261452\n   6   chromedriver                        0x0000000102f0cc44 chromedriver + 494660\n   7   chromedriver                        0x0000000102f0c348 chromedriver + 492360\n   8   chromedriver                        0x0000000102f412f0 chromedriver + 709360\n   9   chromedriver                        0x0000000102f39020 chromedriver + 675872\n   10  chromedriver                        0x0000000102efab10 chromedriver + 420624\n   11  chromedriver                        0x0000000102efbc30 chromedriver + 425008\n   12  chromedriver                        0x0000000103254ae4 chromedriver + 3934948\n   13  chromedriver                        0x0000000103257f24 chromedriver + 3948324\n   14  chromedriver                        0x0000000103258508 chromedriver + 3949832\n   15  chromedriver                        0x000000010325eb30 chromedriver + 3975984\n   16  chromedriver                        0x0000000103258b24 chromedriver + 3951396\n   17  chromedriver                        0x000000010323371c chromedriver + 3798812\n   18  chromedriver                        0x00000001032752f0 chromedriver + 4068080\n   19  chromedriver                        0x0000000103275444 chromedriver + 4068420\n   20  chromedriver                        0x0000000103289450 chromedriver + 4150352\n   21  libsystem_pthread.dylib             0x00000001ad99106c _pthread_start + 148\n   22  libsystem_pthread.dylib             0x00000001ad98be2c thread_start + 8\n", "test_name": "test_MBK_001", "rerun": "0"}, "1": {"status": "PASS", "message": "", "test_name": "test_MBK_002", "rerun": "0"}, "2": {"status": "FAIL", "message": "   selenium.common.exceptions.ElementClickInterceptedException: Message: element click intercepted: Element <input class=\"el-input__inner\" id=\"statusKapasitasForm\" type=\"text\" readonly=\"\" autocomplete=\"off\" placeholder=\"Pilih\"> is not clickable at point (384, 413). Other element would receive the click: <div class=\"el-loading-mask\" style=\"\">...</div>\n     (Session info: chrome=108.0.5359.71)\n   Stacktrace:\n   0   chromedriver                        0x0000000103282a88 chromedriver + 4123272\n   1   chromedriver                        0x000000010320e778 chromedriver + 3647352\n   2   chromedriver                        0x0000000102ed0ac4 chromedriver + 248516\n   3   chromedriver                        0x0000000102f0d8a8 chromedriver + 497832\n   4   chromedriver                        0x0000000102f0b874 chromedriver + 489588\n   5   chromedriver                        0x0000000102f094e8 chromedriver + 480488\n   6   chromedriver                        0x0000000102f084dc chromedriver + 476380\n   7   chromedriver                        0x0000000102efca00 chromedriver + 428544\n   8   chromedriver                        0x0000000102efc260 chromedriver + 426592\n   9   chromedriver                        0x0000000102f39020 chromedriver + 675872\n   10  chromedriver                        0x0000000102efab10 chromedriver + 420624\n   11  chromedriver                        0x0000000102efbc30 chromedriver + 425008\n   12  chromedriver                        0x0000000103254ae4 chromedriver + 3934948\n   13  chromedriver                        0x0000000103257f24 chromedriver + 3948324\n   14  chromedriver                        0x0000000103258508 chromedriver + 3949832\n   15  chromedriver                        0x000000010325eb30 chromedriver + 3975984\n   16  chromedriver                        0x0000000103258b24 chromedriver + 3951396\n   17  chromedriver                        0x000000010323371c chromedriver + 3798812\n   18  chromedriver                        0x00000001032752f0 chromedriver + 4068080\n   19  chromedriver                        0x0000000103275444 chromedriver + 4068420\n   20  chromedriver                        0x0000000103289450 chromedriver + 4150352\n   21  libsystem_pthread.dylib             0x00000001ad99106c _pthread_start + 148\n   22  libsystem_pthread.dylib             0x00000001ad98be2c thread_start + 8\n", "test_name": "test_MBK_003", "rerun": "0"}, "3": {"status": "PASS", "message": "", "test_name": "test_MBK_004", "rerun": "0"}, "4": {"status": "PASS", "message": "", "test_name": "test_MBK_005", "rerun": "0"}}, "suite_name": "test_ManajemenBlokDanKamarUAT.py"}}}, "date": "January 01, 2023", "start_time": 1672572137.518091, "total_suite": 1, "status": "FAIL", "status_list": {"pass": "3", "fail": "2", "skip": "0", "error": "0", "xpass": "0", "xfail": "0", "rerun": "0"}, "total_tests": "5"}