{"content": {"suites": {"0": {"status": {"total_pass": 5, "total_skip": 0, "total_xpass": 0, "total_xfail": 0, "total_rerun": 0, "total_fail": 2, "total_error": 0}, "tests": {"0": {"status": "PASS", "message": "", "test_name": "test_1_setupOS", "rerun": "0"}, "1": {"status": "PASS", "message": "", "test_name": "test_2_login", "rerun": "0"}, "2": {"status": "PASS", "message": "", "test_name": "test_PTR_001", "rerun": "0"}, "3": {"status": "PASS", "message": "", "test_name": "test_PTR_002", "rerun": "0"}, "4": {"status": "PASS", "message": "", "test_name": "test_PTR_003", "rerun": "0"}, "5": {"status": "FAIL", "message": "   selenium.common.exceptions.ElementClickInterceptedException: Message: element click intercepted: Element <span class=\"\">...</span> is not clickable at point (1787, 949). Other element would receive the click: <div class=\"flex justify-between mt-10 items-center\">...</div>\n     (Session info: chrome=108.0.5359.71)\n   Stacktrace:\n   0   chromedriver                        0x0000000101002a88 chromedriver + 4123272\n   1   chromedriver                        0x0000000100f8e778 chromedriver + 3647352\n   2   chromedriver                        0x0000000100c50ac4 chromedriver + 248516\n   3   chromedriver                        0x0000000100c8d8a8 chromedriver + 497832\n   4   chromedriver                        0x0000000100c8b874 chromedriver + 489588\n   5   chromedriver                        0x0000000100c894e8 chromedriver + 480488\n   6   chromedriver                        0x0000000100c884dc chromedriver + 476380\n   7   chromedriver                        0x0000000100c7ca00 chromedriver + 428544\n   8   chromedriver                        0x0000000100c7c260 chromedriver + 426592\n   9   chromedriver                        0x0000000100cb9020 chromedriver + 675872\n   10  chromedriver                        0x0000000100c7ab10 chromedriver + 420624\n   11  chromedriver                        0x0000000100c7bc30 chromedriver + 425008\n   12  chromedriver                        0x0000000100fd4ae4 chromedriver + 3934948\n   13  chromedriver                        0x0000000100fd7f24 chromedriver + 3948324\n   14  chromedriver                        0x0000000100fd8508 chromedriver + 3949832\n   15  chromedriver                        0x0000000100fdeb30 chromedriver + 3975984\n   16  chromedriver                        0x0000000100fd8b24 chromedriver + 3951396\n   17  chromedriver                        0x0000000100fb371c chromedriver + 3798812\n   18  chromedriver                        0x0000000100ff52f0 chromedriver + 4068080\n   19  chromedriver                        0x0000000100ff5444 chromedriver + 4068420\n   20  chromedriver                        0x0000000101009450 chromedriver + 4150352\n   21  libsystem_pthread.dylib             0x00000001a096a06c _pthread_start + 148\n   22  libsystem_pthread.dylib             0x00000001a0964e2c thread_start + 8\n", "test_name": "test_PTR_004", "rerun": "0"}, "6": {"status": "FAIL", "message": "   selenium.common.exceptions.TimeoutException: Message: \n   Stacktrace:\n   0   chromedriver                        0x0000000101002a88 chromedriver + 4123272\n   1   chromedriver                        0x0000000100f8e778 chromedriver + 3647352\n   2   chromedriver                        0x0000000100c50ac4 chromedriver + 248516\n   3   chromedriver                        0x0000000100c86f68 chromedriver + 470888\n   4   chromedriver                        0x0000000100cb9020 chromedriver + 675872\n   5   chromedriver                        0x0000000100c7ab10 chromedriver + 420624\n   6   chromedriver                        0x0000000100c7bc30 chromedriver + 425008\n   7   chromedriver                        0x0000000100fd4ae4 chromedriver + 3934948\n   8   chromedriver                        0x0000000100fd7f24 chromedriver + 3948324\n   9   chromedriver                        0x0000000100fd8508 chromedriver + 3949832\n   10  chromedriver                        0x0000000100fdeb30 chromedriver + 3975984\n   11  chromedriver                        0x0000000100fd8b24 chromedriver + 3951396\n   12  chromedriver                        0x0000000100fb371c chromedriver + 3798812\n   13  chromedriver                        0x0000000100ff52f0 chromedriver + 4068080\n   14  chromedriver                        0x0000000100ff5444 chromedriver + 4068420\n   15  chromedriver                        0x0000000101009450 chromedriver + 4150352\n   16  libsystem_pthread.dylib             0x00000001a096a06c _pthread_start + 148\n   17  libsystem_pthread.dylib             0x00000001a0964e2c thread_start + 8\n", "test_name": "test_PTR_005", "rerun": "0"}}, "suite_name": "test_PortirUAT.py"}}}, "date": "December 18, 2022", "start_time": 1671298434.59443, "total_suite": 1, "status": "FAIL", "status_list": {"pass": "5", "fail": "2", "skip": "0", "error": "0", "xpass": "0", "xfail": "0", "rerun": "0"}, "total_tests": "7"}