{"content": {"suites": {"0": {"status": {"total_pass": 11, "total_skip": 0, "total_xpass": 0, "total_xfail": 0, "total_rerun": 0, "total_fail": 2, "total_error": 0}, "tests": {"0": {"status": "PASS", "message": "", "test_name": "test_1_setupOS", "rerun": "0"}, "1": {"status": "PASS", "message": "", "test_name": "test_2_login", "rerun": "0"}, "2": {"status": "PASS", "message": "", "test_name": "test_3_Input", "rerun": "0"}, "3": {"status": "PASS", "message": "", "test_name": "test_3_ClickCreateButton", "rerun": "0"}, "4": {"status": "PASS", "message": "", "test_name": "test_4_inputKategori", "rerun": "0"}, "5": {"status": "PASS", "message": "", "test_name": "test_5_ClickSubmitButton", "rerun": "0"}, "6": {"status": "PASS", "message": "", "test_name": "test_6_FilterDataSemua", "rerun": "0"}, "7": {"status": "PASS", "message": "", "test_name": "test_7_InputKatakunci", "rerun": "0"}, "8": {"status": "PASS", "message": "", "test_name": "test_8_KlikFilterKonfirmBelumKeluar", "rerun": "0"}, "9": {"status": "PASS", "message": "", "test_name": "test_9_KlikDetailWbp", "rerun": "0"}, "10": {"status": "FAIL", "message": "   selenium.common.exceptions.ElementClickInterceptedException: Message: element click intercepted: Element <button class=\"el-button el-button--large is-plain border-2 bg-blue-500 border-blue-600 text-light-100 hover:bg-blue-400 hover:text-light-50 hover:border-blue-500\" type=\"submit\" id=\"submitButton\">...</button> is not clickable at point (1547, 616). Other element would receive the click: <div class=\"el-loading-mask\" style=\"\">...</div>\n     (Session info: chrome=111.0.5563.146)\n   Stacktrace:\n   0   chromedriver                        0x0000000100ff51c0 chromedriver + 4248000\n   1   chromedriver                        0x0000000100f75dc0 chromedriver + 3726784\n   2   chromedriver                        0x0000000100c2aec4 chromedriver + 274116\n   3   chromedriver                        0x0000000100c6e530 chromedriver + 550192\n   4   chromedriver                        0x0000000100c6bf28 chromedriver + 540456\n   5   chromedriver                        0x0000000100c696c4 chromedriver + 530116\n   6   chromedriver                        0x0000000100c685b8 chromedriver + 525752\n   7   chromedriver                        0x0000000100c5b3e0 chromedriver + 472032\n   8   chromedriver                        0x0000000100c5abbc chromedriver + 469948\n   9   chromedriver                        0x0000000100ca2054 chromedriver + 761940\n   10  chromedriver                        0x0000000100c59200 chromedriver + 463360\n   11  chromedriver                        0x0000000100c5a318 chromedriver + 467736\n   12  chromedriver                        0x0000000100fc3060 chromedriver + 4042848\n   13  chromedriver                        0x0000000100fc78a4 chromedriver + 4061348\n   14  chromedriver                        0x0000000100fcf3d0 chromedriver + 4092880\n   15  chromedriver                        0x0000000100fc86e4 chromedriver + 4064996\n   16  chromedriver                        0x0000000100f9e0fc chromedriver + 3891452\n   17  chromedriver                        0x0000000100fe8a64 chromedriver + 4196964\n   18  chromedriver                        0x0000000100fe8bb8 chromedriver + 4197304\n   19  chromedriver                        0x0000000100ffc650 chromedriver + 4277840\n   20  libsystem_pthread.dylib             0x000000019d5c606c _pthread_start + 148\n   21  libsystem_pthread.dylib             0x000000019d5c0e2c thread_start + 8\n", "test_name": "test_10_KlikKonfirmasiKeluar", "rerun": "0"}, "11": {"status": "FAIL", "message": "   selenium.common.exceptions.TimeoutException: Message: \n   Stacktrace:\n   0   chromedriver                        0x0000000100ff51c0 chromedriver + 4248000\n   1   chromedriver                        0x0000000100f75dc0 chromedriver + 3726784\n   2   chromedriver                        0x0000000100c2aec4 chromedriver + 274116\n   3   chromedriver                        0x0000000100c66be4 chromedriver + 519140\n   4   chromedriver                        0x0000000100ca2054 chromedriver + 761940\n   5   chromedriver                        0x0000000100c59200 chromedriver + 463360\n   6   chromedriver                        0x0000000100c5a318 chromedriver + 467736\n   7   chromedriver                        0x0000000100fc3060 chromedriver + 4042848\n   8   chromedriver                        0x0000000100fc78a4 chromedriver + 4061348\n   9   chromedriver                        0x0000000100fcf3d0 chromedriver + 4092880\n   10  chromedriver                        0x0000000100fc86e4 chromedriver + 4064996\n   11  chromedriver                        0x0000000100f9e0fc chromedriver + 3891452\n   12  chromedriver                        0x0000000100fe8a64 chromedriver + 4196964\n   13  chromedriver                        0x0000000100fe8bb8 chromedriver + 4197304\n   14  chromedriver                        0x0000000100ffc650 chromedriver + 4277840\n   15  libsystem_pthread.dylib             0x000000019d5c606c _pthread_start + 148\n   16  libsystem_pthread.dylib             0x000000019d5c0e2c thread_start + 8\n", "test_name": "test_11_BerhasilDiperbaharui", "rerun": "0"}, "12": {"status": "PASS", "message": "", "test_name": "test_12_exit", "rerun": "0"}}, "suite_name": "test_p2uExternal_Fungsi.py"}}}, "date": "March 28, 2023", "start_time": 1680013686.333601, "total_suite": 1, "status": "FAIL", "status_list": {"pass": "11", "fail": "2", "skip": "0", "error": "0", "xpass": "0", "xfail": "0", "rerun": "0"}, "total_tests": "13"}