{"content": {"suites": {"0": {"status": {"total_pass": 1, "total_skip": 0, "total_xpass": 0, "total_xfail": 0, "total_rerun": 0, "total_fail": 22, "total_error": 0}, "tests": {"0": {"status": "PASS", "message": "", "test_name": "test_1_setupOS", "rerun": "0"}, "1": {"status": "FAIL", "message": "   selenium.common.exceptions.NoSuchElementException: Message: no such element: Unable to locate element: {\"method\":\"xpath\",\"selector\":\"//div/span\"}\n     (Session info: chrome=107.0.5304.87)\n   Stacktrace:\n   0   chromedriver                        0x0000000100992f44 chromedriver + 3813188\n   1   chromedriver                        0x0000000100924ae0 chromedriver + 3361504\n   2   chromedriver                        0x0000000100628c5c chromedriver + 232540\n   3   chromedriver                        0x000000010065a380 chromedriver + 435072\n   4   chromedriver                        0x0000000100687f44 chromedriver + 622404\n   5   chromedriver                        0x000000010064f358 chromedriver + 389976\n   6   chromedriver                        0x0000000100650284 chromedriver + 393860\n   7   chromedriver                        0x0000000100966e18 chromedriver + 3632664\n   8   chromedriver                        0x000000010096a97c chromedriver + 3647868\n   9   chromedriver                        0x0000000100970b58 chromedriver + 3672920\n   10  chromedriver                        0x000000010096b350 chromedriver + 3650384\n   11  chromedriver                        0x00000001009488dc chromedriver + 3508444\n   12  chromedriver                        0x0000000100985914 chromedriver + 3758356\n   13  chromedriver                        0x0000000100985a78 chromedriver + 3758712\n   14  chromedriver                        0x00000001009996cc chromedriver + 3839692\n   15  libsystem_pthread.dylib             0x000000019bf2606c _pthread_start + 148\n   16  libsystem_pthread.dylib             0x000000019bf20e2c thread_start + 8\n", "test_name": "test_2_login", "rerun": "0"}, "2": {"status": "FAIL", "message": "   selenium.common.exceptions.NoSuchElementException: Message: no such element: Unable to locate element: {\"method\":\"xpath\",\"selector\":\"//*[@id=\"app\"]/div/nav/ul/li[2]/div\"}\n     (Session info: chrome=107.0.5304.87)\n   Stacktrace:\n   0   chromedriver                        0x0000000100992f44 chromedriver + 3813188\n   1   chromedriver                        0x0000000100924ae0 chromedriver + 3361504\n   2   chromedriver                        0x0000000100628c5c chromedriver + 232540\n   3   chromedriver                        0x000000010065a380 chromedriver + 435072\n   4   chromedriver                        0x0000000100687f44 chromedriver + 622404\n   5   chromedriver                        0x000000010064f358 chromedriver + 389976\n   6   chromedriver                        0x0000000100650284 chromedriver + 393860\n   7   chromedriver                        0x0000000100966e18 chromedriver + 3632664\n   8   chromedriver                        0x000000010096a97c chromedriver + 3647868\n   9   chromedriver                        0x0000000100970b58 chromedriver + 3672920\n   10  chromedriver                        0x000000010096b350 chromedriver + 3650384\n   11  chromedriver                        0x00000001009488dc chromedriver + 3508444\n   12  chromedriver                        0x0000000100985914 chromedriver + 3758356\n   13  chromedriver                        0x0000000100985a78 chromedriver + 3758712\n   14  chromedriver                        0x00000001009996cc chromedriver + 3839692\n   15  libsystem_pthread.dylib             0x000000019bf2606c _pthread_start + 148\n   16  libsystem_pthread.dylib             0x000000019bf20e2c thread_start + 8\n", "test_name": "test_3_akses_menu_index", "rerun": "0"}, "3": {"status": "FAIL", "message": "   selenium.common.exceptions.TimeoutException: Message: \n   Stacktrace:\n   0   chromedriver                        0x0000000100992f44 chromedriver + 3813188\n   1   chromedriver                        0x0000000100924ae0 chromedriver + 3361504\n   2   chromedriver                        0x0000000100628c5c chromedriver + 232540\n   3   chromedriver                        0x000000010065a380 chromedriver + 435072\n   4   chromedriver                        0x0000000100687f44 chromedriver + 622404\n   5   chromedriver                        0x000000010064f358 chromedriver + 389976\n   6   chromedriver                        0x0000000100650284 chromedriver + 393860\n   7   chromedriver                        0x0000000100966e18 chromedriver + 3632664\n   8   chromedriver                        0x000000010096a97c chromedriver + 3647868\n   9   chromedriver                        0x0000000100970b58 chromedriver + 3672920\n   10  chromedriver                        0x000000010096b350 chromedriver + 3650384\n   11  chromedriver                        0x00000001009488dc chromedriver + 3508444\n   12  chromedriver                        0x0000000100985914 chromedriver + 3758356\n   13  chromedriver                        0x0000000100985a78 chromedriver + 3758712\n   14  chromedriver                        0x00000001009996cc chromedriver + 3839692\n   15  libsystem_pthread.dylib             0x000000019bf2606c _pthread_start + 148\n   16  libsystem_pthread.dylib             0x000000019bf20e2c thread_start + 8\n", "test_name": "test_4_search_data_kategori_nama_Index", "rerun": "0"}, "4": {"status": "FAIL", "message": "   selenium.common.exceptions.TimeoutException: Message: \n   Stacktrace:\n   0   chromedriver                        0x0000000100992f44 chromedriver + 3813188\n   1   chromedriver                        0x0000000100924ae0 chromedriver + 3361504\n   2   chromedriver                        0x0000000100628c5c chromedriver + 232540\n   3   chromedriver                        0x000000010065a380 chromedriver + 435072\n   4   chromedriver                        0x0000000100687f44 chromedriver + 622404\n   5   chromedriver                        0x000000010064f358 chromedriver + 389976\n   6   chromedriver                        0x0000000100650284 chromedriver + 393860\n   7   chromedriver                        0x0000000100966e18 chromedriver + 3632664\n   8   chromedriver                        0x000000010096a97c chromedriver + 3647868\n   9   chromedriver                        0x0000000100970b58 chromedriver + 3672920\n   10  chromedriver                        0x000000010096b350 chromedriver + 3650384\n   11  chromedriver                        0x00000001009488dc chromedriver + 3508444\n   12  chromedriver                        0x0000000100985914 chromedriver + 3758356\n   13  chromedriver                        0x0000000100985a78 chromedriver + 3758712\n   14  chromedriver                        0x00000001009996cc chromedriver + 3839692\n   15  libsystem_pthread.dylib             0x000000019bf2606c _pthread_start + 148\n   16  libsystem_pthread.dylib             0x000000019bf20e2c thread_start + 8\n", "test_name": "test_5_search_data_kategori_NoInduk_Index", "rerun": "0"}, "5": {"status": "FAIL", "message": "   selenium.common.exceptions.NoSuchElementException: Message: no such element: Unable to locate element: {\"method\":\"css selector\",\"selector\":\"[id=\"filterColumn\"]\"}\n     (Session info: chrome=107.0.5304.87)\n   Stacktrace:\n   0   chromedriver                        0x0000000100992f44 chromedriver + 3813188\n   1   chromedriver                        0x0000000100924ae0 chromedriver + 3361504\n   2   chromedriver                        0x0000000100628c5c chromedriver + 232540\n   3   chromedriver                        0x000000010065a380 chromedriver + 435072\n   4   chromedriver                        0x0000000100687f44 chromedriver + 622404\n   5   chromedriver                        0x000000010064f358 chromedriver + 389976\n   6   chromedriver                        0x0000000100650284 chromedriver + 393860\n   7   chromedriver                        0x0000000100966e18 chromedriver + 3632664\n   8   chromedriver                        0x000000010096a97c chromedriver + 3647868\n   9   chromedriver                        0x0000000100970b58 chromedriver + 3672920\n   10  chromedriver                        0x000000010096b350 chromedriver + 3650384\n   11  chromedriver                        0x00000001009488dc chromedriver + 3508444\n   12  chromedriver                        0x0000000100985914 chromedriver + 3758356\n   13  chromedriver                        0x0000000100985a78 chromedriver + 3758712\n   14  chromedriver                        0x00000001009996cc chromedriver + 3839692\n   15  libsystem_pthread.dylib             0x000000019bf2606c _pthread_start + 148\n   16  libsystem_pthread.dylib             0x000000019bf20e2c thread_start + 8\n", "test_name": "test_6_clik_clear_value_Index", "rerun": "0"}, "6": {"status": "FAIL", "message": "   selenium.common.exceptions.TimeoutException: Message: \n   Stacktrace:\n   0   chromedriver                        0x0000000100992f44 chromedriver + 3813188\n   1   chromedriver                        0x0000000100924ae0 chromedriver + 3361504\n   2   chromedriver                        0x0000000100628c5c chromedriver + 232540\n   3   chromedriver                        0x000000010065a380 chromedriver + 435072\n   4   chromedriver                        0x0000000100687f44 chromedriver + 622404\n   5   chromedriver                        0x000000010064f358 chromedriver + 389976\n   6   chromedriver                        0x0000000100650284 chromedriver + 393860\n   7   chromedriver                        0x0000000100966e18 chromedriver + 3632664\n   8   chromedriver                        0x000000010096a97c chromedriver + 3647868\n   9   chromedriver                        0x0000000100970b58 chromedriver + 3672920\n   10  chromedriver                        0x000000010096b350 chromedriver + 3650384\n   11  chromedriver                        0x00000001009488dc chromedriver + 3508444\n   12  chromedriver                        0x0000000100985914 chromedriver + 3758356\n   13  chromedriver                        0x0000000100985a78 chromedriver + 3758712\n   14  chromedriver                        0x00000001009996cc chromedriver + 3839692\n   15  libsystem_pthread.dylib             0x000000019bf2606c _pthread_start + 148\n   16  libsystem_pthread.dylib             0x000000019bf20e2c thread_start + 8\n", "test_name": "test_7_sortir_data_table_NoInduk_Index", "rerun": "0"}, "7": {"status": "FAIL", "message": "   selenium.common.exceptions.TimeoutException: Message: \n   Stacktrace:\n   0   chromedriver                        0x0000000100992f44 chromedriver + 3813188\n   1   chromedriver                        0x0000000100924ae0 chromedriver + 3361504\n   2   chromedriver                        0x0000000100628c5c chromedriver + 232540\n   3   chromedriver                        0x000000010065a380 chromedriver + 435072\n   4   chromedriver                        0x0000000100687f44 chromedriver + 622404\n   5   chromedriver                        0x000000010064f358 chromedriver + 389976\n   6   chromedriver                        0x0000000100650284 chromedriver + 393860\n   7   chromedriver                        0x0000000100966e18 chromedriver + 3632664\n   8   chromedriver                        0x000000010096a97c chromedriver + 3647868\n   9   chromedriver                        0x0000000100970b58 chromedriver + 3672920\n   10  chromedriver                        0x000000010096b350 chromedriver + 3650384\n   11  chromedriver                        0x00000001009488dc chromedriver + 3508444\n   12  chromedriver                        0x0000000100985914 chromedriver + 3758356\n   13  chromedriver                        0x0000000100985a78 chromedriver + 3758712\n   14  chromedriver                        0x00000001009996cc chromedriver + 3839692\n   15  libsystem_pthread.dylib             0x000000019bf2606c _pthread_start + 148\n   16  libsystem_pthread.dylib             0x000000019bf20e2c thread_start + 8\n", "test_name": "test_8_sortir_data_table_nama_Index", "rerun": "0"}, "8": {"status": "FAIL", "message": "   selenium.common.exceptions.TimeoutException: Message: \n   Stacktrace:\n   0   chromedriver                        0x0000000100992f44 chromedriver + 3813188\n   1   chromedriver                        0x0000000100924ae0 chromedriver + 3361504\n   2   chromedriver                        0x0000000100628c5c chromedriver + 232540\n   3   chromedriver                        0x000000010065a380 chromedriver + 435072\n   4   chromedriver                        0x0000000100687f44 chromedriver + 622404\n   5   chromedriver                        0x000000010064f358 chromedriver + 389976\n   6   chromedriver                        0x0000000100650284 chromedriver + 393860\n   7   chromedriver                        0x0000000100966e18 chromedriver + 3632664\n   8   chromedriver                        0x000000010096a97c chromedriver + 3647868\n   9   chromedriver                        0x0000000100970b58 chromedriver + 3672920\n   10  chromedriver                        0x000000010096b350 chromedriver + 3650384\n   11  chromedriver                        0x00000001009488dc chromedriver + 3508444\n   12  chromedriver                        0x0000000100985914 chromedriver + 3758356\n   13  chromedriver                        0x0000000100985a78 chromedriver + 3758712\n   14  chromedriver                        0x00000001009996cc chromedriver + 3839692\n   15  libsystem_pthread.dylib             0x000000019bf2606c _pthread_start + 148\n   16  libsystem_pthread.dylib             0x000000019bf20e2c thread_start + 8\n", "test_name": "test_9_sortir_data_table_Jenis_Index", "rerun": "0"}, "9": {"status": "FAIL", "message": "   selenium.common.exceptions.TimeoutException: Message: \n   Stacktrace:\n   0   chromedriver                        0x0000000100992f44 chromedriver + 3813188\n   1   chromedriver                        0x0000000100924ae0 chromedriver + 3361504\n   2   chromedriver                        0x0000000100628c5c chromedriver + 232540\n   3   chromedriver                        0x000000010065a380 chromedriver + 435072\n   4   chromedriver                        0x0000000100687f44 chromedriver + 622404\n   5   chromedriver                        0x000000010064f358 chromedriver + 389976\n   6   chromedriver                        0x0000000100650284 chromedriver + 393860\n   7   chromedriver                        0x0000000100966e18 chromedriver + 3632664\n   8   chromedriver                        0x000000010096a97c chromedriver + 3647868\n   9   chromedriver                        0x0000000100970b58 chromedriver + 3672920\n   10  chromedriver                        0x000000010096b350 chromedriver + 3650384\n   11  chromedriver                        0x00000001009488dc chromedriver + 3508444\n   12  chromedriver                        0x0000000100985914 chromedriver + 3758356\n   13  chromedriver                        0x0000000100985a78 chromedriver + 3758712\n   14  chromedriver                        0x00000001009996cc chromedriver + 3839692\n   15  libsystem_pthread.dylib             0x000000019bf2606c _pthread_start + 148\n   16  libsystem_pthread.dylib             0x000000019bf20e2c thread_start + 8\n", "test_name": "test_10_sortir_data_table_tglkeluar_Index", "rerun": "0"}, "10": {"status": "FAIL", "message": "   selenium.common.exceptions.TimeoutException: Message: \n   Stacktrace:\n   0   chromedriver                        0x0000000100992f44 chromedriver + 3813188\n   1   chromedriver                        0x0000000100924ae0 chromedriver + 3361504\n   2   chromedriver                        0x0000000100628c5c chromedriver + 232540\n   3   chromedriver                        0x000000010065a380 chromedriver + 435072\n   4   chromedriver                        0x0000000100687f44 chromedriver + 622404\n   5   chromedriver                        0x000000010064f358 chromedriver + 389976\n   6   chromedriver                        0x0000000100650284 chromedriver + 393860\n   7   chromedriver                        0x0000000100966e18 chromedriver + 3632664\n   8   chromedriver                        0x000000010096a97c chromedriver + 3647868\n   9   chromedriver                        0x0000000100970b58 chromedriver + 3672920\n   10  chromedriver                        0x000000010096b350 chromedriver + 3650384\n   11  chromedriver                        0x00000001009488dc chromedriver + 3508444\n   12  chromedriver                        0x0000000100985914 chromedriver + 3758356\n   13  chromedriver                        0x0000000100985a78 chromedriver + 3758712\n   14  chromedriver                        0x00000001009996cc chromedriver + 3839692\n   15  libsystem_pthread.dylib             0x000000019bf2606c _pthread_start + 148\n   16  libsystem_pthread.dylib             0x000000019bf20e2c thread_start + 8\n", "test_name": "test_11_sortir_data_table_tglkembali_Index", "rerun": "0"}, "11": {"status": "FAIL", "message": "   selenium.common.exceptions.TimeoutException: Message: \n   Stacktrace:\n   0   chromedriver                        0x0000000100992f44 chromedriver + 3813188\n   1   chromedriver                        0x0000000100924ae0 chromedriver + 3361504\n   2   chromedriver                        0x0000000100628c5c chromedriver + 232540\n   3   chromedriver                        0x000000010065a380 chromedriver + 435072\n   4   chromedriver                        0x0000000100687f44 chromedriver + 622404\n   5   chromedriver                        0x000000010064f358 chromedriver + 389976\n   6   chromedriver                        0x0000000100650284 chromedriver + 393860\n   7   chromedriver                        0x0000000100966e18 chromedriver + 3632664\n   8   chromedriver                        0x000000010096a97c chromedriver + 3647868\n   9   chromedriver                        0x0000000100970b58 chromedriver + 3672920\n   10  chromedriver                        0x000000010096b350 chromedriver + 3650384\n   11  chromedriver                        0x00000001009488dc chromedriver + 3508444\n   12  chromedriver                        0x0000000100985914 chromedriver + 3758356\n   13  chromedriver                        0x0000000100985a78 chromedriver + 3758712\n   14  chromedriver                        0x00000001009996cc chromedriver + 3839692\n   15  libsystem_pthread.dylib             0x000000019bf2606c _pthread_start + 148\n   16  libsystem_pthread.dylib             0x000000019bf20e2c thread_start + 8\n", "test_name": "test_12_sortir_5_Halaman_Index", "rerun": "0"}, "12": {"status": "FAIL", "message": "   selenium.common.exceptions.TimeoutException: Message: \n   Stacktrace:\n   0   chromedriver                        0x0000000100992f44 chromedriver + 3813188\n   1   chromedriver                        0x0000000100924ae0 chromedriver + 3361504\n   2   chromedriver                        0x0000000100628c5c chromedriver + 232540\n   3   chromedriver                        0x000000010065a380 chromedriver + 435072\n   4   chromedriver                        0x0000000100687f44 chromedriver + 622404\n   5   chromedriver                        0x000000010064f358 chromedriver + 389976\n   6   chromedriver                        0x0000000100650284 chromedriver + 393860\n   7   chromedriver                        0x0000000100966e18 chromedriver + 3632664\n   8   chromedriver                        0x000000010096a97c chromedriver + 3647868\n   9   chromedriver                        0x0000000100970b58 chromedriver + 3672920\n   10  chromedriver                        0x000000010096b350 chromedriver + 3650384\n   11  chromedriver                        0x00000001009488dc chromedriver + 3508444\n   12  chromedriver                        0x0000000100985914 chromedriver + 3758356\n   13  chromedriver                        0x0000000100985a78 chromedriver + 3758712\n   14  chromedriver                        0x00000001009996cc chromedriver + 3839692\n   15  libsystem_pthread.dylib             0x000000019bf2606c _pthread_start + 148\n   16  libsystem_pthread.dylib             0x000000019bf20e2c thread_start + 8\n", "test_name": "test_13_sortir_10_Halaman_Index", "rerun": "0"}, "13": {"status": "FAIL", "message": "   selenium.common.exceptions.TimeoutException: Message: \n   Stacktrace:\n   0   chromedriver                        0x0000000100992f44 chromedriver + 3813188\n   1   chromedriver                        0x0000000100924ae0 chromedriver + 3361504\n   2   chromedriver                        0x0000000100628c5c chromedriver + 232540\n   3   chromedriver                        0x000000010065a380 chromedriver + 435072\n   4   chromedriver                        0x0000000100687f44 chromedriver + 622404\n   5   chromedriver                        0x000000010064f358 chromedriver + 389976\n   6   chromedriver                        0x0000000100650284 chromedriver + 393860\n   7   chromedriver                        0x0000000100966e18 chromedriver + 3632664\n   8   chromedriver                        0x000000010096a97c chromedriver + 3647868\n   9   chromedriver                        0x0000000100970b58 chromedriver + 3672920\n   10  chromedriver                        0x000000010096b350 chromedriver + 3650384\n   11  chromedriver                        0x00000001009488dc chromedriver + 3508444\n   12  chromedriver                        0x0000000100985914 chromedriver + 3758356\n   13  chromedriver                        0x0000000100985a78 chromedriver + 3758712\n   14  chromedriver                        0x00000001009996cc chromedriver + 3839692\n   15  libsystem_pthread.dylib             0x000000019bf2606c _pthread_start + 148\n   16  libsystem_pthread.dylib             0x000000019bf20e2c thread_start + 8\n", "test_name": "test_14_sortir_20_Halaman_Index", "rerun": "0"}, "14": {"status": "FAIL", "message": "   selenium.common.exceptions.TimeoutException: Message: \n   Stacktrace:\n   0   chromedriver                        0x0000000100992f44 chromedriver + 3813188\n   1   chromedriver                        0x0000000100924ae0 chromedriver + 3361504\n   2   chromedriver                        0x0000000100628c5c chromedriver + 232540\n   3   chromedriver                        0x000000010065a380 chromedriver + 435072\n   4   chromedriver                        0x0000000100687f44 chromedriver + 622404\n   5   chromedriver                        0x000000010064f358 chromedriver + 389976\n   6   chromedriver                        0x0000000100650284 chromedriver + 393860\n   7   chromedriver                        0x0000000100966e18 chromedriver + 3632664\n   8   chromedriver                        0x000000010096a97c chromedriver + 3647868\n   9   chromedriver                        0x0000000100970b58 chromedriver + 3672920\n   10  chromedriver                        0x000000010096b350 chromedriver + 3650384\n   11  chromedriver                        0x00000001009488dc chromedriver + 3508444\n   12  chromedriver                        0x0000000100985914 chromedriver + 3758356\n   13  chromedriver                        0x0000000100985a78 chromedriver + 3758712\n   14  chromedriver                        0x00000001009996cc chromedriver + 3839692\n   15  libsystem_pthread.dylib             0x000000019bf2606c _pthread_start + 148\n   16  libsystem_pthread.dylib             0x000000019bf20e2c thread_start + 8\n", "test_name": "test_15_sortir_50_Halaman_Index", "rerun": "0"}, "15": {"status": "FAIL", "message": "   selenium.common.exceptions.TimeoutException: Message: \n   Stacktrace:\n   0   chromedriver                        0x0000000100992f44 chromedriver + 3813188\n   1   chromedriver                        0x0000000100924ae0 chromedriver + 3361504\n   2   chromedriver                        0x0000000100628c5c chromedriver + 232540\n   3   chromedriver                        0x000000010065a380 chromedriver + 435072\n   4   chromedriver                        0x0000000100687f44 chromedriver + 622404\n   5   chromedriver                        0x000000010064f358 chromedriver + 389976\n   6   chromedriver                        0x0000000100650284 chromedriver + 393860\n   7   chromedriver                        0x0000000100966e18 chromedriver + 3632664\n   8   chromedriver                        0x000000010096a97c chromedriver + 3647868\n   9   chromedriver                        0x0000000100970b58 chromedriver + 3672920\n   10  chromedriver                        0x000000010096b350 chromedriver + 3650384\n   11  chromedriver                        0x00000001009488dc chromedriver + 3508444\n   12  chromedriver                        0x0000000100985914 chromedriver + 3758356\n   13  chromedriver                        0x0000000100985a78 chromedriver + 3758712\n   14  chromedriver                        0x00000001009996cc chromedriver + 3839692\n   15  libsystem_pthread.dylib             0x000000019bf2606c _pthread_start + 148\n   16  libsystem_pthread.dylib             0x000000019bf20e2c thread_start + 8\n", "test_name": "test_16_sortir_100_Halaman_Index", "rerun": "0"}, "16": {"status": "FAIL", "message": "   selenium.common.exceptions.TimeoutException: Message: \n   Stacktrace:\n   0   chromedriver                        0x0000000100992f44 chromedriver + 3813188\n   1   chromedriver                        0x0000000100924ae0 chromedriver + 3361504\n   2   chromedriver                        0x0000000100628c5c chromedriver + 232540\n   3   chromedriver                        0x000000010065a380 chromedriver + 435072\n   4   chromedriver                        0x0000000100687f44 chromedriver + 622404\n   5   chromedriver                        0x000000010064f358 chromedriver + 389976\n   6   chromedriver                        0x0000000100650284 chromedriver + 393860\n   7   chromedriver                        0x0000000100966e18 chromedriver + 3632664\n   8   chromedriver                        0x000000010096a97c chromedriver + 3647868\n   9   chromedriver                        0x0000000100970b58 chromedriver + 3672920\n   10  chromedriver                        0x000000010096b350 chromedriver + 3650384\n   11  chromedriver                        0x00000001009488dc chromedriver + 3508444\n   12  chromedriver                        0x0000000100985914 chromedriver + 3758356\n   13  chromedriver                        0x0000000100985a78 chromedriver + 3758712\n   14  chromedriver                        0x00000001009996cc chromedriver + 3839692\n   15  libsystem_pthread.dylib             0x000000019bf2606c _pthread_start + 148\n   16  libsystem_pthread.dylib             0x000000019bf20e2c thread_start + 8\n", "test_name": "test_17_membuka_halaman_tambah_Index", "rerun": "0"}, "17": {"status": "FAIL", "message": "   selenium.common.exceptions.TimeoutException: Message: \n   Stacktrace:\n   0   chromedriver                        0x0000000100992f44 chromedriver + 3813188\n   1   chromedriver                        0x0000000100924ae0 chromedriver + 3361504\n   2   chromedriver                        0x0000000100628c5c chromedriver + 232540\n   3   chromedriver                        0x000000010065a380 chromedriver + 435072\n   4   chromedriver                        0x0000000100687f44 chromedriver + 622404\n   5   chromedriver                        0x000000010064f358 chromedriver + 389976\n   6   chromedriver                        0x0000000100650284 chromedriver + 393860\n   7   chromedriver                        0x0000000100966e18 chromedriver + 3632664\n   8   chromedriver                        0x000000010096a97c chromedriver + 3647868\n   9   chromedriver                        0x0000000100970b58 chromedriver + 3672920\n   10  chromedriver                        0x000000010096b350 chromedriver + 3650384\n   11  chromedriver                        0x00000001009488dc chromedriver + 3508444\n   12  chromedriver                        0x0000000100985914 chromedriver + 3758356\n   13  chromedriver                        0x0000000100985a78 chromedriver + 3758712\n   14  chromedriver                        0x00000001009996cc chromedriver + 3839692\n   15  libsystem_pthread.dylib             0x000000019bf2606c _pthread_start + 148\n   16  libsystem_pthread.dylib             0x000000019bf20e2c thread_start + 8\n", "test_name": "test_18_back_index", "rerun": "0"}, "18": {"status": "FAIL", "message": "   selenium.common.exceptions.WebDriverException: Message: disconnected: unable to send message to renderer\n     (failed to check if window was closed: disconnected: Unable to receive message from renderer)\n     (Session info: chrome=107.0.5304.87)\n   Stacktrace:\n   0   chromedriver                        0x0000000100992f44 chromedriver + 3813188\n   1   chromedriver                        0x0000000100924ae0 chromedriver + 3361504\n   2   chromedriver                        0x0000000100628c5c chromedriver + 232540\n   3   chromedriver                        0x0000000100615e34 chromedriver + 155188\n   4   chromedriver                        0x0000000100616460 chromedriver + 156768\n   5   chromedriver                        0x0000000100632524 chromedriver + 271652\n   6   chromedriver                        0x000000010062b3ac chromedriver + 242604\n   7   chromedriver                        0x000000010062b098 chromedriver + 241816\n   8   chromedriver                        0x000000010062b750 chromedriver + 243536\n   9   chromedriver                        0x000000010062b9d0 chromedriver + 244176\n   10  chromedriver                        0x000000010065a104 chromedriver + 434436\n   11  chromedriver                        0x0000000100687f44 chromedriver + 622404\n   12  chromedriver                        0x000000010064f358 chromedriver + 389976\n   13  chromedriver                        0x0000000100650284 chromedriver + 393860\n   14  chromedriver                        0x0000000100966e18 chromedriver + 3632664\n   15  chromedriver                        0x000000010096a97c chromedriver + 3647868\n   16  chromedriver                        0x0000000100970b58 chromedriver + 3672920\n   17  chromedriver                        0x000000010096b350 chromedriver + 3650384\n   18  chromedriver                        0x00000001009488dc chromedriver + 3508444\n   19  chromedriver                        0x0000000100985914 chromedriver + 3758356\n   20  chromedriver                        0x0000000100985a78 chromedriver + 3758712\n   21  chromedriver                        0x00000001009996cc chromedriver + 3839692\n   22  libsystem_pthread.dylib             0x000000019bf2606c _pthread_start + 148\n   23  libsystem_pthread.dylib             0x000000019bf20e2c thread_start + 8\n", "test_name": "test_19_membuka_halaman_ubah_Index", "rerun": "0"}, "19": {"status": "FAIL", "message": "   selenium.common.exceptions.WebDriverException: Message: disconnected: Unable to receive message from renderer\n     (failed to check if window was closed: disconnected: unable to connect to renderer)\n     (Session info: chrome=107.0.5304.87)\n   Stacktrace:\n   0   chromedriver                        0x0000000100992f44 chromedriver + 3813188\n   1   chromedriver                        0x0000000100924ae0 chromedriver + 3361504\n   2   chromedriver                        0x0000000100628c5c chromedriver + 232540\n   3   chromedriver                        0x00000001006170b0 chromedriver + 159920\n   4   chromedriver                        0x0000000100616e8c chromedriver + 159372\n   5   chromedriver                        0x0000000100615fec chromedriver + 155628\n   6   chromedriver                        0x0000000100616338 chromedriver + 156472\n   7   chromedriver                        0x0000000100622604 chromedriver + 206340\n   8   chromedriver                        0x0000000100615974 chromedriver + 153972\n   9   chromedriver                        0x0000000100616b34 chromedriver + 158516\n   10  chromedriver                        0x0000000100615fec chromedriver + 155628\n   11  chromedriver                        0x0000000100616338 chromedriver + 156472\n   12  chromedriver                        0x000000010061fcd0 chromedriver + 195792\n   13  chromedriver                        0x0000000100615974 chromedriver + 153972\n   14  chromedriver                        0x0000000100616b34 chromedriver + 158516\n   15  chromedriver                        0x0000000100615fec chromedriver + 155628\n   16  chromedriver                        0x0000000100616338 chromedriver + 156472\n   17  chromedriver                        0x000000010061bc44 chromedriver + 179268\n   18  chromedriver                        0x0000000100615974 chromedriver + 153972\n   19  chromedriver                        0x0000000100616b34 chromedriver + 158516\n   20  chromedriver                        0x0000000100615fec chromedriver + 155628\n   21  chromedriver                        0x0000000100616338 chromedriver + 156472\n   22  chromedriver                        0x0000000100610604 chromedriver + 132612\n   23  chromedriver                        0x0000000100615974 chromedriver + 153972\n   24  chromedriver                        0x00000001006150ac chromedriver + 151724\n   25  chromedriver                        0x0000000100615208 chromedriver + 152072\n   26  chromedriver                        0x00000001006154a4 chromedriver + 152740\n   27  chromedriver                        0x0000000100687680 chromedriver + 620160\n   28  chromedriver                        0x000000010064f358 chromedriver + 389976\n   29  chromedriver                        0x0000000100650284 chromedriver + 393860\n   30  chromedriver                        0x0000000100966e18 chromedriver + 3632664\n   31  chromedriver                        0x000000010096a97c chromedriver + 3647868\n   32  chromedriver                        0x0000000100970b58 chromedriver + 3672920\n   33  chromedriver                        0x000000010096b350 chromedriver + 3650384\n   34  chromedriver                        0x00000001009488dc chromedriver + 3508444\n   35  chromedriver                        0x0000000100985914 chromedriver + 3758356\n   36  chromedriver                        0x0000000100985a78 chromedriver + 3758712\n   37  chromedriver                        0x00000001009996cc chromedriver + 3839692\n   38  libsystem_pthread.dylib             0x000000019bf2606c _pthread_start + 148\n   39  libsystem_pthread.dylib             0x000000019bf20e2c thread_start + 8\n", "test_name": "test_20_membuka_halaman_detail_Index", "rerun": "0"}, "20": {"status": "FAIL", "message": "   selenium.common.exceptions.WebDriverException: Message: disconnected: unable to connect to renderer\n     (failed to check if window was closed: disconnected: unable to connect to renderer)\n     (Session info: chrome=107.0.5304.87)\n   Stacktrace:\n   0   chromedriver                        0x0000000100992f44 chromedriver + 3813188\n   1   chromedriver                        0x0000000100924ae0 chromedriver + 3361504\n   2   chromedriver                        0x0000000100628c5c chromedriver + 232540\n   3   chromedriver                        0x0000000100615574 chromedriver + 152948\n   4   chromedriver                        0x0000000100687680 chromedriver + 620160\n   5   chromedriver                        0x000000010064f358 chromedriver + 389976\n   6   chromedriver                        0x0000000100650284 chromedriver + 393860\n   7   chromedriver                        0x0000000100966e18 chromedriver + 3632664\n   8   chromedriver                        0x000000010096a97c chromedriver + 3647868\n   9   chromedriver                        0x0000000100970b58 chromedriver + 3672920\n   10  chromedriver                        0x000000010096b350 chromedriver + 3650384\n   11  chromedriver                        0x00000001009488dc chromedriver + 3508444\n   12  chromedriver                        0x0000000100985914 chromedriver + 3758356\n   13  chromedriver                        0x0000000100985a78 chromedriver + 3758712\n   14  chromedriver                        0x00000001009996cc chromedriver + 3839692\n   15  libsystem_pthread.dylib             0x000000019bf2606c _pthread_start + 148\n   16  libsystem_pthread.dylib             0x000000019bf20e2c thread_start + 8\n", "test_name": "test_21_export_exel_Index", "rerun": "0"}, "21": {"status": "FAIL", "message": "   selenium.common.exceptions.WebDriverException: Message: disconnected: unable to connect to renderer\n     (failed to check if window was closed: disconnected: unable to connect to renderer)\n     (Session info: chrome=107.0.5304.87)\n   Stacktrace:\n   0   chromedriver                        0x0000000100992f44 chromedriver + 3813188\n   1   chromedriver                        0x0000000100924ae0 chromedriver + 3361504\n   2   chromedriver                        0x0000000100628c5c chromedriver + 232540\n   3   chromedriver                        0x0000000100615574 chromedriver + 152948\n   4   chromedriver                        0x0000000100687680 chromedriver + 620160\n   5   chromedriver                        0x000000010064f358 chromedriver + 389976\n   6   chromedriver                        0x0000000100650284 chromedriver + 393860\n   7   chromedriver                        0x0000000100966e18 chromedriver + 3632664\n   8   chromedriver                        0x000000010096a97c chromedriver + 3647868\n   9   chromedriver                        0x0000000100970b58 chromedriver + 3672920\n   10  chromedriver                        0x000000010096b350 chromedriver + 3650384\n   11  chromedriver                        0x00000001009488dc chromedriver + 3508444\n   12  chromedriver                        0x0000000100985914 chromedriver + 3758356\n   13  chromedriver                        0x0000000100985a78 chromedriver + 3758712\n   14  chromedriver                        0x00000001009996cc chromedriver + 3839692\n   15  libsystem_pthread.dylib             0x000000019bf2606c _pthread_start + 148\n   16  libsystem_pthread.dylib             0x000000019bf20e2c thread_start + 8\n", "test_name": "test_22_export_pdf_Index", "rerun": "0"}, "22": {"status": "FAIL", "message": "   selenium.common.exceptions.WebDriverException: Message: disconnected: unable to connect to renderer\n     (failed to check if window was closed: disconnected: unable to connect to renderer)\n     (Session info: chrome=107.0.5304.87)\n   Stacktrace:\n   0   chromedriver                        0x0000000100992f44 chromedriver + 3813188\n   1   chromedriver                        0x0000000100924ae0 chromedriver + 3361504\n   2   chromedriver                        0x0000000100628c5c chromedriver + 232540\n   3   chromedriver                        0x0000000100615574 chromedriver + 152948\n   4   chromedriver                        0x0000000100687680 chromedriver + 620160\n   5   chromedriver                        0x000000010064f358 chromedriver + 389976\n   6   chromedriver                        0x0000000100650284 chromedriver + 393860\n   7   chromedriver                        0x0000000100966e18 chromedriver + 3632664\n   8   chromedriver                        0x000000010096a97c chromedriver + 3647868\n   9   chromedriver                        0x0000000100970b58 chromedriver + 3672920\n   10  chromedriver                        0x000000010096b350 chromedriver + 3650384\n   11  chromedriver                        0x00000001009488dc chromedriver + 3508444\n   12  chromedriver                        0x0000000100985914 chromedriver + 3758356\n   13  chromedriver                        0x0000000100985a78 chromedriver + 3758712\n   14  chromedriver                        0x00000001009996cc chromedriver + 3839692\n   15  libsystem_pthread.dylib             0x000000019bf2606c _pthread_start + 148\n   16  libsystem_pthread.dylib             0x000000019bf20e2c thread_start + 8\n", "test_name": "test_23_cetak_Index", "rerun": "0"}}, "suite_name": "test_1Fungsi_Daftar_Lalu_Lintas_Index.py"}}}, "date": "November 07, 2022", "start_time": 1667794662.884148, "total_suite": 1, "status": "FAIL", "status_list": {"pass": "1", "fail": "22", "skip": "0", "error": "0", "xpass": "0", "xfail": "0", "rerun": "0"}, "total_tests": "23"}