{"content": {"suites": {"0": {"status": {"total_pass": 1, "total_skip": 0, "total_xpass": 0, "total_xfail": 0, "total_rerun": 0, "total_fail": 22, "total_error": 0}, "tests": {"0": {"status": "FAIL", "message": "   FileNotFoundError: [Errno 2] No such file or directory: 'data.json'\n", "test_name": "test_1_setupOS", "rerun": "0"}, "1": {"status": "PASS", "message": "", "test_name": "test_2_login", "rerun": "0"}, "2": {"status": "FAIL", "message": "   NameError: name 'pathData' is not defined\n", "test_name": "test_3_akses_menu_index", "rerun": "0"}, "3": {"status": "FAIL", "message": "   NameError: name 'pathData' is not defined\n", "test_name": "test_4_search_data_kategori_nama_Index", "rerun": "0"}, "4": {"status": "FAIL", "message": "   NameError: name 'pathData' is not defined\n", "test_name": "test_5_search_data_kategori_NoInduk_Index", "rerun": "0"}, "5": {"status": "FAIL", "message": "   selenium.common.exceptions.NoSuchElementException: Message: no such element: Unable to locate element: {\"method\":\"css selector\",\"selector\":\"[id=\"filterColumn\"]\"}\n     (Session info: chrome=107.0.5304.87)\n   Stacktrace:\n   0   chromedriver                        0x000000010045ef44 chromedriver + 3813188\n   1   chromedriver                        0x00000001003f0ae0 chromedriver + 3361504\n   2   chromedriver                        0x00000001000f4c5c chromedriver + 232540\n   3   chromedriver                        0x0000000100126380 chromedriver + 435072\n   4   chromedriver                        0x0000000100153f44 chromedriver + 622404\n   5   chromedriver                        0x000000010011b358 chromedriver + 389976\n   6   chromedriver                        0x000000010011c284 chromedriver + 393860\n   7   chromedriver                        0x0000000100432e18 chromedriver + 3632664\n   8   chromedriver                        0x000000010043697c chromedriver + 3647868\n   9   chromedriver                        0x000000010043cb58 chromedriver + 3672920\n   10  chromedriver                        0x0000000100437350 chromedriver + 3650384\n   11  chromedriver                        0x00000001004148dc chromedriver + 3508444\n   12  chromedriver                        0x0000000100451914 chromedriver + 3758356\n   13  chromedriver                        0x0000000100451a78 chromedriver + 3758712\n   14  chromedriver                        0x00000001004656cc chromedriver + 3839692\n   15  libsystem_pthread.dylib             0x000000018b8da06c _pthread_start + 148\n   16  libsystem_pthread.dylib             0x000000018b8d4e2c thread_start + 8\n", "test_name": "test_6_clik_clear_value_Index", "rerun": "0"}, "6": {"status": "FAIL", "message": "   NameError: name 'pathData' is not defined\n", "test_name": "test_7_sortir_data_table_NoInduk_Index", "rerun": "0"}, "7": {"status": "FAIL", "message": "   NameError: name 'pathData' is not defined\n", "test_name": "test_8_sortir_data_table_nama_Index", "rerun": "0"}, "8": {"status": "FAIL", "message": "   NameError: name 'pathData' is not defined\n", "test_name": "test_9_sortir_data_table_Jenis_Index", "rerun": "0"}, "9": {"status": "FAIL", "message": "   NameError: name 'pathData' is not defined\n", "test_name": "test_10_sortir_data_table_tglkeluar_Index", "rerun": "0"}, "10": {"status": "FAIL", "message": "   NameError: name 'pathData' is not defined\n", "test_name": "test_11_sortir_data_table_tglkembali_Index", "rerun": "0"}, "11": {"status": "FAIL", "message": "   NameError: name 'pathData' is not defined\n", "test_name": "test_12_sortir_5_Halaman_Index", "rerun": "0"}, "12": {"status": "FAIL", "message": "   NameError: name 'pathData' is not defined\n", "test_name": "test_13_sortir_10_Halaman_Index", "rerun": "0"}, "13": {"status": "FAIL", "message": "   NameError: name 'pathData' is not defined\n", "test_name": "test_14_sortir_20_Halaman_Index", "rerun": "0"}, "14": {"status": "FAIL", "message": "   NameError: name 'pathData' is not defined\n", "test_name": "test_15_sortir_50_Halaman_Index", "rerun": "0"}, "15": {"status": "FAIL", "message": "   NameError: name 'pathData' is not defined\n", "test_name": "test_16_sortir_100_Halaman_Index", "rerun": "0"}, "16": {"status": "FAIL", "message": "   NameError: name 'pathData' is not defined\n", "test_name": "test_17_membuka_halaman_tambah_Index", "rerun": "0"}, "17": {"status": "FAIL", "message": "   selenium.common.exceptions.TimeoutException: Message: \n   Stacktrace:\n   0   chromedriver                        0x000000010045ef44 chromedriver + 3813188\n   1   chromedriver                        0x00000001003f0ae0 chromedriver + 3361504\n   2   chromedriver                        0x00000001000f4c5c chromedriver + 232540\n   3   chromedriver                        0x0000000100126380 chromedriver + 435072\n   4   chromedriver                        0x0000000100153f44 chromedriver + 622404\n   5   chromedriver                        0x000000010011b358 chromedriver + 389976\n   6   chromedriver                        0x000000010011c284 chromedriver + 393860\n   7   chromedriver                        0x0000000100432e18 chromedriver + 3632664\n   8   chromedriver                        0x000000010043697c chromedriver + 3647868\n   9   chromedriver                        0x000000010043cb58 chromedriver + 3672920\n   10  chromedriver                        0x0000000100437350 chromedriver + 3650384\n   11  chromedriver                        0x00000001004148dc chromedriver + 3508444\n   12  chromedriver                        0x0000000100451914 chromedriver + 3758356\n   13  chromedriver                        0x0000000100451a78 chromedriver + 3758712\n   14  chromedriver                        0x00000001004656cc chromedriver + 3839692\n   15  libsystem_pthread.dylib             0x000000018b8da06c _pthread_start + 148\n   16  libsystem_pthread.dylib             0x000000018b8d4e2c thread_start + 8\n", "test_name": "test_18_back_index", "rerun": "0"}, "18": {"status": "FAIL", "message": "   NameError: name 'pathData' is not defined\n", "test_name": "test_19_membuka_halaman_ubah_Index", "rerun": "0"}, "19": {"status": "FAIL", "message": "   NameError: name 'pathData' is not defined\n", "test_name": "test_20_membuka_halaman_detail_Index", "rerun": "0"}, "20": {"status": "FAIL", "message": "   NameError: name 'pathData' is not defined\n", "test_name": "test_21_export_exel_Index", "rerun": "0"}, "21": {"status": "FAIL", "message": "   NameError: name 'pathData' is not defined\n", "test_name": "test_22_export_pdf_Index", "rerun": "0"}, "22": {"status": "FAIL", "message": "   NameError: name 'pathData' is not defined\n", "test_name": "test_23_cetak_Index", "rerun": "0"}}, "suite_name": "test_1Fungsi_Daftar_Lalu_Lintas_Index.py"}}}, "date": "November 07, 2022", "start_time": 1667840212.5327418, "total_suite": 1, "status": "FAIL", "status_list": {"pass": "1", "fail": "22", "skip": "0", "error": "0", "xpass": "0", "xfail": "0", "rerun": "0"}, "total_tests": "23"}