{"content": {"suites": {"0": {"status": {"total_pass": 6, "total_skip": 0, "total_xpass": 0, "total_xfail": 0, "total_rerun": 0, "total_fail": 6, "total_error": 0}, "tests": {"0": {"status": "PASS", "message": "", "test_name": "test_1_setupOS", "rerun": "0"}, "1": {"status": "PASS", "message": "", "test_name": "test_2_login", "rerun": "0"}, "2": {"status": "PASS", "message": "", "test_name": "test_3_Input", "rerun": "0"}, "3": {"status": "PASS", "message": "", "test_name": "test_3_ClickCreateButton", "rerun": "0"}, "4": {"status": "PASS", "message": "", "test_name": "test_4_inputKategori", "rerun": "0"}, "5": {"status": "PASS", "message": "", "test_name": "test_5_ClickSubmitButton", "rerun": "0"}, "6": {"status": "FAIL", "message": "   selenium.common.exceptions.TimeoutException: Message: \n   Stacktrace:\n   0   chromedriverMac                     0x00000001046a51c0 chromedriverMac + 4248000\n   1   chromedriverMac                     0x0000000104625dc0 chromedriverMac + 3726784\n   2   chromedriverMac                     0x00000001042daec4 chromedriverMac + 274116\n   3   chromedriverMac                     0x0000000104316be4 chromedriverMac + 519140\n   4   chromedriverMac                     0x0000000104352054 chromedriverMac + 761940\n   5   chromedriverMac                     0x0000000104309200 chromedriverMac + 463360\n   6   chromedriverMac                     0x000000010430a318 chromedriverMac + 467736\n   7   chromedriverMac                     0x0000000104673060 chromedriverMac + 4042848\n   8   chromedriverMac                     0x00000001046778a4 chromedriverMac + 4061348\n   9   chromedriverMac                     0x000000010467f3d0 chromedriverMac + 4092880\n   10  chromedriverMac                     0x00000001046786e4 chromedriverMac + 4064996\n   11  chromedriverMac                     0x000000010464e0fc chromedriverMac + 3891452\n   12  chromedriverMac                     0x0000000104698a64 chromedriverMac + 4196964\n   13  chromedriverMac                     0x0000000104698bb8 chromedriverMac + 4197304\n   14  chromedriverMac                     0x00000001046ac650 chromedriverMac + 4277840\n   15  libsystem_pthread.dylib             0x000000018b3ee06c _pthread_start + 148\n   16  libsystem_pthread.dylib             0x000000018b3e8e2c thread_start + 8\n", "test_name": "test_6_FilterDataSemua", "rerun": "0"}, "7": {"status": "FAIL", "message": "   selenium.common.exceptions.WebDriverException: Message: disconnected: unable to send message to renderer\n     (failed to check if window was closed: disconnected: not connected to DevTools)\n     (Session info: chrome=111.0.5563.110)\n   Stacktrace:\n   0   chromedriverMac                     0x00000001046a51c0 chromedriverMac + 4248000\n   1   chromedriverMac                     0x0000000104625dc0 chromedriverMac + 3726784\n   2   chromedriverMac                     0x00000001042daec4 chromedriverMac + 274116\n   3   chromedriverMac                     0x00000001042c3858 chromedriverMac + 178264\n   4   chromedriverMac                     0x00000001042c3dfc chromedriverMac + 179708\n   5   chromedriverMac                     0x00000001042e65cc chromedriverMac + 320972\n   6   chromedriverMac                     0x00000001042de010 chromedriverMac + 286736\n   7   chromedriverMac                     0x00000001042ddafc chromedriverMac + 285436\n   8   chromedriverMac                     0x00000001042de530 chromedriverMac + 288048\n   9   chromedriverMac                     0x00000001042de978 chromedriverMac + 289144\n   10  chromedriverMac                     0x00000001043168c0 chromedriverMac + 518336\n   11  chromedriverMac                     0x0000000104352054 chromedriverMac + 761940\n   12  chromedriverMac                     0x0000000104309200 chromedriverMac + 463360\n   13  chromedriverMac                     0x000000010430a318 chromedriverMac + 467736\n   14  chromedriverMac                     0x0000000104673060 chromedriverMac + 4042848\n   15  chromedriverMac                     0x00000001046778a4 chromedriverMac + 4061348\n   16  chromedriverMac                     0x000000010467f3d0 chromedriverMac + 4092880\n   17  chromedriverMac                     0x00000001046786e4 chromedriverMac + 4064996\n   18  chromedriverMac                     0x000000010464e0fc chromedriverMac + 3891452\n   19  chromedriverMac                     0x0000000104698a64 chromedriverMac + 4196964\n   20  chromedriverMac                     0x0000000104698bb8 chromedriverMac + 4197304\n   21  chromedriverMac                     0x00000001046ac650 chromedriverMac + 4277840\n   22  libsystem_pthread.dylib             0x000000018b3ee06c _pthread_start + 148\n   23  libsystem_pthread.dylib             0x000000018b3e8e2c thread_start + 8\n", "test_name": "test_7_InputKatakunci", "rerun": "0"}, "8": {"status": "FAIL", "message": "   selenium.common.exceptions.WebDriverException: Message: disconnected: not connected to DevTools\n     (failed to check if window was closed: disconnected: not connected to DevTools)\n     (Session info: chrome=111.0.5563.110)\n   Stacktrace:\n   0   chromedriverMac                     0x00000001046a51c0 chromedriverMac + 4248000\n   1   chromedriverMac                     0x0000000104625dc0 chromedriverMac + 3726784\n   2   chromedriverMac                     0x00000001042daec4 chromedriverMac + 274116\n   3   chromedriverMac                     0x00000001042c431c chromedriverMac + 181020\n   4   chromedriverMac                     0x00000001042c4104 chromedriverMac + 180484\n   5   chromedriverMac                     0x00000001043518ac chromedriverMac + 759980\n   6   chromedriverMac                     0x0000000104309200 chromedriverMac + 463360\n   7   chromedriverMac                     0x000000010430a318 chromedriverMac + 467736\n   8   chromedriverMac                     0x0000000104673060 chromedriverMac + 4042848\n   9   chromedriverMac                     0x00000001046778a4 chromedriverMac + 4061348\n   10  chromedriverMac                     0x000000010467f3d0 chromedriverMac + 4092880\n   11  chromedriverMac                     0x00000001046786e4 chromedriverMac + 4064996\n   12  chromedriverMac                     0x000000010464e0fc chromedriverMac + 3891452\n   13  chromedriverMac                     0x0000000104698a64 chromedriverMac + 4196964\n   14  chromedriverMac                     0x0000000104698bb8 chromedriverMac + 4197304\n   15  chromedriverMac                     0x00000001046ac650 chromedriverMac + 4277840\n   16  libsystem_pthread.dylib             0x000000018b3ee06c _pthread_start + 148\n   17  libsystem_pthread.dylib             0x000000018b3e8e2c thread_start + 8\n", "test_name": "test_8_KlikFilterKonfirmBelumKeluar", "rerun": "0"}, "9": {"status": "FAIL", "message": "   selenium.common.exceptions.WebDriverException: Message: disconnected: not connected to DevTools\n     (failed to check if window was closed: disconnected: not connected to DevTools)\n     (Session info: chrome=111.0.5563.110)\n   Stacktrace:\n   0   chromedriverMac                     0x00000001046a51c0 chromedriverMac + 4248000\n   1   chromedriverMac                     0x0000000104625dc0 chromedriverMac + 3726784\n   2   chromedriverMac                     0x00000001042daec4 chromedriverMac + 274116\n   3   chromedriverMac                     0x00000001042c431c chromedriverMac + 181020\n   4   chromedriverMac                     0x00000001042c4104 chromedriverMac + 180484\n   5   chromedriverMac                     0x00000001043518ac chromedriverMac + 759980\n   6   chromedriverMac                     0x0000000104309200 chromedriverMac + 463360\n   7   chromedriverMac                     0x000000010430a318 chromedriverMac + 467736\n   8   chromedriverMac                     0x0000000104673060 chromedriverMac + 4042848\n   9   chromedriverMac                     0x00000001046778a4 chromedriverMac + 4061348\n   10  chromedriverMac                     0x000000010467f3d0 chromedriverMac + 4092880\n   11  chromedriverMac                     0x00000001046786e4 chromedriverMac + 4064996\n   12  chromedriverMac                     0x000000010464e0fc chromedriverMac + 3891452\n   13  chromedriverMac                     0x0000000104698a64 chromedriverMac + 4196964\n   14  chromedriverMac                     0x0000000104698bb8 chromedriverMac + 4197304\n   15  chromedriverMac                     0x00000001046ac650 chromedriverMac + 4277840\n   16  libsystem_pthread.dylib             0x000000018b3ee06c _pthread_start + 148\n   17  libsystem_pthread.dylib             0x000000018b3e8e2c thread_start + 8\n", "test_name": "test_9_KlikDetailWbp", "rerun": "0"}, "10": {"status": "FAIL", "message": "   selenium.common.exceptions.WebDriverException: Message: disconnected: not connected to DevTools\n     (failed to check if window was closed: disconnected: not connected to DevTools)\n     (Session info: chrome=111.0.5563.110)\n   Stacktrace:\n   0   chromedriverMac                     0x00000001046a51c0 chromedriverMac + 4248000\n   1   chromedriverMac                     0x0000000104625dc0 chromedriverMac + 3726784\n   2   chromedriverMac                     0x00000001042daec4 chromedriverMac + 274116\n   3   chromedriverMac                     0x00000001042c431c chromedriverMac + 181020\n   4   chromedriverMac                     0x00000001042c4104 chromedriverMac + 180484\n   5   chromedriverMac                     0x00000001043518ac chromedriverMac + 759980\n   6   chromedriverMac                     0x0000000104309200 chromedriverMac + 463360\n   7   chromedriverMac                     0x000000010430a318 chromedriverMac + 467736\n   8   chromedriverMac                     0x0000000104673060 chromedriverMac + 4042848\n   9   chromedriverMac                     0x00000001046778a4 chromedriverMac + 4061348\n   10  chromedriverMac                     0x000000010467f3d0 chromedriverMac + 4092880\n   11  chromedriverMac                     0x00000001046786e4 chromedriverMac + 4064996\n   12  chromedriverMac                     0x000000010464e0fc chromedriverMac + 3891452\n   13  chromedriverMac                     0x0000000104698a64 chromedriverMac + 4196964\n   14  chromedriverMac                     0x0000000104698bb8 chromedriverMac + 4197304\n   15  chromedriverMac                     0x00000001046ac650 chromedriverMac + 4277840\n   16  libsystem_pthread.dylib             0x000000018b3ee06c _pthread_start + 148\n   17  libsystem_pthread.dylib             0x000000018b3e8e2c thread_start + 8\n", "test_name": "test_10_KlikKonfirmasiKeluar", "rerun": "0"}, "11": {"status": "FAIL", "message": "   selenium.common.exceptions.WebDriverException: Message: disconnected: not connected to DevTools\n     (failed to check if window was closed: disconnected: not connected to DevTools)\n     (Session info: chrome=111.0.5563.110)\n   Stacktrace:\n   0   chromedriverMac                     0x00000001046a51c0 chromedriverMac + 4248000\n   1   chromedriverMac                     0x0000000104625dc0 chromedriverMac + 3726784\n   2   chromedriverMac                     0x00000001042daec4 chromedriverMac + 274116\n   3   chromedriverMac                     0x00000001042c431c chromedriverMac + 181020\n   4   chromedriverMac                     0x00000001042c4104 chromedriverMac + 180484\n   5   chromedriverMac                     0x00000001043518ac chromedriverMac + 759980\n   6   chromedriverMac                     0x0000000104309200 chromedriverMac + 463360\n   7   chromedriverMac                     0x000000010430a318 chromedriverMac + 467736\n   8   chromedriverMac                     0x0000000104673060 chromedriverMac + 4042848\n   9   chromedriverMac                     0x00000001046778a4 chromedriverMac + 4061348\n   10  chromedriverMac                     0x000000010467f3d0 chromedriverMac + 4092880\n   11  chromedriverMac                     0x00000001046786e4 chromedriverMac + 4064996\n   12  chromedriverMac                     0x000000010464e0fc chromedriverMac + 3891452\n   13  chromedriverMac                     0x0000000104698a64 chromedriverMac + 4196964\n   14  chromedriverMac                     0x0000000104698bb8 chromedriverMac + 4197304\n   15  chromedriverMac                     0x00000001046ac650 chromedriverMac + 4277840\n   16  libsystem_pthread.dylib             0x000000018b3ee06c _pthread_start + 148\n   17  libsystem_pthread.dylib             0x000000018b3e8e2c thread_start + 8\n", "test_name": "test_11_BerhasilDiperbaharui", "rerun": "0"}}, "suite_name": "test_p2uExternal_Fungsi.py"}}}, "date": "March 25, 2023", "start_time": 1679763283.087481, "total_suite": 1, "status": "FAIL", "status_list": {"pass": "6", "fail": "6", "skip": "0", "error": "0", "xpass": "0", "xfail": "0", "rerun": "0"}, "total_tests": "12"}