{"content": {"suites": {"0": {"status": {"total_pass": 5, "total_skip": 0, "total_xpass": 0, "total_xfail": 0, "total_rerun": 0, "total_fail": 5, "total_error": 0}, "tests": {"0": {"status": "PASS", "message": "", "test_name": "test_1_setupOS", "rerun": "0"}, "1": {"status": "PASS", "message": "", "test_name": "test_2_login", "rerun": "0"}, "2": {"status": "PASS", "message": "", "test_name": "test_3_AksesMenu_Registrasi", "rerun": "0"}, "3": {"status": "PASS", "message": "", "test_name": "test_4_ButtonRegistrasi", "rerun": "0"}, "4": {"status": "FAIL", "message": "   selenium.common.exceptions.TimeoutException: Message: \n   Stacktrace:\n   0   chromedriverMac                     0x00000001008391c0 chromedriverMac + 4248000\n   1   chromedriverMac                     0x00000001007b9dc0 chromedriverMac + 3726784\n   2   chromedriverMac                     0x000000010046eec4 chromedriverMac + 274116\n   3   chromedriverMac                     0x00000001004aabe4 chromedriverMac + 519140\n   4   chromedriverMac                     0x00000001004e6054 chromedriverMac + 761940\n   5   chromedriverMac                     0x000000010049d200 chromedriverMac + 463360\n   6   chromedriverMac                     0x000000010049e318 chromedriverMac + 467736\n   7   chromedriverMac                     0x0000000100807060 chromedriverMac + 4042848\n   8   chromedriverMac                     0x000000010080b8a4 chromedriverMac + 4061348\n   9   chromedriverMac                     0x00000001008133d0 chromedriverMac + 4092880\n   10  chromedriverMac                     0x000000010080c6e4 chromedriverMac + 4064996\n   11  chromedriverMac                     0x00000001007e20fc chromedriverMac + 3891452\n   12  chromedriverMac                     0x000000010082ca64 chromedriverMac + 4196964\n   13  chromedriverMac                     0x000000010082cbb8 chromedriverMac + 4197304\n   14  chromedriverMac                     0x0000000100840650 chromedriverMac + 4277840\n   15  libsystem_pthread.dylib             0x000000018b3ee06c _pthread_start + 148\n   16  libsystem_pthread.dylib             0x000000018b3e8e2c thread_start + 8\n", "test_name": "test_5_PilihJenisReg", "rerun": "0"}, "5": {"status": "PASS", "message": "", "test_name": "test_6_SearchNoregWBP", "rerun": "0"}, "6": {"status": "FAIL", "message": "   selenium.common.exceptions.TimeoutException: Message: \n   Stacktrace:\n   0   chromedriverMac                     0x00000001008391c0 chromedriverMac + 4248000\n   1   chromedriverMac                     0x00000001007b9dc0 chromedriverMac + 3726784\n   2   chromedriverMac                     0x000000010046eec4 chromedriverMac + 274116\n   3   chromedriverMac                     0x00000001004aabe4 chromedriverMac + 519140\n   4   chromedriverMac                     0x00000001004e6054 chromedriverMac + 761940\n   5   chromedriverMac                     0x000000010049d200 chromedriverMac + 463360\n   6   chromedriverMac                     0x000000010049e318 chromedriverMac + 467736\n   7   chromedriverMac                     0x0000000100807060 chromedriverMac + 4042848\n   8   chromedriverMac                     0x000000010080b8a4 chromedriverMac + 4061348\n   9   chromedriverMac                     0x00000001008133d0 chromedriverMac + 4092880\n   10  chromedriverMac                     0x000000010080c6e4 chromedriverMac + 4064996\n   11  chromedriverMac                     0x00000001007e20fc chromedriverMac + 3891452\n   12  chromedriverMac                     0x000000010082ca64 chromedriverMac + 4196964\n   13  chromedriverMac                     0x000000010082cbb8 chromedriverMac + 4197304\n   14  chromedriverMac                     0x0000000100840650 chromedriverMac + 4277840\n   15  libsystem_pthread.dylib             0x000000018b3ee06c _pthread_start + 148\n   16  libsystem_pthread.dylib             0x000000018b3e8e2c thread_start + 8\n", "test_name": "test_7_ClickDataWbp", "rerun": "0"}, "7": {"status": "FAIL", "message": "   selenium.common.exceptions.NoSuchElementException: Message: no such element: Unable to locate element: {\"method\":\"css selector\",\"selector\":\"[id=\"findButton\"]\"}\n     (Session info: chrome=111.0.5563.110)\n   Stacktrace:\n   0   chromedriverMac                     0x00000001008391c0 chromedriverMac + 4248000\n   1   chromedriverMac                     0x00000001007b9dc0 chromedriverMac + 3726784\n   2   chromedriverMac                     0x000000010046eec4 chromedriverMac + 274116\n   3   chromedriverMac                     0x00000001004aabe4 chromedriverMac + 519140\n   4   chromedriverMac                     0x00000001004e6054 chromedriverMac + 761940\n   5   chromedriverMac                     0x000000010049d200 chromedriverMac + 463360\n   6   chromedriverMac                     0x000000010049e318 chromedriverMac + 467736\n   7   chromedriverMac                     0x0000000100807060 chromedriverMac + 4042848\n   8   chromedriverMac                     0x000000010080b8a4 chromedriverMac + 4061348\n   9   chromedriverMac                     0x00000001008133d0 chromedriverMac + 4092880\n   10  chromedriverMac                     0x000000010080c6e4 chromedriverMac + 4064996\n   11  chromedriverMac                     0x00000001007e20fc chromedriverMac + 3891452\n   12  chromedriverMac                     0x000000010082ca64 chromedriverMac + 4196964\n   13  chromedriverMac                     0x000000010082cbb8 chromedriverMac + 4197304\n   14  chromedriverMac                     0x0000000100840650 chromedriverMac + 4277840\n   15  libsystem_pthread.dylib             0x000000018b3ee06c _pthread_start + 148\n   16  libsystem_pthread.dylib             0x000000018b3e8e2c thread_start + 8\n", "test_name": "test_8_SearchWbp", "rerun": "0"}, "8": {"status": "FAIL", "message": "   selenium.common.exceptions.TimeoutException: Message: \n   Stacktrace:\n   0   chromedriverMac                     0x00000001008391c0 chromedriverMac + 4248000\n   1   chromedriverMac                     0x00000001007b9dc0 chromedriverMac + 3726784\n   2   chromedriverMac                     0x000000010046eec4 chromedriverMac + 274116\n   3   chromedriverMac                     0x00000001004aabe4 chromedriverMac + 519140\n   4   chromedriverMac                     0x00000001004e6054 chromedriverMac + 761940\n   5   chromedriverMac                     0x000000010049d200 chromedriverMac + 463360\n   6   chromedriverMac                     0x000000010049e318 chromedriverMac + 467736\n   7   chromedriverMac                     0x0000000100807060 chromedriverMac + 4042848\n   8   chromedriverMac                     0x000000010080b8a4 chromedriverMac + 4061348\n   9   chromedriverMac                     0x00000001008133d0 chromedriverMac + 4092880\n   10  chromedriverMac                     0x000000010080c6e4 chromedriverMac + 4064996\n   11  chromedriverMac                     0x00000001007e20fc chromedriverMac + 3891452\n   12  chromedriverMac                     0x000000010082ca64 chromedriverMac + 4196964\n   13  chromedriverMac                     0x000000010082cbb8 chromedriverMac + 4197304\n   14  chromedriverMac                     0x0000000100840650 chromedriverMac + 4277840\n   15  libsystem_pthread.dylib             0x000000018b3ee06c _pthread_start + 148\n   16  libsystem_pthread.dylib             0x000000018b3e8e2c thread_start + 8\n", "test_name": "test_9_ClosePopUp", "rerun": "0"}, "9": {"status": "FAIL", "message": "   selenium.common.exceptions.NoSuchElementException: Message: no such element: Unable to locate element: {\"method\":\"css selector\",\"selector\":\"[id=\"nmr_reg_gol\"]\"}\n     (Session info: chrome=111.0.5563.110)\n   Stacktrace:\n   0   chromedriverMac                     0x00000001008391c0 chromedriverMac + 4248000\n   1   chromedriverMac                     0x00000001007b9dc0 chromedriverMac + 3726784\n   2   chromedriverMac                     0x000000010046eec4 chromedriverMac + 274116\n   3   chromedriverMac                     0x00000001004aabe4 chromedriverMac + 519140\n   4   chromedriverMac                     0x00000001004e6054 chromedriverMac + 761940\n   5   chromedriverMac                     0x000000010049d200 chromedriverMac + 463360\n   6   chromedriverMac                     0x000000010049e318 chromedriverMac + 467736\n   7   chromedriverMac                     0x0000000100807060 chromedriverMac + 4042848\n   8   chromedriverMac                     0x000000010080b8a4 chromedriverMac + 4061348\n   9   chromedriverMac                     0x00000001008133d0 chromedriverMac + 4092880\n   10  chromedriverMac                     0x000000010080c6e4 chromedriverMac + 4064996\n   11  chromedriverMac                     0x00000001007e20fc chromedriverMac + 3891452\n   12  chromedriverMac                     0x000000010082ca64 chromedriverMac + 4196964\n   13  chromedriverMac                     0x000000010082cbb8 chromedriverMac + 4197304\n   14  chromedriverMac                     0x0000000100840650 chromedriverMac + 4277840\n   15  libsystem_pthread.dylib             0x000000018b3ee06c _pthread_start + 148\n   16  libsystem_pthread.dylib             0x000000018b3e8e2c thread_start + 8\n", "test_name": "test_10_InputNoreg", "rerun": "0"}}, "suite_name": "test_registrasi_fungsi.py"}}}, "date": "March 26, 2023", "start_time": 1679767136.823253, "total_suite": 1, "status": "FAIL", "status_list": {"pass": "5", "fail": "5", "skip": "0", "error": "0", "xpass": "0", "xfail": "0", "rerun": "0"}, "total_tests": "10"}