{"content": {"suites": {"0": {"status": {"total_pass": 3, "total_skip": 0, "total_xpass": 0, "total_xfail": 0, "total_rerun": 0, "total_fail": 6, "total_error": 0}, "tests": {"0": {"status": "PASS", "message": "", "test_name": "test1_OpKegiatanPelatihan_SetupOs", "rerun": "0"}, "1": {"status": "PASS", "message": "", "test_name": "test_TC_KTR_001", "rerun": "0"}, "2": {"status": "PASS", "message": "", "test_name": "test_TC_KTR_002", "rerun": "0"}, "3": {"status": "FAIL", "message": "   selenium.common.exceptions.ElementNotInteractableException: Message: element not interactable\n     (Session info: chrome=113.0.5672.63)\n   Stacktrace:\n   0   chromedriver                        0x0000000104d29ae8 chromedriver + 4958952\n   1   chromedriver                        0x0000000104d217b3 chromedriver + 4925363\n   2   chromedriver                        0x00000001048e3051 chromedriver + 475217\n   3   chromedriver                        0x00000001049282e8 chromedriver + 758504\n   4   chromedriver                        0x0000000104919283 chromedriver + 696963\n   5   chromedriver                        0x000000010494cc12 chromedriver + 908306\n   6   chromedriver                        0x00000001049188f1 chromedriver + 694513\n   7   chromedriver                        0x000000010494cdce chromedriver + 908750\n   8   chromedriver                        0x000000010496825b chromedriver + 1020507\n   9   chromedriver                        0x000000010494c9e3 chromedriver + 907747\n   10  chromedriver                        0x0000000104916aef chromedriver + 686831\n   11  chromedriver                        0x000000010491800e chromedriver + 692238\n   12  chromedriver                        0x0000000104ce59ad chromedriver + 4680109\n   13  chromedriver                        0x0000000104ceac12 chromedriver + 4701202\n   14  chromedriver                        0x0000000104cf179f chromedriver + 4728735\n   15  chromedriver                        0x0000000104cebb7a chromedriver + 4705146\n   16  chromedriver                        0x0000000104cbe27e chromedriver + 4518526\n   17  chromedriver                        0x0000000104d0b908 chromedriver + 4835592\n   18  chromedriver                        0x0000000104d0ba87 chromedriver + 4835975\n   19  chromedriver                        0x0000000104d1b00f chromedriver + 4898831\n   20  libsystem_pthread.dylib             0x00007ff8019e71d3 _pthread_start + 125\n   21  libsystem_pthread.dylib             0x00007ff8019e2bd3 thread_start + 15\n", "test_name": "test_TC_KTR_003", "rerun": "0"}, "4": {"status": "FAIL", "message": "   selenium.common.exceptions.TimeoutException: Message: \n   Stacktrace:\n   0   chromedriver                        0x0000000104d29ae8 chromedriver + 4958952\n   1   chromedriver                        0x0000000104d217b3 chromedriver + 4925363\n   2   chromedriver                        0x00000001048e31d6 chromedriver + 475606\n   3   chromedriver                        0x0000000104926a20 chromedriver + 752160\n   4   chromedriver                        0x0000000104926c81 chromedriver + 752769\n   5   chromedriver                        0x000000010496af64 chromedriver + 1032036\n   6   chromedriver                        0x000000010494cc3d chromedriver + 908349\n   7   chromedriver                        0x000000010496825b chromedriver + 1020507\n   8   chromedriver                        0x000000010494c9e3 chromedriver + 907747\n   9   chromedriver                        0x0000000104916aef chromedriver + 686831\n   10  chromedriver                        0x000000010491800e chromedriver + 692238\n   11  chromedriver                        0x0000000104ce59ad chromedriver + 4680109\n   12  chromedriver                        0x0000000104ceac12 chromedriver + 4701202\n   13  chromedriver                        0x0000000104cf179f chromedriver + 4728735\n   14  chromedriver                        0x0000000104cebb7a chromedriver + 4705146\n   15  chromedriver                        0x0000000104cbe27e chromedriver + 4518526\n   16  chromedriver                        0x0000000104d0b908 chromedriver + 4835592\n   17  chromedriver                        0x0000000104d0ba87 chromedriver + 4835975\n   18  chromedriver                        0x0000000104d1b00f chromedriver + 4898831\n   19  libsystem_pthread.dylib             0x00007ff8019e71d3 _pthread_start + 125\n   20  libsystem_pthread.dylib             0x00007ff8019e2bd3 thread_start + 15\n", "test_name": "test_TC_KTR_004", "rerun": "0"}, "5": {"status": "FAIL", "message": "   selenium.common.exceptions.TimeoutException: Message: \n   Stacktrace:\n   0   chromedriver                        0x0000000104d29ae8 chromedriver + 4958952\n   1   chromedriver                        0x0000000104d217b3 chromedriver + 4925363\n   2   chromedriver                        0x00000001048e31d6 chromedriver + 475606\n   3   chromedriver                        0x0000000104926a20 chromedriver + 752160\n   4   chromedriver                        0x0000000104926c81 chromedriver + 752769\n   5   chromedriver                        0x000000010496af64 chromedriver + 1032036\n   6   chromedriver                        0x000000010494cc3d chromedriver + 908349\n   7   chromedriver                        0x000000010496825b chromedriver + 1020507\n   8   chromedriver                        0x000000010494c9e3 chromedriver + 907747\n   9   chromedriver                        0x0000000104916aef chromedriver + 686831\n   10  chromedriver                        0x000000010491800e chromedriver + 692238\n   11  chromedriver                        0x0000000104ce59ad chromedriver + 4680109\n   12  chromedriver                        0x0000000104ceac12 chromedriver + 4701202\n   13  chromedriver                        0x0000000104cf179f chromedriver + 4728735\n   14  chromedriver                        0x0000000104cebb7a chromedriver + 4705146\n   15  chromedriver                        0x0000000104cbe27e chromedriver + 4518526\n   16  chromedriver                        0x0000000104d0b908 chromedriver + 4835592\n   17  chromedriver                        0x0000000104d0ba87 chromedriver + 4835975\n   18  chromedriver                        0x0000000104d1b00f chromedriver + 4898831\n   19  libsystem_pthread.dylib             0x00007ff8019e71d3 _pthread_start + 125\n   20  libsystem_pthread.dylib             0x00007ff8019e2bd3 thread_start + 15\n", "test_name": "test_TC_KTR_005", "rerun": "0"}, "6": {"status": "FAIL", "message": "   selenium.common.exceptions.TimeoutException: Message: \n   Stacktrace:\n   0   chromedriver                        0x0000000104d29ae8 chromedriver + 4958952\n   1   chromedriver                        0x0000000104d217b3 chromedriver + 4925363\n   2   chromedriver                        0x00000001048e31d6 chromedriver + 475606\n   3   chromedriver                        0x0000000104926a20 chromedriver + 752160\n   4   chromedriver                        0x0000000104926c81 chromedriver + 752769\n   5   chromedriver                        0x000000010496af64 chromedriver + 1032036\n   6   chromedriver                        0x000000010494cc3d chromedriver + 908349\n   7   chromedriver                        0x000000010496825b chromedriver + 1020507\n   8   chromedriver                        0x000000010494c9e3 chromedriver + 907747\n   9   chromedriver                        0x0000000104916aef chromedriver + 686831\n   10  chromedriver                        0x000000010491800e chromedriver + 692238\n   11  chromedriver                        0x0000000104ce59ad chromedriver + 4680109\n   12  chromedriver                        0x0000000104ceac12 chromedriver + 4701202\n   13  chromedriver                        0x0000000104cf179f chromedriver + 4728735\n   14  chromedriver                        0x0000000104cebb7a chromedriver + 4705146\n   15  chromedriver                        0x0000000104cbe27e chromedriver + 4518526\n   16  chromedriver                        0x0000000104d0b908 chromedriver + 4835592\n   17  chromedriver                        0x0000000104d0ba87 chromedriver + 4835975\n   18  chromedriver                        0x0000000104d1b00f chromedriver + 4898831\n   19  libsystem_pthread.dylib             0x00007ff8019e71d3 _pthread_start + 125\n   20  libsystem_pthread.dylib             0x00007ff8019e2bd3 thread_start + 15\n", "test_name": "test_TC_KTR_006", "rerun": "0"}, "7": {"status": "FAIL", "message": "   AttributeError: 'NoneType' object has no attribute 'is_displayed'\n", "test_name": "test_TC_KTR_007", "rerun": "0"}, "8": {"status": "FAIL", "message": "   selenium.common.exceptions.WebDriverException: Message: disconnected: not connected to DevTools\n     (failed to check if window was closed: disconnected: not connected to DevTools)\n     (Session info: chrome=113.0.5672.63)\n   Stacktrace:\n   0   chromedriver                        0x0000000104d29ae8 chromedriver + 4958952\n   1   chromedriver                        0x0000000104d217b3 chromedriver + 4925363\n   2   chromedriver                        0x00000001048e31d6 chromedriver + 475606\n   3   chromedriver                        0x00000001048c86c8 chromedriver + 366280\n   4   chromedriver                        0x00000001048c9d4c chromedriver + 372044\n   5   chromedriver                        0x00000001048c9ca4 chromedriver + 371876\n   6   chromedriver                        0x00000001048b707e chromedriver + 295038\n   7   chromedriver                        0x00000001048b7fb4 chromedriver + 298932\n   8   chromedriver                        0x0000000104958bf0 chromedriver + 957424\n   9   chromedriver                        0x000000010494cbd8 chromedriver + 908248\n   10  chromedriver                        0x0000000104916aef chromedriver + 686831\n   11  chromedriver                        0x000000010491800e chromedriver + 692238\n   12  chromedriver                        0x0000000104ce59ad chromedriver + 4680109\n   13  chromedriver                        0x0000000104ceac12 chromedriver + 4701202\n   14  chromedriver                        0x0000000104cf179f chromedriver + 4728735\n   15  chromedriver                        0x0000000104cebb7a chromedriver + 4705146\n   16  chromedriver                        0x0000000104cbe27e chromedriver + 4518526\n   17  chromedriver                        0x0000000104d0b908 chromedriver + 4835592\n   18  chromedriver                        0x0000000104d0ba87 chromedriver + 4835975\n   19  chromedriver                        0x0000000104d1b00f chromedriver + 4898831\n   20  libsystem_pthread.dylib             0x00007ff8019e71d3 _pthread_start + 125\n   21  libsystem_pthread.dylib             0x00007ff8019e2bd3 thread_start + 15\n", "test_name": "test1_exit_OpKegiatanPelatihan", "rerun": "0"}}, "suite_name": "KETERAMPILAN/Fungsional/test_1_OpKegiatanPelatihan.py"}}}, "date": "May 05, 2023", "start_time": 1683265861.716342, "total_suite": 1, "status": "FAIL", "status_list": {"pass": "3", "fail": "6", "skip": "0", "error": "0", "xpass": "0", "xfail": "0", "rerun": "0"}, "total_tests": "9"}