{"content": {"suites": {"0": {"status": {"total_pass": 1, "total_skip": 0, "total_xpass": 0, "total_xfail": 0, "total_rerun": 0, "total_fail": 18, "total_error": 0}, "tests": {"0": {"status": "PASS", "message": "", "test_name": "test_1_setupOS_HalamanTambah", "rerun": "0"}, "1": {"status": "FAIL", "message": "   selenium.common.exceptions.NoSuchElementException: Message: no such element: Unable to locate element: {\"method\":\"xpath\",\"selector\":\"//div/span\"}\n     (Session info: chrome=107.0.5304.87)\n   Stacktrace:\n   0   chromedriver                        0x0000000100b12a88 chromedriver + 4123272\n   1   chromedriver                        0x0000000100a9e778 chromedriver + 3647352\n   2   chromedriver                        0x0000000100760ac4 chromedriver + 248516\n   3   chromedriver                        0x0000000100796f68 chromedriver + 470888\n   4   chromedriver                        0x00000001007c9020 chromedriver + 675872\n   5   chromedriver                        0x000000010078ab10 chromedriver + 420624\n   6   chromedriver                        0x000000010078bc30 chromedriver + 425008\n   7   chromedriver                        0x0000000100ae4ae4 chromedriver + 3934948\n   8   chromedriver                        0x0000000100ae7f24 chromedriver + 3948324\n   9   chromedriver                        0x0000000100ae8508 chromedriver + 3949832\n   10  chromedriver                        0x0000000100aeeb30 chromedriver + 3975984\n   11  chromedriver                        0x0000000100ae8b24 chromedriver + 3951396\n   12  chromedriver                        0x0000000100ac371c chromedriver + 3798812\n   13  chromedriver                        0x0000000100b052f0 chromedriver + 4068080\n   14  chromedriver                        0x0000000100b05444 chromedriver + 4068420\n   15  chromedriver                        0x0000000100b19450 chromedriver + 4150352\n   16  libsystem_pthread.dylib             0x000000019dd5606c _pthread_start + 148\n   17  libsystem_pthread.dylib             0x000000019dd50e2c thread_start + 8\n", "test_name": "test_2_login_HalamanTambah", "rerun": "0"}, "2": {"status": "FAIL", "message": "       AttributeError: move_to requires a WebElement\n", "test_name": "test_3_akses_menu_HalamanTambah", "rerun": "0"}, "3": {"status": "FAIL", "message": "   selenium.common.exceptions.NoSuchWindowException: Message: no such window: target window already closed\n   from unknown error: web view not found\n     (Session info: chrome=107.0.5304.87)\n   Stacktrace:\n   0   chromedriver                        0x0000000100b12a88 chromedriver + 4123272\n   1   chromedriver                        0x0000000100a9e778 chromedriver + 3647352\n   2   chromedriver                        0x0000000100760ac4 chromedriver + 248516\n   3   chromedriver                        0x0000000100740304 chromedriver + 115460\n   4   chromedriver                        0x00000001007b6e64 chromedriver + 601700\n   5   chromedriver                        0x00000001007c8744 chromedriver + 673604\n   6   chromedriver                        0x000000010078ab10 chromedriver + 420624\n   7   chromedriver                        0x000000010078bc30 chromedriver + 425008\n   8   chromedriver                        0x0000000100ae4ae4 chromedriver + 3934948\n   9   chromedriver                        0x0000000100ae7f24 chromedriver + 3948324\n   10  chromedriver                        0x0000000100ae8508 chromedriver + 3949832\n   11  chromedriver                        0x0000000100aeeb30 chromedriver + 3975984\n   12  chromedriver                        0x0000000100ae8b24 chromedriver + 3951396\n   13  chromedriver                        0x0000000100ac371c chromedriver + 3798812\n   14  chromedriver                        0x0000000100b052f0 chromedriver + 4068080\n   15  chromedriver                        0x0000000100b05444 chromedriver + 4068420\n   16  chromedriver                        0x0000000100b19450 chromedriver + 4150352\n   17  libsystem_pthread.dylib             0x000000019dd5606c _pthread_start + 148\n   18  libsystem_pthread.dylib             0x000000019dd50e2c thread_start + 8\n", "test_name": "test_4_membuka_halaman_HalamanTambah", "rerun": "0"}, "4": {"status": "FAIL", "message": "   selenium.common.exceptions.NoSuchWindowException: Message: no such window: target window already closed\n   from unknown error: web view not found\n     (Session info: chrome=107.0.5304.87)\n   Stacktrace:\n   0   chromedriver                        0x0000000100b12a88 chromedriver + 4123272\n   1   chromedriver                        0x0000000100a9e778 chromedriver + 3647352\n   2   chromedriver                        0x0000000100760ac4 chromedriver + 248516\n   3   chromedriver                        0x0000000100740304 chromedriver + 115460\n   4   chromedriver                        0x00000001007b6e64 chromedriver + 601700\n   5   chromedriver                        0x00000001007c8744 chromedriver + 673604\n   6   chromedriver                        0x000000010078ab10 chromedriver + 420624\n   7   chromedriver                        0x000000010078bc30 chromedriver + 425008\n   8   chromedriver                        0x0000000100ae4ae4 chromedriver + 3934948\n   9   chromedriver                        0x0000000100ae7f24 chromedriver + 3948324\n   10  chromedriver                        0x0000000100ae8508 chromedriver + 3949832\n   11  chromedriver                        0x0000000100aeeb30 chromedriver + 3975984\n   12  chromedriver                        0x0000000100ae8b24 chromedriver + 3951396\n   13  chromedriver                        0x0000000100ac371c chromedriver + 3798812\n   14  chromedriver                        0x0000000100b052f0 chromedriver + 4068080\n   15  chromedriver                        0x0000000100b05444 chromedriver + 4068420\n   16  chromedriver                        0x0000000100b19450 chromedriver + 4150352\n   17  libsystem_pthread.dylib             0x000000019dd5606c _pthread_start + 148\n   18  libsystem_pthread.dylib             0x000000019dd50e2c thread_start + 8\n", "test_name": "test_5_sortir_table_cari_nama_HalamanTambah", "rerun": "0"}, "5": {"status": "FAIL", "message": "   selenium.common.exceptions.NoSuchWindowException: Message: no such window: target window already closed\n   from unknown error: web view not found\n     (Session info: chrome=107.0.5304.87)\n   Stacktrace:\n   0   chromedriver                        0x0000000100b12a88 chromedriver + 4123272\n   1   chromedriver                        0x0000000100a9e778 chromedriver + 3647352\n   2   chromedriver                        0x0000000100760ac4 chromedriver + 248516\n   3   chromedriver                        0x0000000100740304 chromedriver + 115460\n   4   chromedriver                        0x00000001007b6e64 chromedriver + 601700\n   5   chromedriver                        0x00000001007c8744 chromedriver + 673604\n   6   chromedriver                        0x000000010078ab10 chromedriver + 420624\n   7   chromedriver                        0x000000010078bc30 chromedriver + 425008\n   8   chromedriver                        0x0000000100ae4ae4 chromedriver + 3934948\n   9   chromedriver                        0x0000000100ae7f24 chromedriver + 3948324\n   10  chromedriver                        0x0000000100ae8508 chromedriver + 3949832\n   11  chromedriver                        0x0000000100aeeb30 chromedriver + 3975984\n   12  chromedriver                        0x0000000100ae8b24 chromedriver + 3951396\n   13  chromedriver                        0x0000000100ac371c chromedriver + 3798812\n   14  chromedriver                        0x0000000100b052f0 chromedriver + 4068080\n   15  chromedriver                        0x0000000100b05444 chromedriver + 4068420\n   16  chromedriver                        0x0000000100b19450 chromedriver + 4150352\n   17  libsystem_pthread.dylib             0x000000019dd5606c _pthread_start + 148\n   18  libsystem_pthread.dylib             0x000000019dd50e2c thread_start + 8\n", "test_name": "test_6_Click_Button_Detile_HalamanTambah", "rerun": "0"}, "6": {"status": "FAIL", "message": "   selenium.common.exceptions.NoSuchWindowException: Message: no such window: target window already closed\n   from unknown error: web view not found\n     (Session info: chrome=107.0.5304.87)\n   Stacktrace:\n   0   chromedriver                        0x0000000100b12a88 chromedriver + 4123272\n   1   chromedriver                        0x0000000100a9e778 chromedriver + 3647352\n   2   chromedriver                        0x0000000100760ac4 chromedriver + 248516\n   3   chromedriver                        0x0000000100740304 chromedriver + 115460\n   4   chromedriver                        0x00000001007b6e64 chromedriver + 601700\n   5   chromedriver                        0x00000001007c8744 chromedriver + 673604\n   6   chromedriver                        0x000000010078ab10 chromedriver + 420624\n   7   chromedriver                        0x000000010078bc30 chromedriver + 425008\n   8   chromedriver                        0x0000000100ae4ae4 chromedriver + 3934948\n   9   chromedriver                        0x0000000100ae7f24 chromedriver + 3948324\n   10  chromedriver                        0x0000000100ae8508 chromedriver + 3949832\n   11  chromedriver                        0x0000000100aeeb30 chromedriver + 3975984\n   12  chromedriver                        0x0000000100ae8b24 chromedriver + 3951396\n   13  chromedriver                        0x0000000100ac371c chromedriver + 3798812\n   14  chromedriver                        0x0000000100b052f0 chromedriver + 4068080\n   15  chromedriver                        0x0000000100b05444 chromedriver + 4068420\n   16  chromedriver                        0x0000000100b19450 chromedriver + 4150352\n   17  libsystem_pthread.dylib             0x000000019dd5606c _pthread_start + 148\n   18  libsystem_pthread.dylib             0x000000019dd50e2c thread_start + 8\n", "test_name": "test_7_Click_Button_Tambah_WBP_HalamanTambah", "rerun": "0"}, "7": {"status": "FAIL", "message": "   selenium.common.exceptions.NoSuchWindowException: Message: no such window: target window already closed\n   from unknown error: web view not found\n     (Session info: chrome=107.0.5304.87)\n   Stacktrace:\n   0   chromedriver                        0x0000000100b12a88 chromedriver + 4123272\n   1   chromedriver                        0x0000000100a9e778 chromedriver + 3647352\n   2   chromedriver                        0x0000000100760ac4 chromedriver + 248516\n   3   chromedriver                        0x0000000100740304 chromedriver + 115460\n   4   chromedriver                        0x00000001007b6e64 chromedriver + 601700\n   5   chromedriver                        0x00000001007c8744 chromedriver + 673604\n   6   chromedriver                        0x000000010078ab10 chromedriver + 420624\n   7   chromedriver                        0x000000010078bc30 chromedriver + 425008\n   8   chromedriver                        0x0000000100ae4ae4 chromedriver + 3934948\n   9   chromedriver                        0x0000000100ae7f24 chromedriver + 3948324\n   10  chromedriver                        0x0000000100ae8508 chromedriver + 3949832\n   11  chromedriver                        0x0000000100aeeb30 chromedriver + 3975984\n   12  chromedriver                        0x0000000100ae8b24 chromedriver + 3951396\n   13  chromedriver                        0x0000000100ac371c chromedriver + 3798812\n   14  chromedriver                        0x0000000100b052f0 chromedriver + 4068080\n   15  chromedriver                        0x0000000100b05444 chromedriver + 4068420\n   16  chromedriver                        0x0000000100b19450 chromedriver + 4150352\n   17  libsystem_pthread.dylib             0x000000019dd5606c _pthread_start + 148\n   18  libsystem_pthread.dylib             0x000000019dd50e2c thread_start + 8\n", "test_name": "test_8_sortir_detil_wbp_HalamanTambah", "rerun": "0"}, "8": {"status": "FAIL", "message": "   selenium.common.exceptions.NoSuchWindowException: Message: no such window: target window already closed\n   from unknown error: web view not found\n     (Session info: chrome=107.0.5304.87)\n   Stacktrace:\n   0   chromedriver                        0x0000000100b12a88 chromedriver + 4123272\n   1   chromedriver                        0x0000000100a9e778 chromedriver + 3647352\n   2   chromedriver                        0x0000000100760ac4 chromedriver + 248516\n   3   chromedriver                        0x0000000100740304 chromedriver + 115460\n   4   chromedriver                        0x00000001007b6e64 chromedriver + 601700\n   5   chromedriver                        0x00000001007c8744 chromedriver + 673604\n   6   chromedriver                        0x000000010078ab10 chromedriver + 420624\n   7   chromedriver                        0x000000010078bc30 chromedriver + 425008\n   8   chromedriver                        0x0000000100ae4ae4 chromedriver + 3934948\n   9   chromedriver                        0x0000000100ae7f24 chromedriver + 3948324\n   10  chromedriver                        0x0000000100ae8508 chromedriver + 3949832\n   11  chromedriver                        0x0000000100aeeb30 chromedriver + 3975984\n   12  chromedriver                        0x0000000100ae8b24 chromedriver + 3951396\n   13  chromedriver                        0x0000000100ac371c chromedriver + 3798812\n   14  chromedriver                        0x0000000100b052f0 chromedriver + 4068080\n   15  chromedriver                        0x0000000100b05444 chromedriver + 4068420\n   16  chromedriver                        0x0000000100b19450 chromedriver + 4150352\n   17  libsystem_pthread.dylib             0x000000019dd5606c _pthread_start + 148\n   18  libsystem_pthread.dylib             0x000000019dd50e2c thread_start + 8\n", "test_name": "test_9_detile_perkara_HalamanTambah", "rerun": "0"}, "9": {"status": "FAIL", "message": "   selenium.common.exceptions.NoSuchWindowException: Message: no such window: target window already closed\n   from unknown error: web view not found\n     (Session info: chrome=107.0.5304.87)\n   Stacktrace:\n   0   chromedriver                        0x0000000100b12a88 chromedriver + 4123272\n   1   chromedriver                        0x0000000100a9e778 chromedriver + 3647352\n   2   chromedriver                        0x0000000100760ac4 chromedriver + 248516\n   3   chromedriver                        0x0000000100740304 chromedriver + 115460\n   4   chromedriver                        0x00000001007b6e64 chromedriver + 601700\n   5   chromedriver                        0x00000001007c8744 chromedriver + 673604\n   6   chromedriver                        0x000000010078ab10 chromedriver + 420624\n   7   chromedriver                        0x000000010078bc30 chromedriver + 425008\n   8   chromedriver                        0x0000000100ae4ae4 chromedriver + 3934948\n   9   chromedriver                        0x0000000100ae7f24 chromedriver + 3948324\n   10  chromedriver                        0x0000000100ae8508 chromedriver + 3949832\n   11  chromedriver                        0x0000000100aeeb30 chromedriver + 3975984\n   12  chromedriver                        0x0000000100ae8b24 chromedriver + 3951396\n   13  chromedriver                        0x0000000100ac371c chromedriver + 3798812\n   14  chromedriver                        0x0000000100b052f0 chromedriver + 4068080\n   15  chromedriver                        0x0000000100b05444 chromedriver + 4068420\n   16  chromedriver                        0x0000000100b19450 chromedriver + 4150352\n   17  libsystem_pthread.dylib             0x000000019dd5606c _pthread_start + 148\n   18  libsystem_pthread.dylib             0x000000019dd50e2c thread_start + 8\n", "test_name": "test_10_Input_JenisKeluar_HalamanTambah", "rerun": "0"}, "10": {"status": "FAIL", "message": "   selenium.common.exceptions.NoSuchWindowException: Message: no such window: target window already closed\n   from unknown error: web view not found\n     (Session info: chrome=107.0.5304.87)\n   Stacktrace:\n   0   chromedriver                        0x0000000100b12a88 chromedriver + 4123272\n   1   chromedriver                        0x0000000100a9e778 chromedriver + 3647352\n   2   chromedriver                        0x0000000100760ac4 chromedriver + 248516\n   3   chromedriver                        0x0000000100740304 chromedriver + 115460\n   4   chromedriver                        0x00000001007b6e64 chromedriver + 601700\n   5   chromedriver                        0x00000001007c8744 chromedriver + 673604\n   6   chromedriver                        0x000000010078ab10 chromedriver + 420624\n   7   chromedriver                        0x000000010078bc30 chromedriver + 425008\n   8   chromedriver                        0x0000000100ae4ae4 chromedriver + 3934948\n   9   chromedriver                        0x0000000100ae7f24 chromedriver + 3948324\n   10  chromedriver                        0x0000000100ae8508 chromedriver + 3949832\n   11  chromedriver                        0x0000000100aeeb30 chromedriver + 3975984\n   12  chromedriver                        0x0000000100ae8b24 chromedriver + 3951396\n   13  chromedriver                        0x0000000100ac371c chromedriver + 3798812\n   14  chromedriver                        0x0000000100b052f0 chromedriver + 4068080\n   15  chromedriver                        0x0000000100b05444 chromedriver + 4068420\n   16  chromedriver                        0x0000000100b19450 chromedriver + 4150352\n   17  libsystem_pthread.dylib             0x000000019dd5606c _pthread_start + 148\n   18  libsystem_pthread.dylib             0x000000019dd50e2c thread_start + 8\n", "test_name": "test_11_Input_Tanggal_Keluar_HalamanTambah", "rerun": "0"}, "11": {"status": "FAIL", "message": "   selenium.common.exceptions.NoSuchWindowException: Message: no such window: target window already closed\n   from unknown error: web view not found\n     (Session info: chrome=107.0.5304.87)\n   Stacktrace:\n   0   chromedriver                        0x0000000100b12a88 chromedriver + 4123272\n   1   chromedriver                        0x0000000100a9e778 chromedriver + 3647352\n   2   chromedriver                        0x0000000100760ac4 chromedriver + 248516\n   3   chromedriver                        0x0000000100740304 chromedriver + 115460\n   4   chromedriver                        0x00000001007b6e64 chromedriver + 601700\n   5   chromedriver                        0x00000001007c8744 chromedriver + 673604\n   6   chromedriver                        0x000000010078ab10 chromedriver + 420624\n   7   chromedriver                        0x000000010078bc30 chromedriver + 425008\n   8   chromedriver                        0x0000000100ae4ae4 chromedriver + 3934948\n   9   chromedriver                        0x0000000100ae7f24 chromedriver + 3948324\n   10  chromedriver                        0x0000000100ae8508 chromedriver + 3949832\n   11  chromedriver                        0x0000000100aeeb30 chromedriver + 3975984\n   12  chromedriver                        0x0000000100ae8b24 chromedriver + 3951396\n   13  chromedriver                        0x0000000100ac371c chromedriver + 3798812\n   14  chromedriver                        0x0000000100b052f0 chromedriver + 4068080\n   15  chromedriver                        0x0000000100b05444 chromedriver + 4068420\n   16  chromedriver                        0x0000000100b19450 chromedriver + 4150352\n   17  libsystem_pthread.dylib             0x000000019dd5606c _pthread_start + 148\n   18  libsystem_pthread.dylib             0x000000019dd50e2c thread_start + 8\n", "test_name": "test_12_Input_Deskripsi_HalamanTambah", "rerun": "0"}, "12": {"status": "FAIL", "message": "   selenium.common.exceptions.NoSuchWindowException: Message: no such window: target window already closed\n   from unknown error: web view not found\n     (Session info: chrome=107.0.5304.87)\n   Stacktrace:\n   0   chromedriver                        0x0000000100b12a88 chromedriver + 4123272\n   1   chromedriver                        0x0000000100a9e778 chromedriver + 3647352\n   2   chromedriver                        0x0000000100760ac4 chromedriver + 248516\n   3   chromedriver                        0x0000000100740304 chromedriver + 115460\n   4   chromedriver                        0x00000001007b6e64 chromedriver + 601700\n   5   chromedriver                        0x00000001007c8744 chromedriver + 673604\n   6   chromedriver                        0x000000010078ab10 chromedriver + 420624\n   7   chromedriver                        0x000000010078bc30 chromedriver + 425008\n   8   chromedriver                        0x0000000100ae4ae4 chromedriver + 3934948\n   9   chromedriver                        0x0000000100ae7f24 chromedriver + 3948324\n   10  chromedriver                        0x0000000100ae8508 chromedriver + 3949832\n   11  chromedriver                        0x0000000100aeeb30 chromedriver + 3975984\n   12  chromedriver                        0x0000000100ae8b24 chromedriver + 3951396\n   13  chromedriver                        0x0000000100ac371c chromedriver + 3798812\n   14  chromedriver                        0x0000000100b052f0 chromedriver + 4068080\n   15  chromedriver                        0x0000000100b05444 chromedriver + 4068420\n   16  chromedriver                        0x0000000100b19450 chromedriver + 4150352\n   17  libsystem_pthread.dylib             0x000000019dd5606c _pthread_start + 148\n   18  libsystem_pthread.dylib             0x000000019dd50e2c thread_start + 8\n", "test_name": "test_13_Input_Tanggal_Harus_Kembali_HalamanTambah", "rerun": "0"}, "13": {"status": "FAIL", "message": "   selenium.common.exceptions.NoSuchWindowException: Message: no such window: target window already closed\n   from unknown error: web view not found\n     (Session info: chrome=107.0.5304.87)\n   Stacktrace:\n   0   chromedriver                        0x0000000100b12a88 chromedriver + 4123272\n   1   chromedriver                        0x0000000100a9e778 chromedriver + 3647352\n   2   chromedriver                        0x0000000100760ac4 chromedriver + 248516\n   3   chromedriver                        0x0000000100740304 chromedriver + 115460\n   4   chromedriver                        0x00000001007b6e64 chromedriver + 601700\n   5   chromedriver                        0x00000001007c8744 chromedriver + 673604\n   6   chromedriver                        0x000000010078ab10 chromedriver + 420624\n   7   chromedriver                        0x000000010078bc30 chromedriver + 425008\n   8   chromedriver                        0x0000000100ae4ae4 chromedriver + 3934948\n   9   chromedriver                        0x0000000100ae7f24 chromedriver + 3948324\n   10  chromedriver                        0x0000000100ae8508 chromedriver + 3949832\n   11  chromedriver                        0x0000000100aeeb30 chromedriver + 3975984\n   12  chromedriver                        0x0000000100ae8b24 chromedriver + 3951396\n   13  chromedriver                        0x0000000100ac371c chromedriver + 3798812\n   14  chromedriver                        0x0000000100b052f0 chromedriver + 4068080\n   15  chromedriver                        0x0000000100b05444 chromedriver + 4068420\n   16  chromedriver                        0x0000000100b19450 chromedriver + 4150352\n   17  libsystem_pthread.dylib             0x000000019dd5606c _pthread_start + 148\n   18  libsystem_pthread.dylib             0x000000019dd50e2c thread_start + 8\n", "test_name": "test_14_tambah_Pengwal_HalamanTambah", "rerun": "0"}, "14": {"status": "FAIL", "message": "   selenium.common.exceptions.NoSuchWindowException: Message: no such window: target window already closed\n   from unknown error: web view not found\n     (Session info: chrome=107.0.5304.87)\n   Stacktrace:\n   0   chromedriver                        0x0000000100b12a88 chromedriver + 4123272\n   1   chromedriver                        0x0000000100a9e778 chromedriver + 3647352\n   2   chromedriver                        0x0000000100760ac4 chromedriver + 248516\n   3   chromedriver                        0x0000000100740304 chromedriver + 115460\n   4   chromedriver                        0x00000001007b6e64 chromedriver + 601700\n   5   chromedriver                        0x00000001007c8744 chromedriver + 673604\n   6   chromedriver                        0x000000010078ab10 chromedriver + 420624\n   7   chromedriver                        0x000000010078bc30 chromedriver + 425008\n   8   chromedriver                        0x0000000100ae4ae4 chromedriver + 3934948\n   9   chromedriver                        0x0000000100ae7f24 chromedriver + 3948324\n   10  chromedriver                        0x0000000100ae8508 chromedriver + 3949832\n   11  chromedriver                        0x0000000100aeeb30 chromedriver + 3975984\n   12  chromedriver                        0x0000000100ae8b24 chromedriver + 3951396\n   13  chromedriver                        0x0000000100ac371c chromedriver + 3798812\n   14  chromedriver                        0x0000000100b052f0 chromedriver + 4068080\n   15  chromedriver                        0x0000000100b05444 chromedriver + 4068420\n   16  chromedriver                        0x0000000100b19450 chromedriver + 4150352\n   17  libsystem_pthread.dylib             0x000000019dd5606c _pthread_start + 148\n   18  libsystem_pthread.dylib             0x000000019dd50e2c thread_start + 8\n", "test_name": "test_15_JenisPengawal_HalamanTambah", "rerun": "0"}, "15": {"status": "FAIL", "message": "   selenium.common.exceptions.NoSuchWindowException: Message: no such window: target window already closed\n   from unknown error: web view not found\n     (Session info: chrome=107.0.5304.87)\n   Stacktrace:\n   0   chromedriver                        0x0000000100b12a88 chromedriver + 4123272\n   1   chromedriver                        0x0000000100a9e778 chromedriver + 3647352\n   2   chromedriver                        0x0000000100760ac4 chromedriver + 248516\n   3   chromedriver                        0x0000000100740304 chromedriver + 115460\n   4   chromedriver                        0x00000001007b6e64 chromedriver + 601700\n   5   chromedriver                        0x00000001007c8744 chromedriver + 673604\n   6   chromedriver                        0x000000010078ab10 chromedriver + 420624\n   7   chromedriver                        0x000000010078bc30 chromedriver + 425008\n   8   chromedriver                        0x0000000100ae4ae4 chromedriver + 3934948\n   9   chromedriver                        0x0000000100ae7f24 chromedriver + 3948324\n   10  chromedriver                        0x0000000100ae8508 chromedriver + 3949832\n   11  chromedriver                        0x0000000100aeeb30 chromedriver + 3975984\n   12  chromedriver                        0x0000000100ae8b24 chromedriver + 3951396\n   13  chromedriver                        0x0000000100ac371c chromedriver + 3798812\n   14  chromedriver                        0x0000000100b052f0 chromedriver + 4068080\n   15  chromedriver                        0x0000000100b05444 chromedriver + 4068420\n   16  chromedriver                        0x0000000100b19450 chromedriver + 4150352\n   17  libsystem_pthread.dylib             0x000000019dd5606c _pthread_start + 148\n   18  libsystem_pthread.dylib             0x000000019dd50e2c thread_start + 8\n", "test_name": "test_16_NamaPengawalInternal_HalamanTambah", "rerun": "0"}, "16": {"status": "FAIL", "message": "   selenium.common.exceptions.NoSuchWindowException: Message: no such window: target window already closed\n   from unknown error: web view not found\n     (Session info: chrome=107.0.5304.87)\n   Stacktrace:\n   0   chromedriver                        0x0000000100b12a88 chromedriver + 4123272\n   1   chromedriver                        0x0000000100a9e778 chromedriver + 3647352\n   2   chromedriver                        0x0000000100760ac4 chromedriver + 248516\n   3   chromedriver                        0x0000000100740304 chromedriver + 115460\n   4   chromedriver                        0x00000001007b6e64 chromedriver + 601700\n   5   chromedriver                        0x00000001007c8744 chromedriver + 673604\n   6   chromedriver                        0x000000010078ab10 chromedriver + 420624\n   7   chromedriver                        0x000000010078bc30 chromedriver + 425008\n   8   chromedriver                        0x0000000100ae4ae4 chromedriver + 3934948\n   9   chromedriver                        0x0000000100ae7f24 chromedriver + 3948324\n   10  chromedriver                        0x0000000100ae8508 chromedriver + 3949832\n   11  chromedriver                        0x0000000100aeeb30 chromedriver + 3975984\n   12  chromedriver                        0x0000000100ae8b24 chromedriver + 3951396\n   13  chromedriver                        0x0000000100ac371c chromedriver + 3798812\n   14  chromedriver                        0x0000000100b052f0 chromedriver + 4068080\n   15  chromedriver                        0x0000000100b05444 chromedriver + 4068420\n   16  chromedriver                        0x0000000100b19450 chromedriver + 4150352\n   17  libsystem_pthread.dylib             0x000000019dd5606c _pthread_start + 148\n   18  libsystem_pthread.dylib             0x000000019dd50e2c thread_start + 8\n", "test_name": "test_15_JenisPengawalEksternal_HalamanTambah", "rerun": "0"}, "17": {"status": "FAIL", "message": "   selenium.common.exceptions.NoSuchWindowException: Message: no such window: target window already closed\n   from unknown error: web view not found\n     (Session info: chrome=107.0.5304.87)\n   Stacktrace:\n   0   chromedriver                        0x0000000100b12a88 chromedriver + 4123272\n   1   chromedriver                        0x0000000100a9e778 chromedriver + 3647352\n   2   chromedriver                        0x0000000100760ac4 chromedriver + 248516\n   3   chromedriver                        0x0000000100740304 chromedriver + 115460\n   4   chromedriver                        0x00000001007b6e64 chromedriver + 601700\n   5   chromedriver                        0x00000001007c8744 chromedriver + 673604\n   6   chromedriver                        0x000000010078ab10 chromedriver + 420624\n   7   chromedriver                        0x000000010078bc30 chromedriver + 425008\n   8   chromedriver                        0x0000000100ae4ae4 chromedriver + 3934948\n   9   chromedriver                        0x0000000100ae7f24 chromedriver + 3948324\n   10  chromedriver                        0x0000000100ae8508 chromedriver + 3949832\n   11  chromedriver                        0x0000000100aeeb30 chromedriver + 3975984\n   12  chromedriver                        0x0000000100ae8b24 chromedriver + 3951396\n   13  chromedriver                        0x0000000100ac371c chromedriver + 3798812\n   14  chromedriver                        0x0000000100b052f0 chromedriver + 4068080\n   15  chromedriver                        0x0000000100b05444 chromedriver + 4068420\n   16  chromedriver                        0x0000000100b19450 chromedriver + 4150352\n   17  libsystem_pthread.dylib             0x000000019dd5606c _pthread_start + 148\n   18  libsystem_pthread.dylib             0x000000019dd50e2c thread_start + 8\n", "test_name": "test_16_NamaPengawalEksternal_HalamanTambah", "rerun": "0"}, "18": {"status": "FAIL", "message": "   selenium.common.exceptions.NoSuchWindowException: Message: no such window: target window already closed\n   from unknown error: web view not found\n     (Session info: chrome=107.0.5304.87)\n   Stacktrace:\n   0   chromedriver                        0x0000000100b12a88 chromedriver + 4123272\n   1   chromedriver                        0x0000000100a9e778 chromedriver + 3647352\n   2   chromedriver                        0x0000000100760ac4 chromedriver + 248516\n   3   chromedriver                        0x0000000100740304 chromedriver + 115460\n   4   chromedriver                        0x00000001007b6e64 chromedriver + 601700\n   5   chromedriver                        0x00000001007c8744 chromedriver + 673604\n   6   chromedriver                        0x000000010078ab10 chromedriver + 420624\n   7   chromedriver                        0x000000010078bc30 chromedriver + 425008\n   8   chromedriver                        0x0000000100ae4ae4 chromedriver + 3934948\n   9   chromedriver                        0x0000000100ae7f24 chromedriver + 3948324\n   10  chromedriver                        0x0000000100ae8508 chromedriver + 3949832\n   11  chromedriver                        0x0000000100aeeb30 chromedriver + 3975984\n   12  chromedriver                        0x0000000100ae8b24 chromedriver + 3951396\n   13  chromedriver                        0x0000000100ac371c chromedriver + 3798812\n   14  chromedriver                        0x0000000100b052f0 chromedriver + 4068080\n   15  chromedriver                        0x0000000100b05444 chromedriver + 4068420\n   16  chromedriver                        0x0000000100b19450 chromedriver + 4150352\n   17  libsystem_pthread.dylib             0x000000019dd5606c _pthread_start + 148\n   18  libsystem_pthread.dylib             0x000000019dd50e2c thread_start + 8\n", "test_name": "test_17_ButtonSubmitInternal_HalamanTambah", "rerun": "0"}}, "suite_name": "test_3Fungsi_Daftar_Lalu_Lintas_Tambah.py"}}}, "date": "November 20, 2022", "start_time": 1668948972.879498, "total_suite": 1, "status": "FAIL", "status_list": {"pass": "1", "fail": "18", "skip": "0", "error": "0", "xpass": "0", "xfail": "0", "rerun": "0"}, "total_tests": "19"}