{"content": {"suites": {"0": {"status": {"total_pass": 4, "total_skip": 0, "total_xpass": 0, "total_xfail": 0, "total_rerun": 0, "total_fail": 2, "total_error": 0}, "tests": {"0": {"status": "PASS", "message": "", "test_name": "test_setup", "rerun": "0"}, "1": {"status": "PASS", "message": "", "test_name": "test_login", "rerun": "0"}, "2": {"status": "PASS", "message": "", "test_name": "test_akses_menu", "rerun": "0"}, "3": {"status": "PASS", "message": "", "test_name": "test_search_data_kategori", "rerun": "0"}, "4": {"status": "FAIL", "message": "   selenium.common.exceptions.ElementClickInterceptedException: Message: element click intercepted: Element <li class=\"el-select-dropdown__item selected hover\" id=\"namaLengkap\">...</li> is not clickable at point (140, 375). Other element would receive the click: <span class=\"el-popper__arrow\" data-popper-arrow=\"\" style=\"position: absolute; left: 88px;\"></span>\n     (Session info: chrome=106.0.5249.119)\n   Stacktrace:\n   0   chromedriver                        0x000000010320da90 chromedriver + 3889808\n   1   chromedriver                        0x000000010319cb54 chromedriver + 3427156\n   2   chromedriver                        0x0000000102e8e238 chromedriver + 221752\n   3   chromedriver                        0x0000000102ec5894 chromedriver + 448660\n   4   chromedriver                        0x0000000102ec3a38 chromedriver + 440888\n   5   chromedriver                        0x0000000102ec17ec chromedriver + 432108\n   6   chromedriver                        0x0000000102ec0834 chromedriver + 428084\n   7   chromedriver                        0x0000000102eb60cc chromedriver + 385228\n   8   chromedriver                        0x0000000102eb5a10 chromedriver + 383504\n   9   chromedriver                        0x0000000102ee8944 chromedriver + 592196\n   10  chromedriver                        0x0000000102eb454c chromedriver + 378188\n   11  chromedriver                        0x00000001031e12f8 chromedriver + 3707640\n   12  chromedriver                        0x00000001031e4ea8 chromedriver + 3722920\n   13  chromedriver                        0x00000001031eb3d8 chromedriver + 3748824\n   14  chromedriver                        0x00000001031e59a8 chromedriver + 3725736\n   15  chromedriver                        0x00000001031c0de8 chromedriver + 3575272\n   16  chromedriver                        0x00000001031ffd1c chromedriver + 3833116\n   17  chromedriver                        0x00000001031ffe84 chromedriver + 3833476\n   18  chromedriver                        0x0000000103214210 chromedriver + 3916304\n   19  libsystem_pthread.dylib             0x00000001ac3b026c _pthread_start + 148\n   20  libsystem_pthread.dylib             0x00000001ac3ab08c thread_start + 8\n", "test_name": "test_search_data_kategori_sesuai", "rerun": "0"}, "5": {"status": "FAIL", "message": "   selenium.common.exceptions.NoSuchElementException: Message: no such element: Unable to locate element: {\"method\":\"xpath\",\"selector\":\"//*[@id=\"app\"]/div/div[2]/div/div[2]/div/div/div[2]/form/div[1]/label/div/div/div/span/span/i/svg\"}\n     (Session info: chrome=106.0.5249.119)\n   Stacktrace:\n   0   chromedriver                        0x000000010320da90 chromedriver + 3889808\n   1   chromedriver                        0x000000010319cb54 chromedriver + 3427156\n   2   chromedriver                        0x0000000102e8e238 chromedriver + 221752\n   3   chromedriver                        0x0000000102ebf4c8 chromedriver + 423112\n   4   chromedriver                        0x0000000102ee8944 chromedriver + 592196\n   5   chromedriver                        0x0000000102eb454c chromedriver + 378188\n   6   chromedriver                        0x00000001031e12f8 chromedriver + 3707640\n   7   chromedriver                        0x00000001031e4ea8 chromedriver + 3722920\n   8   chromedriver                        0x00000001031eb3d8 chromedriver + 3748824\n   9   chromedriver                        0x00000001031e59a8 chromedriver + 3725736\n   10  chromedriver                        0x00000001031c0de8 chromedriver + 3575272\n   11  chromedriver                        0x00000001031ffd1c chromedriver + 3833116\n   12  chromedriver                        0x00000001031ffe84 chromedriver + 3833476\n   13  chromedriver                        0x0000000103214210 chromedriver + 3916304\n   14  libsystem_pthread.dylib             0x00000001ac3b026c _pthread_start + 148\n   15  libsystem_pthread.dylib             0x00000001ac3ab08c thread_start + 8\n", "test_name": "test_clik_clear_value", "rerun": "0"}}, "suite_name": "fungsional_Test_DaftarLaluLintas.py"}}}, "date": "October 25, 2022", "start_time": 1666682143.473612, "total_suite": 1, "status": "FAIL", "status_list": {"pass": "4", "fail": "2", "skip": "0", "error": "0", "xpass": "0", "xfail": "0", "rerun": "0"}, "total_tests": "6"}