{"content": {"suites": {"0": {"status": {"total_pass": 2, "total_skip": 0, "total_xpass": 0, "total_xfail": 0, "total_rerun": 0, "total_fail": 31, "total_error": 0}, "tests": {"0": {"status": "PASS", "message": "", "test_name": "test_setup", "rerun": "0"}, "1": {"status": "PASS", "message": "", "test_name": "test_login", "rerun": "0"}, "2": {"status": "FAIL", "message": "   selenium.common.exceptions.ElementNotInteractableException: Message: element not interactable: [object HTMLDivElement] has no size and location\n     (Session info: chrome=106.0.5249.119)\n   Stacktrace:\n   0   chromedriver                        0x0000000100f91a90 chromedriver + 3889808\n   1   chromedriver                        0x0000000100f20b54 chromedriver + 3427156\n   2   chromedriver                        0x0000000100c12238 chromedriver + 221752\n   3   chromedriver                        0x0000000100c14df8 chromedriver + 232952\n   4   chromedriver                        0x0000000100c14c60 chromedriver + 232544\n   5   chromedriver                        0x0000000100c14e94 chromedriver + 233108\n   6   chromedriver                        0x0000000100c48cfc chromedriver + 445692\n   7   chromedriver                        0x0000000100c48414 chromedriver + 443412\n   8   chromedriver                        0x0000000100c747cc chromedriver + 624588\n   9   chromedriver                        0x0000000100c6c944 chromedriver + 592196\n   10  chromedriver                        0x0000000100c3854c chromedriver + 378188\n   11  chromedriver                        0x0000000100f652f8 chromedriver + 3707640\n   12  chromedriver                        0x0000000100f68ea8 chromedriver + 3722920\n   13  chromedriver                        0x0000000100f6f3d8 chromedriver + 3748824\n   14  chromedriver                        0x0000000100f699a8 chromedriver + 3725736\n   15  chromedriver                        0x0000000100f44de8 chromedriver + 3575272\n   16  chromedriver                        0x0000000100f83d1c chromedriver + 3833116\n   17  chromedriver                        0x0000000100f83e84 chromedriver + 3833476\n   18  chromedriver                        0x0000000100f98210 chromedriver + 3916304\n   19  libsystem_pthread.dylib             0x00000001b464e06c _pthread_start + 148\n   20  libsystem_pthread.dylib             0x00000001b4648e2c thread_start + 8\n", "test_name": "test_akses_menu", "rerun": "0"}, "3": {"status": "FAIL", "message": "   AttributeError: 'NoneType' object has no attribute 'is_displayed'\n", "test_name": "test_search_data_kategori_nama_HALDEX", "rerun": "0"}, "4": {"status": "FAIL", "message": "   selenium.common.exceptions.NoSuchWindowException: Message: no such window: target window already closed\n   from unknown error: web view not found\n     (Session info: chrome=106.0.5249.119)\n   Stacktrace:\n   0   chromedriver                        0x0000000100f91a90 chromedriver + 3889808\n   1   chromedriver                        0x0000000100f20b54 chromedriver + 3427156\n   2   chromedriver                        0x0000000100c12238 chromedriver + 221752\n   3   chromedriver                        0x0000000100bf5b8c chromedriver + 105356\n   4   chromedriver                        0x0000000100c5e664 chromedriver + 534116\n   5   chromedriver                        0x0000000100c6c038 chromedriver + 589880\n   6   chromedriver                        0x0000000100c3854c chromedriver + 378188\n   7   chromedriver                        0x0000000100f652f8 chromedriver + 3707640\n   8   chromedriver                        0x0000000100f68ea8 chromedriver + 3722920\n   9   chromedriver                        0x0000000100f6f3d8 chromedriver + 3748824\n   10  chromedriver                        0x0000000100f699a8 chromedriver + 3725736\n   11  chromedriver                        0x0000000100f44de8 chromedriver + 3575272\n   12  chromedriver                        0x0000000100f83d1c chromedriver + 3833116\n   13  chromedriver                        0x0000000100f83e84 chromedriver + 3833476\n   14  chromedriver                        0x0000000100f98210 chromedriver + 3916304\n   15  libsystem_pthread.dylib             0x00000001b464e06c _pthread_start + 148\n   16  libsystem_pthread.dylib             0x00000001b4648e2c thread_start + 8\n", "test_name": "test_search_data_kategori_NoInduk_HALDEX", "rerun": "0"}, "5": {"status": "FAIL", "message": "   selenium.common.exceptions.NoSuchWindowException: Message: no such window: target window already closed\n   from unknown error: web view not found\n     (Session info: chrome=106.0.5249.119)\n   Stacktrace:\n   0   chromedriver                        0x0000000100f91a90 chromedriver + 3889808\n   1   chromedriver                        0x0000000100f20b54 chromedriver + 3427156\n   2   chromedriver                        0x0000000100c12238 chromedriver + 221752\n   3   chromedriver                        0x0000000100bf5b8c chromedriver + 105356\n   4   chromedriver                        0x0000000100c5e664 chromedriver + 534116\n   5   chromedriver                        0x0000000100c6c038 chromedriver + 589880\n   6   chromedriver                        0x0000000100c3854c chromedriver + 378188\n   7   chromedriver                        0x0000000100f652f8 chromedriver + 3707640\n   8   chromedriver                        0x0000000100f68ea8 chromedriver + 3722920\n   9   chromedriver                        0x0000000100f6f3d8 chromedriver + 3748824\n   10  chromedriver                        0x0000000100f699a8 chromedriver + 3725736\n   11  chromedriver                        0x0000000100f44de8 chromedriver + 3575272\n   12  chromedriver                        0x0000000100f83d1c chromedriver + 3833116\n   13  chromedriver                        0x0000000100f83e84 chromedriver + 3833476\n   14  chromedriver                        0x0000000100f98210 chromedriver + 3916304\n   15  libsystem_pthread.dylib             0x00000001b464e06c _pthread_start + 148\n   16  libsystem_pthread.dylib             0x00000001b4648e2c thread_start + 8\n", "test_name": "test_clik_clear_value_HALDEX", "rerun": "0"}, "6": {"status": "FAIL", "message": "   selenium.common.exceptions.NoSuchWindowException: Message: no such window: target window already closed\n   from unknown error: web view not found\n     (Session info: chrome=106.0.5249.119)\n   Stacktrace:\n   0   chromedriver                        0x0000000100f91a90 chromedriver + 3889808\n   1   chromedriver                        0x0000000100f20b54 chromedriver + 3427156\n   2   chromedriver                        0x0000000100c12238 chromedriver + 221752\n   3   chromedriver                        0x0000000100bf5b8c chromedriver + 105356\n   4   chromedriver                        0x0000000100c5e664 chromedriver + 534116\n   5   chromedriver                        0x0000000100c6c038 chromedriver + 589880\n   6   chromedriver                        0x0000000100c3854c chromedriver + 378188\n   7   chromedriver                        0x0000000100f652f8 chromedriver + 3707640\n   8   chromedriver                        0x0000000100f68ea8 chromedriver + 3722920\n   9   chromedriver                        0x0000000100f6f3d8 chromedriver + 3748824\n   10  chromedriver                        0x0000000100f699a8 chromedriver + 3725736\n   11  chromedriver                        0x0000000100f44de8 chromedriver + 3575272\n   12  chromedriver                        0x0000000100f83d1c chromedriver + 3833116\n   13  chromedriver                        0x0000000100f83e84 chromedriver + 3833476\n   14  chromedriver                        0x0000000100f98210 chromedriver + 3916304\n   15  libsystem_pthread.dylib             0x00000001b464e06c _pthread_start + 148\n   16  libsystem_pthread.dylib             0x00000001b4648e2c thread_start + 8\n", "test_name": "test_sortir_data_table__NoInduk_HALDEX", "rerun": "0"}, "7": {"status": "FAIL", "message": "   selenium.common.exceptions.NoSuchWindowException: Message: no such window: target window already closed\n   from unknown error: web view not found\n     (Session info: chrome=106.0.5249.119)\n   Stacktrace:\n   0   chromedriver                        0x0000000100f91a90 chromedriver + 3889808\n   1   chromedriver                        0x0000000100f20b54 chromedriver + 3427156\n   2   chromedriver                        0x0000000100c12238 chromedriver + 221752\n   3   chromedriver                        0x0000000100bf5b8c chromedriver + 105356\n   4   chromedriver                        0x0000000100c5e664 chromedriver + 534116\n   5   chromedriver                        0x0000000100c6c038 chromedriver + 589880\n   6   chromedriver                        0x0000000100c3854c chromedriver + 378188\n   7   chromedriver                        0x0000000100f652f8 chromedriver + 3707640\n   8   chromedriver                        0x0000000100f68ea8 chromedriver + 3722920\n   9   chromedriver                        0x0000000100f6f3d8 chromedriver + 3748824\n   10  chromedriver                        0x0000000100f699a8 chromedriver + 3725736\n   11  chromedriver                        0x0000000100f44de8 chromedriver + 3575272\n   12  chromedriver                        0x0000000100f83d1c chromedriver + 3833116\n   13  chromedriver                        0x0000000100f83e84 chromedriver + 3833476\n   14  chromedriver                        0x0000000100f98210 chromedriver + 3916304\n   15  libsystem_pthread.dylib             0x00000001b464e06c _pthread_start + 148\n   16  libsystem_pthread.dylib             0x00000001b4648e2c thread_start + 8\n", "test_name": "test_sortir_data_table_nama__HALDEX", "rerun": "0"}, "8": {"status": "FAIL", "message": "   selenium.common.exceptions.NoSuchWindowException: Message: no such window: target window already closed\n   from unknown error: web view not found\n     (Session info: chrome=106.0.5249.119)\n   Stacktrace:\n   0   chromedriver                        0x0000000100f91a90 chromedriver + 3889808\n   1   chromedriver                        0x0000000100f20b54 chromedriver + 3427156\n   2   chromedriver                        0x0000000100c12238 chromedriver + 221752\n   3   chromedriver                        0x0000000100bf5b8c chromedriver + 105356\n   4   chromedriver                        0x0000000100c5e664 chromedriver + 534116\n   5   chromedriver                        0x0000000100c6c038 chromedriver + 589880\n   6   chromedriver                        0x0000000100c3854c chromedriver + 378188\n   7   chromedriver                        0x0000000100f652f8 chromedriver + 3707640\n   8   chromedriver                        0x0000000100f68ea8 chromedriver + 3722920\n   9   chromedriver                        0x0000000100f6f3d8 chromedriver + 3748824\n   10  chromedriver                        0x0000000100f699a8 chromedriver + 3725736\n   11  chromedriver                        0x0000000100f44de8 chromedriver + 3575272\n   12  chromedriver                        0x0000000100f83d1c chromedriver + 3833116\n   13  chromedriver                        0x0000000100f83e84 chromedriver + 3833476\n   14  chromedriver                        0x0000000100f98210 chromedriver + 3916304\n   15  libsystem_pthread.dylib             0x00000001b464e06c _pthread_start + 148\n   16  libsystem_pthread.dylib             0x00000001b4648e2c thread_start + 8\n", "test_name": "test_sortir_data_table_Jenis__HALDEX", "rerun": "0"}, "9": {"status": "FAIL", "message": "   selenium.common.exceptions.NoSuchWindowException: Message: no such window: target window already closed\n   from unknown error: web view not found\n     (Session info: chrome=106.0.5249.119)\n   Stacktrace:\n   0   chromedriver                        0x0000000100f91a90 chromedriver + 3889808\n   1   chromedriver                        0x0000000100f20b54 chromedriver + 3427156\n   2   chromedriver                        0x0000000100c12238 chromedriver + 221752\n   3   chromedriver                        0x0000000100bf5b8c chromedriver + 105356\n   4   chromedriver                        0x0000000100c5e664 chromedriver + 534116\n   5   chromedriver                        0x0000000100c6c038 chromedriver + 589880\n   6   chromedriver                        0x0000000100c3854c chromedriver + 378188\n   7   chromedriver                        0x0000000100f652f8 chromedriver + 3707640\n   8   chromedriver                        0x0000000100f68ea8 chromedriver + 3722920\n   9   chromedriver                        0x0000000100f6f3d8 chromedriver + 3748824\n   10  chromedriver                        0x0000000100f699a8 chromedriver + 3725736\n   11  chromedriver                        0x0000000100f44de8 chromedriver + 3575272\n   12  chromedriver                        0x0000000100f83d1c chromedriver + 3833116\n   13  chromedriver                        0x0000000100f83e84 chromedriver + 3833476\n   14  chromedriver                        0x0000000100f98210 chromedriver + 3916304\n   15  libsystem_pthread.dylib             0x00000001b464e06c _pthread_start + 148\n   16  libsystem_pthread.dylib             0x00000001b4648e2c thread_start + 8\n", "test_name": "test_sortir_data_table_tglkeluar__HALDEX", "rerun": "0"}, "10": {"status": "FAIL", "message": "   selenium.common.exceptions.NoSuchWindowException: Message: no such window: target window already closed\n   from unknown error: web view not found\n     (Session info: chrome=106.0.5249.119)\n   Stacktrace:\n   0   chromedriver                        0x0000000100f91a90 chromedriver + 3889808\n   1   chromedriver                        0x0000000100f20b54 chromedriver + 3427156\n   2   chromedriver                        0x0000000100c12238 chromedriver + 221752\n   3   chromedriver                        0x0000000100bf5b8c chromedriver + 105356\n   4   chromedriver                        0x0000000100c5e664 chromedriver + 534116\n   5   chromedriver                        0x0000000100c6c038 chromedriver + 589880\n   6   chromedriver                        0x0000000100c3854c chromedriver + 378188\n   7   chromedriver                        0x0000000100f652f8 chromedriver + 3707640\n   8   chromedriver                        0x0000000100f68ea8 chromedriver + 3722920\n   9   chromedriver                        0x0000000100f6f3d8 chromedriver + 3748824\n   10  chromedriver                        0x0000000100f699a8 chromedriver + 3725736\n   11  chromedriver                        0x0000000100f44de8 chromedriver + 3575272\n   12  chromedriver                        0x0000000100f83d1c chromedriver + 3833116\n   13  chromedriver                        0x0000000100f83e84 chromedriver + 3833476\n   14  chromedriver                        0x0000000100f98210 chromedriver + 3916304\n   15  libsystem_pthread.dylib             0x00000001b464e06c _pthread_start + 148\n   16  libsystem_pthread.dylib             0x00000001b4648e2c thread_start + 8\n", "test_name": "test_sortir_data_table_tglkembali__HALDEX", "rerun": "0"}, "11": {"status": "FAIL", "message": "   selenium.common.exceptions.NoSuchWindowException: Message: no such window: target window already closed\n   from unknown error: web view not found\n     (Session info: chrome=106.0.5249.119)\n   Stacktrace:\n   0   chromedriver                        0x0000000100f91a90 chromedriver + 3889808\n   1   chromedriver                        0x0000000100f20b54 chromedriver + 3427156\n   2   chromedriver                        0x0000000100c12238 chromedriver + 221752\n   3   chromedriver                        0x0000000100bf5b8c chromedriver + 105356\n   4   chromedriver                        0x0000000100c5e664 chromedriver + 534116\n   5   chromedriver                        0x0000000100c6c038 chromedriver + 589880\n   6   chromedriver                        0x0000000100c3854c chromedriver + 378188\n   7   chromedriver                        0x0000000100f652f8 chromedriver + 3707640\n   8   chromedriver                        0x0000000100f68ea8 chromedriver + 3722920\n   9   chromedriver                        0x0000000100f6f3d8 chromedriver + 3748824\n   10  chromedriver                        0x0000000100f699a8 chromedriver + 3725736\n   11  chromedriver                        0x0000000100f44de8 chromedriver + 3575272\n   12  chromedriver                        0x0000000100f83d1c chromedriver + 3833116\n   13  chromedriver                        0x0000000100f83e84 chromedriver + 3833476\n   14  chromedriver                        0x0000000100f98210 chromedriver + 3916304\n   15  libsystem_pthread.dylib             0x00000001b464e06c _pthread_start + 148\n   16  libsystem_pthread.dylib             0x00000001b4648e2c thread_start + 8\n", "test_name": "test_sortir_5_Halaman_HALDEX", "rerun": "0"}, "12": {"status": "FAIL", "message": "   selenium.common.exceptions.NoSuchWindowException: Message: no such window: target window already closed\n   from unknown error: web view not found\n     (Session info: chrome=106.0.5249.119)\n   Stacktrace:\n   0   chromedriver                        0x0000000100f91a90 chromedriver + 3889808\n   1   chromedriver                        0x0000000100f20b54 chromedriver + 3427156\n   2   chromedriver                        0x0000000100c12238 chromedriver + 221752\n   3   chromedriver                        0x0000000100bf5b8c chromedriver + 105356\n   4   chromedriver                        0x0000000100c5e664 chromedriver + 534116\n   5   chromedriver                        0x0000000100c6c038 chromedriver + 589880\n   6   chromedriver                        0x0000000100c3854c chromedriver + 378188\n   7   chromedriver                        0x0000000100f652f8 chromedriver + 3707640\n   8   chromedriver                        0x0000000100f68ea8 chromedriver + 3722920\n   9   chromedriver                        0x0000000100f6f3d8 chromedriver + 3748824\n   10  chromedriver                        0x0000000100f699a8 chromedriver + 3725736\n   11  chromedriver                        0x0000000100f44de8 chromedriver + 3575272\n   12  chromedriver                        0x0000000100f83d1c chromedriver + 3833116\n   13  chromedriver                        0x0000000100f83e84 chromedriver + 3833476\n   14  chromedriver                        0x0000000100f98210 chromedriver + 3916304\n   15  libsystem_pthread.dylib             0x00000001b464e06c _pthread_start + 148\n   16  libsystem_pthread.dylib             0x00000001b4648e2c thread_start + 8\n", "test_name": "test_sortir_10_Halaman_HALDEX", "rerun": "0"}, "13": {"status": "FAIL", "message": "   selenium.common.exceptions.NoSuchWindowException: Message: no such window: target window already closed\n   from unknown error: web view not found\n     (Session info: chrome=106.0.5249.119)\n   Stacktrace:\n   0   chromedriver                        0x0000000100f91a90 chromedriver + 3889808\n   1   chromedriver                        0x0000000100f20b54 chromedriver + 3427156\n   2   chromedriver                        0x0000000100c12238 chromedriver + 221752\n   3   chromedriver                        0x0000000100bf5b8c chromedriver + 105356\n   4   chromedriver                        0x0000000100c5e664 chromedriver + 534116\n   5   chromedriver                        0x0000000100c6c038 chromedriver + 589880\n   6   chromedriver                        0x0000000100c3854c chromedriver + 378188\n   7   chromedriver                        0x0000000100f652f8 chromedriver + 3707640\n   8   chromedriver                        0x0000000100f68ea8 chromedriver + 3722920\n   9   chromedriver                        0x0000000100f6f3d8 chromedriver + 3748824\n   10  chromedriver                        0x0000000100f699a8 chromedriver + 3725736\n   11  chromedriver                        0x0000000100f44de8 chromedriver + 3575272\n   12  chromedriver                        0x0000000100f83d1c chromedriver + 3833116\n   13  chromedriver                        0x0000000100f83e84 chromedriver + 3833476\n   14  chromedriver                        0x0000000100f98210 chromedriver + 3916304\n   15  libsystem_pthread.dylib             0x00000001b464e06c _pthread_start + 148\n   16  libsystem_pthread.dylib             0x00000001b4648e2c thread_start + 8\n", "test_name": "test_sortir_20_Halaman_HALDEX", "rerun": "0"}, "14": {"status": "FAIL", "message": "   selenium.common.exceptions.NoSuchWindowException: Message: no such window: target window already closed\n   from unknown error: web view not found\n     (Session info: chrome=106.0.5249.119)\n   Stacktrace:\n   0   chromedriver                        0x0000000100f91a90 chromedriver + 3889808\n   1   chromedriver                        0x0000000100f20b54 chromedriver + 3427156\n   2   chromedriver                        0x0000000100c12238 chromedriver + 221752\n   3   chromedriver                        0x0000000100bf5b8c chromedriver + 105356\n   4   chromedriver                        0x0000000100c5e664 chromedriver + 534116\n   5   chromedriver                        0x0000000100c6c038 chromedriver + 589880\n   6   chromedriver                        0x0000000100c3854c chromedriver + 378188\n   7   chromedriver                        0x0000000100f652f8 chromedriver + 3707640\n   8   chromedriver                        0x0000000100f68ea8 chromedriver + 3722920\n   9   chromedriver                        0x0000000100f6f3d8 chromedriver + 3748824\n   10  chromedriver                        0x0000000100f699a8 chromedriver + 3725736\n   11  chromedriver                        0x0000000100f44de8 chromedriver + 3575272\n   12  chromedriver                        0x0000000100f83d1c chromedriver + 3833116\n   13  chromedriver                        0x0000000100f83e84 chromedriver + 3833476\n   14  chromedriver                        0x0000000100f98210 chromedriver + 3916304\n   15  libsystem_pthread.dylib             0x00000001b464e06c _pthread_start + 148\n   16  libsystem_pthread.dylib             0x00000001b4648e2c thread_start + 8\n", "test_name": "test_sortir_50_Halaman_HALDEX", "rerun": "0"}, "15": {"status": "FAIL", "message": "   selenium.common.exceptions.NoSuchWindowException: Message: no such window: target window already closed\n   from unknown error: web view not found\n     (Session info: chrome=106.0.5249.119)\n   Stacktrace:\n   0   chromedriver                        0x0000000100f91a90 chromedriver + 3889808\n   1   chromedriver                        0x0000000100f20b54 chromedriver + 3427156\n   2   chromedriver                        0x0000000100c12238 chromedriver + 221752\n   3   chromedriver                        0x0000000100bf5b8c chromedriver + 105356\n   4   chromedriver                        0x0000000100c5e664 chromedriver + 534116\n   5   chromedriver                        0x0000000100c6c038 chromedriver + 589880\n   6   chromedriver                        0x0000000100c3854c chromedriver + 378188\n   7   chromedriver                        0x0000000100f652f8 chromedriver + 3707640\n   8   chromedriver                        0x0000000100f68ea8 chromedriver + 3722920\n   9   chromedriver                        0x0000000100f6f3d8 chromedriver + 3748824\n   10  chromedriver                        0x0000000100f699a8 chromedriver + 3725736\n   11  chromedriver                        0x0000000100f44de8 chromedriver + 3575272\n   12  chromedriver                        0x0000000100f83d1c chromedriver + 3833116\n   13  chromedriver                        0x0000000100f83e84 chromedriver + 3833476\n   14  chromedriver                        0x0000000100f98210 chromedriver + 3916304\n   15  libsystem_pthread.dylib             0x00000001b464e06c _pthread_start + 148\n   16  libsystem_pthread.dylib             0x00000001b4648e2c thread_start + 8\n", "test_name": "test_sortir_100_Halaman_HALDEX", "rerun": "0"}, "16": {"status": "FAIL", "message": "   selenium.common.exceptions.NoSuchWindowException: Message: no such window: target window already closed\n   from unknown error: web view not found\n     (Session info: chrome=106.0.5249.119)\n   Stacktrace:\n   0   chromedriver                        0x0000000100f91a90 chromedriver + 3889808\n   1   chromedriver                        0x0000000100f20b54 chromedriver + 3427156\n   2   chromedriver                        0x0000000100c12238 chromedriver + 221752\n   3   chromedriver                        0x0000000100bf5b8c chromedriver + 105356\n   4   chromedriver                        0x0000000100c5e664 chromedriver + 534116\n   5   chromedriver                        0x0000000100c6c038 chromedriver + 589880\n   6   chromedriver                        0x0000000100c3854c chromedriver + 378188\n   7   chromedriver                        0x0000000100f652f8 chromedriver + 3707640\n   8   chromedriver                        0x0000000100f68ea8 chromedriver + 3722920\n   9   chromedriver                        0x0000000100f6f3d8 chromedriver + 3748824\n   10  chromedriver                        0x0000000100f699a8 chromedriver + 3725736\n   11  chromedriver                        0x0000000100f44de8 chromedriver + 3575272\n   12  chromedriver                        0x0000000100f83d1c chromedriver + 3833116\n   13  chromedriver                        0x0000000100f83e84 chromedriver + 3833476\n   14  chromedriver                        0x0000000100f98210 chromedriver + 3916304\n   15  libsystem_pthread.dylib             0x00000001b464e06c _pthread_start + 148\n   16  libsystem_pthread.dylib             0x00000001b4648e2c thread_start + 8\n", "test_name": "test_membuka_halaman_tambah_HALDEX", "rerun": "0"}, "17": {"status": "FAIL", "message": "   selenium.common.exceptions.NoSuchWindowException: Message: no such window: target window already closed\n   from unknown error: web view not found\n     (Session info: chrome=106.0.5249.119)\n   Stacktrace:\n   0   chromedriver                        0x0000000100f91a90 chromedriver + 3889808\n   1   chromedriver                        0x0000000100f20b54 chromedriver + 3427156\n   2   chromedriver                        0x0000000100c12238 chromedriver + 221752\n   3   chromedriver                        0x0000000100bf5b8c chromedriver + 105356\n   4   chromedriver                        0x0000000100c5e664 chromedriver + 534116\n   5   chromedriver                        0x0000000100c6c038 chromedriver + 589880\n   6   chromedriver                        0x0000000100c3854c chromedriver + 378188\n   7   chromedriver                        0x0000000100f652f8 chromedriver + 3707640\n   8   chromedriver                        0x0000000100f68ea8 chromedriver + 3722920\n   9   chromedriver                        0x0000000100f6f3d8 chromedriver + 3748824\n   10  chromedriver                        0x0000000100f699a8 chromedriver + 3725736\n   11  chromedriver                        0x0000000100f44de8 chromedriver + 3575272\n   12  chromedriver                        0x0000000100f83d1c chromedriver + 3833116\n   13  chromedriver                        0x0000000100f83e84 chromedriver + 3833476\n   14  chromedriver                        0x0000000100f98210 chromedriver + 3916304\n   15  libsystem_pthread.dylib             0x00000001b464e06c _pthread_start + 148\n   16  libsystem_pthread.dylib             0x00000001b4648e2c thread_start + 8\n", "test_name": "test_sortir_table_cari_nama_HALCAR", "rerun": "0"}, "18": {"status": "FAIL", "message": "   selenium.common.exceptions.NoSuchWindowException: Message: no such window: target window already closed\n   from unknown error: web view not found\n     (Session info: chrome=106.0.5249.119)\n   Stacktrace:\n   0   chromedriver                        0x0000000100f91a90 chromedriver + 3889808\n   1   chromedriver                        0x0000000100f20b54 chromedriver + 3427156\n   2   chromedriver                        0x0000000100c12238 chromedriver + 221752\n   3   chromedriver                        0x0000000100bf5b8c chromedriver + 105356\n   4   chromedriver                        0x0000000100c5e664 chromedriver + 534116\n   5   chromedriver                        0x0000000100c6c038 chromedriver + 589880\n   6   chromedriver                        0x0000000100c3854c chromedriver + 378188\n   7   chromedriver                        0x0000000100f652f8 chromedriver + 3707640\n   8   chromedriver                        0x0000000100f68ea8 chromedriver + 3722920\n   9   chromedriver                        0x0000000100f6f3d8 chromedriver + 3748824\n   10  chromedriver                        0x0000000100f699a8 chromedriver + 3725736\n   11  chromedriver                        0x0000000100f44de8 chromedriver + 3575272\n   12  chromedriver                        0x0000000100f83d1c chromedriver + 3833116\n   13  chromedriver                        0x0000000100f83e84 chromedriver + 3833476\n   14  chromedriver                        0x0000000100f98210 chromedriver + 3916304\n   15  libsystem_pthread.dylib             0x00000001b464e06c _pthread_start + 148\n   16  libsystem_pthread.dylib             0x00000001b4648e2c thread_start + 8\n", "test_name": "test_sortir_table_cari_noreg_HALCAR", "rerun": "0"}, "19": {"status": "FAIL", "message": "   selenium.common.exceptions.NoSuchWindowException: Message: no such window: target window already closed\n   from unknown error: web view not found\n     (Session info: chrome=106.0.5249.119)\n   Stacktrace:\n   0   chromedriver                        0x0000000100f91a90 chromedriver + 3889808\n   1   chromedriver                        0x0000000100f20b54 chromedriver + 3427156\n   2   chromedriver                        0x0000000100c12238 chromedriver + 221752\n   3   chromedriver                        0x0000000100bf5b8c chromedriver + 105356\n   4   chromedriver                        0x0000000100c5e664 chromedriver + 534116\n   5   chromedriver                        0x0000000100c6c038 chromedriver + 589880\n   6   chromedriver                        0x0000000100c3854c chromedriver + 378188\n   7   chromedriver                        0x0000000100f652f8 chromedriver + 3707640\n   8   chromedriver                        0x0000000100f68ea8 chromedriver + 3722920\n   9   chromedriver                        0x0000000100f6f3d8 chromedriver + 3748824\n   10  chromedriver                        0x0000000100f699a8 chromedriver + 3725736\n   11  chromedriver                        0x0000000100f44de8 chromedriver + 3575272\n   12  chromedriver                        0x0000000100f83d1c chromedriver + 3833116\n   13  chromedriver                        0x0000000100f83e84 chromedriver + 3833476\n   14  chromedriver                        0x0000000100f98210 chromedriver + 3916304\n   15  libsystem_pthread.dylib             0x00000001b464e06c _pthread_start + 148\n   16  libsystem_pthread.dylib             0x00000001b4648e2c thread_start + 8\n", "test_name": "test_sortir_table_cari_JenisKejahatan_HALCAR", "rerun": "0"}, "20": {"status": "FAIL", "message": "   selenium.common.exceptions.NoSuchWindowException: Message: no such window: target window already closed\n   from unknown error: web view not found\n     (Session info: chrome=106.0.5249.119)\n   Stacktrace:\n   0   chromedriver                        0x0000000100f91a90 chromedriver + 3889808\n   1   chromedriver                        0x0000000100f20b54 chromedriver + 3427156\n   2   chromedriver                        0x0000000100c12238 chromedriver + 221752\n   3   chromedriver                        0x0000000100bf5b8c chromedriver + 105356\n   4   chromedriver                        0x0000000100c5e664 chromedriver + 534116\n   5   chromedriver                        0x0000000100c6c038 chromedriver + 589880\n   6   chromedriver                        0x0000000100c3854c chromedriver + 378188\n   7   chromedriver                        0x0000000100f652f8 chromedriver + 3707640\n   8   chromedriver                        0x0000000100f68ea8 chromedriver + 3722920\n   9   chromedriver                        0x0000000100f6f3d8 chromedriver + 3748824\n   10  chromedriver                        0x0000000100f699a8 chromedriver + 3725736\n   11  chromedriver                        0x0000000100f44de8 chromedriver + 3575272\n   12  chromedriver                        0x0000000100f83d1c chromedriver + 3833116\n   13  chromedriver                        0x0000000100f83e84 chromedriver + 3833476\n   14  chromedriver                        0x0000000100f98210 chromedriver + 3916304\n   15  libsystem_pthread.dylib             0x00000001b464e06c _pthread_start + 148\n   16  libsystem_pthread.dylib             0x00000001b4648e2c thread_start + 8\n", "test_name": "test_search_data_aktif_HALCAR", "rerun": "0"}, "21": {"status": "FAIL", "message": "   selenium.common.exceptions.NoSuchWindowException: Message: no such window: target window already closed\n   from unknown error: web view not found\n     (Session info: chrome=106.0.5249.119)\n   Stacktrace:\n   0   chromedriver                        0x0000000100f91a90 chromedriver + 3889808\n   1   chromedriver                        0x0000000100f20b54 chromedriver + 3427156\n   2   chromedriver                        0x0000000100c12238 chromedriver + 221752\n   3   chromedriver                        0x0000000100bf5b8c chromedriver + 105356\n   4   chromedriver                        0x0000000100c5e664 chromedriver + 534116\n   5   chromedriver                        0x0000000100c6c038 chromedriver + 589880\n   6   chromedriver                        0x0000000100c3854c chromedriver + 378188\n   7   chromedriver                        0x0000000100f652f8 chromedriver + 3707640\n   8   chromedriver                        0x0000000100f68ea8 chromedriver + 3722920\n   9   chromedriver                        0x0000000100f6f3d8 chromedriver + 3748824\n   10  chromedriver                        0x0000000100f699a8 chromedriver + 3725736\n   11  chromedriver                        0x0000000100f44de8 chromedriver + 3575272\n   12  chromedriver                        0x0000000100f83d1c chromedriver + 3833116\n   13  chromedriver                        0x0000000100f83e84 chromedriver + 3833476\n   14  chromedriver                        0x0000000100f98210 chromedriver + 3916304\n   15  libsystem_pthread.dylib             0x00000001b464e06c _pthread_start + 148\n   16  libsystem_pthread.dylib             0x00000001b4648e2c thread_start + 8\n", "test_name": "test_search_residivis_HALCAR", "rerun": "0"}, "22": {"status": "FAIL", "message": "   selenium.common.exceptions.NoSuchWindowException: Message: no such window: target window already closed\n   from unknown error: web view not found\n     (Session info: chrome=106.0.5249.119)\n   Stacktrace:\n   0   chromedriver                        0x0000000100f91a90 chromedriver + 3889808\n   1   chromedriver                        0x0000000100f20b54 chromedriver + 3427156\n   2   chromedriver                        0x0000000100c12238 chromedriver + 221752\n   3   chromedriver                        0x0000000100bf5b8c chromedriver + 105356\n   4   chromedriver                        0x0000000100c5e664 chromedriver + 534116\n   5   chromedriver                        0x0000000100c6c038 chromedriver + 589880\n   6   chromedriver                        0x0000000100c3854c chromedriver + 378188\n   7   chromedriver                        0x0000000100f652f8 chromedriver + 3707640\n   8   chromedriver                        0x0000000100f68ea8 chromedriver + 3722920\n   9   chromedriver                        0x0000000100f6f3d8 chromedriver + 3748824\n   10  chromedriver                        0x0000000100f699a8 chromedriver + 3725736\n   11  chromedriver                        0x0000000100f44de8 chromedriver + 3575272\n   12  chromedriver                        0x0000000100f83d1c chromedriver + 3833116\n   13  chromedriver                        0x0000000100f83e84 chromedriver + 3833476\n   14  chromedriver                        0x0000000100f98210 chromedriver + 3916304\n   15  libsystem_pthread.dylib             0x00000001b464e06c _pthread_start + 148\n   16  libsystem_pthread.dylib             0x00000001b4648e2c thread_start + 8\n", "test_name": "test_sortir_5_Halaman_HALCAR", "rerun": "0"}, "23": {"status": "FAIL", "message": "   selenium.common.exceptions.NoSuchWindowException: Message: no such window: target window already closed\n   from unknown error: web view not found\n     (Session info: chrome=106.0.5249.119)\n   Stacktrace:\n   0   chromedriver                        0x0000000100f91a90 chromedriver + 3889808\n   1   chromedriver                        0x0000000100f20b54 chromedriver + 3427156\n   2   chromedriver                        0x0000000100c12238 chromedriver + 221752\n   3   chromedriver                        0x0000000100bf5b8c chromedriver + 105356\n   4   chromedriver                        0x0000000100c5e664 chromedriver + 534116\n   5   chromedriver                        0x0000000100c6c038 chromedriver + 589880\n   6   chromedriver                        0x0000000100c3854c chromedriver + 378188\n   7   chromedriver                        0x0000000100f652f8 chromedriver + 3707640\n   8   chromedriver                        0x0000000100f68ea8 chromedriver + 3722920\n   9   chromedriver                        0x0000000100f6f3d8 chromedriver + 3748824\n   10  chromedriver                        0x0000000100f699a8 chromedriver + 3725736\n   11  chromedriver                        0x0000000100f44de8 chromedriver + 3575272\n   12  chromedriver                        0x0000000100f83d1c chromedriver + 3833116\n   13  chromedriver                        0x0000000100f83e84 chromedriver + 3833476\n   14  chromedriver                        0x0000000100f98210 chromedriver + 3916304\n   15  libsystem_pthread.dylib             0x00000001b464e06c _pthread_start + 148\n   16  libsystem_pthread.dylib             0x00000001b4648e2c thread_start + 8\n", "test_name": "test_sortir_10_Halaman_HALCAR", "rerun": "0"}, "24": {"status": "FAIL", "message": "   selenium.common.exceptions.NoSuchWindowException: Message: no such window: target window already closed\n   from unknown error: web view not found\n     (Session info: chrome=106.0.5249.119)\n   Stacktrace:\n   0   chromedriver                        0x0000000100f91a90 chromedriver + 3889808\n   1   chromedriver                        0x0000000100f20b54 chromedriver + 3427156\n   2   chromedriver                        0x0000000100c12238 chromedriver + 221752\n   3   chromedriver                        0x0000000100bf5b8c chromedriver + 105356\n   4   chromedriver                        0x0000000100c5e664 chromedriver + 534116\n   5   chromedriver                        0x0000000100c6c038 chromedriver + 589880\n   6   chromedriver                        0x0000000100c3854c chromedriver + 378188\n   7   chromedriver                        0x0000000100f652f8 chromedriver + 3707640\n   8   chromedriver                        0x0000000100f68ea8 chromedriver + 3722920\n   9   chromedriver                        0x0000000100f6f3d8 chromedriver + 3748824\n   10  chromedriver                        0x0000000100f699a8 chromedriver + 3725736\n   11  chromedriver                        0x0000000100f44de8 chromedriver + 3575272\n   12  chromedriver                        0x0000000100f83d1c chromedriver + 3833116\n   13  chromedriver                        0x0000000100f83e84 chromedriver + 3833476\n   14  chromedriver                        0x0000000100f98210 chromedriver + 3916304\n   15  libsystem_pthread.dylib             0x00000001b464e06c _pthread_start + 148\n   16  libsystem_pthread.dylib             0x00000001b4648e2c thread_start + 8\n", "test_name": "test_sortir_20_Halaman_HALCAR", "rerun": "0"}, "25": {"status": "FAIL", "message": "   selenium.common.exceptions.NoSuchWindowException: Message: no such window: target window already closed\n   from unknown error: web view not found\n     (Session info: chrome=106.0.5249.119)\n   Stacktrace:\n   0   chromedriver                        0x0000000100f91a90 chromedriver + 3889808\n   1   chromedriver                        0x0000000100f20b54 chromedriver + 3427156\n   2   chromedriver                        0x0000000100c12238 chromedriver + 221752\n   3   chromedriver                        0x0000000100bf5b8c chromedriver + 105356\n   4   chromedriver                        0x0000000100c5e664 chromedriver + 534116\n   5   chromedriver                        0x0000000100c6c038 chromedriver + 589880\n   6   chromedriver                        0x0000000100c3854c chromedriver + 378188\n   7   chromedriver                        0x0000000100f652f8 chromedriver + 3707640\n   8   chromedriver                        0x0000000100f68ea8 chromedriver + 3722920\n   9   chromedriver                        0x0000000100f6f3d8 chromedriver + 3748824\n   10  chromedriver                        0x0000000100f699a8 chromedriver + 3725736\n   11  chromedriver                        0x0000000100f44de8 chromedriver + 3575272\n   12  chromedriver                        0x0000000100f83d1c chromedriver + 3833116\n   13  chromedriver                        0x0000000100f83e84 chromedriver + 3833476\n   14  chromedriver                        0x0000000100f98210 chromedriver + 3916304\n   15  libsystem_pthread.dylib             0x00000001b464e06c _pthread_start + 148\n   16  libsystem_pthread.dylib             0x00000001b4648e2c thread_start + 8\n", "test_name": "test_sortir_50_Halaman_HALCAR", "rerun": "0"}, "26": {"status": "FAIL", "message": "   selenium.common.exceptions.NoSuchWindowException: Message: no such window: target window already closed\n   from unknown error: web view not found\n     (Session info: chrome=106.0.5249.119)\n   Stacktrace:\n   0   chromedriver                        0x0000000100f91a90 chromedriver + 3889808\n   1   chromedriver                        0x0000000100f20b54 chromedriver + 3427156\n   2   chromedriver                        0x0000000100c12238 chromedriver + 221752\n   3   chromedriver                        0x0000000100bf5b8c chromedriver + 105356\n   4   chromedriver                        0x0000000100c5e664 chromedriver + 534116\n   5   chromedriver                        0x0000000100c6c038 chromedriver + 589880\n   6   chromedriver                        0x0000000100c3854c chromedriver + 378188\n   7   chromedriver                        0x0000000100f652f8 chromedriver + 3707640\n   8   chromedriver                        0x0000000100f68ea8 chromedriver + 3722920\n   9   chromedriver                        0x0000000100f6f3d8 chromedriver + 3748824\n   10  chromedriver                        0x0000000100f699a8 chromedriver + 3725736\n   11  chromedriver                        0x0000000100f44de8 chromedriver + 3575272\n   12  chromedriver                        0x0000000100f83d1c chromedriver + 3833116\n   13  chromedriver                        0x0000000100f83e84 chromedriver + 3833476\n   14  chromedriver                        0x0000000100f98210 chromedriver + 3916304\n   15  libsystem_pthread.dylib             0x00000001b464e06c _pthread_start + 148\n   16  libsystem_pthread.dylib             0x00000001b4648e2c thread_start + 8\n", "test_name": "test_sortir_100_Halaman_HALCAR", "rerun": "0"}, "27": {"status": "FAIL", "message": "   selenium.common.exceptions.NoSuchWindowException: Message: no such window: target window already closed\n   from unknown error: web view not found\n     (Session info: chrome=106.0.5249.119)\n   Stacktrace:\n   0   chromedriver                        0x0000000100f91a90 chromedriver + 3889808\n   1   chromedriver                        0x0000000100f20b54 chromedriver + 3427156\n   2   chromedriver                        0x0000000100c12238 chromedriver + 221752\n   3   chromedriver                        0x0000000100bf5b8c chromedriver + 105356\n   4   chromedriver                        0x0000000100c5e664 chromedriver + 534116\n   5   chromedriver                        0x0000000100c6c038 chromedriver + 589880\n   6   chromedriver                        0x0000000100c3854c chromedriver + 378188\n   7   chromedriver                        0x0000000100f652f8 chromedriver + 3707640\n   8   chromedriver                        0x0000000100f68ea8 chromedriver + 3722920\n   9   chromedriver                        0x0000000100f6f3d8 chromedriver + 3748824\n   10  chromedriver                        0x0000000100f699a8 chromedriver + 3725736\n   11  chromedriver                        0x0000000100f44de8 chromedriver + 3575272\n   12  chromedriver                        0x0000000100f83d1c chromedriver + 3833116\n   13  chromedriver                        0x0000000100f83e84 chromedriver + 3833476\n   14  chromedriver                        0x0000000100f98210 chromedriver + 3916304\n   15  libsystem_pthread.dylib             0x00000001b464e06c _pthread_start + 148\n   16  libsystem_pthread.dylib             0x00000001b4648e2c thread_start + 8\n", "test_name": "test_back", "rerun": "0"}, "28": {"status": "FAIL", "message": "   selenium.common.exceptions.NoSuchWindowException: Message: no such window: target window already closed\n   from unknown error: web view not found\n     (Session info: chrome=106.0.5249.119)\n   Stacktrace:\n   0   chromedriver                        0x0000000100f91a90 chromedriver + 3889808\n   1   chromedriver                        0x0000000100f20b54 chromedriver + 3427156\n   2   chromedriver                        0x0000000100c12238 chromedriver + 221752\n   3   chromedriver                        0x0000000100bf5b8c chromedriver + 105356\n   4   chromedriver                        0x0000000100c5e664 chromedriver + 534116\n   5   chromedriver                        0x0000000100c6c038 chromedriver + 589880\n   6   chromedriver                        0x0000000100c3854c chromedriver + 378188\n   7   chromedriver                        0x0000000100f652f8 chromedriver + 3707640\n   8   chromedriver                        0x0000000100f68ea8 chromedriver + 3722920\n   9   chromedriver                        0x0000000100f6f3d8 chromedriver + 3748824\n   10  chromedriver                        0x0000000100f699a8 chromedriver + 3725736\n   11  chromedriver                        0x0000000100f44de8 chromedriver + 3575272\n   12  chromedriver                        0x0000000100f83d1c chromedriver + 3833116\n   13  chromedriver                        0x0000000100f83e84 chromedriver + 3833476\n   14  chromedriver                        0x0000000100f98210 chromedriver + 3916304\n   15  libsystem_pthread.dylib             0x00000001b464e06c _pthread_start + 148\n   16  libsystem_pthread.dylib             0x00000001b4648e2c thread_start + 8\n", "test_name": "test_membuka_halaman_ubah_HALDEX", "rerun": "0"}, "29": {"status": "FAIL", "message": "   selenium.common.exceptions.NoSuchWindowException: Message: no such window: target window already closed\n   from unknown error: web view not found\n     (Session info: chrome=106.0.5249.119)\n   Stacktrace:\n   0   chromedriver                        0x0000000100f91a90 chromedriver + 3889808\n   1   chromedriver                        0x0000000100f20b54 chromedriver + 3427156\n   2   chromedriver                        0x0000000100c12238 chromedriver + 221752\n   3   chromedriver                        0x0000000100bf5b8c chromedriver + 105356\n   4   chromedriver                        0x0000000100c5e664 chromedriver + 534116\n   5   chromedriver                        0x0000000100c6c038 chromedriver + 589880\n   6   chromedriver                        0x0000000100c3854c chromedriver + 378188\n   7   chromedriver                        0x0000000100f652f8 chromedriver + 3707640\n   8   chromedriver                        0x0000000100f68ea8 chromedriver + 3722920\n   9   chromedriver                        0x0000000100f6f3d8 chromedriver + 3748824\n   10  chromedriver                        0x0000000100f699a8 chromedriver + 3725736\n   11  chromedriver                        0x0000000100f44de8 chromedriver + 3575272\n   12  chromedriver                        0x0000000100f83d1c chromedriver + 3833116\n   13  chromedriver                        0x0000000100f83e84 chromedriver + 3833476\n   14  chromedriver                        0x0000000100f98210 chromedriver + 3916304\n   15  libsystem_pthread.dylib             0x00000001b464e06c _pthread_start + 148\n   16  libsystem_pthread.dylib             0x00000001b4648e2c thread_start + 8\n", "test_name": "test_membuka_halaman_detail_HALDEX", "rerun": "0"}, "30": {"status": "FAIL", "message": "   selenium.common.exceptions.NoSuchWindowException: Message: no such window: target window already closed\n   from unknown error: web view not found\n     (Session info: chrome=106.0.5249.119)\n   Stacktrace:\n   0   chromedriver                        0x0000000100f91a90 chromedriver + 3889808\n   1   chromedriver                        0x0000000100f20b54 chromedriver + 3427156\n   2   chromedriver                        0x0000000100c12238 chromedriver + 221752\n   3   chromedriver                        0x0000000100bf5b8c chromedriver + 105356\n   4   chromedriver                        0x0000000100c5e664 chromedriver + 534116\n   5   chromedriver                        0x0000000100c6c038 chromedriver + 589880\n   6   chromedriver                        0x0000000100c3854c chromedriver + 378188\n   7   chromedriver                        0x0000000100f652f8 chromedriver + 3707640\n   8   chromedriver                        0x0000000100f68ea8 chromedriver + 3722920\n   9   chromedriver                        0x0000000100f6f3d8 chromedriver + 3748824\n   10  chromedriver                        0x0000000100f699a8 chromedriver + 3725736\n   11  chromedriver                        0x0000000100f44de8 chromedriver + 3575272\n   12  chromedriver                        0x0000000100f83d1c chromedriver + 3833116\n   13  chromedriver                        0x0000000100f83e84 chromedriver + 3833476\n   14  chromedriver                        0x0000000100f98210 chromedriver + 3916304\n   15  libsystem_pthread.dylib             0x00000001b464e06c _pthread_start + 148\n   16  libsystem_pthread.dylib             0x00000001b4648e2c thread_start + 8\n", "test_name": "test_export_exel_HALDEX", "rerun": "0"}, "31": {"status": "FAIL", "message": "   selenium.common.exceptions.NoSuchWindowException: Message: no such window: target window already closed\n   from unknown error: web view not found\n     (Session info: chrome=106.0.5249.119)\n   Stacktrace:\n   0   chromedriver                        0x0000000100f91a90 chromedriver + 3889808\n   1   chromedriver                        0x0000000100f20b54 chromedriver + 3427156\n   2   chromedriver                        0x0000000100c12238 chromedriver + 221752\n   3   chromedriver                        0x0000000100bf5b8c chromedriver + 105356\n   4   chromedriver                        0x0000000100c5e664 chromedriver + 534116\n   5   chromedriver                        0x0000000100c6c038 chromedriver + 589880\n   6   chromedriver                        0x0000000100c3854c chromedriver + 378188\n   7   chromedriver                        0x0000000100f652f8 chromedriver + 3707640\n   8   chromedriver                        0x0000000100f68ea8 chromedriver + 3722920\n   9   chromedriver                        0x0000000100f6f3d8 chromedriver + 3748824\n   10  chromedriver                        0x0000000100f699a8 chromedriver + 3725736\n   11  chromedriver                        0x0000000100f44de8 chromedriver + 3575272\n   12  chromedriver                        0x0000000100f83d1c chromedriver + 3833116\n   13  chromedriver                        0x0000000100f83e84 chromedriver + 3833476\n   14  chromedriver                        0x0000000100f98210 chromedriver + 3916304\n   15  libsystem_pthread.dylib             0x00000001b464e06c _pthread_start + 148\n   16  libsystem_pthread.dylib             0x00000001b4648e2c thread_start + 8\n", "test_name": "test_export_pdf_HALDEX", "rerun": "0"}, "32": {"status": "FAIL", "message": "   selenium.common.exceptions.NoSuchWindowException: Message: no such window: target window already closed\n   from unknown error: web view not found\n     (Session info: chrome=106.0.5249.119)\n   Stacktrace:\n   0   chromedriver                        0x0000000100f91a90 chromedriver + 3889808\n   1   chromedriver                        0x0000000100f20b54 chromedriver + 3427156\n   2   chromedriver                        0x0000000100c12238 chromedriver + 221752\n   3   chromedriver                        0x0000000100bf5b8c chromedriver + 105356\n   4   chromedriver                        0x0000000100c5e664 chromedriver + 534116\n   5   chromedriver                        0x0000000100c6c038 chromedriver + 589880\n   6   chromedriver                        0x0000000100c3854c chromedriver + 378188\n   7   chromedriver                        0x0000000100f652f8 chromedriver + 3707640\n   8   chromedriver                        0x0000000100f68ea8 chromedriver + 3722920\n   9   chromedriver                        0x0000000100f6f3d8 chromedriver + 3748824\n   10  chromedriver                        0x0000000100f699a8 chromedriver + 3725736\n   11  chromedriver                        0x0000000100f44de8 chromedriver + 3575272\n   12  chromedriver                        0x0000000100f83d1c chromedriver + 3833116\n   13  chromedriver                        0x0000000100f83e84 chromedriver + 3833476\n   14  chromedriver                        0x0000000100f98210 chromedriver + 3916304\n   15  libsystem_pthread.dylib             0x00000001b464e06c _pthread_start + 148\n   16  libsystem_pthread.dylib             0x00000001b4648e2c thread_start + 8\n", "test_name": "test_cetak_HALDEX", "rerun": "0"}}, "suite_name": "fungsional_Test_DaftarLaluLintas.py"}}}, "date": "October 28, 2022", "start_time": 1666950941.206319, "total_suite": 1, "status": "FAIL", "status_list": {"pass": "2", "fail": "31", "skip": "0", "error": "0", "xpass": "0", "xfail": "0", "rerun": "0"}, "total_tests": "33"}