{"content": {"suites": {"0": {"status": {"total_pass": 1, "total_skip": 0, "total_xpass": 0, "total_xfail": 0, "total_rerun": 0, "total_fail": 5, "total_error": 0}, "tests": {"0": {"status": "PASS", "message": "", "test_name": "test_setup", "rerun": "0"}, "1": {"status": "FAIL", "message": "   AttributeError: 'NoneType' object has no attribute 'click'\n", "test_name": "test_login", "rerun": "0"}, "2": {"status": "FAIL", "message": "   selenium.common.exceptions.NoSuchWindowException: Message: no such window: target window already closed\n   from unknown error: web view not found\n     (Session info: chrome=106.0.5249.119)\n   Stacktrace:\n   0   chromedriver                        0x0000000104aa1a90 chromedriver + 3889808\n   1   chromedriver                        0x0000000104a30b54 chromedriver + 3427156\n   2   chromedriver                        0x0000000104722238 chromedriver + 221752\n   3   chromedriver                        0x0000000104705b8c chromedriver + 105356\n   4   chromedriver                        0x000000010476e664 chromedriver + 534116\n   5   chromedriver                        0x000000010477c038 chromedriver + 589880\n   6   chromedriver                        0x000000010474854c chromedriver + 378188\n   7   chromedriver                        0x0000000104a752f8 chromedriver + 3707640\n   8   chromedriver                        0x0000000104a78ea8 chromedriver + 3722920\n   9   chromedriver                        0x0000000104a7f3d8 chromedriver + 3748824\n   10  chromedriver                        0x0000000104a799a8 chromedriver + 3725736\n   11  chromedriver                        0x0000000104a54de8 chromedriver + 3575272\n   12  chromedriver                        0x0000000104a93d1c chromedriver + 3833116\n   13  chromedriver                        0x0000000104a93e84 chromedriver + 3833476\n   14  chromedriver                        0x0000000104aa8210 chromedriver + 3916304\n   15  libsystem_pthread.dylib             0x00000001ac3b026c _pthread_start + 148\n   16  libsystem_pthread.dylib             0x00000001ac3ab08c thread_start + 8\n", "test_name": "test_akses_menu", "rerun": "0"}, "3": {"status": "FAIL", "message": "   selenium.common.exceptions.NoSuchWindowException: Message: no such window: target window already closed\n   from unknown error: web view not found\n     (Session info: chrome=106.0.5249.119)\n   Stacktrace:\n   0   chromedriver                        0x0000000104aa1a90 chromedriver + 3889808\n   1   chromedriver                        0x0000000104a30b54 chromedriver + 3427156\n   2   chromedriver                        0x0000000104722238 chromedriver + 221752\n   3   chromedriver                        0x0000000104705b8c chromedriver + 105356\n   4   chromedriver                        0x000000010476e664 chromedriver + 534116\n   5   chromedriver                        0x000000010477c038 chromedriver + 589880\n   6   chromedriver                        0x000000010474854c chromedriver + 378188\n   7   chromedriver                        0x0000000104a752f8 chromedriver + 3707640\n   8   chromedriver                        0x0000000104a78ea8 chromedriver + 3722920\n   9   chromedriver                        0x0000000104a7f3d8 chromedriver + 3748824\n   10  chromedriver                        0x0000000104a799a8 chromedriver + 3725736\n   11  chromedriver                        0x0000000104a54de8 chromedriver + 3575272\n   12  chromedriver                        0x0000000104a93d1c chromedriver + 3833116\n   13  chromedriver                        0x0000000104a93e84 chromedriver + 3833476\n   14  chromedriver                        0x0000000104aa8210 chromedriver + 3916304\n   15  libsystem_pthread.dylib             0x00000001ac3b026c _pthread_start + 148\n   16  libsystem_pthread.dylib             0x00000001ac3ab08c thread_start + 8\n", "test_name": "test_search_data_kategori_nama", "rerun": "0"}, "4": {"status": "FAIL", "message": "   selenium.common.exceptions.NoSuchWindowException: Message: no such window: target window already closed\n   from unknown error: web view not found\n     (Session info: chrome=106.0.5249.119)\n   Stacktrace:\n   0   chromedriver                        0x0000000104aa1a90 chromedriver + 3889808\n   1   chromedriver                        0x0000000104a30b54 chromedriver + 3427156\n   2   chromedriver                        0x0000000104722238 chromedriver + 221752\n   3   chromedriver                        0x0000000104705b8c chromedriver + 105356\n   4   chromedriver                        0x000000010476e664 chromedriver + 534116\n   5   chromedriver                        0x000000010477c038 chromedriver + 589880\n   6   chromedriver                        0x000000010474854c chromedriver + 378188\n   7   chromedriver                        0x0000000104a752f8 chromedriver + 3707640\n   8   chromedriver                        0x0000000104a78ea8 chromedriver + 3722920\n   9   chromedriver                        0x0000000104a7f3d8 chromedriver + 3748824\n   10  chromedriver                        0x0000000104a799a8 chromedriver + 3725736\n   11  chromedriver                        0x0000000104a54de8 chromedriver + 3575272\n   12  chromedriver                        0x0000000104a93d1c chromedriver + 3833116\n   13  chromedriver                        0x0000000104a93e84 chromedriver + 3833476\n   14  chromedriver                        0x0000000104aa8210 chromedriver + 3916304\n   15  libsystem_pthread.dylib             0x00000001ac3b026c _pthread_start + 148\n   16  libsystem_pthread.dylib             0x00000001ac3ab08c thread_start + 8\n", "test_name": "test_search_data_kategori_NoInduk", "rerun": "0"}, "5": {"status": "FAIL", "message": "   selenium.common.exceptions.NoSuchWindowException: Message: no such window: target window already closed\n   from unknown error: web view not found\n     (Session info: chrome=106.0.5249.119)\n   Stacktrace:\n   0   chromedriver                        0x0000000104aa1a90 chromedriver + 3889808\n   1   chromedriver                        0x0000000104a30b54 chromedriver + 3427156\n   2   chromedriver                        0x0000000104722238 chromedriver + 221752\n   3   chromedriver                        0x0000000104705b8c chromedriver + 105356\n   4   chromedriver                        0x000000010476e664 chromedriver + 534116\n   5   chromedriver                        0x000000010477c038 chromedriver + 589880\n   6   chromedriver                        0x000000010474854c chromedriver + 378188\n   7   chromedriver                        0x0000000104a752f8 chromedriver + 3707640\n   8   chromedriver                        0x0000000104a78ea8 chromedriver + 3722920\n   9   chromedriver                        0x0000000104a7f3d8 chromedriver + 3748824\n   10  chromedriver                        0x0000000104a799a8 chromedriver + 3725736\n   11  chromedriver                        0x0000000104a54de8 chromedriver + 3575272\n   12  chromedriver                        0x0000000104a93d1c chromedriver + 3833116\n   13  chromedriver                        0x0000000104a93e84 chromedriver + 3833476\n   14  chromedriver                        0x0000000104aa8210 chromedriver + 3916304\n   15  libsystem_pthread.dylib             0x00000001ac3b026c _pthread_start + 148\n   16  libsystem_pthread.dylib             0x00000001ac3ab08c thread_start + 8\n", "test_name": "test_clik_clear_value", "rerun": "0"}}, "suite_name": "fungsional_Test_DaftarLaluLintas.py"}}}, "date": "October 26, 2022", "start_time": 1666770691.6124318, "total_suite": 1, "status": "FAIL", "status_list": {"pass": "1", "fail": "5", "skip": "0", "error": "0", "xpass": "0", "xfail": "0", "rerun": "0"}, "total_tests": "6"}