{"content": {"suites": {"0": {"status": {"total_pass": 13, "total_skip": 0, "total_xpass": 0, "total_xfail": 0, "total_rerun": 0, "total_fail": 1, "total_error": 0}, "tests": {"0": {"status": "PASS", "message": "", "test_name": "test_1_setupOS", "rerun": "0"}, "1": {"status": "PASS", "message": "", "test_name": "test_2_login", "rerun": "0"}, "2": {"status": "PASS", "message": "", "test_name": "test_3_akses_menu_index", "rerun": "0"}, "3": {"status": "PASS", "message": "", "test_name": "test_4_sortir_5_Halaman_Index", "rerun": "0"}, "4": {"status": "PASS", "message": "", "test_name": "test_5_sortir_10_Halaman_Index", "rerun": "0"}, "5": {"status": "PASS", "message": "", "test_name": "test_6_sortir_20_Halaman_Index", "rerun": "0"}, "6": {"status": "PASS", "message": "", "test_name": "test_7_sortir_50_Halaman_Index", "rerun": "0"}, "7": {"status": "PASS", "message": "", "test_name": "test_8_sortir_100_Halaman_Index", "rerun": "0"}, "8": {"status": "FAIL", "message": "   selenium.common.exceptions.ElementClickInterceptedException: Message: element click intercepted: Element <button class=\"el-button is-loading\" type=\"submit\" id=\"searchButton\" disabled=\"\">...</button> is not clickable at point (527, 16). Other element would receive the click: <div class=\"flex items-center justify-start gap-10px\">...</div>\n     (Session info: chrome=107.0.5304.87)\n   Stacktrace:\n   0   chromedriver                        0x000000010491aa88 chromedriver + 4123272\n   1   chromedriver                        0x00000001048a6778 chromedriver + 3647352\n   2   chromedriver                        0x0000000104568ac4 chromedriver + 248516\n   3   chromedriver                        0x00000001045a58a8 chromedriver + 497832\n   4   chromedriver                        0x00000001045a3874 chromedriver + 489588\n   5   chromedriver                        0x00000001045a14e8 chromedriver + 480488\n   6   chromedriver                        0x00000001045a04dc chromedriver + 476380\n   7   chromedriver                        0x0000000104594a00 chromedriver + 428544\n   8   chromedriver                        0x0000000104594260 chromedriver + 426592\n   9   chromedriver                        0x00000001045d1020 chromedriver + 675872\n   10  chromedriver                        0x0000000104592b10 chromedriver + 420624\n   11  chromedriver                        0x0000000104593c30 chromedriver + 425008\n   12  chromedriver                        0x00000001048ecae4 chromedriver + 3934948\n   13  chromedriver                        0x00000001048eff24 chromedriver + 3948324\n   14  chromedriver                        0x00000001048f0508 chromedriver + 3949832\n   15  chromedriver                        0x00000001048f6b30 chromedriver + 3975984\n   16  chromedriver                        0x00000001048f0b24 chromedriver + 3951396\n   17  chromedriver                        0x00000001048cb71c chromedriver + 3798812\n   18  chromedriver                        0x000000010490d2f0 chromedriver + 4068080\n   19  chromedriver                        0x000000010490d444 chromedriver + 4068420\n   20  chromedriver                        0x0000000104921450 chromedriver + 4150352\n   21  libsystem_pthread.dylib             0x00000001b12fe06c _pthread_start + 148\n   22  libsystem_pthread.dylib             0x00000001b12f8e2c thread_start + 8\n", "test_name": "test_9_sortir_table_cari_Semua_Portir", "rerun": "0"}, "9": {"status": "PASS", "message": "", "test_name": "test_10_search_data_kategori_NoInduk_Index", "rerun": "0"}, "10": {"status": "PASS", "message": "", "test_name": "test_11_SearchDataKategori_NoSuratPenetapan_Index", "rerun": "0"}, "11": {"status": "PASS", "message": "", "test_name": "test_12_SearchDataStatus_MasukPortir_Index", "rerun": "0"}, "12": {"status": "PASS", "message": "", "test_name": "test_13_SearchDataStatus_KeluarKeamanan_Index", "rerun": "0"}, "13": {"status": "PASS", "message": "", "test_name": "test_14_SearchDataStatus_KeluarPortir_Index", "rerun": "0"}}, "suite_name": "test_1SearchData_IndexPortir.py"}, "1": {"suite_name": "test_2Portir_KeluarKeamanan.py", "tests": {"0": {"status": "PASS", "message": "", "test_name": "test_1_setupOS_KeluarKeamanan", "rerun": "0"}, "1": {"status": "PASS", "message": "", "test_name": "test_2_login_KeluarKeamanan", "rerun": "0"}, "2": {"status": "PASS", "message": "", "test_name": "test_3_akses_menu_KeluarKeamanan", "rerun": "0"}, "3": {"status": "PASS", "message": "", "test_name": "test_4_sortir_table_cari_nama_KeluarKeamanan", "rerun": "0"}, "4": {"status": "PASS", "message": "", "test_name": "test_5_Click_Button_Detile_KeluarKeamanan", "rerun": "0"}, "5": {"status": "FAIL", "message": "   selenium.common.exceptions.TimeoutException: Message: \n   Stacktrace:\n   0   chromedriver                        0x00000001008c6a88 chromedriver + 4123272\n   1   chromedriver                        0x0000000100852778 chromedriver + 3647352\n   2   chromedriver                        0x0000000100514ac4 chromedriver + 248516\n   3   chromedriver                        0x000000010054af68 chromedriver + 470888\n   4   chromedriver                        0x000000010057d020 chromedriver + 675872\n   5   chromedriver                        0x000000010053eb10 chromedriver + 420624\n   6   chromedriver                        0x000000010053fc30 chromedriver + 425008\n   7   chromedriver                        0x0000000100898ae4 chromedriver + 3934948\n   8   chromedriver                        0x000000010089bf24 chromedriver + 3948324\n   9   chromedriver                        0x000000010089c508 chromedriver + 3949832\n   10  chromedriver                        0x00000001008a2b30 chromedriver + 3975984\n   11  chromedriver                        0x000000010089cb24 chromedriver + 3951396\n   12  chromedriver                        0x000000010087771c chromedriver + 3798812\n   13  chromedriver                        0x00000001008b92f0 chromedriver + 4068080\n   14  chromedriver                        0x00000001008b9444 chromedriver + 4068420\n   15  chromedriver                        0x00000001008cd450 chromedriver + 4150352\n   16  libsystem_pthread.dylib             0x00000001b12fe06c _pthread_start + 148\n   17  libsystem_pthread.dylib             0x00000001b12f8e2c thread_start + 8\n", "test_name": "test_6_KonfirmasiKeluar_KeluarKeamanan", "rerun": "0"}}, "status": {"total_pass": 5, "total_skip": 0, "total_xpass": 0, "total_xfail": 0, "total_rerun": 0, "total_fail": 1, "total_error": 0}}, "2": {"suite_name": "test_3Portir_KeluarPortir.py", "tests": {"0": {"status": "PASS", "message": "", "test_name": "test_1_setupOS_KeluarPortir", "rerun": "0"}, "1": {"status": "PASS", "message": "", "test_name": "test_2_login_KeluarPortir", "rerun": "0"}, "2": {"status": "PASS", "message": "", "test_name": "test_3_akses_menu_KeluarPortir", "rerun": "0"}, "3": {"status": "PASS", "message": "", "test_name": "test_4_sortir_table_cari_nama_KeluarPortir", "rerun": "0"}, "4": {"status": "PASS", "message": "", "test_name": "test_5_Click_Button_Detile_KeluarPortir", "rerun": "0"}, "5": {"status": "FAIL", "message": "   selenium.common.exceptions.ElementClickInterceptedException: Message: element click intercepted: Element <span class=\"\">...</span> is not clickable at point (1562, 919). Other element would receive the click: <div class=\"flex justify-between mt-10 items-center\">...</div>\n     (Session info: chrome=107.0.5304.87)\n   Stacktrace:\n   0   chromedriver                        0x00000001047caa88 chromedriver + 4123272\n   1   chromedriver                        0x0000000104756778 chromedriver + 3647352\n   2   chromedriver                        0x0000000104418ac4 chromedriver + 248516\n   3   chromedriver                        0x00000001044558a8 chromedriver + 497832\n   4   chromedriver                        0x0000000104453874 chromedriver + 489588\n   5   chromedriver                        0x00000001044514e8 chromedriver + 480488\n   6   chromedriver                        0x00000001044504dc chromedriver + 476380\n   7   chromedriver                        0x0000000104444a00 chromedriver + 428544\n   8   chromedriver                        0x0000000104444260 chromedriver + 426592\n   9   chromedriver                        0x0000000104481020 chromedriver + 675872\n   10  chromedriver                        0x0000000104442b10 chromedriver + 420624\n   11  chromedriver                        0x0000000104443c30 chromedriver + 425008\n   12  chromedriver                        0x000000010479cae4 chromedriver + 3934948\n   13  chromedriver                        0x000000010479ff24 chromedriver + 3948324\n   14  chromedriver                        0x00000001047a0508 chromedriver + 3949832\n   15  chromedriver                        0x00000001047a6b30 chromedriver + 3975984\n   16  chromedriver                        0x00000001047a0b24 chromedriver + 3951396\n   17  chromedriver                        0x000000010477b71c chromedriver + 3798812\n   18  chromedriver                        0x00000001047bd2f0 chromedriver + 4068080\n   19  chromedriver                        0x00000001047bd444 chromedriver + 4068420\n   20  chromedriver                        0x00000001047d1450 chromedriver + 4150352\n   21  libsystem_pthread.dylib             0x00000001b12fe06c _pthread_start + 148\n   22  libsystem_pthread.dylib             0x00000001b12f8e2c thread_start + 8\n", "test_name": "test_6_KonfirmasiKeluar_KeluarPortir", "rerun": "0"}}, "status": {"total_pass": 5, "total_skip": 0, "total_xpass": 0, "total_xfail": 0, "total_rerun": 0, "total_fail": 1, "total_error": 0}}, "3": {"suite_name": "test_4Portir_MasukPortir.py", "tests": {"0": {"status": "PASS", "message": "", "test_name": "test_1_setupOS_MasukPortir", "rerun": "0"}, "1": {"status": "PASS", "message": "", "test_name": "test_2_login_MasukPortir", "rerun": "0"}, "2": {"status": "PASS", "message": "", "test_name": "test_3_akses_menu_MasukPortir", "rerun": "0"}, "3": {"status": "PASS", "message": "", "test_name": "test_4_sortir_table_cari_nama_MasukPortir", "rerun": "0"}, "4": {"status": "PASS", "message": "", "test_name": "test_5_Click_Button_Detile_MasukPortir", "rerun": "0"}}, "status": {"total_pass": 5, "total_skip": 0, "total_xpass": 0, "total_xfail": 0, "total_rerun": 0, "total_fail": 0, "total_error": 0}}}}, "date": "November 28, 2022", "start_time": 1669609237.343713, "total_suite": 4, "status": "FAIL", "status_list": {"pass": "28", "fail": "3", "skip": "0", "error": "0", "xpass": "0", "xfail": "0", "rerun": "0"}, "total_tests": "31"}