{"content": {"suites": {"0": {"status": {"total_pass": 12, "total_skip": 0, "total_xpass": 0, "total_xfail": 0, "total_rerun": 0, "total_fail": 2, "total_error": 0}, "tests": {"0": {"status": "PASS", "message": "", "test_name": "test_1_setup_Tambah", "rerun": "0"}, "1": {"status": "PASS", "message": "", "test_name": "test_2_login", "rerun": "0"}, "2": {"status": "PASS", "message": "", "test_name": "test_3_akses_menu", "rerun": "0"}, "3": {"status": "PASS", "message": "", "test_name": "test_4_membuka_halaman_tambah", "rerun": "0"}, "4": {"status": "PASS", "message": "", "test_name": "test_5_sortir_table_cari_nama_Tambah", "rerun": "0"}, "5": {"status": "PASS", "message": "", "test_name": "test_6_Click_Button_Detile_Tambah", "rerun": "0"}, "6": {"status": "PASS", "message": "", "test_name": "test_7_Click_Button_Tambah_WBP_Tambah", "rerun": "0"}, "7": {"status": "PASS", "message": "", "test_name": "test_8_sortir_detil_wbp_Tambah", "rerun": "0"}, "8": {"status": "PASS", "message": "", "test_name": "test_9_detile_perkara_Tambah", "rerun": "0"}, "9": {"status": "PASS", "message": "", "test_name": "test_Input_Tanggal_Keluar_Tambah", "rerun": "0"}, "10": {"status": "PASS", "message": "", "test_name": "test_Input_Tanggal_Harus_Kembali_Tambah", "rerun": "0"}, "11": {"status": "PASS", "message": "", "test_name": "test_Input_Jenis_Keluar_Tambah", "rerun": "0"}, "12": {"status": "FAIL", "message": "   selenium.common.exceptions.ElementClickInterceptedException: Message: element click intercepted: Element <textarea class=\"el-textarea__inner\" id=\"deskripsi\" maxlength=\"255\" rows=\"3\" autocomplete=\"off\" placeholder=\"Masukkan Keterangan Penerimaan\" style=\"min-height: 31px;\"></textarea> is not clickable at point (812, 404). Other element would receive the click: <li class=\"el-select-dropdown__item\" id=\"...\">Anak Kembali ke Orang Tua</li>\n     (Session info: chrome=107.0.5304.87)\n   Stacktrace:\n   0   chromedriver                        0x000000010463ef44 chromedriver + 3813188\n   1   chromedriver                        0x00000001045d0ae0 chromedriver + 3361504\n   2   chromedriver                        0x00000001042d4c5c chromedriver + 232540\n   3   chromedriver                        0x000000010430c74c chromedriver + 460620\n   4   chromedriver                        0x000000010430a8fc chromedriver + 452860\n   5   chromedriver                        0x00000001043086b8 chromedriver + 444088\n   6   chromedriver                        0x00000001043076fc chromedriver + 440060\n   7   chromedriver                        0x00000001042fcf58 chromedriver + 397144\n   8   chromedriver                        0x00000001042fc898 chromedriver + 395416\n   9   chromedriver                        0x0000000104333f44 chromedriver + 622404\n   10  chromedriver                        0x00000001042fb358 chromedriver + 389976\n   11  chromedriver                        0x00000001042fc284 chromedriver + 393860\n   12  chromedriver                        0x0000000104612e18 chromedriver + 3632664\n   13  chromedriver                        0x000000010461697c chromedriver + 3647868\n   14  chromedriver                        0x000000010461cb58 chromedriver + 3672920\n   15  chromedriver                        0x0000000104617350 chromedriver + 3650384\n   16  chromedriver                        0x00000001045f48dc chromedriver + 3508444\n   17  chromedriver                        0x0000000104631914 chromedriver + 3758356\n   18  chromedriver                        0x0000000104631a78 chromedriver + 3758712\n   19  chromedriver                        0x00000001046456cc chromedriver + 3839692\n   20  libsystem_pthread.dylib             0x000000018fdaa06c _pthread_start + 148\n   21  libsystem_pthread.dylib             0x000000018fda4e2c thread_start + 8\n", "test_name": "test_Input_Deskripsi_Tambah", "rerun": "0"}, "13": {"status": "FAIL", "message": "   selenium.common.exceptions.ElementClickInterceptedException: Message: element click intercepted: Element <button class=\"el-button is-plain border-2 text-light-blue-900 !hover:text-light-blue-600 border-light-blue-900 !hover:border-light-blue-600\" type=\"submit\" id=\"buttonSubmit\">...</button> is not clickable at point (1329, 475). Other element would receive the click: <li class=\"el-select-dropdown__item\" id=\"...\">Cuti Menjelang Bebas</li>\n     (Session info: chrome=107.0.5304.87)\n   Stacktrace:\n   0   chromedriver                        0x000000010463ef44 chromedriver + 3813188\n   1   chromedriver                        0x00000001045d0ae0 chromedriver + 3361504\n   2   chromedriver                        0x00000001042d4c5c chromedriver + 232540\n   3   chromedriver                        0x000000010430c74c chromedriver + 460620\n   4   chromedriver                        0x000000010430a8fc chromedriver + 452860\n   5   chromedriver                        0x00000001043086b8 chromedriver + 444088\n   6   chromedriver                        0x00000001043076fc chromedriver + 440060\n   7   chromedriver                        0x00000001042fcf58 chromedriver + 397144\n   8   chromedriver                        0x00000001042fc898 chromedriver + 395416\n   9   chromedriver                        0x0000000104333f44 chromedriver + 622404\n   10  chromedriver                        0x00000001042fb358 chromedriver + 389976\n   11  chromedriver                        0x00000001042fc284 chromedriver + 393860\n   12  chromedriver                        0x0000000104612e18 chromedriver + 3632664\n   13  chromedriver                        0x000000010461697c chromedriver + 3647868\n   14  chromedriver                        0x000000010461cb58 chromedriver + 3672920\n   15  chromedriver                        0x0000000104617350 chromedriver + 3650384\n   16  chromedriver                        0x00000001045f48dc chromedriver + 3508444\n   17  chromedriver                        0x0000000104631914 chromedriver + 3758356\n   18  chromedriver                        0x0000000104631a78 chromedriver + 3758712\n   19  chromedriver                        0x00000001046456cc chromedriver + 3839692\n   20  libsystem_pthread.dylib             0x000000018fdaa06c _pthread_start + 148\n   21  libsystem_pthread.dylib             0x000000018fda4e2c thread_start + 8\n", "test_name": "test_Button_Submit_Tambah", "rerun": "0"}}, "suite_name": "test_3Fungsi_Daftar_Lalu_Lintas_Tambah.py"}}}, "date": "November 02, 2022", "start_time": 1667375636.298346, "total_suite": 1, "status": "FAIL", "status_list": {"pass": "12", "fail": "2", "skip": "0", "error": "0", "xpass": "0", "xfail": "0", "rerun": "0"}, "total_tests": "14"}