{"content": {"suites": {"0": {"status": {"total_pass": 5, "total_skip": 0, "total_xpass": 0, "total_xfail": 0, "total_rerun": 0, "total_fail": 9, "total_error": 0}, "tests": {"0": {"status": "PASS", "message": "", "test_name": "test_1_setup_Tambah", "rerun": "0"}, "1": {"status": "PASS", "message": "", "test_name": "test_2_login", "rerun": "0"}, "2": {"status": "PASS", "message": "", "test_name": "test_3_akses_menu", "rerun": "0"}, "3": {"status": "PASS", "message": "", "test_name": "test_4_membuka_halaman_tambah", "rerun": "0"}, "4": {"status": "PASS", "message": "", "test_name": "test_5_sortir_table_cari_nama_Tambah", "rerun": "0"}, "5": {"status": "FAIL", "message": "   selenium.common.exceptions.TimeoutException: Message: \n   Stacktrace:\n   0   chromedriver                        0x0000000102b6af44 chromedriver + 3813188\n   1   chromedriver                        0x0000000102afcae0 chromedriver + 3361504\n   2   chromedriver                        0x0000000102800c5c chromedriver + 232540\n   3   chromedriver                        0x0000000102832380 chromedriver + 435072\n   4   chromedriver                        0x000000010285ff44 chromedriver + 622404\n   5   chromedriver                        0x0000000102827358 chromedriver + 389976\n   6   chromedriver                        0x0000000102828284 chromedriver + 393860\n   7   chromedriver                        0x0000000102b3ee18 chromedriver + 3632664\n   8   chromedriver                        0x0000000102b4297c chromedriver + 3647868\n   9   chromedriver                        0x0000000102b48b58 chromedriver + 3672920\n   10  chromedriver                        0x0000000102b43350 chromedriver + 3650384\n   11  chromedriver                        0x0000000102b208dc chromedriver + 3508444\n   12  chromedriver                        0x0000000102b5d914 chromedriver + 3758356\n   13  chromedriver                        0x0000000102b5da78 chromedriver + 3758712\n   14  chromedriver                        0x0000000102b716cc chromedriver + 3839692\n   15  libsystem_pthread.dylib             0x000000018fdaa06c _pthread_start + 148\n   16  libsystem_pthread.dylib             0x000000018fda4e2c thread_start + 8\n", "test_name": "test_6_Click_Button_Detile_Tambah", "rerun": "0"}, "6": {"status": "FAIL", "message": "   AttributeError: 'NoneType' object has no attribute 'click'\n", "test_name": "test_7_Click_Button_Tambah_WBP_Tambah", "rerun": "0"}, "7": {"status": "FAIL", "message": "   selenium.common.exceptions.NoSuchWindowException: Message: no such window: target window already closed\n   from unknown error: web view not found\n     (Session info: chrome=107.0.5304.87)\n   Stacktrace:\n   0   chromedriver                        0x0000000102b6af44 chromedriver + 3813188\n   1   chromedriver                        0x0000000102afcae0 chromedriver + 3361504\n   2   chromedriver                        0x0000000102800c5c chromedriver + 232540\n   3   chromedriver                        0x00000001027e371c chromedriver + 112412\n   4   chromedriver                        0x000000010284eebc chromedriver + 552636\n   5   chromedriver                        0x000000010285f638 chromedriver + 620088\n   6   chromedriver                        0x0000000102827358 chromedriver + 389976\n   7   chromedriver                        0x0000000102828284 chromedriver + 393860\n   8   chromedriver                        0x0000000102b3ee18 chromedriver + 3632664\n   9   chromedriver                        0x0000000102b4297c chromedriver + 3647868\n   10  chromedriver                        0x0000000102b48b58 chromedriver + 3672920\n   11  chromedriver                        0x0000000102b43350 chromedriver + 3650384\n   12  chromedriver                        0x0000000102b208dc chromedriver + 3508444\n   13  chromedriver                        0x0000000102b5d914 chromedriver + 3758356\n   14  chromedriver                        0x0000000102b5da78 chromedriver + 3758712\n   15  chromedriver                        0x0000000102b716cc chromedriver + 3839692\n   16  libsystem_pthread.dylib             0x000000018fdaa06c _pthread_start + 148\n   17  libsystem_pthread.dylib             0x000000018fda4e2c thread_start + 8\n", "test_name": "test_8_sortir_detil_wbp_Tambah", "rerun": "0"}, "8": {"status": "FAIL", "message": "   selenium.common.exceptions.NoSuchWindowException: Message: no such window: target window already closed\n   from unknown error: web view not found\n     (Session info: chrome=107.0.5304.87)\n   Stacktrace:\n   0   chromedriver                        0x0000000102b6af44 chromedriver + 3813188\n   1   chromedriver                        0x0000000102afcae0 chromedriver + 3361504\n   2   chromedriver                        0x0000000102800c5c chromedriver + 232540\n   3   chromedriver                        0x00000001027e371c chromedriver + 112412\n   4   chromedriver                        0x000000010284eebc chromedriver + 552636\n   5   chromedriver                        0x000000010285f638 chromedriver + 620088\n   6   chromedriver                        0x0000000102827358 chromedriver + 389976\n   7   chromedriver                        0x0000000102828284 chromedriver + 393860\n   8   chromedriver                        0x0000000102b3ee18 chromedriver + 3632664\n   9   chromedriver                        0x0000000102b4297c chromedriver + 3647868\n   10  chromedriver                        0x0000000102b48b58 chromedriver + 3672920\n   11  chromedriver                        0x0000000102b43350 chromedriver + 3650384\n   12  chromedriver                        0x0000000102b208dc chromedriver + 3508444\n   13  chromedriver                        0x0000000102b5d914 chromedriver + 3758356\n   14  chromedriver                        0x0000000102b5da78 chromedriver + 3758712\n   15  chromedriver                        0x0000000102b716cc chromedriver + 3839692\n   16  libsystem_pthread.dylib             0x000000018fdaa06c _pthread_start + 148\n   17  libsystem_pthread.dylib             0x000000018fda4e2c thread_start + 8\n", "test_name": "test_9_detile_perkara_Tambah", "rerun": "0"}, "9": {"status": "FAIL", "message": "   selenium.common.exceptions.NoSuchWindowException: Message: no such window: target window already closed\n   from unknown error: web view not found\n     (Session info: chrome=107.0.5304.87)\n   Stacktrace:\n   0   chromedriver                        0x0000000102b6af44 chromedriver + 3813188\n   1   chromedriver                        0x0000000102afcae0 chromedriver + 3361504\n   2   chromedriver                        0x0000000102800c5c chromedriver + 232540\n   3   chromedriver                        0x00000001027e371c chromedriver + 112412\n   4   chromedriver                        0x000000010284eebc chromedriver + 552636\n   5   chromedriver                        0x000000010285f638 chromedriver + 620088\n   6   chromedriver                        0x0000000102827358 chromedriver + 389976\n   7   chromedriver                        0x0000000102828284 chromedriver + 393860\n   8   chromedriver                        0x0000000102b3ee18 chromedriver + 3632664\n   9   chromedriver                        0x0000000102b4297c chromedriver + 3647868\n   10  chromedriver                        0x0000000102b48b58 chromedriver + 3672920\n   11  chromedriver                        0x0000000102b43350 chromedriver + 3650384\n   12  chromedriver                        0x0000000102b208dc chromedriver + 3508444\n   13  chromedriver                        0x0000000102b5d914 chromedriver + 3758356\n   14  chromedriver                        0x0000000102b5da78 chromedriver + 3758712\n   15  chromedriver                        0x0000000102b716cc chromedriver + 3839692\n   16  libsystem_pthread.dylib             0x000000018fdaa06c _pthread_start + 148\n   17  libsystem_pthread.dylib             0x000000018fda4e2c thread_start + 8\n", "test_name": "test_Input_Deskripsi_Tambah", "rerun": "0"}, "10": {"status": "FAIL", "message": "   selenium.common.exceptions.NoSuchWindowException: Message: no such window: target window already closed\n   from unknown error: web view not found\n     (Session info: chrome=107.0.5304.87)\n   Stacktrace:\n   0   chromedriver                        0x0000000102b6af44 chromedriver + 3813188\n   1   chromedriver                        0x0000000102afcae0 chromedriver + 3361504\n   2   chromedriver                        0x0000000102800c5c chromedriver + 232540\n   3   chromedriver                        0x00000001027e371c chromedriver + 112412\n   4   chromedriver                        0x000000010284eebc chromedriver + 552636\n   5   chromedriver                        0x000000010285f638 chromedriver + 620088\n   6   chromedriver                        0x0000000102827358 chromedriver + 389976\n   7   chromedriver                        0x0000000102828284 chromedriver + 393860\n   8   chromedriver                        0x0000000102b3ee18 chromedriver + 3632664\n   9   chromedriver                        0x0000000102b4297c chromedriver + 3647868\n   10  chromedriver                        0x0000000102b48b58 chromedriver + 3672920\n   11  chromedriver                        0x0000000102b43350 chromedriver + 3650384\n   12  chromedriver                        0x0000000102b208dc chromedriver + 3508444\n   13  chromedriver                        0x0000000102b5d914 chromedriver + 3758356\n   14  chromedriver                        0x0000000102b5da78 chromedriver + 3758712\n   15  chromedriver                        0x0000000102b716cc chromedriver + 3839692\n   16  libsystem_pthread.dylib             0x000000018fdaa06c _pthread_start + 148\n   17  libsystem_pthread.dylib             0x000000018fda4e2c thread_start + 8\n", "test_name": "test_Input_Tanggal_Keluar_Tambah", "rerun": "0"}, "11": {"status": "FAIL", "message": "   selenium.common.exceptions.NoSuchWindowException: Message: no such window: target window already closed\n   from unknown error: web view not found\n     (Session info: chrome=107.0.5304.87)\n   Stacktrace:\n   0   chromedriver                        0x0000000102b6af44 chromedriver + 3813188\n   1   chromedriver                        0x0000000102afcae0 chromedriver + 3361504\n   2   chromedriver                        0x0000000102800c5c chromedriver + 232540\n   3   chromedriver                        0x00000001027e371c chromedriver + 112412\n   4   chromedriver                        0x000000010284eebc chromedriver + 552636\n   5   chromedriver                        0x000000010285f638 chromedriver + 620088\n   6   chromedriver                        0x0000000102827358 chromedriver + 389976\n   7   chromedriver                        0x0000000102828284 chromedriver + 393860\n   8   chromedriver                        0x0000000102b3ee18 chromedriver + 3632664\n   9   chromedriver                        0x0000000102b4297c chromedriver + 3647868\n   10  chromedriver                        0x0000000102b48b58 chromedriver + 3672920\n   11  chromedriver                        0x0000000102b43350 chromedriver + 3650384\n   12  chromedriver                        0x0000000102b208dc chromedriver + 3508444\n   13  chromedriver                        0x0000000102b5d914 chromedriver + 3758356\n   14  chromedriver                        0x0000000102b5da78 chromedriver + 3758712\n   15  chromedriver                        0x0000000102b716cc chromedriver + 3839692\n   16  libsystem_pthread.dylib             0x000000018fdaa06c _pthread_start + 148\n   17  libsystem_pthread.dylib             0x000000018fda4e2c thread_start + 8\n", "test_name": "test_Input_Tanggal_Harus_Kembali_Tambah", "rerun": "0"}, "12": {"status": "FAIL", "message": "   selenium.common.exceptions.NoSuchWindowException: Message: no such window: target window already closed\n   from unknown error: web view not found\n     (Session info: chrome=107.0.5304.87)\n   Stacktrace:\n   0   chromedriver                        0x0000000102b6af44 chromedriver + 3813188\n   1   chromedriver                        0x0000000102afcae0 chromedriver + 3361504\n   2   chromedriver                        0x0000000102800c5c chromedriver + 232540\n   3   chromedriver                        0x00000001027e371c chromedriver + 112412\n   4   chromedriver                        0x000000010284eebc chromedriver + 552636\n   5   chromedriver                        0x000000010285f638 chromedriver + 620088\n   6   chromedriver                        0x0000000102827358 chromedriver + 389976\n   7   chromedriver                        0x0000000102828284 chromedriver + 393860\n   8   chromedriver                        0x0000000102b3ee18 chromedriver + 3632664\n   9   chromedriver                        0x0000000102b4297c chromedriver + 3647868\n   10  chromedriver                        0x0000000102b48b58 chromedriver + 3672920\n   11  chromedriver                        0x0000000102b43350 chromedriver + 3650384\n   12  chromedriver                        0x0000000102b208dc chromedriver + 3508444\n   13  chromedriver                        0x0000000102b5d914 chromedriver + 3758356\n   14  chromedriver                        0x0000000102b5da78 chromedriver + 3758712\n   15  chromedriver                        0x0000000102b716cc chromedriver + 3839692\n   16  libsystem_pthread.dylib             0x000000018fdaa06c _pthread_start + 148\n   17  libsystem_pthread.dylib             0x000000018fda4e2c thread_start + 8\n", "test_name": "test_Input_Jenis_Keluar_Tambah", "rerun": "0"}, "13": {"status": "FAIL", "message": "   selenium.common.exceptions.NoSuchWindowException: Message: no such window: target window already closed\n   from unknown error: web view not found\n     (Session info: chrome=107.0.5304.87)\n   Stacktrace:\n   0   chromedriver                        0x0000000102b6af44 chromedriver + 3813188\n   1   chromedriver                        0x0000000102afcae0 chromedriver + 3361504\n   2   chromedriver                        0x0000000102800c5c chromedriver + 232540\n   3   chromedriver                        0x00000001027e371c chromedriver + 112412\n   4   chromedriver                        0x000000010284eebc chromedriver + 552636\n   5   chromedriver                        0x000000010285f638 chromedriver + 620088\n   6   chromedriver                        0x0000000102827358 chromedriver + 389976\n   7   chromedriver                        0x0000000102828284 chromedriver + 393860\n   8   chromedriver                        0x0000000102b3ee18 chromedriver + 3632664\n   9   chromedriver                        0x0000000102b4297c chromedriver + 3647868\n   10  chromedriver                        0x0000000102b48b58 chromedriver + 3672920\n   11  chromedriver                        0x0000000102b43350 chromedriver + 3650384\n   12  chromedriver                        0x0000000102b208dc chromedriver + 3508444\n   13  chromedriver                        0x0000000102b5d914 chromedriver + 3758356\n   14  chromedriver                        0x0000000102b5da78 chromedriver + 3758712\n   15  chromedriver                        0x0000000102b716cc chromedriver + 3839692\n   16  libsystem_pthread.dylib             0x000000018fdaa06c _pthread_start + 148\n   17  libsystem_pthread.dylib             0x000000018fda4e2c thread_start + 8\n", "test_name": "test_Button_Submit_Tambah", "rerun": "0"}}, "suite_name": "test_3Fungsi_Daftar_Lalu_Lintas_Tambah.py"}}}, "date": "November 02, 2022", "start_time": 1667373662.645961, "total_suite": 1, "status": "FAIL", "status_list": {"pass": "5", "fail": "9", "skip": "0", "error": "0", "xpass": "0", "xfail": "0", "rerun": "0"}, "total_tests": "14"}