{"content": {"suites": {"0": {"status": {"total_pass": 1, "total_skip": 0, "total_xpass": 0, "total_xfail": 0, "total_rerun": 0, "total_fail": 22, "total_error": 0}, "tests": {"0": {"status": "PASS", "message": "", "test_name": "test_1_setup_index", "rerun": "0"}, "1": {"status": "FAIL", "message": "       http.client.RemoteDisconnected: Remote end closed connection without response\n       urllib3.exceptions.ProtocolError: ('Connection aborted.', RemoteDisconnected('Remote end closed connection without response'))\n", "test_name": "test_2_login_index", "rerun": "0"}, "2": {"status": "FAIL", "message": "           ConnectionRefusedError: [Errno 61] Connection refused\n       urllib3.exceptions.NewConnectionError: <urllib3.connection.HTTPConnection object at 0x1043e7310>: Failed to establish a new connection: [Errno 61] Connection refused\n       urllib3.exceptions.MaxRetryError: HTTPConnectionPool(host='localhost', port=49230): Max retries exceeded with url: /session/850eb176717ded1f822e57e7faba7c30/execute/sync (Caused by NewConnectionError('<urllib3.connection.HTTPConnection object at 0x1043e7310>: Failed to establish a new connection: [Errno 61] Connection refused'))\n", "test_name": "test_3_akses_menu_index", "rerun": "0"}, "3": {"status": "FAIL", "message": "           ConnectionRefusedError: [Errno 61] Connection refused\n       urllib3.exceptions.NewConnectionError: <urllib3.connection.HTTPConnection object at 0x1046715e0>: Failed to establish a new connection: [Errno 61] Connection refused\n       urllib3.exceptions.MaxRetryError: HTTPConnectionPool(host='localhost', port=49230): Max retries exceeded with url: /session/850eb176717ded1f822e57e7faba7c30/timeouts (Caused by NewConnectionError('<urllib3.connection.HTTPConnection object at 0x1046715e0>: Failed to establish a new connection: [Errno 61] Connection refused'))\n", "test_name": "test_4_search_data_kategori_nama_Index", "rerun": "0"}, "4": {"status": "FAIL", "message": "           ConnectionRefusedError: [Errno 61] Connection refused\n       urllib3.exceptions.NewConnectionError: <urllib3.connection.HTTPConnection object at 0x1045432e0>: Failed to establish a new connection: [Errno 61] Connection refused\n       urllib3.exceptions.MaxRetryError: HTTPConnectionPool(host='localhost', port=49230): Max retries exceeded with url: /session/850eb176717ded1f822e57e7faba7c30/timeouts (Caused by NewConnectionError('<urllib3.connection.HTTPConnection object at 0x1045432e0>: Failed to establish a new connection: [Errno 61] Connection refused'))\n", "test_name": "test_5_search_data_kategori_NoInduk_Index", "rerun": "0"}, "5": {"status": "FAIL", "message": "           ConnectionRefusedError: [Errno 61] Connection refused\n       urllib3.exceptions.NewConnectionError: <urllib3.connection.HTTPConnection object at 0x10421c520>: Failed to establish a new connection: [Errno 61] Connection refused\n       urllib3.exceptions.MaxRetryError: HTTPConnectionPool(host='localhost', port=49230): Max retries exceeded with url: /session/850eb176717ded1f822e57e7faba7c30/timeouts (Caused by NewConnectionError('<urllib3.connection.HTTPConnection object at 0x10421c520>: Failed to establish a new connection: [Errno 61] Connection refused'))\n", "test_name": "test_6_clik_clear_value_Index", "rerun": "0"}, "6": {"status": "FAIL", "message": "           ConnectionRefusedError: [Errno 61] Connection refused\n       urllib3.exceptions.NewConnectionError: <urllib3.connection.HTTPConnection object at 0x1045ff490>: Failed to establish a new connection: [Errno 61] Connection refused\n       urllib3.exceptions.MaxRetryError: HTTPConnectionPool(host='localhost', port=49230): Max retries exceeded with url: /session/850eb176717ded1f822e57e7faba7c30/timeouts (Caused by NewConnectionError('<urllib3.connection.HTTPConnection object at 0x1045ff490>: Failed to establish a new connection: [Errno 61] Connection refused'))\n", "test_name": "test_7_sortir_data_table_NoInduk_Index", "rerun": "0"}, "7": {"status": "FAIL", "message": "           ConnectionRefusedError: [Errno 61] Connection refused\n       urllib3.exceptions.NewConnectionError: <urllib3.connection.HTTPConnection object at 0x10425a5e0>: Failed to establish a new connection: [Errno 61] Connection refused\n       urllib3.exceptions.MaxRetryError: HTTPConnectionPool(host='localhost', port=49230): Max retries exceeded with url: /session/850eb176717ded1f822e57e7faba7c30/timeouts (Caused by NewConnectionError('<urllib3.connection.HTTPConnection object at 0x10425a5e0>: Failed to establish a new connection: [Errno 61] Connection refused'))\n", "test_name": "test_8_sortir_data_table_nama_Index", "rerun": "0"}, "8": {"status": "FAIL", "message": "           ConnectionRefusedError: [Errno 61] Connection refused\n       urllib3.exceptions.NewConnectionError: <urllib3.connection.HTTPConnection object at 0x1044da9d0>: Failed to establish a new connection: [Errno 61] Connection refused\n       urllib3.exceptions.MaxRetryError: HTTPConnectionPool(host='localhost', port=49230): Max retries exceeded with url: /session/850eb176717ded1f822e57e7faba7c30/timeouts (Caused by NewConnectionError('<urllib3.connection.HTTPConnection object at 0x1044da9d0>: Failed to establish a new connection: [Errno 61] Connection refused'))\n", "test_name": "test_9_sortir_data_table_Jenis_Index", "rerun": "0"}, "9": {"status": "FAIL", "message": "           ConnectionRefusedError: [Errno 61] Connection refused\n       urllib3.exceptions.NewConnectionError: <urllib3.connection.HTTPConnection object at 0x1043f0d60>: Failed to establish a new connection: [Errno 61] Connection refused\n       urllib3.exceptions.MaxRetryError: HTTPConnectionPool(host='localhost', port=49230): Max retries exceeded with url: /session/850eb176717ded1f822e57e7faba7c30/timeouts (Caused by NewConnectionError('<urllib3.connection.HTTPConnection object at 0x1043f0d60>: Failed to establish a new connection: [Errno 61] Connection refused'))\n", "test_name": "test_10_sortir_data_table_tglkeluar_Index", "rerun": "0"}, "10": {"status": "FAIL", "message": "           ConnectionRefusedError: [Errno 61] Connection refused\n       urllib3.exceptions.NewConnectionError: <urllib3.connection.HTTPConnection object at 0x1045f0c40>: Failed to establish a new connection: [Errno 61] Connection refused\n       urllib3.exceptions.MaxRetryError: HTTPConnectionPool(host='localhost', port=49230): Max retries exceeded with url: /session/850eb176717ded1f822e57e7faba7c30/timeouts (Caused by NewConnectionError('<urllib3.connection.HTTPConnection object at 0x1045f0c40>: Failed to establish a new connection: [Errno 61] Connection refused'))\n", "test_name": "test_11_sortir_data_table_tglkembali_Index", "rerun": "0"}, "11": {"status": "FAIL", "message": "           ConnectionRefusedError: [Errno 61] Connection refused\n       urllib3.exceptions.NewConnectionError: <urllib3.connection.HTTPConnection object at 0x10465d490>: Failed to establish a new connection: [Errno 61] Connection refused\n       urllib3.exceptions.MaxRetryError: HTTPConnectionPool(host='localhost', port=49230): Max retries exceeded with url: /session/850eb176717ded1f822e57e7faba7c30/element (Caused by NewConnectionError('<urllib3.connection.HTTPConnection object at 0x10465d490>: Failed to establish a new connection: [Errno 61] Connection refused'))\n", "test_name": "test_12_sortir_5_Halaman_Index", "rerun": "0"}, "12": {"status": "FAIL", "message": "           ConnectionRefusedError: [Errno 61] Connection refused\n       urllib3.exceptions.NewConnectionError: <urllib3.connection.HTTPConnection object at 0x10451ac70>: Failed to establish a new connection: [Errno 61] Connection refused\n       urllib3.exceptions.MaxRetryError: HTTPConnectionPool(host='localhost', port=49230): Max retries exceeded with url: /session/850eb176717ded1f822e57e7faba7c30/element (Caused by NewConnectionError('<urllib3.connection.HTTPConnection object at 0x10451ac70>: Failed to establish a new connection: [Errno 61] Connection refused'))\n", "test_name": "test_13_sortir_10_Halaman_Index", "rerun": "0"}, "13": {"status": "FAIL", "message": "           ConnectionRefusedError: [Errno 61] Connection refused\n       urllib3.exceptions.NewConnectionError: <urllib3.connection.HTTPConnection object at 0x1043ec310>: Failed to establish a new connection: [Errno 61] Connection refused\n       urllib3.exceptions.MaxRetryError: HTTPConnectionPool(host='localhost', port=49230): Max retries exceeded with url: /session/850eb176717ded1f822e57e7faba7c30/element (Caused by NewConnectionError('<urllib3.connection.HTTPConnection object at 0x1043ec310>: Failed to establish a new connection: [Errno 61] Connection refused'))\n", "test_name": "test_14_sortir_20_Halaman_Index", "rerun": "0"}, "14": {"status": "FAIL", "message": "           ConnectionRefusedError: [Errno 61] Connection refused\n       urllib3.exceptions.NewConnectionError: <urllib3.connection.HTTPConnection object at 0x104702d30>: Failed to establish a new connection: [Errno 61] Connection refused\n       urllib3.exceptions.MaxRetryError: HTTPConnectionPool(host='localhost', port=49230): Max retries exceeded with url: /session/850eb176717ded1f822e57e7faba7c30/element (Caused by NewConnectionError('<urllib3.connection.HTTPConnection object at 0x104702d30>: Failed to establish a new connection: [Errno 61] Connection refused'))\n", "test_name": "test_15_sortir_50_Halaman_Index", "rerun": "0"}, "15": {"status": "FAIL", "message": "           ConnectionRefusedError: [Errno 61] Connection refused\n       urllib3.exceptions.NewConnectionError: <urllib3.connection.HTTPConnection object at 0x1045c3dc0>: Failed to establish a new connection: [Errno 61] Connection refused\n       urllib3.exceptions.MaxRetryError: HTTPConnectionPool(host='localhost', port=49230): Max retries exceeded with url: /session/850eb176717ded1f822e57e7faba7c30/element (Caused by NewConnectionError('<urllib3.connection.HTTPConnection object at 0x1045c3dc0>: Failed to establish a new connection: [Errno 61] Connection refused'))\n", "test_name": "test_16_sortir_100_Halaman_Index", "rerun": "0"}, "16": {"status": "FAIL", "message": "           ConnectionRefusedError: [Errno 61] Connection refused\n       urllib3.exceptions.NewConnectionError: <urllib3.connection.HTTPConnection object at 0x10462b610>: Failed to establish a new connection: [Errno 61] Connection refused\n       urllib3.exceptions.MaxRetryError: HTTPConnectionPool(host='localhost', port=49230): Max retries exceeded with url: /session/850eb176717ded1f822e57e7faba7c30/timeouts (Caused by NewConnectionError('<urllib3.connection.HTTPConnection object at 0x10462b610>: Failed to establish a new connection: [Errno 61] Connection refused'))\n", "test_name": "test_17_membuka_halaman_tambah_Index", "rerun": "0"}, "17": {"status": "FAIL", "message": "           ConnectionRefusedError: [Errno 61] Connection refused\n       urllib3.exceptions.NewConnectionError: <urllib3.connection.HTTPConnection object at 0x1045c3b80>: Failed to establish a new connection: [Errno 61] Connection refused\n       urllib3.exceptions.MaxRetryError: HTTPConnectionPool(host='localhost', port=49230): Max retries exceeded with url: /session/850eb176717ded1f822e57e7faba7c30/timeouts (Caused by NewConnectionError('<urllib3.connection.HTTPConnection object at 0x1045c3b80>: Failed to establish a new connection: [Errno 61] Connection refused'))\n", "test_name": "test_18_back_index", "rerun": "0"}, "18": {"status": "FAIL", "message": "           ConnectionRefusedError: [Errno 61] Connection refused\n       urllib3.exceptions.NewConnectionError: <urllib3.connection.HTTPConnection object at 0x1045ea490>: Failed to establish a new connection: [Errno 61] Connection refused\n       urllib3.exceptions.MaxRetryError: HTTPConnectionPool(host='localhost', port=49230): Max retries exceeded with url: /session/850eb176717ded1f822e57e7faba7c30/timeouts (Caused by NewConnectionError('<urllib3.connection.HTTPConnection object at 0x1045ea490>: Failed to establish a new connection: [Errno 61] Connection refused'))\n", "test_name": "test_19_membuka_halaman_ubah_Index", "rerun": "0"}, "19": {"status": "FAIL", "message": "           ConnectionRefusedError: [Errno 61] Connection refused\n       urllib3.exceptions.NewConnectionError: <urllib3.connection.HTTPConnection object at 0x10430d7f0>: Failed to establish a new connection: [Errno 61] Connection refused\n       urllib3.exceptions.MaxRetryError: HTTPConnectionPool(host='localhost', port=49230): Max retries exceeded with url: /session/850eb176717ded1f822e57e7faba7c30/timeouts (Caused by NewConnectionError('<urllib3.connection.HTTPConnection object at 0x10430d7f0>: Failed to establish a new connection: [Errno 61] Connection refused'))\n", "test_name": "test_20_membuka_halaman_detail_Index", "rerun": "0"}, "20": {"status": "FAIL", "message": "           ConnectionRefusedError: [Errno 61] Connection refused\n       urllib3.exceptions.NewConnectionError: <urllib3.connection.HTTPConnection object at 0x1044e3400>: Failed to establish a new connection: [Errno 61] Connection refused\n       urllib3.exceptions.MaxRetryError: HTTPConnectionPool(host='localhost', port=49230): Max retries exceeded with url: /session/850eb176717ded1f822e57e7faba7c30/timeouts (Caused by NewConnectionError('<urllib3.connection.HTTPConnection object at 0x1044e3400>: Failed to establish a new connection: [Errno 61] Connection refused'))\n", "test_name": "test_21_export_exel_Index", "rerun": "0"}, "21": {"status": "FAIL", "message": "           ConnectionRefusedError: [Errno 61] Connection refused\n       urllib3.exceptions.NewConnectionError: <urllib3.connection.HTTPConnection object at 0x104490400>: Failed to establish a new connection: [Errno 61] Connection refused\n       urllib3.exceptions.MaxRetryError: HTTPConnectionPool(host='localhost', port=49230): Max retries exceeded with url: /session/850eb176717ded1f822e57e7faba7c30/timeouts (Caused by NewConnectionError('<urllib3.connection.HTTPConnection object at 0x104490400>: Failed to establish a new connection: [Errno 61] Connection refused'))\n", "test_name": "test_22_export_pdf_Index", "rerun": "0"}, "22": {"status": "FAIL", "message": "           ConnectionRefusedError: [Errno 61] Connection refused\n       urllib3.exceptions.NewConnectionError: <urllib3.connection.HTTPConnection object at 0x1041c6cd0>: Failed to establish a new connection: [Errno 61] Connection refused\n       urllib3.exceptions.MaxRetryError: HTTPConnectionPool(host='localhost', port=49230): Max retries exceeded with url: /session/850eb176717ded1f822e57e7faba7c30/timeouts (Caused by NewConnectionError('<urllib3.connection.HTTPConnection object at 0x1041c6cd0>: Failed to establish a new connection: [Errno 61] Connection refused'))\n", "test_name": "test_23_cetak_Index", "rerun": "0"}}, "suite_name": "test_1Fungsi_Daftar_Lalu_Lintas_Index.py"}, "1": {"suite_name": "test_2Fungsi_Daftar_Lalu_Lintas_Cari_Identitas.py", "tests": {"0": {"status": "PASS", "message": "", "test_name": "test_1_setup_cari_identitas", "rerun": "0"}, "1": {"status": "PASS", "message": "", "test_name": "test_2_login", "rerun": "0"}, "2": {"status": "FAIL", "message": "   selenium.common.exceptions.NoSuchWindowException: Message: no such window: target window already closed\n   from unknown error: web view not found\n     (Session info: chrome=107.0.5304.87)\n   Stacktrace:\n   0   chromedriver                        0x0000000102812f44 chromedriver + 3813188\n   1   chromedriver                        0x00000001027a4ae0 chromedriver + 3361504\n   2   chromedriver                        0x00000001024a8c5c chromedriver + 232540\n   3   chromedriver                        0x000000010248b71c chromedriver + 112412\n   4   chromedriver                        0x00000001024f6ebc chromedriver + 552636\n   5   chromedriver                        0x0000000102507638 chromedriver + 620088\n   6   chromedriver                        0x00000001024cf358 chromedriver + 389976\n   7   chromedriver                        0x00000001024d0284 chromedriver + 393860\n   8   chromedriver                        0x00000001027e6e18 chromedriver + 3632664\n   9   chromedriver                        0x00000001027ea97c chromedriver + 3647868\n   10  chromedriver                        0x00000001027f0b58 chromedriver + 3672920\n   11  chromedriver                        0x00000001027eb350 chromedriver + 3650384\n   12  chromedriver                        0x00000001027c88dc chromedriver + 3508444\n   13  chromedriver                        0x0000000102805914 chromedriver + 3758356\n   14  chromedriver                        0x0000000102805a78 chromedriver + 3758712\n   15  chromedriver                        0x00000001028196cc chromedriver + 3839692\n   16  libsystem_pthread.dylib             0x000000018fdaa06c _pthread_start + 148\n   17  libsystem_pthread.dylib             0x000000018fda4e2c thread_start + 8\n", "test_name": "test_3_akses_menu", "rerun": "0"}, "3": {"status": "FAIL", "message": "   selenium.common.exceptions.NoSuchWindowException: Message: no such window: target window already closed\n   from unknown error: web view not found\n     (Session info: chrome=107.0.5304.87)\n   Stacktrace:\n   0   chromedriver                        0x0000000102812f44 chromedriver + 3813188\n   1   chromedriver                        0x00000001027a4ae0 chromedriver + 3361504\n   2   chromedriver                        0x00000001024a8c5c chromedriver + 232540\n   3   chromedriver                        0x000000010248b71c chromedriver + 112412\n   4   chromedriver                        0x00000001024f6ebc chromedriver + 552636\n   5   chromedriver                        0x0000000102507638 chromedriver + 620088\n   6   chromedriver                        0x00000001024cf358 chromedriver + 389976\n   7   chromedriver                        0x00000001024d0284 chromedriver + 393860\n   8   chromedriver                        0x00000001027e6e18 chromedriver + 3632664\n   9   chromedriver                        0x00000001027ea97c chromedriver + 3647868\n   10  chromedriver                        0x00000001027f0b58 chromedriver + 3672920\n   11  chromedriver                        0x00000001027eb350 chromedriver + 3650384\n   12  chromedriver                        0x00000001027c88dc chromedriver + 3508444\n   13  chromedriver                        0x0000000102805914 chromedriver + 3758356\n   14  chromedriver                        0x0000000102805a78 chromedriver + 3758712\n   15  chromedriver                        0x00000001028196cc chromedriver + 3839692\n   16  libsystem_pthread.dylib             0x000000018fdaa06c _pthread_start + 148\n   17  libsystem_pthread.dylib             0x000000018fda4e2c thread_start + 8\n", "test_name": "test_4_membuka_halaman_tambah_index", "rerun": "0"}, "4": {"status": "FAIL", "message": "   selenium.common.exceptions.NoSuchWindowException: Message: no such window: target window already closed\n   from unknown error: web view not found\n     (Session info: chrome=107.0.5304.87)\n   Stacktrace:\n   0   chromedriver                        0x0000000102812f44 chromedriver + 3813188\n   1   chromedriver                        0x00000001027a4ae0 chromedriver + 3361504\n   2   chromedriver                        0x00000001024a8c5c chromedriver + 232540\n   3   chromedriver                        0x000000010248b71c chromedriver + 112412\n   4   chromedriver                        0x00000001024f6ebc chromedriver + 552636\n   5   chromedriver                        0x0000000102507638 chromedriver + 620088\n   6   chromedriver                        0x00000001024cf358 chromedriver + 389976\n   7   chromedriver                        0x00000001024d0284 chromedriver + 393860\n   8   chromedriver                        0x00000001027e6e18 chromedriver + 3632664\n   9   chromedriver                        0x00000001027ea97c chromedriver + 3647868\n   10  chromedriver                        0x00000001027f0b58 chromedriver + 3672920\n   11  chromedriver                        0x00000001027eb350 chromedriver + 3650384\n   12  chromedriver                        0x00000001027c88dc chromedriver + 3508444\n   13  chromedriver                        0x0000000102805914 chromedriver + 3758356\n   14  chromedriver                        0x0000000102805a78 chromedriver + 3758712\n   15  chromedriver                        0x00000001028196cc chromedriver + 3839692\n   16  libsystem_pthread.dylib             0x000000018fdaa06c _pthread_start + 148\n   17  libsystem_pthread.dylib             0x000000018fda4e2c thread_start + 8\n", "test_name": "test_5_Button_Next_Prev", "rerun": "0"}, "5": {"status": "FAIL", "message": "   selenium.common.exceptions.NoSuchWindowException: Message: no such window: target window already closed\n   from unknown error: web view not found\n     (Session info: chrome=107.0.5304.87)\n   Stacktrace:\n   0   chromedriver                        0x0000000102812f44 chromedriver + 3813188\n   1   chromedriver                        0x00000001027a4ae0 chromedriver + 3361504\n   2   chromedriver                        0x00000001024a8c5c chromedriver + 232540\n   3   chromedriver                        0x000000010248b71c chromedriver + 112412\n   4   chromedriver                        0x00000001024f6ebc chromedriver + 552636\n   5   chromedriver                        0x0000000102507638 chromedriver + 620088\n   6   chromedriver                        0x00000001024cf358 chromedriver + 389976\n   7   chromedriver                        0x00000001024d0284 chromedriver + 393860\n   8   chromedriver                        0x00000001027e6e18 chromedriver + 3632664\n   9   chromedriver                        0x00000001027ea97c chromedriver + 3647868\n   10  chromedriver                        0x00000001027f0b58 chromedriver + 3672920\n   11  chromedriver                        0x00000001027eb350 chromedriver + 3650384\n   12  chromedriver                        0x00000001027c88dc chromedriver + 3508444\n   13  chromedriver                        0x0000000102805914 chromedriver + 3758356\n   14  chromedriver                        0x0000000102805a78 chromedriver + 3758712\n   15  chromedriver                        0x00000001028196cc chromedriver + 3839692\n   16  libsystem_pthread.dylib             0x000000018fdaa06c _pthread_start + 148\n   17  libsystem_pthread.dylib             0x000000018fda4e2c thread_start + 8\n", "test_name": "test_6_sortir_table_cari_noreg_cari_identitas", "rerun": "0"}, "6": {"status": "FAIL", "message": "   selenium.common.exceptions.NoSuchWindowException: Message: no such window: target window already closed\n   from unknown error: web view not found\n     (Session info: chrome=107.0.5304.87)\n   Stacktrace:\n   0   chromedriver                        0x0000000102812f44 chromedriver + 3813188\n   1   chromedriver                        0x00000001027a4ae0 chromedriver + 3361504\n   2   chromedriver                        0x00000001024a8c5c chromedriver + 232540\n   3   chromedriver                        0x000000010248b71c chromedriver + 112412\n   4   chromedriver                        0x00000001024f6ebc chromedriver + 552636\n   5   chromedriver                        0x0000000102507638 chromedriver + 620088\n   6   chromedriver                        0x00000001024cf358 chromedriver + 389976\n   7   chromedriver                        0x00000001024d0284 chromedriver + 393860\n   8   chromedriver                        0x00000001027e6e18 chromedriver + 3632664\n   9   chromedriver                        0x00000001027ea97c chromedriver + 3647868\n   10  chromedriver                        0x00000001027f0b58 chromedriver + 3672920\n   11  chromedriver                        0x00000001027eb350 chromedriver + 3650384\n   12  chromedriver                        0x00000001027c88dc chromedriver + 3508444\n   13  chromedriver                        0x0000000102805914 chromedriver + 3758356\n   14  chromedriver                        0x0000000102805a78 chromedriver + 3758712\n   15  chromedriver                        0x00000001028196cc chromedriver + 3839692\n   16  libsystem_pthread.dylib             0x000000018fdaa06c _pthread_start + 148\n   17  libsystem_pthread.dylib             0x000000018fda4e2c thread_start + 8\n", "test_name": "test_7_sortir_table_cari_nama_cari_identitas", "rerun": "0"}, "7": {"status": "FAIL", "message": "   selenium.common.exceptions.NoSuchWindowException: Message: no such window: target window already closed\n   from unknown error: web view not found\n     (Session info: chrome=107.0.5304.87)\n   Stacktrace:\n   0   chromedriver                        0x0000000102812f44 chromedriver + 3813188\n   1   chromedriver                        0x00000001027a4ae0 chromedriver + 3361504\n   2   chromedriver                        0x00000001024a8c5c chromedriver + 232540\n   3   chromedriver                        0x000000010248b71c chromedriver + 112412\n   4   chromedriver                        0x00000001024f6ebc chromedriver + 552636\n   5   chromedriver                        0x0000000102507638 chromedriver + 620088\n   6   chromedriver                        0x00000001024cf358 chromedriver + 389976\n   7   chromedriver                        0x00000001024d0284 chromedriver + 393860\n   8   chromedriver                        0x00000001027e6e18 chromedriver + 3632664\n   9   chromedriver                        0x00000001027ea97c chromedriver + 3647868\n   10  chromedriver                        0x00000001027f0b58 chromedriver + 3672920\n   11  chromedriver                        0x00000001027eb350 chromedriver + 3650384\n   12  chromedriver                        0x00000001027c88dc chromedriver + 3508444\n   13  chromedriver                        0x0000000102805914 chromedriver + 3758356\n   14  chromedriver                        0x0000000102805a78 chromedriver + 3758712\n   15  chromedriver                        0x00000001028196cc chromedriver + 3839692\n   16  libsystem_pthread.dylib             0x000000018fdaa06c _pthread_start + 148\n   17  libsystem_pthread.dylib             0x000000018fda4e2c thread_start + 8\n", "test_name": "test_8_sortir_table_cari_JenisKejahatan_cari_identitas", "rerun": "0"}, "8": {"status": "FAIL", "message": "   selenium.common.exceptions.NoSuchWindowException: Message: no such window: target window already closed\n   from unknown error: web view not found\n     (Session info: chrome=107.0.5304.87)\n   Stacktrace:\n   0   chromedriver                        0x0000000102812f44 chromedriver + 3813188\n   1   chromedriver                        0x00000001027a4ae0 chromedriver + 3361504\n   2   chromedriver                        0x00000001024a8c5c chromedriver + 232540\n   3   chromedriver                        0x000000010248b71c chromedriver + 112412\n   4   chromedriver                        0x00000001024f6ebc chromedriver + 552636\n   5   chromedriver                        0x0000000102507638 chromedriver + 620088\n   6   chromedriver                        0x00000001024cf358 chromedriver + 389976\n   7   chromedriver                        0x00000001024d0284 chromedriver + 393860\n   8   chromedriver                        0x00000001027e6e18 chromedriver + 3632664\n   9   chromedriver                        0x00000001027ea97c chromedriver + 3647868\n   10  chromedriver                        0x00000001027f0b58 chromedriver + 3672920\n   11  chromedriver                        0x00000001027eb350 chromedriver + 3650384\n   12  chromedriver                        0x00000001027c88dc chromedriver + 3508444\n   13  chromedriver                        0x0000000102805914 chromedriver + 3758356\n   14  chromedriver                        0x0000000102805a78 chromedriver + 3758712\n   15  chromedriver                        0x00000001028196cc chromedriver + 3839692\n   16  libsystem_pthread.dylib             0x000000018fdaa06c _pthread_start + 148\n   17  libsystem_pthread.dylib             0x000000018fda4e2c thread_start + 8\n", "test_name": "test_9_search_data_aktif_cari_identitas", "rerun": "0"}, "9": {"status": "FAIL", "message": "   selenium.common.exceptions.NoSuchWindowException: Message: no such window: target window already closed\n   from unknown error: web view not found\n     (Session info: chrome=107.0.5304.87)\n   Stacktrace:\n   0   chromedriver                        0x0000000102812f44 chromedriver + 3813188\n   1   chromedriver                        0x00000001027a4ae0 chromedriver + 3361504\n   2   chromedriver                        0x00000001024a8c5c chromedriver + 232540\n   3   chromedriver                        0x000000010248b71c chromedriver + 112412\n   4   chromedriver                        0x00000001024f6ebc chromedriver + 552636\n   5   chromedriver                        0x0000000102507638 chromedriver + 620088\n   6   chromedriver                        0x00000001024cf358 chromedriver + 389976\n   7   chromedriver                        0x00000001024d0284 chromedriver + 393860\n   8   chromedriver                        0x00000001027e6e18 chromedriver + 3632664\n   9   chromedriver                        0x00000001027ea97c chromedriver + 3647868\n   10  chromedriver                        0x00000001027f0b58 chromedriver + 3672920\n   11  chromedriver                        0x00000001027eb350 chromedriver + 3650384\n   12  chromedriver                        0x00000001027c88dc chromedriver + 3508444\n   13  chromedriver                        0x0000000102805914 chromedriver + 3758356\n   14  chromedriver                        0x0000000102805a78 chromedriver + 3758712\n   15  chromedriver                        0x00000001028196cc chromedriver + 3839692\n   16  libsystem_pthread.dylib             0x000000018fdaa06c _pthread_start + 148\n   17  libsystem_pthread.dylib             0x000000018fda4e2c thread_start + 8\n", "test_name": "test_10_search_residivis_cari_identitas", "rerun": "0"}, "10": {"status": "FAIL", "message": "   selenium.common.exceptions.NoSuchWindowException: Message: no such window: target window already closed\n   from unknown error: web view not found\n     (Session info: chrome=107.0.5304.87)\n   Stacktrace:\n   0   chromedriver                        0x0000000102812f44 chromedriver + 3813188\n   1   chromedriver                        0x00000001027a4ae0 chromedriver + 3361504\n   2   chromedriver                        0x00000001024a8c5c chromedriver + 232540\n   3   chromedriver                        0x000000010248b71c chromedriver + 112412\n   4   chromedriver                        0x00000001024f6ebc chromedriver + 552636\n   5   chromedriver                        0x0000000102507638 chromedriver + 620088\n   6   chromedriver                        0x00000001024cf358 chromedriver + 389976\n   7   chromedriver                        0x00000001024d0284 chromedriver + 393860\n   8   chromedriver                        0x00000001027e6e18 chromedriver + 3632664\n   9   chromedriver                        0x00000001027ea97c chromedriver + 3647868\n   10  chromedriver                        0x00000001027f0b58 chromedriver + 3672920\n   11  chromedriver                        0x00000001027eb350 chromedriver + 3650384\n   12  chromedriver                        0x00000001027c88dc chromedriver + 3508444\n   13  chromedriver                        0x0000000102805914 chromedriver + 3758356\n   14  chromedriver                        0x0000000102805a78 chromedriver + 3758712\n   15  chromedriver                        0x00000001028196cc chromedriver + 3839692\n   16  libsystem_pthread.dylib             0x000000018fdaa06c _pthread_start + 148\n   17  libsystem_pthread.dylib             0x000000018fda4e2c thread_start + 8\n", "test_name": "test_11_Sortir_5_Halaman_cari_identitas", "rerun": "0"}, "11": {"status": "FAIL", "message": "   selenium.common.exceptions.NoSuchWindowException: Message: no such window: target window already closed\n   from unknown error: web view not found\n     (Session info: chrome=107.0.5304.87)\n   Stacktrace:\n   0   chromedriver                        0x0000000102812f44 chromedriver + 3813188\n   1   chromedriver                        0x00000001027a4ae0 chromedriver + 3361504\n   2   chromedriver                        0x00000001024a8c5c chromedriver + 232540\n   3   chromedriver                        0x000000010248b71c chromedriver + 112412\n   4   chromedriver                        0x00000001024f6ebc chromedriver + 552636\n   5   chromedriver                        0x0000000102507638 chromedriver + 620088\n   6   chromedriver                        0x00000001024cf358 chromedriver + 389976\n   7   chromedriver                        0x00000001024d0284 chromedriver + 393860\n   8   chromedriver                        0x00000001027e6e18 chromedriver + 3632664\n   9   chromedriver                        0x00000001027ea97c chromedriver + 3647868\n   10  chromedriver                        0x00000001027f0b58 chromedriver + 3672920\n   11  chromedriver                        0x00000001027eb350 chromedriver + 3650384\n   12  chromedriver                        0x00000001027c88dc chromedriver + 3508444\n   13  chromedriver                        0x0000000102805914 chromedriver + 3758356\n   14  chromedriver                        0x0000000102805a78 chromedriver + 3758712\n   15  chromedriver                        0x00000001028196cc chromedriver + 3839692\n   16  libsystem_pthread.dylib             0x000000018fdaa06c _pthread_start + 148\n   17  libsystem_pthread.dylib             0x000000018fda4e2c thread_start + 8\n", "test_name": "test_12_sortir_10_Halaman_cari_identitas", "rerun": "0"}, "12": {"status": "FAIL", "message": "   selenium.common.exceptions.NoSuchWindowException: Message: no such window: target window already closed\n   from unknown error: web view not found\n     (Session info: chrome=107.0.5304.87)\n   Stacktrace:\n   0   chromedriver                        0x0000000102812f44 chromedriver + 3813188\n   1   chromedriver                        0x00000001027a4ae0 chromedriver + 3361504\n   2   chromedriver                        0x00000001024a8c5c chromedriver + 232540\n   3   chromedriver                        0x000000010248b71c chromedriver + 112412\n   4   chromedriver                        0x00000001024f6ebc chromedriver + 552636\n   5   chromedriver                        0x0000000102507638 chromedriver + 620088\n   6   chromedriver                        0x00000001024cf358 chromedriver + 389976\n   7   chromedriver                        0x00000001024d0284 chromedriver + 393860\n   8   chromedriver                        0x00000001027e6e18 chromedriver + 3632664\n   9   chromedriver                        0x00000001027ea97c chromedriver + 3647868\n   10  chromedriver                        0x00000001027f0b58 chromedriver + 3672920\n   11  chromedriver                        0x00000001027eb350 chromedriver + 3650384\n   12  chromedriver                        0x00000001027c88dc chromedriver + 3508444\n   13  chromedriver                        0x0000000102805914 chromedriver + 3758356\n   14  chromedriver                        0x0000000102805a78 chromedriver + 3758712\n   15  chromedriver                        0x00000001028196cc chromedriver + 3839692\n   16  libsystem_pthread.dylib             0x000000018fdaa06c _pthread_start + 148\n   17  libsystem_pthread.dylib             0x000000018fda4e2c thread_start + 8\n", "test_name": "test_13_sortir_20_Halaman_cari_identitas", "rerun": "0"}, "13": {"status": "FAIL", "message": "   selenium.common.exceptions.NoSuchWindowException: Message: no such window: target window already closed\n   from unknown error: web view not found\n     (Session info: chrome=107.0.5304.87)\n   Stacktrace:\n   0   chromedriver                        0x0000000102812f44 chromedriver + 3813188\n   1   chromedriver                        0x00000001027a4ae0 chromedriver + 3361504\n   2   chromedriver                        0x00000001024a8c5c chromedriver + 232540\n   3   chromedriver                        0x000000010248b71c chromedriver + 112412\n   4   chromedriver                        0x00000001024f6ebc chromedriver + 552636\n   5   chromedriver                        0x0000000102507638 chromedriver + 620088\n   6   chromedriver                        0x00000001024cf358 chromedriver + 389976\n   7   chromedriver                        0x00000001024d0284 chromedriver + 393860\n   8   chromedriver                        0x00000001027e6e18 chromedriver + 3632664\n   9   chromedriver                        0x00000001027ea97c chromedriver + 3647868\n   10  chromedriver                        0x00000001027f0b58 chromedriver + 3672920\n   11  chromedriver                        0x00000001027eb350 chromedriver + 3650384\n   12  chromedriver                        0x00000001027c88dc chromedriver + 3508444\n   13  chromedriver                        0x0000000102805914 chromedriver + 3758356\n   14  chromedriver                        0x0000000102805a78 chromedriver + 3758712\n   15  chromedriver                        0x00000001028196cc chromedriver + 3839692\n   16  libsystem_pthread.dylib             0x000000018fdaa06c _pthread_start + 148\n   17  libsystem_pthread.dylib             0x000000018fda4e2c thread_start + 8\n", "test_name": "test_14_sortir_50_Halaman_cari_identitas", "rerun": "0"}, "14": {"status": "FAIL", "message": "   selenium.common.exceptions.NoSuchWindowException: Message: no such window: target window already closed\n   from unknown error: web view not found\n     (Session info: chrome=107.0.5304.87)\n   Stacktrace:\n   0   chromedriver                        0x0000000102812f44 chromedriver + 3813188\n   1   chromedriver                        0x00000001027a4ae0 chromedriver + 3361504\n   2   chromedriver                        0x00000001024a8c5c chromedriver + 232540\n   3   chromedriver                        0x000000010248b71c chromedriver + 112412\n   4   chromedriver                        0x00000001024f6ebc chromedriver + 552636\n   5   chromedriver                        0x0000000102507638 chromedriver + 620088\n   6   chromedriver                        0x00000001024cf358 chromedriver + 389976\n   7   chromedriver                        0x00000001024d0284 chromedriver + 393860\n   8   chromedriver                        0x00000001027e6e18 chromedriver + 3632664\n   9   chromedriver                        0x00000001027ea97c chromedriver + 3647868\n   10  chromedriver                        0x00000001027f0b58 chromedriver + 3672920\n   11  chromedriver                        0x00000001027eb350 chromedriver + 3650384\n   12  chromedriver                        0x00000001027c88dc chromedriver + 3508444\n   13  chromedriver                        0x0000000102805914 chromedriver + 3758356\n   14  chromedriver                        0x0000000102805a78 chromedriver + 3758712\n   15  chromedriver                        0x00000001028196cc chromedriver + 3839692\n   16  libsystem_pthread.dylib             0x000000018fdaa06c _pthread_start + 148\n   17  libsystem_pthread.dylib             0x000000018fda4e2c thread_start + 8\n", "test_name": "test_15_sortir_100_Halaman_cari_identitas", "rerun": "0"}}, "status": {"total_pass": 2, "total_skip": 0, "total_xpass": 0, "total_xfail": 0, "total_rerun": 0, "total_fail": 13, "total_error": 0}}, "2": {"suite_name": "test_3Fungsi_Daftar_Lalu_Lintas_Tambah.py", "tests": {"0": {"status": "PASS", "message": "", "test_name": "test_1_setup_Tambah", "rerun": "0"}, "1": {"status": "PASS", "message": "", "test_name": "test_2_login", "rerun": "0"}, "2": {"status": "FAIL", "message": "   selenium.common.exceptions.NoSuchWindowException: Message: no such window: target window already closed\n   from unknown error: web view not found\n     (Session info: chrome=107.0.5304.87)\n   Stacktrace:\n   0   chromedriver                        0x00000001030fef44 chromedriver + 3813188\n   1   chromedriver                        0x0000000103090ae0 chromedriver + 3361504\n   2   chromedriver                        0x0000000102d94c5c chromedriver + 232540\n   3   chromedriver                        0x0000000102d7771c chromedriver + 112412\n   4   chromedriver                        0x0000000102de2ebc chromedriver + 552636\n   5   chromedriver                        0x0000000102df3638 chromedriver + 620088\n   6   chromedriver                        0x0000000102dbb358 chromedriver + 389976\n   7   chromedriver                        0x0000000102dbc284 chromedriver + 393860\n   8   chromedriver                        0x00000001030d2e18 chromedriver + 3632664\n   9   chromedriver                        0x00000001030d697c chromedriver + 3647868\n   10  chromedriver                        0x00000001030dcb58 chromedriver + 3672920\n   11  chromedriver                        0x00000001030d7350 chromedriver + 3650384\n   12  chromedriver                        0x00000001030b48dc chromedriver + 3508444\n   13  chromedriver                        0x00000001030f1914 chromedriver + 3758356\n   14  chromedriver                        0x00000001030f1a78 chromedriver + 3758712\n   15  chromedriver                        0x00000001031056cc chromedriver + 3839692\n   16  libsystem_pthread.dylib             0x000000018fdaa06c _pthread_start + 148\n   17  libsystem_pthread.dylib             0x000000018fda4e2c thread_start + 8\n", "test_name": "test_3_akses_menu", "rerun": "0"}, "3": {"status": "FAIL", "message": "   selenium.common.exceptions.NoSuchWindowException: Message: no such window: target window already closed\n   from unknown error: web view not found\n     (Session info: chrome=107.0.5304.87)\n   Stacktrace:\n   0   chromedriver                        0x00000001030fef44 chromedriver + 3813188\n   1   chromedriver                        0x0000000103090ae0 chromedriver + 3361504\n   2   chromedriver                        0x0000000102d94c5c chromedriver + 232540\n   3   chromedriver                        0x0000000102d7771c chromedriver + 112412\n   4   chromedriver                        0x0000000102de2ebc chromedriver + 552636\n   5   chromedriver                        0x0000000102df3638 chromedriver + 620088\n   6   chromedriver                        0x0000000102dbb358 chromedriver + 389976\n   7   chromedriver                        0x0000000102dbc284 chromedriver + 393860\n   8   chromedriver                        0x00000001030d2e18 chromedriver + 3632664\n   9   chromedriver                        0x00000001030d697c chromedriver + 3647868\n   10  chromedriver                        0x00000001030dcb58 chromedriver + 3672920\n   11  chromedriver                        0x00000001030d7350 chromedriver + 3650384\n   12  chromedriver                        0x00000001030b48dc chromedriver + 3508444\n   13  chromedriver                        0x00000001030f1914 chromedriver + 3758356\n   14  chromedriver                        0x00000001030f1a78 chromedriver + 3758712\n   15  chromedriver                        0x00000001031056cc chromedriver + 3839692\n   16  libsystem_pthread.dylib             0x000000018fdaa06c _pthread_start + 148\n   17  libsystem_pthread.dylib             0x000000018fda4e2c thread_start + 8\n", "test_name": "test_4_membuka_halaman_tambah", "rerun": "0"}, "4": {"status": "FAIL", "message": "   selenium.common.exceptions.NoSuchWindowException: Message: no such window: target window already closed\n   from unknown error: web view not found\n     (Session info: chrome=107.0.5304.87)\n   Stacktrace:\n   0   chromedriver                        0x00000001030fef44 chromedriver + 3813188\n   1   chromedriver                        0x0000000103090ae0 chromedriver + 3361504\n   2   chromedriver                        0x0000000102d94c5c chromedriver + 232540\n   3   chromedriver                        0x0000000102d7771c chromedriver + 112412\n   4   chromedriver                        0x0000000102de2ebc chromedriver + 552636\n   5   chromedriver                        0x0000000102df3638 chromedriver + 620088\n   6   chromedriver                        0x0000000102dbb358 chromedriver + 389976\n   7   chromedriver                        0x0000000102dbc284 chromedriver + 393860\n   8   chromedriver                        0x00000001030d2e18 chromedriver + 3632664\n   9   chromedriver                        0x00000001030d697c chromedriver + 3647868\n   10  chromedriver                        0x00000001030dcb58 chromedriver + 3672920\n   11  chromedriver                        0x00000001030d7350 chromedriver + 3650384\n   12  chromedriver                        0x00000001030b48dc chromedriver + 3508444\n   13  chromedriver                        0x00000001030f1914 chromedriver + 3758356\n   14  chromedriver                        0x00000001030f1a78 chromedriver + 3758712\n   15  chromedriver                        0x00000001031056cc chromedriver + 3839692\n   16  libsystem_pthread.dylib             0x000000018fdaa06c _pthread_start + 148\n   17  libsystem_pthread.dylib             0x000000018fda4e2c thread_start + 8\n", "test_name": "test_5_sortir_table_cari_nama_Tambah", "rerun": "0"}, "5": {"status": "FAIL", "message": "   selenium.common.exceptions.NoSuchWindowException: Message: no such window: target window already closed\n   from unknown error: web view not found\n     (Session info: chrome=107.0.5304.87)\n   Stacktrace:\n   0   chromedriver                        0x00000001030fef44 chromedriver + 3813188\n   1   chromedriver                        0x0000000103090ae0 chromedriver + 3361504\n   2   chromedriver                        0x0000000102d94c5c chromedriver + 232540\n   3   chromedriver                        0x0000000102d7771c chromedriver + 112412\n   4   chromedriver                        0x0000000102de2ebc chromedriver + 552636\n   5   chromedriver                        0x0000000102df3638 chromedriver + 620088\n   6   chromedriver                        0x0000000102dbb358 chromedriver + 389976\n   7   chromedriver                        0x0000000102dbc284 chromedriver + 393860\n   8   chromedriver                        0x00000001030d2e18 chromedriver + 3632664\n   9   chromedriver                        0x00000001030d697c chromedriver + 3647868\n   10  chromedriver                        0x00000001030dcb58 chromedriver + 3672920\n   11  chromedriver                        0x00000001030d7350 chromedriver + 3650384\n   12  chromedriver                        0x00000001030b48dc chromedriver + 3508444\n   13  chromedriver                        0x00000001030f1914 chromedriver + 3758356\n   14  chromedriver                        0x00000001030f1a78 chromedriver + 3758712\n   15  chromedriver                        0x00000001031056cc chromedriver + 3839692\n   16  libsystem_pthread.dylib             0x000000018fdaa06c _pthread_start + 148\n   17  libsystem_pthread.dylib             0x000000018fda4e2c thread_start + 8\n", "test_name": "test_6_Click_Button_Detile_Tambah", "rerun": "0"}, "6": {"status": "FAIL", "message": "   selenium.common.exceptions.NoSuchWindowException: Message: no such window: target window already closed\n   from unknown error: web view not found\n     (Session info: chrome=107.0.5304.87)\n   Stacktrace:\n   0   chromedriver                        0x00000001030fef44 chromedriver + 3813188\n   1   chromedriver                        0x0000000103090ae0 chromedriver + 3361504\n   2   chromedriver                        0x0000000102d94c5c chromedriver + 232540\n   3   chromedriver                        0x0000000102d7771c chromedriver + 112412\n   4   chromedriver                        0x0000000102de2ebc chromedriver + 552636\n   5   chromedriver                        0x0000000102df3638 chromedriver + 620088\n   6   chromedriver                        0x0000000102dbb358 chromedriver + 389976\n   7   chromedriver                        0x0000000102dbc284 chromedriver + 393860\n   8   chromedriver                        0x00000001030d2e18 chromedriver + 3632664\n   9   chromedriver                        0x00000001030d697c chromedriver + 3647868\n   10  chromedriver                        0x00000001030dcb58 chromedriver + 3672920\n   11  chromedriver                        0x00000001030d7350 chromedriver + 3650384\n   12  chromedriver                        0x00000001030b48dc chromedriver + 3508444\n   13  chromedriver                        0x00000001030f1914 chromedriver + 3758356\n   14  chromedriver                        0x00000001030f1a78 chromedriver + 3758712\n   15  chromedriver                        0x00000001031056cc chromedriver + 3839692\n   16  libsystem_pthread.dylib             0x000000018fdaa06c _pthread_start + 148\n   17  libsystem_pthread.dylib             0x000000018fda4e2c thread_start + 8\n", "test_name": "test_7_Click_Button_Tambah_WBP_Tambah", "rerun": "0"}, "7": {"status": "FAIL", "message": "   selenium.common.exceptions.NoSuchWindowException: Message: no such window: target window already closed\n   from unknown error: web view not found\n     (Session info: chrome=107.0.5304.87)\n   Stacktrace:\n   0   chromedriver                        0x00000001030fef44 chromedriver + 3813188\n   1   chromedriver                        0x0000000103090ae0 chromedriver + 3361504\n   2   chromedriver                        0x0000000102d94c5c chromedriver + 232540\n   3   chromedriver                        0x0000000102d7771c chromedriver + 112412\n   4   chromedriver                        0x0000000102de2ebc chromedriver + 552636\n   5   chromedriver                        0x0000000102df3638 chromedriver + 620088\n   6   chromedriver                        0x0000000102dbb358 chromedriver + 389976\n   7   chromedriver                        0x0000000102dbc284 chromedriver + 393860\n   8   chromedriver                        0x00000001030d2e18 chromedriver + 3632664\n   9   chromedriver                        0x00000001030d697c chromedriver + 3647868\n   10  chromedriver                        0x00000001030dcb58 chromedriver + 3672920\n   11  chromedriver                        0x00000001030d7350 chromedriver + 3650384\n   12  chromedriver                        0x00000001030b48dc chromedriver + 3508444\n   13  chromedriver                        0x00000001030f1914 chromedriver + 3758356\n   14  chromedriver                        0x00000001030f1a78 chromedriver + 3758712\n   15  chromedriver                        0x00000001031056cc chromedriver + 3839692\n   16  libsystem_pthread.dylib             0x000000018fdaa06c _pthread_start + 148\n   17  libsystem_pthread.dylib             0x000000018fda4e2c thread_start + 8\n", "test_name": "test_8_sortir_detil_wbp_Tambah", "rerun": "0"}, "8": {"status": "FAIL", "message": "   selenium.common.exceptions.NoSuchWindowException: Message: no such window: target window already closed\n   from unknown error: web view not found\n     (Session info: chrome=107.0.5304.87)\n   Stacktrace:\n   0   chromedriver                        0x00000001030fef44 chromedriver + 3813188\n   1   chromedriver                        0x0000000103090ae0 chromedriver + 3361504\n   2   chromedriver                        0x0000000102d94c5c chromedriver + 232540\n   3   chromedriver                        0x0000000102d7771c chromedriver + 112412\n   4   chromedriver                        0x0000000102de2ebc chromedriver + 552636\n   5   chromedriver                        0x0000000102df3638 chromedriver + 620088\n   6   chromedriver                        0x0000000102dbb358 chromedriver + 389976\n   7   chromedriver                        0x0000000102dbc284 chromedriver + 393860\n   8   chromedriver                        0x00000001030d2e18 chromedriver + 3632664\n   9   chromedriver                        0x00000001030d697c chromedriver + 3647868\n   10  chromedriver                        0x00000001030dcb58 chromedriver + 3672920\n   11  chromedriver                        0x00000001030d7350 chromedriver + 3650384\n   12  chromedriver                        0x00000001030b48dc chromedriver + 3508444\n   13  chromedriver                        0x00000001030f1914 chromedriver + 3758356\n   14  chromedriver                        0x00000001030f1a78 chromedriver + 3758712\n   15  chromedriver                        0x00000001031056cc chromedriver + 3839692\n   16  libsystem_pthread.dylib             0x000000018fdaa06c _pthread_start + 148\n   17  libsystem_pthread.dylib             0x000000018fda4e2c thread_start + 8\n", "test_name": "test_9_detile_perkara_Tambah", "rerun": "0"}, "9": {"status": "FAIL", "message": "   selenium.common.exceptions.NoSuchWindowException: Message: no such window: target window already closed\n   from unknown error: web view not found\n     (Session info: chrome=107.0.5304.87)\n   Stacktrace:\n   0   chromedriver                        0x00000001030fef44 chromedriver + 3813188\n   1   chromedriver                        0x0000000103090ae0 chromedriver + 3361504\n   2   chromedriver                        0x0000000102d94c5c chromedriver + 232540\n   3   chromedriver                        0x0000000102d7771c chromedriver + 112412\n   4   chromedriver                        0x0000000102de2ebc chromedriver + 552636\n   5   chromedriver                        0x0000000102df3638 chromedriver + 620088\n   6   chromedriver                        0x0000000102dbb358 chromedriver + 389976\n   7   chromedriver                        0x0000000102dbc284 chromedriver + 393860\n   8   chromedriver                        0x00000001030d2e18 chromedriver + 3632664\n   9   chromedriver                        0x00000001030d697c chromedriver + 3647868\n   10  chromedriver                        0x00000001030dcb58 chromedriver + 3672920\n   11  chromedriver                        0x00000001030d7350 chromedriver + 3650384\n   12  chromedriver                        0x00000001030b48dc chromedriver + 3508444\n   13  chromedriver                        0x00000001030f1914 chromedriver + 3758356\n   14  chromedriver                        0x00000001030f1a78 chromedriver + 3758712\n   15  chromedriver                        0x00000001031056cc chromedriver + 3839692\n   16  libsystem_pthread.dylib             0x000000018fdaa06c _pthread_start + 148\n   17  libsystem_pthread.dylib             0x000000018fda4e2c thread_start + 8\n", "test_name": "test_Input_Tanggal_Keluar_index", "rerun": "0"}, "10": {"status": "FAIL", "message": "   selenium.common.exceptions.NoSuchWindowException: Message: no such window: target window already closed\n   from unknown error: web view not found\n     (Session info: chrome=107.0.5304.87)\n   Stacktrace:\n   0   chromedriver                        0x00000001030fef44 chromedriver + 3813188\n   1   chromedriver                        0x0000000103090ae0 chromedriver + 3361504\n   2   chromedriver                        0x0000000102d94c5c chromedriver + 232540\n   3   chromedriver                        0x0000000102d7771c chromedriver + 112412\n   4   chromedriver                        0x0000000102de2ebc chromedriver + 552636\n   5   chromedriver                        0x0000000102df3638 chromedriver + 620088\n   6   chromedriver                        0x0000000102dbb358 chromedriver + 389976\n   7   chromedriver                        0x0000000102dbc284 chromedriver + 393860\n   8   chromedriver                        0x00000001030d2e18 chromedriver + 3632664\n   9   chromedriver                        0x00000001030d697c chromedriver + 3647868\n   10  chromedriver                        0x00000001030dcb58 chromedriver + 3672920\n   11  chromedriver                        0x00000001030d7350 chromedriver + 3650384\n   12  chromedriver                        0x00000001030b48dc chromedriver + 3508444\n   13  chromedriver                        0x00000001030f1914 chromedriver + 3758356\n   14  chromedriver                        0x00000001030f1a78 chromedriver + 3758712\n   15  chromedriver                        0x00000001031056cc chromedriver + 3839692\n   16  libsystem_pthread.dylib             0x000000018fdaa06c _pthread_start + 148\n   17  libsystem_pthread.dylib             0x000000018fda4e2c thread_start + 8\n", "test_name": "test_Input_Tanggal_Harus_Kembali_Index", "rerun": "0"}, "11": {"status": "FAIL", "message": "   selenium.common.exceptions.NoSuchWindowException: Message: no such window: target window already closed\n   from unknown error: web view not found\n     (Session info: chrome=107.0.5304.87)\n   Stacktrace:\n   0   chromedriver                        0x00000001030fef44 chromedriver + 3813188\n   1   chromedriver                        0x0000000103090ae0 chromedriver + 3361504\n   2   chromedriver                        0x0000000102d94c5c chromedriver + 232540\n   3   chromedriver                        0x0000000102d7771c chromedriver + 112412\n   4   chromedriver                        0x0000000102de2ebc chromedriver + 552636\n   5   chromedriver                        0x0000000102df3638 chromedriver + 620088\n   6   chromedriver                        0x0000000102dbb358 chromedriver + 389976\n   7   chromedriver                        0x0000000102dbc284 chromedriver + 393860\n   8   chromedriver                        0x00000001030d2e18 chromedriver + 3632664\n   9   chromedriver                        0x00000001030d697c chromedriver + 3647868\n   10  chromedriver                        0x00000001030dcb58 chromedriver + 3672920\n   11  chromedriver                        0x00000001030d7350 chromedriver + 3650384\n   12  chromedriver                        0x00000001030b48dc chromedriver + 3508444\n   13  chromedriver                        0x00000001030f1914 chromedriver + 3758356\n   14  chromedriver                        0x00000001030f1a78 chromedriver + 3758712\n   15  chromedriver                        0x00000001031056cc chromedriver + 3839692\n   16  libsystem_pthread.dylib             0x000000018fdaa06c _pthread_start + 148\n   17  libsystem_pthread.dylib             0x000000018fda4e2c thread_start + 8\n", "test_name": "test_Input_Jenis_Keluar_Index", "rerun": "0"}, "12": {"status": "FAIL", "message": "   selenium.common.exceptions.NoSuchWindowException: Message: no such window: target window already closed\n   from unknown error: web view not found\n     (Session info: chrome=107.0.5304.87)\n   Stacktrace:\n   0   chromedriver                        0x00000001030fef44 chromedriver + 3813188\n   1   chromedriver                        0x0000000103090ae0 chromedriver + 3361504\n   2   chromedriver                        0x0000000102d94c5c chromedriver + 232540\n   3   chromedriver                        0x0000000102d7771c chromedriver + 112412\n   4   chromedriver                        0x0000000102de2ebc chromedriver + 552636\n   5   chromedriver                        0x0000000102df3638 chromedriver + 620088\n   6   chromedriver                        0x0000000102dbb358 chromedriver + 389976\n   7   chromedriver                        0x0000000102dbc284 chromedriver + 393860\n   8   chromedriver                        0x00000001030d2e18 chromedriver + 3632664\n   9   chromedriver                        0x00000001030d697c chromedriver + 3647868\n   10  chromedriver                        0x00000001030dcb58 chromedriver + 3672920\n   11  chromedriver                        0x00000001030d7350 chromedriver + 3650384\n   12  chromedriver                        0x00000001030b48dc chromedriver + 3508444\n   13  chromedriver                        0x00000001030f1914 chromedriver + 3758356\n   14  chromedriver                        0x00000001030f1a78 chromedriver + 3758712\n   15  chromedriver                        0x00000001031056cc chromedriver + 3839692\n   16  libsystem_pthread.dylib             0x000000018fdaa06c _pthread_start + 148\n   17  libsystem_pthread.dylib             0x000000018fda4e2c thread_start + 8\n", "test_name": "test_Input_Deskripsi_Index", "rerun": "0"}, "13": {"status": "FAIL", "message": "   selenium.common.exceptions.NoSuchWindowException: Message: no such window: target window already closed\n   from unknown error: web view not found\n     (Session info: chrome=107.0.5304.87)\n   Stacktrace:\n   0   chromedriver                        0x00000001030fef44 chromedriver + 3813188\n   1   chromedriver                        0x0000000103090ae0 chromedriver + 3361504\n   2   chromedriver                        0x0000000102d94c5c chromedriver + 232540\n   3   chromedriver                        0x0000000102d7771c chromedriver + 112412\n   4   chromedriver                        0x0000000102de2ebc chromedriver + 552636\n   5   chromedriver                        0x0000000102df3638 chromedriver + 620088\n   6   chromedriver                        0x0000000102dbb358 chromedriver + 389976\n   7   chromedriver                        0x0000000102dbc284 chromedriver + 393860\n   8   chromedriver                        0x00000001030d2e18 chromedriver + 3632664\n   9   chromedriver                        0x00000001030d697c chromedriver + 3647868\n   10  chromedriver                        0x00000001030dcb58 chromedriver + 3672920\n   11  chromedriver                        0x00000001030d7350 chromedriver + 3650384\n   12  chromedriver                        0x00000001030b48dc chromedriver + 3508444\n   13  chromedriver                        0x00000001030f1914 chromedriver + 3758356\n   14  chromedriver                        0x00000001030f1a78 chromedriver + 3758712\n   15  chromedriver                        0x00000001031056cc chromedriver + 3839692\n   16  libsystem_pthread.dylib             0x000000018fdaa06c _pthread_start + 148\n   17  libsystem_pthread.dylib             0x000000018fda4e2c thread_start + 8\n", "test_name": "test_Button_Submit", "rerun": "0"}}, "status": {"total_pass": 2, "total_skip": 0, "total_xpass": 0, "total_xfail": 0, "total_rerun": 0, "total_fail": 12, "total_error": 0}}, "3": {"suite_name": "test_4Fungsi_Daftar_Lalu_Lintas_Edit.py", "tests": {"0": {"status": "PASS", "message": "", "test_name": "test_1_setup_Edit", "rerun": "0"}, "1": {"status": "PASS", "message": "", "test_name": "test_2_login_Edit", "rerun": "0"}, "2": {"status": "FAIL", "message": "   selenium.common.exceptions.NoSuchWindowException: Message: no such window: target window already closed\n   from unknown error: web view not found\n     (Session info: chrome=107.0.5304.87)\n   Stacktrace:\n   0   chromedriver                        0x0000000102ffef44 chromedriver + 3813188\n   1   chromedriver                        0x0000000102f90ae0 chromedriver + 3361504\n   2   chromedriver                        0x0000000102c94c5c chromedriver + 232540\n   3   chromedriver                        0x0000000102c7771c chromedriver + 112412\n   4   chromedriver                        0x0000000102ce2ebc chromedriver + 552636\n   5   chromedriver                        0x0000000102cf3638 chromedriver + 620088\n   6   chromedriver                        0x0000000102cbb358 chromedriver + 389976\n   7   chromedriver                        0x0000000102cbc284 chromedriver + 393860\n   8   chromedriver                        0x0000000102fd2e18 chromedriver + 3632664\n   9   chromedriver                        0x0000000102fd697c chromedriver + 3647868\n   10  chromedriver                        0x0000000102fdcb58 chromedriver + 3672920\n   11  chromedriver                        0x0000000102fd7350 chromedriver + 3650384\n   12  chromedriver                        0x0000000102fb48dc chromedriver + 3508444\n   13  chromedriver                        0x0000000102ff1914 chromedriver + 3758356\n   14  chromedriver                        0x0000000102ff1a78 chromedriver + 3758712\n   15  chromedriver                        0x00000001030056cc chromedriver + 3839692\n   16  libsystem_pthread.dylib             0x000000018fdaa06c _pthread_start + 148\n   17  libsystem_pthread.dylib             0x000000018fda4e2c thread_start + 8\n", "test_name": "test_3_akses_menu_Edit", "rerun": "0"}, "3": {"status": "FAIL", "message": "   selenium.common.exceptions.NoSuchWindowException: Message: no such window: target window already closed\n   from unknown error: web view not found\n     (Session info: chrome=107.0.5304.87)\n   Stacktrace:\n   0   chromedriver                        0x0000000102ffef44 chromedriver + 3813188\n   1   chromedriver                        0x0000000102f90ae0 chromedriver + 3361504\n   2   chromedriver                        0x0000000102c94c5c chromedriver + 232540\n   3   chromedriver                        0x0000000102c7771c chromedriver + 112412\n   4   chromedriver                        0x0000000102ce2ebc chromedriver + 552636\n   5   chromedriver                        0x0000000102cf3638 chromedriver + 620088\n   6   chromedriver                        0x0000000102cbb358 chromedriver + 389976\n   7   chromedriver                        0x0000000102cbc284 chromedriver + 393860\n   8   chromedriver                        0x0000000102fd2e18 chromedriver + 3632664\n   9   chromedriver                        0x0000000102fd697c chromedriver + 3647868\n   10  chromedriver                        0x0000000102fdcb58 chromedriver + 3672920\n   11  chromedriver                        0x0000000102fd7350 chromedriver + 3650384\n   12  chromedriver                        0x0000000102fb48dc chromedriver + 3508444\n   13  chromedriver                        0x0000000102ff1914 chromedriver + 3758356\n   14  chromedriver                        0x0000000102ff1a78 chromedriver + 3758712\n   15  chromedriver                        0x00000001030056cc chromedriver + 3839692\n   16  libsystem_pthread.dylib             0x000000018fdaa06c _pthread_start + 148\n   17  libsystem_pthread.dylib             0x000000018fda4e2c thread_start + 8\n", "test_name": "test_Click_Button_UBAH_Edit", "rerun": "0"}}, "status": {"total_pass": 2, "total_skip": 0, "total_xpass": 0, "total_xfail": 0, "total_rerun": 0, "total_fail": 2, "total_error": 0}}}}, "date": "November 02, 2022", "start_time": 1667356362.913103, "total_suite": 4, "status": "FAIL", "status_list": {"pass": "7", "fail": "49", "skip": "0", "error": "0", "xpass": "0", "xfail": "0", "rerun": "0"}, "total_tests": "56"}