{"content": {"suites": {"0": {"status": {"total_pass": 23, "total_skip": 0, "total_xpass": 0, "total_xfail": 0, "total_rerun": 0, "total_fail": 0, "total_error": 0}, "tests": {"0": {"status": "PASS", "message": "", "test_name": "test_1_setup_index", "rerun": "0"}, "1": {"status": "PASS", "message": "", "test_name": "test_2_login_index", "rerun": "0"}, "2": {"status": "PASS", "message": "", "test_name": "test_3_akses_menu_index", "rerun": "0"}, "3": {"status": "PASS", "message": "", "test_name": "test_4_search_data_kategori_nama_Index", "rerun": "0"}, "4": {"status": "PASS", "message": "", "test_name": "test_5_search_data_kategori_NoInduk_Index", "rerun": "0"}, "5": {"status": "PASS", "message": "", "test_name": "test_6_clik_clear_value_Index", "rerun": "0"}, "6": {"status": "PASS", "message": "", "test_name": "test_7_sortir_data_table_NoInduk_Index", "rerun": "0"}, "7": {"status": "PASS", "message": "", "test_name": "test_8_sortir_data_table_nama_Index", "rerun": "0"}, "8": {"status": "PASS", "message": "", "test_name": "test_9_sortir_data_table_Jenis_Index", "rerun": "0"}, "9": {"status": "PASS", "message": "", "test_name": "test_10_sortir_data_table_tglkeluar_Index", "rerun": "0"}, "10": {"status": "PASS", "message": "", "test_name": "test_11_sortir_data_table_tglkembali_Index", "rerun": "0"}, "11": {"status": "PASS", "message": "", "test_name": "test_12_sortir_5_Halaman_Index", "rerun": "0"}, "12": {"status": "PASS", "message": "", "test_name": "test_13_sortir_10_Halaman_Index", "rerun": "0"}, "13": {"status": "PASS", "message": "", "test_name": "test_14_sortir_20_Halaman_Index", "rerun": "0"}, "14": {"status": "PASS", "message": "", "test_name": "test_15_sortir_50_Halaman_Index", "rerun": "0"}, "15": {"status": "PASS", "message": "", "test_name": "test_16_sortir_100_Halaman_Index", "rerun": "0"}, "16": {"status": "PASS", "message": "", "test_name": "test_17_membuka_halaman_tambah_Index", "rerun": "0"}, "17": {"status": "PASS", "message": "", "test_name": "test_18_back_index", "rerun": "0"}, "18": {"status": "PASS", "message": "", "test_name": "test_19_membuka_halaman_ubah_Index", "rerun": "0"}, "19": {"status": "PASS", "message": "", "test_name": "test_20_membuka_halaman_detail_Index", "rerun": "0"}, "20": {"status": "PASS", "message": "", "test_name": "test_21_export_exel_Index", "rerun": "0"}, "21": {"status": "PASS", "message": "", "test_name": "test_22_export_pdf_Index", "rerun": "0"}, "22": {"status": "PASS", "message": "", "test_name": "test_23_cetak_Index", "rerun": "0"}}, "suite_name": "test_1Fungsi_Daftar_Lalu_Lintas_Index.py"}, "1": {"suite_name": "test_2Fungsi_Daftar_Lalu_Lintas_Cari_Identitas.py", "tests": {"0": {"status": "PASS", "message": "", "test_name": "test_1_setup_cari_identitas", "rerun": "0"}, "1": {"status": "PASS", "message": "", "test_name": "test_2_login", "rerun": "0"}, "2": {"status": "PASS", "message": "", "test_name": "test_3_akses_menu", "rerun": "0"}, "3": {"status": "PASS", "message": "", "test_name": "test_4_membuka_halaman_tambah_index", "rerun": "0"}, "4": {"status": "PASS", "message": "", "test_name": "test_5_Button_Next_Prev", "rerun": "0"}, "5": {"status": "PASS", "message": "", "test_name": "test_6_sortir_table_cari_noreg_cari_identitas", "rerun": "0"}, "6": {"status": "PASS", "message": "", "test_name": "test_7_sortir_table_cari_nama_cari_identitas", "rerun": "0"}, "7": {"status": "PASS", "message": "", "test_name": "test_8_sortir_table_cari_JenisKejahatan_cari_identitas", "rerun": "0"}, "8": {"status": "PASS", "message": "", "test_name": "test_9_search_data_aktif_cari_identitas", "rerun": "0"}, "9": {"status": "PASS", "message": "", "test_name": "test_10_search_residivis_cari_identitas", "rerun": "0"}, "10": {"status": "PASS", "message": "", "test_name": "test_11_Sortir_5_Halaman_cari_identitas", "rerun": "0"}, "11": {"status": "PASS", "message": "", "test_name": "test_12_sortir_10_Halaman_cari_identitas", "rerun": "0"}, "12": {"status": "PASS", "message": "", "test_name": "test_13_sortir_20_Halaman_cari_identitas", "rerun": "0"}, "13": {"status": "PASS", "message": "", "test_name": "test_14_sortir_50_Halaman_cari_identitas", "rerun": "0"}, "14": {"status": "PASS", "message": "", "test_name": "test_15_sortir_100_Halaman_cari_identitas", "rerun": "0"}}, "status": {"total_pass": 15, "total_skip": 0, "total_xpass": 0, "total_xfail": 0, "total_rerun": 0, "total_fail": 0, "total_error": 0}}, "2": {"suite_name": "test_3Fungsi_Daftar_Lalu_Lintas_Tambah.py", "tests": {"0": {"status": "PASS", "message": "", "test_name": "test_1_setup_Tambah", "rerun": "0"}, "1": {"status": "PASS", "message": "", "test_name": "test_2_login", "rerun": "0"}, "2": {"status": "FAIL", "message": "   selenium.common.exceptions.NoSuchElementException: Message: no such element: Unable to locate element: {\"method\":\"xpath\",\"selector\":\"//*[@id=\"app\"]/div/nav/ul/li[2]/div\"}\n     (Session info: chrome=107.0.5304.87)\n   Stacktrace:\n   0   chromedriver                        0x0000000100692f44 chromedriver + 3813188\n   1   chromedriver                        0x0000000100624ae0 chromedriver + 3361504\n   2   chromedriver                        0x0000000100328c5c chromedriver + 232540\n   3   chromedriver                        0x000000010035a380 chromedriver + 435072\n   4   chromedriver                        0x0000000100387f44 chromedriver + 622404\n   5   chromedriver                        0x000000010034f358 chromedriver + 389976\n   6   chromedriver                        0x0000000100350284 chromedriver + 393860\n   7   chromedriver                        0x0000000100666e18 chromedriver + 3632664\n   8   chromedriver                        0x000000010066a97c chromedriver + 3647868\n   9   chromedriver                        0x0000000100670b58 chromedriver + 3672920\n   10  chromedriver                        0x000000010066b350 chromedriver + 3650384\n   11  chromedriver                        0x00000001006488dc chromedriver + 3508444\n   12  chromedriver                        0x0000000100685914 chromedriver + 3758356\n   13  chromedriver                        0x0000000100685a78 chromedriver + 3758712\n   14  chromedriver                        0x00000001006996cc chromedriver + 3839692\n   15  libsystem_pthread.dylib             0x000000018fdaa06c _pthread_start + 148\n   16  libsystem_pthread.dylib             0x000000018fda4e2c thread_start + 8\n", "test_name": "test_3_akses_menu", "rerun": "0"}, "3": {"status": "FAIL", "message": "   selenium.common.exceptions.TimeoutException: Message: \n   Stacktrace:\n   0   chromedriver                        0x0000000100692f44 chromedriver + 3813188\n   1   chromedriver                        0x0000000100624ae0 chromedriver + 3361504\n   2   chromedriver                        0x0000000100328c5c chromedriver + 232540\n   3   chromedriver                        0x000000010035a380 chromedriver + 435072\n   4   chromedriver                        0x0000000100387f44 chromedriver + 622404\n   5   chromedriver                        0x000000010034f358 chromedriver + 389976\n   6   chromedriver                        0x0000000100350284 chromedriver + 393860\n   7   chromedriver                        0x0000000100666e18 chromedriver + 3632664\n   8   chromedriver                        0x000000010066a97c chromedriver + 3647868\n   9   chromedriver                        0x0000000100670b58 chromedriver + 3672920\n   10  chromedriver                        0x000000010066b350 chromedriver + 3650384\n   11  chromedriver                        0x00000001006488dc chromedriver + 3508444\n   12  chromedriver                        0x0000000100685914 chromedriver + 3758356\n   13  chromedriver                        0x0000000100685a78 chromedriver + 3758712\n   14  chromedriver                        0x00000001006996cc chromedriver + 3839692\n   15  libsystem_pthread.dylib             0x000000018fdaa06c _pthread_start + 148\n   16  libsystem_pthread.dylib             0x000000018fda4e2c thread_start + 8\n", "test_name": "test_4_membuka_halaman_tambah", "rerun": "0"}, "4": {"status": "FAIL", "message": "   selenium.common.exceptions.TimeoutException: Message: \n   Stacktrace:\n   0   chromedriver                        0x0000000100692f44 chromedriver + 3813188\n   1   chromedriver                        0x0000000100624ae0 chromedriver + 3361504\n   2   chromedriver                        0x0000000100328c5c chromedriver + 232540\n   3   chromedriver                        0x000000010035a380 chromedriver + 435072\n   4   chromedriver                        0x0000000100387f44 chromedriver + 622404\n   5   chromedriver                        0x000000010034f358 chromedriver + 389976\n   6   chromedriver                        0x0000000100350284 chromedriver + 393860\n   7   chromedriver                        0x0000000100666e18 chromedriver + 3632664\n   8   chromedriver                        0x000000010066a97c chromedriver + 3647868\n   9   chromedriver                        0x0000000100670b58 chromedriver + 3672920\n   10  chromedriver                        0x000000010066b350 chromedriver + 3650384\n   11  chromedriver                        0x00000001006488dc chromedriver + 3508444\n   12  chromedriver                        0x0000000100685914 chromedriver + 3758356\n   13  chromedriver                        0x0000000100685a78 chromedriver + 3758712\n   14  chromedriver                        0x00000001006996cc chromedriver + 3839692\n   15  libsystem_pthread.dylib             0x000000018fdaa06c _pthread_start + 148\n   16  libsystem_pthread.dylib             0x000000018fda4e2c thread_start + 8\n", "test_name": "test_5_sortir_table_cari_nama_Tambah", "rerun": "0"}, "5": {"status": "FAIL", "message": "   selenium.common.exceptions.TimeoutException: Message: \n   Stacktrace:\n   0   chromedriver                        0x0000000100692f44 chromedriver + 3813188\n   1   chromedriver                        0x0000000100624ae0 chromedriver + 3361504\n   2   chromedriver                        0x0000000100328c5c chromedriver + 232540\n   3   chromedriver                        0x000000010035a380 chromedriver + 435072\n   4   chromedriver                        0x0000000100387f44 chromedriver + 622404\n   5   chromedriver                        0x000000010034f358 chromedriver + 389976\n   6   chromedriver                        0x0000000100350284 chromedriver + 393860\n   7   chromedriver                        0x0000000100666e18 chromedriver + 3632664\n   8   chromedriver                        0x000000010066a97c chromedriver + 3647868\n   9   chromedriver                        0x0000000100670b58 chromedriver + 3672920\n   10  chromedriver                        0x000000010066b350 chromedriver + 3650384\n   11  chromedriver                        0x00000001006488dc chromedriver + 3508444\n   12  chromedriver                        0x0000000100685914 chromedriver + 3758356\n   13  chromedriver                        0x0000000100685a78 chromedriver + 3758712\n   14  chromedriver                        0x00000001006996cc chromedriver + 3839692\n   15  libsystem_pthread.dylib             0x000000018fdaa06c _pthread_start + 148\n   16  libsystem_pthread.dylib             0x000000018fda4e2c thread_start + 8\n", "test_name": "test_6_Click_Button_Detile_Tambah", "rerun": "0"}, "6": {"status": "FAIL", "message": "   selenium.common.exceptions.NoSuchElementException: Message: no such element: Unable to locate element: {\"method\":\"xpath\",\"selector\":\"//*[@id=\"app\"]/div/div[2]/div/div[2]/div/div/div[3]/div/div/div[2]/div/div/div/div/div[2]/button\"}\n     (Session info: chrome=107.0.5304.87)\n   Stacktrace:\n   0   chromedriver                        0x0000000100692f44 chromedriver + 3813188\n   1   chromedriver                        0x0000000100624ae0 chromedriver + 3361504\n   2   chromedriver                        0x0000000100328c5c chromedriver + 232540\n   3   chromedriver                        0x000000010035a380 chromedriver + 435072\n   4   chromedriver                        0x0000000100387f44 chromedriver + 622404\n   5   chromedriver                        0x000000010034f358 chromedriver + 389976\n   6   chromedriver                        0x0000000100350284 chromedriver + 393860\n   7   chromedriver                        0x0000000100666e18 chromedriver + 3632664\n   8   chromedriver                        0x000000010066a97c chromedriver + 3647868\n   9   chromedriver                        0x0000000100670b58 chromedriver + 3672920\n   10  chromedriver                        0x000000010066b350 chromedriver + 3650384\n   11  chromedriver                        0x00000001006488dc chromedriver + 3508444\n   12  chromedriver                        0x0000000100685914 chromedriver + 3758356\n   13  chromedriver                        0x0000000100685a78 chromedriver + 3758712\n   14  chromedriver                        0x00000001006996cc chromedriver + 3839692\n   15  libsystem_pthread.dylib             0x000000018fdaa06c _pthread_start + 148\n   16  libsystem_pthread.dylib             0x000000018fda4e2c thread_start + 8\n", "test_name": "test_7_Click_Button_Tambah_WBP_Tambah", "rerun": "0"}, "7": {"status": "FAIL", "message": "   selenium.common.exceptions.TimeoutException: Message: \n   Stacktrace:\n   0   chromedriver                        0x0000000100692f44 chromedriver + 3813188\n   1   chromedriver                        0x0000000100624ae0 chromedriver + 3361504\n   2   chromedriver                        0x0000000100328c5c chromedriver + 232540\n   3   chromedriver                        0x000000010035a380 chromedriver + 435072\n   4   chromedriver                        0x0000000100387f44 chromedriver + 622404\n   5   chromedriver                        0x000000010034f358 chromedriver + 389976\n   6   chromedriver                        0x0000000100350284 chromedriver + 393860\n   7   chromedriver                        0x0000000100666e18 chromedriver + 3632664\n   8   chromedriver                        0x000000010066a97c chromedriver + 3647868\n   9   chromedriver                        0x0000000100670b58 chromedriver + 3672920\n   10  chromedriver                        0x000000010066b350 chromedriver + 3650384\n   11  chromedriver                        0x00000001006488dc chromedriver + 3508444\n   12  chromedriver                        0x0000000100685914 chromedriver + 3758356\n   13  chromedriver                        0x0000000100685a78 chromedriver + 3758712\n   14  chromedriver                        0x00000001006996cc chromedriver + 3839692\n   15  libsystem_pthread.dylib             0x000000018fdaa06c _pthread_start + 148\n   16  libsystem_pthread.dylib             0x000000018fda4e2c thread_start + 8\n", "test_name": "test_8_sortir_detil_wbp_Tambah", "rerun": "0"}, "8": {"status": "FAIL", "message": "   selenium.common.exceptions.TimeoutException: Message: \n   Stacktrace:\n   0   chromedriver                        0x0000000100692f44 chromedriver + 3813188\n   1   chromedriver                        0x0000000100624ae0 chromedriver + 3361504\n   2   chromedriver                        0x0000000100328c5c chromedriver + 232540\n   3   chromedriver                        0x000000010035a380 chromedriver + 435072\n   4   chromedriver                        0x0000000100387f44 chromedriver + 622404\n   5   chromedriver                        0x000000010034f358 chromedriver + 389976\n   6   chromedriver                        0x0000000100350284 chromedriver + 393860\n   7   chromedriver                        0x0000000100666e18 chromedriver + 3632664\n   8   chromedriver                        0x000000010066a97c chromedriver + 3647868\n   9   chromedriver                        0x0000000100670b58 chromedriver + 3672920\n   10  chromedriver                        0x000000010066b350 chromedriver + 3650384\n   11  chromedriver                        0x00000001006488dc chromedriver + 3508444\n   12  chromedriver                        0x0000000100685914 chromedriver + 3758356\n   13  chromedriver                        0x0000000100685a78 chromedriver + 3758712\n   14  chromedriver                        0x00000001006996cc chromedriver + 3839692\n   15  libsystem_pthread.dylib             0x000000018fdaa06c _pthread_start + 148\n   16  libsystem_pthread.dylib             0x000000018fda4e2c thread_start + 8\n", "test_name": "test_9_detile_perkara_Tambah", "rerun": "0"}, "9": {"status": "FAIL", "message": "   selenium.common.exceptions.TimeoutException: Message: \n   Stacktrace:\n   0   chromedriver                        0x0000000100692f44 chromedriver + 3813188\n   1   chromedriver                        0x0000000100624ae0 chromedriver + 3361504\n   2   chromedriver                        0x0000000100328c5c chromedriver + 232540\n   3   chromedriver                        0x000000010035a380 chromedriver + 435072\n   4   chromedriver                        0x0000000100387f44 chromedriver + 622404\n   5   chromedriver                        0x000000010034f358 chromedriver + 389976\n   6   chromedriver                        0x0000000100350284 chromedriver + 393860\n   7   chromedriver                        0x0000000100666e18 chromedriver + 3632664\n   8   chromedriver                        0x000000010066a97c chromedriver + 3647868\n   9   chromedriver                        0x0000000100670b58 chromedriver + 3672920\n   10  chromedriver                        0x000000010066b350 chromedriver + 3650384\n   11  chromedriver                        0x00000001006488dc chromedriver + 3508444\n   12  chromedriver                        0x0000000100685914 chromedriver + 3758356\n   13  chromedriver                        0x0000000100685a78 chromedriver + 3758712\n   14  chromedriver                        0x00000001006996cc chromedriver + 3839692\n   15  libsystem_pthread.dylib             0x000000018fdaa06c _pthread_start + 148\n   16  libsystem_pthread.dylib             0x000000018fda4e2c thread_start + 8\n", "test_name": "test_Input_Tanggal_Keluar_index", "rerun": "0"}, "10": {"status": "FAIL", "message": "       http.client.RemoteDisconnected: Remote end closed connection without response\n       urllib3.exceptions.ProtocolError: ('Connection aborted.', RemoteDisconnected('Remote end closed connection without response'))\n", "test_name": "test_Input_Tanggal_Harus_Kembali_Index", "rerun": "0"}, "11": {"status": "FAIL", "message": "           ConnectionRefusedError: [Errno 61] Connection refused\n       urllib3.exceptions.NewConnectionError: <urllib3.connection.HTTPConnection object at 0x1027487c0>: Failed to establish a new connection: [Errno 61] Connection refused\n       urllib3.exceptions.MaxRetryError: HTTPConnectionPool(host='localhost', port=52106): Max retries exceeded with url: /session/de4c3c79ac77d68fb8ff29096727cc1c/timeouts (Caused by NewConnectionError('<urllib3.connection.HTTPConnection object at 0x1027487c0>: Failed to establish a new connection: [Errno 61] Connection refused'))\n", "test_name": "test_Input_Jenis_Keluar_Index", "rerun": "0"}, "12": {"status": "FAIL", "message": "           ConnectionRefusedError: [Errno 61] Connection refused\n       urllib3.exceptions.NewConnectionError: <urllib3.connection.HTTPConnection object at 0x1079483d0>: Failed to establish a new connection: [Errno 61] Connection refused\n       urllib3.exceptions.MaxRetryError: HTTPConnectionPool(host='localhost', port=52106): Max retries exceeded with url: /session/de4c3c79ac77d68fb8ff29096727cc1c/element (Caused by NewConnectionError('<urllib3.connection.HTTPConnection object at 0x1079483d0>: Failed to establish a new connection: [Errno 61] Connection refused'))\n", "test_name": "test_Input_Deskripsi_Index", "rerun": "0"}, "13": {"status": "FAIL", "message": "           ConnectionRefusedError: [Errno 61] Connection refused\n       urllib3.exceptions.NewConnectionError: <urllib3.connection.HTTPConnection object at 0x107ab2070>: Failed to establish a new connection: [Errno 61] Connection refused\n       urllib3.exceptions.MaxRetryError: HTTPConnectionPool(host='localhost', port=52106): Max retries exceeded with url: /session/de4c3c79ac77d68fb8ff29096727cc1c/timeouts (Caused by NewConnectionError('<urllib3.connection.HTTPConnection object at 0x107ab2070>: Failed to establish a new connection: [Errno 61] Connection refused'))\n", "test_name": "test_Button_Submit", "rerun": "0"}}, "status": {"total_pass": 2, "total_skip": 0, "total_xpass": 0, "total_xfail": 0, "total_rerun": 0, "total_fail": 12, "total_error": 0}}, "3": {"suite_name": "test_4Fungsi_Daftar_Lalu_Lintas_Edit.py", "tests": {"0": {"status": "PASS", "message": "", "test_name": "test_1_setup_Edit", "rerun": "0"}, "1": {"status": "PASS", "message": "", "test_name": "test_2_login_Edit", "rerun": "0"}, "2": {"status": "FAIL", "message": "   selenium.common.exceptions.NoSuchElementException: Message: no such element: Unable to locate element: {\"method\":\"xpath\",\"selector\":\"//*[@id=\"app\"]/div/nav/ul/li[2]/div\"}\n     (Session info: chrome=107.0.5304.87)\n   Stacktrace:\n   0   chromedriver                        0x000000010314ef44 chromedriver + 3813188\n   1   chromedriver                        0x00000001030e0ae0 chromedriver + 3361504\n   2   chromedriver                        0x0000000102de4c5c chromedriver + 232540\n   3   chromedriver                        0x0000000102e16380 chromedriver + 435072\n   4   chromedriver                        0x0000000102e43f44 chromedriver + 622404\n   5   chromedriver                        0x0000000102e0b358 chromedriver + 389976\n   6   chromedriver                        0x0000000102e0c284 chromedriver + 393860\n   7   chromedriver                        0x0000000103122e18 chromedriver + 3632664\n   8   chromedriver                        0x000000010312697c chromedriver + 3647868\n   9   chromedriver                        0x000000010312cb58 chromedriver + 3672920\n   10  chromedriver                        0x0000000103127350 chromedriver + 3650384\n   11  chromedriver                        0x00000001031048dc chromedriver + 3508444\n   12  chromedriver                        0x0000000103141914 chromedriver + 3758356\n   13  chromedriver                        0x0000000103141a78 chromedriver + 3758712\n   14  chromedriver                        0x00000001031556cc chromedriver + 3839692\n   15  libsystem_pthread.dylib             0x000000018fdaa06c _pthread_start + 148\n   16  libsystem_pthread.dylib             0x000000018fda4e2c thread_start + 8\n", "test_name": "test_3_akses_menu_Edit", "rerun": "0"}, "3": {"status": "FAIL", "message": "   selenium.common.exceptions.TimeoutException: Message: \n   Stacktrace:\n   0   chromedriver                        0x000000010314ef44 chromedriver + 3813188\n   1   chromedriver                        0x00000001030e0ae0 chromedriver + 3361504\n   2   chromedriver                        0x0000000102de4c5c chromedriver + 232540\n   3   chromedriver                        0x0000000102e16380 chromedriver + 435072\n   4   chromedriver                        0x0000000102e43f44 chromedriver + 622404\n   5   chromedriver                        0x0000000102e0b358 chromedriver + 389976\n   6   chromedriver                        0x0000000102e0c284 chromedriver + 393860\n   7   chromedriver                        0x0000000103122e18 chromedriver + 3632664\n   8   chromedriver                        0x000000010312697c chromedriver + 3647868\n   9   chromedriver                        0x000000010312cb58 chromedriver + 3672920\n   10  chromedriver                        0x0000000103127350 chromedriver + 3650384\n   11  chromedriver                        0x00000001031048dc chromedriver + 3508444\n   12  chromedriver                        0x0000000103141914 chromedriver + 3758356\n   13  chromedriver                        0x0000000103141a78 chromedriver + 3758712\n   14  chromedriver                        0x00000001031556cc chromedriver + 3839692\n   15  libsystem_pthread.dylib             0x000000018fdaa06c _pthread_start + 148\n   16  libsystem_pthread.dylib             0x000000018fda4e2c thread_start + 8\n", "test_name": "test_Click_Button_UBAH_Edit", "rerun": "0"}}, "status": {"total_pass": 2, "total_skip": 0, "total_xpass": 0, "total_xfail": 0, "total_rerun": 0, "total_fail": 2, "total_error": 0}}}}, "date": "November 02, 2022", "start_time": 1667358980.545291, "total_suite": 4, "status": "FAIL", "status_list": {"pass": "42", "fail": "14", "skip": "0", "error": "0", "xpass": "0", "xfail": "0", "rerun": "0"}, "total_tests": "56"}