{"content": {"suites": {"0": {"status": {"total_pass": 23, "total_skip": 0, "total_xpass": 0, "total_xfail": 0, "total_rerun": 0, "total_fail": 0, "total_error": 0}, "tests": {"0": {"status": "PASS", "message": "", "test_name": "test_setup_index", "rerun": "0"}, "1": {"status": "PASS", "message": "", "test_name": "test_login_index", "rerun": "0"}, "2": {"status": "PASS", "message": "", "test_name": "test_akses_menu_index", "rerun": "0"}, "3": {"status": "PASS", "message": "", "test_name": "test_search_data_kategori_nama_Index", "rerun": "0"}, "4": {"status": "PASS", "message": "", "test_name": "test_search_data_kategori_NoInduk_Index", "rerun": "0"}, "5": {"status": "PASS", "message": "", "test_name": "test_clik_clear_value_Index", "rerun": "0"}, "6": {"status": "PASS", "message": "", "test_name": "test_sortir_data_table_NoInduk_Index", "rerun": "0"}, "7": {"status": "PASS", "message": "", "test_name": "test_sortir_data_table_nama_Index", "rerun": "0"}, "8": {"status": "PASS", "message": "", "test_name": "test_sortir_data_table_Jenis_Index", "rerun": "0"}, "9": {"status": "PASS", "message": "", "test_name": "test_sortir_data_table_tglkeluar_Index", "rerun": "0"}, "10": {"status": "PASS", "message": "", "test_name": "test_sortir_data_table_tglkembali_Index", "rerun": "0"}, "11": {"status": "PASS", "message": "", "test_name": "test_sortir_5_Halaman_Index", "rerun": "0"}, "12": {"status": "PASS", "message": "", "test_name": "test_sortir_10_Halaman_Index", "rerun": "0"}, "13": {"status": "PASS", "message": "", "test_name": "test_sortir_20_Halaman_Index", "rerun": "0"}, "14": {"status": "PASS", "message": "", "test_name": "test_sortir_50_Halaman_Index", "rerun": "0"}, "15": {"status": "PASS", "message": "", "test_name": "test_sortir_100_Halaman_Index", "rerun": "0"}, "16": {"status": "PASS", "message": "", "test_name": "test_membuka_halaman_tambah_Index", "rerun": "0"}, "17": {"status": "PASS", "message": "", "test_name": "test_back", "rerun": "0"}, "18": {"status": "PASS", "message": "", "test_name": "test_membuka_halaman_ubah_Index", "rerun": "0"}, "19": {"status": "PASS", "message": "", "test_name": "test_membuka_halaman_detail_Index", "rerun": "0"}, "20": {"status": "PASS", "message": "", "test_name": "test_export_exel_Index", "rerun": "0"}, "21": {"status": "PASS", "message": "", "test_name": "test_export_pdf_Index", "rerun": "0"}, "22": {"status": "PASS", "message": "", "test_name": "test_cetak_Index", "rerun": "0"}}, "suite_name": "test_1Fungsi_Daftar_Lalu_Lintas_Index.py"}, "1": {"suite_name": "test_2Fungsi_Daftar_Lalu_Lintas_Cari_Identitas.py", "tests": {"0": {"status": "PASS", "message": "", "test_name": "test_setup_cari_identitas", "rerun": "0"}, "1": {"status": "PASS", "message": "", "test_name": "test_login", "rerun": "0"}, "2": {"status": "PASS", "message": "", "test_name": "test_akses_menu", "rerun": "0"}, "3": {"status": "PASS", "message": "", "test_name": "test_membuka_halaman_tambah_index", "rerun": "0"}, "4": {"status": "PASS", "message": "", "test_name": "test_Button_Next_Prev", "rerun": "0"}, "5": {"status": "PASS", "message": "", "test_name": "test_sortir_table_cari_noreg_cari_identitas", "rerun": "0"}, "6": {"status": "PASS", "message": "", "test_name": "test_sortir_table_cari_nama_cari_identitas", "rerun": "0"}, "7": {"status": "PASS", "message": "", "test_name": "test_sortir_table_cari_JenisKejahatan_cari_identitas", "rerun": "0"}, "8": {"status": "PASS", "message": "", "test_name": "test_search_data_aktif_cari_identitas", "rerun": "0"}, "9": {"status": "PASS", "message": "", "test_name": "test_search_residivis_cari_identitas", "rerun": "0"}, "10": {"status": "PASS", "message": "", "test_name": "test_sortir_5_Halaman_cari_identitas", "rerun": "0"}, "11": {"status": "PASS", "message": "", "test_name": "test_sortir_10_Halaman_cari_identitas", "rerun": "0"}, "12": {"status": "PASS", "message": "", "test_name": "test_sortir_20_Halaman_cari_identitas", "rerun": "0"}, "13": {"status": "PASS", "message": "", "test_name": "test_sortir_50_Halaman_cari_identitas", "rerun": "0"}, "14": {"status": "PASS", "message": "", "test_name": "test_sortir_100_Halaman_cari_identitas", "rerun": "0"}}, "status": {"total_pass": 15, "total_skip": 0, "total_xpass": 0, "total_xfail": 0, "total_rerun": 0, "total_fail": 0, "total_error": 0}}, "2": {"suite_name": "test_2Fungsi_Daftar_Lalu_Lintas_Tambah.py", "tests": {"0": {"status": "PASS", "message": "", "test_name": "test_setup_Tambah", "rerun": "0"}, "1": {"status": "PASS", "message": "", "test_name": "test_login", "rerun": "0"}, "2": {"status": "PASS", "message": "", "test_name": "test_akses_menu", "rerun": "0"}, "3": {"status": "FAIL", "message": "   selenium.common.exceptions.NoSuchElementException: Message: no such element: Unable to locate element: {\"method\":\"xpath\",\"selector\":\"//*[@id=\"app\"]/div/div[2]/div/div[2]/div/div/form/div/div[1]/label/div/div/div/input\"}\n     (Session info: chrome=107.0.5304.87)\n   Stacktrace:\n   0   chromedriver                        0x0000000104f92f44 chromedriver + 3813188\n   1   chromedriver                        0x0000000104f24ae0 chromedriver + 3361504\n   2   chromedriver                        0x0000000104c28c5c chromedriver + 232540\n   3   chromedriver                        0x0000000104c5a380 chromedriver + 435072\n   4   chromedriver                        0x0000000104c87f44 chromedriver + 622404\n   5   chromedriver                        0x0000000104c4f358 chromedriver + 389976\n   6   chromedriver                        0x0000000104c50284 chromedriver + 393860\n   7   chromedriver                        0x0000000104f66e18 chromedriver + 3632664\n   8   chromedriver                        0x0000000104f6a97c chromedriver + 3647868\n   9   chromedriver                        0x0000000104f70b58 chromedriver + 3672920\n   10  chromedriver                        0x0000000104f6b350 chromedriver + 3650384\n   11  chromedriver                        0x0000000104f488dc chromedriver + 3508444\n   12  chromedriver                        0x0000000104f85914 chromedriver + 3758356\n   13  chromedriver                        0x0000000104f85a78 chromedriver + 3758712\n   14  chromedriver                        0x0000000104f996cc chromedriver + 3839692\n   15  libsystem_pthread.dylib             0x00000001b329606c _pthread_start + 148\n   16  libsystem_pthread.dylib             0x00000001b3290e2c thread_start + 8\n", "test_name": "test_sortir_table_cari_nama_Tambah", "rerun": "0"}, "4": {"status": "FAIL", "message": "   selenium.common.exceptions.ElementClickInterceptedException: Message: element click intercepted: Element <path d=\"M4 4a2 2 0 012-2h4.586A2 2 0 0112 2.586L15.414 6A2 2 0 0116 7.414V16a2 2 0 01-2 2h-1.528A6 6 0 004 9.528V4z\"></path> is not clickable at point (1300, 495). Other element would receive the click: <svg xmlns=\"http://www.w3.org/2000/svg\" viewBox=\"0 0 20 20\" fill=\"currentColor\" aria-hidden=\"true\" class=\"h-5 w-5\">...</svg>\n     (Session info: chrome=107.0.5304.87)\n   Stacktrace:\n   0   chromedriver                        0x0000000104f92f44 chromedriver + 3813188\n   1   chromedriver                        0x0000000104f24ae0 chromedriver + 3361504\n   2   chromedriver                        0x0000000104c28c5c chromedriver + 232540\n   3   chromedriver                        0x0000000104c6074c chromedriver + 460620\n   4   chromedriver                        0x0000000104c5e8fc chromedriver + 452860\n   5   chromedriver                        0x0000000104c5c6b8 chromedriver + 444088\n   6   chromedriver                        0x0000000104c5b6fc chromedriver + 440060\n   7   chromedriver                        0x0000000104c50f58 chromedriver + 397144\n   8   chromedriver                        0x0000000104c50898 chromedriver + 395416\n   9   chromedriver                        0x0000000104c87f44 chromedriver + 622404\n   10  chromedriver                        0x0000000104c4f358 chromedriver + 389976\n   11  chromedriver                        0x0000000104c50284 chromedriver + 393860\n   12  chromedriver                        0x0000000104f66e18 chromedriver + 3632664\n   13  chromedriver                        0x0000000104f6a97c chromedriver + 3647868\n   14  chromedriver                        0x0000000104f70b58 chromedriver + 3672920\n   15  chromedriver                        0x0000000104f6b350 chromedriver + 3650384\n   16  chromedriver                        0x0000000104f488dc chromedriver + 3508444\n   17  chromedriver                        0x0000000104f85914 chromedriver + 3758356\n   18  chromedriver                        0x0000000104f85a78 chromedriver + 3758712\n   19  chromedriver                        0x0000000104f996cc chromedriver + 3839692\n   20  libsystem_pthread.dylib             0x00000001b329606c _pthread_start + 148\n   21  libsystem_pthread.dylib             0x00000001b3290e2c thread_start + 8\n", "test_name": "test_Click_Button_Detile_Tambah", "rerun": "0"}, "5": {"status": "FAIL", "message": "   selenium.common.exceptions.NoSuchElementException: Message: no such element: Unable to locate element: {\"method\":\"xpath\",\"selector\":\"//*[@id=\"app\"]/div/div[2]/div/div[2]/div/div/div[3]/div/div/div[2]/div/div/div/div/div[2]/button\"}\n     (Session info: chrome=107.0.5304.87)\n   Stacktrace:\n   0   chromedriver                        0x0000000104f92f44 chromedriver + 3813188\n   1   chromedriver                        0x0000000104f24ae0 chromedriver + 3361504\n   2   chromedriver                        0x0000000104c28c5c chromedriver + 232540\n   3   chromedriver                        0x0000000104c5a380 chromedriver + 435072\n   4   chromedriver                        0x0000000104c87f44 chromedriver + 622404\n   5   chromedriver                        0x0000000104c4f358 chromedriver + 389976\n   6   chromedriver                        0x0000000104c50284 chromedriver + 393860\n   7   chromedriver                        0x0000000104f66e18 chromedriver + 3632664\n   8   chromedriver                        0x0000000104f6a97c chromedriver + 3647868\n   9   chromedriver                        0x0000000104f70b58 chromedriver + 3672920\n   10  chromedriver                        0x0000000104f6b350 chromedriver + 3650384\n   11  chromedriver                        0x0000000104f488dc chromedriver + 3508444\n   12  chromedriver                        0x0000000104f85914 chromedriver + 3758356\n   13  chromedriver                        0x0000000104f85a78 chromedriver + 3758712\n   14  chromedriver                        0x0000000104f996cc chromedriver + 3839692\n   15  libsystem_pthread.dylib             0x00000001b329606c _pthread_start + 148\n   16  libsystem_pthread.dylib             0x00000001b3290e2c thread_start + 8\n", "test_name": "test_Click_Button_Tambah_WBP_Tambah", "rerun": "0"}, "6": {"status": "FAIL", "message": "   selenium.common.exceptions.TimeoutException: Message: \n   Stacktrace:\n   0   chromedriver                        0x0000000104f92f44 chromedriver + 3813188\n   1   chromedriver                        0x0000000104f24ae0 chromedriver + 3361504\n   2   chromedriver                        0x0000000104c28c5c chromedriver + 232540\n   3   chromedriver                        0x0000000104c5a380 chromedriver + 435072\n   4   chromedriver                        0x0000000104c87f44 chromedriver + 622404\n   5   chromedriver                        0x0000000104c4f358 chromedriver + 389976\n   6   chromedriver                        0x0000000104c50284 chromedriver + 393860\n   7   chromedriver                        0x0000000104f66e18 chromedriver + 3632664\n   8   chromedriver                        0x0000000104f6a97c chromedriver + 3647868\n   9   chromedriver                        0x0000000104f70b58 chromedriver + 3672920\n   10  chromedriver                        0x0000000104f6b350 chromedriver + 3650384\n   11  chromedriver                        0x0000000104f488dc chromedriver + 3508444\n   12  chromedriver                        0x0000000104f85914 chromedriver + 3758356\n   13  chromedriver                        0x0000000104f85a78 chromedriver + 3758712\n   14  chromedriver                        0x0000000104f996cc chromedriver + 3839692\n   15  libsystem_pthread.dylib             0x00000001b329606c _pthread_start + 148\n   16  libsystem_pthread.dylib             0x00000001b3290e2c thread_start + 8\n", "test_name": "test_sortir_detil_wbp_Tambah", "rerun": "0"}, "7": {"status": "FAIL", "message": "   selenium.common.exceptions.TimeoutException: Message: \n   Stacktrace:\n   0   chromedriver                        0x0000000104f92f44 chromedriver + 3813188\n   1   chromedriver                        0x0000000104f24ae0 chromedriver + 3361504\n   2   chromedriver                        0x0000000104c28c5c chromedriver + 232540\n   3   chromedriver                        0x0000000104c5a380 chromedriver + 435072\n   4   chromedriver                        0x0000000104c87f44 chromedriver + 622404\n   5   chromedriver                        0x0000000104c4f358 chromedriver + 389976\n   6   chromedriver                        0x0000000104c50284 chromedriver + 393860\n   7   chromedriver                        0x0000000104f66e18 chromedriver + 3632664\n   8   chromedriver                        0x0000000104f6a97c chromedriver + 3647868\n   9   chromedriver                        0x0000000104f70b58 chromedriver + 3672920\n   10  chromedriver                        0x0000000104f6b350 chromedriver + 3650384\n   11  chromedriver                        0x0000000104f488dc chromedriver + 3508444\n   12  chromedriver                        0x0000000104f85914 chromedriver + 3758356\n   13  chromedriver                        0x0000000104f85a78 chromedriver + 3758712\n   14  chromedriver                        0x0000000104f996cc chromedriver + 3839692\n   15  libsystem_pthread.dylib             0x00000001b329606c _pthread_start + 148\n   16  libsystem_pthread.dylib             0x00000001b3290e2c thread_start + 8\n", "test_name": "test_detile_perkara_Tambah", "rerun": "0"}}, "status": {"total_pass": 3, "total_skip": 0, "total_xpass": 0, "total_xfail": 0, "total_rerun": 0, "total_fail": 5, "total_error": 0}}}}, "date": "November 01, 2022", "start_time": 1667277403.0837262, "total_suite": 3, "status": "FAIL", "status_list": {"pass": "41", "fail": "5", "skip": "0", "error": "0", "xpass": "0", "xfail": "0", "rerun": "0"}, "total_tests": "46"}