{"content": {"suites": {"0": {"status": {"total_pass": 7, "total_skip": 0, "total_xpass": 0, "total_xfail": 0, "total_rerun": 0, "total_fail": 2, "total_error": 0}, "tests": {"0": {"status": "PASS", "message": "", "test_name": "test_1_setup_Edit", "rerun": "0"}, "1": {"status": "PASS", "message": "", "test_name": "test_2_login_Edit", "rerun": "0"}, "2": {"status": "PASS", "message": "", "test_name": "test_3_akses_menu_Edit", "rerun": "0"}, "3": {"status": "FAIL", "message": "   selenium.common.exceptions.ElementClickInterceptedException: Message: element click intercepted: Element <textarea class=\"el-textarea__inner\" id=\"deskripsi\" maxlength=\"255\" rows=\"3\" autocomplete=\"off\" placeholder=\"Masukkan Keterangan Penerimaan\" style=\"min-height: 31px;\"></textarea> is not clickable at point (782, 731). Other element would receive the click: <div class=\"el-loading-mask\" style=\"\">...</div>\n     (Session info: chrome=107.0.5304.87)\n   Stacktrace:\n   0   chromedriver                        0x0000000102736f44 chromedriver + 3813188\n   1   chromedriver                        0x00000001026c8ae0 chromedriver + 3361504\n   2   chromedriver                        0x00000001023ccc5c chromedriver + 232540\n   3   chromedriver                        0x000000010240474c chromedriver + 460620\n   4   chromedriver                        0x00000001024028fc chromedriver + 452860\n   5   chromedriver                        0x00000001024006b8 chromedriver + 444088\n   6   chromedriver                        0x00000001023ff6fc chromedriver + 440060\n   7   chromedriver                        0x00000001023f4f58 chromedriver + 397144\n   8   chromedriver                        0x00000001023f4898 chromedriver + 395416\n   9   chromedriver                        0x000000010242bf44 chromedriver + 622404\n   10  chromedriver                        0x00000001023f3358 chromedriver + 389976\n   11  chromedriver                        0x00000001023f4284 chromedriver + 393860\n   12  chromedriver                        0x000000010270ae18 chromedriver + 3632664\n   13  chromedriver                        0x000000010270e97c chromedriver + 3647868\n   14  chromedriver                        0x0000000102714b58 chromedriver + 3672920\n   15  chromedriver                        0x000000010270f350 chromedriver + 3650384\n   16  chromedriver                        0x00000001026ec8dc chromedriver + 3508444\n   17  chromedriver                        0x0000000102729914 chromedriver + 3758356\n   18  chromedriver                        0x0000000102729a78 chromedriver + 3758712\n   19  chromedriver                        0x000000010273d6cc chromedriver + 3839692\n   20  libsystem_pthread.dylib             0x00000001b329606c _pthread_start + 148\n   21  libsystem_pthread.dylib             0x00000001b3290e2c thread_start + 8\n", "test_name": "test_Click_Button_UBAH_Edit", "rerun": "0"}, "4": {"status": "PASS", "message": "", "test_name": "test_Muat_Ulang_Edit", "rerun": "0"}, "5": {"status": "PASS", "message": "", "test_name": "test_Ubah_Deskripsi_Edit", "rerun": "0"}, "6": {"status": "PASS", "message": "", "test_name": "test_Ubah_Tanggal_Keluar_Edit", "rerun": "0"}, "7": {"status": "PASS", "message": "", "test_name": "test_Ubah_Tanggal_kembali_Edit", "rerun": "0"}, "8": {"status": "FAIL", "message": "   selenium.common.exceptions.InvalidElementStateException: Message: invalid element state\n     (Session info: chrome=107.0.5304.87)\n   Stacktrace:\n   0   chromedriver                        0x0000000102736f44 chromedriver + 3813188\n   1   chromedriver                        0x00000001026c8ae0 chromedriver + 3361504\n   2   chromedriver                        0x00000001023ccb2c chromedriver + 232236\n   3   chromedriver                        0x00000001023f6af0 chromedriver + 404208\n   4   chromedriver                        0x00000001023f4898 chromedriver + 395416\n   5   chromedriver                        0x000000010242bf44 chromedriver + 622404\n   6   chromedriver                        0x00000001023f3358 chromedriver + 389976\n   7   chromedriver                        0x00000001023f4284 chromedriver + 393860\n   8   chromedriver                        0x000000010270ae18 chromedriver + 3632664\n   9   chromedriver                        0x000000010270e97c chromedriver + 3647868\n   10  chromedriver                        0x0000000102714b58 chromedriver + 3672920\n   11  chromedriver                        0x000000010270f350 chromedriver + 3650384\n   12  chromedriver                        0x00000001026ec8dc chromedriver + 3508444\n   13  chromedriver                        0x0000000102729914 chromedriver + 3758356\n   14  chromedriver                        0x0000000102729a78 chromedriver + 3758712\n   15  chromedriver                        0x000000010273d6cc chromedriver + 3839692\n   16  libsystem_pthread.dylib             0x00000001b329606c _pthread_start + 148\n   17  libsystem_pthread.dylib             0x00000001b3290e2c thread_start + 8\n", "test_name": "test_Ubah_Jenis_Keluar_Edit", "rerun": "0"}}, "suite_name": "test_4Fungsi_Daftar_Lalu_Lintas_Edit.py"}}}, "date": "November 01, 2022", "start_time": 1667297037.310583, "total_suite": 1, "status": "FAIL", "status_list": {"pass": "7", "fail": "2", "skip": "0", "error": "0", "xpass": "0", "xfail": "0", "rerun": "0"}, "total_tests": "9"}