{"content": {"suites": {"0": {"status": {"total_pass": 4, "total_skip": 0, "total_xpass": 0, "total_xfail": 0, "total_rerun": 0, "total_fail": 5, "total_error": 0}, "tests": {"0": {"status": "PASS", "message": "", "test_name": "test_SetupOsOpen", "rerun": "0"}, "1": {"status": "PASS", "message": "", "test_name": "test_TC_GIATJA_001", "rerun": "0"}, "2": {"status": "PASS", "message": "", "test_name": "test_TC_GIATJA_002", "rerun": "0"}, "3": {"status": "FAIL", "message": "   selenium.common.exceptions.TimeoutException: Message: \n   Stacktrace:\n   0   chromedriver                        0x0000000104712ae8 chromedriver + 4958952\n   1   chromedriver                        0x000000010470a7b3 chromedriver + 4925363\n   2   chromedriver                        0x00000001042cc1d6 chromedriver + 475606\n   3   chromedriver                        0x000000010430fa20 chromedriver + 752160\n   4   chromedriver                        0x000000010430fc81 chromedriver + 752769\n   5   chromedriver                        0x0000000104353f64 chromedriver + 1032036\n   6   chromedriver                        0x0000000104335c3d chromedriver + 908349\n   7   chromedriver                        0x000000010435125b chromedriver + 1020507\n   8   chromedriver                        0x00000001043359e3 chromedriver + 907747\n   9   chromedriver                        0x00000001042ffaef chromedriver + 686831\n   10  chromedriver                        0x000000010430100e chromedriver + 692238\n   11  chromedriver                        0x00000001046ce9ad chromedriver + 4680109\n   12  chromedriver                        0x00000001046d3c12 chromedriver + 4701202\n   13  chromedriver                        0x00000001046da79f chromedriver + 4728735\n   14  chromedriver                        0x00000001046d4b7a chromedriver + 4705146\n   15  chromedriver                        0x00000001046a727e chromedriver + 4518526\n   16  chromedriver                        0x00000001046f4908 chromedriver + 4835592\n   17  chromedriver                        0x00000001046f4a87 chromedriver + 4835975\n   18  chromedriver                        0x000000010470400f chromedriver + 4898831\n   19  libsystem_pthread.dylib             0x00007ff80570f1d3 _pthread_start + 125\n   20  libsystem_pthread.dylib             0x00007ff80570abd3 thread_start + 15\n", "test_name": "test_TC_GIATJA_003", "rerun": "0"}, "4": {"status": "FAIL", "message": "   selenium.common.exceptions.TimeoutException: Message: \n   Stacktrace:\n   0   chromedriver                        0x0000000104712ae8 chromedriver + 4958952\n   1   chromedriver                        0x000000010470a7b3 chromedriver + 4925363\n   2   chromedriver                        0x00000001042cc1d6 chromedriver + 475606\n   3   chromedriver                        0x000000010430fa20 chromedriver + 752160\n   4   chromedriver                        0x000000010430fc81 chromedriver + 752769\n   5   chromedriver                        0x0000000104353f64 chromedriver + 1032036\n   6   chromedriver                        0x0000000104335c3d chromedriver + 908349\n   7   chromedriver                        0x000000010435125b chromedriver + 1020507\n   8   chromedriver                        0x00000001043359e3 chromedriver + 907747\n   9   chromedriver                        0x00000001042ffaef chromedriver + 686831\n   10  chromedriver                        0x000000010430100e chromedriver + 692238\n   11  chromedriver                        0x00000001046ce9ad chromedriver + 4680109\n   12  chromedriver                        0x00000001046d3c12 chromedriver + 4701202\n   13  chromedriver                        0x00000001046da79f chromedriver + 4728735\n   14  chromedriver                        0x00000001046d4b7a chromedriver + 4705146\n   15  chromedriver                        0x00000001046a727e chromedriver + 4518526\n   16  chromedriver                        0x00000001046f4908 chromedriver + 4835592\n   17  chromedriver                        0x00000001046f4a87 chromedriver + 4835975\n   18  chromedriver                        0x000000010470400f chromedriver + 4898831\n   19  libsystem_pthread.dylib             0x00007ff80570f1d3 _pthread_start + 125\n   20  libsystem_pthread.dylib             0x00007ff80570abd3 thread_start + 15\n", "test_name": "test_TC_GIATJA_004", "rerun": "0"}, "5": {"status": "FAIL", "message": "   selenium.common.exceptions.TimeoutException: Message:\n", "test_name": "test_TC_GIATJA_005", "rerun": "0"}, "6": {"status": "FAIL", "message": "   selenium.common.exceptions.ElementNotInteractableException: Message: element not interactable\n     (Session info: chrome=113.0.5672.63)\n   Stacktrace:\n   0   chromedriver                        0x0000000104712ae8 chromedriver + 4958952\n   1   chromedriver                        0x000000010470a7b3 chromedriver + 4925363\n   2   chromedriver                        0x00000001042cc051 chromedriver + 475217\n   3   chromedriver                        0x00000001043112e8 chromedriver + 758504\n   4   chromedriver                        0x0000000104302283 chromedriver + 696963\n   5   chromedriver                        0x0000000104335c12 chromedriver + 908306\n   6   chromedriver                        0x00000001043018f1 chromedriver + 694513\n   7   chromedriver                        0x0000000104335dce chromedriver + 908750\n   8   chromedriver                        0x000000010435125b chromedriver + 1020507\n   9   chromedriver                        0x00000001043359e3 chromedriver + 907747\n   10  chromedriver                        0x00000001042ffaef chromedriver + 686831\n   11  chromedriver                        0x000000010430100e chromedriver + 692238\n   12  chromedriver                        0x00000001046ce9ad chromedriver + 4680109\n   13  chromedriver                        0x00000001046d3c12 chromedriver + 4701202\n   14  chromedriver                        0x00000001046da79f chromedriver + 4728735\n   15  chromedriver                        0x00000001046d4b7a chromedriver + 4705146\n   16  chromedriver                        0x00000001046a727e chromedriver + 4518526\n   17  chromedriver                        0x00000001046f4908 chromedriver + 4835592\n   18  chromedriver                        0x00000001046f4a87 chromedriver + 4835975\n   19  chromedriver                        0x000000010470400f chromedriver + 4898831\n   20  libsystem_pthread.dylib             0x00007ff80570f1d3 _pthread_start + 125\n   21  libsystem_pthread.dylib             0x00007ff80570abd3 thread_start + 15\n   selenium.common.exceptions.ElementClickInterceptedException: Message: element click intercepted: Element <button class=\"el-button is-plain border-2 text-light-blue-900 !hover:text-light-blue-600 border-light-blue-900 !hover:border-light-blue-600\" type=\"button\" id=\"backButton\">...</button> is not clickable at point (1807, 259). Other element would receive the click: <div class=\"el-overlay-dialog\">...</div>\n     (Session info: chrome=113.0.5672.63)\n   Stacktrace:\n   0   chromedriver                        0x0000000104712ae8 chromedriver + 4958952\n   1   chromedriver                        0x000000010470a7b3 chromedriver + 4925363\n   2   chromedriver                        0x00000001042cc1d6 chromedriver + 475606\n   3   chromedriver                        0x0000000104319321 chromedriver + 791329\n   4   chromedriver                        0x000000010431636e chromedriver + 779118\n   5   chromedriver                        0x0000000104312fd4 chromedriver + 765908\n   6   chromedriver                        0x00000001043119af chromedriver + 760239\n   7   chromedriver                        0x0000000104302283 chromedriver + 696963\n   8   chromedriver                        0x0000000104335c12 chromedriver + 908306\n   9   chromedriver                        0x00000001043018f1 chromedriver + 694513\n   10  chromedriver                        0x0000000104335dce chromedriver + 908750\n   11  chromedriver                        0x000000010435125b chromedriver + 1020507\n   12  chromedriver                        0x00000001043359e3 chromedriver + 907747\n   13  chromedriver                        0x00000001042ffaef chromedriver + 686831\n   14  chromedriver                        0x000000010430100e chromedriver + 692238\n   15  chromedriver                        0x00000001046ce9ad chromedriver + 4680109\n   16  chromedriver                        0x00000001046d3c12 chromedriver + 4701202\n   17  chromedriver                        0x00000001046da79f chromedriver + 4728735\n   18  chromedriver                        0x00000001046d4b7a chromedriver + 4705146\n   19  chromedriver                        0x00000001046a727e chromedriver + 4518526\n   20  chromedriver                        0x00000001046f4908 chromedriver + 4835592\n   21  chromedriver                        0x00000001046f4a87 chromedriver + 4835975\n   22  chromedriver                        0x000000010470400f chromedriver + 4898831\n   23  libsystem_pthread.dylib             0x00007ff80570f1d3 _pthread_start + 125\n   24  libsystem_pthread.dylib             0x00007ff80570abd3 thread_start + 15\n", "test_name": "test_TC_GIATJA_006", "rerun": "0"}, "7": {"status": "FAIL", "message": "   selenium.common.exceptions.TimeoutException: Message:\n", "test_name": "test_TC_GIATJA_007", "rerun": "0"}, "8": {"status": "PASS", "message": "", "test_name": "test_EXIT", "rerun": "0"}}, "suite_name": "Giatja/Fungsional/test_1OpTambahGiatja.py"}}}, "date": "May 08, 2023", "start_time": 1683506582.707844, "total_suite": 1, "status": "FAIL", "status_list": {"pass": "4", "fail": "5", "skip": "0", "error": "0", "xpass": "0", "xfail": "0", "rerun": "0"}, "total_tests": "9"}