{"content": {"suites": {"0": {"status": {"total_pass": 5, "total_skip": 0, "total_xpass": 0, "total_xfail": 0, "total_rerun": 0, "total_fail": 2, "total_error": 0}, "tests": {"0": {"status": "PASS", "message": "", "test_name": "test_1_setupOS_Search", "rerun": "0"}, "1": {"status": "PASS", "message": "", "test_name": "test_2_login_Search", "rerun": "0"}, "2": {"status": "PASS", "message": "", "test_name": "test_3_aksesmenu_Search", "rerun": "0"}, "3": {"status": "PASS", "message": "", "test_name": "test_4_membuka_halaman_tambah_index_Search", "rerun": "0"}, "4": {"status": "PASS", "message": "", "test_name": "test_5_search_data_kategori_nama_HalamanTambah", "rerun": "0"}, "5": {"status": "FAIL", "message": "   selenium.common.exceptions.ElementClickInterceptedException: Message: element click intercepted: Element <button class=\"el-button el-button--success el-button--small\" type=\"button\" id=\"view0\">...</button> is not clickable at point (1319, 441). Other element would receive the click: <div class=\"el-loading-mask\" style=\"\">...</div>\n     (Session info: chrome=107.0.5304.87)\n   Stacktrace:\n   0   chromedriver                        0x0000000104cd6a88 chromedriver + 4123272\n   1   chromedriver                        0x0000000104c62778 chromedriver + 3647352\n   2   chromedriver                        0x0000000104924ac4 chromedriver + 248516\n   3   chromedriver                        0x00000001049618a8 chromedriver + 497832\n   4   chromedriver                        0x000000010495f874 chromedriver + 489588\n   5   chromedriver                        0x000000010495d4e8 chromedriver + 480488\n   6   chromedriver                        0x000000010495c4dc chromedriver + 476380\n   7   chromedriver                        0x0000000104950a00 chromedriver + 428544\n   8   chromedriver                        0x0000000104950260 chromedriver + 426592\n   9   chromedriver                        0x000000010498d020 chromedriver + 675872\n   10  chromedriver                        0x000000010494eb10 chromedriver + 420624\n   11  chromedriver                        0x000000010494fc30 chromedriver + 425008\n   12  chromedriver                        0x0000000104ca8ae4 chromedriver + 3934948\n   13  chromedriver                        0x0000000104cabf24 chromedriver + 3948324\n   14  chromedriver                        0x0000000104cac508 chromedriver + 3949832\n   15  chromedriver                        0x0000000104cb2b30 chromedriver + 3975984\n   16  chromedriver                        0x0000000104cacb24 chromedriver + 3951396\n   17  chromedriver                        0x0000000104c8771c chromedriver + 3798812\n   18  chromedriver                        0x0000000104cc92f0 chromedriver + 4068080\n   19  chromedriver                        0x0000000104cc9444 chromedriver + 4068420\n   20  chromedriver                        0x0000000104cdd450 chromedriver + 4150352\n   21  libsystem_pthread.dylib             0x000000019d64a06c _pthread_start + 148\n   22  libsystem_pthread.dylib             0x000000019d644e2c thread_start + 8\n", "test_name": "test_6_ClickButton_Daftarkan_HalamanTambah", "rerun": "0"}, "6": {"status": "FAIL", "message": "   selenium.common.exceptions.NoSuchElementException: Message: no such element: Unable to locate element: {\"method\":\"xpath\",\"selector\":\"//*[@id=\"noSurat\"]\"}\n     (Session info: chrome=107.0.5304.87)\n   Stacktrace:\n   0   chromedriver                        0x0000000104cd6a88 chromedriver + 4123272\n   1   chromedriver                        0x0000000104c62778 chromedriver + 3647352\n   2   chromedriver                        0x0000000104924ac4 chromedriver + 248516\n   3   chromedriver                        0x000000010495af68 chromedriver + 470888\n   4   chromedriver                        0x000000010498d020 chromedriver + 675872\n   5   chromedriver                        0x000000010494eb10 chromedriver + 420624\n   6   chromedriver                        0x000000010494fc30 chromedriver + 425008\n   7   chromedriver                        0x0000000104ca8ae4 chromedriver + 3934948\n   8   chromedriver                        0x0000000104cabf24 chromedriver + 3948324\n   9   chromedriver                        0x0000000104cac508 chromedriver + 3949832\n   10  chromedriver                        0x0000000104cb2b30 chromedriver + 3975984\n   11  chromedriver                        0x0000000104cacb24 chromedriver + 3951396\n   12  chromedriver                        0x0000000104c8771c chromedriver + 3798812\n   13  chromedriver                        0x0000000104cc92f0 chromedriver + 4068080\n   14  chromedriver                        0x0000000104cc9444 chromedriver + 4068420\n   15  chromedriver                        0x0000000104cdd450 chromedriver + 4150352\n   16  libsystem_pthread.dylib             0x000000019d64a06c _pthread_start + 148\n   17  libsystem_pthread.dylib             0x000000019d644e2c thread_start + 8\n", "test_name": "test_7_InputNoSurat_HalamanTambah", "rerun": "0"}}, "suite_name": "test_3RegisterH_Tambah.py"}}}, "date": "November 15, 2022", "start_time": 1668502762.14539, "total_suite": 1, "status": "FAIL", "status_list": {"pass": "5", "fail": "2", "skip": "0", "error": "0", "xpass": "0", "xfail": "0", "rerun": "0"}, "total_tests": "7"}