{"content": {"suites": {"0": {"status": {"total_pass": 17, "total_skip": 0, "total_xpass": 0, "total_xfail": 0, "total_rerun": 0, "total_fail": 5, "total_error": 0}, "tests": {"0": {"status": "PASS", "message": "", "test_name": "test_1_setupOS", "rerun": "0"}, "1": {"status": "PASS", "message": "", "test_name": "test_2_login", "rerun": "0"}, "2": {"status": "PASS", "message": "", "test_name": "test_3_akses_menu_index", "rerun": "0"}, "3": {"status": "PASS", "message": "", "test_name": "test_4_search_data_kategori_nama_Index", "rerun": "0"}, "4": {"status": "PASS", "message": "", "test_name": "test_5_search_data_kategori_nomoID_Index", "rerun": "0"}, "5": {"status": "PASS", "message": "", "test_name": "test_6_search_data_kategori_kategori_Index", "rerun": "0"}, "6": {"status": "PASS", "message": "", "test_name": "test_6_clik_clear_value_Index", "rerun": "0"}, "7": {"status": "PASS", "message": "", "test_name": "test_7_sortir_data_table_NoInduk_Index", "rerun": "0"}, "8": {"status": "PASS", "message": "", "test_name": "test_8_sortir_data_table_nama_Index", "rerun": "0"}, "9": {"status": "PASS", "message": "", "test_name": "test_9_sortir_data_table_Jenis_Index", "rerun": "0"}, "10": {"status": "PASS", "message": "", "test_name": "test_10_sortir_data_table_tglkeluar_Index", "rerun": "0"}, "11": {"status": "PASS", "message": "", "test_name": "test_11_sortir_data_table_tglkembali_Index", "rerun": "0"}, "12": {"status": "PASS", "message": "", "test_name": "test_12_sortir_5_Halaman_Index", "rerun": "0"}, "13": {"status": "PASS", "message": "", "test_name": "test_13_sortir_10_Halaman_Index", "rerun": "0"}, "14": {"status": "PASS", "message": "", "test_name": "test_14_sortir_20_Halaman_Index", "rerun": "0"}, "15": {"status": "PASS", "message": "", "test_name": "test_15_sortir_50_Halaman_Index", "rerun": "0"}, "16": {"status": "PASS", "message": "", "test_name": "test_16_sortir_100_Halaman_Index", "rerun": "0"}, "17": {"status": "FAIL", "message": "   selenium.common.exceptions.TimeoutException: Message: \n   Stacktrace:\n   0   chromedriver                        0x0000000101072a88 chromedriver + 4123272\n   1   chromedriver                        0x0000000100ffe778 chromedriver + 3647352\n   2   chromedriver                        0x0000000100cc0ac4 chromedriver + 248516\n   3   chromedriver                        0x0000000100cf6f68 chromedriver + 470888\n   4   chromedriver                        0x0000000100d29020 chromedriver + 675872\n   5   chromedriver                        0x0000000100ceab10 chromedriver + 420624\n   6   chromedriver                        0x0000000100cebc30 chromedriver + 425008\n   7   chromedriver                        0x0000000101044ae4 chromedriver + 3934948\n   8   chromedriver                        0x0000000101047f24 chromedriver + 3948324\n   9   chromedriver                        0x0000000101048508 chromedriver + 3949832\n   10  chromedriver                        0x000000010104eb30 chromedriver + 3975984\n   11  chromedriver                        0x0000000101048b24 chromedriver + 3951396\n   12  chromedriver                        0x000000010102371c chromedriver + 3798812\n   13  chromedriver                        0x00000001010652f0 chromedriver + 4068080\n   14  chromedriver                        0x0000000101065444 chromedriver + 4068420\n   15  chromedriver                        0x0000000101079450 chromedriver + 4150352\n   16  libsystem_pthread.dylib             0x00000001b442606c _pthread_start + 148\n   17  libsystem_pthread.dylib             0x00000001b4420e2c thread_start + 8\n", "test_name": "test_17_membuka_halaman_tambah_Index", "rerun": "0"}, "18": {"status": "FAIL", "message": "   selenium.common.exceptions.TimeoutException: Message:\n", "test_name": "test_19_membuka_halaman_detail_Index", "rerun": "0"}, "19": {"status": "FAIL", "message": "   selenium.common.exceptions.TimeoutException: Message: \n   Stacktrace:\n   0   chromedriver                        0x0000000101072a88 chromedriver + 4123272\n   1   chromedriver                        0x0000000100ffe778 chromedriver + 3647352\n   2   chromedriver                        0x0000000100cc0ac4 chromedriver + 248516\n   3   chromedriver                        0x0000000100cf6f68 chromedriver + 470888\n   4   chromedriver                        0x0000000100d29020 chromedriver + 675872\n   5   chromedriver                        0x0000000100ceab10 chromedriver + 420624\n   6   chromedriver                        0x0000000100cebc30 chromedriver + 425008\n   7   chromedriver                        0x0000000101044ae4 chromedriver + 3934948\n   8   chromedriver                        0x0000000101047f24 chromedriver + 3948324\n   9   chromedriver                        0x0000000101048508 chromedriver + 3949832\n   10  chromedriver                        0x000000010104eb30 chromedriver + 3975984\n   11  chromedriver                        0x0000000101048b24 chromedriver + 3951396\n   12  chromedriver                        0x000000010102371c chromedriver + 3798812\n   13  chromedriver                        0x00000001010652f0 chromedriver + 4068080\n   14  chromedriver                        0x0000000101065444 chromedriver + 4068420\n   15  chromedriver                        0x0000000101079450 chromedriver + 4150352\n   16  libsystem_pthread.dylib             0x00000001b442606c _pthread_start + 148\n   17  libsystem_pthread.dylib             0x00000001b4420e2c thread_start + 8\n", "test_name": "test_21_export_exel_Index", "rerun": "0"}, "20": {"status": "FAIL", "message": "   selenium.common.exceptions.TimeoutException: Message: \n   Stacktrace:\n   0   chromedriver                        0x0000000101072a88 chromedriver + 4123272\n   1   chromedriver                        0x0000000100ffe778 chromedriver + 3647352\n   2   chromedriver                        0x0000000100cc0ac4 chromedriver + 248516\n   3   chromedriver                        0x0000000100cf6f68 chromedriver + 470888\n   4   chromedriver                        0x0000000100d29020 chromedriver + 675872\n   5   chromedriver                        0x0000000100ceab10 chromedriver + 420624\n   6   chromedriver                        0x0000000100cebc30 chromedriver + 425008\n   7   chromedriver                        0x0000000101044ae4 chromedriver + 3934948\n   8   chromedriver                        0x0000000101047f24 chromedriver + 3948324\n   9   chromedriver                        0x0000000101048508 chromedriver + 3949832\n   10  chromedriver                        0x000000010104eb30 chromedriver + 3975984\n   11  chromedriver                        0x0000000101048b24 chromedriver + 3951396\n   12  chromedriver                        0x000000010102371c chromedriver + 3798812\n   13  chromedriver                        0x00000001010652f0 chromedriver + 4068080\n   14  chromedriver                        0x0000000101065444 chromedriver + 4068420\n   15  chromedriver                        0x0000000101079450 chromedriver + 4150352\n   16  libsystem_pthread.dylib             0x00000001b442606c _pthread_start + 148\n   17  libsystem_pthread.dylib             0x00000001b4420e2c thread_start + 8\n", "test_name": "test_22_export_pdf_Index", "rerun": "0"}, "21": {"status": "FAIL", "message": "   selenium.common.exceptions.TimeoutException: Message: \n   Stacktrace:\n   0   chromedriver                        0x0000000101072a88 chromedriver + 4123272\n   1   chromedriver                        0x0000000100ffe778 chromedriver + 3647352\n   2   chromedriver                        0x0000000100cc0ac4 chromedriver + 248516\n   3   chromedriver                        0x0000000100cf6f68 chromedriver + 470888\n   4   chromedriver                        0x0000000100d29020 chromedriver + 675872\n   5   chromedriver                        0x0000000100ceab10 chromedriver + 420624\n   6   chromedriver                        0x0000000100cebc30 chromedriver + 425008\n   7   chromedriver                        0x0000000101044ae4 chromedriver + 3934948\n   8   chromedriver                        0x0000000101047f24 chromedriver + 3948324\n   9   chromedriver                        0x0000000101048508 chromedriver + 3949832\n   10  chromedriver                        0x000000010104eb30 chromedriver + 3975984\n   11  chromedriver                        0x0000000101048b24 chromedriver + 3951396\n   12  chromedriver                        0x000000010102371c chromedriver + 3798812\n   13  chromedriver                        0x00000001010652f0 chromedriver + 4068080\n   14  chromedriver                        0x0000000101065444 chromedriver + 4068420\n   15  chromedriver                        0x0000000101079450 chromedriver + 4150352\n   16  libsystem_pthread.dylib             0x00000001b442606c _pthread_start + 148\n   17  libsystem_pthread.dylib             0x00000001b4420e2c thread_start + 8\n", "test_name": "test_23_cetak_Index", "rerun": "0"}}, "suite_name": "test_1Fungsi_P2U_Index.py"}, "1": {"suite_name": "test_2Fungsi_P2U_Tambah.py", "tests": {"0": {"status": "PASS", "message": "", "test_name": "test_1_setupOS", "rerun": "0"}, "1": {"status": "PASS", "message": "", "test_name": "test_2_login", "rerun": "0"}, "2": {"status": "PASS", "message": "", "test_name": "test_3_akses_menu_index", "rerun": "0"}, "3": {"status": "PASS", "message": "", "test_name": "test_4_membuka_halaman_tambah", "rerun": "0"}, "4": {"status": "PASS", "message": "", "test_name": "test_5_kategori_Pegawai_tambah", "rerun": "0"}, "5": {"status": "FAIL", "message": "   KeyError: 'Other Search'\n", "test_name": "test_6_NamaSearch_Pegawai_tambah", "rerun": "0"}, "6": {"status": "PASS", "message": "", "test_name": "test_7_button_tambah", "rerun": "0"}, "7": {"status": "FAIL", "message": "   selenium.common.exceptions.TimeoutException: Message: \n   Stacktrace:\n   0   chromedriver                        0x0000000102a42a88 chromedriver + 4123272\n   1   chromedriver                        0x00000001029ce778 chromedriver + 3647352\n   2   chromedriver                        0x0000000102690ac4 chromedriver + 248516\n   3   chromedriver                        0x00000001026c6f68 chromedriver + 470888\n   4   chromedriver                        0x00000001026f9020 chromedriver + 675872\n   5   chromedriver                        0x00000001026bab10 chromedriver + 420624\n   6   chromedriver                        0x00000001026bbc30 chromedriver + 425008\n   7   chromedriver                        0x0000000102a14ae4 chromedriver + 3934948\n   8   chromedriver                        0x0000000102a17f24 chromedriver + 3948324\n   9   chromedriver                        0x0000000102a18508 chromedriver + 3949832\n   10  chromedriver                        0x0000000102a1eb30 chromedriver + 3975984\n   11  chromedriver                        0x0000000102a18b24 chromedriver + 3951396\n   12  chromedriver                        0x00000001029f371c chromedriver + 3798812\n   13  chromedriver                        0x0000000102a352f0 chromedriver + 4068080\n   14  chromedriver                        0x0000000102a35444 chromedriver + 4068420\n   15  chromedriver                        0x0000000102a49450 chromedriver + 4150352\n   16  libsystem_pthread.dylib             0x00000001b442606c _pthread_start + 148\n   17  libsystem_pthread.dylib             0x00000001b4420e2c thread_start + 8\n", "test_name": "test_8_membuka_halaman_tambah", "rerun": "0"}, "8": {"status": "FAIL", "message": "   KeyError: 'Other Search'\n", "test_name": "test_9_NipSearch_tambah", "rerun": "0"}, "9": {"status": "PASS", "message": "", "test_name": "test_10_input_nip_tambah", "rerun": "0"}, "10": {"status": "PASS", "message": "", "test_name": "test_11_input_namaLengkap_tambah", "rerun": "0"}, "11": {"status": "PASS", "message": "", "test_name": "test_12_input_Jabatan_tambah", "rerun": "0"}, "12": {"status": "FAIL", "message": "   selenium.common.exceptions.TimeoutException: Message: \n   Stacktrace:\n   0   chromedriver                        0x0000000102a42a88 chromedriver + 4123272\n   1   chromedriver                        0x00000001029ce778 chromedriver + 3647352\n   2   chromedriver                        0x0000000102690ac4 chromedriver + 248516\n   3   chromedriver                        0x00000001026c6f68 chromedriver + 470888\n   4   chromedriver                        0x00000001026f9020 chromedriver + 675872\n   5   chromedriver                        0x00000001026bab10 chromedriver + 420624\n   6   chromedriver                        0x00000001026bbc30 chromedriver + 425008\n   7   chromedriver                        0x0000000102a14ae4 chromedriver + 3934948\n   8   chromedriver                        0x0000000102a17f24 chromedriver + 3948324\n   9   chromedriver                        0x0000000102a18508 chromedriver + 3949832\n   10  chromedriver                        0x0000000102a1eb30 chromedriver + 3975984\n   11  chromedriver                        0x0000000102a18b24 chromedriver + 3951396\n   12  chromedriver                        0x00000001029f371c chromedriver + 3798812\n   13  chromedriver                        0x0000000102a352f0 chromedriver + 4068080\n   14  chromedriver                        0x0000000102a35444 chromedriver + 4068420\n   15  chromedriver                        0x0000000102a49450 chromedriver + 4150352\n   16  libsystem_pthread.dylib             0x00000001b442606c _pthread_start + 148\n   17  libsystem_pthread.dylib             0x00000001b4420e2c thread_start + 8\n", "test_name": "test_13_input_keperluan_tambah", "rerun": "0"}, "13": {"status": "PASS", "message": "", "test_name": "test_15_Button_Tambah_to_TamuDinassearch_tambah", "rerun": "0"}, "14": {"status": "FAIL", "message": "   KeyError: 'Other Search'\n", "test_name": "test_16_kategori_TamuDinasNAMA_tambah", "rerun": "0"}, "15": {"status": "FAIL", "message": "   selenium.common.exceptions.ElementClickInterceptedException: Message: element click intercepted: Element <input class=\"el-input__inner\" id=\"inputKategori\" type=\"text\" readonly=\"\" autocomplete=\"off\" placeholder=\"Pilih Kategori\"> is not clickable at point (837, 447). Other element would receive the click: <td class=\"el-descriptions__cell el-descriptions__label is-bordered-label\" colspan=\"1\">...</td>\n     (Session info: chrome=107.0.5304.87)\n   Stacktrace:\n   0   chromedriver                        0x0000000102a42a88 chromedriver + 4123272\n   1   chromedriver                        0x00000001029ce778 chromedriver + 3647352\n   2   chromedriver                        0x0000000102690ac4 chromedriver + 248516\n   3   chromedriver                        0x00000001026cd8a8 chromedriver + 497832\n   4   chromedriver                        0x00000001026cb874 chromedriver + 489588\n   5   chromedriver                        0x00000001026c94e8 chromedriver + 480488\n   6   chromedriver                        0x00000001026c84dc chromedriver + 476380\n   7   chromedriver                        0x00000001026bca00 chromedriver + 428544\n   8   chromedriver                        0x00000001026bc260 chromedriver + 426592\n   9   chromedriver                        0x00000001026f9020 chromedriver + 675872\n   10  chromedriver                        0x00000001026bab10 chromedriver + 420624\n   11  chromedriver                        0x00000001026bbc30 chromedriver + 425008\n   12  chromedriver                        0x0000000102a14ae4 chromedriver + 3934948\n   13  chromedriver                        0x0000000102a17f24 chromedriver + 3948324\n   14  chromedriver                        0x0000000102a18508 chromedriver + 3949832\n   15  chromedriver                        0x0000000102a1eb30 chromedriver + 3975984\n   16  chromedriver                        0x0000000102a18b24 chromedriver + 3951396\n   17  chromedriver                        0x00000001029f371c chromedriver + 3798812\n   18  chromedriver                        0x0000000102a352f0 chromedriver + 4068080\n   19  chromedriver                        0x0000000102a35444 chromedriver + 4068420\n   20  chromedriver                        0x0000000102a49450 chromedriver + 4150352\n   21  libsystem_pthread.dylib             0x00000001b442606c _pthread_start + 148\n   22  libsystem_pthread.dylib             0x00000001b4420e2c thread_start + 8\n", "test_name": "test_17_NamaSearch_TamuDinasNIP_tambah", "rerun": "0"}, "16": {"status": "FAIL", "message": "   selenium.common.exceptions.ElementClickInterceptedException: Message: element click intercepted: Element <input class=\"el-input__inner\" id=\"inputKategori\" type=\"text\" readonly=\"\" autocomplete=\"off\" placeholder=\"Pilih Kategori\"> is not clickable at point (837, 447). Other element would receive the click: <td class=\"el-descriptions__cell el-descriptions__label is-bordered-label\" colspan=\"1\">...</td>\n     (Session info: chrome=107.0.5304.87)\n   Stacktrace:\n   0   chromedriver                        0x0000000102a42a88 chromedriver + 4123272\n   1   chromedriver                        0x00000001029ce778 chromedriver + 3647352\n   2   chromedriver                        0x0000000102690ac4 chromedriver + 248516\n   3   chromedriver                        0x00000001026cd8a8 chromedriver + 497832\n   4   chromedriver                        0x00000001026cb874 chromedriver + 489588\n   5   chromedriver                        0x00000001026c94e8 chromedriver + 480488\n   6   chromedriver                        0x00000001026c84dc chromedriver + 476380\n   7   chromedriver                        0x00000001026bca00 chromedriver + 428544\n   8   chromedriver                        0x00000001026bc260 chromedriver + 426592\n   9   chromedriver                        0x00000001026f9020 chromedriver + 675872\n   10  chromedriver                        0x00000001026bab10 chromedriver + 420624\n   11  chromedriver                        0x00000001026bbc30 chromedriver + 425008\n   12  chromedriver                        0x0000000102a14ae4 chromedriver + 3934948\n   13  chromedriver                        0x0000000102a17f24 chromedriver + 3948324\n   14  chromedriver                        0x0000000102a18508 chromedriver + 3949832\n   15  chromedriver                        0x0000000102a1eb30 chromedriver + 3975984\n   16  chromedriver                        0x0000000102a18b24 chromedriver + 3951396\n   17  chromedriver                        0x00000001029f371c chromedriver + 3798812\n   18  chromedriver                        0x0000000102a352f0 chromedriver + 4068080\n   19  chromedriver                        0x0000000102a35444 chromedriver + 4068420\n   20  chromedriver                        0x0000000102a49450 chromedriver + 4150352\n   21  libsystem_pthread.dylib             0x00000001b442606c _pthread_start + 148\n   22  libsystem_pthread.dylib             0x00000001b4420e2c thread_start + 8\n", "test_name": "test_18_NamaSearch_TamuDinasNIP_tambah", "rerun": "0"}, "17": {"status": "PASS", "message": "", "test_name": "test_19_input_nip_tamuDinas_tambah", "rerun": "0"}, "18": {"status": "PASS", "message": "", "test_name": "test_20_input_nip_tamuDinas_tambah", "rerun": "0"}, "19": {"status": "PASS", "message": "", "test_name": "test_21_Instansi_TamuDinasNIP_tambah", "rerun": "0"}, "20": {"status": "PASS", "message": "", "test_name": "test_21_input_nip_tamuDinas_tambah", "rerun": "0"}, "21": {"status": "PASS", "message": "", "test_name": "test_22_input_nip_tamuDinas_tambah", "rerun": "0"}}, "status": {"total_pass": 15, "total_skip": 0, "total_xpass": 0, "total_xfail": 0, "total_rerun": 0, "total_fail": 7, "total_error": 0}}}}, "date": "November 14, 2022", "start_time": 1668414908.539983, "total_suite": 2, "status": "FAIL", "status_list": {"pass": "32", "fail": "12", "skip": "0", "error": "0", "xpass": "0", "xfail": "0", "rerun": "0"}, "total_tests": "44"}