{"content": {"suites": {"0": {"status": {"total_pass": 19, "total_skip": 0, "total_xpass": 0, "total_xfail": 0, "total_rerun": 0, "total_fail": 2, "total_error": 0}, "tests": {"0": {"status": "PASS", "message": "", "test_name": "test_1_setupOS", "rerun": "0"}, "1": {"status": "PASS", "message": "", "test_name": "test_2_login", "rerun": "0"}, "2": {"status": "PASS", "message": "", "test_name": "test_3_akses_menu_index", "rerun": "0"}, "3": {"status": "PASS", "message": "", "test_name": "test_4_membuka_halaman_tambah", "rerun": "0"}, "4": {"status": "PASS", "message": "", "test_name": "test_5_kategori_Pegawai_tambah", "rerun": "0"}, "5": {"status": "PASS", "message": "", "test_name": "test_6_NamaSearch_Pegawai_tambah", "rerun": "0"}, "6": {"status": "PASS", "message": "", "test_name": "test_8_membuka_halaman_tambah", "rerun": "0"}, "7": {"status": "FAIL", "message": "   selenium.common.exceptions.TimeoutException: Message: \n   Stacktrace:\n   0   chromedriver                        0x0000000100ff6a88 chromedriver + 4123272\n   1   chromedriver                        0x0000000100f82778 chromedriver + 3647352\n   2   chromedriver                        0x0000000100c44ac4 chromedriver + 248516\n   3   chromedriver                        0x0000000100c7af68 chromedriver + 470888\n   4   chromedriver                        0x0000000100cad020 chromedriver + 675872\n   5   chromedriver                        0x0000000100c6eb10 chromedriver + 420624\n   6   chromedriver                        0x0000000100c6fc30 chromedriver + 425008\n   7   chromedriver                        0x0000000100fc8ae4 chromedriver + 3934948\n   8   chromedriver                        0x0000000100fcbf24 chromedriver + 3948324\n   9   chromedriver                        0x0000000100fcc508 chromedriver + 3949832\n   10  chromedriver                        0x0000000100fd2b30 chromedriver + 3975984\n   11  chromedriver                        0x0000000100fccb24 chromedriver + 3951396\n   12  chromedriver                        0x0000000100fa771c chromedriver + 3798812\n   13  chromedriver                        0x0000000100fe92f0 chromedriver + 4068080\n   14  chromedriver                        0x0000000100fe9444 chromedriver + 4068420\n   15  chromedriver                        0x0000000100ffd450 chromedriver + 4150352\n   16  libsystem_pthread.dylib             0x00000001b442606c _pthread_start + 148\n   17  libsystem_pthread.dylib             0x00000001b4420e2c thread_start + 8\n", "test_name": "test_9_NipSearch_tambah", "rerun": "0"}, "8": {"status": "PASS", "message": "", "test_name": "test_10_input_nip_tambah", "rerun": "0"}, "9": {"status": "PASS", "message": "", "test_name": "test_11_input_namaLengkap_tambah", "rerun": "0"}, "10": {"status": "PASS", "message": "", "test_name": "test_12_input_Jabatan_tambah", "rerun": "0"}, "11": {"status": "PASS", "message": "", "test_name": "test_13_input_keperluan_tambah", "rerun": "0"}, "12": {"status": "PASS", "message": "", "test_name": "test_15_Button_Tambah_to_TamuDinassearch_tambah", "rerun": "0"}, "13": {"status": "PASS", "message": "", "test_name": "test_16_kategori_TamuDinasNAMA_tambah", "rerun": "0"}, "14": {"status": "FAIL", "message": "   selenium.common.exceptions.TimeoutException: Message: \n   Stacktrace:\n   0   chromedriver                        0x0000000100ff6a88 chromedriver + 4123272\n   1   chromedriver                        0x0000000100f82778 chromedriver + 3647352\n   2   chromedriver                        0x0000000100c44ac4 chromedriver + 248516\n   3   chromedriver                        0x0000000100c7af68 chromedriver + 470888\n   4   chromedriver                        0x0000000100cad020 chromedriver + 675872\n   5   chromedriver                        0x0000000100c6eb10 chromedriver + 420624\n   6   chromedriver                        0x0000000100c6fc30 chromedriver + 425008\n   7   chromedriver                        0x0000000100fc8ae4 chromedriver + 3934948\n   8   chromedriver                        0x0000000100fcbf24 chromedriver + 3948324\n   9   chromedriver                        0x0000000100fcc508 chromedriver + 3949832\n   10  chromedriver                        0x0000000100fd2b30 chromedriver + 3975984\n   11  chromedriver                        0x0000000100fccb24 chromedriver + 3951396\n   12  chromedriver                        0x0000000100fa771c chromedriver + 3798812\n   13  chromedriver                        0x0000000100fe92f0 chromedriver + 4068080\n   14  chromedriver                        0x0000000100fe9444 chromedriver + 4068420\n   15  chromedriver                        0x0000000100ffd450 chromedriver + 4150352\n   16  libsystem_pthread.dylib             0x00000001b442606c _pthread_start + 148\n   17  libsystem_pthread.dylib             0x00000001b4420e2c thread_start + 8\n", "test_name": "test_17_NamaSearch_TamuDinasNIP_tambah", "rerun": "0"}, "15": {"status": "PASS", "message": "", "test_name": "test_18_NamaSearch_TamuDinasNIP_tambah", "rerun": "0"}, "16": {"status": "PASS", "message": "", "test_name": "test_19_input_nip_tamuDinas_tambah", "rerun": "0"}, "17": {"status": "PASS", "message": "", "test_name": "test_20_input_nip_tamuDinas_tambah", "rerun": "0"}, "18": {"status": "PASS", "message": "", "test_name": "test_21_Instansi_TamuDinasNIP_tambah", "rerun": "0"}, "19": {"status": "PASS", "message": "", "test_name": "test_21_input_nip_tamuDinas_tambah", "rerun": "0"}, "20": {"status": "PASS", "message": "", "test_name": "test_22_input_nip_tamuDinas_tambah", "rerun": "0"}}, "suite_name": "test_2Fungsi_P2U_Tambah.py"}}}, "date": "November 14, 2022", "start_time": 1668416195.55305, "total_suite": 1, "status": "FAIL", "status_list": {"pass": "19", "fail": "2", "skip": "0", "error": "0", "xpass": "0", "xfail": "0", "rerun": "0"}, "total_tests": "21"}