{"content": {"suites": {"0": {"status": {"total_pass": 3, "total_skip": 0, "total_xpass": 0, "total_xfail": 0, "total_rerun": 0, "total_fail": 2, "total_error": 0}, "tests": {"0": {"status": "PASS", "message": "", "test_name": "test_1_SetupOS", "rerun": "0"}, "1": {"status": "PASS", "message": "", "test_name": "test_2_Login", "rerun": "0"}, "2": {"status": "PASS", "message": "", "test_name": "test_3_Akses_menu", "rerun": "0"}, "3": {"status": "FAIL", "message": "   selenium.common.exceptions.TimeoutException: Message:\n", "test_name": "test_4_ButtonTambah_PegawaiTambah", "rerun": "0"}, "4": {"status": "FAIL", "message": "   selenium.common.exceptions.NoSuchElementException: Message: no such element: Unable to locate element: {\"method\":\"css selector\",\"selector\":\"tr:nth-child(1) > .el-descriptions__label\"}\n     (Session info: chrome=108.0.5359.71)\n   Stacktrace:\n   0   chromedriver                        0x000000010085aa88 chromedriver + 4123272\n   1   chromedriver                        0x00000001007e6778 chromedriver + 3647352\n   2   chromedriver                        0x00000001004a8ac4 chromedriver + 248516\n   3   chromedriver                        0x00000001004def68 chromedriver + 470888\n   4   chromedriver                        0x0000000100511020 chromedriver + 675872\n   5   chromedriver                        0x00000001004d2b10 chromedriver + 420624\n   6   chromedriver                        0x00000001004d3c30 chromedriver + 425008\n   7   chromedriver                        0x000000010082cae4 chromedriver + 3934948\n   8   chromedriver                        0x000000010082ff24 chromedriver + 3948324\n   9   chromedriver                        0x0000000100830508 chromedriver + 3949832\n   10  chromedriver                        0x0000000100836b30 chromedriver + 3975984\n   11  chromedriver                        0x0000000100830b24 chromedriver + 3951396\n   12  chromedriver                        0x000000010080b71c chromedriver + 3798812\n   13  chromedriver                        0x000000010084d2f0 chromedriver + 4068080\n   14  chromedriver                        0x000000010084d444 chromedriver + 4068420\n   15  chromedriver                        0x0000000100861450 chromedriver + 4150352\n   16  libsystem_pthread.dylib             0x00000001926ba06c _pthread_start + 148\n   17  libsystem_pthread.dylib             0x00000001926b4e2c thread_start + 8\n", "test_name": "test_5_Input", "rerun": "0"}}, "suite_name": "test_2Fungsi_P2U_ManualTambah.py"}}}, "date": "December 02, 2022", "start_time": 1669975711.3405938, "total_suite": 1, "status": "FAIL", "status_list": {"pass": "3", "fail": "2", "skip": "0", "error": "0", "xpass": "0", "xfail": "0", "rerun": "0"}, "total_tests": "5"}