{"content": {"suites": {"0": {"status": {"total_pass": 4, "total_skip": 0, "total_xpass": 0, "total_xfail": 0, "total_rerun": 0, "total_fail": 7, "total_error": 0}, "tests": {"0": {"status": "PASS", "message": "", "test_name": "test_1_setupOS", "rerun": "0"}, "1": {"status": "PASS", "message": "", "test_name": "test_2_login_HalamanEdit", "rerun": "0"}, "2": {"status": "PASS", "message": "", "test_name": "test_3_akses_menu_HalamanEdit", "rerun": "0"}, "3": {"status": "PASS", "message": "", "test_name": "test_7_sortir_table_cari_nama_cari_identitas", "rerun": "0"}, "4": {"status": "FAIL", "message": "   selenium.common.exceptions.ElementClickInterceptedException: Message: element click intercepted: Element <svg xmlns=\"http://www.w3.org/2000/svg\" viewBox=\"0 0 20 20\" fill=\"currentColor\" aria-hidden=\"true\" class=\"h-5 w-5\">...</svg> is not clickable at point (1330, 494). Other element would receive the click: <div class=\"el-loading-mask el-loading-fade-leave-active el-loading-fade-leave-to\" style=\"\">...</div>\n     (Session info: chrome=107.0.5304.87)\n   Stacktrace:\n   0   chromedriver                        0x0000000100d92a88 chromedriver + 4123272\n   1   chromedriver                        0x0000000100d1e778 chromedriver + 3647352\n   2   chromedriver                        0x00000001009e0ac4 chromedriver + 248516\n   3   chromedriver                        0x0000000100a1d8a8 chromedriver + 497832\n   4   chromedriver                        0x0000000100a1b874 chromedriver + 489588\n   5   chromedriver                        0x0000000100a194e8 chromedriver + 480488\n   6   chromedriver                        0x0000000100a184dc chromedriver + 476380\n   7   chromedriver                        0x0000000100a0ca00 chromedriver + 428544\n   8   chromedriver                        0x0000000100a0c260 chromedriver + 426592\n   9   chromedriver                        0x0000000100a49020 chromedriver + 675872\n   10  chromedriver                        0x0000000100a0ab10 chromedriver + 420624\n   11  chromedriver                        0x0000000100a0bc30 chromedriver + 425008\n   12  chromedriver                        0x0000000100d64ae4 chromedriver + 3934948\n   13  chromedriver                        0x0000000100d67f24 chromedriver + 3948324\n   14  chromedriver                        0x0000000100d68508 chromedriver + 3949832\n   15  chromedriver                        0x0000000100d6eb30 chromedriver + 3975984\n   16  chromedriver                        0x0000000100d68b24 chromedriver + 3951396\n   17  chromedriver                        0x0000000100d4371c chromedriver + 3798812\n   18  chromedriver                        0x0000000100d852f0 chromedriver + 4068080\n   19  chromedriver                        0x0000000100d85444 chromedriver + 4068420\n   20  chromedriver                        0x0000000100d99450 chromedriver + 4150352\n   21  libsystem_pthread.dylib             0x00000001b173606c _pthread_start + 148\n   22  libsystem_pthread.dylib             0x00000001b1730e2c thread_start + 8\n", "test_name": "test_4_Click_ButtonUbah_HalamanEdit", "rerun": "0"}, "5": {"status": "FAIL", "message": "   selenium.common.exceptions.TimeoutException: Message:\n", "test_name": "test_5__sortir_detil_wbp_HalamanEdit", "rerun": "0"}, "6": {"status": "FAIL", "message": "   selenium.common.exceptions.NoSuchWindowException: Message: no such window: target window already closed\n   from unknown error: web view not found\n     (Session info: chrome=107.0.5304.87)\n   Stacktrace:\n   0   chromedriver                        0x0000000100d92a88 chromedriver + 4123272\n   1   chromedriver                        0x0000000100d1e778 chromedriver + 3647352\n   2   chromedriver                        0x00000001009e0ac4 chromedriver + 248516\n   3   chromedriver                        0x00000001009c0304 chromedriver + 115460\n   4   chromedriver                        0x0000000100a36e64 chromedriver + 601700\n   5   chromedriver                        0x0000000100a48744 chromedriver + 673604\n   6   chromedriver                        0x0000000100a0ab10 chromedriver + 420624\n   7   chromedriver                        0x0000000100a0bc30 chromedriver + 425008\n   8   chromedriver                        0x0000000100d64ae4 chromedriver + 3934948\n   9   chromedriver                        0x0000000100d67f24 chromedriver + 3948324\n   10  chromedriver                        0x0000000100d68508 chromedriver + 3949832\n   11  chromedriver                        0x0000000100d6eb30 chromedriver + 3975984\n   12  chromedriver                        0x0000000100d68b24 chromedriver + 3951396\n   13  chromedriver                        0x0000000100d4371c chromedriver + 3798812\n   14  chromedriver                        0x0000000100d852f0 chromedriver + 4068080\n   15  chromedriver                        0x0000000100d85444 chromedriver + 4068420\n   16  chromedriver                        0x0000000100d99450 chromedriver + 4150352\n   17  libsystem_pthread.dylib             0x00000001b173606c _pthread_start + 148\n   18  libsystem_pthread.dylib             0x00000001b1730e2c thread_start + 8\n", "test_name": "test_6_detile_perkara_HalamanEdit", "rerun": "0"}, "7": {"status": "FAIL", "message": "   selenium.common.exceptions.NoSuchWindowException: Message: no such window: target window already closed\n   from unknown error: web view not found\n     (Session info: chrome=107.0.5304.87)\n   Stacktrace:\n   0   chromedriver                        0x0000000100d92a88 chromedriver + 4123272\n   1   chromedriver                        0x0000000100d1e778 chromedriver + 3647352\n   2   chromedriver                        0x00000001009e0ac4 chromedriver + 248516\n   3   chromedriver                        0x00000001009c0304 chromedriver + 115460\n   4   chromedriver                        0x0000000100a36e64 chromedriver + 601700\n   5   chromedriver                        0x0000000100a48744 chromedriver + 673604\n   6   chromedriver                        0x0000000100a0ab10 chromedriver + 420624\n   7   chromedriver                        0x0000000100a0bc30 chromedriver + 425008\n   8   chromedriver                        0x0000000100d64ae4 chromedriver + 3934948\n   9   chromedriver                        0x0000000100d67f24 chromedriver + 3948324\n   10  chromedriver                        0x0000000100d68508 chromedriver + 3949832\n   11  chromedriver                        0x0000000100d6eb30 chromedriver + 3975984\n   12  chromedriver                        0x0000000100d68b24 chromedriver + 3951396\n   13  chromedriver                        0x0000000100d4371c chromedriver + 3798812\n   14  chromedriver                        0x0000000100d852f0 chromedriver + 4068080\n   15  chromedriver                        0x0000000100d85444 chromedriver + 4068420\n   16  chromedriver                        0x0000000100d99450 chromedriver + 4150352\n   17  libsystem_pthread.dylib             0x00000001b173606c _pthread_start + 148\n   18  libsystem_pthread.dylib             0x00000001b1730e2c thread_start + 8\n", "test_name": "test_7_Muat_Ulang_HalamanEdit", "rerun": "0"}, "8": {"status": "FAIL", "message": "   selenium.common.exceptions.NoSuchWindowException: Message: no such window: target window already closed\n   from unknown error: web view not found\n     (Session info: chrome=107.0.5304.87)\n   Stacktrace:\n   0   chromedriver                        0x0000000100d92a88 chromedriver + 4123272\n   1   chromedriver                        0x0000000100d1e778 chromedriver + 3647352\n   2   chromedriver                        0x00000001009e0ac4 chromedriver + 248516\n   3   chromedriver                        0x00000001009c0304 chromedriver + 115460\n   4   chromedriver                        0x0000000100a36e64 chromedriver + 601700\n   5   chromedriver                        0x0000000100a48744 chromedriver + 673604\n   6   chromedriver                        0x0000000100a0ab10 chromedriver + 420624\n   7   chromedriver                        0x0000000100a0bc30 chromedriver + 425008\n   8   chromedriver                        0x0000000100d64ae4 chromedriver + 3934948\n   9   chromedriver                        0x0000000100d67f24 chromedriver + 3948324\n   10  chromedriver                        0x0000000100d68508 chromedriver + 3949832\n   11  chromedriver                        0x0000000100d6eb30 chromedriver + 3975984\n   12  chromedriver                        0x0000000100d68b24 chromedriver + 3951396\n   13  chromedriver                        0x0000000100d4371c chromedriver + 3798812\n   14  chromedriver                        0x0000000100d852f0 chromedriver + 4068080\n   15  chromedriver                        0x0000000100d85444 chromedriver + 4068420\n   16  chromedriver                        0x0000000100d99450 chromedriver + 4150352\n   17  libsystem_pthread.dylib             0x00000001b173606c _pthread_start + 148\n   18  libsystem_pthread.dylib             0x00000001b1730e2c thread_start + 8\n", "test_name": "test_8_Ubah_Deskripsi_HalamanEdit", "rerun": "0"}, "9": {"status": "FAIL", "message": "   selenium.common.exceptions.NoSuchWindowException: Message: no such window: target window already closed\n   from unknown error: web view not found\n     (Session info: chrome=107.0.5304.87)\n   Stacktrace:\n   0   chromedriver                        0x0000000100d92a88 chromedriver + 4123272\n   1   chromedriver                        0x0000000100d1e778 chromedriver + 3647352\n   2   chromedriver                        0x00000001009e0ac4 chromedriver + 248516\n   3   chromedriver                        0x00000001009c0304 chromedriver + 115460\n   4   chromedriver                        0x0000000100a36e64 chromedriver + 601700\n   5   chromedriver                        0x0000000100a48744 chromedriver + 673604\n   6   chromedriver                        0x0000000100a0ab10 chromedriver + 420624\n   7   chromedriver                        0x0000000100a0bc30 chromedriver + 425008\n   8   chromedriver                        0x0000000100d64ae4 chromedriver + 3934948\n   9   chromedriver                        0x0000000100d67f24 chromedriver + 3948324\n   10  chromedriver                        0x0000000100d68508 chromedriver + 3949832\n   11  chromedriver                        0x0000000100d6eb30 chromedriver + 3975984\n   12  chromedriver                        0x0000000100d68b24 chromedriver + 3951396\n   13  chromedriver                        0x0000000100d4371c chromedriver + 3798812\n   14  chromedriver                        0x0000000100d852f0 chromedriver + 4068080\n   15  chromedriver                        0x0000000100d85444 chromedriver + 4068420\n   16  chromedriver                        0x0000000100d99450 chromedriver + 4150352\n   17  libsystem_pthread.dylib             0x00000001b173606c _pthread_start + 148\n   18  libsystem_pthread.dylib             0x00000001b1730e2c thread_start + 8\n", "test_name": "test_Ubah_Tanggal_Keluar_Edit", "rerun": "0"}, "10": {"status": "FAIL", "message": "   selenium.common.exceptions.NoSuchWindowException: Message: no such window: target window already closed\n   from unknown error: web view not found\n     (Session info: chrome=107.0.5304.87)\n   Stacktrace:\n   0   chromedriver                        0x0000000100d92a88 chromedriver + 4123272\n   1   chromedriver                        0x0000000100d1e778 chromedriver + 3647352\n   2   chromedriver                        0x00000001009e0ac4 chromedriver + 248516\n   3   chromedriver                        0x00000001009c0304 chromedriver + 115460\n   4   chromedriver                        0x0000000100a36e64 chromedriver + 601700\n   5   chromedriver                        0x0000000100a48744 chromedriver + 673604\n   6   chromedriver                        0x0000000100a0ab10 chromedriver + 420624\n   7   chromedriver                        0x0000000100a0bc30 chromedriver + 425008\n   8   chromedriver                        0x0000000100d64ae4 chromedriver + 3934948\n   9   chromedriver                        0x0000000100d67f24 chromedriver + 3948324\n   10  chromedriver                        0x0000000100d68508 chromedriver + 3949832\n   11  chromedriver                        0x0000000100d6eb30 chromedriver + 3975984\n   12  chromedriver                        0x0000000100d68b24 chromedriver + 3951396\n   13  chromedriver                        0x0000000100d4371c chromedriver + 3798812\n   14  chromedriver                        0x0000000100d852f0 chromedriver + 4068080\n   15  chromedriver                        0x0000000100d85444 chromedriver + 4068420\n   16  chromedriver                        0x0000000100d99450 chromedriver + 4150352\n   17  libsystem_pthread.dylib             0x00000001b173606c _pthread_start + 148\n   18  libsystem_pthread.dylib             0x00000001b1730e2c thread_start + 8\n", "test_name": "test_Ubah_Tanggal_kembali_Edit", "rerun": "0"}}, "suite_name": "test_4Fungsi_Daftar_Lalu_Lintas_Edit.py"}}}, "date": "November 10, 2022", "start_time": 1668048225.052181, "total_suite": 1, "status": "FAIL", "status_list": {"pass": "4", "fail": "7", "skip": "0", "error": "0", "xpass": "0", "xfail": "0", "rerun": "0"}, "total_tests": "11"}