{"content": {"suites": {"0": {"status": {"total_pass": 3, "total_skip": 0, "total_xpass": 0, "total_xfail": 0, "total_rerun": 0, "total_fail": 4, "total_error": 0}, "tests": {"0": {"status": "FAIL", "message": "   NameError: name 'driver' is not defined\n", "test_name": "test_8_sortir_detil_wbp_HalamanTambah", "rerun": "0"}, "1": {"status": "PASS", "message": "", "test_name": "test_1_setupOS", "rerun": "0"}, "2": {"status": "PASS", "message": "", "test_name": "test_2_login_HalamanEdit", "rerun": "0"}, "3": {"status": "FAIL", "message": "   AttributeError: 'NoneType' object has no attribute 'click'\n", "test_name": "test_3_akses_menu_HalamanEdit", "rerun": "0"}, "4": {"status": "FAIL", "message": "   selenium.common.exceptions.NoSuchWindowException: Message: no such window: target window already closed\n   from unknown error: web view not found\n     (Session info: chrome=107.0.5304.87)\n   Stacktrace:\n   0   chromedriver                        0x0000000104b6ea88 chromedriver + 4123272\n   1   chromedriver                        0x0000000104afa778 chromedriver + 3647352\n   2   chromedriver                        0x00000001047bcac4 chromedriver + 248516\n   3   chromedriver                        0x000000010479c304 chromedriver + 115460\n   4   chromedriver                        0x0000000104812e64 chromedriver + 601700\n   5   chromedriver                        0x0000000104824744 chromedriver + 673604\n   6   chromedriver                        0x00000001047e6b10 chromedriver + 420624\n   7   chromedriver                        0x00000001047e7c30 chromedriver + 425008\n   8   chromedriver                        0x0000000104b40ae4 chromedriver + 3934948\n   9   chromedriver                        0x0000000104b43f24 chromedriver + 3948324\n   10  chromedriver                        0x0000000104b44508 chromedriver + 3949832\n   11  chromedriver                        0x0000000104b4ab30 chromedriver + 3975984\n   12  chromedriver                        0x0000000104b44b24 chromedriver + 3951396\n   13  chromedriver                        0x0000000104b1f71c chromedriver + 3798812\n   14  chromedriver                        0x0000000104b612f0 chromedriver + 4068080\n   15  chromedriver                        0x0000000104b61444 chromedriver + 4068420\n   16  chromedriver                        0x0000000104b75450 chromedriver + 4150352\n   17  libsystem_pthread.dylib             0x000000018b53e06c _pthread_start + 148\n   18  libsystem_pthread.dylib             0x000000018b538e2c thread_start + 8\n", "test_name": "test_4_Click_ButtonUbah_HalamanEdit", "rerun": "0"}, "5": {"status": "PASS", "message": "", "test_name": "test_5__sortir_detil_wbp_HalamanTambah", "rerun": "0"}, "6": {"status": "FAIL", "message": "   selenium.common.exceptions.NoSuchWindowException: Message: no such window: target window already closed\n   from unknown error: web view not found\n     (Session info: chrome=107.0.5304.87)\n   Stacktrace:\n   0   chromedriver                        0x0000000104b6ea88 chromedriver + 4123272\n   1   chromedriver                        0x0000000104afa778 chromedriver + 3647352\n   2   chromedriver                        0x00000001047bcac4 chromedriver + 248516\n   3   chromedriver                        0x000000010479c304 chromedriver + 115460\n   4   chromedriver                        0x0000000104812e64 chromedriver + 601700\n   5   chromedriver                        0x0000000104824744 chromedriver + 673604\n   6   chromedriver                        0x00000001047e6b10 chromedriver + 420624\n   7   chromedriver                        0x00000001047e7c30 chromedriver + 425008\n   8   chromedriver                        0x0000000104b40ae4 chromedriver + 3934948\n   9   chromedriver                        0x0000000104b43f24 chromedriver + 3948324\n   10  chromedriver                        0x0000000104b44508 chromedriver + 3949832\n   11  chromedriver                        0x0000000104b4ab30 chromedriver + 3975984\n   12  chromedriver                        0x0000000104b44b24 chromedriver + 3951396\n   13  chromedriver                        0x0000000104b1f71c chromedriver + 3798812\n   14  chromedriver                        0x0000000104b612f0 chromedriver + 4068080\n   15  chromedriver                        0x0000000104b61444 chromedriver + 4068420\n   16  chromedriver                        0x0000000104b75450 chromedriver + 4150352\n   17  libsystem_pthread.dylib             0x000000018b53e06c _pthread_start + 148\n   18  libsystem_pthread.dylib             0x000000018b538e2c thread_start + 8\n", "test_name": "test_Muat_Ulang_Edit", "rerun": "0"}}, "suite_name": "test_4Fungsi_Daftar_Lalu_Lintas_Edit.py"}}}, "date": "November 09, 2022", "start_time": 1667980017.900555, "total_suite": 1, "status": "FAIL", "status_list": {"pass": "3", "fail": "4", "skip": "0", "error": "0", "xpass": "0", "xfail": "0", "rerun": "0"}, "total_tests": "7"}