{"content": {"suites": {"0": {"status": {"total_pass": 17, "total_skip": 0, "total_xpass": 0, "total_xfail": 0, "total_rerun": 0, "total_fail": 3, "total_error": 0}, "tests": {"0": {"status": "PASS", "message": "", "test_name": "test_1_setupOS", "rerun": "0"}, "1": {"status": "PASS", "message": "", "test_name": "test_2_login", "rerun": "0"}, "2": {"status": "PASS", "message": "", "test_name": "test_DLP_001", "rerun": "0"}, "3": {"status": "PASS", "message": "", "test_name": "test_DLP_002", "rerun": "0"}, "4": {"status": "PASS", "message": "", "test_name": "test_DLP_003", "rerun": "0"}, "5": {"status": "PASS", "message": "", "test_name": "test_DLP_004", "rerun": "0"}, "6": {"status": "PASS", "message": "", "test_name": "test_DLP_005", "rerun": "0"}, "7": {"status": "PASS", "message": "", "test_name": "test_DLP_006", "rerun": "0"}, "8": {"status": "PASS", "message": "", "test_name": "test_DLP_007", "rerun": "0"}, "9": {"status": "PASS", "message": "", "test_name": "test_DLP_008", "rerun": "0"}, "10": {"status": "PASS", "message": "", "test_name": "test_DLP_009", "rerun": "0"}, "11": {"status": "PASS", "message": "", "test_name": "test_DLP_010", "rerun": "0"}, "12": {"status": "FAIL", "message": "   selenium.common.exceptions.TimeoutException: Message: \n   Stacktrace:\n   0   chromedriver                        0x00000001045d6a88 chromedriver + 4123272\n   1   chromedriver                        0x0000000104562778 chromedriver + 3647352\n   2   chromedriver                        0x0000000104224ac4 chromedriver + 248516\n   3   chromedriver                        0x000000010425af68 chromedriver + 470888\n   4   chromedriver                        0x000000010428d020 chromedriver + 675872\n   5   chromedriver                        0x000000010424eb10 chromedriver + 420624\n   6   chromedriver                        0x000000010424fc30 chromedriver + 425008\n   7   chromedriver                        0x00000001045a8ae4 chromedriver + 3934948\n   8   chromedriver                        0x00000001045abf24 chromedriver + 3948324\n   9   chromedriver                        0x00000001045ac508 chromedriver + 3949832\n   10  chromedriver                        0x00000001045b2b30 chromedriver + 3975984\n   11  chromedriver                        0x00000001045acb24 chromedriver + 3951396\n   12  chromedriver                        0x000000010458771c chromedriver + 3798812\n   13  chromedriver                        0x00000001045c92f0 chromedriver + 4068080\n   14  chromedriver                        0x00000001045c9444 chromedriver + 4068420\n   15  chromedriver                        0x00000001045dd450 chromedriver + 4150352\n   16  libsystem_pthread.dylib             0x000000018c3c606c _pthread_start + 148\n   17  libsystem_pthread.dylib             0x000000018c3c0e2c thread_start + 8\n", "test_name": "test_DLP_011", "rerun": "0"}, "13": {"status": "FAIL", "message": "   selenium.common.exceptions.TimeoutException: Message: \n   Stacktrace:\n   0   chromedriver                        0x00000001045d6a88 chromedriver + 4123272\n   1   chromedriver                        0x0000000104562778 chromedriver + 3647352\n   2   chromedriver                        0x0000000104224ac4 chromedriver + 248516\n   3   chromedriver                        0x000000010425af68 chromedriver + 470888\n   4   chromedriver                        0x000000010428d020 chromedriver + 675872\n   5   chromedriver                        0x000000010424eb10 chromedriver + 420624\n   6   chromedriver                        0x000000010424fc30 chromedriver + 425008\n   7   chromedriver                        0x00000001045a8ae4 chromedriver + 3934948\n   8   chromedriver                        0x00000001045abf24 chromedriver + 3948324\n   9   chromedriver                        0x00000001045ac508 chromedriver + 3949832\n   10  chromedriver                        0x00000001045b2b30 chromedriver + 3975984\n   11  chromedriver                        0x00000001045acb24 chromedriver + 3951396\n   12  chromedriver                        0x000000010458771c chromedriver + 3798812\n   13  chromedriver                        0x00000001045c92f0 chromedriver + 4068080\n   14  chromedriver                        0x00000001045c9444 chromedriver + 4068420\n   15  chromedriver                        0x00000001045dd450 chromedriver + 4150352\n   16  libsystem_pthread.dylib             0x000000018c3c606c _pthread_start + 148\n   17  libsystem_pthread.dylib             0x000000018c3c0e2c thread_start + 8\n", "test_name": "test_DLP_012", "rerun": "0"}, "14": {"status": "PASS", "message": "", "test_name": "test_DLP_013", "rerun": "0"}, "15": {"status": "PASS", "message": "", "test_name": "test_DLP014_DLP015", "rerun": "0"}, "16": {"status": "PASS", "message": "", "test_name": "test_DLP016", "rerun": "0"}, "17": {"status": "FAIL", "message": "   selenium.common.exceptions.TimeoutException: Message: \n   Stacktrace:\n   0   chromedriver                        0x00000001045d6a88 chromedriver + 4123272\n   1   chromedriver                        0x0000000104562778 chromedriver + 3647352\n   2   chromedriver                        0x0000000104224ac4 chromedriver + 248516\n   3   chromedriver                        0x000000010425af68 chromedriver + 470888\n   4   chromedriver                        0x000000010428d020 chromedriver + 675872\n   5   chromedriver                        0x000000010424eb10 chromedriver + 420624\n   6   chromedriver                        0x000000010424fc30 chromedriver + 425008\n   7   chromedriver                        0x00000001045a8ae4 chromedriver + 3934948\n   8   chromedriver                        0x00000001045abf24 chromedriver + 3948324\n   9   chromedriver                        0x00000001045ac508 chromedriver + 3949832\n   10  chromedriver                        0x00000001045b2b30 chromedriver + 3975984\n   11  chromedriver                        0x00000001045acb24 chromedriver + 3951396\n   12  chromedriver                        0x000000010458771c chromedriver + 3798812\n   13  chromedriver                        0x00000001045c92f0 chromedriver + 4068080\n   14  chromedriver                        0x00000001045c9444 chromedriver + 4068420\n   15  chromedriver                        0x00000001045dd450 chromedriver + 4150352\n   16  libsystem_pthread.dylib             0x000000018c3c606c _pthread_start + 148\n   17  libsystem_pthread.dylib             0x000000018c3c0e2c thread_start + 8\n", "test_name": "test_DLP017", "rerun": "0"}, "18": {"status": "PASS", "message": "", "test_name": "test_DLP018", "rerun": "0"}, "19": {"status": "PASS", "message": "", "test_name": "test_exit", "rerun": "0"}}, "suite_name": "test_DaftarLaluLintas.py"}}}, "date": "December 16, 2022", "start_time": 1671174824.163858, "total_suite": 1, "status": "FAIL", "status_list": {"pass": "17", "fail": "3", "skip": "0", "error": "0", "xpass": "0", "xfail": "0", "rerun": "0"}, "total_tests": "20"}