{"content": {"suites": {"0": {"status": {"total_pass": 4, "total_skip": 0, "total_xpass": 0, "total_xfail": 0, "total_rerun": 0, "total_fail": 3, "total_error": 0}, "tests": {"0": {"status": "PASS", "message": "", "test_name": "test_TC_GIATJA_008", "rerun": "0"}, "1": {"status": "FAIL", "message": "   selenium.common.exceptions.TimeoutException: Message: \n   Stacktrace:\n   0   chromedriver                        0x0000000104c2a65c chromedriver + 4318812\n   1   chromedriver                        0x0000000104c22d00 chromedriver + 4287744\n   2   chromedriver                        0x00000001048547ec chromedriver + 296940\n   3   chromedriver                        0x0000000104892048 chromedriver + 548936\n   4   chromedriver                        0x00000001048cad28 chromedriver + 781608\n   5   chromedriver                        0x0000000104886178 chromedriver + 500088\n   6   chromedriver                        0x0000000104886fc0 chromedriver + 503744\n   7   chromedriver                        0x0000000104beac40 chromedriver + 4058176\n   8   chromedriver                        0x0000000104bef160 chromedriver + 4075872\n   9   chromedriver                        0x0000000104bb2e68 chromedriver + 3829352\n   10  chromedriver                        0x0000000104befc4c chromedriver + 4078668\n   11  chromedriver                        0x0000000104bc7f08 chromedriver + 3915528\n   12  chromedriver                        0x0000000104c0c140 chromedriver + 4194624\n   13  chromedriver                        0x0000000104c0c2c4 chromedriver + 4195012\n   14  chromedriver                        0x0000000104c1c4d0 chromedriver + 4261072\n   15  libsystem_pthread.dylib             0x00000001871a3fa8 _pthread_start + 148\n   16  libsystem_pthread.dylib             0x000000018719eda0 thread_start + 8\n   selenium.common.exceptions.NoSuchElementException: Message: no such element: Unable to locate element: {\"method\":\"css selector\",\"selector\":\"[id=\"jenisProduk1-opt1\"]\"}\n     (Session info: chrome=116.0.5845.110)\n   Stacktrace:\n   0   chromedriver                        0x0000000104c2a65c chromedriver + 4318812\n   1   chromedriver                        0x0000000104c22d00 chromedriver + 4287744\n   2   chromedriver                        0x00000001048547ec chromedriver + 296940\n   3   chromedriver                        0x0000000104892048 chromedriver + 548936\n   4   chromedriver                        0x00000001048cad28 chromedriver + 781608\n   5   chromedriver                        0x0000000104886178 chromedriver + 500088\n   6   chromedriver                        0x0000000104886fc0 chromedriver + 503744\n   7   chromedriver                        0x0000000104beac40 chromedriver + 4058176\n   8   chromedriver                        0x0000000104bef160 chromedriver + 4075872\n   9   chromedriver                        0x0000000104bb2e68 chromedriver + 3829352\n   10  chromedriver                        0x0000000104befc4c chromedriver + 4078668\n   11  chromedriver                        0x0000000104bc7f08 chromedriver + 3915528\n   12  chromedriver                        0x0000000104c0c140 chromedriver + 4194624\n   13  chromedriver                        0x0000000104c0c2c4 chromedriver + 4195012\n   14  chromedriver                        0x0000000104c1c4d0 chromedriver + 4261072\n   15  libsystem_pthread.dylib             0x00000001871a3fa8 _pthread_start + 148\n   16  libsystem_pthread.dylib             0x000000018719eda0 thread_start + 8\n", "test_name": "test_TC_GIATJA_009", "rerun": "0"}, "2": {"status": "PASS", "message": "", "test_name": "test_TC_GIATJA_010", "rerun": "0"}, "3": {"status": "PASS", "message": "", "test_name": "test_TC_GIATJA_011", "rerun": "0"}, "4": {"status": "PASS", "message": "", "test_name": "test_TC_GIATJA_012", "rerun": "0"}, "5": {"status": "FAIL", "message": "   selenium.common.exceptions.ElementClickInterceptedException: Message: element click intercepted: Element <span class=\"\">...</span> is not clickable at point (1586, 888). Other element would receive the click: <div class=\"el-loading-mask\" style=\"\">...</div>\n     (Session info: chrome=116.0.5845.110)\n   Stacktrace:\n   0   chromedriver                        0x0000000104c2a65c chromedriver + 4318812\n   1   chromedriver                        0x0000000104c22d00 chromedriver + 4287744\n   2   chromedriver                        0x00000001048547ec chromedriver + 296940\n   3   chromedriver                        0x000000010489891c chromedriver + 575772\n   4   chromedriver                        0x0000000104896b08 chromedriver + 568072\n   5   chromedriver                        0x0000000104894844 chromedriver + 559172\n   6   chromedriver                        0x0000000104893930 chromedriver + 555312\n   7   chromedriver                        0x0000000104887f90 chromedriver + 507792\n   8   chromedriver                        0x0000000104887858 chromedriver + 505944\n   9   chromedriver                        0x00000001048cad28 chromedriver + 781608\n   10  chromedriver                        0x0000000104886178 chromedriver + 500088\n   11  chromedriver                        0x0000000104886fc0 chromedriver + 503744\n   12  chromedriver                        0x0000000104beac40 chromedriver + 4058176\n   13  chromedriver                        0x0000000104bef160 chromedriver + 4075872\n   14  chromedriver                        0x0000000104bb2e68 chromedriver + 3829352\n   15  chromedriver                        0x0000000104befc4c chromedriver + 4078668\n   16  chromedriver                        0x0000000104bc7f08 chromedriver + 3915528\n   17  chromedriver                        0x0000000104c0c140 chromedriver + 4194624\n   18  chromedriver                        0x0000000104c0c2c4 chromedriver + 4195012\n   19  chromedriver                        0x0000000104c1c4d0 chromedriver + 4261072\n   20  libsystem_pthread.dylib             0x00000001871a3fa8 _pthread_start + 148\n   21  libsystem_pthread.dylib             0x000000018719eda0 thread_start + 8\n", "test_name": "test_TC_GIATJA_013", "rerun": "0"}, "6": {"status": "FAIL", "message": "   selenium.common.exceptions.TimeoutException: Message: \n   Stacktrace:\n   0   chromedriver                        0x0000000104c2a65c chromedriver + 4318812\n   1   chromedriver                        0x0000000104c22d00 chromedriver + 4287744\n   2   chromedriver                        0x00000001048547ec chromedriver + 296940\n   3   chromedriver                        0x0000000104892048 chromedriver + 548936\n   4   chromedriver                        0x00000001048cad28 chromedriver + 781608\n   5   chromedriver                        0x0000000104886178 chromedriver + 500088\n   6   chromedriver                        0x0000000104886fc0 chromedriver + 503744\n   7   chromedriver                        0x0000000104beac40 chromedriver + 4058176\n   8   chromedriver                        0x0000000104bef160 chromedriver + 4075872\n   9   chromedriver                        0x0000000104bb2e68 chromedriver + 3829352\n   10  chromedriver                        0x0000000104befc4c chromedriver + 4078668\n   11  chromedriver                        0x0000000104bc7f08 chromedriver + 3915528\n   12  chromedriver                        0x0000000104c0c140 chromedriver + 4194624\n   13  chromedriver                        0x0000000104c0c2c4 chromedriver + 4195012\n   14  chromedriver                        0x0000000104c1c4d0 chromedriver + 4261072\n   15  libsystem_pthread.dylib             0x00000001871a3fa8 _pthread_start + 148\n   16  libsystem_pthread.dylib             0x000000018719eda0 thread_start + 8\n", "test_name": "test_TC_GIATJA_014", "rerun": "0"}}, "suite_name": "Giatja/Fungsional/test_02_OpPemasaran.py"}}}, "date": "August 23, 2023", "start_time": 1692774811.1370392, "total_suite": 1, "status": "FAIL", "status_list": {"pass": "4", "fail": "3", "skip": "0", "error": "0", "xpass": "0", "xfail": "0", "rerun": "0"}, "total_tests": "7"}