{"content": {"suites": {"0": {"status": {"total_pass": 3, "total_skip": 0, "total_xpass": 0, "total_xfail": 0, "total_rerun": 0, "total_fail": 5, "total_error": 0}, "tests": {"0": {"status": "PASS", "message": "", "test_name": "test_setup", "rerun": "0"}, "1": {"status": "PASS", "message": "", "test_name": "test_login", "rerun": "0"}, "2": {"status": "PASS", "message": "", "test_name": "test_akses_menu", "rerun": "0"}, "3": {"status": "FAIL", "message": "   selenium.common.exceptions.NoSuchElementException: Message: no such element: Unable to locate element: {\"method\":\"css selector\",\"selector\":\".el-input__clear > svg\"}\n     (Session info: chrome=106.0.5249.119)\n   Stacktrace:\n   0   chromedriver                        0x00000001029f5a90 chromedriver + 3889808\n   1   chromedriver                        0x0000000102984b54 chromedriver + 3427156\n   2   chromedriver                        0x0000000102676238 chromedriver + 221752\n   3   chromedriver                        0x00000001026a74c8 chromedriver + 423112\n   4   chromedriver                        0x00000001026d0944 chromedriver + 592196\n   5   chromedriver                        0x000000010269c54c chromedriver + 378188\n   6   chromedriver                        0x00000001029c92f8 chromedriver + 3707640\n   7   chromedriver                        0x00000001029ccea8 chromedriver + 3722920\n   8   chromedriver                        0x00000001029d33d8 chromedriver + 3748824\n   9   chromedriver                        0x00000001029cd9a8 chromedriver + 3725736\n   10  chromedriver                        0x00000001029a8de8 chromedriver + 3575272\n   11  chromedriver                        0x00000001029e7d1c chromedriver + 3833116\n   12  chromedriver                        0x00000001029e7e84 chromedriver + 3833476\n   13  chromedriver                        0x00000001029fc210 chromedriver + 3916304\n   14  libsystem_pthread.dylib             0x00000001ac3b026c _pthread_start + 148\n   15  libsystem_pthread.dylib             0x00000001ac3ab08c thread_start + 8\n", "test_name": "test_search_data_kategori_nama", "rerun": "0"}, "4": {"status": "FAIL", "message": "   selenium.common.exceptions.ElementNotInteractableException: Message: element not interactable\n     (Session info: chrome=106.0.5249.119)\n   Stacktrace:\n   0   chromedriver                        0x00000001029f5a90 chromedriver + 3889808\n   1   chromedriver                        0x0000000102984b54 chromedriver + 3427156\n   2   chromedriver                        0x0000000102676108 chromedriver + 221448\n   3   chromedriver                        0x00000001026a83f0 chromedriver + 426992\n   4   chromedriver                        0x000000010269e0cc chromedriver + 385228\n   5   chromedriver                        0x000000010269da10 chromedriver + 383504\n   6   chromedriver                        0x00000001026d0944 chromedriver + 592196\n   7   chromedriver                        0x000000010269c54c chromedriver + 378188\n   8   chromedriver                        0x00000001029c92f8 chromedriver + 3707640\n   9   chromedriver                        0x00000001029ccea8 chromedriver + 3722920\n   10  chromedriver                        0x00000001029d33d8 chromedriver + 3748824\n   11  chromedriver                        0x00000001029cd9a8 chromedriver + 3725736\n   12  chromedriver                        0x00000001029a8de8 chromedriver + 3575272\n   13  chromedriver                        0x00000001029e7d1c chromedriver + 3833116\n   14  chromedriver                        0x00000001029e7e84 chromedriver + 3833476\n   15  chromedriver                        0x00000001029fc210 chromedriver + 3916304\n   16  libsystem_pthread.dylib             0x00000001ac3b026c _pthread_start + 148\n   17  libsystem_pthread.dylib             0x00000001ac3ab08c thread_start + 8\n", "test_name": "test_search_data_kategori_NoInduk", "rerun": "0"}, "5": {"status": "FAIL", "message": "   selenium.common.exceptions.WebDriverException: Message: chrome not reachable\n     (Session info: chrome=106.0.5249.119)\n   Stacktrace:\n   0   chromedriver                        0x00000001029f5a90 chromedriver + 3889808\n   1   chromedriver                        0x0000000102984b54 chromedriver + 3427156\n   2   chromedriver                        0x0000000102676108 chromedriver + 221448\n   3   chromedriver                        0x0000000102667738 chromedriver + 161592\n   4   chromedriver                        0x000000010265a130 chromedriver + 106800\n   5   chromedriver                        0x0000000102662dc8 chromedriver + 142792\n   6   chromedriver                        0x00000001026d0080 chromedriver + 589952\n   7   chromedriver                        0x000000010269c54c chromedriver + 378188\n   8   chromedriver                        0x00000001029c92f8 chromedriver + 3707640\n   9   chromedriver                        0x00000001029ccea8 chromedriver + 3722920\n   10  chromedriver                        0x00000001029d33d8 chromedriver + 3748824\n   11  chromedriver                        0x00000001029cd9a8 chromedriver + 3725736\n   12  chromedriver                        0x00000001029a8de8 chromedriver + 3575272\n   13  chromedriver                        0x00000001029e7d1c chromedriver + 3833116\n   14  chromedriver                        0x00000001029e7e84 chromedriver + 3833476\n   15  chromedriver                        0x00000001029fc210 chromedriver + 3916304\n   16  libsystem_pthread.dylib             0x00000001ac3b026c _pthread_start + 148\n   17  libsystem_pthread.dylib             0x00000001ac3ab08c thread_start + 8\n", "test_name": "test_search_data_kategori_Jenis", "rerun": "0"}, "6": {"status": "FAIL", "message": "   selenium.common.exceptions.WebDriverException: Message: chrome not reachable\n     (Session info: chrome=106.0.5249.119)\n   Stacktrace:\n   0   chromedriver                        0x00000001029f5a90 chromedriver + 3889808\n   1   chromedriver                        0x0000000102984b54 chromedriver + 3427156\n   2   chromedriver                        0x0000000102676108 chromedriver + 221448\n   3   chromedriver                        0x0000000102667738 chromedriver + 161592\n   4   chromedriver                        0x000000010265a130 chromedriver + 106800\n   5   chromedriver                        0x0000000102662dc8 chromedriver + 142792\n   6   chromedriver                        0x00000001026d0080 chromedriver + 589952\n   7   chromedriver                        0x000000010269c54c chromedriver + 378188\n   8   chromedriver                        0x00000001029c92f8 chromedriver + 3707640\n   9   chromedriver                        0x00000001029ccea8 chromedriver + 3722920\n   10  chromedriver                        0x00000001029d33d8 chromedriver + 3748824\n   11  chromedriver                        0x00000001029cd9a8 chromedriver + 3725736\n   12  chromedriver                        0x00000001029a8de8 chromedriver + 3575272\n   13  chromedriver                        0x00000001029e7d1c chromedriver + 3833116\n   14  chromedriver                        0x00000001029e7e84 chromedriver + 3833476\n   15  chromedriver                        0x00000001029fc210 chromedriver + 3916304\n   16  libsystem_pthread.dylib             0x00000001ac3b026c _pthread_start + 148\n   17  libsystem_pthread.dylib             0x00000001ac3ab08c thread_start + 8\n", "test_name": "test_clik_clear_value", "rerun": "0"}, "7": {"status": "FAIL", "message": "   selenium.common.exceptions.WebDriverException: Message: chrome not reachable\n     (Session info: chrome=106.0.5249.119)\n   Stacktrace:\n   0   chromedriver                        0x00000001029f5a90 chromedriver + 3889808\n   1   chromedriver                        0x0000000102984b54 chromedriver + 3427156\n   2   chromedriver                        0x0000000102676108 chromedriver + 221448\n   3   chromedriver                        0x0000000102667738 chromedriver + 161592\n   4   chromedriver                        0x000000010265a130 chromedriver + 106800\n   5   chromedriver                        0x0000000102662dc8 chromedriver + 142792\n   6   chromedriver                        0x00000001026d0080 chromedriver + 589952\n   7   chromedriver                        0x000000010269c54c chromedriver + 378188\n   8   chromedriver                        0x00000001029c92f8 chromedriver + 3707640\n   9   chromedriver                        0x00000001029ccea8 chromedriver + 3722920\n   10  chromedriver                        0x00000001029d33d8 chromedriver + 3748824\n   11  chromedriver                        0x00000001029cd9a8 chromedriver + 3725736\n   12  chromedriver                        0x00000001029a8de8 chromedriver + 3575272\n   13  chromedriver                        0x00000001029e7d1c chromedriver + 3833116\n   14  chromedriver                        0x00000001029e7e84 chromedriver + 3833476\n   15  chromedriver                        0x00000001029fc210 chromedriver + 3916304\n   16  libsystem_pthread.dylib             0x00000001ac3b026c _pthread_start + 148\n   17  libsystem_pthread.dylib             0x00000001ac3ab08c thread_start + 8\n", "test_name": "test_clik_clear_value_kata_kunci", "rerun": "0"}}, "suite_name": "fungsional_Test_DaftarLaluLintas.py"}}}, "date": "October 27, 2022", "start_time": 1666839447.109092, "total_suite": 1, "status": "FAIL", "status_list": {"pass": "3", "fail": "5", "skip": "0", "error": "0", "xpass": "0", "xfail": "0", "rerun": "0"}, "total_tests": "8"}