{"content": {"suites": {"0": {"status": {"total_pass": 1, "total_skip": 0, "total_xpass": 0, "total_xfail": 0, "total_rerun": 0, "total_fail": 7, "total_error": 0}, "tests": {"0": {"status": "PASS", "message": "", "test_name": "test_setup", "rerun": "0"}, "1": {"status": "FAIL", "message": "   selenium.common.exceptions.NoSuchWindowException: Message: no such window: target window already closed\n   from unknown error: web view not found\n     (Session info: chrome=106.0.5249.119)\n   Stacktrace:\n   0   chromedriver                        0x0000000104fb5a90 chromedriver + 3889808\n   1   chromedriver                        0x0000000104f44b54 chromedriver + 3427156\n   2   chromedriver                        0x0000000104c36238 chromedriver + 221752\n   3   chromedriver                        0x0000000104c19b8c chromedriver + 105356\n   4   chromedriver                        0x0000000104c82664 chromedriver + 534116\n   5   chromedriver                        0x0000000104c90038 chromedriver + 589880\n   6   chromedriver                        0x0000000104c5c54c chromedriver + 378188\n   7   chromedriver                        0x0000000104f892f8 chromedriver + 3707640\n   8   chromedriver                        0x0000000104f8cea8 chromedriver + 3722920\n   9   chromedriver                        0x0000000104f933d8 chromedriver + 3748824\n   10  chromedriver                        0x0000000104f8d9a8 chromedriver + 3725736\n   11  chromedriver                        0x0000000104f68de8 chromedriver + 3575272\n   12  chromedriver                        0x0000000104fa7d1c chromedriver + 3833116\n   13  chromedriver                        0x0000000104fa7e84 chromedriver + 3833476\n   14  chromedriver                        0x0000000104fbc210 chromedriver + 3916304\n   15  libsystem_pthread.dylib             0x00000001ac3b026c _pthread_start + 148\n   16  libsystem_pthread.dylib             0x00000001ac3ab08c thread_start + 8\n", "test_name": "test_login", "rerun": "0"}, "2": {"status": "FAIL", "message": "   selenium.common.exceptions.NoSuchWindowException: Message: no such window: target window already closed\n   from unknown error: web view not found\n     (Session info: chrome=106.0.5249.119)\n   Stacktrace:\n   0   chromedriver                        0x0000000104fb5a90 chromedriver + 3889808\n   1   chromedriver                        0x0000000104f44b54 chromedriver + 3427156\n   2   chromedriver                        0x0000000104c36238 chromedriver + 221752\n   3   chromedriver                        0x0000000104c19b8c chromedriver + 105356\n   4   chromedriver                        0x0000000104c82664 chromedriver + 534116\n   5   chromedriver                        0x0000000104c90038 chromedriver + 589880\n   6   chromedriver                        0x0000000104c5c54c chromedriver + 378188\n   7   chromedriver                        0x0000000104f892f8 chromedriver + 3707640\n   8   chromedriver                        0x0000000104f8cea8 chromedriver + 3722920\n   9   chromedriver                        0x0000000104f933d8 chromedriver + 3748824\n   10  chromedriver                        0x0000000104f8d9a8 chromedriver + 3725736\n   11  chromedriver                        0x0000000104f68de8 chromedriver + 3575272\n   12  chromedriver                        0x0000000104fa7d1c chromedriver + 3833116\n   13  chromedriver                        0x0000000104fa7e84 chromedriver + 3833476\n   14  chromedriver                        0x0000000104fbc210 chromedriver + 3916304\n   15  libsystem_pthread.dylib             0x00000001ac3b026c _pthread_start + 148\n   16  libsystem_pthread.dylib             0x00000001ac3ab08c thread_start + 8\n", "test_name": "test_akses_menu", "rerun": "0"}, "3": {"status": "FAIL", "message": "   selenium.common.exceptions.NoSuchWindowException: Message: no such window: target window already closed\n   from unknown error: web view not found\n     (Session info: chrome=106.0.5249.119)\n   Stacktrace:\n   0   chromedriver                        0x0000000104fb5a90 chromedriver + 3889808\n   1   chromedriver                        0x0000000104f44b54 chromedriver + 3427156\n   2   chromedriver                        0x0000000104c36238 chromedriver + 221752\n   3   chromedriver                        0x0000000104c19b8c chromedriver + 105356\n   4   chromedriver                        0x0000000104c82664 chromedriver + 534116\n   5   chromedriver                        0x0000000104c90038 chromedriver + 589880\n   6   chromedriver                        0x0000000104c5c54c chromedriver + 378188\n   7   chromedriver                        0x0000000104f892f8 chromedriver + 3707640\n   8   chromedriver                        0x0000000104f8cea8 chromedriver + 3722920\n   9   chromedriver                        0x0000000104f933d8 chromedriver + 3748824\n   10  chromedriver                        0x0000000104f8d9a8 chromedriver + 3725736\n   11  chromedriver                        0x0000000104f68de8 chromedriver + 3575272\n   12  chromedriver                        0x0000000104fa7d1c chromedriver + 3833116\n   13  chromedriver                        0x0000000104fa7e84 chromedriver + 3833476\n   14  chromedriver                        0x0000000104fbc210 chromedriver + 3916304\n   15  libsystem_pthread.dylib             0x00000001ac3b026c _pthread_start + 148\n   16  libsystem_pthread.dylib             0x00000001ac3ab08c thread_start + 8\n", "test_name": "test_sortir_data_table", "rerun": "0"}, "4": {"status": "FAIL", "message": "   selenium.common.exceptions.NoSuchWindowException: Message: no such window: target window already closed\n   from unknown error: web view not found\n     (Session info: chrome=106.0.5249.119)\n   Stacktrace:\n   0   chromedriver                        0x0000000104fb5a90 chromedriver + 3889808\n   1   chromedriver                        0x0000000104f44b54 chromedriver + 3427156\n   2   chromedriver                        0x0000000104c36238 chromedriver + 221752\n   3   chromedriver                        0x0000000104c19b8c chromedriver + 105356\n   4   chromedriver                        0x0000000104c82664 chromedriver + 534116\n   5   chromedriver                        0x0000000104c90038 chromedriver + 589880\n   6   chromedriver                        0x0000000104c5c54c chromedriver + 378188\n   7   chromedriver                        0x0000000104f892f8 chromedriver + 3707640\n   8   chromedriver                        0x0000000104f8cea8 chromedriver + 3722920\n   9   chromedriver                        0x0000000104f933d8 chromedriver + 3748824\n   10  chromedriver                        0x0000000104f8d9a8 chromedriver + 3725736\n   11  chromedriver                        0x0000000104f68de8 chromedriver + 3575272\n   12  chromedriver                        0x0000000104fa7d1c chromedriver + 3833116\n   13  chromedriver                        0x0000000104fa7e84 chromedriver + 3833476\n   14  chromedriver                        0x0000000104fbc210 chromedriver + 3916304\n   15  libsystem_pthread.dylib             0x00000001ac3b026c _pthread_start + 148\n   16  libsystem_pthread.dylib             0x00000001ac3ab08c thread_start + 8\n", "test_name": "test_search_data_kategori_nama", "rerun": "0"}, "5": {"status": "FAIL", "message": "   selenium.common.exceptions.NoSuchWindowException: Message: no such window: target window already closed\n   from unknown error: web view not found\n     (Session info: chrome=106.0.5249.119)\n   Stacktrace:\n   0   chromedriver                        0x0000000104fb5a90 chromedriver + 3889808\n   1   chromedriver                        0x0000000104f44b54 chromedriver + 3427156\n   2   chromedriver                        0x0000000104c36238 chromedriver + 221752\n   3   chromedriver                        0x0000000104c19b8c chromedriver + 105356\n   4   chromedriver                        0x0000000104c82664 chromedriver + 534116\n   5   chromedriver                        0x0000000104c90038 chromedriver + 589880\n   6   chromedriver                        0x0000000104c5c54c chromedriver + 378188\n   7   chromedriver                        0x0000000104f892f8 chromedriver + 3707640\n   8   chromedriver                        0x0000000104f8cea8 chromedriver + 3722920\n   9   chromedriver                        0x0000000104f933d8 chromedriver + 3748824\n   10  chromedriver                        0x0000000104f8d9a8 chromedriver + 3725736\n   11  chromedriver                        0x0000000104f68de8 chromedriver + 3575272\n   12  chromedriver                        0x0000000104fa7d1c chromedriver + 3833116\n   13  chromedriver                        0x0000000104fa7e84 chromedriver + 3833476\n   14  chromedriver                        0x0000000104fbc210 chromedriver + 3916304\n   15  libsystem_pthread.dylib             0x00000001ac3b026c _pthread_start + 148\n   16  libsystem_pthread.dylib             0x00000001ac3ab08c thread_start + 8\n", "test_name": "test_search_data_kategori_NoInduk", "rerun": "0"}, "6": {"status": "FAIL", "message": "   selenium.common.exceptions.NoSuchWindowException: Message: no such window: target window already closed\n   from unknown error: web view not found\n     (Session info: chrome=106.0.5249.119)\n   Stacktrace:\n   0   chromedriver                        0x0000000104fb5a90 chromedriver + 3889808\n   1   chromedriver                        0x0000000104f44b54 chromedriver + 3427156\n   2   chromedriver                        0x0000000104c36238 chromedriver + 221752\n   3   chromedriver                        0x0000000104c19b8c chromedriver + 105356\n   4   chromedriver                        0x0000000104c82664 chromedriver + 534116\n   5   chromedriver                        0x0000000104c90038 chromedriver + 589880\n   6   chromedriver                        0x0000000104c5c54c chromedriver + 378188\n   7   chromedriver                        0x0000000104f892f8 chromedriver + 3707640\n   8   chromedriver                        0x0000000104f8cea8 chromedriver + 3722920\n   9   chromedriver                        0x0000000104f933d8 chromedriver + 3748824\n   10  chromedriver                        0x0000000104f8d9a8 chromedriver + 3725736\n   11  chromedriver                        0x0000000104f68de8 chromedriver + 3575272\n   12  chromedriver                        0x0000000104fa7d1c chromedriver + 3833116\n   13  chromedriver                        0x0000000104fa7e84 chromedriver + 3833476\n   14  chromedriver                        0x0000000104fbc210 chromedriver + 3916304\n   15  libsystem_pthread.dylib             0x00000001ac3b026c _pthread_start + 148\n   16  libsystem_pthread.dylib             0x00000001ac3ab08c thread_start + 8\n", "test_name": "test_search_data_kategori_Jenis", "rerun": "0"}, "7": {"status": "FAIL", "message": "   selenium.common.exceptions.NoSuchWindowException: Message: no such window: target window already closed\n   from unknown error: web view not found\n     (Session info: chrome=106.0.5249.119)\n   Stacktrace:\n   0   chromedriver                        0x0000000104fb5a90 chromedriver + 3889808\n   1   chromedriver                        0x0000000104f44b54 chromedriver + 3427156\n   2   chromedriver                        0x0000000104c36238 chromedriver + 221752\n   3   chromedriver                        0x0000000104c19b8c chromedriver + 105356\n   4   chromedriver                        0x0000000104c82664 chromedriver + 534116\n   5   chromedriver                        0x0000000104c90038 chromedriver + 589880\n   6   chromedriver                        0x0000000104c5c54c chromedriver + 378188\n   7   chromedriver                        0x0000000104f892f8 chromedriver + 3707640\n   8   chromedriver                        0x0000000104f8cea8 chromedriver + 3722920\n   9   chromedriver                        0x0000000104f933d8 chromedriver + 3748824\n   10  chromedriver                        0x0000000104f8d9a8 chromedriver + 3725736\n   11  chromedriver                        0x0000000104f68de8 chromedriver + 3575272\n   12  chromedriver                        0x0000000104fa7d1c chromedriver + 3833116\n   13  chromedriver                        0x0000000104fa7e84 chromedriver + 3833476\n   14  chromedriver                        0x0000000104fbc210 chromedriver + 3916304\n   15  libsystem_pthread.dylib             0x00000001ac3b026c _pthread_start + 148\n   16  libsystem_pthread.dylib             0x00000001ac3ab08c thread_start + 8\n", "test_name": "test_clik_clear_value", "rerun": "0"}}, "suite_name": "fungsional_Test_DaftarLaluLintas.py"}}}, "date": "October 27, 2022", "start_time": 1666842072.8040588, "total_suite": 1, "status": "FAIL", "status_list": {"pass": "1", "fail": "7", "skip": "0", "error": "0", "xpass": "0", "xfail": "0", "rerun": "0"}, "total_tests": "8"}