{"content": {"suites": {"0": {"status": {"total_pass": 5, "total_skip": 0, "total_xpass": 0, "total_xfail": 0, "total_rerun": 0, "total_fail": 2, "total_error": 0}, "tests": {"0": {"status": "PASS", "message": "", "test_name": "test_1_setupOS", "rerun": "0"}, "1": {"status": "PASS", "message": "", "test_name": "test_login", "rerun": "0"}, "2": {"status": "PASS", "message": "", "test_name": "test_akses_menu", "rerun": "0"}, "3": {"status": "PASS", "message": "", "test_name": "test_fieldinput_n_Dropdown_n_Clear_index_penerimaan", "rerun": "0"}, "4": {"status": "FAIL", "message": "   selenium.common.exceptions.ElementClickInterceptedException: Message: element click intercepted: Element <i class=\"sort-caret ascending\"></i> is not clickable at point (340, 510). Other element would receive the click: <div class=\"el-loading-mask\" style=\"\">...</div>\n     (Session info: chrome=105.0.5195.127)\n   Stacktrace:\n   Backtrace:\n   \tOrdinal0 [0x00C7C0A3+2212003]\n   \tOrdinal0 [0x00C12CC1+1780929]\n   \tOrdinal0 [0x00B2465D+804445]\n   \tOrdinal0 [0x00B59E04+1023492]\n   \tOrdinal0 [0x00B57CF4+1015028]\n   \tOrdinal0 [0x00B558FB+1005819]\n   \tOrdinal0 [0x00B54567+1000807]\n   \tOrdinal0 [0x00B49FB6+958390]\n   \tOrdinal0 [0x00B6EC1C+1109020]\n   \tOrdinal0 [0x00B498F4+956660]\n   \tOrdinal0 [0x00B6EE34+1109556]\n   \tOrdinal0 [0x00B7F5B2+1177010]\n   \tOrdinal0 [0x00B6EA36+1108534]\n   \tOrdinal0 [0x00B483C9+951241]\n   \tOrdinal0 [0x00B49396+955286]\n   \tGetHandleVerifier [0x00F29CE2+2746722]\n   \tGetHandleVerifier [0x00F1A234+2682548]\n   \tGetHandleVerifier [0x00D0B34A+524234]\n   \tGetHandleVerifier [0x00D09B60+518112]\n   \tOrdinal0 [0x00C19FBC+1810364]\n   \tOrdinal0 [0x00C1EA28+1829416]\n   \tOrdinal0 [0x00C1EB15+1829653]\n   \tOrdinal0 [0x00C28744+1869636]\n   \tBaseThreadInitThunk [0x776CFA29+25]\n   \tRtlGetAppContainerNamedObjectPath [0x77C27BBE+286]\n   \tRtlGetAppContainerNamedObjectPath [0x77C27B8E+238]\n", "test_name": "test_sortirtabel", "rerun": "0"}, "5": {"status": "FAIL", "message": "   selenium.common.exceptions.ElementClickInterceptedException: Message: element click intercepted: Element <li class=\"el-select-dropdown__item\">...</li> is not clickable at point (860, 742). Other element would receive the click: <span>...</span>\n     (Session info: chrome=105.0.5195.127)\n   Stacktrace:\n   Backtrace:\n   \tOrdinal0 [0x00C7C0A3+2212003]\n   \tOrdinal0 [0x00C12CC1+1780929]\n   \tOrdinal0 [0x00B2465D+804445]\n   \tOrdinal0 [0x00B59E04+1023492]\n   \tOrdinal0 [0x00B57CF4+1015028]\n   \tOrdinal0 [0x00B558FB+1005819]\n   \tOrdinal0 [0x00B54567+1000807]\n   \tOrdinal0 [0x00B49FB6+958390]\n   \tOrdinal0 [0x00B6EC1C+1109020]\n   \tOrdinal0 [0x00B498F4+956660]\n   \tOrdinal0 [0x00B6EE34+1109556]\n   \tOrdinal0 [0x00B7F5B2+1177010]\n   \tOrdinal0 [0x00B6EA36+1108534]\n   \tOrdinal0 [0x00B483C9+951241]\n   \tOrdinal0 [0x00B49396+955286]\n   \tGetHandleVerifier [0x00F29CE2+2746722]\n   \tGetHandleVerifier [0x00F1A234+2682548]\n   \tGetHandleVerifier [0x00D0B34A+524234]\n   \tGetHandleVerifier [0x00D09B60+518112]\n   \tOrdinal0 [0x00C19FBC+1810364]\n   \tOrdinal0 [0x00C1EA28+1829416]\n   \tOrdinal0 [0x00C1EB15+1829653]\n   \tOrdinal0 [0x00C28744+1869636]\n   \tBaseThreadInitThunk [0x776CFA29+25]\n   \tRtlGetAppContainerNamedObjectPath [0x77C27BBE+286]\n   \tRtlGetAppContainerNamedObjectPath [0x77C27B8E+238]\n", "test_name": "test_halamanpageindex", "rerun": "0"}, "6": {"status": "PASS", "message": "", "test_name": "test_cetakBA", "rerun": "0"}}, "suite_name": "Test_Penerimaan_1_Index.py"}}}, "date": "November 09, 2022", "start_time": 1667986405.9723206, "total_suite": 1, "status": "FAIL", "status_list": {"pass": "5", "fail": "2", "skip": "0", "error": "0", "xpass": "0", "xfail": "0", "rerun": "0"}, "total_tests": "7"}