{"content": {"suites": {"0": {"status": {"total_pass": 16, "total_skip": 0, "total_xpass": 0, "total_xfail": 0, "total_rerun": 0, "total_fail": 4, "total_error": 0}, "tests": {"0": {"status": "PASS", "message": "", "test_name": "test_1_SetupOS", "rerun": "0"}, "1": {"status": "PASS", "message": "", "test_name": "test_2_Login", "rerun": "0"}, "2": {"status": "PASS", "message": "", "test_name": "test_3_AksesMenu_ManajemenBlokDanKamar", "rerun": "0"}, "3": {"status": "PASS", "message": "", "test_name": "test_4_ClickButtonTambah_PemetaanBlock", "rerun": "0"}, "4": {"status": "PASS", "message": "", "test_name": "test_5_FilterColumn", "rerun": "0"}, "5": {"status": "PASS", "message": "", "test_name": "test_6_clickButtonEdit", "rerun": "0"}, "6": {"status": "PASS", "message": "", "test_name": "test_14_InputJumlahKamar", "rerun": "0"}, "7": {"status": "PASS", "message": "", "test_name": "test_15_InputNoKamar", "rerun": "0"}, "8": {"status": "PASS", "message": "", "test_name": "test_16_Submit", "rerun": "0"}, "9": {"status": "PASS", "message": "", "test_name": "test_17_JenisLantai", "rerun": "0"}, "10": {"status": "PASS", "message": "", "test_name": "test_18_InputNomorKamar", "rerun": "0"}, "11": {"status": "FAIL", "message": "   NameError: name 'kelUsia' is not defined\n", "test_name": "test_19_PeruntukanKelompokUsia", "rerun": "0"}, "12": {"status": "FAIL", "message": "   selenium.common.exceptions.ElementClickInterceptedException: Message: element click intercepted: Element <input class=\"el-input__inner\" id=\"kel_jenis_kelamin_id\" type=\"text\" readonly=\"\" autocomplete=\"off\" placeholder=\"Pilih Peruntukan Jenis Kelamin\"> is not clickable at point (553, 659). Other element would receive the click: <li class=\"el-select-dropdown__item\" id=\"JUM1-0\">...</li>\n     (Session info: chrome=108.0.5359.71)\n   Stacktrace:\n   0   chromedriver                        0x0000000102536a88 chromedriver + 4123272\n   1   chromedriver                        0x00000001024c2778 chromedriver + 3647352\n   2   chromedriver                        0x0000000102184ac4 chromedriver + 248516\n   3   chromedriver                        0x00000001021c18a8 chromedriver + 497832\n   4   chromedriver                        0x00000001021bf874 chromedriver + 489588\n   5   chromedriver                        0x00000001021bd4e8 chromedriver + 480488\n   6   chromedriver                        0x00000001021bc4dc chromedriver + 476380\n   7   chromedriver                        0x00000001021b0a00 chromedriver + 428544\n   8   chromedriver                        0x00000001021b0260 chromedriver + 426592\n   9   chromedriver                        0x00000001021ed020 chromedriver + 675872\n   10  chromedriver                        0x00000001021aeb10 chromedriver + 420624\n   11  chromedriver                        0x00000001021afc30 chromedriver + 425008\n   12  chromedriver                        0x0000000102508ae4 chromedriver + 3934948\n   13  chromedriver                        0x000000010250bf24 chromedriver + 3948324\n   14  chromedriver                        0x000000010250c508 chromedriver + 3949832\n   15  chromedriver                        0x0000000102512b30 chromedriver + 3975984\n   16  chromedriver                        0x000000010250cb24 chromedriver + 3951396\n   17  chromedriver                        0x00000001024e771c chromedriver + 3798812\n   18  chromedriver                        0x00000001025292f0 chromedriver + 4068080\n   19  chromedriver                        0x0000000102529444 chromedriver + 4068420\n   20  chromedriver                        0x000000010253d450 chromedriver + 4150352\n   21  libsystem_pthread.dylib             0x00000001ae1c606c _pthread_start + 148\n   22  libsystem_pthread.dylib             0x00000001ae1c0e2c thread_start + 8\n", "test_name": "test_20_JenisKelamin", "rerun": "0"}, "13": {"status": "PASS", "message": "", "test_name": "test_21_TipeKamar", "rerun": "0"}, "14": {"status": "FAIL", "message": "   NameError: name 'jenisKejahatan' is not defined\n", "test_name": "test_22_kelompokJenisKejahatan", "rerun": "0"}, "15": {"status": "PASS", "message": "", "test_name": "test_23_KapasitasInput", "rerun": "0"}, "16": {"status": "PASS", "message": "", "test_name": "test_24_KondisiRuangan", "rerun": "0"}, "17": {"status": "PASS", "message": "", "test_name": "test_25_LamaHuni", "rerun": "0"}, "18": {"status": "FAIL", "message": "   selenium.common.exceptions.TimeoutException: Message: \n   Stacktrace:\n   0   chromedriver                        0x0000000102536a88 chromedriver + 4123272\n   1   chromedriver                        0x00000001024c2778 chromedriver + 3647352\n   2   chromedriver                        0x0000000102184ac4 chromedriver + 248516\n   3   chromedriver                        0x00000001021baf68 chromedriver + 470888\n   4   chromedriver                        0x00000001021ed020 chromedriver + 675872\n   5   chromedriver                        0x00000001021aeb10 chromedriver + 420624\n   6   chromedriver                        0x00000001021afc30 chromedriver + 425008\n   7   chromedriver                        0x0000000102508ae4 chromedriver + 3934948\n   8   chromedriver                        0x000000010250bf24 chromedriver + 3948324\n   9   chromedriver                        0x000000010250c508 chromedriver + 3949832\n   10  chromedriver                        0x0000000102512b30 chromedriver + 3975984\n   11  chromedriver                        0x000000010250cb24 chromedriver + 3951396\n   12  chromedriver                        0x00000001024e771c chromedriver + 3798812\n   13  chromedriver                        0x00000001025292f0 chromedriver + 4068080\n   14  chromedriver                        0x0000000102529444 chromedriver + 4068420\n   15  chromedriver                        0x000000010253d450 chromedriver + 4150352\n   16  libsystem_pthread.dylib             0x00000001ae1c606c _pthread_start + 148\n   17  libsystem_pthread.dylib             0x00000001ae1c0e2c thread_start + 8\n", "test_name": "test_26_ButtonSubmit", "rerun": "0"}, "19": {"status": "PASS", "message": "", "test_name": "test_exit", "rerun": "0"}}, "suite_name": "test_3edit_BlokDanKamar.py"}}}, "date": "December 15, 2022", "start_time": 1671095113.762398, "total_suite": 1, "status": "FAIL", "status_list": {"pass": "16", "fail": "4", "skip": "0", "error": "0", "xpass": "0", "xfail": "0", "rerun": "0"}, "total_tests": "20"}