{"content": {"suites": {"0": {"status": {"total_pass": 17, "total_skip": 0, "total_xpass": 0, "total_xfail": 0, "total_rerun": 0, "total_fail": 3, "total_error": 0}, "tests": {"0": {"status": "PASS", "message": "", "test_name": "test_1_SetupOS", "rerun": "0"}, "1": {"status": "PASS", "message": "", "test_name": "test_2_Login", "rerun": "0"}, "2": {"status": "PASS", "message": "", "test_name": "test_3_AksesMenu_ManajemenBlokDanKamar", "rerun": "0"}, "3": {"status": "PASS", "message": "", "test_name": "test_4_ClickButtonTambah_PemetaanBlock", "rerun": "0"}, "4": {"status": "PASS", "message": "", "test_name": "test_5_FilterColumn", "rerun": "0"}, "5": {"status": "PASS", "message": "", "test_name": "test_6_clickButtonEdit", "rerun": "0"}, "6": {"status": "PASS", "message": "", "test_name": "test_14_InputJumlahKamar", "rerun": "0"}, "7": {"status": "PASS", "message": "", "test_name": "test_15_InputNoKamar", "rerun": "0"}, "8": {"status": "PASS", "message": "", "test_name": "test_16_Submit", "rerun": "0"}, "9": {"status": "PASS", "message": "", "test_name": "test_17_JenisLantai", "rerun": "0"}, "10": {"status": "PASS", "message": "", "test_name": "test_18_InputNomorKamar", "rerun": "0"}, "11": {"status": "PASS", "message": "", "test_name": "test_19_PeruntukanKelompokUsia", "rerun": "0"}, "12": {"status": "FAIL", "message": "   NameError: name 'jeniskelamin' is not defined\n", "test_name": "test_20_JenisKelamin", "rerun": "0"}, "13": {"status": "PASS", "message": "", "test_name": "test_21_TipeKamar", "rerun": "0"}, "14": {"status": "PASS", "message": "", "test_name": "test_22_kelompokJenisKejahatan", "rerun": "0"}, "15": {"status": "FAIL", "message": "   selenium.common.exceptions.NoSuchElementException: Message: no such element: Unable to locate element: {\"method\":\"css selector\",\"selector\":\".el-input:nth-child(3) > .el-input__inner\"}\n     (Session info: chrome=108.0.5359.71)\n   Stacktrace:\n   0   chromedriver                        0x0000000101232a88 chromedriver + 4123272\n   1   chromedriver                        0x00000001011be778 chromedriver + 3647352\n   2   chromedriver                        0x0000000100e80ac4 chromedriver + 248516\n   3   chromedriver                        0x0000000100eb6f68 chromedriver + 470888\n   4   chromedriver                        0x0000000100ee9020 chromedriver + 675872\n   5   chromedriver                        0x0000000100eaab10 chromedriver + 420624\n   6   chromedriver                        0x0000000100eabc30 chromedriver + 425008\n   7   chromedriver                        0x0000000101204ae4 chromedriver + 3934948\n   8   chromedriver                        0x0000000101207f24 chromedriver + 3948324\n   9   chromedriver                        0x0000000101208508 chromedriver + 3949832\n   10  chromedriver                        0x000000010120eb30 chromedriver + 3975984\n   11  chromedriver                        0x0000000101208b24 chromedriver + 3951396\n   12  chromedriver                        0x00000001011e371c chromedriver + 3798812\n   13  chromedriver                        0x00000001012252f0 chromedriver + 4068080\n   14  chromedriver                        0x0000000101225444 chromedriver + 4068420\n   15  chromedriver                        0x0000000101239450 chromedriver + 4150352\n   16  libsystem_pthread.dylib             0x00000001ae1c606c _pthread_start + 148\n   17  libsystem_pthread.dylib             0x00000001ae1c0e2c thread_start + 8\n", "test_name": "test_23_KapasitasInput", "rerun": "0"}, "16": {"status": "PASS", "message": "", "test_name": "test_24_KondisiRuangan", "rerun": "0"}, "17": {"status": "PASS", "message": "", "test_name": "test_25_LamaHuni", "rerun": "0"}, "18": {"status": "FAIL", "message": "   selenium.common.exceptions.TimeoutException: Message: \n   Stacktrace:\n   0   chromedriver                        0x0000000101232a88 chromedriver + 4123272\n   1   chromedriver                        0x00000001011be778 chromedriver + 3647352\n   2   chromedriver                        0x0000000100e80ac4 chromedriver + 248516\n   3   chromedriver                        0x0000000100eb6f68 chromedriver + 470888\n   4   chromedriver                        0x0000000100ee9020 chromedriver + 675872\n   5   chromedriver                        0x0000000100eaab10 chromedriver + 420624\n   6   chromedriver                        0x0000000100eabc30 chromedriver + 425008\n   7   chromedriver                        0x0000000101204ae4 chromedriver + 3934948\n   8   chromedriver                        0x0000000101207f24 chromedriver + 3948324\n   9   chromedriver                        0x0000000101208508 chromedriver + 3949832\n   10  chromedriver                        0x000000010120eb30 chromedriver + 3975984\n   11  chromedriver                        0x0000000101208b24 chromedriver + 3951396\n   12  chromedriver                        0x00000001011e371c chromedriver + 3798812\n   13  chromedriver                        0x00000001012252f0 chromedriver + 4068080\n   14  chromedriver                        0x0000000101225444 chromedriver + 4068420\n   15  chromedriver                        0x0000000101239450 chromedriver + 4150352\n   16  libsystem_pthread.dylib             0x00000001ae1c606c _pthread_start + 148\n   17  libsystem_pthread.dylib             0x00000001ae1c0e2c thread_start + 8\n", "test_name": "test_26_ButtonSubmit", "rerun": "0"}, "19": {"status": "PASS", "message": "", "test_name": "test_exit", "rerun": "0"}}, "suite_name": "test_3edit_BlokDanKamar.py"}}}, "date": "December 15, 2022", "start_time": 1671095977.588075, "total_suite": 1, "status": "FAIL", "status_list": {"pass": "17", "fail": "3", "skip": "0", "error": "0", "xpass": "0", "xfail": "0", "rerun": "0"}, "total_tests": "20"}