{"content": {"suites": {"0": {"status": {"total_pass": 3, "total_skip": 0, "total_xpass": 0, "total_xfail": 0, "total_rerun": 0, "total_fail": 2, "total_error": 0}, "tests": {"0": {"status": "PASS", "message": "", "test_name": "test_1_SetupOs", "rerun": "0"}, "1": {"status": "PASS", "message": "", "test_name": "test_2_Login", "rerun": "0"}, "2": {"status": "PASS", "message": "", "test_name": "test_2_AksesMenu", "rerun": "0"}, "3": {"status": "FAIL", "message": "   selenium.common.exceptions.TimeoutException: Message: \n   Stacktrace:\n   0   chromedriver                        0x00000001025f7ae8 chromedriver + 4958952\n   1   chromedriver                        0x00000001025ef7b3 chromedriver + 4925363\n   2   chromedriver                        0x00000001021b11d6 chromedriver + 475606\n   3   chromedriver                        0x00000001021f4a20 chromedriver + 752160\n   4   chromedriver                        0x00000001021f4c81 chromedriver + 752769\n   5   chromedriver                        0x0000000102238f64 chromedriver + 1032036\n   6   chromedriver                        0x000000010221ac3d chromedriver + 908349\n   7   chromedriver                        0x000000010223625b chromedriver + 1020507\n   8   chromedriver                        0x000000010221a9e3 chromedriver + 907747\n   9   chromedriver                        0x00000001021e4aef chromedriver + 686831\n   10  chromedriver                        0x00000001021e600e chromedriver + 692238\n   11  chromedriver                        0x00000001025b39ad chromedriver + 4680109\n   12  chromedriver                        0x00000001025b8c12 chromedriver + 4701202\n   13  chromedriver                        0x00000001025bf79f chromedriver + 4728735\n   14  chromedriver                        0x00000001025b9b7a chromedriver + 4705146\n   15  chromedriver                        0x000000010258c27e chromedriver + 4518526\n   16  chromedriver                        0x00000001025d9908 chromedriver + 4835592\n   17  chromedriver                        0x00000001025d9a87 chromedriver + 4835975\n   18  chromedriver                        0x00000001025e900f chromedriver + 4898831\n   19  libsystem_pthread.dylib             0x00007ff815ce31d3 _pthread_start + 125\n   20  libsystem_pthread.dylib             0x00007ff815cdebd3 thread_start + 15\n   selenium.common.exceptions.NoSuchWindowException: Message: no such window: target window already closed\n   from unknown error: web view not found\n     (Session info: chrome=112.0.5615.49)\n   Stacktrace:\n   0   chromedriver                        0x00000001025f7ae8 chromedriver + 4958952\n   1   chromedriver                        0x00000001025ef7b3 chromedriver + 4925363\n   2   chromedriver                        0x00000001021b11d6 chromedriver + 475606\n   3   chromedriver                        0x0000000102186cec chromedriver + 302316\n   4   chromedriver                        0x000000010221ff2f chromedriver + 929583\n   5   chromedriver                        0x0000000102226c7c chromedriver + 957564\n   6   chromedriver                        0x000000010221abd8 chromedriver + 908248\n   7   chromedriver                        0x00000001021e4aef chromedriver + 686831\n   8   chromedriver                        0x00000001021e600e chromedriver + 692238\n   9   chromedriver                        0x00000001025b39ad chromedriver + 4680109\n   10  chromedriver                        0x00000001025b8c12 chromedriver + 4701202\n   11  chromedriver                        0x00000001025bf79f chromedriver + 4728735\n   12  chromedriver                        0x00000001025b9b7a chromedriver + 4705146\n   13  chromedriver                        0x000000010258c27e chromedriver + 4518526\n   14  chromedriver                        0x00000001025d9908 chromedriver + 4835592\n   15  chromedriver                        0x00000001025d9a87 chromedriver + 4835975\n   16  chromedriver                        0x00000001025e900f chromedriver + 4898831\n   17  libsystem_pthread.dylib             0x00007ff815ce31d3 _pthread_start + 125\n   18  libsystem_pthread.dylib             0x00007ff815cdebd3 thread_start + 15\n", "test_name": "test_3_CreateButton", "rerun": "0"}, "4": {"status": "FAIL", "message": "   selenium.common.exceptions.NoSuchWindowException: Message: no such window: target window already closed\n   from unknown error: web view not found\n     (Session info: chrome=112.0.5615.49)\n   Stacktrace:\n   0   chromedriver                        0x00000001025f7ae8 chromedriver + 4958952\n   1   chromedriver                        0x00000001025ef7b3 chromedriver + 4925363\n   2   chromedriver                        0x00000001021b11d6 chromedriver + 475606\n   3   chromedriver                        0x0000000102186cec chromedriver + 302316\n   4   chromedriver                        0x000000010221ff2f chromedriver + 929583\n   5   chromedriver                        0x0000000102226c7c chromedriver + 957564\n   6   chromedriver                        0x000000010221abd8 chromedriver + 908248\n   7   chromedriver                        0x00000001021e4aef chromedriver + 686831\n   8   chromedriver                        0x00000001021e600e chromedriver + 692238\n   9   chromedriver                        0x00000001025b39ad chromedriver + 4680109\n   10  chromedriver                        0x00000001025b8c12 chromedriver + 4701202\n   11  chromedriver                        0x00000001025bf79f chromedriver + 4728735\n   12  chromedriver                        0x00000001025b9b7a chromedriver + 4705146\n   13  chromedriver                        0x000000010258c27e chromedriver + 4518526\n   14  chromedriver                        0x00000001025d9908 chromedriver + 4835592\n   15  chromedriver                        0x00000001025d9a87 chromedriver + 4835975\n   16  chromedriver                        0x00000001025e900f chromedriver + 4898831\n   17  libsystem_pthread.dylib             0x00007ff815ce31d3 _pthread_start + 125\n   18  libsystem_pthread.dylib             0x00007ff815cdebd3 thread_start + 15\n", "test_name": "test_37_exit", "rerun": "0"}}, "suite_name": "4LaporanBulanan/5.Laporan6E copy/Fungsional/test_Laporan7A.py"}}}, "date": "April 12, 2023", "start_time": 1681275883.013056, "total_suite": 1, "status": "FAIL", "status_list": {"pass": "3", "fail": "2", "skip": "0", "error": "0", "xpass": "0", "xfail": "0", "rerun": "0"}, "total_tests": "5"}