{"content": {"suites": {"0": {"status": {"total_pass": 4, "total_skip": 0, "total_xpass": 0, "total_xfail": 0, "total_rerun": 0, "total_fail": 2, "total_error": 0}, "tests": {"0": {"status": "PASS", "message": "", "test_name": "test_1_SetupOS", "rerun": "0"}, "1": {"status": "PASS", "message": "", "test_name": "test_2_Login", "rerun": "0"}, "2": {"status": "PASS", "message": "", "test_name": "test_3_AksesMenu_ManajemenBlokDanKamar", "rerun": "0"}, "3": {"status": "PASS", "message": "", "test_name": "test_4_ClickButtonTambah_PemetaanBlock", "rerun": "0"}, "4": {"status": "FAIL", "message": "   selenium.common.exceptions.StaleElementReferenceException: Message: stale element reference: element is not attached to the page document\n     (Session info: chrome=108.0.5359.71)\n   Stacktrace:\n   0   chromedriver                        0x0000000102a0aa88 chromedriver + 4123272\n   1   chromedriver                        0x0000000102996778 chromedriver + 3647352\n   2   chromedriver                        0x0000000102658ac4 chromedriver + 248516\n   3   chromedriver                        0x000000010265bc80 chromedriver + 261248\n   4   chromedriver                        0x000000010265baa4 chromedriver + 260772\n   5   chromedriver                        0x000000010265bd4c chromedriver + 261452\n   6   chromedriver                        0x0000000102690d28 chromedriver + 478504\n   7   chromedriver                        0x000000010268fe48 chromedriver + 474696\n   8   chromedriver                        0x0000000102684a00 chromedriver + 428544\n   9   chromedriver                        0x0000000102684260 chromedriver + 426592\n   10  chromedriver                        0x00000001026c1020 chromedriver + 675872\n   11  chromedriver                        0x0000000102682b10 chromedriver + 420624\n   12  chromedriver                        0x0000000102683c30 chromedriver + 425008\n   13  chromedriver                        0x00000001029dcae4 chromedriver + 3934948\n   14  chromedriver                        0x00000001029dff24 chromedriver + 3948324\n   15  chromedriver                        0x00000001029e0508 chromedriver + 3949832\n   16  chromedriver                        0x00000001029e6b30 chromedriver + 3975984\n   17  chromedriver                        0x00000001029e0b24 chromedriver + 3951396\n   18  chromedriver                        0x00000001029bb71c chromedriver + 3798812\n   19  chromedriver                        0x00000001029fd2f0 chromedriver + 4068080\n   20  chromedriver                        0x00000001029fd444 chromedriver + 4068420\n   21  chromedriver                        0x0000000102a11450 chromedriver + 4150352\n   22  libsystem_pthread.dylib             0x00000001aa1e606c _pthread_start + 148\n   23  libsystem_pthread.dylib             0x00000001aa1e0e2c thread_start + 8\n", "test_name": "test_5_FilterColumn", "rerun": "0"}, "5": {"status": "FAIL", "message": "   selenium.common.exceptions.NoSuchWindowException: Message: no such window: target window already closed\n   from unknown error: web view not found\n     (Session info: chrome=108.0.5359.71)\n   Stacktrace:\n   0   chromedriver                        0x0000000102a0aa88 chromedriver + 4123272\n   1   chromedriver                        0x0000000102996778 chromedriver + 3647352\n   2   chromedriver                        0x0000000102658ac4 chromedriver + 248516\n   3   chromedriver                        0x0000000102638304 chromedriver + 115460\n   4   chromedriver                        0x00000001026aee64 chromedriver + 601700\n   5   chromedriver                        0x00000001026b4a28 chromedriver + 625192\n   6   chromedriver                        0x0000000102682b10 chromedriver + 420624\n   7   chromedriver                        0x0000000102683c30 chromedriver + 425008\n   8   chromedriver                        0x00000001029dcae4 chromedriver + 3934948\n   9   chromedriver                        0x00000001029dff24 chromedriver + 3948324\n   10  chromedriver                        0x00000001029e0508 chromedriver + 3949832\n   11  chromedriver                        0x00000001029e6b30 chromedriver + 3975984\n   12  chromedriver                        0x00000001029e0b24 chromedriver + 3951396\n   13  chromedriver                        0x00000001029bb71c chromedriver + 3798812\n   14  chromedriver                        0x00000001029fd2f0 chromedriver + 4068080\n   15  chromedriver                        0x00000001029fd444 chromedriver + 4068420\n   16  chromedriver                        0x0000000102a11450 chromedriver + 4150352\n   17  libsystem_pthread.dylib             0x00000001aa1e606c _pthread_start + 148\n   18  libsystem_pthread.dylib             0x00000001aa1e0e2c thread_start + 8\n", "test_name": "test_exit", "rerun": "0"}}, "suite_name": "test_3edit_BlokDanKamar.py"}}}, "date": "December 14, 2022", "start_time": 1670987390.6026602, "total_suite": 1, "status": "FAIL", "status_list": {"pass": "4", "fail": "2", "skip": "0", "error": "0", "xpass": "0", "xfail": "0", "rerun": "0"}, "total_tests": "6"}