{"content": {"suites": {"0": {"status": {"total_pass": 6, "total_skip": 0, "total_xpass": 0, "total_xfail": 0, "total_rerun": 0, "total_fail": 2, "total_error": 0}, "tests": {"0": {"status": "PASS", "message": "", "test_name": "test_1_SetupOS", "rerun": "0"}, "1": {"status": "PASS", "message": "", "test_name": "test_2_Login", "rerun": "0"}, "2": {"status": "PASS", "message": "", "test_name": "test_3_AksesMenu_ManajemenBlokDanKamar", "rerun": "0"}, "3": {"status": "PASS", "message": "", "test_name": "test_4_ClickButtonTambah_PemetaanBlock", "rerun": "0"}, "4": {"status": "PASS", "message": "", "test_name": "test_5_searchData_DalamProses", "rerun": "0"}, "5": {"status": "PASS", "message": "", "test_name": "test_6_clickbuttonDalamProses", "rerun": "0"}, "6": {"status": "FAIL", "message": "   selenium.common.exceptions.ElementNotInteractableException: Message: element not interactable\n     (Session info: chrome=108.0.5359.71)\n   Stacktrace:\n   0   chromedriver                        0x0000000102eb2a88 chromedriver + 4123272\n   1   chromedriver                        0x0000000102e3e778 chromedriver + 3647352\n   2   chromedriver                        0x0000000102b00944 chromedriver + 248132\n   3   chromedriver                        0x0000000102b30fc4 chromedriver + 446404\n   4   chromedriver                        0x0000000102b306b4 chromedriver + 444084\n   5   chromedriver                        0x0000000102b2c260 chromedriver + 426592\n   6   chromedriver                        0x0000000102b69020 chromedriver + 675872\n   7   chromedriver                        0x0000000102b2ab10 chromedriver + 420624\n   8   chromedriver                        0x0000000102b2bc30 chromedriver + 425008\n   9   chromedriver                        0x0000000102e84ae4 chromedriver + 3934948\n   10  chromedriver                        0x0000000102e87f24 chromedriver + 3948324\n   11  chromedriver                        0x0000000102e88508 chromedriver + 3949832\n   12  chromedriver                        0x0000000102e8eb30 chromedriver + 3975984\n   13  chromedriver                        0x0000000102e88b24 chromedriver + 3951396\n   14  chromedriver                        0x0000000102e6371c chromedriver + 3798812\n   15  chromedriver                        0x0000000102ea52f0 chromedriver + 4068080\n   16  chromedriver                        0x0000000102ea5444 chromedriver + 4068420\n   17  chromedriver                        0x0000000102eb9450 chromedriver + 4150352\n   18  libsystem_pthread.dylib             0x00000001abb5206c _pthread_start + 148\n   19  libsystem_pthread.dylib             0x00000001abb4ce2c thread_start + 8\n", "test_name": "test_7_Verifikasi", "rerun": "0"}, "7": {"status": "FAIL", "message": "   selenium.common.exceptions.NoSuchElementException: Message: no such element: Unable to locate element: {\"method\":\"css selector\",\"selector\":\"[id=\"keterangan\"]\"}\n     (Session info: chrome=108.0.5359.71)\n   Stacktrace:\n   0   chromedriver                        0x0000000102eb2a88 chromedriver + 4123272\n   1   chromedriver                        0x0000000102e3e778 chromedriver + 3647352\n   2   chromedriver                        0x0000000102b00ac4 chromedriver + 248516\n   3   chromedriver                        0x0000000102b36f68 chromedriver + 470888\n   4   chromedriver                        0x0000000102b69020 chromedriver + 675872\n   5   chromedriver                        0x0000000102b2ab10 chromedriver + 420624\n   6   chromedriver                        0x0000000102b2bc30 chromedriver + 425008\n   7   chromedriver                        0x0000000102e84ae4 chromedriver + 3934948\n   8   chromedriver                        0x0000000102e87f24 chromedriver + 3948324\n   9   chromedriver                        0x0000000102e88508 chromedriver + 3949832\n   10  chromedriver                        0x0000000102e8eb30 chromedriver + 3975984\n   11  chromedriver                        0x0000000102e88b24 chromedriver + 3951396\n   12  chromedriver                        0x0000000102e6371c chromedriver + 3798812\n   13  chromedriver                        0x0000000102ea52f0 chromedriver + 4068080\n   14  chromedriver                        0x0000000102ea5444 chromedriver + 4068420\n   15  chromedriver                        0x0000000102eb9450 chromedriver + 4150352\n   16  libsystem_pthread.dylib             0x00000001abb5206c _pthread_start + 148\n   17  libsystem_pthread.dylib             0x00000001abb4ce2c thread_start + 8\n", "test_name": "test_9_InputKeterangan", "rerun": "0"}}, "suite_name": "test_2Verifikasi.py"}}}, "date": "December 12, 2022", "start_time": 1670819014.6424441, "total_suite": 1, "status": "FAIL", "status_list": {"pass": "6", "fail": "2", "skip": "0", "error": "0", "xpass": "0", "xfail": "0", "rerun": "0"}, "total_tests": "8"}