{"content": {"suites": {"0": {"status": {"total_pass": 0, "total_skip": 0, "total_xpass": 0, "total_xfail": 0, "total_rerun": 0, "total_fail": 26, "total_error": 0}, "tests": {"0": {"status": "FAIL", "message": "   selenium.common.exceptions.WebDriverException: Message: unknown error: net::ERR_INTERNET_DISCONNECTED\n     (Session info: chrome=108.0.5359.71)\n   Stacktrace:\n   0   chromedriver                        0x00000001052c6a88 chromedriver + 4123272\n   1   chromedriver                        0x0000000105252778 chromedriver + 3647352\n   2   chromedriver                        0x0000000104f14ac4 chromedriver + 248516\n   3   chromedriver                        0x0000000104f0d90c chromedriver + 219404\n   4   chromedriver                        0x0000000104f01300 chromedriver + 168704\n   5   chromedriver                        0x0000000104f0241c chromedriver + 173084\n   6   chromedriver                        0x0000000104f015f0 chromedriver + 169456\n   7   chromedriver                        0x0000000104f0097c chromedriver + 166268\n   8   chromedriver                        0x0000000104f00814 chromedriver + 165908\n   9   chromedriver                        0x0000000104eff84c chromedriver + 161868\n   10  chromedriver                        0x0000000104effbc8 chromedriver + 162760\n   11  chromedriver                        0x0000000104f16730 chromedriver + 255792\n   12  chromedriver                        0x0000000104f7d6e0 chromedriver + 677600\n   13  chromedriver                        0x0000000104f7d020 chromedriver + 675872\n   14  chromedriver                        0x0000000104f3eb10 chromedriver + 420624\n   15  chromedriver                        0x0000000104f3fc30 chromedriver + 425008\n   16  chromedriver                        0x0000000105298ae4 chromedriver + 3934948\n   17  chromedriver                        0x000000010529bf24 chromedriver + 3948324\n   18  chromedriver                        0x000000010529c508 chromedriver + 3949832\n   19  chromedriver                        0x00000001052a2b30 chromedriver + 3975984\n   20  chromedriver                        0x000000010529cb24 chromedriver + 3951396\n   21  chromedriver                        0x000000010527771c chromedriver + 3798812\n   22  chromedriver                        0x00000001052b92f0 chromedriver + 4068080\n   23  chromedriver                        0x00000001052b9444 chromedriver + 4068420\n   24  chromedriver                        0x00000001052cd450 chromedriver + 4150352\n   25  libsystem_pthread.dylib             0x000000018dc1206c _pthread_start + 148\n   26  libsystem_pthread.dylib             0x000000018dc0ce2c thread_start + 8\n", "test_name": "test_1_SetupOS", "rerun": "0"}, "1": {"status": "FAIL", "message": "   NameError: name 'driver' is not defined\n", "test_name": "test_2_Login", "rerun": "0"}, "2": {"status": "FAIL", "message": "   NameError: name 'driver' is not defined\n", "test_name": "test_3_AksesMenu_ManajemenBlokDanKamar", "rerun": "0"}, "3": {"status": "FAIL", "message": "   NameError: name 'driver' is not defined\n", "test_name": "test_4_ClickButtonTambah_PemetaanBlock", "rerun": "0"}, "4": {"status": "FAIL", "message": "   NameError: name 'driver' is not defined\n", "test_name": "test_5_ClickButtonTambah_MasterBlokDanKamar", "rerun": "0"}, "5": {"status": "FAIL", "message": "   NameError: name 'driver' is not defined\n", "test_name": "test_6_InputNamaBlok", "rerun": "0"}, "6": {"status": "FAIL", "message": "   NameError: name 'driver' is not defined\n", "test_name": "test_7_InputTipeBlok", "rerun": "0"}, "7": {"status": "FAIL", "message": "   NameError: name 'driver' is not defined\n", "test_name": "test_8_JenisKelaminBlok", "rerun": "0"}, "8": {"status": "FAIL", "message": "   NameError: name 'driver' is not defined\n", "test_name": "test_9_JenisKejahatan", "rerun": "0"}, "9": {"status": "FAIL", "message": "   NameError: name 'driver' is not defined\n", "test_name": "test_10_JumlahLantai", "rerun": "0"}, "10": {"status": "FAIL", "message": "   NameError: name 'driver' is not defined\n", "test_name": "test_11_FormatPenomoranKamar", "rerun": "0"}, "11": {"status": "FAIL", "message": "   NameError: name 'driver' is not defined\n", "test_name": "test_12_Umur", "rerun": "0"}, "12": {"status": "FAIL", "message": "   NameError: name 'driver' is not defined\n", "test_name": "test_13_InputJumlahKamar", "rerun": "0"}, "13": {"status": "FAIL", "message": "   NameError: name 'driver' is not defined\n", "test_name": "test_14_InputNoKamar", "rerun": "0"}, "14": {"status": "FAIL", "message": "   NameError: name 'driver' is not defined\n", "test_name": "test_16_Submit", "rerun": "0"}, "15": {"status": "FAIL", "message": "   NameError: name 'driver' is not defined\n", "test_name": "test_17_JenisLantai", "rerun": "0"}, "16": {"status": "FAIL", "message": "   NameError: name 'driver' is not defined\n", "test_name": "test_18_InputNomorKamar", "rerun": "0"}, "17": {"status": "FAIL", "message": "   NameError: name 'driver' is not defined\n", "test_name": "test_19_PeruntukanKelompokUsia", "rerun": "0"}, "18": {"status": "FAIL", "message": "   NameError: name 'driver' is not defined\n", "test_name": "test_20_JenisKelamin", "rerun": "0"}, "19": {"status": "FAIL", "message": "   NameError: name 'driver' is not defined\n", "test_name": "test_21_TipeKamar", "rerun": "0"}, "20": {"status": "FAIL", "message": "   NameError: name 'driver' is not defined\n", "test_name": "test_22_kelompokJenisKejahatan", "rerun": "0"}, "21": {"status": "FAIL", "message": "   NameError: name 'driver' is not defined\n", "test_name": "test_23_KapasitasInput", "rerun": "0"}, "22": {"status": "FAIL", "message": "   NameError: name 'driver' is not defined\n", "test_name": "test_24_KondisiRuangan", "rerun": "0"}, "23": {"status": "FAIL", "message": "   NameError: name 'driver' is not defined\n", "test_name": "test_25_LamaHuni", "rerun": "0"}, "24": {"status": "FAIL", "message": "   NameError: name 'driver' is not defined\n", "test_name": "test_26_ButtonSubmit", "rerun": "0"}, "25": {"status": "FAIL", "message": "   NameError: name 'driver' is not defined\n", "test_name": "test_exit", "rerun": "0"}}, "suite_name": "test_1Fungsi_tambahKamar.py"}, "1": {"suite_name": "test_2Verifikasi.py", "tests": {"0": {"status": "FAIL", "message": "   selenium.common.exceptions.WebDriverException: Message: unknown error: net::ERR_INTERNET_DISCONNECTED\n     (Session info: chrome=108.0.5359.71)\n   Stacktrace:\n   0   chromedriver                        0x0000000102f86a88 chromedriver + 4123272\n   1   chromedriver                        0x0000000102f12778 chromedriver + 3647352\n   2   chromedriver                        0x0000000102bd4ac4 chromedriver + 248516\n   3   chromedriver                        0x0000000102bcd90c chromedriver + 219404\n   4   chromedriver                        0x0000000102bc1300 chromedriver + 168704\n   5   chromedriver                        0x0000000102bc241c chromedriver + 173084\n   6   chromedriver                        0x0000000102bc15f0 chromedriver + 169456\n   7   chromedriver                        0x0000000102bc097c chromedriver + 166268\n   8   chromedriver                        0x0000000102bc0814 chromedriver + 165908\n   9   chromedriver                        0x0000000102bbf84c chromedriver + 161868\n   10  chromedriver                        0x0000000102bbfbc8 chromedriver + 162760\n   11  chromedriver                        0x0000000102bd6730 chromedriver + 255792\n   12  chromedriver                        0x0000000102c3d6e0 chromedriver + 677600\n   13  chromedriver                        0x0000000102c3d020 chromedriver + 675872\n   14  chromedriver                        0x0000000102bfeb10 chromedriver + 420624\n   15  chromedriver                        0x0000000102bffc30 chromedriver + 425008\n   16  chromedriver                        0x0000000102f58ae4 chromedriver + 3934948\n   17  chromedriver                        0x0000000102f5bf24 chromedriver + 3948324\n   18  chromedriver                        0x0000000102f5c508 chromedriver + 3949832\n   19  chromedriver                        0x0000000102f62b30 chromedriver + 3975984\n   20  chromedriver                        0x0000000102f5cb24 chromedriver + 3951396\n   21  chromedriver                        0x0000000102f3771c chromedriver + 3798812\n   22  chromedriver                        0x0000000102f792f0 chromedriver + 4068080\n   23  chromedriver                        0x0000000102f79444 chromedriver + 4068420\n   24  chromedriver                        0x0000000102f8d450 chromedriver + 4150352\n   25  libsystem_pthread.dylib             0x000000018dc1206c _pthread_start + 148\n   26  libsystem_pthread.dylib             0x000000018dc0ce2c thread_start + 8\n", "test_name": "test_1_SetupOS", "rerun": "0"}, "1": {"status": "FAIL", "message": "   NameError: name 'driver' is not defined\n", "test_name": "test_2_Login", "rerun": "0"}, "2": {"status": "FAIL", "message": "   NameError: name 'driver' is not defined\n", "test_name": "test_3_AksesMenu_ManajemenBlokDanKamar", "rerun": "0"}, "3": {"status": "FAIL", "message": "   NameError: name 'driver' is not defined\n", "test_name": "test_4_ClickButtonTambah_PemetaanBlock", "rerun": "0"}, "4": {"status": "FAIL", "message": "   NameError: name 'driver' is not defined\n", "test_name": "test_5_searchData_DalamProses", "rerun": "0"}, "5": {"status": "FAIL", "message": "   NameError: name 'driver' is not defined\n", "test_name": "test_6_clickbuttonDalamProses", "rerun": "0"}, "6": {"status": "FAIL", "message": "   NameError: name 'driver' is not defined\n", "test_name": "test_7_Verifikasi", "rerun": "0"}, "7": {"status": "FAIL", "message": "   NameError: name 'driver' is not defined\n", "test_name": "test_9_InputKeterangan", "rerun": "0"}, "8": {"status": "FAIL", "message": "   NameError: name 'driver' is not defined\n", "test_name": "test_exit", "rerun": "0"}}, "status": {"total_pass": 0, "total_skip": 0, "total_xpass": 0, "total_xfail": 0, "total_rerun": 0, "total_fail": 9, "total_error": 0}}}}, "date": "December 10, 2022", "start_time": 1670675174.269268, "total_suite": 2, "status": "FAIL", "status_list": {"pass": "0", "fail": "35", "skip": "0", "error": "0", "xpass": "0", "xfail": "0", "rerun": "0"}, "total_tests": "35"}