{"content": {"suites": {"0": {"status": {"total_pass": 2, "total_skip": 0, "total_xpass": 0, "total_xfail": 0, "total_rerun": 0, "total_fail": 6, "total_error": 0}, "tests": {"0": {"status": "PASS", "message": "", "test_name": "test_1_SetupOS", "rerun": "0"}, "1": {"status": "PASS", "message": "", "test_name": "test_2_Login", "rerun": "0"}, "2": {"status": "FAIL", "message": "   selenium.common.exceptions.NoSuchWindowException: Message: no such window: target window already closed\n   from unknown error: web view not found\n     (Session info: chrome=108.0.5359.71)\n   Stacktrace:\n   0   chromedriver                        0x0000000104eeaa88 chromedriver + 4123272\n   1   chromedriver                        0x0000000104e76778 chromedriver + 3647352\n   2   chromedriver                        0x0000000104b38ac4 chromedriver + 248516\n   3   chromedriver                        0x0000000104b18304 chromedriver + 115460\n   4   chromedriver                        0x0000000104b8ee64 chromedriver + 601700\n   5   chromedriver                        0x0000000104ba0744 chromedriver + 673604\n   6   chromedriver                        0x0000000104b62b10 chromedriver + 420624\n   7   chromedriver                        0x0000000104b63c30 chromedriver + 425008\n   8   chromedriver                        0x0000000104ebcae4 chromedriver + 3934948\n   9   chromedriver                        0x0000000104ebff24 chromedriver + 3948324\n   10  chromedriver                        0x0000000104ec0508 chromedriver + 3949832\n   11  chromedriver                        0x0000000104ec6b30 chromedriver + 3975984\n   12  chromedriver                        0x0000000104ec0b24 chromedriver + 3951396\n   13  chromedriver                        0x0000000104e9b71c chromedriver + 3798812\n   14  chromedriver                        0x0000000104edd2f0 chromedriver + 4068080\n   15  chromedriver                        0x0000000104edd444 chromedriver + 4068420\n   16  chromedriver                        0x0000000104ef1450 chromedriver + 4150352\n   17  libsystem_pthread.dylib             0x00000001abb5206c _pthread_start + 148\n   18  libsystem_pthread.dylib             0x00000001abb4ce2c thread_start + 8\n", "test_name": "test_3_AksesMenu_ManajemenBlokDanKamar", "rerun": "0"}, "3": {"status": "FAIL", "message": "   selenium.common.exceptions.NoSuchWindowException: Message: no such window: target window already closed\n   from unknown error: web view not found\n     (Session info: chrome=108.0.5359.71)\n   Stacktrace:\n   0   chromedriver                        0x0000000104eeaa88 chromedriver + 4123272\n   1   chromedriver                        0x0000000104e76778 chromedriver + 3647352\n   2   chromedriver                        0x0000000104b38ac4 chromedriver + 248516\n   3   chromedriver                        0x0000000104b18304 chromedriver + 115460\n   4   chromedriver                        0x0000000104b8ee64 chromedriver + 601700\n   5   chromedriver                        0x0000000104ba0744 chromedriver + 673604\n   6   chromedriver                        0x0000000104b62b10 chromedriver + 420624\n   7   chromedriver                        0x0000000104b63c30 chromedriver + 425008\n   8   chromedriver                        0x0000000104ebcae4 chromedriver + 3934948\n   9   chromedriver                        0x0000000104ebff24 chromedriver + 3948324\n   10  chromedriver                        0x0000000104ec0508 chromedriver + 3949832\n   11  chromedriver                        0x0000000104ec6b30 chromedriver + 3975984\n   12  chromedriver                        0x0000000104ec0b24 chromedriver + 3951396\n   13  chromedriver                        0x0000000104e9b71c chromedriver + 3798812\n   14  chromedriver                        0x0000000104edd2f0 chromedriver + 4068080\n   15  chromedriver                        0x0000000104edd444 chromedriver + 4068420\n   16  chromedriver                        0x0000000104ef1450 chromedriver + 4150352\n   17  libsystem_pthread.dylib             0x00000001abb5206c _pthread_start + 148\n   18  libsystem_pthread.dylib             0x00000001abb4ce2c thread_start + 8\n", "test_name": "test_4_ClickButtonTambah_PemetaanBlock", "rerun": "0"}, "4": {"status": "FAIL", "message": "   selenium.common.exceptions.NoSuchWindowException: Message: no such window: target window already closed\n   from unknown error: web view not found\n     (Session info: chrome=108.0.5359.71)\n   Stacktrace:\n   0   chromedriver                        0x0000000104eeaa88 chromedriver + 4123272\n   1   chromedriver                        0x0000000104e76778 chromedriver + 3647352\n   2   chromedriver                        0x0000000104b38ac4 chromedriver + 248516\n   3   chromedriver                        0x0000000104b18304 chromedriver + 115460\n   4   chromedriver                        0x0000000104b8ee64 chromedriver + 601700\n   5   chromedriver                        0x0000000104ba0744 chromedriver + 673604\n   6   chromedriver                        0x0000000104b62b10 chromedriver + 420624\n   7   chromedriver                        0x0000000104b63c30 chromedriver + 425008\n   8   chromedriver                        0x0000000104ebcae4 chromedriver + 3934948\n   9   chromedriver                        0x0000000104ebff24 chromedriver + 3948324\n   10  chromedriver                        0x0000000104ec0508 chromedriver + 3949832\n   11  chromedriver                        0x0000000104ec6b30 chromedriver + 3975984\n   12  chromedriver                        0x0000000104ec0b24 chromedriver + 3951396\n   13  chromedriver                        0x0000000104e9b71c chromedriver + 3798812\n   14  chromedriver                        0x0000000104edd2f0 chromedriver + 4068080\n   15  chromedriver                        0x0000000104edd444 chromedriver + 4068420\n   16  chromedriver                        0x0000000104ef1450 chromedriver + 4150352\n   17  libsystem_pthread.dylib             0x00000001abb5206c _pthread_start + 148\n   18  libsystem_pthread.dylib             0x00000001abb4ce2c thread_start + 8\n", "test_name": "test_5_searchData_DalamProses", "rerun": "0"}, "5": {"status": "FAIL", "message": "   selenium.common.exceptions.NoSuchWindowException: Message: no such window: target window already closed\n   from unknown error: web view not found\n     (Session info: chrome=108.0.5359.71)\n   Stacktrace:\n   0   chromedriver                        0x0000000104eeaa88 chromedriver + 4123272\n   1   chromedriver                        0x0000000104e76778 chromedriver + 3647352\n   2   chromedriver                        0x0000000104b38ac4 chromedriver + 248516\n   3   chromedriver                        0x0000000104b18304 chromedriver + 115460\n   4   chromedriver                        0x0000000104b8ee64 chromedriver + 601700\n   5   chromedriver                        0x0000000104ba0744 chromedriver + 673604\n   6   chromedriver                        0x0000000104b62b10 chromedriver + 420624\n   7   chromedriver                        0x0000000104b63c30 chromedriver + 425008\n   8   chromedriver                        0x0000000104ebcae4 chromedriver + 3934948\n   9   chromedriver                        0x0000000104ebff24 chromedriver + 3948324\n   10  chromedriver                        0x0000000104ec0508 chromedriver + 3949832\n   11  chromedriver                        0x0000000104ec6b30 chromedriver + 3975984\n   12  chromedriver                        0x0000000104ec0b24 chromedriver + 3951396\n   13  chromedriver                        0x0000000104e9b71c chromedriver + 3798812\n   14  chromedriver                        0x0000000104edd2f0 chromedriver + 4068080\n   15  chromedriver                        0x0000000104edd444 chromedriver + 4068420\n   16  chromedriver                        0x0000000104ef1450 chromedriver + 4150352\n   17  libsystem_pthread.dylib             0x00000001abb5206c _pthread_start + 148\n   18  libsystem_pthread.dylib             0x00000001abb4ce2c thread_start + 8\n", "test_name": "test_6_clickbuttonDalamProses", "rerun": "0"}, "6": {"status": "FAIL", "message": "   selenium.common.exceptions.NoSuchWindowException: Message: no such window: target window already closed\n   from unknown error: web view not found\n     (Session info: chrome=108.0.5359.71)\n   Stacktrace:\n   0   chromedriver                        0x0000000104eeaa88 chromedriver + 4123272\n   1   chromedriver                        0x0000000104e76778 chromedriver + 3647352\n   2   chromedriver                        0x0000000104b38ac4 chromedriver + 248516\n   3   chromedriver                        0x0000000104b18304 chromedriver + 115460\n   4   chromedriver                        0x0000000104b8ee64 chromedriver + 601700\n   5   chromedriver                        0x0000000104ba0744 chromedriver + 673604\n   6   chromedriver                        0x0000000104b62b10 chromedriver + 420624\n   7   chromedriver                        0x0000000104b63c30 chromedriver + 425008\n   8   chromedriver                        0x0000000104ebcae4 chromedriver + 3934948\n   9   chromedriver                        0x0000000104ebff24 chromedriver + 3948324\n   10  chromedriver                        0x0000000104ec0508 chromedriver + 3949832\n   11  chromedriver                        0x0000000104ec6b30 chromedriver + 3975984\n   12  chromedriver                        0x0000000104ec0b24 chromedriver + 3951396\n   13  chromedriver                        0x0000000104e9b71c chromedriver + 3798812\n   14  chromedriver                        0x0000000104edd2f0 chromedriver + 4068080\n   15  chromedriver                        0x0000000104edd444 chromedriver + 4068420\n   16  chromedriver                        0x0000000104ef1450 chromedriver + 4150352\n   17  libsystem_pthread.dylib             0x00000001abb5206c _pthread_start + 148\n   18  libsystem_pthread.dylib             0x00000001abb4ce2c thread_start + 8\n", "test_name": "test_7_Verifikasi", "rerun": "0"}, "7": {"status": "FAIL", "message": "   selenium.common.exceptions.NoSuchWindowException: Message: no such window: target window already closed\n   from unknown error: web view not found\n     (Session info: chrome=108.0.5359.71)\n   Stacktrace:\n   0   chromedriver                        0x0000000104eeaa88 chromedriver + 4123272\n   1   chromedriver                        0x0000000104e76778 chromedriver + 3647352\n   2   chromedriver                        0x0000000104b38ac4 chromedriver + 248516\n   3   chromedriver                        0x0000000104b18304 chromedriver + 115460\n   4   chromedriver                        0x0000000104b8ee64 chromedriver + 601700\n   5   chromedriver                        0x0000000104ba0744 chromedriver + 673604\n   6   chromedriver                        0x0000000104b62b10 chromedriver + 420624\n   7   chromedriver                        0x0000000104b63c30 chromedriver + 425008\n   8   chromedriver                        0x0000000104ebcae4 chromedriver + 3934948\n   9   chromedriver                        0x0000000104ebff24 chromedriver + 3948324\n   10  chromedriver                        0x0000000104ec0508 chromedriver + 3949832\n   11  chromedriver                        0x0000000104ec6b30 chromedriver + 3975984\n   12  chromedriver                        0x0000000104ec0b24 chromedriver + 3951396\n   13  chromedriver                        0x0000000104e9b71c chromedriver + 3798812\n   14  chromedriver                        0x0000000104edd2f0 chromedriver + 4068080\n   15  chromedriver                        0x0000000104edd444 chromedriver + 4068420\n   16  chromedriver                        0x0000000104ef1450 chromedriver + 4150352\n   17  libsystem_pthread.dylib             0x00000001abb5206c _pthread_start + 148\n   18  libsystem_pthread.dylib             0x00000001abb4ce2c thread_start + 8\n", "test_name": "test_9_InputKeterangan", "rerun": "0"}}, "suite_name": "test_2Verifikasi.py"}}}, "date": "December 12, 2022", "start_time": 1670816998.7221272, "total_suite": 1, "status": "FAIL", "status_list": {"pass": "2", "fail": "6", "skip": "0", "error": "0", "xpass": "0", "xfail": "0", "rerun": "0"}, "total_tests": "8"}