{"content": {"suites": {"0": {"status": {"total_pass": 8, "total_skip": 0, "total_xpass": 0, "total_xfail": 0, "total_rerun": 0, "total_fail": 2, "total_error": 0}, "tests": {"0": {"status": "PASS", "message": "", "test_name": "test_1_SetupOS", "rerun": "0"}, "1": {"status": "PASS", "message": "", "test_name": "test_2_Login", "rerun": "0"}, "2": {"status": "PASS", "message": "", "test_name": "test_3_AksesMenu_ManajemenBlokDanKamar", "rerun": "0"}, "3": {"status": "PASS", "message": "", "test_name": "test_4_ClickButtonTambah_PemetaanBlock", "rerun": "0"}, "4": {"status": "PASS", "message": "", "test_name": "test_5_FilterColumn", "rerun": "0"}, "5": {"status": "FAIL", "message": "   selenium.common.exceptions.ElementClickInterceptedException: Message: element click intercepted: Element <a href=\"/keamanan/manajemen-blok-dan-kamar/master/update/39\" class=\"\" id=\"updateButton0\">...</a> is not clickable at point (1570, 599). Other element would receive the click: <div class=\"el-loading-mask\" style=\"\">...</div>\n     (Session info: chrome=108.0.5359.71)\n   Stacktrace:\n   0   chromedriver                        0x0000000100792a88 chromedriver + 4123272\n   1   chromedriver                        0x000000010071e778 chromedriver + 3647352\n   2   chromedriver                        0x00000001003e0ac4 chromedriver + 248516\n   3   chromedriver                        0x000000010041d8a8 chromedriver + 497832\n   4   chromedriver                        0x000000010041b874 chromedriver + 489588\n   5   chromedriver                        0x00000001004194e8 chromedriver + 480488\n   6   chromedriver                        0x00000001004184dc chromedriver + 476380\n   7   chromedriver                        0x000000010040ca00 chromedriver + 428544\n   8   chromedriver                        0x000000010040c260 chromedriver + 426592\n   9   chromedriver                        0x0000000100449020 chromedriver + 675872\n   10  chromedriver                        0x000000010040ab10 chromedriver + 420624\n   11  chromedriver                        0x000000010040bc30 chromedriver + 425008\n   12  chromedriver                        0x0000000100764ae4 chromedriver + 3934948\n   13  chromedriver                        0x0000000100767f24 chromedriver + 3948324\n   14  chromedriver                        0x0000000100768508 chromedriver + 3949832\n   15  chromedriver                        0x000000010076eb30 chromedriver + 3975984\n   16  chromedriver                        0x0000000100768b24 chromedriver + 3951396\n   17  chromedriver                        0x000000010074371c chromedriver + 3798812\n   18  chromedriver                        0x00000001007852f0 chromedriver + 4068080\n   19  chromedriver                        0x0000000100785444 chromedriver + 4068420\n   20  chromedriver                        0x0000000100799450 chromedriver + 4150352\n   21  libsystem_pthread.dylib             0x00000001ae1c606c _pthread_start + 148\n   22  libsystem_pthread.dylib             0x00000001ae1c0e2c thread_start + 8\n", "test_name": "test_6_clickButtonEdit", "rerun": "0"}, "6": {"status": "PASS", "message": "", "test_name": "test_7_EditNamaBlok", "rerun": "0"}, "7": {"status": "PASS", "message": "", "test_name": "test_8_EditTipeBlok", "rerun": "0"}, "8": {"status": "PASS", "message": "", "test_name": "test_9_EditJenisKelaminBlok", "rerun": "0"}, "9": {"status": "FAIL", "message": "   selenium.common.exceptions.ElementClickInterceptedException: Message: element click intercepted: Element <input class=\"el-input__inner\" id=\"jenis_kejahatan_values\" type=\"text\" readonly=\"\" autocomplete=\"off\" placeholder=\"\" style=\"height: 62px;\"> is not clickable at point (1361, 209). Other element would receive the click: <span class=\"el-select-tags-wrapper has-prefix\">...</span>\n     (Session info: chrome=108.0.5359.71)\n   Stacktrace:\n   0   chromedriver                        0x0000000100792a88 chromedriver + 4123272\n   1   chromedriver                        0x000000010071e778 chromedriver + 3647352\n   2   chromedriver                        0x00000001003e0ac4 chromedriver + 248516\n   3   chromedriver                        0x000000010041d8a8 chromedriver + 497832\n   4   chromedriver                        0x000000010041b874 chromedriver + 489588\n   5   chromedriver                        0x00000001004194e8 chromedriver + 480488\n   6   chromedriver                        0x00000001004184dc chromedriver + 476380\n   7   chromedriver                        0x000000010040ca00 chromedriver + 428544\n   8   chromedriver                        0x000000010040c260 chromedriver + 426592\n   9   chromedriver                        0x0000000100449020 chromedriver + 675872\n   10  chromedriver                        0x000000010040ab10 chromedriver + 420624\n   11  chromedriver                        0x000000010040bc30 chromedriver + 425008\n   12  chromedriver                        0x0000000100764ae4 chromedriver + 3934948\n   13  chromedriver                        0x0000000100767f24 chromedriver + 3948324\n   14  chromedriver                        0x0000000100768508 chromedriver + 3949832\n   15  chromedriver                        0x000000010076eb30 chromedriver + 3975984\n   16  chromedriver                        0x0000000100768b24 chromedriver + 3951396\n   17  chromedriver                        0x000000010074371c chromedriver + 3798812\n   18  chromedriver                        0x00000001007852f0 chromedriver + 4068080\n   19  chromedriver                        0x0000000100785444 chromedriver + 4068420\n   20  chromedriver                        0x0000000100799450 chromedriver + 4150352\n   21  libsystem_pthread.dylib             0x00000001ae1c606c _pthread_start + 148\n   22  libsystem_pthread.dylib             0x00000001ae1c0e2c thread_start + 8\n", "test_name": "test_10_EditJenisKejahatan", "rerun": "0"}}, "suite_name": "test_3edit_BlokDanKamar.py"}}}, "date": "December 15, 2022", "start_time": 1671072729.480648, "total_suite": 1, "status": "FAIL", "status_list": {"pass": "8", "fail": "2", "skip": "0", "error": "0", "xpass": "0", "xfail": "0", "rerun": "0"}, "total_tests": "10"}