{"content": {"suites": {"0": {"status": {"total_pass": 4, "total_skip": 0, "total_xpass": 0, "total_xfail": 0, "total_rerun": 0, "total_fail": 2, "total_error": 0}, "tests": {"0": {"status": "PASS", "message": "", "test_name": "test1_OpKegiatanPelatihan_SetupOs", "rerun": "0"}, "1": {"status": "PASS", "message": "", "test_name": "test_TC_KTR_020", "rerun": "0"}, "2": {"status": "PASS", "message": "", "test_name": "test_TC_KTR_021", "rerun": "0"}, "3": {"status": "FAIL", "message": "   selenium.common.exceptions.InvalidSelectorException: Message: invalid selector: An invalid or illegal selector was specified\n     (Session info: chrome=113.0.5672.92)\n   Stacktrace:\n   0   chromedriver                        0x0000000100f9dae8 chromedriver + 4958952\n   1   chromedriver                        0x0000000100f957b3 chromedriver + 4925363\n   2   chromedriver                        0x0000000100b571d6 chromedriver + 475606\n   3   chromedriver                        0x0000000100b5b274 chromedriver + 492148\n   4   chromedriver                        0x0000000100b5ae56 chromedriver + 491094\n   5   chromedriver                        0x0000000100b5b2fc chromedriver + 492284\n   6   chromedriver                        0x0000000100b9a63c chromedriver + 751164\n   7   chromedriver                        0x0000000100b9ac81 chromedriver + 752769\n   8   chromedriver                        0x0000000100bdef64 chromedriver + 1032036\n   9   chromedriver                        0x0000000100bc0c3d chromedriver + 908349\n   10  chromedriver                        0x0000000100bdc25b chromedriver + 1020507\n   11  chromedriver                        0x0000000100bc09e3 chromedriver + 907747\n   12  chromedriver                        0x0000000100b8aaef chromedriver + 686831\n   13  chromedriver                        0x0000000100b8c00e chromedriver + 692238\n   14  chromedriver                        0x0000000100f599ad chromedriver + 4680109\n   15  chromedriver                        0x0000000100f5ec12 chromedriver + 4701202\n   16  chromedriver                        0x0000000100f6579f chromedriver + 4728735\n   17  chromedriver                        0x0000000100f5fb7a chromedriver + 4705146\n   18  chromedriver                        0x0000000100f3227e chromedriver + 4518526\n   19  chromedriver                        0x0000000100f7f908 chromedriver + 4835592\n   20  chromedriver                        0x0000000100f7fa87 chromedriver + 4835975\n   21  chromedriver                        0x0000000100f8f00f chromedriver + 4898831\n   22  libsystem_pthread.dylib             0x00007ff81202f1d3 _pthread_start + 125\n   23  libsystem_pthread.dylib             0x00007ff81202abd3 thread_start + 15\n", "test_name": "test_TC_KTR_022", "rerun": "0"}, "4": {"status": "FAIL", "message": "   selenium.common.exceptions.ElementClickInterceptedException: Message: element click intercepted: Element <svg xmlns=\"http://www.w3.org/2000/svg\" viewBox=\"0 0 20 20\" fill=\"currentColor\" aria-hidden=\"true\" class=\"h-5 w-5\">...</svg> is not clickable at point (1565, 543). Other element would receive the click: <div data-v-9d512196=\"\" class=\"el-scrollbar border-1 rounded-sm p-4\">...</div>\n     (Session info: chrome=113.0.5672.92)\n   Stacktrace:\n   0   chromedriver                        0x0000000100f9dae8 chromedriver + 4958952\n   1   chromedriver                        0x0000000100f957b3 chromedriver + 4925363\n   2   chromedriver                        0x0000000100b571d6 chromedriver + 475606\n   3   chromedriver                        0x0000000100ba4321 chromedriver + 791329\n   4   chromedriver                        0x0000000100ba136e chromedriver + 779118\n   5   chromedriver                        0x0000000100b9dfd4 chromedriver + 765908\n   6   chromedriver                        0x0000000100b9c9af chromedriver + 760239\n   7   chromedriver                        0x0000000100b8d283 chromedriver + 696963\n   8   chromedriver                        0x0000000100bc0c12 chromedriver + 908306\n   9   chromedriver                        0x0000000100b8c8f1 chromedriver + 694513\n   10  chromedriver                        0x0000000100bc0dce chromedriver + 908750\n   11  chromedriver                        0x0000000100bdc25b chromedriver + 1020507\n   12  chromedriver                        0x0000000100bc09e3 chromedriver + 907747\n   13  chromedriver                        0x0000000100b8aaef chromedriver + 686831\n   14  chromedriver                        0x0000000100b8c00e chromedriver + 692238\n   15  chromedriver                        0x0000000100f599ad chromedriver + 4680109\n   16  chromedriver                        0x0000000100f5ec12 chromedriver + 4701202\n   17  chromedriver                        0x0000000100f6579f chromedriver + 4728735\n   18  chromedriver                        0x0000000100f5fb7a chromedriver + 4705146\n   19  chromedriver                        0x0000000100f3227e chromedriver + 4518526\n   20  chromedriver                        0x0000000100f7f908 chromedriver + 4835592\n   21  chromedriver                        0x0000000100f7fa87 chromedriver + 4835975\n   22  chromedriver                        0x0000000100f8f00f chromedriver + 4898831\n   23  libsystem_pthread.dylib             0x00007ff81202f1d3 _pthread_start + 125\n   24  libsystem_pthread.dylib             0x00007ff81202abd3 thread_start + 15\n", "test_name": "test_TC_KTR_023", "rerun": "0"}, "5": {"status": "PASS", "message": "", "test_name": "test1_exit_OpKegiatanPelatihan", "rerun": "0"}}, "suite_name": "KETERAMPILAN/Fungsional/test_5_KasiePersetujuanPesertaKegiatan.py"}}}, "date": "May 09, 2023", "start_time": 1683615570.429177, "total_suite": 1, "status": "FAIL", "status_list": {"pass": "4", "fail": "2", "skip": "0", "error": "0", "xpass": "0", "xfail": "0", "rerun": "0"}, "total_tests": "6"}