{"content": {"suites": {"0": {"status": {"total_pass": 4, "total_skip": 0, "total_xpass": 0, "total_xfail": 0, "total_rerun": 0, "total_fail": 2, "total_error": 0}, "tests": {"0": {"status": "PASS", "message": "", "test_name": "test1_OpKegiatanPelatihan_SetupOs", "rerun": "0"}, "1": {"status": "PASS", "message": "", "test_name": "test_TC_KTR_020", "rerun": "0"}, "2": {"status": "PASS", "message": "", "test_name": "test_TC_KTR_021", "rerun": "0"}, "3": {"status": "FAIL", "message": "   selenium.common.exceptions.NoSuchElementException: Message: no such element: Unable to locate element: {\"method\":\"css selector\",\"selector\":\".hover\"}\n     (Session info: chrome=113.0.5672.92)\n   Stacktrace:\n   0   chromedriver                        0x0000000101191ae8 chromedriver + 4958952\n   1   chromedriver                        0x00000001011897b3 chromedriver + 4925363\n   2   chromedriver                        0x0000000100d4b1d6 chromedriver + 475606\n   3   chromedriver                        0x0000000100d8ea20 chromedriver + 752160\n   4   chromedriver                        0x0000000100d8ec81 chromedriver + 752769\n   5   chromedriver                        0x0000000100dd2f64 chromedriver + 1032036\n   6   chromedriver                        0x0000000100db4c3d chromedriver + 908349\n   7   chromedriver                        0x0000000100dd025b chromedriver + 1020507\n   8   chromedriver                        0x0000000100db49e3 chromedriver + 907747\n   9   chromedriver                        0x0000000100d7eaef chromedriver + 686831\n   10  chromedriver                        0x0000000100d8000e chromedriver + 692238\n   11  chromedriver                        0x000000010114d9ad chromedriver + 4680109\n   12  chromedriver                        0x0000000101152c12 chromedriver + 4701202\n   13  chromedriver                        0x000000010115979f chromedriver + 4728735\n   14  chromedriver                        0x0000000101153b7a chromedriver + 4705146\n   15  chromedriver                        0x000000010112627e chromedriver + 4518526\n   16  chromedriver                        0x0000000101173908 chromedriver + 4835592\n   17  chromedriver                        0x0000000101173a87 chromedriver + 4835975\n   18  chromedriver                        0x000000010118300f chromedriver + 4898831\n   19  libsystem_pthread.dylib             0x00007ff81202f1d3 _pthread_start + 125\n   20  libsystem_pthread.dylib             0x00007ff81202abd3 thread_start + 15\n", "test_name": "test_TC_KTR_022", "rerun": "0"}, "4": {"status": "FAIL", "message": "   selenium.common.exceptions.ElementClickInterceptedException: Message: element click intercepted: Element <svg xmlns=\"http://www.w3.org/2000/svg\" viewBox=\"0 0 20 20\" fill=\"currentColor\" aria-hidden=\"true\" class=\"h-5 w-5\">...</svg> is not clickable at point (1565, 543). Other element would receive the click: <div data-v-9d512196=\"\" class=\"el-scrollbar border-1 rounded-sm p-4\">...</div>\n     (Session info: chrome=113.0.5672.92)\n   Stacktrace:\n   0   chromedriver                        0x0000000101191ae8 chromedriver + 4958952\n   1   chromedriver                        0x00000001011897b3 chromedriver + 4925363\n   2   chromedriver                        0x0000000100d4b1d6 chromedriver + 475606\n   3   chromedriver                        0x0000000100d98321 chromedriver + 791329\n   4   chromedriver                        0x0000000100d9536e chromedriver + 779118\n   5   chromedriver                        0x0000000100d91fd4 chromedriver + 765908\n   6   chromedriver                        0x0000000100d909af chromedriver + 760239\n   7   chromedriver                        0x0000000100d81283 chromedriver + 696963\n   8   chromedriver                        0x0000000100db4c12 chromedriver + 908306\n   9   chromedriver                        0x0000000100d808f1 chromedriver + 694513\n   10  chromedriver                        0x0000000100db4dce chromedriver + 908750\n   11  chromedriver                        0x0000000100dd025b chromedriver + 1020507\n   12  chromedriver                        0x0000000100db49e3 chromedriver + 907747\n   13  chromedriver                        0x0000000100d7eaef chromedriver + 686831\n   14  chromedriver                        0x0000000100d8000e chromedriver + 692238\n   15  chromedriver                        0x000000010114d9ad chromedriver + 4680109\n   16  chromedriver                        0x0000000101152c12 chromedriver + 4701202\n   17  chromedriver                        0x000000010115979f chromedriver + 4728735\n   18  chromedriver                        0x0000000101153b7a chromedriver + 4705146\n   19  chromedriver                        0x000000010112627e chromedriver + 4518526\n   20  chromedriver                        0x0000000101173908 chromedriver + 4835592\n   21  chromedriver                        0x0000000101173a87 chromedriver + 4835975\n   22  chromedriver                        0x000000010118300f chromedriver + 4898831\n   23  libsystem_pthread.dylib             0x00007ff81202f1d3 _pthread_start + 125\n   24  libsystem_pthread.dylib             0x00007ff81202abd3 thread_start + 15\n", "test_name": "test_TC_KTR_023", "rerun": "0"}, "5": {"status": "PASS", "message": "", "test_name": "test1_exit_OpKegiatanPelatihan", "rerun": "0"}}, "suite_name": "KETERAMPILAN/Fungsional/test_5_KasiePersetujuanPesertaKegiatan.py"}}}, "date": "May 09, 2023", "start_time": 1683615726.037945, "total_suite": 1, "status": "FAIL", "status_list": {"pass": "4", "fail": "2", "skip": "0", "error": "0", "xpass": "0", "xfail": "0", "rerun": "0"}, "total_tests": "6"}