{"content": {"suites": {"0": {"status": {"total_pass": 4, "total_skip": 0, "total_xpass": 0, "total_xfail": 0, "total_rerun": 0, "total_fail": 2, "total_error": 0}, "tests": {"0": {"status": "PASS", "message": "", "test_name": "test2_KasieVerifikasiPesertaKegiatan_SetupOs", "rerun": "0"}, "1": {"status": "PASS", "message": "", "test_name": "test_TC_KTR_008", "rerun": "0"}, "2": {"status": "PASS", "message": "", "test_name": "test_TC_KTR_009", "rerun": "0"}, "3": {"status": "FAIL", "message": "   selenium.common.exceptions.ElementClickInterceptedException: Message: element click intercepted: Element <button class=\"el-button is-plain border-2 text-light-blue-900 !hover:text-light-blue-600 border-light-blue-900 !hover:border-light-blue-600\" type=\"button\" id=\"backButton\">...</button> is not clickable at point (1807, 259). Other element would receive the click: <div class=\"el-loading-mask\" style=\"\">...</div>\n     (Session info: chrome=113.0.5672.92)\n   Stacktrace:\n   0   chromedriver                        0x0000000100521ae8 chromedriver + 4958952\n   1   chromedriver                        0x00000001005197b3 chromedriver + 4925363\n   2   chromedriver                        0x00000001000db1d6 chromedriver + 475606\n   3   chromedriver                        0x0000000100128321 chromedriver + 791329\n   4   chromedriver                        0x000000010012536e chromedriver + 779118\n   5   chromedriver                        0x0000000100121fd4 chromedriver + 765908\n   6   chromedriver                        0x00000001001209af chromedriver + 760239\n   7   chromedriver                        0x0000000100111283 chromedriver + 696963\n   8   chromedriver                        0x0000000100144c12 chromedriver + 908306\n   9   chromedriver                        0x00000001001108f1 chromedriver + 694513\n   10  chromedriver                        0x0000000100144dce chromedriver + 908750\n   11  chromedriver                        0x000000010016025b chromedriver + 1020507\n   12  chromedriver                        0x00000001001449e3 chromedriver + 907747\n   13  chromedriver                        0x000000010010eaef chromedriver + 686831\n   14  chromedriver                        0x000000010011000e chromedriver + 692238\n   15  chromedriver                        0x00000001004dd9ad chromedriver + 4680109\n   16  chromedriver                        0x00000001004e2c12 chromedriver + 4701202\n   17  chromedriver                        0x00000001004e979f chromedriver + 4728735\n   18  chromedriver                        0x00000001004e3b7a chromedriver + 4705146\n   19  chromedriver                        0x00000001004b627e chromedriver + 4518526\n   20  chromedriver                        0x0000000100503908 chromedriver + 4835592\n   21  chromedriver                        0x0000000100503a87 chromedriver + 4835975\n   22  chromedriver                        0x000000010051300f chromedriver + 4898831\n   23  libsystem_pthread.dylib             0x00007ff8012871d3 _pthread_start + 125\n   24  libsystem_pthread.dylib             0x00007ff801282bd3 thread_start + 15\n", "test_name": "test_TC_KTR_010", "rerun": "0"}, "4": {"status": "FAIL", "message": "   selenium.common.exceptions.TimeoutException: Message: \n   Stacktrace:\n   0   chromedriver                        0x0000000100521ae8 chromedriver + 4958952\n   1   chromedriver                        0x00000001005197b3 chromedriver + 4925363\n   2   chromedriver                        0x00000001000db1d6 chromedriver + 475606\n   3   chromedriver                        0x000000010011ea20 chromedriver + 752160\n   4   chromedriver                        0x000000010011ec81 chromedriver + 752769\n   5   chromedriver                        0x0000000100162f64 chromedriver + 1032036\n   6   chromedriver                        0x0000000100144c3d chromedriver + 908349\n   7   chromedriver                        0x000000010016025b chromedriver + 1020507\n   8   chromedriver                        0x00000001001449e3 chromedriver + 907747\n   9   chromedriver                        0x000000010010eaef chromedriver + 686831\n   10  chromedriver                        0x000000010011000e chromedriver + 692238\n   11  chromedriver                        0x00000001004dd9ad chromedriver + 4680109\n   12  chromedriver                        0x00000001004e2c12 chromedriver + 4701202\n   13  chromedriver                        0x00000001004e979f chromedriver + 4728735\n   14  chromedriver                        0x00000001004e3b7a chromedriver + 4705146\n   15  chromedriver                        0x00000001004b627e chromedriver + 4518526\n   16  chromedriver                        0x0000000100503908 chromedriver + 4835592\n   17  chromedriver                        0x0000000100503a87 chromedriver + 4835975\n   18  chromedriver                        0x000000010051300f chromedriver + 4898831\n   19  libsystem_pthread.dylib             0x00007ff8012871d3 _pthread_start + 125\n   20  libsystem_pthread.dylib             0x00007ff801282bd3 thread_start + 15\n", "test_name": "test_TC_KTR_011", "rerun": "0"}, "5": {"status": "PASS", "message": "", "test_name": "test_exit_KasieVerifikasiPesertaKegiatan", "rerun": "0"}}, "suite_name": "KETERAMPILAN/Fungsional/test_2_KasieVerifikasiPesertaKegiatan.py"}}}, "date": "May 10, 2023", "start_time": 1683686239.702303, "total_suite": 1, "status": "FAIL", "status_list": {"pass": "4", "fail": "2", "skip": "0", "error": "0", "xpass": "0", "xfail": "0", "rerun": "0"}, "total_tests": "6"}