{"content": {"suites": {"0": {"status": {"total_pass": 9, "total_skip": 0, "total_xpass": 0, "total_xfail": 0, "total_rerun": 0, "total_fail": 0, "total_error": 0}, "tests": {"0": {"status": "PASS", "message": "", "test_name": "test1_OpKegiatanPelatihan_SetupOs", "rerun": "0"}, "1": {"status": "PASS", "message": "", "test_name": "test_TC_KTR_001", "rerun": "0"}, "2": {"status": "PASS", "message": "", "test_name": "test_TC_KTR_002", "rerun": "0"}, "3": {"status": "PASS", "message": "", "test_name": "test_TC_KTR_003", "rerun": "0"}, "4": {"status": "PASS", "message": "", "test_name": "test_TC_KTR_004", "rerun": "0"}, "5": {"status": "PASS", "message": "", "test_name": "test_TC_KTR_005", "rerun": "0"}, "6": {"status": "PASS", "message": "", "test_name": "test_TC_KTR_006", "rerun": "0"}, "7": {"status": "PASS", "message": "", "test_name": "test_TC_KTR_007", "rerun": "0"}, "8": {"status": "PASS", "message": "", "test_name": "test1_exit_OpKegiatanPelatihan", "rerun": "0"}}, "suite_name": "KETERAMPILAN/Fungsional/test_1_OpKegiatanPelatihan.py"}, "1": {"suite_name": "KETERAMPILAN/Fungsional/test_2_KasieVerifikasiPesertaKegiatan.py", "tests": {"0": {"status": "PASS", "message": "", "test_name": "test2_KasieVerifikasiPesertaKegiatan_SetupOs", "rerun": "0"}, "1": {"status": "PASS", "message": "", "test_name": "test_TC_KTR_008", "rerun": "0"}, "2": {"status": "PASS", "message": "", "test_name": "test_TC_KTR_009", "rerun": "0"}, "3": {"status": "PASS", "message": "", "test_name": "test_TC_KTR_010", "rerun": "0"}, "4": {"status": "FAIL", "message": "   selenium.common.exceptions.TimeoutException: Message:\n", "test_name": "test_TC_KTR_011", "rerun": "0"}, "5": {"status": "PASS", "message": "", "test_name": "test_exit_KasieVerifikasiPesertaKegiatan", "rerun": "0"}}, "status": {"total_pass": 5, "total_skip": 0, "total_xpass": 0, "total_xfail": 0, "total_rerun": 0, "total_fail": 1, "total_error": 0}}, "2": {"suite_name": "KETERAMPILAN/Fungsional/test_3_KalapasOtorisasi.py", "tests": {"0": {"status": "PASS", "message": "", "test_name": "test3_KalapasOtorisasi_SetupOs", "rerun": "0"}, "1": {"status": "PASS", "message": "", "test_name": "test_TC_KTR_012", "rerun": "0"}, "2": {"status": "PASS", "message": "", "test_name": "test_TC_KTR_013", "rerun": "0"}, "3": {"status": "PASS", "message": "", "test_name": "test_TC_KTR_014", "rerun": "0"}, "4": {"status": "FAIL", "message": "   selenium.common.exceptions.TimeoutException: Message: \n   Stacktrace:\n   0   chromedriver                        0x00000001025a0ae8 chromedriver + 4958952\n   1   chromedriver                        0x00000001025987b3 chromedriver + 4925363\n   2   chromedriver                        0x000000010215a1d6 chromedriver + 475606\n   3   chromedriver                        0x000000010219da20 chromedriver + 752160\n   4   chromedriver                        0x000000010219dc81 chromedriver + 752769\n   5   chromedriver                        0x00000001021e1f64 chromedriver + 1032036\n   6   chromedriver                        0x00000001021c3c3d chromedriver + 908349\n   7   chromedriver                        0x00000001021df25b chromedriver + 1020507\n   8   chromedriver                        0x00000001021c39e3 chromedriver + 907747\n   9   chromedriver                        0x000000010218daef chromedriver + 686831\n   10  chromedriver                        0x000000010218f00e chromedriver + 692238\n   11  chromedriver                        0x000000010255c9ad chromedriver + 4680109\n   12  chromedriver                        0x0000000102561c12 chromedriver + 4701202\n   13  chromedriver                        0x000000010256879f chromedriver + 4728735\n   14  chromedriver                        0x0000000102562b7a chromedriver + 4705146\n   15  chromedriver                        0x000000010253527e chromedriver + 4518526\n   16  chromedriver                        0x0000000102582908 chromedriver + 4835592\n   17  chromedriver                        0x0000000102582a87 chromedriver + 4835975\n   18  chromedriver                        0x000000010259200f chromedriver + 4898831\n   19  libsystem_pthread.dylib             0x00007ff8012871d3 _pthread_start + 125\n   20  libsystem_pthread.dylib             0x00007ff801282bd3 thread_start + 15\n", "test_name": "test_TC_KTR_015", "rerun": "0"}, "5": {"status": "PASS", "message": "", "test_name": "test3_exit_KalapasOtorisasi", "rerun": "0"}}, "status": {"total_pass": 5, "total_skip": 0, "total_xpass": 0, "total_xfail": 0, "total_rerun": 0, "total_fail": 1, "total_error": 0}}, "3": {"suite_name": "KETERAMPILAN/Fungsional/test_4_OpAbsensiKegiatan.py", "tests": {"0": {"status": "PASS", "message": "", "test_name": "test1_OpKegiatanPelatihan_SetupOs", "rerun": "0"}, "1": {"status": "PASS", "message": "", "test_name": "test_TC_KTR_016", "rerun": "0"}, "2": {"status": "PASS", "message": "", "test_name": "test_TC_KTR_017", "rerun": "0"}}, "status": {"total_pass": 3, "total_skip": 0, "total_xpass": 0, "total_xfail": 0, "total_rerun": 0, "total_fail": 0, "total_error": 0}}}}, "date": "May 10, 2023", "start_time": 1683685932.411366, "total_suite": 4, "status": "FAIL", "status_list": {"pass": "22", "fail": "2", "skip": "0", "error": "0", "xpass": "0", "xfail": "0", "rerun": "0"}, "total_tests": "24"}