{"content": {"suites": {"0": {"status": {"total_pass": 4, "total_skip": 0, "total_xpass": 0, "total_xfail": 0, "total_rerun": 0, "total_fail": 19, "total_error": 0}, "tests": {"0": {"status": "PASS", "message": "", "test_name": "test_1_setupOS", "rerun": "0"}, "1": {"status": "PASS", "message": "", "test_name": "test_2_login", "rerun": "0"}, "2": {"status": "PASS", "message": "", "test_name": "test_3_akses_menu_index", "rerun": "0"}, "3": {"status": "PASS", "message": "", "test_name": "test_4_search_data_kategori_nama_Index", "rerun": "0"}, "4": {"status": "FAIL", "message": "   AttributeError: 'NoneType' object has no attribute 'is_displayed'\n", "test_name": "test_5_search_data_kategori_NoInduk_Index", "rerun": "0"}, "5": {"status": "FAIL", "message": "   selenium.common.exceptions.NoSuchWindowException: Message: no such window: target window already closed\n   from unknown error: web view not found\n     (Session info: chrome=107.0.5304.87)\n   Stacktrace:\n   0   chromedriver                        0x00000001028caa88 chromedriver + 4123272\n   1   chromedriver                        0x0000000102856778 chromedriver + 3647352\n   2   chromedriver                        0x0000000102518ac4 chromedriver + 248516\n   3   chromedriver                        0x00000001024f8304 chromedriver + 115460\n   4   chromedriver                        0x000000010256ee64 chromedriver + 601700\n   5   chromedriver                        0x0000000102580744 chromedriver + 673604\n   6   chromedriver                        0x0000000102542b10 chromedriver + 420624\n   7   chromedriver                        0x0000000102543c30 chromedriver + 425008\n   8   chromedriver                        0x000000010289cae4 chromedriver + 3934948\n   9   chromedriver                        0x000000010289ff24 chromedriver + 3948324\n   10  chromedriver                        0x00000001028a0508 chromedriver + 3949832\n   11  chromedriver                        0x00000001028a6b30 chromedriver + 3975984\n   12  chromedriver                        0x00000001028a0b24 chromedriver + 3951396\n   13  chromedriver                        0x000000010287b71c chromedriver + 3798812\n   14  chromedriver                        0x00000001028bd2f0 chromedriver + 4068080\n   15  chromedriver                        0x00000001028bd444 chromedriver + 4068420\n   16  chromedriver                        0x00000001028d1450 chromedriver + 4150352\n   17  libsystem_pthread.dylib             0x000000018b8da06c _pthread_start + 148\n   18  libsystem_pthread.dylib             0x000000018b8d4e2c thread_start + 8\n", "test_name": "test_6_clik_clear_value_Index", "rerun": "0"}, "6": {"status": "FAIL", "message": "   selenium.common.exceptions.NoSuchWindowException: Message: no such window: target window already closed\n   from unknown error: web view not found\n     (Session info: chrome=107.0.5304.87)\n   Stacktrace:\n   0   chromedriver                        0x00000001028caa88 chromedriver + 4123272\n   1   chromedriver                        0x0000000102856778 chromedriver + 3647352\n   2   chromedriver                        0x0000000102518ac4 chromedriver + 248516\n   3   chromedriver                        0x00000001024f8304 chromedriver + 115460\n   4   chromedriver                        0x000000010256ee64 chromedriver + 601700\n   5   chromedriver                        0x0000000102580744 chromedriver + 673604\n   6   chromedriver                        0x0000000102542b10 chromedriver + 420624\n   7   chromedriver                        0x0000000102543c30 chromedriver + 425008\n   8   chromedriver                        0x000000010289cae4 chromedriver + 3934948\n   9   chromedriver                        0x000000010289ff24 chromedriver + 3948324\n   10  chromedriver                        0x00000001028a0508 chromedriver + 3949832\n   11  chromedriver                        0x00000001028a6b30 chromedriver + 3975984\n   12  chromedriver                        0x00000001028a0b24 chromedriver + 3951396\n   13  chromedriver                        0x000000010287b71c chromedriver + 3798812\n   14  chromedriver                        0x00000001028bd2f0 chromedriver + 4068080\n   15  chromedriver                        0x00000001028bd444 chromedriver + 4068420\n   16  chromedriver                        0x00000001028d1450 chromedriver + 4150352\n   17  libsystem_pthread.dylib             0x000000018b8da06c _pthread_start + 148\n   18  libsystem_pthread.dylib             0x000000018b8d4e2c thread_start + 8\n", "test_name": "test_7_sortir_data_table_NoInduk_Index", "rerun": "0"}, "7": {"status": "FAIL", "message": "   selenium.common.exceptions.NoSuchWindowException: Message: no such window: target window already closed\n   from unknown error: web view not found\n     (Session info: chrome=107.0.5304.87)\n   Stacktrace:\n   0   chromedriver                        0x00000001028caa88 chromedriver + 4123272\n   1   chromedriver                        0x0000000102856778 chromedriver + 3647352\n   2   chromedriver                        0x0000000102518ac4 chromedriver + 248516\n   3   chromedriver                        0x00000001024f8304 chromedriver + 115460\n   4   chromedriver                        0x000000010256ee64 chromedriver + 601700\n   5   chromedriver                        0x0000000102580744 chromedriver + 673604\n   6   chromedriver                        0x0000000102542b10 chromedriver + 420624\n   7   chromedriver                        0x0000000102543c30 chromedriver + 425008\n   8   chromedriver                        0x000000010289cae4 chromedriver + 3934948\n   9   chromedriver                        0x000000010289ff24 chromedriver + 3948324\n   10  chromedriver                        0x00000001028a0508 chromedriver + 3949832\n   11  chromedriver                        0x00000001028a6b30 chromedriver + 3975984\n   12  chromedriver                        0x00000001028a0b24 chromedriver + 3951396\n   13  chromedriver                        0x000000010287b71c chromedriver + 3798812\n   14  chromedriver                        0x00000001028bd2f0 chromedriver + 4068080\n   15  chromedriver                        0x00000001028bd444 chromedriver + 4068420\n   16  chromedriver                        0x00000001028d1450 chromedriver + 4150352\n   17  libsystem_pthread.dylib             0x000000018b8da06c _pthread_start + 148\n   18  libsystem_pthread.dylib             0x000000018b8d4e2c thread_start + 8\n", "test_name": "test_8_sortir_data_table_nama_Index", "rerun": "0"}, "8": {"status": "FAIL", "message": "   selenium.common.exceptions.NoSuchWindowException: Message: no such window: target window already closed\n   from unknown error: web view not found\n     (Session info: chrome=107.0.5304.87)\n   Stacktrace:\n   0   chromedriver                        0x00000001028caa88 chromedriver + 4123272\n   1   chromedriver                        0x0000000102856778 chromedriver + 3647352\n   2   chromedriver                        0x0000000102518ac4 chromedriver + 248516\n   3   chromedriver                        0x00000001024f8304 chromedriver + 115460\n   4   chromedriver                        0x000000010256ee64 chromedriver + 601700\n   5   chromedriver                        0x0000000102580744 chromedriver + 673604\n   6   chromedriver                        0x0000000102542b10 chromedriver + 420624\n   7   chromedriver                        0x0000000102543c30 chromedriver + 425008\n   8   chromedriver                        0x000000010289cae4 chromedriver + 3934948\n   9   chromedriver                        0x000000010289ff24 chromedriver + 3948324\n   10  chromedriver                        0x00000001028a0508 chromedriver + 3949832\n   11  chromedriver                        0x00000001028a6b30 chromedriver + 3975984\n   12  chromedriver                        0x00000001028a0b24 chromedriver + 3951396\n   13  chromedriver                        0x000000010287b71c chromedriver + 3798812\n   14  chromedriver                        0x00000001028bd2f0 chromedriver + 4068080\n   15  chromedriver                        0x00000001028bd444 chromedriver + 4068420\n   16  chromedriver                        0x00000001028d1450 chromedriver + 4150352\n   17  libsystem_pthread.dylib             0x000000018b8da06c _pthread_start + 148\n   18  libsystem_pthread.dylib             0x000000018b8d4e2c thread_start + 8\n", "test_name": "test_9_sortir_data_table_Jenis_Index", "rerun": "0"}, "9": {"status": "FAIL", "message": "   selenium.common.exceptions.NoSuchWindowException: Message: no such window: target window already closed\n   from unknown error: web view not found\n     (Session info: chrome=107.0.5304.87)\n   Stacktrace:\n   0   chromedriver                        0x00000001028caa88 chromedriver + 4123272\n   1   chromedriver                        0x0000000102856778 chromedriver + 3647352\n   2   chromedriver                        0x0000000102518ac4 chromedriver + 248516\n   3   chromedriver                        0x00000001024f8304 chromedriver + 115460\n   4   chromedriver                        0x000000010256ee64 chromedriver + 601700\n   5   chromedriver                        0x0000000102580744 chromedriver + 673604\n   6   chromedriver                        0x0000000102542b10 chromedriver + 420624\n   7   chromedriver                        0x0000000102543c30 chromedriver + 425008\n   8   chromedriver                        0x000000010289cae4 chromedriver + 3934948\n   9   chromedriver                        0x000000010289ff24 chromedriver + 3948324\n   10  chromedriver                        0x00000001028a0508 chromedriver + 3949832\n   11  chromedriver                        0x00000001028a6b30 chromedriver + 3975984\n   12  chromedriver                        0x00000001028a0b24 chromedriver + 3951396\n   13  chromedriver                        0x000000010287b71c chromedriver + 3798812\n   14  chromedriver                        0x00000001028bd2f0 chromedriver + 4068080\n   15  chromedriver                        0x00000001028bd444 chromedriver + 4068420\n   16  chromedriver                        0x00000001028d1450 chromedriver + 4150352\n   17  libsystem_pthread.dylib             0x000000018b8da06c _pthread_start + 148\n   18  libsystem_pthread.dylib             0x000000018b8d4e2c thread_start + 8\n", "test_name": "test_10_sortir_data_table_tglkeluar_Index", "rerun": "0"}, "10": {"status": "FAIL", "message": "   selenium.common.exceptions.NoSuchWindowException: Message: no such window: target window already closed\n   from unknown error: web view not found\n     (Session info: chrome=107.0.5304.87)\n   Stacktrace:\n   0   chromedriver                        0x00000001028caa88 chromedriver + 4123272\n   1   chromedriver                        0x0000000102856778 chromedriver + 3647352\n   2   chromedriver                        0x0000000102518ac4 chromedriver + 248516\n   3   chromedriver                        0x00000001024f8304 chromedriver + 115460\n   4   chromedriver                        0x000000010256ee64 chromedriver + 601700\n   5   chromedriver                        0x0000000102580744 chromedriver + 673604\n   6   chromedriver                        0x0000000102542b10 chromedriver + 420624\n   7   chromedriver                        0x0000000102543c30 chromedriver + 425008\n   8   chromedriver                        0x000000010289cae4 chromedriver + 3934948\n   9   chromedriver                        0x000000010289ff24 chromedriver + 3948324\n   10  chromedriver                        0x00000001028a0508 chromedriver + 3949832\n   11  chromedriver                        0x00000001028a6b30 chromedriver + 3975984\n   12  chromedriver                        0x00000001028a0b24 chromedriver + 3951396\n   13  chromedriver                        0x000000010287b71c chromedriver + 3798812\n   14  chromedriver                        0x00000001028bd2f0 chromedriver + 4068080\n   15  chromedriver                        0x00000001028bd444 chromedriver + 4068420\n   16  chromedriver                        0x00000001028d1450 chromedriver + 4150352\n   17  libsystem_pthread.dylib             0x000000018b8da06c _pthread_start + 148\n   18  libsystem_pthread.dylib             0x000000018b8d4e2c thread_start + 8\n", "test_name": "test_11_sortir_data_table_tglkembali_Index", "rerun": "0"}, "11": {"status": "FAIL", "message": "   selenium.common.exceptions.NoSuchWindowException: Message: no such window: target window already closed\n   from unknown error: web view not found\n     (Session info: chrome=107.0.5304.87)\n   Stacktrace:\n   0   chromedriver                        0x00000001028caa88 chromedriver + 4123272\n   1   chromedriver                        0x0000000102856778 chromedriver + 3647352\n   2   chromedriver                        0x0000000102518ac4 chromedriver + 248516\n   3   chromedriver                        0x00000001024f8304 chromedriver + 115460\n   4   chromedriver                        0x000000010256ee64 chromedriver + 601700\n   5   chromedriver                        0x0000000102580744 chromedriver + 673604\n   6   chromedriver                        0x0000000102542b10 chromedriver + 420624\n   7   chromedriver                        0x0000000102543c30 chromedriver + 425008\n   8   chromedriver                        0x000000010289cae4 chromedriver + 3934948\n   9   chromedriver                        0x000000010289ff24 chromedriver + 3948324\n   10  chromedriver                        0x00000001028a0508 chromedriver + 3949832\n   11  chromedriver                        0x00000001028a6b30 chromedriver + 3975984\n   12  chromedriver                        0x00000001028a0b24 chromedriver + 3951396\n   13  chromedriver                        0x000000010287b71c chromedriver + 3798812\n   14  chromedriver                        0x00000001028bd2f0 chromedriver + 4068080\n   15  chromedriver                        0x00000001028bd444 chromedriver + 4068420\n   16  chromedriver                        0x00000001028d1450 chromedriver + 4150352\n   17  libsystem_pthread.dylib             0x000000018b8da06c _pthread_start + 148\n   18  libsystem_pthread.dylib             0x000000018b8d4e2c thread_start + 8\n", "test_name": "test_12_sortir_5_Halaman_Index", "rerun": "0"}, "12": {"status": "FAIL", "message": "   selenium.common.exceptions.NoSuchWindowException: Message: no such window: target window already closed\n   from unknown error: web view not found\n     (Session info: chrome=107.0.5304.87)\n   Stacktrace:\n   0   chromedriver                        0x00000001028caa88 chromedriver + 4123272\n   1   chromedriver                        0x0000000102856778 chromedriver + 3647352\n   2   chromedriver                        0x0000000102518ac4 chromedriver + 248516\n   3   chromedriver                        0x00000001024f8304 chromedriver + 115460\n   4   chromedriver                        0x000000010256ee64 chromedriver + 601700\n   5   chromedriver                        0x0000000102580744 chromedriver + 673604\n   6   chromedriver                        0x0000000102542b10 chromedriver + 420624\n   7   chromedriver                        0x0000000102543c30 chromedriver + 425008\n   8   chromedriver                        0x000000010289cae4 chromedriver + 3934948\n   9   chromedriver                        0x000000010289ff24 chromedriver + 3948324\n   10  chromedriver                        0x00000001028a0508 chromedriver + 3949832\n   11  chromedriver                        0x00000001028a6b30 chromedriver + 3975984\n   12  chromedriver                        0x00000001028a0b24 chromedriver + 3951396\n   13  chromedriver                        0x000000010287b71c chromedriver + 3798812\n   14  chromedriver                        0x00000001028bd2f0 chromedriver + 4068080\n   15  chromedriver                        0x00000001028bd444 chromedriver + 4068420\n   16  chromedriver                        0x00000001028d1450 chromedriver + 4150352\n   17  libsystem_pthread.dylib             0x000000018b8da06c _pthread_start + 148\n   18  libsystem_pthread.dylib             0x000000018b8d4e2c thread_start + 8\n", "test_name": "test_13_sortir_10_Halaman_Index", "rerun": "0"}, "13": {"status": "FAIL", "message": "   selenium.common.exceptions.NoSuchWindowException: Message: no such window: target window already closed\n   from unknown error: web view not found\n     (Session info: chrome=107.0.5304.87)\n   Stacktrace:\n   0   chromedriver                        0x00000001028caa88 chromedriver + 4123272\n   1   chromedriver                        0x0000000102856778 chromedriver + 3647352\n   2   chromedriver                        0x0000000102518ac4 chromedriver + 248516\n   3   chromedriver                        0x00000001024f8304 chromedriver + 115460\n   4   chromedriver                        0x000000010256ee64 chromedriver + 601700\n   5   chromedriver                        0x0000000102580744 chromedriver + 673604\n   6   chromedriver                        0x0000000102542b10 chromedriver + 420624\n   7   chromedriver                        0x0000000102543c30 chromedriver + 425008\n   8   chromedriver                        0x000000010289cae4 chromedriver + 3934948\n   9   chromedriver                        0x000000010289ff24 chromedriver + 3948324\n   10  chromedriver                        0x00000001028a0508 chromedriver + 3949832\n   11  chromedriver                        0x00000001028a6b30 chromedriver + 3975984\n   12  chromedriver                        0x00000001028a0b24 chromedriver + 3951396\n   13  chromedriver                        0x000000010287b71c chromedriver + 3798812\n   14  chromedriver                        0x00000001028bd2f0 chromedriver + 4068080\n   15  chromedriver                        0x00000001028bd444 chromedriver + 4068420\n   16  chromedriver                        0x00000001028d1450 chromedriver + 4150352\n   17  libsystem_pthread.dylib             0x000000018b8da06c _pthread_start + 148\n   18  libsystem_pthread.dylib             0x000000018b8d4e2c thread_start + 8\n", "test_name": "test_14_sortir_20_Halaman_Index", "rerun": "0"}, "14": {"status": "FAIL", "message": "   selenium.common.exceptions.NoSuchWindowException: Message: no such window: target window already closed\n   from unknown error: web view not found\n     (Session info: chrome=107.0.5304.87)\n   Stacktrace:\n   0   chromedriver                        0x00000001028caa88 chromedriver + 4123272\n   1   chromedriver                        0x0000000102856778 chromedriver + 3647352\n   2   chromedriver                        0x0000000102518ac4 chromedriver + 248516\n   3   chromedriver                        0x00000001024f8304 chromedriver + 115460\n   4   chromedriver                        0x000000010256ee64 chromedriver + 601700\n   5   chromedriver                        0x0000000102580744 chromedriver + 673604\n   6   chromedriver                        0x0000000102542b10 chromedriver + 420624\n   7   chromedriver                        0x0000000102543c30 chromedriver + 425008\n   8   chromedriver                        0x000000010289cae4 chromedriver + 3934948\n   9   chromedriver                        0x000000010289ff24 chromedriver + 3948324\n   10  chromedriver                        0x00000001028a0508 chromedriver + 3949832\n   11  chromedriver                        0x00000001028a6b30 chromedriver + 3975984\n   12  chromedriver                        0x00000001028a0b24 chromedriver + 3951396\n   13  chromedriver                        0x000000010287b71c chromedriver + 3798812\n   14  chromedriver                        0x00000001028bd2f0 chromedriver + 4068080\n   15  chromedriver                        0x00000001028bd444 chromedriver + 4068420\n   16  chromedriver                        0x00000001028d1450 chromedriver + 4150352\n   17  libsystem_pthread.dylib             0x000000018b8da06c _pthread_start + 148\n   18  libsystem_pthread.dylib             0x000000018b8d4e2c thread_start + 8\n", "test_name": "test_15_sortir_50_Halaman_Index", "rerun": "0"}, "15": {"status": "FAIL", "message": "   selenium.common.exceptions.NoSuchWindowException: Message: no such window: target window already closed\n   from unknown error: web view not found\n     (Session info: chrome=107.0.5304.87)\n   Stacktrace:\n   0   chromedriver                        0x00000001028caa88 chromedriver + 4123272\n   1   chromedriver                        0x0000000102856778 chromedriver + 3647352\n   2   chromedriver                        0x0000000102518ac4 chromedriver + 248516\n   3   chromedriver                        0x00000001024f8304 chromedriver + 115460\n   4   chromedriver                        0x000000010256ee64 chromedriver + 601700\n   5   chromedriver                        0x0000000102580744 chromedriver + 673604\n   6   chromedriver                        0x0000000102542b10 chromedriver + 420624\n   7   chromedriver                        0x0000000102543c30 chromedriver + 425008\n   8   chromedriver                        0x000000010289cae4 chromedriver + 3934948\n   9   chromedriver                        0x000000010289ff24 chromedriver + 3948324\n   10  chromedriver                        0x00000001028a0508 chromedriver + 3949832\n   11  chromedriver                        0x00000001028a6b30 chromedriver + 3975984\n   12  chromedriver                        0x00000001028a0b24 chromedriver + 3951396\n   13  chromedriver                        0x000000010287b71c chromedriver + 3798812\n   14  chromedriver                        0x00000001028bd2f0 chromedriver + 4068080\n   15  chromedriver                        0x00000001028bd444 chromedriver + 4068420\n   16  chromedriver                        0x00000001028d1450 chromedriver + 4150352\n   17  libsystem_pthread.dylib             0x000000018b8da06c _pthread_start + 148\n   18  libsystem_pthread.dylib             0x000000018b8d4e2c thread_start + 8\n", "test_name": "test_16_sortir_100_Halaman_Index", "rerun": "0"}, "16": {"status": "FAIL", "message": "   selenium.common.exceptions.NoSuchWindowException: Message: no such window: target window already closed\n   from unknown error: web view not found\n     (Session info: chrome=107.0.5304.87)\n   Stacktrace:\n   0   chromedriver                        0x00000001028caa88 chromedriver + 4123272\n   1   chromedriver                        0x0000000102856778 chromedriver + 3647352\n   2   chromedriver                        0x0000000102518ac4 chromedriver + 248516\n   3   chromedriver                        0x00000001024f8304 chromedriver + 115460\n   4   chromedriver                        0x000000010256ee64 chromedriver + 601700\n   5   chromedriver                        0x0000000102580744 chromedriver + 673604\n   6   chromedriver                        0x0000000102542b10 chromedriver + 420624\n   7   chromedriver                        0x0000000102543c30 chromedriver + 425008\n   8   chromedriver                        0x000000010289cae4 chromedriver + 3934948\n   9   chromedriver                        0x000000010289ff24 chromedriver + 3948324\n   10  chromedriver                        0x00000001028a0508 chromedriver + 3949832\n   11  chromedriver                        0x00000001028a6b30 chromedriver + 3975984\n   12  chromedriver                        0x00000001028a0b24 chromedriver + 3951396\n   13  chromedriver                        0x000000010287b71c chromedriver + 3798812\n   14  chromedriver                        0x00000001028bd2f0 chromedriver + 4068080\n   15  chromedriver                        0x00000001028bd444 chromedriver + 4068420\n   16  chromedriver                        0x00000001028d1450 chromedriver + 4150352\n   17  libsystem_pthread.dylib             0x000000018b8da06c _pthread_start + 148\n   18  libsystem_pthread.dylib             0x000000018b8d4e2c thread_start + 8\n", "test_name": "test_17_membuka_halaman_tambah_Index", "rerun": "0"}, "17": {"status": "FAIL", "message": "   selenium.common.exceptions.NoSuchWindowException: Message: no such window: target window already closed\n   from unknown error: web view not found\n     (Session info: chrome=107.0.5304.87)\n   Stacktrace:\n   0   chromedriver                        0x00000001028caa88 chromedriver + 4123272\n   1   chromedriver                        0x0000000102856778 chromedriver + 3647352\n   2   chromedriver                        0x0000000102518ac4 chromedriver + 248516\n   3   chromedriver                        0x00000001024f8304 chromedriver + 115460\n   4   chromedriver                        0x000000010256ee64 chromedriver + 601700\n   5   chromedriver                        0x0000000102580744 chromedriver + 673604\n   6   chromedriver                        0x0000000102542b10 chromedriver + 420624\n   7   chromedriver                        0x0000000102543c30 chromedriver + 425008\n   8   chromedriver                        0x000000010289cae4 chromedriver + 3934948\n   9   chromedriver                        0x000000010289ff24 chromedriver + 3948324\n   10  chromedriver                        0x00000001028a0508 chromedriver + 3949832\n   11  chromedriver                        0x00000001028a6b30 chromedriver + 3975984\n   12  chromedriver                        0x00000001028a0b24 chromedriver + 3951396\n   13  chromedriver                        0x000000010287b71c chromedriver + 3798812\n   14  chromedriver                        0x00000001028bd2f0 chromedriver + 4068080\n   15  chromedriver                        0x00000001028bd444 chromedriver + 4068420\n   16  chromedriver                        0x00000001028d1450 chromedriver + 4150352\n   17  libsystem_pthread.dylib             0x000000018b8da06c _pthread_start + 148\n   18  libsystem_pthread.dylib             0x000000018b8d4e2c thread_start + 8\n", "test_name": "test_18_back_index", "rerun": "0"}, "18": {"status": "FAIL", "message": "   selenium.common.exceptions.NoSuchWindowException: Message: no such window: target window already closed\n   from unknown error: web view not found\n     (Session info: chrome=107.0.5304.87)\n   Stacktrace:\n   0   chromedriver                        0x00000001028caa88 chromedriver + 4123272\n   1   chromedriver                        0x0000000102856778 chromedriver + 3647352\n   2   chromedriver                        0x0000000102518ac4 chromedriver + 248516\n   3   chromedriver                        0x00000001024f8304 chromedriver + 115460\n   4   chromedriver                        0x000000010256ee64 chromedriver + 601700\n   5   chromedriver                        0x0000000102580744 chromedriver + 673604\n   6   chromedriver                        0x0000000102542b10 chromedriver + 420624\n   7   chromedriver                        0x0000000102543c30 chromedriver + 425008\n   8   chromedriver                        0x000000010289cae4 chromedriver + 3934948\n   9   chromedriver                        0x000000010289ff24 chromedriver + 3948324\n   10  chromedriver                        0x00000001028a0508 chromedriver + 3949832\n   11  chromedriver                        0x00000001028a6b30 chromedriver + 3975984\n   12  chromedriver                        0x00000001028a0b24 chromedriver + 3951396\n   13  chromedriver                        0x000000010287b71c chromedriver + 3798812\n   14  chromedriver                        0x00000001028bd2f0 chromedriver + 4068080\n   15  chromedriver                        0x00000001028bd444 chromedriver + 4068420\n   16  chromedriver                        0x00000001028d1450 chromedriver + 4150352\n   17  libsystem_pthread.dylib             0x000000018b8da06c _pthread_start + 148\n   18  libsystem_pthread.dylib             0x000000018b8d4e2c thread_start + 8\n", "test_name": "test_19_membuka_halaman_ubah_Index", "rerun": "0"}, "19": {"status": "FAIL", "message": "   selenium.common.exceptions.NoSuchWindowException: Message: no such window: target window already closed\n   from unknown error: web view not found\n     (Session info: chrome=107.0.5304.87)\n   Stacktrace:\n   0   chromedriver                        0x00000001028caa88 chromedriver + 4123272\n   1   chromedriver                        0x0000000102856778 chromedriver + 3647352\n   2   chromedriver                        0x0000000102518ac4 chromedriver + 248516\n   3   chromedriver                        0x00000001024f8304 chromedriver + 115460\n   4   chromedriver                        0x000000010256ee64 chromedriver + 601700\n   5   chromedriver                        0x0000000102580744 chromedriver + 673604\n   6   chromedriver                        0x0000000102542b10 chromedriver + 420624\n   7   chromedriver                        0x0000000102543c30 chromedriver + 425008\n   8   chromedriver                        0x000000010289cae4 chromedriver + 3934948\n   9   chromedriver                        0x000000010289ff24 chromedriver + 3948324\n   10  chromedriver                        0x00000001028a0508 chromedriver + 3949832\n   11  chromedriver                        0x00000001028a6b30 chromedriver + 3975984\n   12  chromedriver                        0x00000001028a0b24 chromedriver + 3951396\n   13  chromedriver                        0x000000010287b71c chromedriver + 3798812\n   14  chromedriver                        0x00000001028bd2f0 chromedriver + 4068080\n   15  chromedriver                        0x00000001028bd444 chromedriver + 4068420\n   16  chromedriver                        0x00000001028d1450 chromedriver + 4150352\n   17  libsystem_pthread.dylib             0x000000018b8da06c _pthread_start + 148\n   18  libsystem_pthread.dylib             0x000000018b8d4e2c thread_start + 8\n", "test_name": "test_20_membuka_halaman_detail_Index", "rerun": "0"}, "20": {"status": "FAIL", "message": "   selenium.common.exceptions.NoSuchWindowException: Message: no such window: target window already closed\n   from unknown error: web view not found\n     (Session info: chrome=107.0.5304.87)\n   Stacktrace:\n   0   chromedriver                        0x00000001028caa88 chromedriver + 4123272\n   1   chromedriver                        0x0000000102856778 chromedriver + 3647352\n   2   chromedriver                        0x0000000102518ac4 chromedriver + 248516\n   3   chromedriver                        0x00000001024f8304 chromedriver + 115460\n   4   chromedriver                        0x000000010256ee64 chromedriver + 601700\n   5   chromedriver                        0x0000000102580744 chromedriver + 673604\n   6   chromedriver                        0x0000000102542b10 chromedriver + 420624\n   7   chromedriver                        0x0000000102543c30 chromedriver + 425008\n   8   chromedriver                        0x000000010289cae4 chromedriver + 3934948\n   9   chromedriver                        0x000000010289ff24 chromedriver + 3948324\n   10  chromedriver                        0x00000001028a0508 chromedriver + 3949832\n   11  chromedriver                        0x00000001028a6b30 chromedriver + 3975984\n   12  chromedriver                        0x00000001028a0b24 chromedriver + 3951396\n   13  chromedriver                        0x000000010287b71c chromedriver + 3798812\n   14  chromedriver                        0x00000001028bd2f0 chromedriver + 4068080\n   15  chromedriver                        0x00000001028bd444 chromedriver + 4068420\n   16  chromedriver                        0x00000001028d1450 chromedriver + 4150352\n   17  libsystem_pthread.dylib             0x000000018b8da06c _pthread_start + 148\n   18  libsystem_pthread.dylib             0x000000018b8d4e2c thread_start + 8\n", "test_name": "test_21_export_exel_Index", "rerun": "0"}, "21": {"status": "FAIL", "message": "   selenium.common.exceptions.NoSuchWindowException: Message: no such window: target window already closed\n   from unknown error: web view not found\n     (Session info: chrome=107.0.5304.87)\n   Stacktrace:\n   0   chromedriver                        0x00000001028caa88 chromedriver + 4123272\n   1   chromedriver                        0x0000000102856778 chromedriver + 3647352\n   2   chromedriver                        0x0000000102518ac4 chromedriver + 248516\n   3   chromedriver                        0x00000001024f8304 chromedriver + 115460\n   4   chromedriver                        0x000000010256ee64 chromedriver + 601700\n   5   chromedriver                        0x0000000102580744 chromedriver + 673604\n   6   chromedriver                        0x0000000102542b10 chromedriver + 420624\n   7   chromedriver                        0x0000000102543c30 chromedriver + 425008\n   8   chromedriver                        0x000000010289cae4 chromedriver + 3934948\n   9   chromedriver                        0x000000010289ff24 chromedriver + 3948324\n   10  chromedriver                        0x00000001028a0508 chromedriver + 3949832\n   11  chromedriver                        0x00000001028a6b30 chromedriver + 3975984\n   12  chromedriver                        0x00000001028a0b24 chromedriver + 3951396\n   13  chromedriver                        0x000000010287b71c chromedriver + 3798812\n   14  chromedriver                        0x00000001028bd2f0 chromedriver + 4068080\n   15  chromedriver                        0x00000001028bd444 chromedriver + 4068420\n   16  chromedriver                        0x00000001028d1450 chromedriver + 4150352\n   17  libsystem_pthread.dylib             0x000000018b8da06c _pthread_start + 148\n   18  libsystem_pthread.dylib             0x000000018b8d4e2c thread_start + 8\n", "test_name": "test_22_export_pdf_Index", "rerun": "0"}, "22": {"status": "FAIL", "message": "   selenium.common.exceptions.NoSuchWindowException: Message: no such window: target window already closed\n   from unknown error: web view not found\n     (Session info: chrome=107.0.5304.87)\n   Stacktrace:\n   0   chromedriver                        0x00000001028caa88 chromedriver + 4123272\n   1   chromedriver                        0x0000000102856778 chromedriver + 3647352\n   2   chromedriver                        0x0000000102518ac4 chromedriver + 248516\n   3   chromedriver                        0x00000001024f8304 chromedriver + 115460\n   4   chromedriver                        0x000000010256ee64 chromedriver + 601700\n   5   chromedriver                        0x0000000102580744 chromedriver + 673604\n   6   chromedriver                        0x0000000102542b10 chromedriver + 420624\n   7   chromedriver                        0x0000000102543c30 chromedriver + 425008\n   8   chromedriver                        0x000000010289cae4 chromedriver + 3934948\n   9   chromedriver                        0x000000010289ff24 chromedriver + 3948324\n   10  chromedriver                        0x00000001028a0508 chromedriver + 3949832\n   11  chromedriver                        0x00000001028a6b30 chromedriver + 3975984\n   12  chromedriver                        0x00000001028a0b24 chromedriver + 3951396\n   13  chromedriver                        0x000000010287b71c chromedriver + 3798812\n   14  chromedriver                        0x00000001028bd2f0 chromedriver + 4068080\n   15  chromedriver                        0x00000001028bd444 chromedriver + 4068420\n   16  chromedriver                        0x00000001028d1450 chromedriver + 4150352\n   17  libsystem_pthread.dylib             0x000000018b8da06c _pthread_start + 148\n   18  libsystem_pthread.dylib             0x000000018b8d4e2c thread_start + 8\n", "test_name": "test_23_cetak_Index", "rerun": "0"}}, "suite_name": "test_1Fungsi_Daftar_Lalu_Lintas_Index.py"}}}, "date": "November 08, 2022", "start_time": 1667841275.405654, "total_suite": 1, "status": "FAIL", "status_list": {"pass": "4", "fail": "19", "skip": "0", "error": "0", "xpass": "0", "xfail": "0", "rerun": "0"}, "total_tests": "23"}