{"content": {"suites": {"0": {"status": {"total_pass": 2, "total_skip": 0, "total_xpass": 0, "total_xfail": 0, "total_rerun": 0, "total_fail": 12, "total_error": 0}, "tests": {"0": {"status": "PASS", "message": "", "test_name": "test_1_setupOS", "rerun": "0"}, "1": {"status": "PASS", "message": "", "test_name": "test_2_login", "rerun": "0"}, "2": {"status": "FAIL", "message": "   KeyError: 'other search'\n", "test_name": "test_4_membuka_halaman_tambah_index", "rerun": "0"}, "3": {"status": "FAIL", "message": "   AttributeError: 'NoneType' object has no attribute 'is_displayed'\n", "test_name": "test_5_Button_Next_Prev", "rerun": "0"}, "4": {"status": "FAIL", "message": "   selenium.common.exceptions.NoSuchWindowException: Message: no such window: target window already closed\n   from unknown error: web view not found\n     (Session info: chrome=107.0.5304.87)\n   Stacktrace:\n   0   chromedriver                        0x0000000102f8ea88 chromedriver + 4123272\n   1   chromedriver                        0x0000000102f1a778 chromedriver + 3647352\n   2   chromedriver                        0x0000000102bdcac4 chromedriver + 248516\n   3   chromedriver                        0x0000000102bbc304 chromedriver + 115460\n   4   chromedriver                        0x0000000102c32e64 chromedriver + 601700\n   5   chromedriver                        0x0000000102c44744 chromedriver + 673604\n   6   chromedriver                        0x0000000102c06b10 chromedriver + 420624\n   7   chromedriver                        0x0000000102c07c30 chromedriver + 425008\n   8   chromedriver                        0x0000000102f60ae4 chromedriver + 3934948\n   9   chromedriver                        0x0000000102f63f24 chromedriver + 3948324\n   10  chromedriver                        0x0000000102f64508 chromedriver + 3949832\n   11  chromedriver                        0x0000000102f6ab30 chromedriver + 3975984\n   12  chromedriver                        0x0000000102f64b24 chromedriver + 3951396\n   13  chromedriver                        0x0000000102f3f71c chromedriver + 3798812\n   14  chromedriver                        0x0000000102f812f0 chromedriver + 4068080\n   15  chromedriver                        0x0000000102f81444 chromedriver + 4068420\n   16  chromedriver                        0x0000000102f95450 chromedriver + 4150352\n   17  libsystem_pthread.dylib             0x00000001a53e206c _pthread_start + 148\n   18  libsystem_pthread.dylib             0x00000001a53dce2c thread_start + 8\n", "test_name": "test_6_sortir_table_cari_noreg_cari_identitas", "rerun": "0"}, "5": {"status": "FAIL", "message": "   selenium.common.exceptions.NoSuchWindowException: Message: no such window: target window already closed\n   from unknown error: web view not found\n     (Session info: chrome=107.0.5304.87)\n   Stacktrace:\n   0   chromedriver                        0x0000000102f8ea88 chromedriver + 4123272\n   1   chromedriver                        0x0000000102f1a778 chromedriver + 3647352\n   2   chromedriver                        0x0000000102bdcac4 chromedriver + 248516\n   3   chromedriver                        0x0000000102bbc304 chromedriver + 115460\n   4   chromedriver                        0x0000000102c32e64 chromedriver + 601700\n   5   chromedriver                        0x0000000102c44744 chromedriver + 673604\n   6   chromedriver                        0x0000000102c06b10 chromedriver + 420624\n   7   chromedriver                        0x0000000102c07c30 chromedriver + 425008\n   8   chromedriver                        0x0000000102f60ae4 chromedriver + 3934948\n   9   chromedriver                        0x0000000102f63f24 chromedriver + 3948324\n   10  chromedriver                        0x0000000102f64508 chromedriver + 3949832\n   11  chromedriver                        0x0000000102f6ab30 chromedriver + 3975984\n   12  chromedriver                        0x0000000102f64b24 chromedriver + 3951396\n   13  chromedriver                        0x0000000102f3f71c chromedriver + 3798812\n   14  chromedriver                        0x0000000102f812f0 chromedriver + 4068080\n   15  chromedriver                        0x0000000102f81444 chromedriver + 4068420\n   16  chromedriver                        0x0000000102f95450 chromedriver + 4150352\n   17  libsystem_pthread.dylib             0x00000001a53e206c _pthread_start + 148\n   18  libsystem_pthread.dylib             0x00000001a53dce2c thread_start + 8\n", "test_name": "test_7_sortir_table_cari_nama_cari_identitas", "rerun": "0"}, "6": {"status": "FAIL", "message": "   selenium.common.exceptions.NoSuchWindowException: Message: no such window: target window already closed\n   from unknown error: web view not found\n     (Session info: chrome=107.0.5304.87)\n   Stacktrace:\n   0   chromedriver                        0x0000000102f8ea88 chromedriver + 4123272\n   1   chromedriver                        0x0000000102f1a778 chromedriver + 3647352\n   2   chromedriver                        0x0000000102bdcac4 chromedriver + 248516\n   3   chromedriver                        0x0000000102bbc304 chromedriver + 115460\n   4   chromedriver                        0x0000000102c32e64 chromedriver + 601700\n   5   chromedriver                        0x0000000102c44744 chromedriver + 673604\n   6   chromedriver                        0x0000000102c06b10 chromedriver + 420624\n   7   chromedriver                        0x0000000102c07c30 chromedriver + 425008\n   8   chromedriver                        0x0000000102f60ae4 chromedriver + 3934948\n   9   chromedriver                        0x0000000102f63f24 chromedriver + 3948324\n   10  chromedriver                        0x0000000102f64508 chromedriver + 3949832\n   11  chromedriver                        0x0000000102f6ab30 chromedriver + 3975984\n   12  chromedriver                        0x0000000102f64b24 chromedriver + 3951396\n   13  chromedriver                        0x0000000102f3f71c chromedriver + 3798812\n   14  chromedriver                        0x0000000102f812f0 chromedriver + 4068080\n   15  chromedriver                        0x0000000102f81444 chromedriver + 4068420\n   16  chromedriver                        0x0000000102f95450 chromedriver + 4150352\n   17  libsystem_pthread.dylib             0x00000001a53e206c _pthread_start + 148\n   18  libsystem_pthread.dylib             0x00000001a53dce2c thread_start + 8\n", "test_name": "test_8_sortir_table_cari_JenisKejahatan_cari_identitas", "rerun": "0"}, "7": {"status": "FAIL", "message": "   selenium.common.exceptions.NoSuchWindowException: Message: no such window: target window already closed\n   from unknown error: web view not found\n     (Session info: chrome=107.0.5304.87)\n   Stacktrace:\n   0   chromedriver                        0x0000000102f8ea88 chromedriver + 4123272\n   1   chromedriver                        0x0000000102f1a778 chromedriver + 3647352\n   2   chromedriver                        0x0000000102bdcac4 chromedriver + 248516\n   3   chromedriver                        0x0000000102bbc304 chromedriver + 115460\n   4   chromedriver                        0x0000000102c32e64 chromedriver + 601700\n   5   chromedriver                        0x0000000102c44744 chromedriver + 673604\n   6   chromedriver                        0x0000000102c06b10 chromedriver + 420624\n   7   chromedriver                        0x0000000102c07c30 chromedriver + 425008\n   8   chromedriver                        0x0000000102f60ae4 chromedriver + 3934948\n   9   chromedriver                        0x0000000102f63f24 chromedriver + 3948324\n   10  chromedriver                        0x0000000102f64508 chromedriver + 3949832\n   11  chromedriver                        0x0000000102f6ab30 chromedriver + 3975984\n   12  chromedriver                        0x0000000102f64b24 chromedriver + 3951396\n   13  chromedriver                        0x0000000102f3f71c chromedriver + 3798812\n   14  chromedriver                        0x0000000102f812f0 chromedriver + 4068080\n   15  chromedriver                        0x0000000102f81444 chromedriver + 4068420\n   16  chromedriver                        0x0000000102f95450 chromedriver + 4150352\n   17  libsystem_pthread.dylib             0x00000001a53e206c _pthread_start + 148\n   18  libsystem_pthread.dylib             0x00000001a53dce2c thread_start + 8\n", "test_name": "test_9_search_data_aktif_cari_identitas", "rerun": "0"}, "8": {"status": "FAIL", "message": "   selenium.common.exceptions.NoSuchWindowException: Message: no such window: target window already closed\n   from unknown error: web view not found\n     (Session info: chrome=107.0.5304.87)\n   Stacktrace:\n   0   chromedriver                        0x0000000102f8ea88 chromedriver + 4123272\n   1   chromedriver                        0x0000000102f1a778 chromedriver + 3647352\n   2   chromedriver                        0x0000000102bdcac4 chromedriver + 248516\n   3   chromedriver                        0x0000000102bbc304 chromedriver + 115460\n   4   chromedriver                        0x0000000102c32e64 chromedriver + 601700\n   5   chromedriver                        0x0000000102c44744 chromedriver + 673604\n   6   chromedriver                        0x0000000102c06b10 chromedriver + 420624\n   7   chromedriver                        0x0000000102c07c30 chromedriver + 425008\n   8   chromedriver                        0x0000000102f60ae4 chromedriver + 3934948\n   9   chromedriver                        0x0000000102f63f24 chromedriver + 3948324\n   10  chromedriver                        0x0000000102f64508 chromedriver + 3949832\n   11  chromedriver                        0x0000000102f6ab30 chromedriver + 3975984\n   12  chromedriver                        0x0000000102f64b24 chromedriver + 3951396\n   13  chromedriver                        0x0000000102f3f71c chromedriver + 3798812\n   14  chromedriver                        0x0000000102f812f0 chromedriver + 4068080\n   15  chromedriver                        0x0000000102f81444 chromedriver + 4068420\n   16  chromedriver                        0x0000000102f95450 chromedriver + 4150352\n   17  libsystem_pthread.dylib             0x00000001a53e206c _pthread_start + 148\n   18  libsystem_pthread.dylib             0x00000001a53dce2c thread_start + 8\n", "test_name": "test_10_search_residivis_cari_identitas", "rerun": "0"}, "9": {"status": "FAIL", "message": "   selenium.common.exceptions.NoSuchWindowException: Message: no such window: target window already closed\n   from unknown error: web view not found\n     (Session info: chrome=107.0.5304.87)\n   Stacktrace:\n   0   chromedriver                        0x0000000102f8ea88 chromedriver + 4123272\n   1   chromedriver                        0x0000000102f1a778 chromedriver + 3647352\n   2   chromedriver                        0x0000000102bdcac4 chromedriver + 248516\n   3   chromedriver                        0x0000000102bbc304 chromedriver + 115460\n   4   chromedriver                        0x0000000102c32e64 chromedriver + 601700\n   5   chromedriver                        0x0000000102c44744 chromedriver + 673604\n   6   chromedriver                        0x0000000102c06b10 chromedriver + 420624\n   7   chromedriver                        0x0000000102c07c30 chromedriver + 425008\n   8   chromedriver                        0x0000000102f60ae4 chromedriver + 3934948\n   9   chromedriver                        0x0000000102f63f24 chromedriver + 3948324\n   10  chromedriver                        0x0000000102f64508 chromedriver + 3949832\n   11  chromedriver                        0x0000000102f6ab30 chromedriver + 3975984\n   12  chromedriver                        0x0000000102f64b24 chromedriver + 3951396\n   13  chromedriver                        0x0000000102f3f71c chromedriver + 3798812\n   14  chromedriver                        0x0000000102f812f0 chromedriver + 4068080\n   15  chromedriver                        0x0000000102f81444 chromedriver + 4068420\n   16  chromedriver                        0x0000000102f95450 chromedriver + 4150352\n   17  libsystem_pthread.dylib             0x00000001a53e206c _pthread_start + 148\n   18  libsystem_pthread.dylib             0x00000001a53dce2c thread_start + 8\n", "test_name": "test_11_Sortir_5_Halaman_cari_identitas", "rerun": "0"}, "10": {"status": "FAIL", "message": "   selenium.common.exceptions.NoSuchWindowException: Message: no such window: target window already closed\n   from unknown error: web view not found\n     (Session info: chrome=107.0.5304.87)\n   Stacktrace:\n   0   chromedriver                        0x0000000102f8ea88 chromedriver + 4123272\n   1   chromedriver                        0x0000000102f1a778 chromedriver + 3647352\n   2   chromedriver                        0x0000000102bdcac4 chromedriver + 248516\n   3   chromedriver                        0x0000000102bbc304 chromedriver + 115460\n   4   chromedriver                        0x0000000102c32e64 chromedriver + 601700\n   5   chromedriver                        0x0000000102c44744 chromedriver + 673604\n   6   chromedriver                        0x0000000102c06b10 chromedriver + 420624\n   7   chromedriver                        0x0000000102c07c30 chromedriver + 425008\n   8   chromedriver                        0x0000000102f60ae4 chromedriver + 3934948\n   9   chromedriver                        0x0000000102f63f24 chromedriver + 3948324\n   10  chromedriver                        0x0000000102f64508 chromedriver + 3949832\n   11  chromedriver                        0x0000000102f6ab30 chromedriver + 3975984\n   12  chromedriver                        0x0000000102f64b24 chromedriver + 3951396\n   13  chromedriver                        0x0000000102f3f71c chromedriver + 3798812\n   14  chromedriver                        0x0000000102f812f0 chromedriver + 4068080\n   15  chromedriver                        0x0000000102f81444 chromedriver + 4068420\n   16  chromedriver                        0x0000000102f95450 chromedriver + 4150352\n   17  libsystem_pthread.dylib             0x00000001a53e206c _pthread_start + 148\n   18  libsystem_pthread.dylib             0x00000001a53dce2c thread_start + 8\n", "test_name": "test_12_sortir_10_Halaman_cari_identitas", "rerun": "0"}, "11": {"status": "FAIL", "message": "   selenium.common.exceptions.NoSuchWindowException: Message: no such window: target window already closed\n   from unknown error: web view not found\n     (Session info: chrome=107.0.5304.87)\n   Stacktrace:\n   0   chromedriver                        0x0000000102f8ea88 chromedriver + 4123272\n   1   chromedriver                        0x0000000102f1a778 chromedriver + 3647352\n   2   chromedriver                        0x0000000102bdcac4 chromedriver + 248516\n   3   chromedriver                        0x0000000102bbc304 chromedriver + 115460\n   4   chromedriver                        0x0000000102c32e64 chromedriver + 601700\n   5   chromedriver                        0x0000000102c44744 chromedriver + 673604\n   6   chromedriver                        0x0000000102c06b10 chromedriver + 420624\n   7   chromedriver                        0x0000000102c07c30 chromedriver + 425008\n   8   chromedriver                        0x0000000102f60ae4 chromedriver + 3934948\n   9   chromedriver                        0x0000000102f63f24 chromedriver + 3948324\n   10  chromedriver                        0x0000000102f64508 chromedriver + 3949832\n   11  chromedriver                        0x0000000102f6ab30 chromedriver + 3975984\n   12  chromedriver                        0x0000000102f64b24 chromedriver + 3951396\n   13  chromedriver                        0x0000000102f3f71c chromedriver + 3798812\n   14  chromedriver                        0x0000000102f812f0 chromedriver + 4068080\n   15  chromedriver                        0x0000000102f81444 chromedriver + 4068420\n   16  chromedriver                        0x0000000102f95450 chromedriver + 4150352\n   17  libsystem_pthread.dylib             0x00000001a53e206c _pthread_start + 148\n   18  libsystem_pthread.dylib             0x00000001a53dce2c thread_start + 8\n", "test_name": "test_13_sortir_20_Halaman_cari_identitas", "rerun": "0"}, "12": {"status": "FAIL", "message": "   selenium.common.exceptions.NoSuchWindowException: Message: no such window: target window already closed\n   from unknown error: web view not found\n     (Session info: chrome=107.0.5304.87)\n   Stacktrace:\n   0   chromedriver                        0x0000000102f8ea88 chromedriver + 4123272\n   1   chromedriver                        0x0000000102f1a778 chromedriver + 3647352\n   2   chromedriver                        0x0000000102bdcac4 chromedriver + 248516\n   3   chromedriver                        0x0000000102bbc304 chromedriver + 115460\n   4   chromedriver                        0x0000000102c32e64 chromedriver + 601700\n   5   chromedriver                        0x0000000102c44744 chromedriver + 673604\n   6   chromedriver                        0x0000000102c06b10 chromedriver + 420624\n   7   chromedriver                        0x0000000102c07c30 chromedriver + 425008\n   8   chromedriver                        0x0000000102f60ae4 chromedriver + 3934948\n   9   chromedriver                        0x0000000102f63f24 chromedriver + 3948324\n   10  chromedriver                        0x0000000102f64508 chromedriver + 3949832\n   11  chromedriver                        0x0000000102f6ab30 chromedriver + 3975984\n   12  chromedriver                        0x0000000102f64b24 chromedriver + 3951396\n   13  chromedriver                        0x0000000102f3f71c chromedriver + 3798812\n   14  chromedriver                        0x0000000102f812f0 chromedriver + 4068080\n   15  chromedriver                        0x0000000102f81444 chromedriver + 4068420\n   16  chromedriver                        0x0000000102f95450 chromedriver + 4150352\n   17  libsystem_pthread.dylib             0x00000001a53e206c _pthread_start + 148\n   18  libsystem_pthread.dylib             0x00000001a53dce2c thread_start + 8\n", "test_name": "test_14_sortir_50_Halaman_cari_identitas", "rerun": "0"}, "13": {"status": "FAIL", "message": "   selenium.common.exceptions.NoSuchWindowException: Message: no such window: target window already closed\n   from unknown error: web view not found\n     (Session info: chrome=107.0.5304.87)\n   Stacktrace:\n   0   chromedriver                        0x0000000102f8ea88 chromedriver + 4123272\n   1   chromedriver                        0x0000000102f1a778 chromedriver + 3647352\n   2   chromedriver                        0x0000000102bdcac4 chromedriver + 248516\n   3   chromedriver                        0x0000000102bbc304 chromedriver + 115460\n   4   chromedriver                        0x0000000102c32e64 chromedriver + 601700\n   5   chromedriver                        0x0000000102c44744 chromedriver + 673604\n   6   chromedriver                        0x0000000102c06b10 chromedriver + 420624\n   7   chromedriver                        0x0000000102c07c30 chromedriver + 425008\n   8   chromedriver                        0x0000000102f60ae4 chromedriver + 3934948\n   9   chromedriver                        0x0000000102f63f24 chromedriver + 3948324\n   10  chromedriver                        0x0000000102f64508 chromedriver + 3949832\n   11  chromedriver                        0x0000000102f6ab30 chromedriver + 3975984\n   12  chromedriver                        0x0000000102f64b24 chromedriver + 3951396\n   13  chromedriver                        0x0000000102f3f71c chromedriver + 3798812\n   14  chromedriver                        0x0000000102f812f0 chromedriver + 4068080\n   15  chromedriver                        0x0000000102f81444 chromedriver + 4068420\n   16  chromedriver                        0x0000000102f95450 chromedriver + 4150352\n   17  libsystem_pthread.dylib             0x00000001a53e206c _pthread_start + 148\n   18  libsystem_pthread.dylib             0x00000001a53dce2c thread_start + 8\n", "test_name": "test_15_sortir_100_Halaman_cari_identitas", "rerun": "0"}}, "suite_name": "test_2Fungsi_Daftar_Lalu_Lintas_Cari_Identitas.py"}}}, "date": "November 08, 2022", "start_time": 1667842768.874491, "total_suite": 1, "status": "FAIL", "status_list": {"pass": "2", "fail": "12", "skip": "0", "error": "0", "xpass": "0", "xfail": "0", "rerun": "0"}, "total_tests": "14"}