{"content": {"suites": {"0": {"status": {"total_pass": 2, "total_skip": 0, "total_xpass": 0, "total_xfail": 0, "total_rerun": 0, "total_fail": 2, "total_error": 0}, "tests": {"0": {"status": "PASS", "message": "", "test_name": "test_1_setupOS", "rerun": "0"}, "1": {"status": "PASS", "message": "", "test_name": "test_2_login", "rerun": "0"}, "2": {"status": "FAIL", "message": "   selenium.common.exceptions.ElementNotInteractableException: Message: element not interactable: [object HTMLDivElement] has no size and location\n     (Session info: chrome=108.0.5359.124)\n   Stacktrace:\n   0   chromedriver                        0x0000000104462a88 chromedriver + 4123272\n   1   chromedriver                        0x00000001043ee778 chromedriver + 3647352\n   2   chromedriver                        0x00000001040b0ac4 chromedriver + 248516\n   3   chromedriver                        0x00000001040b3c80 chromedriver + 261248\n   4   chromedriver                        0x00000001040b3aa4 chromedriver + 260772\n   5   chromedriver                        0x00000001040b3d4c chromedriver + 261452\n   6   chromedriver                        0x00000001040ecc44 chromedriver + 494660\n   7   chromedriver                        0x00000001040ec348 chromedriver + 492360\n   8   chromedriver                        0x00000001041212f0 chromedriver + 709360\n   9   chromedriver                        0x0000000104119020 chromedriver + 675872\n   10  chromedriver                        0x00000001040dab10 chromedriver + 420624\n   11  chromedriver                        0x00000001040dbc30 chromedriver + 425008\n   12  chromedriver                        0x0000000104434ae4 chromedriver + 3934948\n   13  chromedriver                        0x0000000104437f24 chromedriver + 3948324\n   14  chromedriver                        0x0000000104438508 chromedriver + 3949832\n   15  chromedriver                        0x000000010443eb30 chromedriver + 3975984\n   16  chromedriver                        0x0000000104438b24 chromedriver + 3951396\n   17  chromedriver                        0x000000010441371c chromedriver + 3798812\n   18  chromedriver                        0x00000001044552f0 chromedriver + 4068080\n   19  chromedriver                        0x0000000104455444 chromedriver + 4068420\n   20  chromedriver                        0x0000000104469450 chromedriver + 4150352\n   21  libsystem_pthread.dylib             0x00000001ab5d106c _pthread_start + 148\n   22  libsystem_pthread.dylib             0x00000001ab5cbe2c thread_start + 8\n", "test_name": "test_Input", "rerun": "0"}, "3": {"status": "FAIL", "message": "   selenium.common.exceptions.NoSuchWindowException: Message: no such window: target window already closed\n   from unknown error: web view not found\n     (Session info: chrome=108.0.5359.124)\n   Stacktrace:\n   0   chromedriver                        0x0000000104462a88 chromedriver + 4123272\n   1   chromedriver                        0x00000001043ee778 chromedriver + 3647352\n   2   chromedriver                        0x00000001040b0ac4 chromedriver + 248516\n   3   chromedriver                        0x0000000104090304 chromedriver + 115460\n   4   chromedriver                        0x0000000104106e64 chromedriver + 601700\n   5   chromedriver                        0x000000010410ca28 chromedriver + 625192\n   6   chromedriver                        0x00000001040dab10 chromedriver + 420624\n   7   chromedriver                        0x00000001040dbc30 chromedriver + 425008\n   8   chromedriver                        0x0000000104434ae4 chromedriver + 3934948\n   9   chromedriver                        0x0000000104437f24 chromedriver + 3948324\n   10  chromedriver                        0x0000000104438508 chromedriver + 3949832\n   11  chromedriver                        0x000000010443eb30 chromedriver + 3975984\n   12  chromedriver                        0x0000000104438b24 chromedriver + 3951396\n   13  chromedriver                        0x000000010441371c chromedriver + 3798812\n   14  chromedriver                        0x00000001044552f0 chromedriver + 4068080\n   15  chromedriver                        0x0000000104455444 chromedriver + 4068420\n   16  chromedriver                        0x0000000104469450 chromedriver + 4150352\n   17  libsystem_pthread.dylib             0x00000001ab5d106c _pthread_start + 148\n   18  libsystem_pthread.dylib             0x00000001ab5cbe2c thread_start + 8\n", "test_name": "test_exit", "rerun": "0"}}, "suite_name": "test_registrasi.py"}}}, "date": "January 26, 2023", "start_time": 1674722472.829803, "total_suite": 1, "status": "FAIL", "status_list": {"pass": "2", "fail": "2", "skip": "0", "error": "0", "xpass": "0", "xfail": "0", "rerun": "0"}, "total_tests": "4"}