{"content": {"suites": {"0": {"status": {"total_pass": 2, "total_skip": 0, "total_xpass": 0, "total_xfail": 0, "total_rerun": 0, "total_fail": 2, "total_error": 0}, "tests": {"0": {"status": "PASS", "message": "", "test_name": "testconfigandlogin", "rerun": "0"}, "1": {"status": "PASS", "message": "", "test_name": "testpendampingan", "rerun": "0"}, "2": {"status": "FAIL", "message": "   selenium.common.exceptions.ElementClickInterceptedException: Message: element click intercepted: Element <button class=\"el-button is-plain\" type=\"button\" id=\"jenisKlienButton\">...</button> is not clickable at point (1038, 413). Other element would receive the click: <div class=\"el-loading-mask\" style=\"\">...</div>\n     (Session info: chrome=114.0.5735.133)\n   Stacktrace:\n   Backtrace:\n   \tGetHandleVerifier [0x00F2A813+48355]\n   \t(No symbol) [0x00EBC4B1]\n   \t(No symbol) [0x00DC5358]\n   \t(No symbol) [0x00DF5062]\n   \t(No symbol) [0x00DF3B98]\n   \t(No symbol) [0x00DF239B]\n   \t(No symbol) [0x00DF179E]\n   \t(No symbol) [0x00DE9F5C]\n   \t(No symbol) [0x00E0A73C]\n   \t(No symbol) [0x00DE9A36]\n   \t(No symbol) [0x00E0AA94]\n   \t(No symbol) [0x00E1C922]\n   \t(No symbol) [0x00E0A536]\n   \t(No symbol) [0x00DE82DC]\n   \t(No symbol) [0x00DE93DD]\n   \tGetHandleVerifier [0x0118AABD+2539405]\n   \tGetHandleVerifier [0x011CA78F+2800735]\n   \tGetHandleVerifier [0x011C456C+2775612]\n   \tGetHandleVerifier [0x00FB51E0+616112]\n   \t(No symbol) [0x00EC5F8C]\n   \t(No symbol) [0x00EC2328]\n   \t(No symbol) [0x00EC240B]\n   \t(No symbol) [0x00EB4FF7]\n   \tBaseThreadInitThunk [0x760300C9+25]\n   \tRtlGetAppContainerNamedObjectPath [0x77AB7B4E+286]\n   \tRtlGetAppContainerNamedObjectPath [0x77AB7B1E+238]\n", "test_name": "testfiltertablepembimbing", "rerun": "0"}, "3": {"status": "FAIL", "message": "   selenium.common.exceptions.NoSuchElementException: Message: no such element: Unable to locate element: {\"method\":\"css selector\",\"selector\":\"[id=\"dropdownKepolisian\"]\"}\n     (Session info: chrome=114.0.5735.133)\n   Stacktrace:\n   Backtrace:\n   \tGetHandleVerifier [0x00F2A813+48355]\n   \t(No symbol) [0x00EBC4B1]\n   \t(No symbol) [0x00DC5358]\n   \t(No symbol) [0x00DF09A5]\n   \t(No symbol) [0x00DF0B3B]\n   \t(No symbol) [0x00E1E232]\n   \t(No symbol) [0x00E0A784]\n   \t(No symbol) [0x00E1C922]\n   \t(No symbol) [0x00E0A536]\n   \t(No symbol) [0x00DE82DC]\n   \t(No symbol) [0x00DE93DD]\n   \tGetHandleVerifier [0x0118AABD+2539405]\n   \tGetHandleVerifier [0x011CA78F+2800735]\n   \tGetHandleVerifier [0x011C456C+2775612]\n   \tGetHandleVerifier [0x00FB51E0+616112]\n   \t(No symbol) [0x00EC5F8C]\n   \t(No symbol) [0x00EC2328]\n   \t(No symbol) [0x00EC240B]\n   \t(No symbol) [0x00EB4FF7]\n   \tBaseThreadInitThunk [0x760300C9+25]\n   \tRtlGetAppContainerNamedObjectPath [0x77AB7B4E+286]\n   \tRtlGetAppContainerNamedObjectPath [0x77AB7B1E+238]\n", "test_name": "testisiform", "rerun": "0"}}, "suite_name": "Pembimbingan/Perencanaan_pembimbingan.py"}}}, "date": "June 14, 2023", "start_time": 1686736046.7979915, "total_suite": 1, "status": "FAIL", "status_list": {"pass": "2", "fail": "2", "skip": "0", "error": "0", "xpass": "0", "xfail": "0", "rerun": "0"}, "total_tests": "4"}