{"content": {"suites": {"0": {"status": {"total_pass": 1, "total_skip": 0, "total_xpass": 0, "total_xfail": 0, "total_rerun": 0, "total_fail": 5, "total_error": 0}, "tests": {"0": {"status": "PASS", "message": "", "test_name": "test_1_setupOS_KeluarKeamanan", "rerun": "0"}, "1": {"status": "FAIL", "message": "   AttributeError: 'NoneType' object has no attribute 'click'\n", "test_name": "test_2_login_KeluarKeamanan", "rerun": "0"}, "2": {"status": "FAIL", "message": "   selenium.common.exceptions.NoSuchWindowException: Message: no such window: target window already closed\n   from unknown error: web view not found\n     (Session info: chrome=107.0.5304.87)\n   Stacktrace:\n   0   chromedriver                        0x000000010476aa88 chromedriver + 4123272\n   1   chromedriver                        0x00000001046f6778 chromedriver + 3647352\n   2   chromedriver                        0x00000001043b8ac4 chromedriver + 248516\n   3   chromedriver                        0x0000000104398304 chromedriver + 115460\n   4   chromedriver                        0x000000010440ee64 chromedriver + 601700\n   5   chromedriver                        0x0000000104420744 chromedriver + 673604\n   6   chromedriver                        0x00000001043e2b10 chromedriver + 420624\n   7   chromedriver                        0x00000001043e3c30 chromedriver + 425008\n   8   chromedriver                        0x000000010473cae4 chromedriver + 3934948\n   9   chromedriver                        0x000000010473ff24 chromedriver + 3948324\n   10  chromedriver                        0x0000000104740508 chromedriver + 3949832\n   11  chromedriver                        0x0000000104746b30 chromedriver + 3975984\n   12  chromedriver                        0x0000000104740b24 chromedriver + 3951396\n   13  chromedriver                        0x000000010471b71c chromedriver + 3798812\n   14  chromedriver                        0x000000010475d2f0 chromedriver + 4068080\n   15  chromedriver                        0x000000010475d444 chromedriver + 4068420\n   16  chromedriver                        0x0000000104771450 chromedriver + 4150352\n   17  libsystem_pthread.dylib             0x000000019dd5606c _pthread_start + 148\n   18  libsystem_pthread.dylib             0x000000019dd50e2c thread_start + 8\n", "test_name": "test_3_akses_menu_KeluarKeamanan", "rerun": "0"}, "3": {"status": "FAIL", "message": "   selenium.common.exceptions.NoSuchWindowException: Message: no such window: target window already closed\n   from unknown error: web view not found\n     (Session info: chrome=107.0.5304.87)\n   Stacktrace:\n   0   chromedriver                        0x000000010476aa88 chromedriver + 4123272\n   1   chromedriver                        0x00000001046f6778 chromedriver + 3647352\n   2   chromedriver                        0x00000001043b8ac4 chromedriver + 248516\n   3   chromedriver                        0x0000000104398304 chromedriver + 115460\n   4   chromedriver                        0x000000010440ee64 chromedriver + 601700\n   5   chromedriver                        0x0000000104420744 chromedriver + 673604\n   6   chromedriver                        0x00000001043e2b10 chromedriver + 420624\n   7   chromedriver                        0x00000001043e3c30 chromedriver + 425008\n   8   chromedriver                        0x000000010473cae4 chromedriver + 3934948\n   9   chromedriver                        0x000000010473ff24 chromedriver + 3948324\n   10  chromedriver                        0x0000000104740508 chromedriver + 3949832\n   11  chromedriver                        0x0000000104746b30 chromedriver + 3975984\n   12  chromedriver                        0x0000000104740b24 chromedriver + 3951396\n   13  chromedriver                        0x000000010471b71c chromedriver + 3798812\n   14  chromedriver                        0x000000010475d2f0 chromedriver + 4068080\n   15  chromedriver                        0x000000010475d444 chromedriver + 4068420\n   16  chromedriver                        0x0000000104771450 chromedriver + 4150352\n   17  libsystem_pthread.dylib             0x000000019dd5606c _pthread_start + 148\n   18  libsystem_pthread.dylib             0x000000019dd50e2c thread_start + 8\n", "test_name": "test_4_sortir_table_cari_nama_KeluarKeamanan", "rerun": "0"}, "4": {"status": "FAIL", "message": "   selenium.common.exceptions.NoSuchWindowException: Message: no such window: target window already closed\n   from unknown error: web view not found\n     (Session info: chrome=107.0.5304.87)\n   Stacktrace:\n   0   chromedriver                        0x000000010476aa88 chromedriver + 4123272\n   1   chromedriver                        0x00000001046f6778 chromedriver + 3647352\n   2   chromedriver                        0x00000001043b8ac4 chromedriver + 248516\n   3   chromedriver                        0x0000000104398304 chromedriver + 115460\n   4   chromedriver                        0x000000010440ee64 chromedriver + 601700\n   5   chromedriver                        0x0000000104420744 chromedriver + 673604\n   6   chromedriver                        0x00000001043e2b10 chromedriver + 420624\n   7   chromedriver                        0x00000001043e3c30 chromedriver + 425008\n   8   chromedriver                        0x000000010473cae4 chromedriver + 3934948\n   9   chromedriver                        0x000000010473ff24 chromedriver + 3948324\n   10  chromedriver                        0x0000000104740508 chromedriver + 3949832\n   11  chromedriver                        0x0000000104746b30 chromedriver + 3975984\n   12  chromedriver                        0x0000000104740b24 chromedriver + 3951396\n   13  chromedriver                        0x000000010471b71c chromedriver + 3798812\n   14  chromedriver                        0x000000010475d2f0 chromedriver + 4068080\n   15  chromedriver                        0x000000010475d444 chromedriver + 4068420\n   16  chromedriver                        0x0000000104771450 chromedriver + 4150352\n   17  libsystem_pthread.dylib             0x000000019dd5606c _pthread_start + 148\n   18  libsystem_pthread.dylib             0x000000019dd50e2c thread_start + 8\n", "test_name": "test_6_Click_Button_Detile_KeluarKeamanan", "rerun": "0"}, "5": {"status": "FAIL", "message": "   selenium.common.exceptions.NoSuchWindowException: Message: no such window: target window already closed\n   from unknown error: web view not found\n     (Session info: chrome=107.0.5304.87)\n   Stacktrace:\n   0   chromedriver                        0x000000010476aa88 chromedriver + 4123272\n   1   chromedriver                        0x00000001046f6778 chromedriver + 3647352\n   2   chromedriver                        0x00000001043b8ac4 chromedriver + 248516\n   3   chromedriver                        0x0000000104398304 chromedriver + 115460\n   4   chromedriver                        0x000000010440ee64 chromedriver + 601700\n   5   chromedriver                        0x0000000104420744 chromedriver + 673604\n   6   chromedriver                        0x00000001043e2b10 chromedriver + 420624\n   7   chromedriver                        0x00000001043e3c30 chromedriver + 425008\n   8   chromedriver                        0x000000010473cae4 chromedriver + 3934948\n   9   chromedriver                        0x000000010473ff24 chromedriver + 3948324\n   10  chromedriver                        0x0000000104740508 chromedriver + 3949832\n   11  chromedriver                        0x0000000104746b30 chromedriver + 3975984\n   12  chromedriver                        0x0000000104740b24 chromedriver + 3951396\n   13  chromedriver                        0x000000010471b71c chromedriver + 3798812\n   14  chromedriver                        0x000000010475d2f0 chromedriver + 4068080\n   15  chromedriver                        0x000000010475d444 chromedriver + 4068420\n   16  chromedriver                        0x0000000104771450 chromedriver + 4150352\n   17  libsystem_pthread.dylib             0x000000019dd5606c _pthread_start + 148\n   18  libsystem_pthread.dylib             0x000000019dd50e2c thread_start + 8\n", "test_name": "test_7_KonfirmasiKeluar_KeluarKeamanan", "rerun": "0"}}, "suite_name": "test_2Portir_KeluarKeamanan.py"}}}, "date": "November 20, 2022", "start_time": 1668946658.023744, "total_suite": 1, "status": "FAIL", "status_list": {"pass": "1", "fail": "5", "skip": "0", "error": "0", "xpass": "0", "xfail": "0", "rerun": "0"}, "total_tests": "6"}