{"content": {"suites": {"0": {"status": {"total_pass": 12, "total_skip": 0, "total_xpass": 0, "total_xfail": 0, "total_rerun": 0, "total_fail": 1, "total_error": 0}, "tests": {"0": {"status": "PASS", "message": "", "test_name": "test_1_setupOS", "rerun": "0"}, "1": {"status": "PASS", "message": "", "test_name": "test_2_login", "rerun": "0"}, "2": {"status": "PASS", "message": "", "test_name": "test_3_akses_menu_index", "rerun": "0"}, "3": {"status": "PASS", "message": "", "test_name": "test_4_sortir_5_Halaman_Index", "rerun": "0"}, "4": {"status": "PASS", "message": "", "test_name": "test_5_sortir_10_Halaman_Index", "rerun": "0"}, "5": {"status": "PASS", "message": "", "test_name": "test_6_sortir_20_Halaman_Index", "rerun": "0"}, "6": {"status": "PASS", "message": "", "test_name": "test_7_sortir_50_Halaman_Index", "rerun": "0"}, "7": {"status": "PASS", "message": "", "test_name": "test_8_sortir_100_Halaman_Index", "rerun": "0"}, "8": {"status": "FAIL", "message": "   selenium.common.exceptions.ElementClickInterceptedException: Message: element click intercepted: Element <button class=\"el-button is-loading\" type=\"submit\" id=\"searchButton\" disabled=\"\">...</button> is not clickable at point (527, 16). Other element would receive the click: <div class=\"flex items-center justify-start gap-10px\">...</div>\n     (Session info: chrome=107.0.5304.87)\n   Stacktrace:\n   0   chromedriver                        0x0000000100722a88 chromedriver + 4123272\n   1   chromedriver                        0x00000001006ae778 chromedriver + 3647352\n   2   chromedriver                        0x0000000100370ac4 chromedriver + 248516\n   3   chromedriver                        0x00000001003ad8a8 chromedriver + 497832\n   4   chromedriver                        0x00000001003ab874 chromedriver + 489588\n   5   chromedriver                        0x00000001003a94e8 chromedriver + 480488\n   6   chromedriver                        0x00000001003a84dc chromedriver + 476380\n   7   chromedriver                        0x000000010039ca00 chromedriver + 428544\n   8   chromedriver                        0x000000010039c260 chromedriver + 426592\n   9   chromedriver                        0x00000001003d9020 chromedriver + 675872\n   10  chromedriver                        0x000000010039ab10 chromedriver + 420624\n   11  chromedriver                        0x000000010039bc30 chromedriver + 425008\n   12  chromedriver                        0x00000001006f4ae4 chromedriver + 3934948\n   13  chromedriver                        0x00000001006f7f24 chromedriver + 3948324\n   14  chromedriver                        0x00000001006f8508 chromedriver + 3949832\n   15  chromedriver                        0x00000001006feb30 chromedriver + 3975984\n   16  chromedriver                        0x00000001006f8b24 chromedriver + 3951396\n   17  chromedriver                        0x00000001006d371c chromedriver + 3798812\n   18  chromedriver                        0x00000001007152f0 chromedriver + 4068080\n   19  chromedriver                        0x0000000100715444 chromedriver + 4068420\n   20  chromedriver                        0x0000000100729450 chromedriver + 4150352\n   21  libsystem_pthread.dylib             0x00000001b442606c _pthread_start + 148\n   22  libsystem_pthread.dylib             0x00000001b4420e2c thread_start + 8\n", "test_name": "test_4_sortir_table_cari_Semua_Portir", "rerun": "0"}, "9": {"status": "PASS", "message": "", "test_name": "test_6_search_data_kategori_NoInduk_Index", "rerun": "0"}, "10": {"status": "PASS", "message": "", "test_name": "test_7_SearchDataKategori_NoSuratPenetapan_Index", "rerun": "0"}, "11": {"status": "PASS", "message": "", "test_name": "test_8_SearchDataStatus_MasukPortir_Index", "rerun": "0"}, "12": {"status": "PASS", "message": "", "test_name": "test_9_SearchDataStatus_KeluarKeamanan_Index", "rerun": "0"}}, "suite_name": "test_1SearchData_IndexPortir.py"}, "1": {"suite_name": "test_2Portir_KeluarKeamanan.py", "tests": {"0": {"status": "PASS", "message": "", "test_name": "test_1_setupOS_KeluarKeamanan", "rerun": "0"}, "1": {"status": "PASS", "message": "", "test_name": "test_2_login_KeluarKeamanan", "rerun": "0"}, "2": {"status": "PASS", "message": "", "test_name": "test_3_akses_menu_KeluarKeamanan", "rerun": "0"}, "3": {"status": "PASS", "message": "", "test_name": "test_4_sortir_table_cari_nama_KeluarKeamanan", "rerun": "0"}, "4": {"status": "PASS", "message": "", "test_name": "test_6_Click_Button_Detile_KeluarKeamanan", "rerun": "0"}, "5": {"status": "PASS", "message": "", "test_name": "test_7_KonfirmasiKeluar_KeluarKeamanan", "rerun": "0"}}, "status": {"total_pass": 6, "total_skip": 0, "total_xpass": 0, "total_xfail": 0, "total_rerun": 0, "total_fail": 0, "total_error": 0}}, "2": {"suite_name": "test_3Portir_KeluarPortir.py", "tests": {"0": {"status": "PASS", "message": "", "test_name": "test_1_setupOS_KeluarPortir", "rerun": "0"}, "1": {"status": "PASS", "message": "", "test_name": "test_2_login_KeluarPortir", "rerun": "0"}, "2": {"status": "PASS", "message": "", "test_name": "test_3_akses_menu_KeluarPortir", "rerun": "0"}, "3": {"status": "PASS", "message": "", "test_name": "test_4_sortir_table_cari_nama_KeluarPortir", "rerun": "0"}, "4": {"status": "PASS", "message": "", "test_name": "test_6_Click_Button_Detile_KeluarPortir", "rerun": "0"}, "5": {"status": "FAIL", "message": "   selenium.common.exceptions.ElementClickInterceptedException: Message: element click intercepted: Element <span class=\"\">...</span> is not clickable at point (1307, 769). Other element would receive the click: <div class=\"flex justify-between mt-10 items-center\">...</div>\n     (Session info: chrome=107.0.5304.87)\n   Stacktrace:\n   0   chromedriver                        0x0000000104c16a88 chromedriver + 4123272\n   1   chromedriver                        0x0000000104ba2778 chromedriver + 3647352\n   2   chromedriver                        0x0000000104864ac4 chromedriver + 248516\n   3   chromedriver                        0x00000001048a18a8 chromedriver + 497832\n   4   chromedriver                        0x000000010489f874 chromedriver + 489588\n   5   chromedriver                        0x000000010489d4e8 chromedriver + 480488\n   6   chromedriver                        0x000000010489c4dc chromedriver + 476380\n   7   chromedriver                        0x0000000104890a00 chromedriver + 428544\n   8   chromedriver                        0x0000000104890260 chromedriver + 426592\n   9   chromedriver                        0x00000001048cd020 chromedriver + 675872\n   10  chromedriver                        0x000000010488eb10 chromedriver + 420624\n   11  chromedriver                        0x000000010488fc30 chromedriver + 425008\n   12  chromedriver                        0x0000000104be8ae4 chromedriver + 3934948\n   13  chromedriver                        0x0000000104bebf24 chromedriver + 3948324\n   14  chromedriver                        0x0000000104bec508 chromedriver + 3949832\n   15  chromedriver                        0x0000000104bf2b30 chromedriver + 3975984\n   16  chromedriver                        0x0000000104becb24 chromedriver + 3951396\n   17  chromedriver                        0x0000000104bc771c chromedriver + 3798812\n   18  chromedriver                        0x0000000104c092f0 chromedriver + 4068080\n   19  chromedriver                        0x0000000104c09444 chromedriver + 4068420\n   20  chromedriver                        0x0000000104c1d450 chromedriver + 4150352\n   21  libsystem_pthread.dylib             0x00000001b442606c _pthread_start + 148\n   22  libsystem_pthread.dylib             0x00000001b4420e2c thread_start + 8\n", "test_name": "test_7_KonfirmasiKeluar_KeluarPortir", "rerun": "0"}}, "status": {"total_pass": 5, "total_skip": 0, "total_xpass": 0, "total_xfail": 0, "total_rerun": 0, "total_fail": 1, "total_error": 0}}}}, "date": "November 14, 2022", "start_time": 1668420628.6539788, "total_suite": 3, "status": "FAIL", "status_list": {"pass": "23", "fail": "2", "skip": "0", "error": "0", "xpass": "0", "xfail": "0", "rerun": "0"}, "total_tests": "25"}