{"content": {"suites": {"0": {"status": {"total_pass": 3, "total_skip": 0, "total_xpass": 0, "total_xfail": 0, "total_rerun": 0, "total_fail": 3, "total_error": 0}, "tests": {"0": {"status": "PASS", "message": "", "test_name": "test_1_setupOS_KeluarPortir", "rerun": "0"}, "1": {"status": "PASS", "message": "", "test_name": "test_2_login_KeluarPortir", "rerun": "0"}, "2": {"status": "PASS", "message": "", "test_name": "test_3_akses_menu_KeluarPortir", "rerun": "0"}, "3": {"status": "FAIL", "message": "   selenium.common.exceptions.TimeoutException: Message:\n", "test_name": "test_4_sortir_table_cari_nama_KeluarPortir", "rerun": "0"}, "4": {"status": "FAIL", "message": "   selenium.common.exceptions.NoSuchWindowException: Message: no such window: target window already closed\n   from unknown error: web view not found\n     (Session info: chrome=107.0.5304.87)\n   Stacktrace:\n   0   chromedriver                        0x0000000105012a88 chromedriver + 4123272\n   1   chromedriver                        0x0000000104f9e778 chromedriver + 3647352\n   2   chromedriver                        0x0000000104c60ac4 chromedriver + 248516\n   3   chromedriver                        0x0000000104c40304 chromedriver + 115460\n   4   chromedriver                        0x0000000104cb6e64 chromedriver + 601700\n   5   chromedriver                        0x0000000104cc8744 chromedriver + 673604\n   6   chromedriver                        0x0000000104c8ab10 chromedriver + 420624\n   7   chromedriver                        0x0000000104c8bc30 chromedriver + 425008\n   8   chromedriver                        0x0000000104fe4ae4 chromedriver + 3934948\n   9   chromedriver                        0x0000000104fe7f24 chromedriver + 3948324\n   10  chromedriver                        0x0000000104fe8508 chromedriver + 3949832\n   11  chromedriver                        0x0000000104feeb30 chromedriver + 3975984\n   12  chromedriver                        0x0000000104fe8b24 chromedriver + 3951396\n   13  chromedriver                        0x0000000104fc371c chromedriver + 3798812\n   14  chromedriver                        0x00000001050052f0 chromedriver + 4068080\n   15  chromedriver                        0x0000000105005444 chromedriver + 4068420\n   16  chromedriver                        0x0000000105019450 chromedriver + 4150352\n   17  libsystem_pthread.dylib             0x00000001b442606c _pthread_start + 148\n   18  libsystem_pthread.dylib             0x00000001b4420e2c thread_start + 8\n", "test_name": "test_6_Click_Button_Detile_KeluarPortir", "rerun": "0"}, "5": {"status": "FAIL", "message": "   selenium.common.exceptions.NoSuchWindowException: Message: no such window: target window already closed\n   from unknown error: web view not found\n     (Session info: chrome=107.0.5304.87)\n   Stacktrace:\n   0   chromedriver                        0x0000000105012a88 chromedriver + 4123272\n   1   chromedriver                        0x0000000104f9e778 chromedriver + 3647352\n   2   chromedriver                        0x0000000104c60ac4 chromedriver + 248516\n   3   chromedriver                        0x0000000104c40304 chromedriver + 115460\n   4   chromedriver                        0x0000000104cb6e64 chromedriver + 601700\n   5   chromedriver                        0x0000000104cc8744 chromedriver + 673604\n   6   chromedriver                        0x0000000104c8ab10 chromedriver + 420624\n   7   chromedriver                        0x0000000104c8bc30 chromedriver + 425008\n   8   chromedriver                        0x0000000104fe4ae4 chromedriver + 3934948\n   9   chromedriver                        0x0000000104fe7f24 chromedriver + 3948324\n   10  chromedriver                        0x0000000104fe8508 chromedriver + 3949832\n   11  chromedriver                        0x0000000104feeb30 chromedriver + 3975984\n   12  chromedriver                        0x0000000104fe8b24 chromedriver + 3951396\n   13  chromedriver                        0x0000000104fc371c chromedriver + 3798812\n   14  chromedriver                        0x00000001050052f0 chromedriver + 4068080\n   15  chromedriver                        0x0000000105005444 chromedriver + 4068420\n   16  chromedriver                        0x0000000105019450 chromedriver + 4150352\n   17  libsystem_pthread.dylib             0x00000001b442606c _pthread_start + 148\n   18  libsystem_pthread.dylib             0x00000001b4420e2c thread_start + 8\n", "test_name": "test_7_KonfirmasiKeluar_KeluarPortir", "rerun": "0"}}, "suite_name": "test_3Portir_KeluarPortir.py"}}}, "date": "November 14, 2022", "start_time": 1668411769.487947, "total_suite": 1, "status": "FAIL", "status_list": {"pass": "3", "fail": "3", "skip": "0", "error": "0", "xpass": "0", "xfail": "0", "rerun": "0"}, "total_tests": "6"}