{"content": {"suites": {"0": {"status": {"total_pass": 10, "total_skip": 0, "total_xpass": 0, "total_xfail": 0, "total_rerun": 0, "total_fail": 9, "total_error": 0}, "tests": {"0": {"status": "PASS", "message": "", "test_name": "test_1_setupOS", "rerun": "0"}, "1": {"status": "PASS", "message": "", "test_name": "test_2_login", "rerun": "0"}, "2": {"status": "PASS", "message": "", "test_name": "test_3_akses_menu_index", "rerun": "0"}, "3": {"status": "PASS", "message": "", "test_name": "test_4_sortir_5_Halaman_Index", "rerun": "0"}, "4": {"status": "PASS", "message": "", "test_name": "test_5_sortir_10_Halaman_Index", "rerun": "0"}, "5": {"status": "PASS", "message": "", "test_name": "test_6_sortir_20_Halaman_Index", "rerun": "0"}, "6": {"status": "PASS", "message": "", "test_name": "test_7_sortir_50_Halaman_Index", "rerun": "0"}, "7": {"status": "PASS", "message": "", "test_name": "test_8_sortir_100_Halaman_Index", "rerun": "0"}, "8": {"status": "PASS", "message": "", "test_name": "test_21_export_exel_Index", "rerun": "0"}, "9": {"status": "FAIL", "message": "   selenium.common.exceptions.InvalidSelectorException: Message: invalid selector: An invalid or illegal selector was specified\n     (Session info: chrome=107.0.5304.87)\n   Stacktrace:\n   0   chromedriver                        0x00000001028d6a88 chromedriver + 4123272\n   1   chromedriver                        0x0000000102862778 chromedriver + 3647352\n   2   chromedriver                        0x0000000102524ac4 chromedriver + 248516\n   3   chromedriver                        0x0000000102527c80 chromedriver + 261248\n   4   chromedriver                        0x0000000102527aa4 chromedriver + 260772\n   5   chromedriver                        0x0000000102527d4c chromedriver + 261452\n   6   chromedriver                        0x000000010255acec chromedriver + 470252\n   7   chromedriver                        0x000000010258d020 chromedriver + 675872\n   8   chromedriver                        0x000000010254eb10 chromedriver + 420624\n   9   chromedriver                        0x000000010254fc30 chromedriver + 425008\n   10  chromedriver                        0x00000001028a8ae4 chromedriver + 3934948\n   11  chromedriver                        0x00000001028abf24 chromedriver + 3948324\n   12  chromedriver                        0x00000001028ac508 chromedriver + 3949832\n   13  chromedriver                        0x00000001028b2b30 chromedriver + 3975984\n   14  chromedriver                        0x00000001028acb24 chromedriver + 3951396\n   15  chromedriver                        0x000000010288771c chromedriver + 3798812\n   16  chromedriver                        0x00000001028c92f0 chromedriver + 4068080\n   17  chromedriver                        0x00000001028c9444 chromedriver + 4068420\n   18  chromedriver                        0x00000001028dd450 chromedriver + 4150352\n   19  libsystem_pthread.dylib             0x00000001b173606c _pthread_start + 148\n   20  libsystem_pthread.dylib             0x00000001b1730e2c thread_start + 8\n", "test_name": "test_22_export_pdf_Index", "rerun": "0"}, "10": {"status": "FAIL", "message": "   selenium.common.exceptions.ElementClickInterceptedException: Message: element click intercepted: Element <div id=\"printButton\">...</div> is not clickable at point (864, 697). Other element would receive the click: <div class=\"el-overlay-dialog\">...</div>\n     (Session info: chrome=107.0.5304.87)\n   Stacktrace:\n   0   chromedriver                        0x00000001028d6a88 chromedriver + 4123272\n   1   chromedriver                        0x0000000102862778 chromedriver + 3647352\n   2   chromedriver                        0x0000000102524ac4 chromedriver + 248516\n   3   chromedriver                        0x00000001025618a8 chromedriver + 497832\n   4   chromedriver                        0x000000010255f874 chromedriver + 489588\n   5   chromedriver                        0x000000010255d4e8 chromedriver + 480488\n   6   chromedriver                        0x000000010255c4dc chromedriver + 476380\n   7   chromedriver                        0x0000000102550a00 chromedriver + 428544\n   8   chromedriver                        0x0000000102550260 chromedriver + 426592\n   9   chromedriver                        0x000000010258d020 chromedriver + 675872\n   10  chromedriver                        0x000000010254eb10 chromedriver + 420624\n   11  chromedriver                        0x000000010254fc30 chromedriver + 425008\n   12  chromedriver                        0x00000001028a8ae4 chromedriver + 3934948\n   13  chromedriver                        0x00000001028abf24 chromedriver + 3948324\n   14  chromedriver                        0x00000001028ac508 chromedriver + 3949832\n   15  chromedriver                        0x00000001028b2b30 chromedriver + 3975984\n   16  chromedriver                        0x00000001028acb24 chromedriver + 3951396\n   17  chromedriver                        0x000000010288771c chromedriver + 3798812\n   18  chromedriver                        0x00000001028c92f0 chromedriver + 4068080\n   19  chromedriver                        0x00000001028c9444 chromedriver + 4068420\n   20  chromedriver                        0x00000001028dd450 chromedriver + 4150352\n   21  libsystem_pthread.dylib             0x00000001b173606c _pthread_start + 148\n   22  libsystem_pthread.dylib             0x00000001b1730e2c thread_start + 8\n", "test_name": "test_23_cetak_Index", "rerun": "0"}, "11": {"status": "FAIL", "message": "   selenium.common.exceptions.ElementClickInterceptedException: Message: element click intercepted: Element <input class=\"el-input__inner\" id=\"filterColumn\" type=\"text\" readonly=\"\" autocomplete=\"off\" placeholder=\"Cari berdasarkan kolom\"> is not clickable at point (139, 173). Other element would receive the click: <div class=\"el-overlay-dialog\">...</div>\n     (Session info: chrome=107.0.5304.87)\n   Stacktrace:\n   0   chromedriver                        0x00000001028d6a88 chromedriver + 4123272\n   1   chromedriver                        0x0000000102862778 chromedriver + 3647352\n   2   chromedriver                        0x0000000102524ac4 chromedriver + 248516\n   3   chromedriver                        0x00000001025618a8 chromedriver + 497832\n   4   chromedriver                        0x000000010255f874 chromedriver + 489588\n   5   chromedriver                        0x000000010255d4e8 chromedriver + 480488\n   6   chromedriver                        0x000000010255c4dc chromedriver + 476380\n   7   chromedriver                        0x0000000102550a00 chromedriver + 428544\n   8   chromedriver                        0x0000000102550260 chromedriver + 426592\n   9   chromedriver                        0x000000010258d020 chromedriver + 675872\n   10  chromedriver                        0x000000010254eb10 chromedriver + 420624\n   11  chromedriver                        0x000000010254fc30 chromedriver + 425008\n   12  chromedriver                        0x00000001028a8ae4 chromedriver + 3934948\n   13  chromedriver                        0x00000001028abf24 chromedriver + 3948324\n   14  chromedriver                        0x00000001028ac508 chromedriver + 3949832\n   15  chromedriver                        0x00000001028b2b30 chromedriver + 3975984\n   16  chromedriver                        0x00000001028acb24 chromedriver + 3951396\n   17  chromedriver                        0x000000010288771c chromedriver + 3798812\n   18  chromedriver                        0x00000001028c92f0 chromedriver + 4068080\n   19  chromedriver                        0x00000001028c9444 chromedriver + 4068420\n   20  chromedriver                        0x00000001028dd450 chromedriver + 4150352\n   21  libsystem_pthread.dylib             0x00000001b173606c _pthread_start + 148\n   22  libsystem_pthread.dylib             0x00000001b1730e2c thread_start + 8\n", "test_name": "test_4_sortir_table_cari_Semua_Portir", "rerun": "0"}, "12": {"status": "FAIL", "message": "   selenium.common.exceptions.ElementClickInterceptedException: Message: element click intercepted: Element <button class=\"el-button\" type=\"submit\" id=\"searchButton\">...</button> is not clickable at point (527, 173). Other element would receive the click: <div class=\"el-dialog__body\">...</div>\n     (Session info: chrome=107.0.5304.87)\n   Stacktrace:\n   0   chromedriver                        0x00000001028d6a88 chromedriver + 4123272\n   1   chromedriver                        0x0000000102862778 chromedriver + 3647352\n   2   chromedriver                        0x0000000102524ac4 chromedriver + 248516\n   3   chromedriver                        0x00000001025618a8 chromedriver + 497832\n   4   chromedriver                        0x000000010255f874 chromedriver + 489588\n   5   chromedriver                        0x000000010255d4e8 chromedriver + 480488\n   6   chromedriver                        0x000000010255c4dc chromedriver + 476380\n   7   chromedriver                        0x0000000102550a00 chromedriver + 428544\n   8   chromedriver                        0x0000000102550260 chromedriver + 426592\n   9   chromedriver                        0x000000010258d020 chromedriver + 675872\n   10  chromedriver                        0x000000010254eb10 chromedriver + 420624\n   11  chromedriver                        0x000000010254fc30 chromedriver + 425008\n   12  chromedriver                        0x00000001028a8ae4 chromedriver + 3934948\n   13  chromedriver                        0x00000001028abf24 chromedriver + 3948324\n   14  chromedriver                        0x00000001028ac508 chromedriver + 3949832\n   15  chromedriver                        0x00000001028b2b30 chromedriver + 3975984\n   16  chromedriver                        0x00000001028acb24 chromedriver + 3951396\n   17  chromedriver                        0x000000010288771c chromedriver + 3798812\n   18  chromedriver                        0x00000001028c92f0 chromedriver + 4068080\n   19  chromedriver                        0x00000001028c9444 chromedriver + 4068420\n   20  chromedriver                        0x00000001028dd450 chromedriver + 4150352\n   21  libsystem_pthread.dylib             0x00000001b173606c _pthread_start + 148\n   22  libsystem_pthread.dylib             0x00000001b1730e2c thread_start + 8\n", "test_name": "test_5_sortir_table_cari_nama_Portir", "rerun": "0"}, "13": {"status": "FAIL", "message": "   selenium.common.exceptions.ElementClickInterceptedException: Message: element click intercepted: Element <button class=\"el-button\" type=\"submit\" id=\"searchButton\">...</button> is not clickable at point (527, 173). Other element would receive the click: <div class=\"el-dialog__body\">...</div>\n     (Session info: chrome=107.0.5304.87)\n   Stacktrace:\n   0   chromedriver                        0x00000001028d6a88 chromedriver + 4123272\n   1   chromedriver                        0x0000000102862778 chromedriver + 3647352\n   2   chromedriver                        0x0000000102524ac4 chromedriver + 248516\n   3   chromedriver                        0x00000001025618a8 chromedriver + 497832\n   4   chromedriver                        0x000000010255f874 chromedriver + 489588\n   5   chromedriver                        0x000000010255d4e8 chromedriver + 480488\n   6   chromedriver                        0x000000010255c4dc chromedriver + 476380\n   7   chromedriver                        0x0000000102550a00 chromedriver + 428544\n   8   chromedriver                        0x0000000102550260 chromedriver + 426592\n   9   chromedriver                        0x000000010258d020 chromedriver + 675872\n   10  chromedriver                        0x000000010254eb10 chromedriver + 420624\n   11  chromedriver                        0x000000010254fc30 chromedriver + 425008\n   12  chromedriver                        0x00000001028a8ae4 chromedriver + 3934948\n   13  chromedriver                        0x00000001028abf24 chromedriver + 3948324\n   14  chromedriver                        0x00000001028ac508 chromedriver + 3949832\n   15  chromedriver                        0x00000001028b2b30 chromedriver + 3975984\n   16  chromedriver                        0x00000001028acb24 chromedriver + 3951396\n   17  chromedriver                        0x000000010288771c chromedriver + 3798812\n   18  chromedriver                        0x00000001028c92f0 chromedriver + 4068080\n   19  chromedriver                        0x00000001028c9444 chromedriver + 4068420\n   20  chromedriver                        0x00000001028dd450 chromedriver + 4150352\n   21  libsystem_pthread.dylib             0x00000001b173606c _pthread_start + 148\n   22  libsystem_pthread.dylib             0x00000001b1730e2c thread_start + 8\n", "test_name": "test_6_search_data_kategori_NoInduk_Index", "rerun": "0"}, "14": {"status": "FAIL", "message": "   selenium.common.exceptions.ElementClickInterceptedException: Message: element click intercepted: Element <button class=\"el-button\" type=\"submit\" id=\"searchButton\">...</button> is not clickable at point (527, 173). Other element would receive the click: <div class=\"el-dialog__body\">...</div>\n     (Session info: chrome=107.0.5304.87)\n   Stacktrace:\n   0   chromedriver                        0x00000001028d6a88 chromedriver + 4123272\n   1   chromedriver                        0x0000000102862778 chromedriver + 3647352\n   2   chromedriver                        0x0000000102524ac4 chromedriver + 248516\n   3   chromedriver                        0x00000001025618a8 chromedriver + 497832\n   4   chromedriver                        0x000000010255f874 chromedriver + 489588\n   5   chromedriver                        0x000000010255d4e8 chromedriver + 480488\n   6   chromedriver                        0x000000010255c4dc chromedriver + 476380\n   7   chromedriver                        0x0000000102550a00 chromedriver + 428544\n   8   chromedriver                        0x0000000102550260 chromedriver + 426592\n   9   chromedriver                        0x000000010258d020 chromedriver + 675872\n   10  chromedriver                        0x000000010254eb10 chromedriver + 420624\n   11  chromedriver                        0x000000010254fc30 chromedriver + 425008\n   12  chromedriver                        0x00000001028a8ae4 chromedriver + 3934948\n   13  chromedriver                        0x00000001028abf24 chromedriver + 3948324\n   14  chromedriver                        0x00000001028ac508 chromedriver + 3949832\n   15  chromedriver                        0x00000001028b2b30 chromedriver + 3975984\n   16  chromedriver                        0x00000001028acb24 chromedriver + 3951396\n   17  chromedriver                        0x000000010288771c chromedriver + 3798812\n   18  chromedriver                        0x00000001028c92f0 chromedriver + 4068080\n   19  chromedriver                        0x00000001028c9444 chromedriver + 4068420\n   20  chromedriver                        0x00000001028dd450 chromedriver + 4150352\n   21  libsystem_pthread.dylib             0x00000001b173606c _pthread_start + 148\n   22  libsystem_pthread.dylib             0x00000001b1730e2c thread_start + 8\n", "test_name": "test_7_SearchDataKategori_NoSuratPenetapan_Index", "rerun": "0"}, "15": {"status": "PASS", "message": "", "test_name": "test_8_SearchDataStatus_MasukPortir_Index", "rerun": "0"}, "16": {"status": "FAIL", "message": "   selenium.common.exceptions.NoSuchWindowException: Message: no such window: target window already closed\n   from unknown error: web view not found\n     (Session info: chrome=107.0.5304.87)\n   Stacktrace:\n   0   chromedriver                        0x00000001028d6a88 chromedriver + 4123272\n   1   chromedriver                        0x0000000102862778 chromedriver + 3647352\n   2   chromedriver                        0x0000000102524ac4 chromedriver + 248516\n   3   chromedriver                        0x0000000102504304 chromedriver + 115460\n   4   chromedriver                        0x000000010257ae64 chromedriver + 601700\n   5   chromedriver                        0x000000010258c744 chromedriver + 673604\n   6   chromedriver                        0x000000010254eb10 chromedriver + 420624\n   7   chromedriver                        0x000000010254fc30 chromedriver + 425008\n   8   chromedriver                        0x00000001028a8ae4 chromedriver + 3934948\n   9   chromedriver                        0x00000001028abf24 chromedriver + 3948324\n   10  chromedriver                        0x00000001028ac508 chromedriver + 3949832\n   11  chromedriver                        0x00000001028b2b30 chromedriver + 3975984\n   12  chromedriver                        0x00000001028acb24 chromedriver + 3951396\n   13  chromedriver                        0x000000010288771c chromedriver + 3798812\n   14  chromedriver                        0x00000001028c92f0 chromedriver + 4068080\n   15  chromedriver                        0x00000001028c9444 chromedriver + 4068420\n   16  chromedriver                        0x00000001028dd450 chromedriver + 4150352\n   17  libsystem_pthread.dylib             0x00000001b173606c _pthread_start + 148\n   18  libsystem_pthread.dylib             0x00000001b1730e2c thread_start + 8\n", "test_name": "test_9_SearchDataStatus_KeluarKeamanan_Index", "rerun": "0"}, "17": {"status": "FAIL", "message": "   selenium.common.exceptions.NoSuchWindowException: Message: no such window: target window already closed\n   from unknown error: web view not found\n     (Session info: chrome=107.0.5304.87)\n   Stacktrace:\n   0   chromedriver                        0x00000001028d6a88 chromedriver + 4123272\n   1   chromedriver                        0x0000000102862778 chromedriver + 3647352\n   2   chromedriver                        0x0000000102524ac4 chromedriver + 248516\n   3   chromedriver                        0x0000000102504304 chromedriver + 115460\n   4   chromedriver                        0x000000010257ae64 chromedriver + 601700\n   5   chromedriver                        0x000000010258c744 chromedriver + 673604\n   6   chromedriver                        0x000000010254eb10 chromedriver + 420624\n   7   chromedriver                        0x000000010254fc30 chromedriver + 425008\n   8   chromedriver                        0x00000001028a8ae4 chromedriver + 3934948\n   9   chromedriver                        0x00000001028abf24 chromedriver + 3948324\n   10  chromedriver                        0x00000001028ac508 chromedriver + 3949832\n   11  chromedriver                        0x00000001028b2b30 chromedriver + 3975984\n   12  chromedriver                        0x00000001028acb24 chromedriver + 3951396\n   13  chromedriver                        0x000000010288771c chromedriver + 3798812\n   14  chromedriver                        0x00000001028c92f0 chromedriver + 4068080\n   15  chromedriver                        0x00000001028c9444 chromedriver + 4068420\n   16  chromedriver                        0x00000001028dd450 chromedriver + 4150352\n   17  libsystem_pthread.dylib             0x00000001b173606c _pthread_start + 148\n   18  libsystem_pthread.dylib             0x00000001b1730e2c thread_start + 8\n", "test_name": "test_10_SearchDataStatus_KeluarPortir_Index", "rerun": "0"}, "18": {"status": "FAIL", "message": "   selenium.common.exceptions.NoSuchWindowException: Message: no such window: target window already closed\n   from unknown error: web view not found\n     (Session info: chrome=107.0.5304.87)\n   Stacktrace:\n   0   chromedriver                        0x00000001028d6a88 chromedriver + 4123272\n   1   chromedriver                        0x0000000102862778 chromedriver + 3647352\n   2   chromedriver                        0x0000000102524ac4 chromedriver + 248516\n   3   chromedriver                        0x0000000102504304 chromedriver + 115460\n   4   chromedriver                        0x000000010257ae64 chromedriver + 601700\n   5   chromedriver                        0x000000010258c744 chromedriver + 673604\n   6   chromedriver                        0x000000010254eb10 chromedriver + 420624\n   7   chromedriver                        0x000000010254fc30 chromedriver + 425008\n   8   chromedriver                        0x00000001028a8ae4 chromedriver + 3934948\n   9   chromedriver                        0x00000001028abf24 chromedriver + 3948324\n   10  chromedriver                        0x00000001028ac508 chromedriver + 3949832\n   11  chromedriver                        0x00000001028b2b30 chromedriver + 3975984\n   12  chromedriver                        0x00000001028acb24 chromedriver + 3951396\n   13  chromedriver                        0x000000010288771c chromedriver + 3798812\n   14  chromedriver                        0x00000001028c92f0 chromedriver + 4068080\n   15  chromedriver                        0x00000001028c9444 chromedriver + 4068420\n   16  chromedriver                        0x00000001028dd450 chromedriver + 4150352\n   17  libsystem_pthread.dylib             0x00000001b173606c _pthread_start + 148\n   18  libsystem_pthread.dylib             0x00000001b1730e2c thread_start + 8\n", "test_name": "test_11_SearchDataStatus_BelumKembali_Index", "rerun": "0"}}, "suite_name": "test_1SearchData_IndexPortir.py"}}}, "date": "November 10, 2022", "start_time": 1668076564.905513, "total_suite": 1, "status": "FAIL", "status_list": {"pass": "10", "fail": "9", "skip": "0", "error": "0", "xpass": "0", "xfail": "0", "rerun": "0"}, "total_tests": "19"}