{"content": {"suites": {"0": {"status": {"total_pass": 2, "total_skip": 0, "total_xpass": 0, "total_xfail": 0, "total_rerun": 0, "total_fail": 4, "total_error": 0}, "tests": {"0": {"status": "PASS", "message": "", "test_name": "test_1_setupOS_Portir", "rerun": "0"}, "1": {"status": "PASS", "message": "", "test_name": "test_2_login_Portir", "rerun": "0"}, "2": {"status": "FAIL", "message": "   selenium.common.exceptions.NoSuchElementException: Message: no such element: Unable to locate element: {\"method\":\"xpath\",\"selector\":\"//*[@id=\"app\"]/div/nav/ul/li[2]/div\"}\n     (Session info: chrome=107.0.5304.87)\n   Stacktrace:\n   0   chromedriver                        0x0000000104b6aa88 chromedriver + 4123272\n   1   chromedriver                        0x0000000104af6778 chromedriver + 3647352\n   2   chromedriver                        0x00000001047b8ac4 chromedriver + 248516\n   3   chromedriver                        0x00000001047eef68 chromedriver + 470888\n   4   chromedriver                        0x0000000104821020 chromedriver + 675872\n   5   chromedriver                        0x00000001047e2b10 chromedriver + 420624\n   6   chromedriver                        0x00000001047e3c30 chromedriver + 425008\n   7   chromedriver                        0x0000000104b3cae4 chromedriver + 3934948\n   8   chromedriver                        0x0000000104b3ff24 chromedriver + 3948324\n   9   chromedriver                        0x0000000104b40508 chromedriver + 3949832\n   10  chromedriver                        0x0000000104b46b30 chromedriver + 3975984\n   11  chromedriver                        0x0000000104b40b24 chromedriver + 3951396\n   12  chromedriver                        0x0000000104b1b71c chromedriver + 3798812\n   13  chromedriver                        0x0000000104b5d2f0 chromedriver + 4068080\n   14  chromedriver                        0x0000000104b5d444 chromedriver + 4068420\n   15  chromedriver                        0x0000000104b71450 chromedriver + 4150352\n   16  libsystem_pthread.dylib             0x00000001b442606c _pthread_start + 148\n   17  libsystem_pthread.dylib             0x00000001b4420e2c thread_start + 8\n", "test_name": "test_3_akses_menu_Portir", "rerun": "0"}, "3": {"status": "FAIL", "message": "   AttributeError: 'NoneType' object has no attribute 'is_displayed'\n", "test_name": "test_4_sortir_table_cari_nama_Portir", "rerun": "0"}, "4": {"status": "FAIL", "message": "   selenium.common.exceptions.NoSuchWindowException: Message: no such window: target window already closed\n   from unknown error: web view not found\n     (Session info: chrome=107.0.5304.87)\n   Stacktrace:\n   0   chromedriver                        0x0000000104b6aa88 chromedriver + 4123272\n   1   chromedriver                        0x0000000104af6778 chromedriver + 3647352\n   2   chromedriver                        0x00000001047b8ac4 chromedriver + 248516\n   3   chromedriver                        0x0000000104798304 chromedriver + 115460\n   4   chromedriver                        0x000000010480ee64 chromedriver + 601700\n   5   chromedriver                        0x0000000104820744 chromedriver + 673604\n   6   chromedriver                        0x00000001047e2b10 chromedriver + 420624\n   7   chromedriver                        0x00000001047e3c30 chromedriver + 425008\n   8   chromedriver                        0x0000000104b3cae4 chromedriver + 3934948\n   9   chromedriver                        0x0000000104b3ff24 chromedriver + 3948324\n   10  chromedriver                        0x0000000104b40508 chromedriver + 3949832\n   11  chromedriver                        0x0000000104b46b30 chromedriver + 3975984\n   12  chromedriver                        0x0000000104b40b24 chromedriver + 3951396\n   13  chromedriver                        0x0000000104b1b71c chromedriver + 3798812\n   14  chromedriver                        0x0000000104b5d2f0 chromedriver + 4068080\n   15  chromedriver                        0x0000000104b5d444 chromedriver + 4068420\n   16  chromedriver                        0x0000000104b71450 chromedriver + 4150352\n   17  libsystem_pthread.dylib             0x00000001b442606c _pthread_start + 148\n   18  libsystem_pthread.dylib             0x00000001b4420e2c thread_start + 8\n", "test_name": "test_6_Click_Button_Detile_Portir", "rerun": "0"}, "5": {"status": "FAIL", "message": "   selenium.common.exceptions.NoSuchWindowException: Message: no such window: target window already closed\n   from unknown error: web view not found\n     (Session info: chrome=107.0.5304.87)\n   Stacktrace:\n   0   chromedriver                        0x0000000104b6aa88 chromedriver + 4123272\n   1   chromedriver                        0x0000000104af6778 chromedriver + 3647352\n   2   chromedriver                        0x00000001047b8ac4 chromedriver + 248516\n   3   chromedriver                        0x0000000104798304 chromedriver + 115460\n   4   chromedriver                        0x000000010480ee64 chromedriver + 601700\n   5   chromedriver                        0x0000000104820744 chromedriver + 673604\n   6   chromedriver                        0x00000001047e2b10 chromedriver + 420624\n   7   chromedriver                        0x00000001047e3c30 chromedriver + 425008\n   8   chromedriver                        0x0000000104b3cae4 chromedriver + 3934948\n   9   chromedriver                        0x0000000104b3ff24 chromedriver + 3948324\n   10  chromedriver                        0x0000000104b40508 chromedriver + 3949832\n   11  chromedriver                        0x0000000104b46b30 chromedriver + 3975984\n   12  chromedriver                        0x0000000104b40b24 chromedriver + 3951396\n   13  chromedriver                        0x0000000104b1b71c chromedriver + 3798812\n   14  chromedriver                        0x0000000104b5d2f0 chromedriver + 4068080\n   15  chromedriver                        0x0000000104b5d444 chromedriver + 4068420\n   16  chromedriver                        0x0000000104b71450 chromedriver + 4150352\n   17  libsystem_pthread.dylib             0x00000001b442606c _pthread_start + 148\n   18  libsystem_pthread.dylib             0x00000001b4420e2c thread_start + 8\n", "test_name": "test_7_KonfirmasiKeluar_Portir", "rerun": "0"}}, "suite_name": "test_2Portir_KeluarKeamanan.py"}}}, "date": "November 14, 2022", "start_time": 1668410779.956358, "total_suite": 1, "status": "FAIL", "status_list": {"pass": "2", "fail": "4", "skip": "0", "error": "0", "xpass": "0", "xfail": "0", "rerun": "0"}, "total_tests": "6"}