{"content": {"suites": {"0": {"status": {"total_pass": 14, "total_skip": 0, "total_xpass": 0, "total_xfail": 0, "total_rerun": 0, "total_fail": 3, "total_error": 0}, "tests": {"0": {"status": "PASS", "message": "", "test_name": "test_1_setupOS", "rerun": "0"}, "1": {"status": "PASS", "message": "", "test_name": "test_2_login", "rerun": "0"}, "2": {"status": "PASS", "message": "", "test_name": "test_3_akses_menu_index", "rerun": "0"}, "3": {"status": "PASS", "message": "", "test_name": "test_4_sortir_5_Halaman_Index", "rerun": "0"}, "4": {"status": "PASS", "message": "", "test_name": "test_5_sortir_10_Halaman_Index", "rerun": "0"}, "5": {"status": "PASS", "message": "", "test_name": "test_6_sortir_20_Halaman_Index", "rerun": "0"}, "6": {"status": "PASS", "message": "", "test_name": "test_7_sortir_50_Halaman_Index", "rerun": "0"}, "7": {"status": "PASS", "message": "", "test_name": "test_8_sortir_100_Halaman_Index", "rerun": "0"}, "8": {"status": "FAIL", "message": "   selenium.common.exceptions.ElementClickInterceptedException: Message: element click intercepted: Element <button class=\"el-button is-loading\" type=\"submit\" id=\"searchButton\" disabled=\"\">...</button> is not clickable at point (527, 308). Other element would receive the click: <div class=\"flex items-center justify-start gap-10px\">...</div>\n     (Session info: chrome=107.0.5304.87)\n   Stacktrace:\n   0   chromedriver                        0x00000001050e6a88 chromedriver + 4123272\n   1   chromedriver                        0x0000000105072778 chromedriver + 3647352\n   2   chromedriver                        0x0000000104d34ac4 chromedriver + 248516\n   3   chromedriver                        0x0000000104d718a8 chromedriver + 497832\n   4   chromedriver                        0x0000000104d6f874 chromedriver + 489588\n   5   chromedriver                        0x0000000104d6d4e8 chromedriver + 480488\n   6   chromedriver                        0x0000000104d6c4dc chromedriver + 476380\n   7   chromedriver                        0x0000000104d60a00 chromedriver + 428544\n   8   chromedriver                        0x0000000104d60260 chromedriver + 426592\n   9   chromedriver                        0x0000000104d9d020 chromedriver + 675872\n   10  chromedriver                        0x0000000104d5eb10 chromedriver + 420624\n   11  chromedriver                        0x0000000104d5fc30 chromedriver + 425008\n   12  chromedriver                        0x00000001050b8ae4 chromedriver + 3934948\n   13  chromedriver                        0x00000001050bbf24 chromedriver + 3948324\n   14  chromedriver                        0x00000001050bc508 chromedriver + 3949832\n   15  chromedriver                        0x00000001050c2b30 chromedriver + 3975984\n   16  chromedriver                        0x00000001050bcb24 chromedriver + 3951396\n   17  chromedriver                        0x000000010509771c chromedriver + 3798812\n   18  chromedriver                        0x00000001050d92f0 chromedriver + 4068080\n   19  chromedriver                        0x00000001050d9444 chromedriver + 4068420\n   20  chromedriver                        0x00000001050ed450 chromedriver + 4150352\n   21  libsystem_pthread.dylib             0x00000001b173606c _pthread_start + 148\n   22  libsystem_pthread.dylib             0x00000001b1730e2c thread_start + 8\n", "test_name": "test_4_sortir_table_cari_Semua_Portir", "rerun": "0"}, "9": {"status": "PASS", "message": "", "test_name": "test_6_search_data_kategori_NoInduk_Index", "rerun": "0"}, "10": {"status": "PASS", "message": "", "test_name": "test_7_SearchDataKategori_NoSuratPenetapan_Index", "rerun": "0"}, "11": {"status": "PASS", "message": "", "test_name": "test_8_SearchDataStatus_MasukPortir_Index", "rerun": "0"}, "12": {"status": "PASS", "message": "", "test_name": "test_9_SearchDataStatus_KeluarKeamanan_Index", "rerun": "0"}, "13": {"status": "FAIL", "message": "   selenium.common.exceptions.NoSuchElementException: Message: no such element: Unable to locate element: {\"method\":\"xpath\",\"selector\":\"/li[contains(.,'Keluar Portir')]\"}\n     (Session info: chrome=107.0.5304.87)\n   Stacktrace:\n   0   chromedriver                        0x00000001050e6a88 chromedriver + 4123272\n   1   chromedriver                        0x0000000105072778 chromedriver + 3647352\n   2   chromedriver                        0x0000000104d34ac4 chromedriver + 248516\n   3   chromedriver                        0x0000000104d6af68 chromedriver + 470888\n   4   chromedriver                        0x0000000104d9d020 chromedriver + 675872\n   5   chromedriver                        0x0000000104d5eb10 chromedriver + 420624\n   6   chromedriver                        0x0000000104d5fc30 chromedriver + 425008\n   7   chromedriver                        0x00000001050b8ae4 chromedriver + 3934948\n   8   chromedriver                        0x00000001050bbf24 chromedriver + 3948324\n   9   chromedriver                        0x00000001050bc508 chromedriver + 3949832\n   10  chromedriver                        0x00000001050c2b30 chromedriver + 3975984\n   11  chromedriver                        0x00000001050bcb24 chromedriver + 3951396\n   12  chromedriver                        0x000000010509771c chromedriver + 3798812\n   13  chromedriver                        0x00000001050d92f0 chromedriver + 4068080\n   14  chromedriver                        0x00000001050d9444 chromedriver + 4068420\n   15  chromedriver                        0x00000001050ed450 chromedriver + 4150352\n   16  libsystem_pthread.dylib             0x00000001b173606c _pthread_start + 148\n   17  libsystem_pthread.dylib             0x00000001b1730e2c thread_start + 8\n", "test_name": "test_10_SearchDataStatus_KeluarPortir_Index", "rerun": "0"}, "14": {"status": "PASS", "message": "", "test_name": "test_11_SearchDataStatus_BelumKembali_Index", "rerun": "0"}, "15": {"status": "FAIL", "message": "   selenium.common.exceptions.ElementNotInteractableException: Message: element not interactable\n     (Session info: chrome=107.0.5304.87)\n   Stacktrace:\n   0   chromedriver                        0x00000001050e6a88 chromedriver + 4123272\n   1   chromedriver                        0x0000000105072778 chromedriver + 3647352\n   2   chromedriver                        0x0000000104d34944 chromedriver + 248132\n   3   chromedriver                        0x0000000104d6bfd0 chromedriver + 475088\n   4   chromedriver                        0x0000000104d60a00 chromedriver + 428544\n   5   chromedriver                        0x0000000104d60260 chromedriver + 426592\n   6   chromedriver                        0x0000000104d9d020 chromedriver + 675872\n   7   chromedriver                        0x0000000104d5eb10 chromedriver + 420624\n   8   chromedriver                        0x0000000104d5fc30 chromedriver + 425008\n   9   chromedriver                        0x00000001050b8ae4 chromedriver + 3934948\n   10  chromedriver                        0x00000001050bbf24 chromedriver + 3948324\n   11  chromedriver                        0x00000001050bc508 chromedriver + 3949832\n   12  chromedriver                        0x00000001050c2b30 chromedriver + 3975984\n   13  chromedriver                        0x00000001050bcb24 chromedriver + 3951396\n   14  chromedriver                        0x000000010509771c chromedriver + 3798812\n   15  chromedriver                        0x00000001050d92f0 chromedriver + 4068080\n   16  chromedriver                        0x00000001050d9444 chromedriver + 4068420\n   17  chromedriver                        0x00000001050ed450 chromedriver + 4150352\n   18  libsystem_pthread.dylib             0x00000001b173606c _pthread_start + 148\n   19  libsystem_pthread.dylib             0x00000001b1730e2c thread_start + 8\n", "test_name": "test_5_sortir_table_cari_nama_Portir", "rerun": "0"}, "16": {"status": "PASS", "message": "", "test_name": "test_23_detile", "rerun": "0"}}, "suite_name": "test_1SearchData_IndexPortir.py"}}}, "date": "November 10, 2022", "start_time": 1668077405.266977, "total_suite": 1, "status": "FAIL", "status_list": {"pass": "14", "fail": "3", "skip": "0", "error": "0", "xpass": "0", "xfail": "0", "rerun": "0"}, "total_tests": "17"}