{"content": {"suites": {"0": {"status": {"total_pass": 3, "total_skip": 0, "total_xpass": 0, "total_xfail": 0, "total_rerun": 0, "total_fail": 3, "total_error": 0}, "tests": {"0": {"status": "PASS", "message": "", "test_name": "test1_SetupOs_OpKegiatanPelatihan", "rerun": "0"}, "1": {"status": "PASS", "message": "", "test_name": "test_TC_KTR_001", "rerun": "0"}, "2": {"status": "PASS", "message": "", "test_name": "test_TC_KTR_002", "rerun": "0"}, "3": {"status": "FAIL", "message": "   selenium.common.exceptions.TimeoutException: Message:\n", "test_name": "test_TC_KTR_003", "rerun": "0"}, "4": {"status": "FAIL", "message": "   selenium.common.exceptions.TimeoutException: Message: \n   Stacktrace:\n   0   chromedriver                        0x00000001024c265c chromedriver + 4318812\n   1   chromedriver                        0x00000001024bad00 chromedriver + 4287744\n   2   chromedriver                        0x00000001020ec7ec chromedriver + 296940\n   3   chromedriver                        0x000000010212a048 chromedriver + 548936\n   4   chromedriver                        0x0000000102162d28 chromedriver + 781608\n   5   chromedriver                        0x000000010211e178 chromedriver + 500088\n   6   chromedriver                        0x000000010211efc0 chromedriver + 503744\n   7   chromedriver                        0x0000000102482c40 chromedriver + 4058176\n   8   chromedriver                        0x0000000102487160 chromedriver + 4075872\n   9   chromedriver                        0x000000010244ae68 chromedriver + 3829352\n   10  chromedriver                        0x0000000102487c4c chromedriver + 4078668\n   11  chromedriver                        0x000000010245ff08 chromedriver + 3915528\n   12  chromedriver                        0x00000001024a4140 chromedriver + 4194624\n   13  chromedriver                        0x00000001024a42c4 chromedriver + 4195012\n   14  chromedriver                        0x00000001024b44d0 chromedriver + 4261072\n   15  libsystem_pthread.dylib             0x000000018a0dffa8 _pthread_start + 148\n   16  libsystem_pthread.dylib             0x000000018a0dada0 thread_start + 8\n", "test_name": "test_TC_KTR_004", "rerun": "0"}, "5": {"status": "FAIL", "message": "   selenium.common.exceptions.TimeoutException: Message: \n   Stacktrace:\n   0   chromedriver                        0x00000001024c265c chromedriver + 4318812\n   1   chromedriver                        0x00000001024bad00 chromedriver + 4287744\n   2   chromedriver                        0x00000001020ec7ec chromedriver + 296940\n   3   chromedriver                        0x000000010212a048 chromedriver + 548936\n   4   chromedriver                        0x0000000102162d28 chromedriver + 781608\n   5   chromedriver                        0x000000010211e178 chromedriver + 500088\n   6   chromedriver                        0x000000010211efc0 chromedriver + 503744\n   7   chromedriver                        0x0000000102482c40 chromedriver + 4058176\n   8   chromedriver                        0x0000000102487160 chromedriver + 4075872\n   9   chromedriver                        0x000000010244ae68 chromedriver + 3829352\n   10  chromedriver                        0x0000000102487c4c chromedriver + 4078668\n   11  chromedriver                        0x000000010245ff08 chromedriver + 3915528\n   12  chromedriver                        0x00000001024a4140 chromedriver + 4194624\n   13  chromedriver                        0x00000001024a42c4 chromedriver + 4195012\n   14  chromedriver                        0x00000001024b44d0 chromedriver + 4261072\n   15  libsystem_pthread.dylib             0x000000018a0dffa8 _pthread_start + 148\n   16  libsystem_pthread.dylib             0x000000018a0dada0 thread_start + 8\n", "test_name": "test_TC_KTR_005", "rerun": "0"}}, "suite_name": "KETERAMPILAN/Fungsional/test_1_OpKegiatanPelatihan.py"}}}, "date": "September 04, 2023", "start_time": 1693799729.7752461, "total_suite": 1, "status": "FAIL", "status_list": {"pass": "3", "fail": "3", "skip": "0", "error": "0", "xpass": "0", "xfail": "0", "rerun": "0"}, "total_tests": "6"}