{"content": {"suites": {"0": {"status": {"total_pass": 4, "total_skip": 0, "total_xpass": 0, "total_xfail": 0, "total_rerun": 0, "total_fail": 8, "total_error": 0}, "tests": {"0": {"status": "PASS", "message": "", "test_name": "test_setup", "rerun": "0"}, "1": {"status": "PASS", "message": "", "test_name": "test_login", "rerun": "0"}, "2": {"status": "PASS", "message": "", "test_name": "test_akses_menu", "rerun": "0"}, "3": {"status": "FAIL", "message": "   selenium.common.exceptions.TimeoutException: Message:\n", "test_name": "test_Dropdown_Nama", "rerun": "0"}, "4": {"status": "PASS", "message": "", "test_name": "test_Input_Search_Nama", "rerun": "0"}, "5": {"status": "FAIL", "message": "   selenium.common.exceptions.TimeoutException: Message: timeout: Timed out receiving message from renderer: 10.000\n     (Session info: chrome=106.0.5249.119)\n   Stacktrace:\n   0   chromedriver                        0x0000000105275a90 chromedriver + 3889808\n   1   chromedriver                        0x0000000105204b54 chromedriver + 3427156\n   2   chromedriver                        0x0000000104ef6238 chromedriver + 221752\n   3   chromedriver                        0x0000000104ee486c chromedriver + 149612\n   4   chromedriver                        0x0000000104ee38b4 chromedriver + 145588\n   5   chromedriver                        0x0000000104ee3cdc chromedriver + 146652\n   6   chromedriver                        0x0000000104efd29c chromedriver + 250524\n   7   chromedriver                        0x0000000104f5b2e8 chromedriver + 635624\n   8   chromedriver                        0x0000000104f50944 chromedriver + 592196\n   9   chromedriver                        0x0000000104f1c54c chromedriver + 378188\n   10  chromedriver                        0x00000001052492f8 chromedriver + 3707640\n   11  chromedriver                        0x000000010524cea8 chromedriver + 3722920\n   12  chromedriver                        0x00000001052533d8 chromedriver + 3748824\n   13  chromedriver                        0x000000010524d9a8 chromedriver + 3725736\n   14  chromedriver                        0x0000000105228de8 chromedriver + 3575272\n   15  chromedriver                        0x0000000105267d1c chromedriver + 3833116\n   16  chromedriver                        0x0000000105267e84 chromedriver + 3833476\n   17  chromedriver                        0x000000010527c210 chromedriver + 3916304\n   18  libsystem_pthread.dylib             0x00000001ac3b026c _pthread_start + 148\n   19  libsystem_pthread.dylib             0x00000001ac3ab08c thread_start + 8\n", "test_name": "test_Click_Button_Cari", "rerun": "0"}, "6": {"status": "FAIL", "message": "   selenium.common.exceptions.TimeoutException: Message: \n   Stacktrace:\n   0   chromedriver                        0x0000000105275a90 chromedriver + 3889808\n   1   chromedriver                        0x0000000105204b54 chromedriver + 3427156\n   2   chromedriver                        0x0000000104ef6238 chromedriver + 221752\n   3   chromedriver                        0x0000000104f274c8 chromedriver + 423112\n   4   chromedriver                        0x0000000104f50944 chromedriver + 592196\n   5   chromedriver                        0x0000000104f1c54c chromedriver + 378188\n   6   chromedriver                        0x00000001052492f8 chromedriver + 3707640\n   7   chromedriver                        0x000000010524cea8 chromedriver + 3722920\n   8   chromedriver                        0x00000001052533d8 chromedriver + 3748824\n   9   chromedriver                        0x000000010524d9a8 chromedriver + 3725736\n   10  chromedriver                        0x0000000105228de8 chromedriver + 3575272\n   11  chromedriver                        0x0000000105267d1c chromedriver + 3833116\n   12  chromedriver                        0x0000000105267e84 chromedriver + 3833476\n   13  chromedriver                        0x000000010527c210 chromedriver + 3916304\n   14  libsystem_pthread.dylib             0x00000001ac3b026c _pthread_start + 148\n   15  libsystem_pthread.dylib             0x00000001ac3ab08c thread_start + 8\n", "test_name": "test_Click_Button_UBAH", "rerun": "0"}, "7": {"status": "FAIL", "message": "   selenium.common.exceptions.TimeoutException: Message: \n   Stacktrace:\n   0   chromedriver                        0x0000000105275a90 chromedriver + 3889808\n   1   chromedriver                        0x0000000105204b54 chromedriver + 3427156\n   2   chromedriver                        0x0000000104ef6238 chromedriver + 221752\n   3   chromedriver                        0x0000000104f274c8 chromedriver + 423112\n   4   chromedriver                        0x0000000104f50944 chromedriver + 592196\n   5   chromedriver                        0x0000000104f1c54c chromedriver + 378188\n   6   chromedriver                        0x00000001052492f8 chromedriver + 3707640\n   7   chromedriver                        0x000000010524cea8 chromedriver + 3722920\n   8   chromedriver                        0x00000001052533d8 chromedriver + 3748824\n   9   chromedriver                        0x000000010524d9a8 chromedriver + 3725736\n   10  chromedriver                        0x0000000105228de8 chromedriver + 3575272\n   11  chromedriver                        0x0000000105267d1c chromedriver + 3833116\n   12  chromedriver                        0x0000000105267e84 chromedriver + 3833476\n   13  chromedriver                        0x000000010527c210 chromedriver + 3916304\n   14  libsystem_pthread.dylib             0x00000001ac3b026c _pthread_start + 148\n   15  libsystem_pthread.dylib             0x00000001ac3ab08c thread_start + 8\n", "test_name": "test_Muat_Ulang", "rerun": "0"}, "8": {"status": "FAIL", "message": "   selenium.common.exceptions.TimeoutException: Message: \n   Stacktrace:\n   0   chromedriver                        0x0000000105275a90 chromedriver + 3889808\n   1   chromedriver                        0x0000000105204b54 chromedriver + 3427156\n   2   chromedriver                        0x0000000104ef6238 chromedriver + 221752\n   3   chromedriver                        0x0000000104f274c8 chromedriver + 423112\n   4   chromedriver                        0x0000000104f50944 chromedriver + 592196\n   5   chromedriver                        0x0000000104f1c54c chromedriver + 378188\n   6   chromedriver                        0x00000001052492f8 chromedriver + 3707640\n   7   chromedriver                        0x000000010524cea8 chromedriver + 3722920\n   8   chromedriver                        0x00000001052533d8 chromedriver + 3748824\n   9   chromedriver                        0x000000010524d9a8 chromedriver + 3725736\n   10  chromedriver                        0x0000000105228de8 chromedriver + 3575272\n   11  chromedriver                        0x0000000105267d1c chromedriver + 3833116\n   12  chromedriver                        0x0000000105267e84 chromedriver + 3833476\n   13  chromedriver                        0x000000010527c210 chromedriver + 3916304\n   14  libsystem_pthread.dylib             0x00000001ac3b026c _pthread_start + 148\n   15  libsystem_pthread.dylib             0x00000001ac3ab08c thread_start + 8\n", "test_name": "test_Ubah_Deskripsi", "rerun": "0"}, "9": {"status": "FAIL", "message": "   selenium.common.exceptions.TimeoutException: Message:\n", "test_name": "test_Ubah_Tanggal_Keluar", "rerun": "0"}, "10": {"status": "FAIL", "message": "   selenium.common.exceptions.InvalidElementStateException: Message: invalid element state\n     (Session info: chrome=106.0.5249.119)\n   Stacktrace:\n   0   chromedriver                        0x0000000105275a90 chromedriver + 3889808\n   1   chromedriver                        0x0000000105204b54 chromedriver + 3427156\n   2   chromedriver                        0x0000000104ef6108 chromedriver + 221448\n   3   chromedriver                        0x0000000104f1fc5c chromedriver + 392284\n   4   chromedriver                        0x0000000104f1da10 chromedriver + 383504\n   5   chromedriver                        0x0000000104f50944 chromedriver + 592196\n   6   chromedriver                        0x0000000104f1c54c chromedriver + 378188\n   7   chromedriver                        0x00000001052492f8 chromedriver + 3707640\n   8   chromedriver                        0x000000010524cea8 chromedriver + 3722920\n   9   chromedriver                        0x00000001052533d8 chromedriver + 3748824\n   10  chromedriver                        0x000000010524d9a8 chromedriver + 3725736\n   11  chromedriver                        0x0000000105228de8 chromedriver + 3575272\n   12  chromedriver                        0x0000000105267d1c chromedriver + 3833116\n   13  chromedriver                        0x0000000105267e84 chromedriver + 3833476\n   14  chromedriver                        0x000000010527c210 chromedriver + 3916304\n   15  libsystem_pthread.dylib             0x00000001ac3b026c _pthread_start + 148\n   16  libsystem_pthread.dylib             0x00000001ac3ab08c thread_start + 8\n", "test_name": "test_Ubah_Tanggal_kembali", "rerun": "0"}, "11": {"status": "FAIL", "message": "   selenium.common.exceptions.TimeoutException: Message: \n   Stacktrace:\n   0   chromedriver                        0x0000000105275a90 chromedriver + 3889808\n   1   chromedriver                        0x0000000105204b54 chromedriver + 3427156\n   2   chromedriver                        0x0000000104ef6238 chromedriver + 221752\n   3   chromedriver                        0x0000000104f274c8 chromedriver + 423112\n   4   chromedriver                        0x0000000104f50944 chromedriver + 592196\n   5   chromedriver                        0x0000000104f1c54c chromedriver + 378188\n   6   chromedriver                        0x00000001052492f8 chromedriver + 3707640\n   7   chromedriver                        0x000000010524cea8 chromedriver + 3722920\n   8   chromedriver                        0x00000001052533d8 chromedriver + 3748824\n   9   chromedriver                        0x000000010524d9a8 chromedriver + 3725736\n   10  chromedriver                        0x0000000105228de8 chromedriver + 3575272\n   11  chromedriver                        0x0000000105267d1c chromedriver + 3833116\n   12  chromedriver                        0x0000000105267e84 chromedriver + 3833476\n   13  chromedriver                        0x000000010527c210 chromedriver + 3916304\n   14  libsystem_pthread.dylib             0x00000001ac3b026c _pthread_start + 148\n   15  libsystem_pthread.dylib             0x00000001ac3ab08c thread_start + 8\n", "test_name": "test_Ubah_Jenis_Keluar", "rerun": "0"}}, "suite_name": "TestUnit_edit_DaftarLaluLintas.py"}}}, "date": "October 25, 2022", "start_time": 1666667655.2676349, "total_suite": 1, "status": "FAIL", "status_list": {"pass": "4", "fail": "8", "skip": "0", "error": "0", "xpass": "0", "xfail": "0", "rerun": "0"}, "total_tests": "12"}