{"content": {"suites": {"0": {"status": {"total_pass": 8, "total_skip": 0, "total_xpass": 0, "total_xfail": 0, "total_rerun": 0, "total_fail": 7, "total_error": 0}, "tests": {"0": {"status": "PASS", "message": "", "test_name": "test_setup", "rerun": "0"}, "1": {"status": "PASS", "message": "", "test_name": "test_login", "rerun": "0"}, "2": {"status": "PASS", "message": "", "test_name": "test_akses_menu", "rerun": "0"}, "3": {"status": "PASS", "message": "", "test_name": "test_search_data_kategori_nama_HALDEX", "rerun": "0"}, "4": {"status": "PASS", "message": "", "test_name": "test_search_data_kategori_NoInduk_HALDEX", "rerun": "0"}, "5": {"status": "PASS", "message": "", "test_name": "test_clik_clear_value_HALDEX", "rerun": "0"}, "6": {"status": "PASS", "message": "", "test_name": "test_sortir_data_table_HALDEX", "rerun": "0"}, "7": {"status": "PASS", "message": "", "test_name": "test_membuka_halaman_tambah_HALDEX", "rerun": "0"}, "8": {"status": "FAIL", "message": "   AttributeError: 'NoneType' object has no attribute 'is_displayed'\n", "test_name": "test_sortir_table_cari_nama_HALCAR", "rerun": "0"}, "9": {"status": "FAIL", "message": "   selenium.common.exceptions.NoSuchWindowException: Message: no such window: target window already closed\n   from unknown error: web view not found\n     (Session info: chrome=106.0.5249.119)\n   Stacktrace:\n   0   chromedriver                        0x0000000104769a90 chromedriver + 3889808\n   1   chromedriver                        0x00000001046f8b54 chromedriver + 3427156\n   2   chromedriver                        0x00000001043ea238 chromedriver + 221752\n   3   chromedriver                        0x00000001043cdb8c chromedriver + 105356\n   4   chromedriver                        0x0000000104436664 chromedriver + 534116\n   5   chromedriver                        0x0000000104444038 chromedriver + 589880\n   6   chromedriver                        0x000000010441054c chromedriver + 378188\n   7   chromedriver                        0x000000010473d2f8 chromedriver + 3707640\n   8   chromedriver                        0x0000000104740ea8 chromedriver + 3722920\n   9   chromedriver                        0x00000001047473d8 chromedriver + 3748824\n   10  chromedriver                        0x00000001047419a8 chromedriver + 3725736\n   11  chromedriver                        0x000000010471cde8 chromedriver + 3575272\n   12  chromedriver                        0x000000010475bd1c chromedriver + 3833116\n   13  chromedriver                        0x000000010475be84 chromedriver + 3833476\n   14  chromedriver                        0x0000000104770210 chromedriver + 3916304\n   15  libsystem_pthread.dylib             0x00000001b464e06c _pthread_start + 148\n   16  libsystem_pthread.dylib             0x00000001b4648e2c thread_start + 8\n", "test_name": "test_back", "rerun": "0"}, "10": {"status": "FAIL", "message": "   selenium.common.exceptions.NoSuchWindowException: Message: no such window: target window already closed\n   from unknown error: web view not found\n     (Session info: chrome=106.0.5249.119)\n   Stacktrace:\n   0   chromedriver                        0x0000000104769a90 chromedriver + 3889808\n   1   chromedriver                        0x00000001046f8b54 chromedriver + 3427156\n   2   chromedriver                        0x00000001043ea238 chromedriver + 221752\n   3   chromedriver                        0x00000001043cdb8c chromedriver + 105356\n   4   chromedriver                        0x0000000104436664 chromedriver + 534116\n   5   chromedriver                        0x0000000104444038 chromedriver + 589880\n   6   chromedriver                        0x000000010441054c chromedriver + 378188\n   7   chromedriver                        0x000000010473d2f8 chromedriver + 3707640\n   8   chromedriver                        0x0000000104740ea8 chromedriver + 3722920\n   9   chromedriver                        0x00000001047473d8 chromedriver + 3748824\n   10  chromedriver                        0x00000001047419a8 chromedriver + 3725736\n   11  chromedriver                        0x000000010471cde8 chromedriver + 3575272\n   12  chromedriver                        0x000000010475bd1c chromedriver + 3833116\n   13  chromedriver                        0x000000010475be84 chromedriver + 3833476\n   14  chromedriver                        0x0000000104770210 chromedriver + 3916304\n   15  libsystem_pthread.dylib             0x00000001b464e06c _pthread_start + 148\n   16  libsystem_pthread.dylib             0x00000001b4648e2c thread_start + 8\n", "test_name": "test_membuka_halaman_ubah_HALDEX", "rerun": "0"}, "11": {"status": "FAIL", "message": "   selenium.common.exceptions.NoSuchWindowException: Message: no such window: target window already closed\n   from unknown error: web view not found\n     (Session info: chrome=106.0.5249.119)\n   Stacktrace:\n   0   chromedriver                        0x0000000104769a90 chromedriver + 3889808\n   1   chromedriver                        0x00000001046f8b54 chromedriver + 3427156\n   2   chromedriver                        0x00000001043ea238 chromedriver + 221752\n   3   chromedriver                        0x00000001043cdb8c chromedriver + 105356\n   4   chromedriver                        0x0000000104436664 chromedriver + 534116\n   5   chromedriver                        0x0000000104444038 chromedriver + 589880\n   6   chromedriver                        0x000000010441054c chromedriver + 378188\n   7   chromedriver                        0x000000010473d2f8 chromedriver + 3707640\n   8   chromedriver                        0x0000000104740ea8 chromedriver + 3722920\n   9   chromedriver                        0x00000001047473d8 chromedriver + 3748824\n   10  chromedriver                        0x00000001047419a8 chromedriver + 3725736\n   11  chromedriver                        0x000000010471cde8 chromedriver + 3575272\n   12  chromedriver                        0x000000010475bd1c chromedriver + 3833116\n   13  chromedriver                        0x000000010475be84 chromedriver + 3833476\n   14  chromedriver                        0x0000000104770210 chromedriver + 3916304\n   15  libsystem_pthread.dylib             0x00000001b464e06c _pthread_start + 148\n   16  libsystem_pthread.dylib             0x00000001b4648e2c thread_start + 8\n", "test_name": "test_membuka_halaman_detail_HALDEX", "rerun": "0"}, "12": {"status": "FAIL", "message": "   selenium.common.exceptions.NoSuchWindowException: Message: no such window: target window already closed\n   from unknown error: web view not found\n     (Session info: chrome=106.0.5249.119)\n   Stacktrace:\n   0   chromedriver                        0x0000000104769a90 chromedriver + 3889808\n   1   chromedriver                        0x00000001046f8b54 chromedriver + 3427156\n   2   chromedriver                        0x00000001043ea238 chromedriver + 221752\n   3   chromedriver                        0x00000001043cdb8c chromedriver + 105356\n   4   chromedriver                        0x0000000104436664 chromedriver + 534116\n   5   chromedriver                        0x0000000104444038 chromedriver + 589880\n   6   chromedriver                        0x000000010441054c chromedriver + 378188\n   7   chromedriver                        0x000000010473d2f8 chromedriver + 3707640\n   8   chromedriver                        0x0000000104740ea8 chromedriver + 3722920\n   9   chromedriver                        0x00000001047473d8 chromedriver + 3748824\n   10  chromedriver                        0x00000001047419a8 chromedriver + 3725736\n   11  chromedriver                        0x000000010471cde8 chromedriver + 3575272\n   12  chromedriver                        0x000000010475bd1c chromedriver + 3833116\n   13  chromedriver                        0x000000010475be84 chromedriver + 3833476\n   14  chromedriver                        0x0000000104770210 chromedriver + 3916304\n   15  libsystem_pthread.dylib             0x00000001b464e06c _pthread_start + 148\n   16  libsystem_pthread.dylib             0x00000001b4648e2c thread_start + 8\n", "test_name": "test_export_exel_HALDEX", "rerun": "0"}, "13": {"status": "FAIL", "message": "   selenium.common.exceptions.NoSuchWindowException: Message: no such window: target window already closed\n   from unknown error: web view not found\n     (Session info: chrome=106.0.5249.119)\n   Stacktrace:\n   0   chromedriver                        0x0000000104769a90 chromedriver + 3889808\n   1   chromedriver                        0x00000001046f8b54 chromedriver + 3427156\n   2   chromedriver                        0x00000001043ea238 chromedriver + 221752\n   3   chromedriver                        0x00000001043cdb8c chromedriver + 105356\n   4   chromedriver                        0x0000000104436664 chromedriver + 534116\n   5   chromedriver                        0x0000000104444038 chromedriver + 589880\n   6   chromedriver                        0x000000010441054c chromedriver + 378188\n   7   chromedriver                        0x000000010473d2f8 chromedriver + 3707640\n   8   chromedriver                        0x0000000104740ea8 chromedriver + 3722920\n   9   chromedriver                        0x00000001047473d8 chromedriver + 3748824\n   10  chromedriver                        0x00000001047419a8 chromedriver + 3725736\n   11  chromedriver                        0x000000010471cde8 chromedriver + 3575272\n   12  chromedriver                        0x000000010475bd1c chromedriver + 3833116\n   13  chromedriver                        0x000000010475be84 chromedriver + 3833476\n   14  chromedriver                        0x0000000104770210 chromedriver + 3916304\n   15  libsystem_pthread.dylib             0x00000001b464e06c _pthread_start + 148\n   16  libsystem_pthread.dylib             0x00000001b4648e2c thread_start + 8\n", "test_name": "test_export_pdf_HALDEX", "rerun": "0"}, "14": {"status": "FAIL", "message": "   selenium.common.exceptions.NoSuchWindowException: Message: no such window: target window already closed\n   from unknown error: web view not found\n     (Session info: chrome=106.0.5249.119)\n   Stacktrace:\n   0   chromedriver                        0x0000000104769a90 chromedriver + 3889808\n   1   chromedriver                        0x00000001046f8b54 chromedriver + 3427156\n   2   chromedriver                        0x00000001043ea238 chromedriver + 221752\n   3   chromedriver                        0x00000001043cdb8c chromedriver + 105356\n   4   chromedriver                        0x0000000104436664 chromedriver + 534116\n   5   chromedriver                        0x0000000104444038 chromedriver + 589880\n   6   chromedriver                        0x000000010441054c chromedriver + 378188\n   7   chromedriver                        0x000000010473d2f8 chromedriver + 3707640\n   8   chromedriver                        0x0000000104740ea8 chromedriver + 3722920\n   9   chromedriver                        0x00000001047473d8 chromedriver + 3748824\n   10  chromedriver                        0x00000001047419a8 chromedriver + 3725736\n   11  chromedriver                        0x000000010471cde8 chromedriver + 3575272\n   12  chromedriver                        0x000000010475bd1c chromedriver + 3833116\n   13  chromedriver                        0x000000010475be84 chromedriver + 3833476\n   14  chromedriver                        0x0000000104770210 chromedriver + 3916304\n   15  libsystem_pthread.dylib             0x00000001b464e06c _pthread_start + 148\n   16  libsystem_pthread.dylib             0x00000001b4648e2c thread_start + 8\n", "test_name": "test_cetak_HALDEX", "rerun": "0"}}, "suite_name": "fungsional_Test_DaftarLaluLintas.py"}}}, "date": "October 28, 2022", "start_time": 1666942484.124775, "total_suite": 1, "status": "FAIL", "status_list": {"pass": "8", "fail": "7", "skip": "0", "error": "0", "xpass": "0", "xfail": "0", "rerun": "0"}, "total_tests": "15"}