{"content": {"suites": {"0": {"status": {"total_pass": 1, "total_skip": 0, "total_xpass": 0, "total_xfail": 0, "total_rerun": 0, "total_fail": 6, "total_error": 0}, "tests": {"0": {"status": "PASS", "message": "", "test_name": "test_setup", "rerun": "0"}, "1": {"status": "FAIL", "message": "   selenium.common.exceptions.NoSuchElementException: Message: no such element: Unable to locate element: {\"method\":\"xpath\",\"selector\":\"//div/span\"}\n     (Session info: chrome=106.0.5249.119)\n   Stacktrace:\n   0   chromedriver                        0x0000000103299a90 chromedriver + 3889808\n   1   chromedriver                        0x0000000103228b54 chromedriver + 3427156\n   2   chromedriver                        0x0000000102f1a238 chromedriver + 221752\n   3   chromedriver                        0x0000000102f4b4c8 chromedriver + 423112\n   4   chromedriver                        0x0000000102f74944 chromedriver + 592196\n   5   chromedriver                        0x0000000102f4054c chromedriver + 378188\n   6   chromedriver                        0x000000010326d2f8 chromedriver + 3707640\n   7   chromedriver                        0x0000000103270ea8 chromedriver + 3722920\n   8   chromedriver                        0x00000001032773d8 chromedriver + 3748824\n   9   chromedriver                        0x00000001032719a8 chromedriver + 3725736\n   10  chromedriver                        0x000000010324cde8 chromedriver + 3575272\n   11  chromedriver                        0x000000010328bd1c chromedriver + 3833116\n   12  chromedriver                        0x000000010328be84 chromedriver + 3833476\n   13  chromedriver                        0x00000001032a0210 chromedriver + 3916304\n   14  libsystem_pthread.dylib             0x00000001ac3b026c _pthread_start + 148\n   15  libsystem_pthread.dylib             0x00000001ac3ab08c thread_start + 8\n", "test_name": "test_login", "rerun": "0"}, "2": {"status": "FAIL", "message": "   selenium.common.exceptions.NoSuchElementException: Message: no such element: Unable to locate element: {\"method\":\"xpath\",\"selector\":\"//*[@id=\"app\"]/div/nav/ul/li[2]/div\"}\n     (Session info: chrome=106.0.5249.119)\n   Stacktrace:\n   0   chromedriver                        0x0000000103299a90 chromedriver + 3889808\n   1   chromedriver                        0x0000000103228b54 chromedriver + 3427156\n   2   chromedriver                        0x0000000102f1a238 chromedriver + 221752\n   3   chromedriver                        0x0000000102f4b4c8 chromedriver + 423112\n   4   chromedriver                        0x0000000102f74944 chromedriver + 592196\n   5   chromedriver                        0x0000000102f4054c chromedriver + 378188\n   6   chromedriver                        0x000000010326d2f8 chromedriver + 3707640\n   7   chromedriver                        0x0000000103270ea8 chromedriver + 3722920\n   8   chromedriver                        0x00000001032773d8 chromedriver + 3748824\n   9   chromedriver                        0x00000001032719a8 chromedriver + 3725736\n   10  chromedriver                        0x000000010324cde8 chromedriver + 3575272\n   11  chromedriver                        0x000000010328bd1c chromedriver + 3833116\n   12  chromedriver                        0x000000010328be84 chromedriver + 3833476\n   13  chromedriver                        0x00000001032a0210 chromedriver + 3916304\n   14  libsystem_pthread.dylib             0x00000001ac3b026c _pthread_start + 148\n   15  libsystem_pthread.dylib             0x00000001ac3ab08c thread_start + 8\n", "test_name": "test_akses_menu", "rerun": "0"}, "3": {"status": "FAIL", "message": "   selenium.common.exceptions.TimeoutException: Message: \n   Stacktrace:\n   0   chromedriver                        0x0000000103299a90 chromedriver + 3889808\n   1   chromedriver                        0x0000000103228b54 chromedriver + 3427156\n   2   chromedriver                        0x0000000102f1a238 chromedriver + 221752\n   3   chromedriver                        0x0000000102f4b4c8 chromedriver + 423112\n   4   chromedriver                        0x0000000102f74944 chromedriver + 592196\n   5   chromedriver                        0x0000000102f4054c chromedriver + 378188\n   6   chromedriver                        0x000000010326d2f8 chromedriver + 3707640\n   7   chromedriver                        0x0000000103270ea8 chromedriver + 3722920\n   8   chromedriver                        0x00000001032773d8 chromedriver + 3748824\n   9   chromedriver                        0x00000001032719a8 chromedriver + 3725736\n   10  chromedriver                        0x000000010324cde8 chromedriver + 3575272\n   11  chromedriver                        0x000000010328bd1c chromedriver + 3833116\n   12  chromedriver                        0x000000010328be84 chromedriver + 3833476\n   13  chromedriver                        0x00000001032a0210 chromedriver + 3916304\n   14  libsystem_pthread.dylib             0x00000001ac3b026c _pthread_start + 148\n   15  libsystem_pthread.dylib             0x00000001ac3ab08c thread_start + 8\n", "test_name": "test_search_data_kategori_nama", "rerun": "0"}, "4": {"status": "FAIL", "message": "   selenium.common.exceptions.TimeoutException: Message: \n   Stacktrace:\n   0   chromedriver                        0x0000000103299a90 chromedriver + 3889808\n   1   chromedriver                        0x0000000103228b54 chromedriver + 3427156\n   2   chromedriver                        0x0000000102f1a238 chromedriver + 221752\n   3   chromedriver                        0x0000000102f4b4c8 chromedriver + 423112\n   4   chromedriver                        0x0000000102f74944 chromedriver + 592196\n   5   chromedriver                        0x0000000102f4054c chromedriver + 378188\n   6   chromedriver                        0x000000010326d2f8 chromedriver + 3707640\n   7   chromedriver                        0x0000000103270ea8 chromedriver + 3722920\n   8   chromedriver                        0x00000001032773d8 chromedriver + 3748824\n   9   chromedriver                        0x00000001032719a8 chromedriver + 3725736\n   10  chromedriver                        0x000000010324cde8 chromedriver + 3575272\n   11  chromedriver                        0x000000010328bd1c chromedriver + 3833116\n   12  chromedriver                        0x000000010328be84 chromedriver + 3833476\n   13  chromedriver                        0x00000001032a0210 chromedriver + 3916304\n   14  libsystem_pthread.dylib             0x00000001ac3b026c _pthread_start + 148\n   15  libsystem_pthread.dylib             0x00000001ac3ab08c thread_start + 8\n", "test_name": "test_search_data_kategori_NoInduk", "rerun": "0"}, "5": {"status": "FAIL", "message": "   selenium.common.exceptions.NoSuchWindowException: Message: no such window: window was already closed\n     (Session info: chrome=106.0.5249.119)\n   Stacktrace:\n   0   chromedriver                        0x0000000103299a90 chromedriver + 3889808\n   1   chromedriver                        0x0000000103228b54 chromedriver + 3427156\n   2   chromedriver                        0x0000000102f1a238 chromedriver + 221752\n   3   chromedriver                        0x0000000102efe958 chromedriver + 108888\n   4   chromedriver                        0x0000000102f06dc8 chromedriver + 142792\n   5   chromedriver                        0x0000000102f74080 chromedriver + 589952\n   6   chromedriver                        0x0000000102f4054c chromedriver + 378188\n   7   chromedriver                        0x000000010326d2f8 chromedriver + 3707640\n   8   chromedriver                        0x0000000103270ea8 chromedriver + 3722920\n   9   chromedriver                        0x00000001032773d8 chromedriver + 3748824\n   10  chromedriver                        0x00000001032719a8 chromedriver + 3725736\n   11  chromedriver                        0x000000010324cde8 chromedriver + 3575272\n   12  chromedriver                        0x000000010328bd1c chromedriver + 3833116\n   13  chromedriver                        0x000000010328be84 chromedriver + 3833476\n   14  chromedriver                        0x00000001032a0210 chromedriver + 3916304\n   15  libsystem_pthread.dylib             0x00000001ac3b026c _pthread_start + 148\n   16  libsystem_pthread.dylib             0x00000001ac3ab08c thread_start + 8\n", "test_name": "test_search_data_kategori_Jenis", "rerun": "0"}, "6": {"status": "FAIL", "message": "   selenium.common.exceptions.NoSuchWindowException: Message: no such window: window was already closed\n     (Session info: chrome=106.0.5249.119)\n   Stacktrace:\n   0   chromedriver                        0x0000000103299a90 chromedriver + 3889808\n   1   chromedriver                        0x0000000103228b54 chromedriver + 3427156\n   2   chromedriver                        0x0000000102f1a238 chromedriver + 221752\n   3   chromedriver                        0x0000000102efe958 chromedriver + 108888\n   4   chromedriver                        0x0000000102f06dc8 chromedriver + 142792\n   5   chromedriver                        0x0000000102f74080 chromedriver + 589952\n   6   chromedriver                        0x0000000102f4054c chromedriver + 378188\n   7   chromedriver                        0x000000010326d2f8 chromedriver + 3707640\n   8   chromedriver                        0x0000000103270ea8 chromedriver + 3722920\n   9   chromedriver                        0x00000001032773d8 chromedriver + 3748824\n   10  chromedriver                        0x00000001032719a8 chromedriver + 3725736\n   11  chromedriver                        0x000000010324cde8 chromedriver + 3575272\n   12  chromedriver                        0x000000010328bd1c chromedriver + 3833116\n   13  chromedriver                        0x000000010328be84 chromedriver + 3833476\n   14  chromedriver                        0x00000001032a0210 chromedriver + 3916304\n   15  libsystem_pthread.dylib             0x00000001ac3b026c _pthread_start + 148\n   16  libsystem_pthread.dylib             0x00000001ac3ab08c thread_start + 8\n", "test_name": "test_clik_clear_value", "rerun": "0"}}, "suite_name": "fungsional_Test_DaftarLaluLintas.py"}}}, "date": "October 27, 2022", "start_time": 1666837912.720523, "total_suite": 1, "status": "FAIL", "status_list": {"pass": "1", "fail": "6", "skip": "0", "error": "0", "xpass": "0", "xfail": "0", "rerun": "0"}, "total_tests": "7"}