{"content": {"suites": {"0": {"status": {"total_pass": 1, "total_skip": 0, "total_xpass": 0, "total_xfail": 0, "total_rerun": 0, "total_fail": 9, "total_error": 0}, "tests": {"0": {"status": "PASS", "message": "", "test_name": "test_setup", "rerun": "0"}, "1": {"status": "FAIL", "message": "   selenium.common.exceptions.NoSuchElementException: Message: no such element: Unable to locate element: {\"method\":\"xpath\",\"selector\":\"//div/span\"}\n     (Session info: chrome=106.0.5249.119)\n   Stacktrace:\n   0   chromedriver                        0x0000000101155a90 chromedriver + 3889808\n   1   chromedriver                        0x00000001010e4b54 chromedriver + 3427156\n   2   chromedriver                        0x0000000100dd6238 chromedriver + 221752\n   3   chromedriver                        0x0000000100e074c8 chromedriver + 423112\n   4   chromedriver                        0x0000000100e30944 chromedriver + 592196\n   5   chromedriver                        0x0000000100dfc54c chromedriver + 378188\n   6   chromedriver                        0x00000001011292f8 chromedriver + 3707640\n   7   chromedriver                        0x000000010112cea8 chromedriver + 3722920\n   8   chromedriver                        0x00000001011333d8 chromedriver + 3748824\n   9   chromedriver                        0x000000010112d9a8 chromedriver + 3725736\n   10  chromedriver                        0x0000000101108de8 chromedriver + 3575272\n   11  chromedriver                        0x0000000101147d1c chromedriver + 3833116\n   12  chromedriver                        0x0000000101147e84 chromedriver + 3833476\n   13  chromedriver                        0x000000010115c210 chromedriver + 3916304\n   14  libsystem_pthread.dylib             0x00000001ac3b026c _pthread_start + 148\n   15  libsystem_pthread.dylib             0x00000001ac3ab08c thread_start + 8\n", "test_name": "test_login", "rerun": "0"}, "2": {"status": "FAIL", "message": "       AttributeError: move_to requires a WebElement\n", "test_name": "test_akses_menu", "rerun": "0"}, "3": {"status": "FAIL", "message": "   selenium.common.exceptions.NoSuchWindowException: Message: no such window: target window already closed\n   from unknown error: web view not found\n     (Session info: chrome=106.0.5249.119)\n   Stacktrace:\n   0   chromedriver                        0x0000000101155a90 chromedriver + 3889808\n   1   chromedriver                        0x00000001010e4b54 chromedriver + 3427156\n   2   chromedriver                        0x0000000100dd6238 chromedriver + 221752\n   3   chromedriver                        0x0000000100db9b8c chromedriver + 105356\n   4   chromedriver                        0x0000000100e22664 chromedriver + 534116\n   5   chromedriver                        0x0000000100e30038 chromedriver + 589880\n   6   chromedriver                        0x0000000100dfc54c chromedriver + 378188\n   7   chromedriver                        0x00000001011292f8 chromedriver + 3707640\n   8   chromedriver                        0x000000010112cea8 chromedriver + 3722920\n   9   chromedriver                        0x00000001011333d8 chromedriver + 3748824\n   10  chromedriver                        0x000000010112d9a8 chromedriver + 3725736\n   11  chromedriver                        0x0000000101108de8 chromedriver + 3575272\n   12  chromedriver                        0x0000000101147d1c chromedriver + 3833116\n   13  chromedriver                        0x0000000101147e84 chromedriver + 3833476\n   14  chromedriver                        0x000000010115c210 chromedriver + 3916304\n   15  libsystem_pthread.dylib             0x00000001ac3b026c _pthread_start + 148\n   16  libsystem_pthread.dylib             0x00000001ac3ab08c thread_start + 8\n", "test_name": "test_search_data_kategori_nama", "rerun": "0"}, "4": {"status": "FAIL", "message": "   selenium.common.exceptions.NoSuchWindowException: Message: no such window: target window already closed\n   from unknown error: web view not found\n     (Session info: chrome=106.0.5249.119)\n   Stacktrace:\n   0   chromedriver                        0x0000000101155a90 chromedriver + 3889808\n   1   chromedriver                        0x00000001010e4b54 chromedriver + 3427156\n   2   chromedriver                        0x0000000100dd6238 chromedriver + 221752\n   3   chromedriver                        0x0000000100db9b8c chromedriver + 105356\n   4   chromedriver                        0x0000000100e22664 chromedriver + 534116\n   5   chromedriver                        0x0000000100e30038 chromedriver + 589880\n   6   chromedriver                        0x0000000100dfc54c chromedriver + 378188\n   7   chromedriver                        0x00000001011292f8 chromedriver + 3707640\n   8   chromedriver                        0x000000010112cea8 chromedriver + 3722920\n   9   chromedriver                        0x00000001011333d8 chromedriver + 3748824\n   10  chromedriver                        0x000000010112d9a8 chromedriver + 3725736\n   11  chromedriver                        0x0000000101108de8 chromedriver + 3575272\n   12  chromedriver                        0x0000000101147d1c chromedriver + 3833116\n   13  chromedriver                        0x0000000101147e84 chromedriver + 3833476\n   14  chromedriver                        0x000000010115c210 chromedriver + 3916304\n   15  libsystem_pthread.dylib             0x00000001ac3b026c _pthread_start + 148\n   16  libsystem_pthread.dylib             0x00000001ac3ab08c thread_start + 8\n", "test_name": "test_search_data_kategori_NoInduk", "rerun": "0"}, "5": {"status": "FAIL", "message": "   selenium.common.exceptions.NoSuchWindowException: Message: no such window: target window already closed\n   from unknown error: web view not found\n     (Session info: chrome=106.0.5249.119)\n   Stacktrace:\n   0   chromedriver                        0x0000000101155a90 chromedriver + 3889808\n   1   chromedriver                        0x00000001010e4b54 chromedriver + 3427156\n   2   chromedriver                        0x0000000100dd6238 chromedriver + 221752\n   3   chromedriver                        0x0000000100db9b8c chromedriver + 105356\n   4   chromedriver                        0x0000000100e22664 chromedriver + 534116\n   5   chromedriver                        0x0000000100e30038 chromedriver + 589880\n   6   chromedriver                        0x0000000100dfc54c chromedriver + 378188\n   7   chromedriver                        0x00000001011292f8 chromedriver + 3707640\n   8   chromedriver                        0x000000010112cea8 chromedriver + 3722920\n   9   chromedriver                        0x00000001011333d8 chromedriver + 3748824\n   10  chromedriver                        0x000000010112d9a8 chromedriver + 3725736\n   11  chromedriver                        0x0000000101108de8 chromedriver + 3575272\n   12  chromedriver                        0x0000000101147d1c chromedriver + 3833116\n   13  chromedriver                        0x0000000101147e84 chromedriver + 3833476\n   14  chromedriver                        0x000000010115c210 chromedriver + 3916304\n   15  libsystem_pthread.dylib             0x00000001ac3b026c _pthread_start + 148\n   16  libsystem_pthread.dylib             0x00000001ac3ab08c thread_start + 8\n", "test_name": "test_clik_clear_value", "rerun": "0"}, "6": {"status": "FAIL", "message": "   selenium.common.exceptions.NoSuchWindowException: Message: no such window: target window already closed\n   from unknown error: web view not found\n     (Session info: chrome=106.0.5249.119)\n   Stacktrace:\n   0   chromedriver                        0x0000000101155a90 chromedriver + 3889808\n   1   chromedriver                        0x00000001010e4b54 chromedriver + 3427156\n   2   chromedriver                        0x0000000100dd6238 chromedriver + 221752\n   3   chromedriver                        0x0000000100db9b8c chromedriver + 105356\n   4   chromedriver                        0x0000000100e22664 chromedriver + 534116\n   5   chromedriver                        0x0000000100e30038 chromedriver + 589880\n   6   chromedriver                        0x0000000100dfc54c chromedriver + 378188\n   7   chromedriver                        0x00000001011292f8 chromedriver + 3707640\n   8   chromedriver                        0x000000010112cea8 chromedriver + 3722920\n   9   chromedriver                        0x00000001011333d8 chromedriver + 3748824\n   10  chromedriver                        0x000000010112d9a8 chromedriver + 3725736\n   11  chromedriver                        0x0000000101108de8 chromedriver + 3575272\n   12  chromedriver                        0x0000000101147d1c chromedriver + 3833116\n   13  chromedriver                        0x0000000101147e84 chromedriver + 3833476\n   14  chromedriver                        0x000000010115c210 chromedriver + 3916304\n   15  libsystem_pthread.dylib             0x00000001ac3b026c _pthread_start + 148\n   16  libsystem_pthread.dylib             0x00000001ac3ab08c thread_start + 8\n", "test_name": "test_sortir_data_table", "rerun": "0"}, "7": {"status": "FAIL", "message": "   selenium.common.exceptions.NoSuchWindowException: Message: no such window: target window already closed\n   from unknown error: web view not found\n     (Session info: chrome=106.0.5249.119)\n   Stacktrace:\n   0   chromedriver                        0x0000000101155a90 chromedriver + 3889808\n   1   chromedriver                        0x00000001010e4b54 chromedriver + 3427156\n   2   chromedriver                        0x0000000100dd6238 chromedriver + 221752\n   3   chromedriver                        0x0000000100db9b8c chromedriver + 105356\n   4   chromedriver                        0x0000000100e22664 chromedriver + 534116\n   5   chromedriver                        0x0000000100e30038 chromedriver + 589880\n   6   chromedriver                        0x0000000100dfc54c chromedriver + 378188\n   7   chromedriver                        0x00000001011292f8 chromedriver + 3707640\n   8   chromedriver                        0x000000010112cea8 chromedriver + 3722920\n   9   chromedriver                        0x00000001011333d8 chromedriver + 3748824\n   10  chromedriver                        0x000000010112d9a8 chromedriver + 3725736\n   11  chromedriver                        0x0000000101108de8 chromedriver + 3575272\n   12  chromedriver                        0x0000000101147d1c chromedriver + 3833116\n   13  chromedriver                        0x0000000101147e84 chromedriver + 3833476\n   14  chromedriver                        0x000000010115c210 chromedriver + 3916304\n   15  libsystem_pthread.dylib             0x00000001ac3b026c _pthread_start + 148\n   16  libsystem_pthread.dylib             0x00000001ac3ab08c thread_start + 8\n", "test_name": "test_export_exel", "rerun": "0"}, "8": {"status": "FAIL", "message": "   selenium.common.exceptions.NoSuchWindowException: Message: no such window: target window already closed\n   from unknown error: web view not found\n     (Session info: chrome=106.0.5249.119)\n   Stacktrace:\n   0   chromedriver                        0x0000000101155a90 chromedriver + 3889808\n   1   chromedriver                        0x00000001010e4b54 chromedriver + 3427156\n   2   chromedriver                        0x0000000100dd6238 chromedriver + 221752\n   3   chromedriver                        0x0000000100db9b8c chromedriver + 105356\n   4   chromedriver                        0x0000000100e22664 chromedriver + 534116\n   5   chromedriver                        0x0000000100e30038 chromedriver + 589880\n   6   chromedriver                        0x0000000100dfc54c chromedriver + 378188\n   7   chromedriver                        0x00000001011292f8 chromedriver + 3707640\n   8   chromedriver                        0x000000010112cea8 chromedriver + 3722920\n   9   chromedriver                        0x00000001011333d8 chromedriver + 3748824\n   10  chromedriver                        0x000000010112d9a8 chromedriver + 3725736\n   11  chromedriver                        0x0000000101108de8 chromedriver + 3575272\n   12  chromedriver                        0x0000000101147d1c chromedriver + 3833116\n   13  chromedriver                        0x0000000101147e84 chromedriver + 3833476\n   14  chromedriver                        0x000000010115c210 chromedriver + 3916304\n   15  libsystem_pthread.dylib             0x00000001ac3b026c _pthread_start + 148\n   16  libsystem_pthread.dylib             0x00000001ac3ab08c thread_start + 8\n", "test_name": "test_export_pdf", "rerun": "0"}, "9": {"status": "FAIL", "message": "   selenium.common.exceptions.NoSuchWindowException: Message: no such window: target window already closed\n   from unknown error: web view not found\n     (Session info: chrome=106.0.5249.119)\n   Stacktrace:\n   0   chromedriver                        0x0000000101155a90 chromedriver + 3889808\n   1   chromedriver                        0x00000001010e4b54 chromedriver + 3427156\n   2   chromedriver                        0x0000000100dd6238 chromedriver + 221752\n   3   chromedriver                        0x0000000100db9b8c chromedriver + 105356\n   4   chromedriver                        0x0000000100e22664 chromedriver + 534116\n   5   chromedriver                        0x0000000100e30038 chromedriver + 589880\n   6   chromedriver                        0x0000000100dfc54c chromedriver + 378188\n   7   chromedriver                        0x00000001011292f8 chromedriver + 3707640\n   8   chromedriver                        0x000000010112cea8 chromedriver + 3722920\n   9   chromedriver                        0x00000001011333d8 chromedriver + 3748824\n   10  chromedriver                        0x000000010112d9a8 chromedriver + 3725736\n   11  chromedriver                        0x0000000101108de8 chromedriver + 3575272\n   12  chromedriver                        0x0000000101147d1c chromedriver + 3833116\n   13  chromedriver                        0x0000000101147e84 chromedriver + 3833476\n   14  chromedriver                        0x000000010115c210 chromedriver + 3916304\n   15  libsystem_pthread.dylib             0x00000001ac3b026c _pthread_start + 148\n   16  libsystem_pthread.dylib             0x00000001ac3ab08c thread_start + 8\n", "test_name": "test_cetak", "rerun": "0"}}, "suite_name": "fungsional_Test_DaftarLaluLintas.py"}}}, "date": "October 27, 2022", "start_time": 1666853292.8821828, "total_suite": 1, "status": "FAIL", "status_list": {"pass": "1", "fail": "9", "skip": "0", "error": "0", "xpass": "0", "xfail": "0", "rerun": "0"}, "total_tests": "10"}