{"content": {"suites": {"0": {"status": {"total_pass": 5, "total_skip": 0, "total_xpass": 0, "total_xfail": 0, "total_rerun": 0, "total_fail": 4, "total_error": 0}, "tests": {"0": {"status": "PASS", "message": "", "test_name": "test_setup", "rerun": "0"}, "1": {"status": "PASS", "message": "", "test_name": "test_login", "rerun": "0"}, "2": {"status": "PASS", "message": "", "test_name": "test_akses_menu", "rerun": "0"}, "3": {"status": "PASS", "message": "", "test_name": "test_search_data_kategori_nama", "rerun": "0"}, "4": {"status": "FAIL", "message": "   selenium.common.exceptions.TimeoutException: Message: \n   Stacktrace:\n   0   chromedriver                        0x00000001003f1a90 chromedriver + 3889808\n   1   chromedriver                        0x0000000100380b54 chromedriver + 3427156\n   2   chromedriver                        0x0000000100072238 chromedriver + 221752\n   3   chromedriver                        0x00000001000a34c8 chromedriver + 423112\n   4   chromedriver                        0x00000001000cc944 chromedriver + 592196\n   5   chromedriver                        0x000000010009854c chromedriver + 378188\n   6   chromedriver                        0x00000001003c52f8 chromedriver + 3707640\n   7   chromedriver                        0x00000001003c8ea8 chromedriver + 3722920\n   8   chromedriver                        0x00000001003cf3d8 chromedriver + 3748824\n   9   chromedriver                        0x00000001003c99a8 chromedriver + 3725736\n   10  chromedriver                        0x00000001003a4de8 chromedriver + 3575272\n   11  chromedriver                        0x00000001003e3d1c chromedriver + 3833116\n   12  chromedriver                        0x00000001003e3e84 chromedriver + 3833476\n   13  chromedriver                        0x00000001003f8210 chromedriver + 3916304\n   14  libsystem_pthread.dylib             0x00000001ac3b026c _pthread_start + 148\n   15  libsystem_pthread.dylib             0x00000001ac3ab08c thread_start + 8\n", "test_name": "test_search_data_kategori_NoInduk", "rerun": "0"}, "5": {"status": "FAIL", "message": "   selenium.common.exceptions.TimeoutException: Message: \n   Stacktrace:\n   0   chromedriver                        0x00000001003f1a90 chromedriver + 3889808\n   1   chromedriver                        0x0000000100380b54 chromedriver + 3427156\n   2   chromedriver                        0x0000000100072238 chromedriver + 221752\n   3   chromedriver                        0x00000001000a34c8 chromedriver + 423112\n   4   chromedriver                        0x00000001000cc944 chromedriver + 592196\n   5   chromedriver                        0x000000010009854c chromedriver + 378188\n   6   chromedriver                        0x00000001003c52f8 chromedriver + 3707640\n   7   chromedriver                        0x00000001003c8ea8 chromedriver + 3722920\n   8   chromedriver                        0x00000001003cf3d8 chromedriver + 3748824\n   9   chromedriver                        0x00000001003c99a8 chromedriver + 3725736\n   10  chromedriver                        0x00000001003a4de8 chromedriver + 3575272\n   11  chromedriver                        0x00000001003e3d1c chromedriver + 3833116\n   12  chromedriver                        0x00000001003e3e84 chromedriver + 3833476\n   13  chromedriver                        0x00000001003f8210 chromedriver + 3916304\n   14  libsystem_pthread.dylib             0x00000001ac3b026c _pthread_start + 148\n   15  libsystem_pthread.dylib             0x00000001ac3ab08c thread_start + 8\n", "test_name": "test_search_data_kategori_Jenis", "rerun": "0"}, "6": {"status": "FAIL", "message": "   selenium.common.exceptions.TimeoutException: Message: \n   Stacktrace:\n   0   chromedriver                        0x00000001003f1a90 chromedriver + 3889808\n   1   chromedriver                        0x0000000100380b54 chromedriver + 3427156\n   2   chromedriver                        0x0000000100072238 chromedriver + 221752\n   3   chromedriver                        0x00000001000a34c8 chromedriver + 423112\n   4   chromedriver                        0x00000001000cc944 chromedriver + 592196\n   5   chromedriver                        0x000000010009854c chromedriver + 378188\n   6   chromedriver                        0x00000001003c52f8 chromedriver + 3707640\n   7   chromedriver                        0x00000001003c8ea8 chromedriver + 3722920\n   8   chromedriver                        0x00000001003cf3d8 chromedriver + 3748824\n   9   chromedriver                        0x00000001003c99a8 chromedriver + 3725736\n   10  chromedriver                        0x00000001003a4de8 chromedriver + 3575272\n   11  chromedriver                        0x00000001003e3d1c chromedriver + 3833116\n   12  chromedriver                        0x00000001003e3e84 chromedriver + 3833476\n   13  chromedriver                        0x00000001003f8210 chromedriver + 3916304\n   14  libsystem_pthread.dylib             0x00000001ac3b026c _pthread_start + 148\n   15  libsystem_pthread.dylib             0x00000001ac3ab08c thread_start + 8\n", "test_name": "test_search_data_kategori_tglkeluar", "rerun": "0"}, "7": {"status": "FAIL", "message": "   selenium.common.exceptions.TimeoutException: Message:\n", "test_name": "test_search_data_kategori_tglkembali", "rerun": "0"}, "8": {"status": "PASS", "message": "", "test_name": "test_clik_clear_value", "rerun": "0"}}, "suite_name": "fungsional_Test_DaftarLaluLintas.py"}}}, "date": "October 26, 2022", "start_time": 1666755035.6273, "total_suite": 1, "status": "FAIL", "status_list": {"pass": "5", "fail": "4", "skip": "0", "error": "0", "xpass": "0", "xfail": "0", "rerun": "0"}, "total_tests": "9"}