{"content": {"suites": {"0": {"status": {"total_pass": 6, "total_skip": 0, "total_xpass": 0, "total_xfail": 0, "total_rerun": 0, "total_fail": 30, "total_error": 0}, "tests": {"0": {"status": "PASS", "message": "", "test_name": "test_1_SetupOs", "rerun": "0"}, "1": {"status": "PASS", "message": "", "test_name": "test_2_Login", "rerun": "0"}, "2": {"status": "PASS", "message": "", "test_name": "test_2_AksesMenu", "rerun": "0"}, "3": {"status": "FAIL", "message": "   selenium.common.exceptions.TimeoutException: Message: \n   Stacktrace:\n   0   chromedriver                        0x0000000100534ae8 chromedriver + 4958952\n   1   chromedriver                        0x000000010052c7b3 chromedriver + 4925363\n   2   chromedriver                        0x00000001000ee1d6 chromedriver + 475606\n   3   chromedriver                        0x0000000100131a20 chromedriver + 752160\n   4   chromedriver                        0x0000000100131c81 chromedriver + 752769\n   5   chromedriver                        0x0000000100175f64 chromedriver + 1032036\n   6   chromedriver                        0x0000000100157c3d chromedriver + 908349\n   7   chromedriver                        0x000000010017325b chromedriver + 1020507\n   8   chromedriver                        0x00000001001579e3 chromedriver + 907747\n   9   chromedriver                        0x0000000100121aef chromedriver + 686831\n   10  chromedriver                        0x000000010012300e chromedriver + 692238\n   11  chromedriver                        0x00000001004f09ad chromedriver + 4680109\n   12  chromedriver                        0x00000001004f5c12 chromedriver + 4701202\n   13  chromedriver                        0x00000001004fc79f chromedriver + 4728735\n   14  chromedriver                        0x00000001004f6b7a chromedriver + 4705146\n   15  chromedriver                        0x00000001004c927e chromedriver + 4518526\n   16  chromedriver                        0x0000000100516908 chromedriver + 4835592\n   17  chromedriver                        0x0000000100516a87 chromedriver + 4835975\n   18  chromedriver                        0x000000010052600f chromedriver + 4898831\n   19  libsystem_pthread.dylib             0x00007ff80554f1d3 _pthread_start + 125\n   20  libsystem_pthread.dylib             0x00007ff80554abd3 thread_start + 15\n       assert False\n", "test_name": "test_3_CreateButton", "rerun": "0"}, "4": {"status": "FAIL", "message": "   selenium.common.exceptions.TimeoutException: Message: \n   Stacktrace:\n   0   chromedriver                        0x0000000100534ae8 chromedriver + 4958952\n   1   chromedriver                        0x000000010052c7b3 chromedriver + 4925363\n   2   chromedriver                        0x00000001000ee1d6 chromedriver + 475606\n   3   chromedriver                        0x0000000100131a20 chromedriver + 752160\n   4   chromedriver                        0x0000000100131c81 chromedriver + 752769\n   5   chromedriver                        0x0000000100175f64 chromedriver + 1032036\n   6   chromedriver                        0x0000000100157c3d chromedriver + 908349\n   7   chromedriver                        0x000000010017325b chromedriver + 1020507\n   8   chromedriver                        0x00000001001579e3 chromedriver + 907747\n   9   chromedriver                        0x0000000100121aef chromedriver + 686831\n   10  chromedriver                        0x000000010012300e chromedriver + 692238\n   11  chromedriver                        0x00000001004f09ad chromedriver + 4680109\n   12  chromedriver                        0x00000001004f5c12 chromedriver + 4701202\n   13  chromedriver                        0x00000001004fc79f chromedriver + 4728735\n   14  chromedriver                        0x00000001004f6b7a chromedriver + 4705146\n   15  chromedriver                        0x00000001004c927e chromedriver + 4518526\n   16  chromedriver                        0x0000000100516908 chromedriver + 4835592\n   17  chromedriver                        0x0000000100516a87 chromedriver + 4835975\n   18  chromedriver                        0x000000010052600f chromedriver + 4898831\n   19  libsystem_pthread.dylib             0x00007ff80554f1d3 _pthread_start + 125\n   20  libsystem_pthread.dylib             0x00007ff80554abd3 thread_start + 15\n       assert False\n", "test_name": "test_4_InputJenisSarana", "rerun": "0"}, "5": {"status": "FAIL", "message": "   selenium.common.exceptions.NoSuchElementException: Message: no such element: Unable to locate element: {\"method\":\"css selector\",\"selector\":\"#kondisiBaik .el-input__inner\"}\n     (Session info: chrome=112.0.5615.49)\n   Stacktrace:\n   0   chromedriver                        0x0000000100534ae8 chromedriver + 4958952\n   1   chromedriver                        0x000000010052c7b3 chromedriver + 4925363\n   2   chromedriver                        0x00000001000ee1d6 chromedriver + 475606\n   3   chromedriver                        0x0000000100131a20 chromedriver + 752160\n   4   chromedriver                        0x0000000100131c81 chromedriver + 752769\n   5   chromedriver                        0x0000000100175f64 chromedriver + 1032036\n   6   chromedriver                        0x0000000100157c3d chromedriver + 908349\n   7   chromedriver                        0x000000010017325b chromedriver + 1020507\n   8   chromedriver                        0x00000001001579e3 chromedriver + 907747\n   9   chromedriver                        0x0000000100121aef chromedriver + 686831\n   10  chromedriver                        0x000000010012300e chromedriver + 692238\n   11  chromedriver                        0x00000001004f09ad chromedriver + 4680109\n   12  chromedriver                        0x00000001004f5c12 chromedriver + 4701202\n   13  chromedriver                        0x00000001004fc79f chromedriver + 4728735\n   14  chromedriver                        0x00000001004f6b7a chromedriver + 4705146\n   15  chromedriver                        0x00000001004c927e chromedriver + 4518526\n   16  chromedriver                        0x0000000100516908 chromedriver + 4835592\n   17  chromedriver                        0x0000000100516a87 chromedriver + 4835975\n   18  chromedriver                        0x000000010052600f chromedriver + 4898831\n   19  libsystem_pthread.dylib             0x00007ff80554f1d3 _pthread_start + 125\n   20  libsystem_pthread.dylib             0x00007ff80554abd3 thread_start + 15\n       assert False\n", "test_name": "test_5_InputKondisi", "rerun": "0"}, "6": {"status": "FAIL", "message": "   selenium.common.exceptions.NoSuchElementException: Message: no such element: Unable to locate element: {\"method\":\"css selector\",\"selector\":\"[id=\"keterangan\"]\"}\n     (Session info: chrome=112.0.5615.49)\n   Stacktrace:\n   0   chromedriver                        0x0000000100534ae8 chromedriver + 4958952\n   1   chromedriver                        0x000000010052c7b3 chromedriver + 4925363\n   2   chromedriver                        0x00000001000ee1d6 chromedriver + 475606\n   3   chromedriver                        0x0000000100131a20 chromedriver + 752160\n   4   chromedriver                        0x0000000100131c81 chromedriver + 752769\n   5   chromedriver                        0x0000000100175f64 chromedriver + 1032036\n   6   chromedriver                        0x0000000100157c3d chromedriver + 908349\n   7   chromedriver                        0x000000010017325b chromedriver + 1020507\n   8   chromedriver                        0x00000001001579e3 chromedriver + 907747\n   9   chromedriver                        0x0000000100121aef chromedriver + 686831\n   10  chromedriver                        0x000000010012300e chromedriver + 692238\n   11  chromedriver                        0x00000001004f09ad chromedriver + 4680109\n   12  chromedriver                        0x00000001004f5c12 chromedriver + 4701202\n   13  chromedriver                        0x00000001004fc79f chromedriver + 4728735\n   14  chromedriver                        0x00000001004f6b7a chromedriver + 4705146\n   15  chromedriver                        0x00000001004c927e chromedriver + 4518526\n   16  chromedriver                        0x0000000100516908 chromedriver + 4835592\n   17  chromedriver                        0x0000000100516a87 chromedriver + 4835975\n   18  chromedriver                        0x000000010052600f chromedriver + 4898831\n   19  libsystem_pthread.dylib             0x00007ff80554f1d3 _pthread_start + 125\n   20  libsystem_pthread.dylib             0x00007ff80554abd3 thread_start + 15\n       assert False\n", "test_name": "test_6_InputKeterangan", "rerun": "0"}, "7": {"status": "FAIL", "message": "   selenium.common.exceptions.NoSuchElementException: Message: no such element: Unable to locate element: {\"method\":\"css selector\",\"selector\":\"#submitButton > span\"}\n     (Session info: chrome=112.0.5615.49)\n   Stacktrace:\n   0   chromedriver                        0x0000000100534ae8 chromedriver + 4958952\n   1   chromedriver                        0x000000010052c7b3 chromedriver + 4925363\n   2   chromedriver                        0x00000001000ee1d6 chromedriver + 475606\n   3   chromedriver                        0x0000000100131a20 chromedriver + 752160\n   4   chromedriver                        0x0000000100131c81 chromedriver + 752769\n   5   chromedriver                        0x0000000100175f64 chromedriver + 1032036\n   6   chromedriver                        0x0000000100157c3d chromedriver + 908349\n   7   chromedriver                        0x000000010017325b chromedriver + 1020507\n   8   chromedriver                        0x00000001001579e3 chromedriver + 907747\n   9   chromedriver                        0x0000000100121aef chromedriver + 686831\n   10  chromedriver                        0x000000010012300e chromedriver + 692238\n   11  chromedriver                        0x00000001004f09ad chromedriver + 4680109\n   12  chromedriver                        0x00000001004f5c12 chromedriver + 4701202\n   13  chromedriver                        0x00000001004fc79f chromedriver + 4728735\n   14  chromedriver                        0x00000001004f6b7a chromedriver + 4705146\n   15  chromedriver                        0x00000001004c927e chromedriver + 4518526\n   16  chromedriver                        0x0000000100516908 chromedriver + 4835592\n   17  chromedriver                        0x0000000100516a87 chromedriver + 4835975\n   18  chromedriver                        0x000000010052600f chromedriver + 4898831\n   19  libsystem_pthread.dylib             0x00007ff80554f1d3 _pthread_start + 125\n   20  libsystem_pthread.dylib             0x00007ff80554abd3 thread_start + 15\n       assert False\n", "test_name": "test_7_ButtonSubmit", "rerun": "0"}, "8": {"status": "FAIL", "message": "           KeyboardInterrupt\n           ConnectionRefusedError: [Errno 61] Connection refused\n       urllib3.exceptions.NewConnectionError: <urllib3.connection.HTTPConnection object at 0x13043b8e0>: Failed to establish a new connection: [Errno 61] Connection refused\n       urllib3.exceptions.MaxRetryError: HTTPConnectionPool(host='localhost', port=49923): Max retries exceeded with url: /session/413230b712e54f93e04323df4811df1f/screenshot (Caused by NewConnectionError('<urllib3.connection.HTTPConnection object at 0x13043b8e0>: Failed to establish a new connection: [Errno 61] Connection refused'))\n", "test_name": "test_8_TambahUsulan", "rerun": "0"}, "9": {"status": "FAIL", "message": "           ConnectionRefusedError: [Errno 61] Connection refused\n       urllib3.exceptions.NewConnectionError: <urllib3.connection.HTTPConnection object at 0x13e8ad2b0>: Failed to establish a new connection: [Errno 61] Connection refused\n       urllib3.exceptions.MaxRetryError: HTTPConnectionPool(host='localhost', port=49923): Max retries exceeded with url: /session/413230b712e54f93e04323df4811df1f/timeouts (Caused by NewConnectionError('<urllib3.connection.HTTPConnection object at 0x13e8ad2b0>: Failed to establish a new connection: [Errno 61] Connection refused'))\n", "test_name": "test_9_InputJumlah", "rerun": "0"}, "10": {"status": "FAIL", "message": "           ConnectionRefusedError: [Errno 61] Connection refused\n       urllib3.exceptions.NewConnectionError: <urllib3.connection.HTTPConnection object at 0x13e9fb220>: Failed to establish a new connection: [Errno 61] Connection refused\n       urllib3.exceptions.MaxRetryError: HTTPConnectionPool(host='localhost', port=49923): Max retries exceeded with url: /session/413230b712e54f93e04323df4811df1f/timeouts (Caused by NewConnectionError('<urllib3.connection.HTTPConnection object at 0x13e9fb220>: Failed to establish a new connection: [Errno 61] Connection refused'))\n", "test_name": "test_10_ClickButtonSUbmit", "rerun": "0"}, "11": {"status": "PASS", "message": "", "test_name": "test_11_SetupOS", "rerun": "0"}, "12": {"status": "PASS", "message": "", "test_name": "test_12_LoginSpv", "rerun": "0"}, "13": {"status": "PASS", "message": "", "test_name": "test_13_AksesMenuSpv", "rerun": "0"}, "14": {"status": "FAIL", "message": "   AttributeError: 'NoneType' object has no attribute 'is_displayed'\n   selenium.common.exceptions.NoSuchWindowException: Message: no such window: target window already closed\n   from unknown error: web view not found\n     (Session info: chrome=112.0.5615.49)\n   Stacktrace:\n   0   chromedriver                        0x000000010532fae8 chromedriver + 4958952\n   1   chromedriver                        0x00000001053277b3 chromedriver + 4925363\n   2   chromedriver                        0x0000000104ee91d6 chromedriver + 475606\n   3   chromedriver                        0x0000000104ebecec chromedriver + 302316\n   4   chromedriver                        0x0000000104f57f2f chromedriver + 929583\n   5   chromedriver                        0x0000000104f6d926 chromedriver + 1018150\n   6   chromedriver                        0x0000000104f529e3 chromedriver + 907747\n   7   chromedriver                        0x0000000104f1caef chromedriver + 686831\n   8   chromedriver                        0x0000000104f1e00e chromedriver + 692238\n   9   chromedriver                        0x00000001052eb9ad chromedriver + 4680109\n   10  chromedriver                        0x00000001052f0c12 chromedriver + 4701202\n   11  chromedriver                        0x00000001052f779f chromedriver + 4728735\n   12  chromedriver                        0x00000001052f1b7a chromedriver + 4705146\n   13  chromedriver                        0x00000001052c427e chromedriver + 4518526\n   14  chromedriver                        0x0000000105311908 chromedriver + 4835592\n   15  chromedriver                        0x0000000105311a87 chromedriver + 4835975\n   16  chromedriver                        0x000000010532100f chromedriver + 4898831\n   17  libsystem_pthread.dylib             0x00007ff80554f1d3 _pthread_start + 125\n   18  libsystem_pthread.dylib             0x00007ff80554abd3 thread_start + 15\n", "test_name": "test_14_KirimLaporanSpv", "rerun": "0"}, "15": {"status": "FAIL", "message": "   selenium.common.exceptions.NoSuchWindowException: Message: no such window: target window already closed\n   from unknown error: web view not found\n     (Session info: chrome=112.0.5615.49)\n   Stacktrace:\n   0   chromedriver                        0x00000001026e7ae8 chromedriver + 4958952\n   1   chromedriver                        0x00000001026df7b3 chromedriver + 4925363\n   2   chromedriver                        0x00000001022a11d6 chromedriver + 475606\n   3   chromedriver                        0x0000000102276cec chromedriver + 302316\n   4   chromedriver                        0x000000010230ff2f chromedriver + 929583\n   5   chromedriver                        0x0000000102325926 chromedriver + 1018150\n   6   chromedriver                        0x000000010230a9e3 chromedriver + 907747\n   7   chromedriver                        0x00000001022d4aef chromedriver + 686831\n   8   chromedriver                        0x00000001022d600e chromedriver + 692238\n   9   chromedriver                        0x00000001026a39ad chromedriver + 4680109\n   10  chromedriver                        0x00000001026a8c12 chromedriver + 4701202\n   11  chromedriver                        0x00000001026af79f chromedriver + 4728735\n   12  chromedriver                        0x00000001026a9b7a chromedriver + 4705146\n   13  chromedriver                        0x000000010267c27e chromedriver + 4518526\n   14  chromedriver                        0x00000001026c9908 chromedriver + 4835592\n   15  chromedriver                        0x00000001026c9a87 chromedriver + 4835975\n   16  chromedriver                        0x00000001026d900f chromedriver + 4898831\n   17  libsystem_pthread.dylib             0x00007ff80554f1d3 _pthread_start + 125\n   18  libsystem_pthread.dylib             0x00007ff80554abd3 thread_start + 15\n", "test_name": "test_15_loginKanwil", "rerun": "0"}, "16": {"status": "FAIL", "message": "   selenium.common.exceptions.NoSuchWindowException: Message: no such window: target window already closed\n   from unknown error: web view not found\n     (Session info: chrome=112.0.5615.49)\n   Stacktrace:\n   0   chromedriver                        0x000000010532fae8 chromedriver + 4958952\n   1   chromedriver                        0x00000001053277b3 chromedriver + 4925363\n   2   chromedriver                        0x0000000104ee91d6 chromedriver + 475606\n   3   chromedriver                        0x0000000104ebecec chromedriver + 302316\n   4   chromedriver                        0x0000000104f57f2f chromedriver + 929583\n   5   chromedriver                        0x0000000104f6d926 chromedriver + 1018150\n   6   chromedriver                        0x0000000104f529e3 chromedriver + 907747\n   7   chromedriver                        0x0000000104f1caef chromedriver + 686831\n   8   chromedriver                        0x0000000104f1e00e chromedriver + 692238\n   9   chromedriver                        0x00000001052eb9ad chromedriver + 4680109\n   10  chromedriver                        0x00000001052f0c12 chromedriver + 4701202\n   11  chromedriver                        0x00000001052f779f chromedriver + 4728735\n   12  chromedriver                        0x00000001052f1b7a chromedriver + 4705146\n   13  chromedriver                        0x00000001052c427e chromedriver + 4518526\n   14  chromedriver                        0x0000000105311908 chromedriver + 4835592\n   15  chromedriver                        0x0000000105311a87 chromedriver + 4835975\n   16  chromedriver                        0x000000010532100f chromedriver + 4898831\n   17  libsystem_pthread.dylib             0x00007ff80554f1d3 _pthread_start + 125\n   18  libsystem_pthread.dylib             0x00007ff80554abd3 thread_start + 15\n", "test_name": "test_16_AksesMenuSpv", "rerun": "0"}, "17": {"status": "FAIL", "message": "   selenium.common.exceptions.NoSuchWindowException: Message: no such window: target window already closed\n   from unknown error: web view not found\n     (Session info: chrome=112.0.5615.49)\n   Stacktrace:\n   0   chromedriver                        0x000000010532fae8 chromedriver + 4958952\n   1   chromedriver                        0x00000001053277b3 chromedriver + 4925363\n   2   chromedriver                        0x0000000104ee91d6 chromedriver + 475606\n   3   chromedriver                        0x0000000104ebecec chromedriver + 302316\n   4   chromedriver                        0x0000000104f57f2f chromedriver + 929583\n   5   chromedriver                        0x0000000104f6d926 chromedriver + 1018150\n   6   chromedriver                        0x0000000104f529e3 chromedriver + 907747\n   7   chromedriver                        0x0000000104f1caef chromedriver + 686831\n   8   chromedriver                        0x0000000104f1e00e chromedriver + 692238\n   9   chromedriver                        0x00000001052eb9ad chromedriver + 4680109\n   10  chromedriver                        0x00000001052f0c12 chromedriver + 4701202\n   11  chromedriver                        0x00000001052f779f chromedriver + 4728735\n   12  chromedriver                        0x00000001052f1b7a chromedriver + 4705146\n   13  chromedriver                        0x00000001052c427e chromedriver + 4518526\n   14  chromedriver                        0x0000000105311908 chromedriver + 4835592\n   15  chromedriver                        0x0000000105311a87 chromedriver + 4835975\n   16  chromedriver                        0x000000010532100f chromedriver + 4898831\n   17  libsystem_pthread.dylib             0x00007ff80554f1d3 _pthread_start + 125\n   18  libsystem_pthread.dylib             0x00007ff80554abd3 thread_start + 15\n   selenium.common.exceptions.NoSuchWindowException: Message: no such window: target window already closed\n   from unknown error: web view not found\n     (Session info: chrome=112.0.5615.49)\n   Stacktrace:\n   0   chromedriver                        0x000000010532fae8 chromedriver + 4958952\n   1   chromedriver                        0x00000001053277b3 chromedriver + 4925363\n   2   chromedriver                        0x0000000104ee91d6 chromedriver + 475606\n   3   chromedriver                        0x0000000104ebecec chromedriver + 302316\n   4   chromedriver                        0x0000000104f57f2f chromedriver + 929583\n   5   chromedriver                        0x0000000104f6d926 chromedriver + 1018150\n   6   chromedriver                        0x0000000104f529e3 chromedriver + 907747\n   7   chromedriver                        0x0000000104f1caef chromedriver + 686831\n   8   chromedriver                        0x0000000104f1e00e chromedriver + 692238\n   9   chromedriver                        0x00000001052eb9ad chromedriver + 4680109\n   10  chromedriver                        0x00000001052f0c12 chromedriver + 4701202\n   11  chromedriver                        0x00000001052f779f chromedriver + 4728735\n   12  chromedriver                        0x00000001052f1b7a chromedriver + 4705146\n   13  chromedriver                        0x00000001052c427e chromedriver + 4518526\n   14  chromedriver                        0x0000000105311908 chromedriver + 4835592\n   15  chromedriver                        0x0000000105311a87 chromedriver + 4835975\n   16  chromedriver                        0x000000010532100f chromedriver + 4898831\n   17  libsystem_pthread.dylib             0x00007ff80554f1d3 _pthread_start + 125\n   18  libsystem_pthread.dylib             0x00007ff80554abd3 thread_start + 15\n", "test_name": "test_17_VerifikasiLaporanKanwil", "rerun": "0"}, "18": {"status": "FAIL", "message": "   selenium.common.exceptions.NoSuchWindowException: Message: no such window: target window already closed\n   from unknown error: web view not found\n     (Session info: chrome=112.0.5615.49)\n   Stacktrace:\n   0   chromedriver                        0x000000010532fae8 chromedriver + 4958952\n   1   chromedriver                        0x00000001053277b3 chromedriver + 4925363\n   2   chromedriver                        0x0000000104ee91d6 chromedriver + 475606\n   3   chromedriver                        0x0000000104ebecec chromedriver + 302316\n   4   chromedriver                        0x0000000104f57f2f chromedriver + 929583\n   5   chromedriver                        0x0000000104f6d926 chromedriver + 1018150\n   6   chromedriver                        0x0000000104f529e3 chromedriver + 907747\n   7   chromedriver                        0x0000000104f1caef chromedriver + 686831\n   8   chromedriver                        0x0000000104f1e00e chromedriver + 692238\n   9   chromedriver                        0x00000001052eb9ad chromedriver + 4680109\n   10  chromedriver                        0x00000001052f0c12 chromedriver + 4701202\n   11  chromedriver                        0x00000001052f779f chromedriver + 4728735\n   12  chromedriver                        0x00000001052f1b7a chromedriver + 4705146\n   13  chromedriver                        0x00000001052c427e chromedriver + 4518526\n   14  chromedriver                        0x0000000105311908 chromedriver + 4835592\n   15  chromedriver                        0x0000000105311a87 chromedriver + 4835975\n   16  chromedriver                        0x000000010532100f chromedriver + 4898831\n   17  libsystem_pthread.dylib             0x00007ff80554f1d3 _pthread_start + 125\n   18  libsystem_pthread.dylib             0x00007ff80554abd3 thread_start + 15\n   selenium.common.exceptions.NoSuchWindowException: Message: no such window: target window already closed\n   from unknown error: web view not found\n     (Session info: chrome=112.0.5615.49)\n   Stacktrace:\n   0   chromedriver                        0x000000010532fae8 chromedriver + 4958952\n   1   chromedriver                        0x00000001053277b3 chromedriver + 4925363\n   2   chromedriver                        0x0000000104ee91d6 chromedriver + 475606\n   3   chromedriver                        0x0000000104ebecec chromedriver + 302316\n   4   chromedriver                        0x0000000104f57f2f chromedriver + 929583\n   5   chromedriver                        0x0000000104f6d926 chromedriver + 1018150\n   6   chromedriver                        0x0000000104f529e3 chromedriver + 907747\n   7   chromedriver                        0x0000000104f1caef chromedriver + 686831\n   8   chromedriver                        0x0000000104f1e00e chromedriver + 692238\n   9   chromedriver                        0x00000001052eb9ad chromedriver + 4680109\n   10  chromedriver                        0x00000001052f0c12 chromedriver + 4701202\n   11  chromedriver                        0x00000001052f779f chromedriver + 4728735\n   12  chromedriver                        0x00000001052f1b7a chromedriver + 4705146\n   13  chromedriver                        0x00000001052c427e chromedriver + 4518526\n   14  chromedriver                        0x0000000105311908 chromedriver + 4835592\n   15  chromedriver                        0x0000000105311a87 chromedriver + 4835975\n   16  chromedriver                        0x000000010532100f chromedriver + 4898831\n   17  libsystem_pthread.dylib             0x00007ff80554f1d3 _pthread_start + 125\n   18  libsystem_pthread.dylib             0x00007ff80554abd3 thread_start + 15\n", "test_name": "test_18_ClickButtonSearch", "rerun": "0"}, "19": {"status": "FAIL", "message": "   selenium.common.exceptions.NoSuchWindowException: Message: no such window: target window already closed\n   from unknown error: web view not found\n     (Session info: chrome=112.0.5615.49)\n   Stacktrace:\n   0   chromedriver                        0x000000010532fae8 chromedriver + 4958952\n   1   chromedriver                        0x00000001053277b3 chromedriver + 4925363\n   2   chromedriver                        0x0000000104ee91d6 chromedriver + 475606\n   3   chromedriver                        0x0000000104ebecec chromedriver + 302316\n   4   chromedriver                        0x0000000104f57f2f chromedriver + 929583\n   5   chromedriver                        0x0000000104f6d926 chromedriver + 1018150\n   6   chromedriver                        0x0000000104f529e3 chromedriver + 907747\n   7   chromedriver                        0x0000000104f1caef chromedriver + 686831\n   8   chromedriver                        0x0000000104f1e00e chromedriver + 692238\n   9   chromedriver                        0x00000001052eb9ad chromedriver + 4680109\n   10  chromedriver                        0x00000001052f0c12 chromedriver + 4701202\n   11  chromedriver                        0x00000001052f779f chromedriver + 4728735\n   12  chromedriver                        0x00000001052f1b7a chromedriver + 4705146\n   13  chromedriver                        0x00000001052c427e chromedriver + 4518526\n   14  chromedriver                        0x0000000105311908 chromedriver + 4835592\n   15  chromedriver                        0x0000000105311a87 chromedriver + 4835975\n   16  chromedriver                        0x000000010532100f chromedriver + 4898831\n   17  libsystem_pthread.dylib             0x00007ff80554f1d3 _pthread_start + 125\n   18  libsystem_pthread.dylib             0x00007ff80554abd3 thread_start + 15\n   selenium.common.exceptions.NoSuchWindowException: Message: no such window: target window already closed\n   from unknown error: web view not found\n     (Session info: chrome=112.0.5615.49)\n   Stacktrace:\n   0   chromedriver                        0x000000010532fae8 chromedriver + 4958952\n   1   chromedriver                        0x00000001053277b3 chromedriver + 4925363\n   2   chromedriver                        0x0000000104ee91d6 chromedriver + 475606\n   3   chromedriver                        0x0000000104ebecec chromedriver + 302316\n   4   chromedriver                        0x0000000104f57f2f chromedriver + 929583\n   5   chromedriver                        0x0000000104f6d926 chromedriver + 1018150\n   6   chromedriver                        0x0000000104f529e3 chromedriver + 907747\n   7   chromedriver                        0x0000000104f1caef chromedriver + 686831\n   8   chromedriver                        0x0000000104f1e00e chromedriver + 692238\n   9   chromedriver                        0x00000001052eb9ad chromedriver + 4680109\n   10  chromedriver                        0x00000001052f0c12 chromedriver + 4701202\n   11  chromedriver                        0x00000001052f779f chromedriver + 4728735\n   12  chromedriver                        0x00000001052f1b7a chromedriver + 4705146\n   13  chromedriver                        0x00000001052c427e chromedriver + 4518526\n   14  chromedriver                        0x0000000105311908 chromedriver + 4835592\n   15  chromedriver                        0x0000000105311a87 chromedriver + 4835975\n   16  chromedriver                        0x000000010532100f chromedriver + 4898831\n   17  libsystem_pthread.dylib             0x00007ff80554f1d3 _pthread_start + 125\n   18  libsystem_pthread.dylib             0x00007ff80554abd3 thread_start + 15\n", "test_name": "test_19_ClickButtonVerifikasi", "rerun": "0"}, "20": {"status": "FAIL", "message": "   selenium.common.exceptions.NoSuchWindowException: Message: no such window: target window already closed\n   from unknown error: web view not found\n     (Session info: chrome=112.0.5615.49)\n   Stacktrace:\n   0   chromedriver                        0x000000010532fae8 chromedriver + 4958952\n   1   chromedriver                        0x00000001053277b3 chromedriver + 4925363\n   2   chromedriver                        0x0000000104ee91d6 chromedriver + 475606\n   3   chromedriver                        0x0000000104ebecec chromedriver + 302316\n   4   chromedriver                        0x0000000104f57f2f chromedriver + 929583\n   5   chromedriver                        0x0000000104f6d926 chromedriver + 1018150\n   6   chromedriver                        0x0000000104f529e3 chromedriver + 907747\n   7   chromedriver                        0x0000000104f1caef chromedriver + 686831\n   8   chromedriver                        0x0000000104f1e00e chromedriver + 692238\n   9   chromedriver                        0x00000001052eb9ad chromedriver + 4680109\n   10  chromedriver                        0x00000001052f0c12 chromedriver + 4701202\n   11  chromedriver                        0x00000001052f779f chromedriver + 4728735\n   12  chromedriver                        0x00000001052f1b7a chromedriver + 4705146\n   13  chromedriver                        0x00000001052c427e chromedriver + 4518526\n   14  chromedriver                        0x0000000105311908 chromedriver + 4835592\n   15  chromedriver                        0x0000000105311a87 chromedriver + 4835975\n   16  chromedriver                        0x000000010532100f chromedriver + 4898831\n   17  libsystem_pthread.dylib             0x00007ff80554f1d3 _pthread_start + 125\n   18  libsystem_pthread.dylib             0x00007ff80554abd3 thread_start + 15\n   selenium.common.exceptions.NoSuchWindowException: Message: no such window: target window already closed\n   from unknown error: web view not found\n     (Session info: chrome=112.0.5615.49)\n   Stacktrace:\n   0   chromedriver                        0x000000010532fae8 chromedriver + 4958952\n   1   chromedriver                        0x00000001053277b3 chromedriver + 4925363\n   2   chromedriver                        0x0000000104ee91d6 chromedriver + 475606\n   3   chromedriver                        0x0000000104ebecec chromedriver + 302316\n   4   chromedriver                        0x0000000104f57f2f chromedriver + 929583\n   5   chromedriver                        0x0000000104f6d926 chromedriver + 1018150\n   6   chromedriver                        0x0000000104f529e3 chromedriver + 907747\n   7   chromedriver                        0x0000000104f1caef chromedriver + 686831\n   8   chromedriver                        0x0000000104f1e00e chromedriver + 692238\n   9   chromedriver                        0x00000001052eb9ad chromedriver + 4680109\n   10  chromedriver                        0x00000001052f0c12 chromedriver + 4701202\n   11  chromedriver                        0x00000001052f779f chromedriver + 4728735\n   12  chromedriver                        0x00000001052f1b7a chromedriver + 4705146\n   13  chromedriver                        0x00000001052c427e chromedriver + 4518526\n   14  chromedriver                        0x0000000105311908 chromedriver + 4835592\n   15  chromedriver                        0x0000000105311a87 chromedriver + 4835975\n   16  chromedriver                        0x000000010532100f chromedriver + 4898831\n   17  libsystem_pthread.dylib             0x00007ff80554f1d3 _pthread_start + 125\n   18  libsystem_pthread.dylib             0x00007ff80554abd3 thread_start + 15\n", "test_name": "test_20_StatusVerifikasiModal", "rerun": "0"}, "21": {"status": "FAIL", "message": "   selenium.common.exceptions.NoSuchWindowException: Message: no such window: target window already closed\n   from unknown error: web view not found\n     (Session info: chrome=112.0.5615.49)\n   Stacktrace:\n   0   chromedriver                        0x000000010532fae8 chromedriver + 4958952\n   1   chromedriver                        0x00000001053277b3 chromedriver + 4925363\n   2   chromedriver                        0x0000000104ee91d6 chromedriver + 475606\n   3   chromedriver                        0x0000000104ebecec chromedriver + 302316\n   4   chromedriver                        0x0000000104f57f2f chromedriver + 929583\n   5   chromedriver                        0x0000000104f6d926 chromedriver + 1018150\n   6   chromedriver                        0x0000000104f529e3 chromedriver + 907747\n   7   chromedriver                        0x0000000104f1caef chromedriver + 686831\n   8   chromedriver                        0x0000000104f1e00e chromedriver + 692238\n   9   chromedriver                        0x00000001052eb9ad chromedriver + 4680109\n   10  chromedriver                        0x00000001052f0c12 chromedriver + 4701202\n   11  chromedriver                        0x00000001052f779f chromedriver + 4728735\n   12  chromedriver                        0x00000001052f1b7a chromedriver + 4705146\n   13  chromedriver                        0x00000001052c427e chromedriver + 4518526\n   14  chromedriver                        0x0000000105311908 chromedriver + 4835592\n   15  chromedriver                        0x0000000105311a87 chromedriver + 4835975\n   16  chromedriver                        0x000000010532100f chromedriver + 4898831\n   17  libsystem_pthread.dylib             0x00007ff80554f1d3 _pthread_start + 125\n   18  libsystem_pthread.dylib             0x00007ff80554abd3 thread_start + 15\n   selenium.common.exceptions.NoSuchWindowException: Message: no such window: target window already closed\n   from unknown error: web view not found\n     (Session info: chrome=112.0.5615.49)\n   Stacktrace:\n   0   chromedriver                        0x000000010532fae8 chromedriver + 4958952\n   1   chromedriver                        0x00000001053277b3 chromedriver + 4925363\n   2   chromedriver                        0x0000000104ee91d6 chromedriver + 475606\n   3   chromedriver                        0x0000000104ebecec chromedriver + 302316\n   4   chromedriver                        0x0000000104f57f2f chromedriver + 929583\n   5   chromedriver                        0x0000000104f6d926 chromedriver + 1018150\n   6   chromedriver                        0x0000000104f529e3 chromedriver + 907747\n   7   chromedriver                        0x0000000104f1caef chromedriver + 686831\n   8   chromedriver                        0x0000000104f1e00e chromedriver + 692238\n   9   chromedriver                        0x00000001052eb9ad chromedriver + 4680109\n   10  chromedriver                        0x00000001052f0c12 chromedriver + 4701202\n   11  chromedriver                        0x00000001052f779f chromedriver + 4728735\n   12  chromedriver                        0x00000001052f1b7a chromedriver + 4705146\n   13  chromedriver                        0x00000001052c427e chromedriver + 4518526\n   14  chromedriver                        0x0000000105311908 chromedriver + 4835592\n   15  chromedriver                        0x0000000105311a87 chromedriver + 4835975\n   16  chromedriver                        0x000000010532100f chromedriver + 4898831\n   17  libsystem_pthread.dylib             0x00007ff80554f1d3 _pthread_start + 125\n   18  libsystem_pthread.dylib             0x00007ff80554abd3 thread_start + 15\n", "test_name": "test_21_UbahStatus", "rerun": "0"}, "22": {"status": "FAIL", "message": "   selenium.common.exceptions.NoSuchWindowException: Message: no such window: target window already closed\n   from unknown error: web view not found\n     (Session info: chrome=112.0.5615.49)\n   Stacktrace:\n   0   chromedriver                        0x000000010532fae8 chromedriver + 4958952\n   1   chromedriver                        0x00000001053277b3 chromedriver + 4925363\n   2   chromedriver                        0x0000000104ee91d6 chromedriver + 475606\n   3   chromedriver                        0x0000000104ebecec chromedriver + 302316\n   4   chromedriver                        0x0000000104f57f2f chromedriver + 929583\n   5   chromedriver                        0x0000000104f6d926 chromedriver + 1018150\n   6   chromedriver                        0x0000000104f529e3 chromedriver + 907747\n   7   chromedriver                        0x0000000104f1caef chromedriver + 686831\n   8   chromedriver                        0x0000000104f1e00e chromedriver + 692238\n   9   chromedriver                        0x00000001052eb9ad chromedriver + 4680109\n   10  chromedriver                        0x00000001052f0c12 chromedriver + 4701202\n   11  chromedriver                        0x00000001052f779f chromedriver + 4728735\n   12  chromedriver                        0x00000001052f1b7a chromedriver + 4705146\n   13  chromedriver                        0x00000001052c427e chromedriver + 4518526\n   14  chromedriver                        0x0000000105311908 chromedriver + 4835592\n   15  chromedriver                        0x0000000105311a87 chromedriver + 4835975\n   16  chromedriver                        0x000000010532100f chromedriver + 4898831\n   17  libsystem_pthread.dylib             0x00007ff80554f1d3 _pthread_start + 125\n   18  libsystem_pthread.dylib             0x00007ff80554abd3 thread_start + 15\n   selenium.common.exceptions.NoSuchWindowException: Message: no such window: target window already closed\n   from unknown error: web view not found\n     (Session info: chrome=112.0.5615.49)\n   Stacktrace:\n   0   chromedriver                        0x000000010532fae8 chromedriver + 4958952\n   1   chromedriver                        0x00000001053277b3 chromedriver + 4925363\n   2   chromedriver                        0x0000000104ee91d6 chromedriver + 475606\n   3   chromedriver                        0x0000000104ebecec chromedriver + 302316\n   4   chromedriver                        0x0000000104f57f2f chromedriver + 929583\n   5   chromedriver                        0x0000000104f6d926 chromedriver + 1018150\n   6   chromedriver                        0x0000000104f529e3 chromedriver + 907747\n   7   chromedriver                        0x0000000104f1caef chromedriver + 686831\n   8   chromedriver                        0x0000000104f1e00e chromedriver + 692238\n   9   chromedriver                        0x00000001052eb9ad chromedriver + 4680109\n   10  chromedriver                        0x00000001052f0c12 chromedriver + 4701202\n   11  chromedriver                        0x00000001052f779f chromedriver + 4728735\n   12  chromedriver                        0x00000001052f1b7a chromedriver + 4705146\n   13  chromedriver                        0x00000001052c427e chromedriver + 4518526\n   14  chromedriver                        0x0000000105311908 chromedriver + 4835592\n   15  chromedriver                        0x0000000105311a87 chromedriver + 4835975\n   16  chromedriver                        0x000000010532100f chromedriver + 4898831\n   17  libsystem_pthread.dylib             0x00007ff80554f1d3 _pthread_start + 125\n   18  libsystem_pthread.dylib             0x00007ff80554abd3 thread_start + 15\n", "test_name": "test_22_Inputketerangan", "rerun": "0"}, "23": {"status": "FAIL", "message": "   selenium.common.exceptions.NoSuchWindowException: Message: no such window: target window already closed\n   from unknown error: web view not found\n     (Session info: chrome=112.0.5615.49)\n   Stacktrace:\n   0   chromedriver                        0x000000010532fae8 chromedriver + 4958952\n   1   chromedriver                        0x00000001053277b3 chromedriver + 4925363\n   2   chromedriver                        0x0000000104ee91d6 chromedriver + 475606\n   3   chromedriver                        0x0000000104ebecec chromedriver + 302316\n   4   chromedriver                        0x0000000104f57f2f chromedriver + 929583\n   5   chromedriver                        0x0000000104f6d926 chromedriver + 1018150\n   6   chromedriver                        0x0000000104f529e3 chromedriver + 907747\n   7   chromedriver                        0x0000000104f1caef chromedriver + 686831\n   8   chromedriver                        0x0000000104f1e00e chromedriver + 692238\n   9   chromedriver                        0x00000001052eb9ad chromedriver + 4680109\n   10  chromedriver                        0x00000001052f0c12 chromedriver + 4701202\n   11  chromedriver                        0x00000001052f779f chromedriver + 4728735\n   12  chromedriver                        0x00000001052f1b7a chromedriver + 4705146\n   13  chromedriver                        0x00000001052c427e chromedriver + 4518526\n   14  chromedriver                        0x0000000105311908 chromedriver + 4835592\n   15  chromedriver                        0x0000000105311a87 chromedriver + 4835975\n   16  chromedriver                        0x000000010532100f chromedriver + 4898831\n   17  libsystem_pthread.dylib             0x00007ff80554f1d3 _pthread_start + 125\n   18  libsystem_pthread.dylib             0x00007ff80554abd3 thread_start + 15\n   selenium.common.exceptions.NoSuchWindowException: Message: no such window: target window already closed\n   from unknown error: web view not found\n     (Session info: chrome=112.0.5615.49)\n   Stacktrace:\n   0   chromedriver                        0x000000010532fae8 chromedriver + 4958952\n   1   chromedriver                        0x00000001053277b3 chromedriver + 4925363\n   2   chromedriver                        0x0000000104ee91d6 chromedriver + 475606\n   3   chromedriver                        0x0000000104ebecec chromedriver + 302316\n   4   chromedriver                        0x0000000104f57f2f chromedriver + 929583\n   5   chromedriver                        0x0000000104f6d926 chromedriver + 1018150\n   6   chromedriver                        0x0000000104f529e3 chromedriver + 907747\n   7   chromedriver                        0x0000000104f1caef chromedriver + 686831\n   8   chromedriver                        0x0000000104f1e00e chromedriver + 692238\n   9   chromedriver                        0x00000001052eb9ad chromedriver + 4680109\n   10  chromedriver                        0x00000001052f0c12 chromedriver + 4701202\n   11  chromedriver                        0x00000001052f779f chromedriver + 4728735\n   12  chromedriver                        0x00000001052f1b7a chromedriver + 4705146\n   13  chromedriver                        0x00000001052c427e chromedriver + 4518526\n   14  chromedriver                        0x0000000105311908 chromedriver + 4835592\n   15  chromedriver                        0x0000000105311a87 chromedriver + 4835975\n   16  chromedriver                        0x000000010532100f chromedriver + 4898831\n   17  libsystem_pthread.dylib             0x00007ff80554f1d3 _pthread_start + 125\n   18  libsystem_pthread.dylib             0x00007ff80554abd3 thread_start + 15\n", "test_name": "test_23_SimpanVerifikasi", "rerun": "0"}, "24": {"status": "FAIL", "message": "   selenium.common.exceptions.NoSuchWindowException: Message: no such window: target window already closed\n   from unknown error: web view not found\n     (Session info: chrome=112.0.5615.49)\n   Stacktrace:\n   0   chromedriver                        0x0000000101292ae8 chromedriver + 4958952\n   1   chromedriver                        0x000000010128a7b3 chromedriver + 4925363\n   2   chromedriver                        0x0000000100e4c1d6 chromedriver + 475606\n   3   chromedriver                        0x0000000100e21cec chromedriver + 302316\n   4   chromedriver                        0x0000000100ebaf2f chromedriver + 929583\n   5   chromedriver                        0x0000000100ed0926 chromedriver + 1018150\n   6   chromedriver                        0x0000000100eb59e3 chromedriver + 907747\n   7   chromedriver                        0x0000000100e7faef chromedriver + 686831\n   8   chromedriver                        0x0000000100e8100e chromedriver + 692238\n   9   chromedriver                        0x000000010124e9ad chromedriver + 4680109\n   10  chromedriver                        0x0000000101253c12 chromedriver + 4701202\n   11  chromedriver                        0x000000010125a79f chromedriver + 4728735\n   12  chromedriver                        0x0000000101254b7a chromedriver + 4705146\n   13  chromedriver                        0x000000010122727e chromedriver + 4518526\n   14  chromedriver                        0x0000000101274908 chromedriver + 4835592\n   15  chromedriver                        0x0000000101274a87 chromedriver + 4835975\n   16  chromedriver                        0x000000010128400f chromedriver + 4898831\n   17  libsystem_pthread.dylib             0x00007ff80554f1d3 _pthread_start + 125\n   18  libsystem_pthread.dylib             0x00007ff80554abd3 thread_start + 15\n", "test_name": "test_24_loginPusat", "rerun": "0"}, "25": {"status": "FAIL", "message": "   selenium.common.exceptions.NoSuchWindowException: Message: no such window: target window already closed\n   from unknown error: web view not found\n     (Session info: chrome=112.0.5615.49)\n   Stacktrace:\n   0   chromedriver                        0x000000010532fae8 chromedriver + 4958952\n   1   chromedriver                        0x00000001053277b3 chromedriver + 4925363\n   2   chromedriver                        0x0000000104ee91d6 chromedriver + 475606\n   3   chromedriver                        0x0000000104ebecec chromedriver + 302316\n   4   chromedriver                        0x0000000104f57f2f chromedriver + 929583\n   5   chromedriver                        0x0000000104f6d926 chromedriver + 1018150\n   6   chromedriver                        0x0000000104f529e3 chromedriver + 907747\n   7   chromedriver                        0x0000000104f1caef chromedriver + 686831\n   8   chromedriver                        0x0000000104f1e00e chromedriver + 692238\n   9   chromedriver                        0x00000001052eb9ad chromedriver + 4680109\n   10  chromedriver                        0x00000001052f0c12 chromedriver + 4701202\n   11  chromedriver                        0x00000001052f779f chromedriver + 4728735\n   12  chromedriver                        0x00000001052f1b7a chromedriver + 4705146\n   13  chromedriver                        0x00000001052c427e chromedriver + 4518526\n   14  chromedriver                        0x0000000105311908 chromedriver + 4835592\n   15  chromedriver                        0x0000000105311a87 chromedriver + 4835975\n   16  chromedriver                        0x000000010532100f chromedriver + 4898831\n   17  libsystem_pthread.dylib             0x00007ff80554f1d3 _pthread_start + 125\n   18  libsystem_pthread.dylib             0x00007ff80554abd3 thread_start + 15\n", "test_name": "test_25_AksesMenuPusat", "rerun": "0"}, "26": {"status": "FAIL", "message": "   selenium.common.exceptions.NoSuchWindowException: Message: no such window: target window already closed\n   from unknown error: web view not found\n     (Session info: chrome=112.0.5615.49)\n   Stacktrace:\n   0   chromedriver                        0x000000010532fae8 chromedriver + 4958952\n   1   chromedriver                        0x00000001053277b3 chromedriver + 4925363\n   2   chromedriver                        0x0000000104ee91d6 chromedriver + 475606\n   3   chromedriver                        0x0000000104ebecec chromedriver + 302316\n   4   chromedriver                        0x0000000104f57f2f chromedriver + 929583\n   5   chromedriver                        0x0000000104f6d926 chromedriver + 1018150\n   6   chromedriver                        0x0000000104f529e3 chromedriver + 907747\n   7   chromedriver                        0x0000000104f1caef chromedriver + 686831\n   8   chromedriver                        0x0000000104f1e00e chromedriver + 692238\n   9   chromedriver                        0x00000001052eb9ad chromedriver + 4680109\n   10  chromedriver                        0x00000001052f0c12 chromedriver + 4701202\n   11  chromedriver                        0x00000001052f779f chromedriver + 4728735\n   12  chromedriver                        0x00000001052f1b7a chromedriver + 4705146\n   13  chromedriver                        0x00000001052c427e chromedriver + 4518526\n   14  chromedriver                        0x0000000105311908 chromedriver + 4835592\n   15  chromedriver                        0x0000000105311a87 chromedriver + 4835975\n   16  chromedriver                        0x000000010532100f chromedriver + 4898831\n   17  libsystem_pthread.dylib             0x00007ff80554f1d3 _pthread_start + 125\n   18  libsystem_pthread.dylib             0x00007ff80554abd3 thread_start + 15\n   selenium.common.exceptions.NoSuchWindowException: Message: no such window: target window already closed\n   from unknown error: web view not found\n     (Session info: chrome=112.0.5615.49)\n   Stacktrace:\n   0   chromedriver                        0x000000010532fae8 chromedriver + 4958952\n   1   chromedriver                        0x00000001053277b3 chromedriver + 4925363\n   2   chromedriver                        0x0000000104ee91d6 chromedriver + 475606\n   3   chromedriver                        0x0000000104ebecec chromedriver + 302316\n   4   chromedriver                        0x0000000104f57f2f chromedriver + 929583\n   5   chromedriver                        0x0000000104f6d926 chromedriver + 1018150\n   6   chromedriver                        0x0000000104f529e3 chromedriver + 907747\n   7   chromedriver                        0x0000000104f1caef chromedriver + 686831\n   8   chromedriver                        0x0000000104f1e00e chromedriver + 692238\n   9   chromedriver                        0x00000001052eb9ad chromedriver + 4680109\n   10  chromedriver                        0x00000001052f0c12 chromedriver + 4701202\n   11  chromedriver                        0x00000001052f779f chromedriver + 4728735\n   12  chromedriver                        0x00000001052f1b7a chromedriver + 4705146\n   13  chromedriver                        0x00000001052c427e chromedriver + 4518526\n   14  chromedriver                        0x0000000105311908 chromedriver + 4835592\n   15  chromedriver                        0x0000000105311a87 chromedriver + 4835975\n   16  chromedriver                        0x000000010532100f chromedriver + 4898831\n   17  libsystem_pthread.dylib             0x00007ff80554f1d3 _pthread_start + 125\n   18  libsystem_pthread.dylib             0x00007ff80554abd3 thread_start + 15\n", "test_name": "test_26_PilihKanwil", "rerun": "0"}, "27": {"status": "FAIL", "message": "   selenium.common.exceptions.NoSuchWindowException: Message: no such window: target window already closed\n   from unknown error: web view not found\n     (Session info: chrome=112.0.5615.49)\n   Stacktrace:\n   0   chromedriver                        0x000000010532fae8 chromedriver + 4958952\n   1   chromedriver                        0x00000001053277b3 chromedriver + 4925363\n   2   chromedriver                        0x0000000104ee91d6 chromedriver + 475606\n   3   chromedriver                        0x0000000104ebecec chromedriver + 302316\n   4   chromedriver                        0x0000000104f57f2f chromedriver + 929583\n   5   chromedriver                        0x0000000104f6d926 chromedriver + 1018150\n   6   chromedriver                        0x0000000104f529e3 chromedriver + 907747\n   7   chromedriver                        0x0000000104f1caef chromedriver + 686831\n   8   chromedriver                        0x0000000104f1e00e chromedriver + 692238\n   9   chromedriver                        0x00000001052eb9ad chromedriver + 4680109\n   10  chromedriver                        0x00000001052f0c12 chromedriver + 4701202\n   11  chromedriver                        0x00000001052f779f chromedriver + 4728735\n   12  chromedriver                        0x00000001052f1b7a chromedriver + 4705146\n   13  chromedriver                        0x00000001052c427e chromedriver + 4518526\n   14  chromedriver                        0x0000000105311908 chromedriver + 4835592\n   15  chromedriver                        0x0000000105311a87 chromedriver + 4835975\n   16  chromedriver                        0x000000010532100f chromedriver + 4898831\n   17  libsystem_pthread.dylib             0x00007ff80554f1d3 _pthread_start + 125\n   18  libsystem_pthread.dylib             0x00007ff80554abd3 thread_start + 15\n   selenium.common.exceptions.NoSuchWindowException: Message: no such window: target window already closed\n   from unknown error: web view not found\n     (Session info: chrome=112.0.5615.49)\n   Stacktrace:\n   0   chromedriver                        0x000000010532fae8 chromedriver + 4958952\n   1   chromedriver                        0x00000001053277b3 chromedriver + 4925363\n   2   chromedriver                        0x0000000104ee91d6 chromedriver + 475606\n   3   chromedriver                        0x0000000104ebecec chromedriver + 302316\n   4   chromedriver                        0x0000000104f57f2f chromedriver + 929583\n   5   chromedriver                        0x0000000104f6d926 chromedriver + 1018150\n   6   chromedriver                        0x0000000104f529e3 chromedriver + 907747\n   7   chromedriver                        0x0000000104f1caef chromedriver + 686831\n   8   chromedriver                        0x0000000104f1e00e chromedriver + 692238\n   9   chromedriver                        0x00000001052eb9ad chromedriver + 4680109\n   10  chromedriver                        0x00000001052f0c12 chromedriver + 4701202\n   11  chromedriver                        0x00000001052f779f chromedriver + 4728735\n   12  chromedriver                        0x00000001052f1b7a chromedriver + 4705146\n   13  chromedriver                        0x00000001052c427e chromedriver + 4518526\n   14  chromedriver                        0x0000000105311908 chromedriver + 4835592\n   15  chromedriver                        0x0000000105311a87 chromedriver + 4835975\n   16  chromedriver                        0x000000010532100f chromedriver + 4898831\n   17  libsystem_pthread.dylib             0x00007ff80554f1d3 _pthread_start + 125\n   18  libsystem_pthread.dylib             0x00007ff80554abd3 thread_start + 15\n", "test_name": "test_27_PilihUPT", "rerun": "0"}, "28": {"status": "FAIL", "message": "   selenium.common.exceptions.NoSuchWindowException: Message: no such window: target window already closed\n   from unknown error: web view not found\n     (Session info: chrome=112.0.5615.49)\n   Stacktrace:\n   0   chromedriver                        0x000000010532fae8 chromedriver + 4958952\n   1   chromedriver                        0x00000001053277b3 chromedriver + 4925363\n   2   chromedriver                        0x0000000104ee91d6 chromedriver + 475606\n   3   chromedriver                        0x0000000104ebecec chromedriver + 302316\n   4   chromedriver                        0x0000000104f57f2f chromedriver + 929583\n   5   chromedriver                        0x0000000104f6d926 chromedriver + 1018150\n   6   chromedriver                        0x0000000104f529e3 chromedriver + 907747\n   7   chromedriver                        0x0000000104f1caef chromedriver + 686831\n   8   chromedriver                        0x0000000104f1e00e chromedriver + 692238\n   9   chromedriver                        0x00000001052eb9ad chromedriver + 4680109\n   10  chromedriver                        0x00000001052f0c12 chromedriver + 4701202\n   11  chromedriver                        0x00000001052f779f chromedriver + 4728735\n   12  chromedriver                        0x00000001052f1b7a chromedriver + 4705146\n   13  chromedriver                        0x00000001052c427e chromedriver + 4518526\n   14  chromedriver                        0x0000000105311908 chromedriver + 4835592\n   15  chromedriver                        0x0000000105311a87 chromedriver + 4835975\n   16  chromedriver                        0x000000010532100f chromedriver + 4898831\n   17  libsystem_pthread.dylib             0x00007ff80554f1d3 _pthread_start + 125\n   18  libsystem_pthread.dylib             0x00007ff80554abd3 thread_start + 15\n   selenium.common.exceptions.NoSuchWindowException: Message: no such window: target window already closed\n   from unknown error: web view not found\n     (Session info: chrome=112.0.5615.49)\n   Stacktrace:\n   0   chromedriver                        0x000000010532fae8 chromedriver + 4958952\n   1   chromedriver                        0x00000001053277b3 chromedriver + 4925363\n   2   chromedriver                        0x0000000104ee91d6 chromedriver + 475606\n   3   chromedriver                        0x0000000104ebecec chromedriver + 302316\n   4   chromedriver                        0x0000000104f57f2f chromedriver + 929583\n   5   chromedriver                        0x0000000104f6d926 chromedriver + 1018150\n   6   chromedriver                        0x0000000104f529e3 chromedriver + 907747\n   7   chromedriver                        0x0000000104f1caef chromedriver + 686831\n   8   chromedriver                        0x0000000104f1e00e chromedriver + 692238\n   9   chromedriver                        0x00000001052eb9ad chromedriver + 4680109\n   10  chromedriver                        0x00000001052f0c12 chromedriver + 4701202\n   11  chromedriver                        0x00000001052f779f chromedriver + 4728735\n   12  chromedriver                        0x00000001052f1b7a chromedriver + 4705146\n   13  chromedriver                        0x00000001052c427e chromedriver + 4518526\n   14  chromedriver                        0x0000000105311908 chromedriver + 4835592\n   15  chromedriver                        0x0000000105311a87 chromedriver + 4835975\n   16  chromedriver                        0x000000010532100f chromedriver + 4898831\n   17  libsystem_pthread.dylib             0x00007ff80554f1d3 _pthread_start + 125\n   18  libsystem_pthread.dylib             0x00007ff80554abd3 thread_start + 15\n", "test_name": "test_28_ClickButtonSearch", "rerun": "0"}, "29": {"status": "FAIL", "message": "   selenium.common.exceptions.NoSuchWindowException: Message: no such window: target window already closed\n   from unknown error: web view not found\n     (Session info: chrome=112.0.5615.49)\n   Stacktrace:\n   0   chromedriver                        0x000000010532fae8 chromedriver + 4958952\n   1   chromedriver                        0x00000001053277b3 chromedriver + 4925363\n   2   chromedriver                        0x0000000104ee91d6 chromedriver + 475606\n   3   chromedriver                        0x0000000104ebecec chromedriver + 302316\n   4   chromedriver                        0x0000000104f57f2f chromedriver + 929583\n   5   chromedriver                        0x0000000104f6d926 chromedriver + 1018150\n   6   chromedriver                        0x0000000104f529e3 chromedriver + 907747\n   7   chromedriver                        0x0000000104f1caef chromedriver + 686831\n   8   chromedriver                        0x0000000104f1e00e chromedriver + 692238\n   9   chromedriver                        0x00000001052eb9ad chromedriver + 4680109\n   10  chromedriver                        0x00000001052f0c12 chromedriver + 4701202\n   11  chromedriver                        0x00000001052f779f chromedriver + 4728735\n   12  chromedriver                        0x00000001052f1b7a chromedriver + 4705146\n   13  chromedriver                        0x00000001052c427e chromedriver + 4518526\n   14  chromedriver                        0x0000000105311908 chromedriver + 4835592\n   15  chromedriver                        0x0000000105311a87 chromedriver + 4835975\n   16  chromedriver                        0x000000010532100f chromedriver + 4898831\n   17  libsystem_pthread.dylib             0x00007ff80554f1d3 _pthread_start + 125\n   18  libsystem_pthread.dylib             0x00007ff80554abd3 thread_start + 15\n   selenium.common.exceptions.NoSuchWindowException: Message: no such window: target window already closed\n   from unknown error: web view not found\n     (Session info: chrome=112.0.5615.49)\n   Stacktrace:\n   0   chromedriver                        0x000000010532fae8 chromedriver + 4958952\n   1   chromedriver                        0x00000001053277b3 chromedriver + 4925363\n   2   chromedriver                        0x0000000104ee91d6 chromedriver + 475606\n   3   chromedriver                        0x0000000104ebecec chromedriver + 302316\n   4   chromedriver                        0x0000000104f57f2f chromedriver + 929583\n   5   chromedriver                        0x0000000104f6d926 chromedriver + 1018150\n   6   chromedriver                        0x0000000104f529e3 chromedriver + 907747\n   7   chromedriver                        0x0000000104f1caef chromedriver + 686831\n   8   chromedriver                        0x0000000104f1e00e chromedriver + 692238\n   9   chromedriver                        0x00000001052eb9ad chromedriver + 4680109\n   10  chromedriver                        0x00000001052f0c12 chromedriver + 4701202\n   11  chromedriver                        0x00000001052f779f chromedriver + 4728735\n   12  chromedriver                        0x00000001052f1b7a chromedriver + 4705146\n   13  chromedriver                        0x00000001052c427e chromedriver + 4518526\n   14  chromedriver                        0x0000000105311908 chromedriver + 4835592\n   15  chromedriver                        0x0000000105311a87 chromedriver + 4835975\n   16  chromedriver                        0x000000010532100f chromedriver + 4898831\n   17  libsystem_pthread.dylib             0x00007ff80554f1d3 _pthread_start + 125\n   18  libsystem_pthread.dylib             0x00007ff80554abd3 thread_start + 15\n", "test_name": "test_29_ClickButtonMaster", "rerun": "0"}, "30": {"status": "FAIL", "message": "   selenium.common.exceptions.NoSuchWindowException: Message: no such window: target window already closed\n   from unknown error: web view not found\n     (Session info: chrome=112.0.5615.49)\n   Stacktrace:\n   0   chromedriver                        0x000000010532fae8 chromedriver + 4958952\n   1   chromedriver                        0x00000001053277b3 chromedriver + 4925363\n   2   chromedriver                        0x0000000104ee91d6 chromedriver + 475606\n   3   chromedriver                        0x0000000104ebecec chromedriver + 302316\n   4   chromedriver                        0x0000000104f57f2f chromedriver + 929583\n   5   chromedriver                        0x0000000104f6d926 chromedriver + 1018150\n   6   chromedriver                        0x0000000104f529e3 chromedriver + 907747\n   7   chromedriver                        0x0000000104f1caef chromedriver + 686831\n   8   chromedriver                        0x0000000104f1e00e chromedriver + 692238\n   9   chromedriver                        0x00000001052eb9ad chromedriver + 4680109\n   10  chromedriver                        0x00000001052f0c12 chromedriver + 4701202\n   11  chromedriver                        0x00000001052f779f chromedriver + 4728735\n   12  chromedriver                        0x00000001052f1b7a chromedriver + 4705146\n   13  chromedriver                        0x00000001052c427e chromedriver + 4518526\n   14  chromedriver                        0x0000000105311908 chromedriver + 4835592\n   15  chromedriver                        0x0000000105311a87 chromedriver + 4835975\n   16  chromedriver                        0x000000010532100f chromedriver + 4898831\n   17  libsystem_pthread.dylib             0x00007ff80554f1d3 _pthread_start + 125\n   18  libsystem_pthread.dylib             0x00007ff80554abd3 thread_start + 15\n   selenium.common.exceptions.NoSuchWindowException: Message: no such window: target window already closed\n   from unknown error: web view not found\n     (Session info: chrome=112.0.5615.49)\n   Stacktrace:\n   0   chromedriver                        0x000000010532fae8 chromedriver + 4958952\n   1   chromedriver                        0x00000001053277b3 chromedriver + 4925363\n   2   chromedriver                        0x0000000104ee91d6 chromedriver + 475606\n   3   chromedriver                        0x0000000104ebecec chromedriver + 302316\n   4   chromedriver                        0x0000000104f57f2f chromedriver + 929583\n   5   chromedriver                        0x0000000104f6d926 chromedriver + 1018150\n   6   chromedriver                        0x0000000104f529e3 chromedriver + 907747\n   7   chromedriver                        0x0000000104f1caef chromedriver + 686831\n   8   chromedriver                        0x0000000104f1e00e chromedriver + 692238\n   9   chromedriver                        0x00000001052eb9ad chromedriver + 4680109\n   10  chromedriver                        0x00000001052f0c12 chromedriver + 4701202\n   11  chromedriver                        0x00000001052f779f chromedriver + 4728735\n   12  chromedriver                        0x00000001052f1b7a chromedriver + 4705146\n   13  chromedriver                        0x00000001052c427e chromedriver + 4518526\n   14  chromedriver                        0x0000000105311908 chromedriver + 4835592\n   15  chromedriver                        0x0000000105311a87 chromedriver + 4835975\n   16  chromedriver                        0x000000010532100f chromedriver + 4898831\n   17  libsystem_pthread.dylib             0x00007ff80554f1d3 _pthread_start + 125\n   18  libsystem_pthread.dylib             0x00007ff80554abd3 thread_start + 15\n", "test_name": "test_30_CreateButton", "rerun": "0"}, "31": {"status": "FAIL", "message": "   selenium.common.exceptions.NoSuchWindowException: Message: no such window: target window already closed\n   from unknown error: web view not found\n     (Session info: chrome=112.0.5615.49)\n   Stacktrace:\n   0   chromedriver                        0x000000010532fae8 chromedriver + 4958952\n   1   chromedriver                        0x00000001053277b3 chromedriver + 4925363\n   2   chromedriver                        0x0000000104ee91d6 chromedriver + 475606\n   3   chromedriver                        0x0000000104ebecec chromedriver + 302316\n   4   chromedriver                        0x0000000104f57f2f chromedriver + 929583\n   5   chromedriver                        0x0000000104f6d926 chromedriver + 1018150\n   6   chromedriver                        0x0000000104f529e3 chromedriver + 907747\n   7   chromedriver                        0x0000000104f1caef chromedriver + 686831\n   8   chromedriver                        0x0000000104f1e00e chromedriver + 692238\n   9   chromedriver                        0x00000001052eb9ad chromedriver + 4680109\n   10  chromedriver                        0x00000001052f0c12 chromedriver + 4701202\n   11  chromedriver                        0x00000001052f779f chromedriver + 4728735\n   12  chromedriver                        0x00000001052f1b7a chromedriver + 4705146\n   13  chromedriver                        0x00000001052c427e chromedriver + 4518526\n   14  chromedriver                        0x0000000105311908 chromedriver + 4835592\n   15  chromedriver                        0x0000000105311a87 chromedriver + 4835975\n   16  chromedriver                        0x000000010532100f chromedriver + 4898831\n   17  libsystem_pthread.dylib             0x00007ff80554f1d3 _pthread_start + 125\n   18  libsystem_pthread.dylib             0x00007ff80554abd3 thread_start + 15\n   selenium.common.exceptions.NoSuchWindowException: Message: no such window: target window already closed\n   from unknown error: web view not found\n     (Session info: chrome=112.0.5615.49)\n   Stacktrace:\n   0   chromedriver                        0x000000010532fae8 chromedriver + 4958952\n   1   chromedriver                        0x00000001053277b3 chromedriver + 4925363\n   2   chromedriver                        0x0000000104ee91d6 chromedriver + 475606\n   3   chromedriver                        0x0000000104ebecec chromedriver + 302316\n   4   chromedriver                        0x0000000104f57f2f chromedriver + 929583\n   5   chromedriver                        0x0000000104f6d926 chromedriver + 1018150\n   6   chromedriver                        0x0000000104f529e3 chromedriver + 907747\n   7   chromedriver                        0x0000000104f1caef chromedriver + 686831\n   8   chromedriver                        0x0000000104f1e00e chromedriver + 692238\n   9   chromedriver                        0x00000001052eb9ad chromedriver + 4680109\n   10  chromedriver                        0x00000001052f0c12 chromedriver + 4701202\n   11  chromedriver                        0x00000001052f779f chromedriver + 4728735\n   12  chromedriver                        0x00000001052f1b7a chromedriver + 4705146\n   13  chromedriver                        0x00000001052c427e chromedriver + 4518526\n   14  chromedriver                        0x0000000105311908 chromedriver + 4835592\n   15  chromedriver                        0x0000000105311a87 chromedriver + 4835975\n   16  chromedriver                        0x000000010532100f chromedriver + 4898831\n   17  libsystem_pthread.dylib             0x00007ff80554f1d3 _pthread_start + 125\n   18  libsystem_pthread.dylib             0x00007ff80554abd3 thread_start + 15\n", "test_name": "test_31_InputNama", "rerun": "0"}, "32": {"status": "FAIL", "message": "   selenium.common.exceptions.NoSuchWindowException: Message: no such window: target window already closed\n   from unknown error: web view not found\n     (Session info: chrome=112.0.5615.49)\n   Stacktrace:\n   0   chromedriver                        0x000000010532fae8 chromedriver + 4958952\n   1   chromedriver                        0x00000001053277b3 chromedriver + 4925363\n   2   chromedriver                        0x0000000104ee91d6 chromedriver + 475606\n   3   chromedriver                        0x0000000104ebecec chromedriver + 302316\n   4   chromedriver                        0x0000000104f57f2f chromedriver + 929583\n   5   chromedriver                        0x0000000104f6d926 chromedriver + 1018150\n   6   chromedriver                        0x0000000104f529e3 chromedriver + 907747\n   7   chromedriver                        0x0000000104f1caef chromedriver + 686831\n   8   chromedriver                        0x0000000104f1e00e chromedriver + 692238\n   9   chromedriver                        0x00000001052eb9ad chromedriver + 4680109\n   10  chromedriver                        0x00000001052f0c12 chromedriver + 4701202\n   11  chromedriver                        0x00000001052f779f chromedriver + 4728735\n   12  chromedriver                        0x00000001052f1b7a chromedriver + 4705146\n   13  chromedriver                        0x00000001052c427e chromedriver + 4518526\n   14  chromedriver                        0x0000000105311908 chromedriver + 4835592\n   15  chromedriver                        0x0000000105311a87 chromedriver + 4835975\n   16  chromedriver                        0x000000010532100f chromedriver + 4898831\n   17  libsystem_pthread.dylib             0x00007ff80554f1d3 _pthread_start + 125\n   18  libsystem_pthread.dylib             0x00007ff80554abd3 thread_start + 15\n   selenium.common.exceptions.NoSuchWindowException: Message: no such window: target window already closed\n   from unknown error: web view not found\n     (Session info: chrome=112.0.5615.49)\n   Stacktrace:\n   0   chromedriver                        0x000000010532fae8 chromedriver + 4958952\n   1   chromedriver                        0x00000001053277b3 chromedriver + 4925363\n   2   chromedriver                        0x0000000104ee91d6 chromedriver + 475606\n   3   chromedriver                        0x0000000104ebecec chromedriver + 302316\n   4   chromedriver                        0x0000000104f57f2f chromedriver + 929583\n   5   chromedriver                        0x0000000104f6d926 chromedriver + 1018150\n   6   chromedriver                        0x0000000104f529e3 chromedriver + 907747\n   7   chromedriver                        0x0000000104f1caef chromedriver + 686831\n   8   chromedriver                        0x0000000104f1e00e chromedriver + 692238\n   9   chromedriver                        0x00000001052eb9ad chromedriver + 4680109\n   10  chromedriver                        0x00000001052f0c12 chromedriver + 4701202\n   11  chromedriver                        0x00000001052f779f chromedriver + 4728735\n   12  chromedriver                        0x00000001052f1b7a chromedriver + 4705146\n   13  chromedriver                        0x00000001052c427e chromedriver + 4518526\n   14  chromedriver                        0x0000000105311908 chromedriver + 4835592\n   15  chromedriver                        0x0000000105311a87 chromedriver + 4835975\n   16  chromedriver                        0x000000010532100f chromedriver + 4898831\n   17  libsystem_pthread.dylib             0x00007ff80554f1d3 _pthread_start + 125\n   18  libsystem_pthread.dylib             0x00007ff80554abd3 thread_start + 15\n", "test_name": "test_32_InputDeskripsi", "rerun": "0"}, "33": {"status": "FAIL", "message": "   selenium.common.exceptions.NoSuchWindowException: Message: no such window: target window already closed\n   from unknown error: web view not found\n     (Session info: chrome=112.0.5615.49)\n   Stacktrace:\n   0   chromedriver                        0x000000010532fae8 chromedriver + 4958952\n   1   chromedriver                        0x00000001053277b3 chromedriver + 4925363\n   2   chromedriver                        0x0000000104ee91d6 chromedriver + 475606\n   3   chromedriver                        0x0000000104ebecec chromedriver + 302316\n   4   chromedriver                        0x0000000104f57f2f chromedriver + 929583\n   5   chromedriver                        0x0000000104f6d926 chromedriver + 1018150\n   6   chromedriver                        0x0000000104f529e3 chromedriver + 907747\n   7   chromedriver                        0x0000000104f1caef chromedriver + 686831\n   8   chromedriver                        0x0000000104f1e00e chromedriver + 692238\n   9   chromedriver                        0x00000001052eb9ad chromedriver + 4680109\n   10  chromedriver                        0x00000001052f0c12 chromedriver + 4701202\n   11  chromedriver                        0x00000001052f779f chromedriver + 4728735\n   12  chromedriver                        0x00000001052f1b7a chromedriver + 4705146\n   13  chromedriver                        0x00000001052c427e chromedriver + 4518526\n   14  chromedriver                        0x0000000105311908 chromedriver + 4835592\n   15  chromedriver                        0x0000000105311a87 chromedriver + 4835975\n   16  chromedriver                        0x000000010532100f chromedriver + 4898831\n   17  libsystem_pthread.dylib             0x00007ff80554f1d3 _pthread_start + 125\n   18  libsystem_pthread.dylib             0x00007ff80554abd3 thread_start + 15\n   selenium.common.exceptions.NoSuchWindowException: Message: no such window: target window already closed\n   from unknown error: web view not found\n     (Session info: chrome=112.0.5615.49)\n   Stacktrace:\n   0   chromedriver                        0x000000010532fae8 chromedriver + 4958952\n   1   chromedriver                        0x00000001053277b3 chromedriver + 4925363\n   2   chromedriver                        0x0000000104ee91d6 chromedriver + 475606\n   3   chromedriver                        0x0000000104ebecec chromedriver + 302316\n   4   chromedriver                        0x0000000104f57f2f chromedriver + 929583\n   5   chromedriver                        0x0000000104f6d926 chromedriver + 1018150\n   6   chromedriver                        0x0000000104f529e3 chromedriver + 907747\n   7   chromedriver                        0x0000000104f1caef chromedriver + 686831\n   8   chromedriver                        0x0000000104f1e00e chromedriver + 692238\n   9   chromedriver                        0x00000001052eb9ad chromedriver + 4680109\n   10  chromedriver                        0x00000001052f0c12 chromedriver + 4701202\n   11  chromedriver                        0x00000001052f779f chromedriver + 4728735\n   12  chromedriver                        0x00000001052f1b7a chromedriver + 4705146\n   13  chromedriver                        0x00000001052c427e chromedriver + 4518526\n   14  chromedriver                        0x0000000105311908 chromedriver + 4835592\n   15  chromedriver                        0x0000000105311a87 chromedriver + 4835975\n   16  chromedriver                        0x000000010532100f chromedriver + 4898831\n   17  libsystem_pthread.dylib             0x00007ff80554f1d3 _pthread_start + 125\n   18  libsystem_pthread.dylib             0x00007ff80554abd3 thread_start + 15\n", "test_name": "test_33_Switch", "rerun": "0"}, "34": {"status": "FAIL", "message": "   selenium.common.exceptions.NoSuchWindowException: Message: no such window: target window already closed\n   from unknown error: web view not found\n     (Session info: chrome=112.0.5615.49)\n   Stacktrace:\n   0   chromedriver                        0x000000010532fae8 chromedriver + 4958952\n   1   chromedriver                        0x00000001053277b3 chromedriver + 4925363\n   2   chromedriver                        0x0000000104ee91d6 chromedriver + 475606\n   3   chromedriver                        0x0000000104ebecec chromedriver + 302316\n   4   chromedriver                        0x0000000104f57f2f chromedriver + 929583\n   5   chromedriver                        0x0000000104f6d926 chromedriver + 1018150\n   6   chromedriver                        0x0000000104f529e3 chromedriver + 907747\n   7   chromedriver                        0x0000000104f1caef chromedriver + 686831\n   8   chromedriver                        0x0000000104f1e00e chromedriver + 692238\n   9   chromedriver                        0x00000001052eb9ad chromedriver + 4680109\n   10  chromedriver                        0x00000001052f0c12 chromedriver + 4701202\n   11  chromedriver                        0x00000001052f779f chromedriver + 4728735\n   12  chromedriver                        0x00000001052f1b7a chromedriver + 4705146\n   13  chromedriver                        0x00000001052c427e chromedriver + 4518526\n   14  chromedriver                        0x0000000105311908 chromedriver + 4835592\n   15  chromedriver                        0x0000000105311a87 chromedriver + 4835975\n   16  chromedriver                        0x000000010532100f chromedriver + 4898831\n   17  libsystem_pthread.dylib             0x00007ff80554f1d3 _pthread_start + 125\n   18  libsystem_pthread.dylib             0x00007ff80554abd3 thread_start + 15\n   selenium.common.exceptions.NoSuchWindowException: Message: no such window: target window already closed\n   from unknown error: web view not found\n     (Session info: chrome=112.0.5615.49)\n   Stacktrace:\n   0   chromedriver                        0x000000010532fae8 chromedriver + 4958952\n   1   chromedriver                        0x00000001053277b3 chromedriver + 4925363\n   2   chromedriver                        0x0000000104ee91d6 chromedriver + 475606\n   3   chromedriver                        0x0000000104ebecec chromedriver + 302316\n   4   chromedriver                        0x0000000104f57f2f chromedriver + 929583\n   5   chromedriver                        0x0000000104f6d926 chromedriver + 1018150\n   6   chromedriver                        0x0000000104f529e3 chromedriver + 907747\n   7   chromedriver                        0x0000000104f1caef chromedriver + 686831\n   8   chromedriver                        0x0000000104f1e00e chromedriver + 692238\n   9   chromedriver                        0x00000001052eb9ad chromedriver + 4680109\n   10  chromedriver                        0x00000001052f0c12 chromedriver + 4701202\n   11  chromedriver                        0x00000001052f779f chromedriver + 4728735\n   12  chromedriver                        0x00000001052f1b7a chromedriver + 4705146\n   13  chromedriver                        0x00000001052c427e chromedriver + 4518526\n   14  chromedriver                        0x0000000105311908 chromedriver + 4835592\n   15  chromedriver                        0x0000000105311a87 chromedriver + 4835975\n   16  chromedriver                        0x000000010532100f chromedriver + 4898831\n   17  libsystem_pthread.dylib             0x00007ff80554f1d3 _pthread_start + 125\n   18  libsystem_pthread.dylib             0x00007ff80554abd3 thread_start + 15\n", "test_name": "test_34_Tambah", "rerun": "0"}, "35": {"status": "FAIL", "message": "   selenium.common.exceptions.NoSuchWindowException: Message: no such window: target window already closed\n   from unknown error: web view not found\n     (Session info: chrome=112.0.5615.49)\n   Stacktrace:\n   0   chromedriver                        0x000000010532fae8 chromedriver + 4958952\n   1   chromedriver                        0x00000001053277b3 chromedriver + 4925363\n   2   chromedriver                        0x0000000104ee91d6 chromedriver + 475606\n   3   chromedriver                        0x0000000104ebecec chromedriver + 302316\n   4   chromedriver                        0x0000000104f57f2f chromedriver + 929583\n   5   chromedriver                        0x0000000104f5ec7c chromedriver + 957564\n   6   chromedriver                        0x0000000104f52bd8 chromedriver + 908248\n   7   chromedriver                        0x0000000104f1caef chromedriver + 686831\n   8   chromedriver                        0x0000000104f1e00e chromedriver + 692238\n   9   chromedriver                        0x00000001052eb9ad chromedriver + 4680109\n   10  chromedriver                        0x00000001052f0c12 chromedriver + 4701202\n   11  chromedriver                        0x00000001052f779f chromedriver + 4728735\n   12  chromedriver                        0x00000001052f1b7a chromedriver + 4705146\n   13  chromedriver                        0x00000001052c427e chromedriver + 4518526\n   14  chromedriver                        0x0000000105311908 chromedriver + 4835592\n   15  chromedriver                        0x0000000105311a87 chromedriver + 4835975\n   16  chromedriver                        0x000000010532100f chromedriver + 4898831\n   17  libsystem_pthread.dylib             0x00007ff80554f1d3 _pthread_start + 125\n   18  libsystem_pthread.dylib             0x00007ff80554abd3 thread_start + 15\n", "test_name": "test_35_exit", "rerun": "0"}}, "suite_name": "4LaporanBulanan/4.Laporan6D/Fungsional/test_Laporan6D.py"}}}, "date": "April 11, 2023", "start_time": 1681223149.0427258, "total_suite": 1, "status": "FAIL", "status_list": {"pass": "6", "fail": "30", "skip": "0", "error": "0", "xpass": "0", "xfail": "0", "rerun": "0"}, "total_tests": "36"}