{"content": {"suites": {"0": {"status": {"total_pass": 2, "total_skip": 0, "total_xpass": 0, "total_xfail": 0, "total_rerun": 0, "total_fail": 2, "total_error": 0}, "tests": {"0": {"status": "PASS", "message": "", "test_name": "test_1_SetupOs", "rerun": "0"}, "1": {"status": "PASS", "message": "", "test_name": "test_2_Login", "rerun": "0"}, "2": {"status": "FAIL", "message": "   selenium.common.exceptions.NoSuchElementException: Message: no such element: Unable to locate element: {\"method\":\"css selector\",\"selector\":\"[id=\"KEA00\"]\"}\n     (Session info: chrome=112.0.5615.137)\n   Stacktrace:\n   0   chromedriver                        0x0000000104e61ae8 chromedriver + 4958952\n   1   chromedriver                        0x0000000104e597b3 chromedriver + 4925363\n   2   chromedriver                        0x0000000104a1b1d6 chromedriver + 475606\n   3   chromedriver                        0x0000000104a5ea20 chromedriver + 752160\n   4   chromedriver                        0x0000000104a5ec81 chromedriver + 752769\n   5   chromedriver                        0x0000000104aa2f64 chromedriver + 1032036\n   6   chromedriver                        0x0000000104a84c3d chromedriver + 908349\n   7   chromedriver                        0x0000000104aa025b chromedriver + 1020507\n   8   chromedriver                        0x0000000104a849e3 chromedriver + 907747\n   9   chromedriver                        0x0000000104a4eaef chromedriver + 686831\n   10  chromedriver                        0x0000000104a5000e chromedriver + 692238\n   11  chromedriver                        0x0000000104e1d9ad chromedriver + 4680109\n   12  chromedriver                        0x0000000104e22c12 chromedriver + 4701202\n   13  chromedriver                        0x0000000104e2979f chromedriver + 4728735\n   14  chromedriver                        0x0000000104e23b7a chromedriver + 4705146\n   15  chromedriver                        0x0000000104df627e chromedriver + 4518526\n   16  chromedriver                        0x0000000104e43908 chromedriver + 4835592\n   17  chromedriver                        0x0000000104e43a87 chromedriver + 4835975\n   18  chromedriver                        0x0000000104e5300f chromedriver + 4898831\n   19  libsystem_pthread.dylib             0x00007ff8025831d3 _pthread_start + 125\n   20  libsystem_pthread.dylib             0x00007ff80257ebd3 thread_start + 15\n", "test_name": "test_3_AksesMenu", "rerun": "0"}, "3": {"status": "FAIL", "message": "   selenium.common.exceptions.NoSuchElementException: Message: no such element: Unable to locate element: {\"method\":\"css selector\",\"selector\":\".text-green-500 path\"}\n     (Session info: chrome=112.0.5615.137)\n   Stacktrace:\n   0   chromedriver                        0x0000000104e61ae8 chromedriver + 4958952\n   1   chromedriver                        0x0000000104e597b3 chromedriver + 4925363\n   2   chromedriver                        0x0000000104a1b1d6 chromedriver + 475606\n   3   chromedriver                        0x0000000104a5ea20 chromedriver + 752160\n   4   chromedriver                        0x0000000104a5ec81 chromedriver + 752769\n   5   chromedriver                        0x0000000104aa2f64 chromedriver + 1032036\n   6   chromedriver                        0x0000000104a84c3d chromedriver + 908349\n   7   chromedriver                        0x0000000104aa025b chromedriver + 1020507\n   8   chromedriver                        0x0000000104a849e3 chromedriver + 907747\n   9   chromedriver                        0x0000000104a4eaef chromedriver + 686831\n   10  chromedriver                        0x0000000104a5000e chromedriver + 692238\n   11  chromedriver                        0x0000000104e1d9ad chromedriver + 4680109\n   12  chromedriver                        0x0000000104e22c12 chromedriver + 4701202\n   13  chromedriver                        0x0000000104e2979f chromedriver + 4728735\n   14  chromedriver                        0x0000000104e23b7a chromedriver + 4705146\n   15  chromedriver                        0x0000000104df627e chromedriver + 4518526\n   16  chromedriver                        0x0000000104e43908 chromedriver + 4835592\n   17  chromedriver                        0x0000000104e43a87 chromedriver + 4835975\n   18  chromedriver                        0x0000000104e5300f chromedriver + 4898831\n   19  libsystem_pthread.dylib             0x00007ff8025831d3 _pthread_start + 125\n   20  libsystem_pthread.dylib             0x00007ff80257ebd3 thread_start + 15\n", "test_name": "test_4_ClickButtonEdit", "rerun": "0"}}, "suite_name": "4LaporanBulanan/10.Laporan7E/Fungsional/test_Laporan7E.py"}}}, "date": "April 22, 2023", "start_time": 1682134409.300383, "total_suite": 1, "status": "FAIL", "status_list": {"pass": "2", "fail": "2", "skip": "0", "error": "0", "xpass": "0", "xfail": "0", "rerun": "0"}, "total_tests": "4"}