{"content": {"suites": {"0": {"status": {"total_pass": 15, "total_skip": 0, "total_xpass": 0, "total_xfail": 0, "total_rerun": 0, "total_fail": 7, "total_error": 0}, "tests": {"0": {"status": "PASS", "message": "", "test_name": "test_1_setupOS", "rerun": "0"}, "1": {"status": "PASS", "message": "", "test_name": "test_2_login", "rerun": "0"}, "2": {"status": "PASS", "message": "", "test_name": "test_3_akses_menu", "rerun": "0"}, "3": {"status": "PASS", "message": "", "test_name": "test_sortirtabel", "rerun": "0"}, "4": {"status": "PASS", "message": "", "test_name": "test_halaman_cetakBA", "rerun": "0"}, "5": {"status": "PASS", "message": "", "test_name": "test_halaman_exportexel", "rerun": "0"}, "6": {"status": "FAIL", "message": "   selenium.common.exceptions.InvalidSelectorException: Message: invalid selector: Unable to locate an element with the xpath expression //*[@id=\"app\"]/div/div[2]/div/div[]/div/div/div[5]/div[1]/div/div/div/div[2]/div/button[1] because of the following error:\n   SyntaxError: Failed to execute 'evaluate' on 'Document': The string '//*[@id=\"app\"]/div/div[2]/div/div[]/div/div/div[5]/div[1]/div/div/div/div[2]/div/button[1]' is not a valid XPath expression.\n     (Session info: chrome=105.0.5195.127)\n   Stacktrace:\n   Backtrace:\n   \tOrdinal0 [0x00BBC0A3+2212003]\n   \tOrdinal0 [0x00B52CC1+1780929]\n   \tOrdinal0 [0x00A6465D+804445]\n   \tOrdinal0 [0x00A67124+815396]\n   \tOrdinal0 [0x00A66FE2+815074]\n   \tOrdinal0 [0x00A67270+815728]\n   \tOrdinal0 [0x00A9319F+995743]\n   \tOrdinal0 [0x00A9363B+996923]\n   \tOrdinal0 [0x00AC1382+1184642]\n   \tOrdinal0 [0x00AAEC64+1109092]\n   \tOrdinal0 [0x00ABF5B2+1177010]\n   \tOrdinal0 [0x00AAEA36+1108534]\n   \tOrdinal0 [0x00A883C9+951241]\n   \tOrdinal0 [0x00A89396+955286]\n   \tGetHandleVerifier [0x00E69CE2+2746722]\n   \tGetHandleVerifier [0x00E5A234+2682548]\n   \tGetHandleVerifier [0x00C4B34A+524234]\n   \tGetHandleVerifier [0x00C49B60+518112]\n   \tOrdinal0 [0x00B59FBC+1810364]\n   \tOrdinal0 [0x00B5EA28+1829416]\n   \tOrdinal0 [0x00B5EB15+1829653]\n   \tOrdinal0 [0x00B68744+1869636]\n   \tBaseThreadInitThunk [0x776CFA29+25]\n   \tRtlGetAppContainerNamedObjectPath [0x77C27BBE+286]\n   \tRtlGetAppContainerNamedObjectPath [0x77C27B8E+238]\n", "test_name": "test_halaman_exportexelsemuahal", "rerun": "0"}, "7": {"status": "PASS", "message": "", "test_name": "test_halaman_exportexelhalinisaj", "rerun": "0"}, "8": {"status": "PASS", "message": "", "test_name": "test_halaman_exportpdf", "rerun": "0"}, "9": {"status": "PASS", "message": "", "test_name": "test_halaman_pdfsemuahal", "rerun": "0"}, "10": {"status": "PASS", "message": "", "test_name": "test_halaman_pdfhalinisaj", "rerun": "0"}, "11": {"status": "PASS", "message": "", "test_name": "test_halaman_print", "rerun": "0"}, "12": {"status": "PASS", "message": "", "test_name": "test_halaman_printsemuahal", "rerun": "0"}, "13": {"status": "FAIL", "message": "   selenium.common.exceptions.ElementClickInterceptedException: Message: element click intercepted: Element <button class=\"el-button\" type=\"button\">...</button> is not clickable at point (1034, 226). Other element would receive the click: <div id=\"message_4\" class=\"el-message el-message--warning is-closable\" role=\"alert\" style=\"top: 216px; z-index: 2155;\">...</div>\n     (Session info: chrome=105.0.5195.127)\n   Stacktrace:\n   Backtrace:\n   \tOrdinal0 [0x00BBC0A3+2212003]\n   \tOrdinal0 [0x00B52CC1+1780929]\n   \tOrdinal0 [0x00A6465D+804445]\n   \tOrdinal0 [0x00A99E04+1023492]\n   \tOrdinal0 [0x00A97CF4+1015028]\n   \tOrdinal0 [0x00A958FB+1005819]\n   \tOrdinal0 [0x00A94567+1000807]\n   \tOrdinal0 [0x00A89FB6+958390]\n   \tOrdinal0 [0x00AAEC1C+1109020]\n   \tOrdinal0 [0x00A898F4+956660]\n   \tOrdinal0 [0x00AAEE34+1109556]\n   \tOrdinal0 [0x00ABF5B2+1177010]\n   \tOrdinal0 [0x00AAEA36+1108534]\n   \tOrdinal0 [0x00A883C9+951241]\n   \tOrdinal0 [0x00A89396+955286]\n   \tGetHandleVerifier [0x00E69CE2+2746722]\n   \tGetHandleVerifier [0x00E5A234+2682548]\n   \tGetHandleVerifier [0x00C4B34A+524234]\n   \tGetHandleVerifier [0x00C49B60+518112]\n   \tOrdinal0 [0x00B59FBC+1810364]\n   \tOrdinal0 [0x00B5EA28+1829416]\n   \tOrdinal0 [0x00B5EB15+1829653]\n   \tOrdinal0 [0x00B68744+1869636]\n   \tBaseThreadInitThunk [0x776CFA29+25]\n   \tRtlGetAppContainerNamedObjectPath [0x77C27BBE+286]\n   \tRtlGetAppContainerNamedObjectPath [0x77C27B8E+238]\n", "test_name": "test_halaman_printhalinisaj", "rerun": "0"}, "14": {"status": "FAIL", "message": "   selenium.common.exceptions.ElementClickInterceptedException: Message: element click intercepted: Element <div class=\"el-input el-input--default el-input--suffix\">...</div> is not clickable at point (843, 783). Other element would receive the click: <div class=\"el-overlay-dialog\">...</div>\n     (Session info: chrome=105.0.5195.127)\n   Stacktrace:\n   Backtrace:\n   \tOrdinal0 [0x00BBC0A3+2212003]\n   \tOrdinal0 [0x00B52CC1+1780929]\n   \tOrdinal0 [0x00A6465D+804445]\n   \tOrdinal0 [0x00A99E04+1023492]\n   \tOrdinal0 [0x00A97CF4+1015028]\n   \tOrdinal0 [0x00A958FB+1005819]\n   \tOrdinal0 [0x00A94567+1000807]\n   \tOrdinal0 [0x00A89FB6+958390]\n   \tOrdinal0 [0x00AAEC1C+1109020]\n   \tOrdinal0 [0x00A898F4+956660]\n   \tOrdinal0 [0x00AAEE34+1109556]\n   \tOrdinal0 [0x00ABF5B2+1177010]\n   \tOrdinal0 [0x00AAEA36+1108534]\n   \tOrdinal0 [0x00A883C9+951241]\n   \tOrdinal0 [0x00A89396+955286]\n   \tGetHandleVerifier [0x00E69CE2+2746722]\n   \tGetHandleVerifier [0x00E5A234+2682548]\n   \tGetHandleVerifier [0x00C4B34A+524234]\n   \tGetHandleVerifier [0x00C49B60+518112]\n   \tOrdinal0 [0x00B59FBC+1810364]\n   \tOrdinal0 [0x00B5EA28+1829416]\n   \tOrdinal0 [0x00B5EB15+1829653]\n   \tOrdinal0 [0x00B68744+1869636]\n   \tBaseThreadInitThunk [0x776CFA29+25]\n   \tRtlGetAppContainerNamedObjectPath [0x77C27BBE+286]\n   \tRtlGetAppContainerNamedObjectPath [0x77C27B8E+238]\n", "test_name": "test_pageindex20hal", "rerun": "0"}, "15": {"status": "FAIL", "message": "   selenium.common.exceptions.ElementClickInterceptedException: Message: element click intercepted: Element <div class=\"el-input el-input--default el-input--suffix\">...</div> is not clickable at point (843, 783). Other element would receive the click: <div class=\"el-overlay-dialog\">...</div>\n     (Session info: chrome=105.0.5195.127)\n   Stacktrace:\n   Backtrace:\n   \tOrdinal0 [0x00BBC0A3+2212003]\n   \tOrdinal0 [0x00B52CC1+1780929]\n   \tOrdinal0 [0x00A6465D+804445]\n   \tOrdinal0 [0x00A99E04+1023492]\n   \tOrdinal0 [0x00A97CF4+1015028]\n   \tOrdinal0 [0x00A958FB+1005819]\n   \tOrdinal0 [0x00A94567+1000807]\n   \tOrdinal0 [0x00A89FB6+958390]\n   \tOrdinal0 [0x00AAEC1C+1109020]\n   \tOrdinal0 [0x00A898F4+956660]\n   \tOrdinal0 [0x00AAEE34+1109556]\n   \tOrdinal0 [0x00ABF5B2+1177010]\n   \tOrdinal0 [0x00AAEA36+1108534]\n   \tOrdinal0 [0x00A883C9+951241]\n   \tOrdinal0 [0x00A89396+955286]\n   \tGetHandleVerifier [0x00E69CE2+2746722]\n   \tGetHandleVerifier [0x00E5A234+2682548]\n   \tGetHandleVerifier [0x00C4B34A+524234]\n   \tGetHandleVerifier [0x00C49B60+518112]\n   \tOrdinal0 [0x00B59FBC+1810364]\n   \tOrdinal0 [0x00B5EA28+1829416]\n   \tOrdinal0 [0x00B5EB15+1829653]\n   \tOrdinal0 [0x00B68744+1869636]\n   \tBaseThreadInitThunk [0x776CFA29+25]\n   \tRtlGetAppContainerNamedObjectPath [0x77C27BBE+286]\n   \tRtlGetAppContainerNamedObjectPath [0x77C27B8E+238]\n", "test_name": "test_pageindex50hal", "rerun": "0"}, "16": {"status": "FAIL", "message": "   selenium.common.exceptions.ElementClickInterceptedException: Message: element click intercepted: Element <div class=\"el-input el-input--default el-input--suffix\">...</div> is not clickable at point (843, 783). Other element would receive the click: <div class=\"el-overlay-dialog\">...</div>\n     (Session info: chrome=105.0.5195.127)\n   Stacktrace:\n   Backtrace:\n   \tOrdinal0 [0x00BBC0A3+2212003]\n   \tOrdinal0 [0x00B52CC1+1780929]\n   \tOrdinal0 [0x00A6465D+804445]\n   \tOrdinal0 [0x00A99E04+1023492]\n   \tOrdinal0 [0x00A97CF4+1015028]\n   \tOrdinal0 [0x00A958FB+1005819]\n   \tOrdinal0 [0x00A94567+1000807]\n   \tOrdinal0 [0x00A89FB6+958390]\n   \tOrdinal0 [0x00AAEC1C+1109020]\n   \tOrdinal0 [0x00A898F4+956660]\n   \tOrdinal0 [0x00AAEE34+1109556]\n   \tOrdinal0 [0x00ABF5B2+1177010]\n   \tOrdinal0 [0x00AAEA36+1108534]\n   \tOrdinal0 [0x00A883C9+951241]\n   \tOrdinal0 [0x00A89396+955286]\n   \tGetHandleVerifier [0x00E69CE2+2746722]\n   \tGetHandleVerifier [0x00E5A234+2682548]\n   \tGetHandleVerifier [0x00C4B34A+524234]\n   \tGetHandleVerifier [0x00C49B60+518112]\n   \tOrdinal0 [0x00B59FBC+1810364]\n   \tOrdinal0 [0x00B5EA28+1829416]\n   \tOrdinal0 [0x00B5EB15+1829653]\n   \tOrdinal0 [0x00B68744+1869636]\n   \tBaseThreadInitThunk [0x776CFA29+25]\n   \tRtlGetAppContainerNamedObjectPath [0x77C27BBE+286]\n   \tRtlGetAppContainerNamedObjectPath [0x77C27B8E+238]\n", "test_name": "test_pageindex100hal", "rerun": "0"}, "17": {"status": "FAIL", "message": "   selenium.common.exceptions.ElementClickInterceptedException: Message: element click intercepted: Element <div class=\"el-input el-input--default el-input--suffix\">...</div> is not clickable at point (843, 783). Other element would receive the click: <div class=\"el-overlay-dialog\">...</div>\n     (Session info: chrome=105.0.5195.127)\n   Stacktrace:\n   Backtrace:\n   \tOrdinal0 [0x00BBC0A3+2212003]\n   \tOrdinal0 [0x00B52CC1+1780929]\n   \tOrdinal0 [0x00A6465D+804445]\n   \tOrdinal0 [0x00A99E04+1023492]\n   \tOrdinal0 [0x00A97CF4+1015028]\n   \tOrdinal0 [0x00A958FB+1005819]\n   \tOrdinal0 [0x00A94567+1000807]\n   \tOrdinal0 [0x00A89FB6+958390]\n   \tOrdinal0 [0x00AAEC1C+1109020]\n   \tOrdinal0 [0x00A898F4+956660]\n   \tOrdinal0 [0x00AAEE34+1109556]\n   \tOrdinal0 [0x00ABF5B2+1177010]\n   \tOrdinal0 [0x00AAEA36+1108534]\n   \tOrdinal0 [0x00A883C9+951241]\n   \tOrdinal0 [0x00A89396+955286]\n   \tGetHandleVerifier [0x00E69CE2+2746722]\n   \tGetHandleVerifier [0x00E5A234+2682548]\n   \tGetHandleVerifier [0x00C4B34A+524234]\n   \tGetHandleVerifier [0x00C49B60+518112]\n   \tOrdinal0 [0x00B59FBC+1810364]\n   \tOrdinal0 [0x00B5EA28+1829416]\n   \tOrdinal0 [0x00B5EB15+1829653]\n   \tOrdinal0 [0x00B68744+1869636]\n   \tBaseThreadInitThunk [0x776CFA29+25]\n   \tRtlGetAppContainerNamedObjectPath [0x77C27BBE+286]\n   \tRtlGetAppContainerNamedObjectPath [0x77C27B8E+238]\n", "test_name": "test_pageindex5hal", "rerun": "0"}, "18": {"status": "PASS", "message": "", "test_name": "test_pergikepage", "rerun": "0"}, "19": {"status": "FAIL", "message": "   selenium.common.exceptions.ElementClickInterceptedException: Message: element click intercepted: Element <div class=\"el-space__item\" style=\"padding-bottom: 8px; margin-right: 8px;\">...</div> is not clickable at point (1792, 248). Other element would receive the click: <div class=\"el-overlay-dialog\">...</div>\n     (Session info: chrome=105.0.5195.127)\n   Stacktrace:\n   Backtrace:\n   \tOrdinal0 [0x00BBC0A3+2212003]\n   \tOrdinal0 [0x00B52CC1+1780929]\n   \tOrdinal0 [0x00A6465D+804445]\n   \tOrdinal0 [0x00A99E04+1023492]\n   \tOrdinal0 [0x00A97CF4+1015028]\n   \tOrdinal0 [0x00A958FB+1005819]\n   \tOrdinal0 [0x00A94567+1000807]\n   \tOrdinal0 [0x00A89FB6+958390]\n   \tOrdinal0 [0x00AAEC1C+1109020]\n   \tOrdinal0 [0x00A898F4+956660]\n   \tOrdinal0 [0x00AAEE34+1109556]\n   \tOrdinal0 [0x00ABF5B2+1177010]\n   \tOrdinal0 [0x00AAEA36+1108534]\n   \tOrdinal0 [0x00A883C9+951241]\n   \tOrdinal0 [0x00A89396+955286]\n   \tGetHandleVerifier [0x00E69CE2+2746722]\n   \tGetHandleVerifier [0x00E5A234+2682548]\n   \tGetHandleVerifier [0x00C4B34A+524234]\n   \tGetHandleVerifier [0x00C49B60+518112]\n   \tOrdinal0 [0x00B59FBC+1810364]\n   \tOrdinal0 [0x00B5EA28+1829416]\n   \tOrdinal0 [0x00B5EB15+1829653]\n   \tOrdinal0 [0x00B68744+1869636]\n   \tBaseThreadInitThunk [0x776CFA29+25]\n   \tRtlGetAppContainerNamedObjectPath [0x77C27BBE+286]\n   \tRtlGetAppContainerNamedObjectPath [0x77C27B8E+238]\n", "test_name": "test_Buka_halaman_Ubah", "rerun": "0"}, "20": {"status": "PASS", "message": "", "test_name": "test_Buka_halaman_tambah", "rerun": "0"}, "21": {"status": "PASS", "message": "", "test_name": "test_Buka_halaman_Daftarbarang", "rerun": "0"}}, "suite_name": "Test_Penerimaan_1_Index.py"}}}, "date": "November 08, 2022", "start_time": 1667899135.459976, "total_suite": 1, "status": "FAIL", "status_list": {"pass": "15", "fail": "7", "skip": "0", "error": "0", "xpass": "0", "xfail": "0", "rerun": "0"}, "total_tests": "22"}