{"content": {"suites": {"0": {"status": {"total_pass": 8, "total_skip": 0, "total_xpass": 0, "total_xfail": 0, "total_rerun": 0, "total_fail": 5, "total_error": 0}, "tests": {"0": {"status": "PASS", "message": "", "test_name": "test_1_SetupOs", "rerun": "0"}, "1": {"status": "PASS", "message": "", "test_name": "test_2_Login", "rerun": "0"}, "2": {"status": "PASS", "message": "", "test_name": "test_2_AksesMenu", "rerun": "0"}, "3": {"status": "PASS", "message": "", "test_name": "test_3_CreateButton", "rerun": "0"}, "4": {"status": "PASS", "message": "", "test_name": "test_3_SearchWBP", "rerun": "0"}, "5": {"status": "PASS", "message": "", "test_name": "test_4_PilihJenisGangguan", "rerun": "0"}, "6": {"status": "PASS", "message": "", "test_name": "test_5_ClickButtonDaftarkan", "rerun": "0"}, "7": {"status": "FAIL", "message": "   selenium.common.exceptions.TimeoutException: Message: \n   Stacktrace:\n   0   chromedriver                        0x0000000104b84ae8 chromedriver + 4958952\n   1   chromedriver                        0x0000000104b7c7b3 chromedriver + 4925363\n   2   chromedriver                        0x000000010473e1d6 chromedriver + 475606\n   3   chromedriver                        0x0000000104781a20 chromedriver + 752160\n   4   chromedriver                        0x0000000104781c81 chromedriver + 752769\n   5   chromedriver                        0x00000001047c5f64 chromedriver + 1032036\n   6   chromedriver                        0x00000001047a7c3d chromedriver + 908349\n   7   chromedriver                        0x00000001047c325b chromedriver + 1020507\n   8   chromedriver                        0x00000001047a79e3 chromedriver + 907747\n   9   chromedriver                        0x0000000104771aef chromedriver + 686831\n   10  chromedriver                        0x000000010477300e chromedriver + 692238\n   11  chromedriver                        0x0000000104b409ad chromedriver + 4680109\n   12  chromedriver                        0x0000000104b45c12 chromedriver + 4701202\n   13  chromedriver                        0x0000000104b4c79f chromedriver + 4728735\n   14  chromedriver                        0x0000000104b46b7a chromedriver + 4705146\n   15  chromedriver                        0x0000000104b1927e chromedriver + 4518526\n   16  chromedriver                        0x0000000104b66908 chromedriver + 4835592\n   17  chromedriver                        0x0000000104b66a87 chromedriver + 4835975\n   18  chromedriver                        0x0000000104b7600f chromedriver + 4898831\n   19  libsystem_pthread.dylib             0x00007ff80ee0b1d3 _pthread_start + 125\n   20  libsystem_pthread.dylib             0x00007ff80ee06bd3 thread_start + 15\n", "test_name": "test_6_InputData", "rerun": "0"}, "8": {"status": "PASS", "message": "", "test_name": "test_7_submit", "rerun": "0"}, "9": {"status": "FAIL", "message": "   selenium.common.exceptions.NoSuchWindowException: Message: no such window: target window already closed\n   from unknown error: web view not found\n     (Session info: chrome=112.0.5615.49)\n   Stacktrace:\n   0   chromedriver                        0x0000000104d0aae8 chromedriver + 4958952\n   1   chromedriver                        0x0000000104d027b3 chromedriver + 4925363\n   2   chromedriver                        0x00000001048c41d6 chromedriver + 475606\n   3   chromedriver                        0x0000000104899cec chromedriver + 302316\n   4   chromedriver                        0x0000000104932f2f chromedriver + 929583\n   5   chromedriver                        0x0000000104948926 chromedriver + 1018150\n   6   chromedriver                        0x000000010492d9e3 chromedriver + 907747\n   7   chromedriver                        0x00000001048f7aef chromedriver + 686831\n   8   chromedriver                        0x00000001048f900e chromedriver + 692238\n   9   chromedriver                        0x0000000104cc69ad chromedriver + 4680109\n   10  chromedriver                        0x0000000104ccbc12 chromedriver + 4701202\n   11  chromedriver                        0x0000000104cd279f chromedriver + 4728735\n   12  chromedriver                        0x0000000104cccb7a chromedriver + 4705146\n   13  chromedriver                        0x0000000104c9f27e chromedriver + 4518526\n   14  chromedriver                        0x0000000104cec908 chromedriver + 4835592\n   15  chromedriver                        0x0000000104ceca87 chromedriver + 4835975\n   16  chromedriver                        0x0000000104cfc00f chromedriver + 4898831\n   17  libsystem_pthread.dylib             0x00007ff80ee0b1d3 _pthread_start + 125\n   18  libsystem_pthread.dylib             0x00007ff80ee06bd3 thread_start + 15\n", "test_name": "test_8_SetupOs", "rerun": "0"}, "10": {"status": "FAIL", "message": "   AttributeError: 'NoneType' object has no attribute 'click'\n", "test_name": "test_9_LoginSPV", "rerun": "0"}, "11": {"status": "FAIL", "message": "   selenium.common.exceptions.NoSuchWindowException: Message: no such window: target window already closed\n   from unknown error: web view not found\n     (Session info: chrome=112.0.5615.49)\n   Stacktrace:\n   0   chromedriver                        0x0000000104b84ae8 chromedriver + 4958952\n   1   chromedriver                        0x0000000104b7c7b3 chromedriver + 4925363\n   2   chromedriver                        0x000000010473e1d6 chromedriver + 475606\n   3   chromedriver                        0x0000000104713cec chromedriver + 302316\n   4   chromedriver                        0x00000001047acf2f chromedriver + 929583\n   5   chromedriver                        0x00000001047c2926 chromedriver + 1018150\n   6   chromedriver                        0x00000001047a79e3 chromedriver + 907747\n   7   chromedriver                        0x0000000104771aef chromedriver + 686831\n   8   chromedriver                        0x000000010477300e chromedriver + 692238\n   9   chromedriver                        0x0000000104b409ad chromedriver + 4680109\n   10  chromedriver                        0x0000000104b45c12 chromedriver + 4701202\n   11  chromedriver                        0x0000000104b4c79f chromedriver + 4728735\n   12  chromedriver                        0x0000000104b46b7a chromedriver + 4705146\n   13  chromedriver                        0x0000000104b1927e chromedriver + 4518526\n   14  chromedriver                        0x0000000104b66908 chromedriver + 4835592\n   15  chromedriver                        0x0000000104b66a87 chromedriver + 4835975\n   16  chromedriver                        0x0000000104b7600f chromedriver + 4898831\n   17  libsystem_pthread.dylib             0x00007ff80ee0b1d3 _pthread_start + 125\n   18  libsystem_pthread.dylib             0x00007ff80ee06bd3 thread_start + 15\n   selenium.common.exceptions.NoSuchWindowException: Message: no such window: target window already closed\n   from unknown error: web view not found\n     (Session info: chrome=112.0.5615.49)\n   Stacktrace:\n   0   chromedriver                        0x0000000104b84ae8 chromedriver + 4958952\n   1   chromedriver                        0x0000000104b7c7b3 chromedriver + 4925363\n   2   chromedriver                        0x000000010473e1d6 chromedriver + 475606\n   3   chromedriver                        0x0000000104713cec chromedriver + 302316\n   4   chromedriver                        0x00000001047acf2f chromedriver + 929583\n   5   chromedriver                        0x00000001047c2926 chromedriver + 1018150\n   6   chromedriver                        0x00000001047a79e3 chromedriver + 907747\n   7   chromedriver                        0x0000000104771aef chromedriver + 686831\n   8   chromedriver                        0x000000010477300e chromedriver + 692238\n   9   chromedriver                        0x0000000104b409ad chromedriver + 4680109\n   10  chromedriver                        0x0000000104b45c12 chromedriver + 4701202\n   11  chromedriver                        0x0000000104b4c79f chromedriver + 4728735\n   12  chromedriver                        0x0000000104b46b7a chromedriver + 4705146\n   13  chromedriver                        0x0000000104b1927e chromedriver + 4518526\n   14  chromedriver                        0x0000000104b66908 chromedriver + 4835592\n   15  chromedriver                        0x0000000104b66a87 chromedriver + 4835975\n   16  chromedriver                        0x0000000104b7600f chromedriver + 4898831\n   17  libsystem_pthread.dylib             0x00007ff80ee0b1d3 _pthread_start + 125\n   18  libsystem_pthread.dylib             0x00007ff80ee06bd3 thread_start + 15\n", "test_name": "test_10_AksesMenuSpv", "rerun": "0"}, "12": {"status": "FAIL", "message": "   selenium.common.exceptions.NoSuchWindowException: Message: no such window: target window already closed\n   from unknown error: web view not found\n     (Session info: chrome=112.0.5615.49)\n   Stacktrace:\n   0   chromedriver                        0x0000000104b84ae8 chromedriver + 4958952\n   1   chromedriver                        0x0000000104b7c7b3 chromedriver + 4925363\n   2   chromedriver                        0x000000010473e1d6 chromedriver + 475606\n   3   chromedriver                        0x0000000104713cec chromedriver + 302316\n   4   chromedriver                        0x00000001047acf2f chromedriver + 929583\n   5   chromedriver                        0x00000001047c2926 chromedriver + 1018150\n   6   chromedriver                        0x00000001047a79e3 chromedriver + 907747\n   7   chromedriver                        0x0000000104771aef chromedriver + 686831\n   8   chromedriver                        0x000000010477300e chromedriver + 692238\n   9   chromedriver                        0x0000000104b409ad chromedriver + 4680109\n   10  chromedriver                        0x0000000104b45c12 chromedriver + 4701202\n   11  chromedriver                        0x0000000104b4c79f chromedriver + 4728735\n   12  chromedriver                        0x0000000104b46b7a chromedriver + 4705146\n   13  chromedriver                        0x0000000104b1927e chromedriver + 4518526\n   14  chromedriver                        0x0000000104b66908 chromedriver + 4835592\n   15  chromedriver                        0x0000000104b66a87 chromedriver + 4835975\n   16  chromedriver                        0x0000000104b7600f chromedriver + 4898831\n   17  libsystem_pthread.dylib             0x00007ff80ee0b1d3 _pthread_start + 125\n   18  libsystem_pthread.dylib             0x00007ff80ee06bd3 thread_start + 15\n   selenium.common.exceptions.NoSuchWindowException: Message: no such window: target window already closed\n   from unknown error: web view not found\n     (Session info: chrome=112.0.5615.49)\n   Stacktrace:\n   0   chromedriver                        0x0000000104b84ae8 chromedriver + 4958952\n   1   chromedriver                        0x0000000104b7c7b3 chromedriver + 4925363\n   2   chromedriver                        0x000000010473e1d6 chromedriver + 475606\n   3   chromedriver                        0x0000000104713cec chromedriver + 302316\n   4   chromedriver                        0x00000001047acf2f chromedriver + 929583\n   5   chromedriver                        0x00000001047c2926 chromedriver + 1018150\n   6   chromedriver                        0x00000001047a79e3 chromedriver + 907747\n   7   chromedriver                        0x0000000104771aef chromedriver + 686831\n   8   chromedriver                        0x000000010477300e chromedriver + 692238\n   9   chromedriver                        0x0000000104b409ad chromedriver + 4680109\n   10  chromedriver                        0x0000000104b45c12 chromedriver + 4701202\n   11  chromedriver                        0x0000000104b4c79f chromedriver + 4728735\n   12  chromedriver                        0x0000000104b46b7a chromedriver + 4705146\n   13  chromedriver                        0x0000000104b1927e chromedriver + 4518526\n   14  chromedriver                        0x0000000104b66908 chromedriver + 4835592\n   15  chromedriver                        0x0000000104b66a87 chromedriver + 4835975\n   16  chromedriver                        0x0000000104b7600f chromedriver + 4898831\n   17  libsystem_pthread.dylib             0x00007ff80ee0b1d3 _pthread_start + 125\n   18  libsystem_pthread.dylib             0x00007ff80ee06bd3 thread_start + 15\n", "test_name": "test_11_KirimLaporanSpv", "rerun": "0"}}, "suite_name": "4LaporanBulanan/10.Laporan7D/Fungsional/test_Laporan7D.py"}}}, "date": "April 17, 2023", "start_time": 1681711721.942258, "total_suite": 1, "status": "FAIL", "status_list": {"pass": "8", "fail": "5", "skip": "0", "error": "0", "xpass": "0", "xfail": "0", "rerun": "0"}, "total_tests": "13"}