{"content": {"suites": {"0": {"status": {"total_pass": 13, "total_skip": 0, "total_xpass": 0, "total_xfail": 0, "total_rerun": 0, "total_fail": 2, "total_error": 0}, "tests": {"0": {"status": "PASS", "message": "", "test_name": "test_17_loginKanwil", "rerun": "0"}, "1": {"status": "PASS", "message": "", "test_name": "test_18_AksesMenuSpv", "rerun": "0"}, "2": {"status": "PASS", "message": "", "test_name": "test_19_VerifikasiLaporanKanwil", "rerun": "0"}, "3": {"status": "PASS", "message": "", "test_name": "test_20_ClickButtonSearch", "rerun": "0"}, "4": {"status": "PASS", "message": "", "test_name": "test_21_ClickButtonVerifikasi", "rerun": "0"}, "5": {"status": "PASS", "message": "", "test_name": "test_22_StatusVerifikasiModal", "rerun": "0"}, "6": {"status": "PASS", "message": "", "test_name": "test_23_UbahStatus", "rerun": "0"}, "7": {"status": "PASS", "message": "", "test_name": "test_24_Inputketerangan", "rerun": "0"}, "8": {"status": "PASS", "message": "", "test_name": "test_25_SimpanVerifikasi", "rerun": "0"}, "9": {"status": "PASS", "message": "", "test_name": "test_26_loginPusat", "rerun": "0"}, "10": {"status": "PASS", "message": "", "test_name": "test_27_AksesMenuPusat", "rerun": "0"}, "11": {"status": "PASS", "message": "", "test_name": "test_28_PilihKanwil", "rerun": "0"}, "12": {"status": "FAIL", "message": "   selenium.common.exceptions.NoSuchElementException: Message: no such element: Unable to locate element: {\"method\":\"css selector\",\"selector\":\"[id=\"formfilterUpt2\"]\"}\n     (Session info: chrome=112.0.5615.49)\n   Stacktrace:\n   0   chromedriver                        0x0000000100e1dae8 chromedriver + 4958952\n   1   chromedriver                        0x0000000100e157b3 chromedriver + 4925363\n   2   chromedriver                        0x00000001009d71d6 chromedriver + 475606\n   3   chromedriver                        0x0000000100a1aa20 chromedriver + 752160\n   4   chromedriver                        0x0000000100a1ac81 chromedriver + 752769\n   5   chromedriver                        0x0000000100a5ef64 chromedriver + 1032036\n   6   chromedriver                        0x0000000100a40c3d chromedriver + 908349\n   7   chromedriver                        0x0000000100a5c25b chromedriver + 1020507\n   8   chromedriver                        0x0000000100a409e3 chromedriver + 907747\n   9   chromedriver                        0x0000000100a0aaef chromedriver + 686831\n   10  chromedriver                        0x0000000100a0c00e chromedriver + 692238\n   11  chromedriver                        0x0000000100dd99ad chromedriver + 4680109\n   12  chromedriver                        0x0000000100ddec12 chromedriver + 4701202\n   13  chromedriver                        0x0000000100de579f chromedriver + 4728735\n   14  chromedriver                        0x0000000100ddfb7a chromedriver + 4705146\n   15  chromedriver                        0x0000000100db227e chromedriver + 4518526\n   16  chromedriver                        0x0000000100dff908 chromedriver + 4835592\n   17  chromedriver                        0x0000000100dffa87 chromedriver + 4835975\n   18  chromedriver                        0x0000000100e0f00f chromedriver + 4898831\n   19  libsystem_pthread.dylib             0x00007ff80e8131d3 _pthread_start + 125\n   20  libsystem_pthread.dylib             0x00007ff80e80ebd3 thread_start + 15\n", "test_name": "test_29_PilihUPT", "rerun": "0"}, "13": {"status": "FAIL", "message": "   selenium.common.exceptions.TimeoutException: Message:\n", "test_name": "test_30_ClickButtonSearch", "rerun": "0"}, "14": {"status": "PASS", "message": "", "test_name": "test_31_exit", "rerun": "0"}}, "suite_name": "4LaporanBulanan/3.Laporan6C/Fungsional/test_Laporan6C.py"}}}, "date": "April 07, 2023", "start_time": 1680805816.784107, "total_suite": 1, "status": "FAIL", "status_list": {"pass": "13", "fail": "2", "skip": "0", "error": "0", "xpass": "0", "xfail": "0", "rerun": "0"}, "total_tests": "15"}