{"content": {"suites": {"0": {"status": {"total_pass": 18, "total_skip": 0, "total_xpass": 0, "total_xfail": 0, "total_rerun": 0, "total_fail": 7, "total_error": 0}, "tests": {"0": {"status": "PASS", "message": "", "test_name": "test_1loginOperator", "rerun": "0"}, "1": {"status": "PASS", "message": "", "test_name": "test_2_AksesMenu", "rerun": "0"}, "2": {"status": "PASS", "message": "", "test_name": "test_3_CreateButton", "rerun": "0"}, "3": {"status": "PASS", "message": "", "test_name": "test_4_JenisKerusuhan", "rerun": "0"}, "4": {"status": "PASS", "message": "", "test_name": "test_5_WaktuKejadian", "rerun": "0"}, "5": {"status": "PASS", "message": "", "test_name": "test_6_IndikasiPenyebab", "rerun": "0"}, "6": {"status": "PASS", "message": "", "test_name": "test_7_TotalKerugian", "rerun": "0"}, "7": {"status": "PASS", "message": "", "test_name": "test_8_KorbanJiwa", "rerun": "0"}, "8": {"status": "PASS", "message": "", "test_name": "test_9_TindakanSementaraYangDilakukan", "rerun": "0"}, "9": {"status": "PASS", "message": "", "test_name": "test_10_BantuanPihakLain", "rerun": "0"}, "10": {"status": "PASS", "message": "", "test_name": "test_11_KondisiAkhir", "rerun": "0"}, "11": {"status": "PASS", "message": "", "test_name": "test_12_Keterangan", "rerun": "0"}, "12": {"status": "PASS", "message": "", "test_name": "test_13_Submit", "rerun": "0"}, "13": {"status": "PASS", "message": "", "test_name": "test_14_loginSPV", "rerun": "0"}, "14": {"status": "PASS", "message": "", "test_name": "test_15_AksesMenuSpv", "rerun": "0"}, "15": {"status": "FAIL", "message": "   selenium.common.exceptions.ElementClickInterceptedException: Message: element click intercepted: Element <span class=\"\">...</span> is not clickable at point (1819, 762). Other element would receive the click: <div class=\"el-loading-mask\" style=\"\">...</div>\n     (Session info: chrome=112.0.5615.49)\n   Stacktrace:\n   0   chromedriver                        0x0000000100e2eae8 chromedriver + 4958952\n   1   chromedriver                        0x0000000100e267b3 chromedriver + 4925363\n   2   chromedriver                        0x00000001009e81d6 chromedriver + 475606\n   3   chromedriver                        0x0000000100a35321 chromedriver + 791329\n   4   chromedriver                        0x0000000100a3236e chromedriver + 779118\n   5   chromedriver                        0x0000000100a2efd4 chromedriver + 765908\n   6   chromedriver                        0x0000000100a2d9af chromedriver + 760239\n   7   chromedriver                        0x0000000100a1e283 chromedriver + 696963\n   8   chromedriver                        0x0000000100a51c12 chromedriver + 908306\n   9   chromedriver                        0x0000000100a1d8f1 chromedriver + 694513\n   10  chromedriver                        0x0000000100a51dce chromedriver + 908750\n   11  chromedriver                        0x0000000100a6d25b chromedriver + 1020507\n   12  chromedriver                        0x0000000100a519e3 chromedriver + 907747\n   13  chromedriver                        0x0000000100a1baef chromedriver + 686831\n   14  chromedriver                        0x0000000100a1d00e chromedriver + 692238\n   15  chromedriver                        0x0000000100dea9ad chromedriver + 4680109\n   16  chromedriver                        0x0000000100defc12 chromedriver + 4701202\n   17  chromedriver                        0x0000000100df679f chromedriver + 4728735\n   18  chromedriver                        0x0000000100df0b7a chromedriver + 4705146\n   19  chromedriver                        0x0000000100dc327e chromedriver + 4518526\n   20  chromedriver                        0x0000000100e10908 chromedriver + 4835592\n   21  chromedriver                        0x0000000100e10a87 chromedriver + 4835975\n   22  chromedriver                        0x0000000100e2000f chromedriver + 4898831\n   23  libsystem_pthread.dylib             0x00007ff80e8131d3 _pthread_start + 125\n   24  libsystem_pthread.dylib             0x00007ff80e80ebd3 thread_start + 15\n", "test_name": "test_16_KirimLaporanSpv", "rerun": "0"}, "16": {"status": "PASS", "message": "", "test_name": "test_17_loginKanwil", "rerun": "0"}, "17": {"status": "PASS", "message": "", "test_name": "test_18_AksesMenuSpv", "rerun": "0"}, "18": {"status": "FAIL", "message": "   selenium.common.exceptions.TimeoutException: Message:\n", "test_name": "test_19_VerifikasiLaporanKanwil", "rerun": "0"}, "19": {"status": "PASS", "message": "", "test_name": "test_20_ClickButtonSearch", "rerun": "0"}, "20": {"status": "FAIL", "message": "   selenium.common.exceptions.TimeoutException: Message: \n   Stacktrace:\n   0   chromedriver                        0x000000010117eae8 chromedriver + 4958952\n   1   chromedriver                        0x00000001011767b3 chromedriver + 4925363\n   2   chromedriver                        0x0000000100d381d6 chromedriver + 475606\n   3   chromedriver                        0x0000000100d7ba20 chromedriver + 752160\n   4   chromedriver                        0x0000000100d7bc81 chromedriver + 752769\n   5   chromedriver                        0x0000000100dbff64 chromedriver + 1032036\n   6   chromedriver                        0x0000000100da1c3d chromedriver + 908349\n   7   chromedriver                        0x0000000100dbd25b chromedriver + 1020507\n   8   chromedriver                        0x0000000100da19e3 chromedriver + 907747\n   9   chromedriver                        0x0000000100d6baef chromedriver + 686831\n   10  chromedriver                        0x0000000100d6d00e chromedriver + 692238\n   11  chromedriver                        0x000000010113a9ad chromedriver + 4680109\n   12  chromedriver                        0x000000010113fc12 chromedriver + 4701202\n   13  chromedriver                        0x000000010114679f chromedriver + 4728735\n   14  chromedriver                        0x0000000101140b7a chromedriver + 4705146\n   15  chromedriver                        0x000000010111327e chromedriver + 4518526\n   16  chromedriver                        0x0000000101160908 chromedriver + 4835592\n   17  chromedriver                        0x0000000101160a87 chromedriver + 4835975\n   18  chromedriver                        0x000000010117000f chromedriver + 4898831\n   19  libsystem_pthread.dylib             0x00007ff80e8131d3 _pthread_start + 125\n   20  libsystem_pthread.dylib             0x00007ff80e80ebd3 thread_start + 15\n", "test_name": "test_21_ClickButtonVerifikasi", "rerun": "0"}, "21": {"status": "FAIL", "message": "   selenium.common.exceptions.TimeoutException: Message: \n   Stacktrace:\n   0   chromedriver                        0x000000010117eae8 chromedriver + 4958952\n   1   chromedriver                        0x00000001011767b3 chromedriver + 4925363\n   2   chromedriver                        0x0000000100d381d6 chromedriver + 475606\n   3   chromedriver                        0x0000000100d7ba20 chromedriver + 752160\n   4   chromedriver                        0x0000000100d7bc81 chromedriver + 752769\n   5   chromedriver                        0x0000000100dbff64 chromedriver + 1032036\n   6   chromedriver                        0x0000000100da1c3d chromedriver + 908349\n   7   chromedriver                        0x0000000100dbd25b chromedriver + 1020507\n   8   chromedriver                        0x0000000100da19e3 chromedriver + 907747\n   9   chromedriver                        0x0000000100d6baef chromedriver + 686831\n   10  chromedriver                        0x0000000100d6d00e chromedriver + 692238\n   11  chromedriver                        0x000000010113a9ad chromedriver + 4680109\n   12  chromedriver                        0x000000010113fc12 chromedriver + 4701202\n   13  chromedriver                        0x000000010114679f chromedriver + 4728735\n   14  chromedriver                        0x0000000101140b7a chromedriver + 4705146\n   15  chromedriver                        0x000000010111327e chromedriver + 4518526\n   16  chromedriver                        0x0000000101160908 chromedriver + 4835592\n   17  chromedriver                        0x0000000101160a87 chromedriver + 4835975\n   18  chromedriver                        0x000000010117000f chromedriver + 4898831\n   19  libsystem_pthread.dylib             0x00007ff80e8131d3 _pthread_start + 125\n   20  libsystem_pthread.dylib             0x00007ff80e80ebd3 thread_start + 15\n", "test_name": "test_22_StatusVerifikasiModal", "rerun": "0"}, "22": {"status": "FAIL", "message": "   selenium.common.exceptions.NoSuchElementException: Message: no such element: Unable to locate element: {\"method\":\"css selector\",\"selector\":\"[id=\"diizinkan\"]\"}\n     (Session info: chrome=112.0.5615.49)\n   Stacktrace:\n   0   chromedriver                        0x000000010117eae8 chromedriver + 4958952\n   1   chromedriver                        0x00000001011767b3 chromedriver + 4925363\n   2   chromedriver                        0x0000000100d381d6 chromedriver + 475606\n   3   chromedriver                        0x0000000100d7ba20 chromedriver + 752160\n   4   chromedriver                        0x0000000100d7bc81 chromedriver + 752769\n   5   chromedriver                        0x0000000100dbff64 chromedriver + 1032036\n   6   chromedriver                        0x0000000100da1c3d chromedriver + 908349\n   7   chromedriver                        0x0000000100dbd25b chromedriver + 1020507\n   8   chromedriver                        0x0000000100da19e3 chromedriver + 907747\n   9   chromedriver                        0x0000000100d6baef chromedriver + 686831\n   10  chromedriver                        0x0000000100d6d00e chromedriver + 692238\n   11  chromedriver                        0x000000010113a9ad chromedriver + 4680109\n   12  chromedriver                        0x000000010113fc12 chromedriver + 4701202\n   13  chromedriver                        0x000000010114679f chromedriver + 4728735\n   14  chromedriver                        0x0000000101140b7a chromedriver + 4705146\n   15  chromedriver                        0x000000010111327e chromedriver + 4518526\n   16  chromedriver                        0x0000000101160908 chromedriver + 4835592\n   17  chromedriver                        0x0000000101160a87 chromedriver + 4835975\n   18  chromedriver                        0x000000010117000f chromedriver + 4898831\n   19  libsystem_pthread.dylib             0x00007ff80e8131d3 _pthread_start + 125\n   20  libsystem_pthread.dylib             0x00007ff80e80ebd3 thread_start + 15\n", "test_name": "test_23_UbahStatus", "rerun": "0"}, "23": {"status": "FAIL", "message": "   selenium.common.exceptions.NoSuchElementException: Message: no such element: Unable to locate element: {\"method\":\"css selector\",\"selector\":\"[id=\"keterangan\"]\"}\n     (Session info: chrome=112.0.5615.49)\n   Stacktrace:\n   0   chromedriver                        0x000000010117eae8 chromedriver + 4958952\n   1   chromedriver                        0x00000001011767b3 chromedriver + 4925363\n   2   chromedriver                        0x0000000100d381d6 chromedriver + 475606\n   3   chromedriver                        0x0000000100d7ba20 chromedriver + 752160\n   4   chromedriver                        0x0000000100d7bc81 chromedriver + 752769\n   5   chromedriver                        0x0000000100dbff64 chromedriver + 1032036\n   6   chromedriver                        0x0000000100da1c3d chromedriver + 908349\n   7   chromedriver                        0x0000000100dbd25b chromedriver + 1020507\n   8   chromedriver                        0x0000000100da19e3 chromedriver + 907747\n   9   chromedriver                        0x0000000100d6baef chromedriver + 686831\n   10  chromedriver                        0x0000000100d6d00e chromedriver + 692238\n   11  chromedriver                        0x000000010113a9ad chromedriver + 4680109\n   12  chromedriver                        0x000000010113fc12 chromedriver + 4701202\n   13  chromedriver                        0x000000010114679f chromedriver + 4728735\n   14  chromedriver                        0x0000000101140b7a chromedriver + 4705146\n   15  chromedriver                        0x000000010111327e chromedriver + 4518526\n   16  chromedriver                        0x0000000101160908 chromedriver + 4835592\n   17  chromedriver                        0x0000000101160a87 chromedriver + 4835975\n   18  chromedriver                        0x000000010117000f chromedriver + 4898831\n   19  libsystem_pthread.dylib             0x00007ff80e8131d3 _pthread_start + 125\n   20  libsystem_pthread.dylib             0x00007ff80e80ebd3 thread_start + 15\n", "test_name": "test_24_Inputketerangan", "rerun": "0"}, "24": {"status": "FAIL", "message": "   selenium.common.exceptions.NoSuchElementException: Message: no such element: Unable to locate element: {\"method\":\"css selector\",\"selector\":\"[id=\"simpanVerifikasi\"]\"}\n     (Session info: chrome=112.0.5615.49)\n   Stacktrace:\n   0   chromedriver                        0x000000010117eae8 chromedriver + 4958952\n   1   chromedriver                        0x00000001011767b3 chromedriver + 4925363\n   2   chromedriver                        0x0000000100d381d6 chromedriver + 475606\n   3   chromedriver                        0x0000000100d7ba20 chromedriver + 752160\n   4   chromedriver                        0x0000000100d7bc81 chromedriver + 752769\n   5   chromedriver                        0x0000000100dbff64 chromedriver + 1032036\n   6   chromedriver                        0x0000000100da1c3d chromedriver + 908349\n   7   chromedriver                        0x0000000100dbd25b chromedriver + 1020507\n   8   chromedriver                        0x0000000100da19e3 chromedriver + 907747\n   9   chromedriver                        0x0000000100d6baef chromedriver + 686831\n   10  chromedriver                        0x0000000100d6d00e chromedriver + 692238\n   11  chromedriver                        0x000000010113a9ad chromedriver + 4680109\n   12  chromedriver                        0x000000010113fc12 chromedriver + 4701202\n   13  chromedriver                        0x000000010114679f chromedriver + 4728735\n   14  chromedriver                        0x0000000101140b7a chromedriver + 4705146\n   15  chromedriver                        0x000000010111327e chromedriver + 4518526\n   16  chromedriver                        0x0000000101160908 chromedriver + 4835592\n   17  chromedriver                        0x0000000101160a87 chromedriver + 4835975\n   18  chromedriver                        0x000000010117000f chromedriver + 4898831\n   19  libsystem_pthread.dylib             0x00007ff80e8131d3 _pthread_start + 125\n   20  libsystem_pthread.dylib             0x00007ff80e80ebd3 thread_start + 15\n", "test_name": "test_25_SimpanVerifikasi", "rerun": "0"}}, "suite_name": "4LaporanBulanan/3.Laporan6C/Fungsional/test_Laporan6C.py"}}}, "date": "April 07, 2023", "start_time": 1680800809.78111, "total_suite": 1, "status": "FAIL", "status_list": {"pass": "18", "fail": "7", "skip": "0", "error": "0", "xpass": "0", "xfail": "0", "rerun": "0"}, "total_tests": "25"}