{"content": {"suites": {"0": {"status": {"total_pass": 6, "total_skip": 0, "total_xpass": 0, "total_xfail": 0, "total_rerun": 0, "total_fail": 4, "total_error": 0}, "tests": {"0": {"status": "PASS", "message": "", "test_name": "test_1loginOperator", "rerun": "0"}, "1": {"status": "PASS", "message": "", "test_name": "test_2_AksesMenu", "rerun": "0"}, "2": {"status": "PASS", "message": "", "test_name": "test_3_CreateButton", "rerun": "0"}, "3": {"status": "FAIL", "message": "   selenium.common.exceptions.NoSuchElementException: Message: no such element: Unable to locate element: {\"method\":\"css selector\",\"selector\":\"[id=\"uraianKejadian\"]\"}\n     (Session info: chrome=112.0.5615.49)\n   Stacktrace:\n   0   chromedriver                        0x00000001012f5ae8 chromedriver + 4958952\n   1   chromedriver                        0x00000001012ed7b3 chromedriver + 4925363\n   2   chromedriver                        0x0000000100eaf1d6 chromedriver + 475606\n   3   chromedriver                        0x0000000100ef2a20 chromedriver + 752160\n   4   chromedriver                        0x0000000100ef2c81 chromedriver + 752769\n   5   chromedriver                        0x0000000100f36f64 chromedriver + 1032036\n   6   chromedriver                        0x0000000100f18c3d chromedriver + 908349\n   7   chromedriver                        0x0000000100f3425b chromedriver + 1020507\n   8   chromedriver                        0x0000000100f189e3 chromedriver + 907747\n   9   chromedriver                        0x0000000100ee2aef chromedriver + 686831\n   10  chromedriver                        0x0000000100ee400e chromedriver + 692238\n   11  chromedriver                        0x00000001012b19ad chromedriver + 4680109\n   12  chromedriver                        0x00000001012b6c12 chromedriver + 4701202\n   13  chromedriver                        0x00000001012bd79f chromedriver + 4728735\n   14  chromedriver                        0x00000001012b7b7a chromedriver + 4705146\n   15  chromedriver                        0x000000010128a27e chromedriver + 4518526\n   16  chromedriver                        0x00000001012d7908 chromedriver + 4835592\n   17  chromedriver                        0x00000001012d7a87 chromedriver + 4835975\n   18  chromedriver                        0x00000001012e700f chromedriver + 4898831\n   19  libsystem_pthread.dylib             0x00007ff80e8131d3 _pthread_start + 125\n   20  libsystem_pthread.dylib             0x00007ff80e80ebd3 thread_start + 15\n", "test_name": "test_4_UraianSingkatKejadian", "rerun": "0"}, "4": {"status": "PASS", "message": "", "test_name": "test_5_WaktuKejadian", "rerun": "0"}, "5": {"status": "FAIL", "message": "   selenium.common.exceptions.NoSuchElementException: Message: no such element: Unable to locate element: {\"method\":\"css selector\",\"selector\":\"[id=\"kerusakan\"]\"}\n     (Session info: chrome=112.0.5615.49)\n   Stacktrace:\n   0   chromedriver                        0x00000001012f5ae8 chromedriver + 4958952\n   1   chromedriver                        0x00000001012ed7b3 chromedriver + 4925363\n   2   chromedriver                        0x0000000100eaf1d6 chromedriver + 475606\n   3   chromedriver                        0x0000000100ef2a20 chromedriver + 752160\n   4   chromedriver                        0x0000000100ef2c81 chromedriver + 752769\n   5   chromedriver                        0x0000000100f36f64 chromedriver + 1032036\n   6   chromedriver                        0x0000000100f18c3d chromedriver + 908349\n   7   chromedriver                        0x0000000100f3425b chromedriver + 1020507\n   8   chromedriver                        0x0000000100f189e3 chromedriver + 907747\n   9   chromedriver                        0x0000000100ee2aef chromedriver + 686831\n   10  chromedriver                        0x0000000100ee400e chromedriver + 692238\n   11  chromedriver                        0x00000001012b19ad chromedriver + 4680109\n   12  chromedriver                        0x00000001012b6c12 chromedriver + 4701202\n   13  chromedriver                        0x00000001012bd79f chromedriver + 4728735\n   14  chromedriver                        0x00000001012b7b7a chromedriver + 4705146\n   15  chromedriver                        0x000000010128a27e chromedriver + 4518526\n   16  chromedriver                        0x00000001012d7908 chromedriver + 4835592\n   17  chromedriver                        0x00000001012d7a87 chromedriver + 4835975\n   18  chromedriver                        0x00000001012e700f chromedriver + 4898831\n   19  libsystem_pthread.dylib             0x00007ff80e8131d3 _pthread_start + 125\n   20  libsystem_pthread.dylib             0x00007ff80e80ebd3 thread_start + 15\n", "test_name": "test_6_Kerusakan", "rerun": "0"}, "6": {"status": "FAIL", "message": "   selenium.common.exceptions.NoSuchElementException: Message: no such element: Unable to locate element: {\"method\":\"css selector\",\"selector\":\"[id=\"totalKerugian\"]\"}\n     (Session info: chrome=112.0.5615.49)\n   Stacktrace:\n   0   chromedriver                        0x00000001012f5ae8 chromedriver + 4958952\n   1   chromedriver                        0x00000001012ed7b3 chromedriver + 4925363\n   2   chromedriver                        0x0000000100eaf1d6 chromedriver + 475606\n   3   chromedriver                        0x0000000100ef2a20 chromedriver + 752160\n   4   chromedriver                        0x0000000100ef2c81 chromedriver + 752769\n   5   chromedriver                        0x0000000100f36f64 chromedriver + 1032036\n   6   chromedriver                        0x0000000100f18c3d chromedriver + 908349\n   7   chromedriver                        0x0000000100f3425b chromedriver + 1020507\n   8   chromedriver                        0x0000000100f189e3 chromedriver + 907747\n   9   chromedriver                        0x0000000100ee2aef chromedriver + 686831\n   10  chromedriver                        0x0000000100ee400e chromedriver + 692238\n   11  chromedriver                        0x00000001012b19ad chromedriver + 4680109\n   12  chromedriver                        0x00000001012b6c12 chromedriver + 4701202\n   13  chromedriver                        0x00000001012bd79f chromedriver + 4728735\n   14  chromedriver                        0x00000001012b7b7a chromedriver + 4705146\n   15  chromedriver                        0x000000010128a27e chromedriver + 4518526\n   16  chromedriver                        0x00000001012d7908 chromedriver + 4835592\n   17  chromedriver                        0x00000001012d7a87 chromedriver + 4835975\n   18  chromedriver                        0x00000001012e700f chromedriver + 4898831\n   19  libsystem_pthread.dylib             0x00007ff80e8131d3 _pthread_start + 125\n   20  libsystem_pthread.dylib             0x00007ff80e80ebd3 thread_start + 15\n", "test_name": "test_7_TotalKerugian", "rerun": "0"}, "7": {"status": "PASS", "message": "", "test_name": "test_8_KorbanJiwa", "rerun": "0"}, "8": {"status": "PASS", "message": "", "test_name": "test_9_TindakanSementaraYangDilakukan", "rerun": "0"}, "9": {"status": "FAIL", "message": "   selenium.common.exceptions.NoSuchElementException: Message: no such element: Unable to locate element: {\"method\":\"css selector\",\"selector\":\"[id=\"tindakLanjut\"]\"}\n     (Session info: chrome=112.0.5615.49)\n   Stacktrace:\n   0   chromedriver                        0x00000001012f5ae8 chromedriver + 4958952\n   1   chromedriver                        0x00000001012ed7b3 chromedriver + 4925363\n   2   chromedriver                        0x0000000100eaf1d6 chromedriver + 475606\n   3   chromedriver                        0x0000000100ef2a20 chromedriver + 752160\n   4   chromedriver                        0x0000000100ef2c81 chromedriver + 752769\n   5   chromedriver                        0x0000000100f36f64 chromedriver + 1032036\n   6   chromedriver                        0x0000000100f18c3d chromedriver + 908349\n   7   chromedriver                        0x0000000100f3425b chromedriver + 1020507\n   8   chromedriver                        0x0000000100f189e3 chromedriver + 907747\n   9   chromedriver                        0x0000000100ee2aef chromedriver + 686831\n   10  chromedriver                        0x0000000100ee400e chromedriver + 692238\n   11  chromedriver                        0x00000001012b19ad chromedriver + 4680109\n   12  chromedriver                        0x00000001012b6c12 chromedriver + 4701202\n   13  chromedriver                        0x00000001012bd79f chromedriver + 4728735\n   14  chromedriver                        0x00000001012b7b7a chromedriver + 4705146\n   15  chromedriver                        0x000000010128a27e chromedriver + 4518526\n   16  chromedriver                        0x00000001012d7908 chromedriver + 4835592\n   17  chromedriver                        0x00000001012d7a87 chromedriver + 4835975\n   18  chromedriver                        0x00000001012e700f chromedriver + 4898831\n   19  libsystem_pthread.dylib             0x00007ff80e8131d3 _pthread_start + 125\n   20  libsystem_pthread.dylib             0x00007ff80e80ebd3 thread_start + 15\n", "test_name": "test_10_TindakLanjut", "rerun": "0"}}, "suite_name": "4LaporanBulanan/3.Laporan6C/Fungsional/test_Laporan6C.py"}}}, "date": "April 06, 2023", "start_time": 1680798281.440636, "total_suite": 1, "status": "FAIL", "status_list": {"pass": "6", "fail": "4", "skip": "0", "error": "0", "xpass": "0", "xfail": "0", "rerun": "0"}, "total_tests": "10"}