{"content": {"suites": {"0": {"status": {"total_pass": 5, "total_skip": 0, "total_xpass": 0, "total_xfail": 0, "total_rerun": 0, "total_fail": 9, "total_error": 0}, "tests": {"0": {"status": "PASS", "message": "", "test_name": "test_24_loginPusat", "rerun": "0"}, "1": {"status": "PASS", "message": "", "test_name": "test_25_AksesMenuPusat", "rerun": "0"}, "2": {"status": "PASS", "message": "", "test_name": "test_26_PilihKanwil", "rerun": "0"}, "3": {"status": "PASS", "message": "", "test_name": "test_27_PilihUPT", "rerun": "0"}, "4": {"status": "PASS", "message": "", "test_name": "test_28_ClickButtonSearch", "rerun": "0"}, "5": {"status": "FAIL", "message": "   selenium.common.exceptions.ElementClickInterceptedException: Message: element click intercepted: Element <button class=\"el-button el-button--primary\" type=\"button\" id=\"buttonMaster\">...</button> is not clickable at point (1811, 259). Other element would receive the click: <div class=\"el-loading-mask el-loading-fade-leave-active el-loading-fade-leave-to\" style=\"\">...</div>\n     (Session info: chrome=112.0.5615.49)\n   Stacktrace:\n   0   chromedriver                        0x00000001046e1ae8 chromedriver + 4958952\n   1   chromedriver                        0x00000001046d97b3 chromedriver + 4925363\n   2   chromedriver                        0x000000010429b1d6 chromedriver + 475606\n   3   chromedriver                        0x00000001042e8321 chromedriver + 791329\n   4   chromedriver                        0x00000001042e536e chromedriver + 779118\n   5   chromedriver                        0x00000001042e1fd4 chromedriver + 765908\n   6   chromedriver                        0x00000001042e09af chromedriver + 760239\n   7   chromedriver                        0x00000001042d1283 chromedriver + 696963\n   8   chromedriver                        0x0000000104304c12 chromedriver + 908306\n   9   chromedriver                        0x00000001042d08f1 chromedriver + 694513\n   10  chromedriver                        0x0000000104304dce chromedriver + 908750\n   11  chromedriver                        0x000000010432025b chromedriver + 1020507\n   12  chromedriver                        0x00000001043049e3 chromedriver + 907747\n   13  chromedriver                        0x00000001042ceaef chromedriver + 686831\n   14  chromedriver                        0x00000001042d000e chromedriver + 692238\n   15  chromedriver                        0x000000010469d9ad chromedriver + 4680109\n   16  chromedriver                        0x00000001046a2c12 chromedriver + 4701202\n   17  chromedriver                        0x00000001046a979f chromedriver + 4728735\n   18  chromedriver                        0x00000001046a3b7a chromedriver + 4705146\n   19  chromedriver                        0x000000010467627e chromedriver + 4518526\n   20  chromedriver                        0x00000001046c3908 chromedriver + 4835592\n   21  chromedriver                        0x00000001046c3a87 chromedriver + 4835975\n   22  chromedriver                        0x00000001046d300f chromedriver + 4898831\n   23  libsystem_pthread.dylib             0x00007ff80554f1d3 _pthread_start + 125\n   24  libsystem_pthread.dylib             0x00007ff80554abd3 thread_start + 15\n", "test_name": "test_29_ClickButtonMaster", "rerun": "0"}, "6": {"status": "FAIL", "message": "   selenium.common.exceptions.TimeoutException: Message: \n   Stacktrace:\n   0   chromedriver                        0x00000001046e1ae8 chromedriver + 4958952\n   1   chromedriver                        0x00000001046d97b3 chromedriver + 4925363\n   2   chromedriver                        0x000000010429b1d6 chromedriver + 475606\n   3   chromedriver                        0x00000001042dea20 chromedriver + 752160\n   4   chromedriver                        0x00000001042dec81 chromedriver + 752769\n   5   chromedriver                        0x0000000104322f64 chromedriver + 1032036\n   6   chromedriver                        0x0000000104304c3d chromedriver + 908349\n   7   chromedriver                        0x000000010432025b chromedriver + 1020507\n   8   chromedriver                        0x00000001043049e3 chromedriver + 907747\n   9   chromedriver                        0x00000001042ceaef chromedriver + 686831\n   10  chromedriver                        0x00000001042d000e chromedriver + 692238\n   11  chromedriver                        0x000000010469d9ad chromedriver + 4680109\n   12  chromedriver                        0x00000001046a2c12 chromedriver + 4701202\n   13  chromedriver                        0x00000001046a979f chromedriver + 4728735\n   14  chromedriver                        0x00000001046a3b7a chromedriver + 4705146\n   15  chromedriver                        0x000000010467627e chromedriver + 4518526\n   16  chromedriver                        0x00000001046c3908 chromedriver + 4835592\n   17  chromedriver                        0x00000001046c3a87 chromedriver + 4835975\n   18  chromedriver                        0x00000001046d300f chromedriver + 4898831\n   19  libsystem_pthread.dylib             0x00007ff80554f1d3 _pthread_start + 125\n   20  libsystem_pthread.dylib             0x00007ff80554abd3 thread_start + 15\n", "test_name": "test_30_CreateButton", "rerun": "0"}, "7": {"status": "FAIL", "message": "   selenium.common.exceptions.ElementNotInteractableException: Message: element not interactable\n     (Session info: chrome=112.0.5615.49)\n   Stacktrace:\n   0   chromedriver                        0x00000001046e1ae8 chromedriver + 4958952\n   1   chromedriver                        0x00000001046d97b3 chromedriver + 4925363\n   2   chromedriver                        0x000000010429b051 chromedriver + 475217\n   3   chromedriver                        0x00000001042e02e8 chromedriver + 758504\n   4   chromedriver                        0x00000001042d1283 chromedriver + 696963\n   5   chromedriver                        0x0000000104304c12 chromedriver + 908306\n   6   chromedriver                        0x00000001042d08f1 chromedriver + 694513\n   7   chromedriver                        0x0000000104304dce chromedriver + 908750\n   8   chromedriver                        0x000000010432025b chromedriver + 1020507\n   9   chromedriver                        0x00000001043049e3 chromedriver + 907747\n   10  chromedriver                        0x00000001042ceaef chromedriver + 686831\n   11  chromedriver                        0x00000001042d000e chromedriver + 692238\n   12  chromedriver                        0x000000010469d9ad chromedriver + 4680109\n   13  chromedriver                        0x00000001046a2c12 chromedriver + 4701202\n   14  chromedriver                        0x00000001046a979f chromedriver + 4728735\n   15  chromedriver                        0x00000001046a3b7a chromedriver + 4705146\n   16  chromedriver                        0x000000010467627e chromedriver + 4518526\n   17  chromedriver                        0x00000001046c3908 chromedriver + 4835592\n   18  chromedriver                        0x00000001046c3a87 chromedriver + 4835975\n   19  chromedriver                        0x00000001046d300f chromedriver + 4898831\n   20  libsystem_pthread.dylib             0x00007ff80554f1d3 _pthread_start + 125\n   21  libsystem_pthread.dylib             0x00007ff80554abd3 thread_start + 15\n", "test_name": "test_31_TipeSenjata", "rerun": "0"}, "8": {"status": "FAIL", "message": "   selenium.common.exceptions.ElementNotInteractableException: Message: element not interactable\n     (Session info: chrome=112.0.5615.49)\n   Stacktrace:\n   0   chromedriver                        0x00000001046e1ae8 chromedriver + 4958952\n   1   chromedriver                        0x00000001046d97b3 chromedriver + 4925363\n   2   chromedriver                        0x000000010429b051 chromedriver + 475217\n   3   chromedriver                        0x00000001042e02e8 chromedriver + 758504\n   4   chromedriver                        0x00000001042d1283 chromedriver + 696963\n   5   chromedriver                        0x0000000104304c12 chromedriver + 908306\n   6   chromedriver                        0x00000001042d08f1 chromedriver + 694513\n   7   chromedriver                        0x0000000104304dce chromedriver + 908750\n   8   chromedriver                        0x000000010432025b chromedriver + 1020507\n   9   chromedriver                        0x00000001043049e3 chromedriver + 907747\n   10  chromedriver                        0x00000001042ceaef chromedriver + 686831\n   11  chromedriver                        0x00000001042d000e chromedriver + 692238\n   12  chromedriver                        0x000000010469d9ad chromedriver + 4680109\n   13  chromedriver                        0x00000001046a2c12 chromedriver + 4701202\n   14  chromedriver                        0x00000001046a979f chromedriver + 4728735\n   15  chromedriver                        0x00000001046a3b7a chromedriver + 4705146\n   16  chromedriver                        0x000000010467627e chromedriver + 4518526\n   17  chromedriver                        0x00000001046c3908 chromedriver + 4835592\n   18  chromedriver                        0x00000001046c3a87 chromedriver + 4835975\n   19  chromedriver                        0x00000001046d300f chromedriver + 4898831\n   20  libsystem_pthread.dylib             0x00007ff80554f1d3 _pthread_start + 125\n   21  libsystem_pthread.dylib             0x00007ff80554abd3 thread_start + 15\n", "test_name": "test_32_JenisSenjata", "rerun": "0"}, "9": {"status": "FAIL", "message": "   selenium.common.exceptions.ElementNotInteractableException: Message: element not interactable\n     (Session info: chrome=112.0.5615.49)\n   Stacktrace:\n   0   chromedriver                        0x00000001046e1ae8 chromedriver + 4958952\n   1   chromedriver                        0x00000001046d97b3 chromedriver + 4925363\n   2   chromedriver                        0x000000010429b051 chromedriver + 475217\n   3   chromedriver                        0x00000001042e02e8 chromedriver + 758504\n   4   chromedriver                        0x00000001042d1283 chromedriver + 696963\n   5   chromedriver                        0x0000000104304c12 chromedriver + 908306\n   6   chromedriver                        0x00000001042d08f1 chromedriver + 694513\n   7   chromedriver                        0x0000000104304dce chromedriver + 908750\n   8   chromedriver                        0x000000010432025b chromedriver + 1020507\n   9   chromedriver                        0x00000001043049e3 chromedriver + 907747\n   10  chromedriver                        0x00000001042ceaef chromedriver + 686831\n   11  chromedriver                        0x00000001042d000e chromedriver + 692238\n   12  chromedriver                        0x000000010469d9ad chromedriver + 4680109\n   13  chromedriver                        0x00000001046a2c12 chromedriver + 4701202\n   14  chromedriver                        0x00000001046a979f chromedriver + 4728735\n   15  chromedriver                        0x00000001046a3b7a chromedriver + 4705146\n   16  chromedriver                        0x000000010467627e chromedriver + 4518526\n   17  chromedriver                        0x00000001046c3908 chromedriver + 4835592\n   18  chromedriver                        0x00000001046c3a87 chromedriver + 4835975\n   19  chromedriver                        0x00000001046d300f chromedriver + 4898831\n   20  libsystem_pthread.dylib             0x00007ff80554f1d3 _pthread_start + 125\n   21  libsystem_pthread.dylib             0x00007ff80554abd3 thread_start + 15\n", "test_name": "test_33_JenisPeluru", "rerun": "0"}, "10": {"status": "FAIL", "message": "   selenium.common.exceptions.ElementNotInteractableException: Message: element not interactable\n     (Session info: chrome=112.0.5615.49)\n   Stacktrace:\n   0   chromedriver                        0x00000001046e1ae8 chromedriver + 4958952\n   1   chromedriver                        0x00000001046d97b3 chromedriver + 4925363\n   2   chromedriver                        0x000000010429b051 chromedriver + 475217\n   3   chromedriver                        0x00000001042e02e8 chromedriver + 758504\n   4   chromedriver                        0x00000001042d1283 chromedriver + 696963\n   5   chromedriver                        0x0000000104304c12 chromedriver + 908306\n   6   chromedriver                        0x00000001042d08f1 chromedriver + 694513\n   7   chromedriver                        0x0000000104304dce chromedriver + 908750\n   8   chromedriver                        0x000000010432025b chromedriver + 1020507\n   9   chromedriver                        0x00000001043049e3 chromedriver + 907747\n   10  chromedriver                        0x00000001042ceaef chromedriver + 686831\n   11  chromedriver                        0x00000001042d000e chromedriver + 692238\n   12  chromedriver                        0x000000010469d9ad chromedriver + 4680109\n   13  chromedriver                        0x00000001046a2c12 chromedriver + 4701202\n   14  chromedriver                        0x00000001046a979f chromedriver + 4728735\n   15  chromedriver                        0x00000001046a3b7a chromedriver + 4705146\n   16  chromedriver                        0x000000010467627e chromedriver + 4518526\n   17  chromedriver                        0x00000001046c3908 chromedriver + 4835592\n   18  chromedriver                        0x00000001046c3a87 chromedriver + 4835975\n   19  chromedriver                        0x00000001046d300f chromedriver + 4898831\n   20  libsystem_pthread.dylib             0x00007ff80554f1d3 _pthread_start + 125\n   21  libsystem_pthread.dylib             0x00007ff80554abd3 thread_start + 15\n", "test_name": "test_34_Kepemilikan", "rerun": "0"}, "11": {"status": "FAIL", "message": "   selenium.common.exceptions.NoSuchElementException: Message: no such element: Unable to locate element: {\"method\":\"css selector\",\"selector\":\"[id=\"deskripsi\"]\"}\n     (Session info: chrome=112.0.5615.49)\n   Stacktrace:\n   0   chromedriver                        0x00000001046e1ae8 chromedriver + 4958952\n   1   chromedriver                        0x00000001046d97b3 chromedriver + 4925363\n   2   chromedriver                        0x000000010429b1d6 chromedriver + 475606\n   3   chromedriver                        0x00000001042dea20 chromedriver + 752160\n   4   chromedriver                        0x00000001042dec81 chromedriver + 752769\n   5   chromedriver                        0x0000000104322f64 chromedriver + 1032036\n   6   chromedriver                        0x0000000104304c3d chromedriver + 908349\n   7   chromedriver                        0x000000010432025b chromedriver + 1020507\n   8   chromedriver                        0x00000001043049e3 chromedriver + 907747\n   9   chromedriver                        0x00000001042ceaef chromedriver + 686831\n   10  chromedriver                        0x00000001042d000e chromedriver + 692238\n   11  chromedriver                        0x000000010469d9ad chromedriver + 4680109\n   12  chromedriver                        0x00000001046a2c12 chromedriver + 4701202\n   13  chromedriver                        0x00000001046a979f chromedriver + 4728735\n   14  chromedriver                        0x00000001046a3b7a chromedriver + 4705146\n   15  chromedriver                        0x000000010467627e chromedriver + 4518526\n   16  chromedriver                        0x00000001046c3908 chromedriver + 4835592\n   17  chromedriver                        0x00000001046c3a87 chromedriver + 4835975\n   18  chromedriver                        0x00000001046d300f chromedriver + 4898831\n   19  libsystem_pthread.dylib             0x00007ff80554f1d3 _pthread_start + 125\n   20  libsystem_pthread.dylib             0x00007ff80554abd3 thread_start + 15\n", "test_name": "test_35_Deskripsi", "rerun": "0"}, "12": {"status": "FAIL", "message": "   selenium.common.exceptions.NoSuchElementException: Message: no such element: Unable to locate element: {\"method\":\"css selector\",\"selector\":\"#submitButton > span\"}\n     (Session info: chrome=112.0.5615.49)\n   Stacktrace:\n   0   chromedriver                        0x00000001046e1ae8 chromedriver + 4958952\n   1   chromedriver                        0x00000001046d97b3 chromedriver + 4925363\n   2   chromedriver                        0x000000010429b1d6 chromedriver + 475606\n   3   chromedriver                        0x00000001042dea20 chromedriver + 752160\n   4   chromedriver                        0x00000001042dec81 chromedriver + 752769\n   5   chromedriver                        0x0000000104322f64 chromedriver + 1032036\n   6   chromedriver                        0x0000000104304c3d chromedriver + 908349\n   7   chromedriver                        0x000000010432025b chromedriver + 1020507\n   8   chromedriver                        0x00000001043049e3 chromedriver + 907747\n   9   chromedriver                        0x00000001042ceaef chromedriver + 686831\n   10  chromedriver                        0x00000001042d000e chromedriver + 692238\n   11  chromedriver                        0x000000010469d9ad chromedriver + 4680109\n   12  chromedriver                        0x00000001046a2c12 chromedriver + 4701202\n   13  chromedriver                        0x00000001046a979f chromedriver + 4728735\n   14  chromedriver                        0x00000001046a3b7a chromedriver + 4705146\n   15  chromedriver                        0x000000010467627e chromedriver + 4518526\n   16  chromedriver                        0x00000001046c3908 chromedriver + 4835592\n   17  chromedriver                        0x00000001046c3a87 chromedriver + 4835975\n   18  chromedriver                        0x00000001046d300f chromedriver + 4898831\n   19  libsystem_pthread.dylib             0x00007ff80554f1d3 _pthread_start + 125\n   20  libsystem_pthread.dylib             0x00007ff80554abd3 thread_start + 15\n", "test_name": "test_36_CreateButton", "rerun": "0"}, "13": {"status": "FAIL", "message": "           ConnectionRefusedError: [Errno 61] Connection refused\n       urllib3.exceptions.NewConnectionError: <urllib3.connection.HTTPConnection object at 0x10db896d0>: Failed to establish a new connection: [Errno 61] Connection refused\n       urllib3.exceptions.MaxRetryError: HTTPConnectionPool(host='localhost', port=58262): Max retries exceeded with url: /session/83d6cf8002f2e37a6fe2bbd5109bf0fd/screenshot (Caused by NewConnectionError('<urllib3.connection.HTTPConnection object at 0x10db896d0>: Failed to establish a new connection: [Errno 61] Connection refused'))\n", "test_name": "test_37_exit", "rerun": "0"}}, "suite_name": "4LaporanBulanan/4.Laporan6E/Fungsional/test_Laporan6E.py"}}}, "date": "April 11, 2023", "start_time": 1681194390.7915788, "total_suite": 1, "status": "FAIL", "status_list": {"pass": "5", "fail": "9", "skip": "0", "error": "0", "xpass": "0", "xfail": "0", "rerun": "0"}, "total_tests": "14"}