{"content": {"suites": {"0": {"status": {"total_pass": 2, "total_skip": 0, "total_xpass": 0, "total_xfail": 0, "total_rerun": 0, "total_fail": 2, "total_error": 0}, "tests": {"0": {"status": "PASS", "message": "", "test_name": "test_1_setupOS", "rerun": "0"}, "1": {"status": "PASS", "message": "", "test_name": "test_2_login", "rerun": "0"}, "2": {"status": "FAIL", "message": "   selenium.common.exceptions.WebDriverException: Message: unknown error: session deleted because of page crash\n   from unknown error: cannot determine loading status\n   from tab crashed\n     (Session info: chrome=108.0.5359.124)\n   Stacktrace:\n   0   chromedriver                        0x0000000104996a88 chromedriver + 4123272\n   1   chromedriver                        0x0000000104922778 chromedriver + 3647352\n   2   chromedriver                        0x00000001045e4944 chromedriver + 248132\n   3   chromedriver                        0x00000001045d0764 chromedriver + 165732\n   4   chromedriver                        0x00000001045cf84c chromedriver + 161868\n   5   chromedriver                        0x00000001045cfcf0 chromedriver + 163056\n   6   chromedriver                        0x00000001045dbd4c chromedriver + 212300\n   7   chromedriver                        0x000000010464d248 chromedriver + 676424\n   8   chromedriver                        0x000000010460eb10 chromedriver + 420624\n   9   chromedriver                        0x000000010460fc30 chromedriver + 425008\n   10  chromedriver                        0x0000000104968ae4 chromedriver + 3934948\n   11  chromedriver                        0x000000010496bf24 chromedriver + 3948324\n   12  chromedriver                        0x000000010496c508 chromedriver + 3949832\n   13  chromedriver                        0x0000000104972b30 chromedriver + 3975984\n   14  chromedriver                        0x000000010496cb24 chromedriver + 3951396\n   15  chromedriver                        0x000000010494771c chromedriver + 3798812\n   16  chromedriver                        0x00000001049892f0 chromedriver + 4068080\n   17  chromedriver                        0x0000000104989444 chromedriver + 4068420\n   18  chromedriver                        0x000000010499d450 chromedriver + 4150352\n   19  libsystem_pthread.dylib             0x00000001808d606c _pthread_start + 148\n   20  libsystem_pthread.dylib             0x00000001808d0e2c thread_start + 8\n", "test_name": "test_Input", "rerun": "0"}, "3": {"status": "FAIL", "message": "   selenium.common.exceptions.InvalidSessionIdException: Message: invalid session id\n   Stacktrace:\n   0   chromedriver                        0x0000000104996a88 chromedriver + 4123272\n   1   chromedriver                        0x0000000104922778 chromedriver + 3647352\n   2   chromedriver                        0x00000001045e4944 chromedriver + 248132\n   3   chromedriver                        0x000000010460e488 chromedriver + 418952\n   4   chromedriver                        0x0000000104634488 chromedriver + 574600\n   5   chromedriver                        0x0000000104633c8c chromedriver + 572556\n   6   chromedriver                        0x00000001045bb5f0 chromedriver + 79344\n   7   chromedriver                        0x0000000104968ae4 chromedriver + 3934948\n   8   chromedriver                        0x000000010496bf24 chromedriver + 3948324\n   9   chromedriver                        0x000000010496c508 chromedriver + 3949832\n   10  chromedriver                        0x0000000104972b30 chromedriver + 3975984\n   11  chromedriver                        0x000000010496cb24 chromedriver + 3951396\n   12  chromedriver                        0x000000010494771c chromedriver + 3798812\n   13  chromedriver                        0x00000001045ba4d8 chromedriver + 74968\n   14  dyld                                0x00000001805abe50 start + 2544\n", "test_name": "test_exit", "rerun": "0"}}, "suite_name": "test_registrasi.py"}}}, "date": "February 21, 2023", "start_time": 1676998545.2431161, "total_suite": 1, "status": "FAIL", "status_list": {"pass": "2", "fail": "2", "skip": "0", "error": "0", "xpass": "0", "xfail": "0", "rerun": "0"}, "total_tests": "4"}