{"content": {"suites": {"0": {"status": {"total_pass": 1, "total_skip": 0, "total_xpass": 0, "total_xfail": 0, "total_rerun": 0, "total_fail": 2, "total_error": 0}, "tests": {"0": {"status": "PASS", "message": "", "test_name": "test_1_setupOS", "rerun": "0"}, "1": {"status": "FAIL", "message": "   selenium.common.exceptions.NoSuchWindowException: Message: no such window: target window already closed\n   from unknown error: web view not found\n     (Session info: chrome=110.0.5481.100)\n   Stacktrace:\n   0   chromedriver                        0x0000000102e5d1c0 chromedriver + 4248000\n   1   chromedriver                        0x0000000102ddddc0 chromedriver + 3726784\n   2   chromedriver                        0x0000000102a92ec4 chromedriver + 274116\n   3   chromedriver                        0x0000000102a6d5f4 chromedriver + 120308\n   4   chromedriver                        0x0000000102af6f8c chromedriver + 683916\n   5   chromedriver                        0x0000000102b09864 chromedriver + 759908\n   6   chromedriver                        0x0000000102ac1200 chromedriver + 463360\n   7   chromedriver                        0x0000000102ac2318 chromedriver + 467736\n   8   chromedriver                        0x0000000102e2b060 chromedriver + 4042848\n   9   chromedriver                        0x0000000102e2f8a4 chromedriver + 4061348\n   10  chromedriver                        0x0000000102e373d0 chromedriver + 4092880\n   11  chromedriver                        0x0000000102e306e4 chromedriver + 4064996\n   12  chromedriver                        0x0000000102e060fc chromedriver + 3891452\n   13  chromedriver                        0x0000000102e50a64 chromedriver + 4196964\n   14  chromedriver                        0x0000000102e50bb8 chromedriver + 4197304\n   15  chromedriver                        0x0000000102e64650 chromedriver + 4277840\n   16  libsystem_pthread.dylib             0x000000018858a06c _pthread_start + 148\n   17  libsystem_pthread.dylib             0x0000000188584e2c thread_start + 8\n", "test_name": "test_2_login", "rerun": "0"}, "2": {"status": "FAIL", "message": "   selenium.common.exceptions.NoSuchWindowException: Message: no such window: target window already closed\n   from unknown error: web view not found\n     (Session info: chrome=110.0.5481.100)\n   Stacktrace:\n   0   chromedriver                        0x0000000102e5d1c0 chromedriver + 4248000\n   1   chromedriver                        0x0000000102ddddc0 chromedriver + 3726784\n   2   chromedriver                        0x0000000102a92ec4 chromedriver + 274116\n   3   chromedriver                        0x0000000102a6d5f4 chromedriver + 120308\n   4   chromedriver                        0x0000000102af6f8c chromedriver + 683916\n   5   chromedriver                        0x0000000102b09864 chromedriver + 759908\n   6   chromedriver                        0x0000000102ac1200 chromedriver + 463360\n   7   chromedriver                        0x0000000102ac2318 chromedriver + 467736\n   8   chromedriver                        0x0000000102e2b060 chromedriver + 4042848\n   9   chromedriver                        0x0000000102e2f8a4 chromedriver + 4061348\n   10  chromedriver                        0x0000000102e373d0 chromedriver + 4092880\n   11  chromedriver                        0x0000000102e306e4 chromedriver + 4064996\n   12  chromedriver                        0x0000000102e060fc chromedriver + 3891452\n   13  chromedriver                        0x0000000102e50a64 chromedriver + 4196964\n   14  chromedriver                        0x0000000102e50bb8 chromedriver + 4197304\n   15  chromedriver                        0x0000000102e64650 chromedriver + 4277840\n   16  libsystem_pthread.dylib             0x000000018858a06c _pthread_start + 148\n   17  libsystem_pthread.dylib             0x0000000188584e2c thread_start + 8\n", "test_name": "test_Input", "rerun": "0"}}, "suite_name": "test_registrasi.py"}}}, "date": "February 22, 2023", "start_time": 1677043305.922244, "total_suite": 1, "status": "FAIL", "status_list": {"pass": "1", "fail": "2", "skip": "0", "error": "0", "xpass": "0", "xfail": "0", "rerun": "0"}, "total_tests": "3"}