{"content": {"suites": {"0": {"status": {"total_pass": 9, "total_skip": 0, "total_xpass": 0, "total_xfail": 0, "total_rerun": 0, "total_fail": 0, "total_error": 0}, "tests": {"0": {"status": "PASS", "message": "", "test_name": "test1_OpKegiatanPelatihan_SetupOs", "rerun": "0"}, "1": {"status": "PASS", "message": "", "test_name": "test_TC_KTR_001", "rerun": "0"}, "2": {"status": "PASS", "message": "", "test_name": "test_TC_KTR_002", "rerun": "0"}, "3": {"status": "PASS", "message": "", "test_name": "test_TC_KTR_003", "rerun": "0"}, "4": {"status": "PASS", "message": "", "test_name": "test_TC_KTR_004", "rerun": "0"}, "5": {"status": "PASS", "message": "", "test_name": "test_TC_KTR_005", "rerun": "0"}, "6": {"status": "PASS", "message": "", "test_name": "test_TC_KTR_006", "rerun": "0"}, "7": {"status": "PASS", "message": "", "test_name": "test_TC_KTR_007", "rerun": "0"}, "8": {"status": "PASS", "message": "", "test_name": "test1_exit_OpKegiatanPelatihan", "rerun": "0"}}, "suite_name": "KETERAMPILAN/Fungsional/test_1_OpKegiatanPelatihan.py"}, "1": {"suite_name": "KETERAMPILAN/Fungsional/test_2_KasieVerifikasiPesertaKegiatan.py", "tests": {"0": {"status": "PASS", "message": "", "test_name": "test2_KasieVerifikasiPesertaKegiatan_SetupOs", "rerun": "0"}, "1": {"status": "PASS", "message": "", "test_name": "test_TC_KTR_008", "rerun": "0"}, "2": {"status": "PASS", "message": "", "test_name": "test_TC_KTR_009", "rerun": "0"}, "3": {"status": "PASS", "message": "", "test_name": "test_TC_KTR_011", "rerun": "0"}, "4": {"status": "PASS", "message": "", "test_name": "test_TC_KTR_010", "rerun": "0"}, "5": {"status": "PASS", "message": "", "test_name": "test_exit_KasieVerifikasiPesertaKegiatan", "rerun": "0"}}, "status": {"total_pass": 6, "total_skip": 0, "total_xpass": 0, "total_xfail": 0, "total_rerun": 0, "total_fail": 0, "total_error": 0}}, "2": {"suite_name": "KETERAMPILAN/Fungsional/test_3_KalapasOtorisasi.py", "tests": {"0": {"status": "PASS", "message": "", "test_name": "test3_KalapasOtorisasi_SetupOs", "rerun": "0"}, "1": {"status": "PASS", "message": "", "test_name": "test_TC_KTR_012", "rerun": "0"}, "2": {"status": "PASS", "message": "", "test_name": "test_TC_KTR_013", "rerun": "0"}, "3": {"status": "PASS", "message": "", "test_name": "test_TC_KTR_014", "rerun": "0"}, "4": {"status": "PASS", "message": "", "test_name": "test_TC_KTR_015", "rerun": "0"}, "5": {"status": "PASS", "message": "", "test_name": "test3_exit_KalapasOtorisasi", "rerun": "0"}}, "status": {"total_pass": 6, "total_skip": 0, "total_xpass": 0, "total_xfail": 0, "total_rerun": 0, "total_fail": 0, "total_error": 0}}, "3": {"suite_name": "KETERAMPILAN/Fungsional/test_4_OpAbsensiKegiatan.py", "tests": {"0": {"status": "PASS", "message": "", "test_name": "test1_OpKegiatanPelatihan_SetupOs", "rerun": "0"}, "1": {"status": "PASS", "message": "", "test_name": "test_TC_KTR_016", "rerun": "0"}, "2": {"status": "PASS", "message": "", "test_name": "test_TC_KTR_017", "rerun": "0"}, "3": {"status": "PASS", "message": "", "test_name": "test_TC_KTR_018", "rerun": "0"}, "4": {"status": "PASS", "message": "", "test_name": "test_TC_KTR_019", "rerun": "0"}, "5": {"status": "PASS", "message": "", "test_name": "test1_exit_OpKegiatanPelatihan", "rerun": "0"}}, "status": {"total_pass": 6, "total_skip": 0, "total_xpass": 0, "total_xfail": 0, "total_rerun": 0, "total_fail": 0, "total_error": 0}}, "4": {"suite_name": "KETERAMPILAN/Fungsional/test_5_KasiePersetujuanPesertaKegiatan.py", "tests": {"0": {"status": "PASS", "message": "", "test_name": "test1_OpKegiatanPelatihan_SetupOs", "rerun": "0"}, "1": {"status": "PASS", "message": "", "test_name": "test_TC_KTR_020", "rerun": "0"}, "2": {"status": "PASS", "message": "", "test_name": "test_TC_KTR_021", "rerun": "0"}, "3": {"status": "FAIL", "message": "   selenium.common.exceptions.TimeoutException: Message: \n   Stacktrace:\n   0   chromedriver                        0x0000000102dccae8 chromedriver + 4958952\n   1   chromedriver                        0x0000000102dc47b3 chromedriver + 4925363\n   2   chromedriver                        0x00000001029861d6 chromedriver + 475606\n   3   chromedriver                        0x00000001029c9a20 chromedriver + 752160\n   4   chromedriver                        0x00000001029c9c81 chromedriver + 752769\n   5   chromedriver                        0x0000000102a0df64 chromedriver + 1032036\n   6   chromedriver                        0x00000001029efc3d chromedriver + 908349\n   7   chromedriver                        0x0000000102a0b25b chromedriver + 1020507\n   8   chromedriver                        0x00000001029ef9e3 chromedriver + 907747\n   9   chromedriver                        0x00000001029b9aef chromedriver + 686831\n   10  chromedriver                        0x00000001029bb00e chromedriver + 692238\n   11  chromedriver                        0x0000000102d889ad chromedriver + 4680109\n   12  chromedriver                        0x0000000102d8dc12 chromedriver + 4701202\n   13  chromedriver                        0x0000000102d9479f chromedriver + 4728735\n   14  chromedriver                        0x0000000102d8eb7a chromedriver + 4705146\n   15  chromedriver                        0x0000000102d6127e chromedriver + 4518526\n   16  chromedriver                        0x0000000102dae908 chromedriver + 4835592\n   17  chromedriver                        0x0000000102daea87 chromedriver + 4835975\n   18  chromedriver                        0x0000000102dbe00f chromedriver + 4898831\n   19  libsystem_pthread.dylib             0x00007ff8012871d3 _pthread_start + 125\n   20  libsystem_pthread.dylib             0x00007ff801282bd3 thread_start + 15\n", "test_name": "test_TC_KTR_022", "rerun": "0"}, "4": {"status": "FAIL", "message": "   selenium.common.exceptions.ElementClickInterceptedException: Message: element click intercepted: Element <svg xmlns=\"http://www.w3.org/2000/svg\" viewBox=\"0 0 20 20\" fill=\"currentColor\" aria-hidden=\"true\" class=\"h-5 w-5\">...</svg> is not clickable at point (1790, 531). Other element would receive the click: <div data-v-9d512196=\"\" class=\"el-scrollbar border-1 rounded-sm p-4\">...</div>\n     (Session info: chrome=113.0.5672.92)\n   Stacktrace:\n   0   chromedriver                        0x0000000102dccae8 chromedriver + 4958952\n   1   chromedriver                        0x0000000102dc47b3 chromedriver + 4925363\n   2   chromedriver                        0x00000001029861d6 chromedriver + 475606\n   3   chromedriver                        0x00000001029d3321 chromedriver + 791329\n   4   chromedriver                        0x00000001029d036e chromedriver + 779118\n   5   chromedriver                        0x00000001029ccfd4 chromedriver + 765908\n   6   chromedriver                        0x00000001029cb9af chromedriver + 760239\n   7   chromedriver                        0x00000001029bc283 chromedriver + 696963\n   8   chromedriver                        0x00000001029efc12 chromedriver + 908306\n   9   chromedriver                        0x00000001029bb8f1 chromedriver + 694513\n   10  chromedriver                        0x00000001029efdce chromedriver + 908750\n   11  chromedriver                        0x0000000102a0b25b chromedriver + 1020507\n   12  chromedriver                        0x00000001029ef9e3 chromedriver + 907747\n   13  chromedriver                        0x00000001029b9aef chromedriver + 686831\n   14  chromedriver                        0x00000001029bb00e chromedriver + 692238\n   15  chromedriver                        0x0000000102d889ad chromedriver + 4680109\n   16  chromedriver                        0x0000000102d8dc12 chromedriver + 4701202\n   17  chromedriver                        0x0000000102d9479f chromedriver + 4728735\n   18  chromedriver                        0x0000000102d8eb7a chromedriver + 4705146\n   19  chromedriver                        0x0000000102d6127e chromedriver + 4518526\n   20  chromedriver                        0x0000000102dae908 chromedriver + 4835592\n   21  chromedriver                        0x0000000102daea87 chromedriver + 4835975\n   22  chromedriver                        0x0000000102dbe00f chromedriver + 4898831\n   23  libsystem_pthread.dylib             0x00007ff8012871d3 _pthread_start + 125\n   24  libsystem_pthread.dylib             0x00007ff801282bd3 thread_start + 15\n", "test_name": "test_TC_KTR_023", "rerun": "0"}, "5": {"status": "PASS", "message": "", "test_name": "test1_exit_OpKegiatanPelatihan", "rerun": "0"}}, "status": {"total_pass": 4, "total_skip": 0, "total_xpass": 0, "total_xfail": 0, "total_rerun": 0, "total_fail": 2, "total_error": 0}}, "5": {"suite_name": "KETERAMPILAN/Fungsional/test_6_OpkelulusanPeserta.py", "tests": {"0": {"status": "PASS", "message": "", "test_name": "test1_OpKegiatanPelatihan_SetupOs", "rerun": "0"}, "1": {"status": "FAIL", "message": "   selenium.common.exceptions.TimeoutException: Message: timeout: Timed out receiving message from renderer: 10.000\n     (Session info: chrome=113.0.5672.92)\n   Stacktrace:\n   0   chromedriver                        0x000000010490bae8 chromedriver + 4958952\n   1   chromedriver                        0x00000001049037b3 chromedriver + 4925363\n   2   chromedriver                        0x00000001044c51d6 chromedriver + 475606\n   3   chromedriver                        0x00000001044ad44f chromedriver + 377935\n   4   chromedriver                        0x00000001044acffb chromedriver + 376827\n   5   chromedriver                        0x00000001044ab81a chromedriver + 370714\n   6   chromedriver                        0x00000001044abd4c chromedriver + 372044\n   7   chromedriver                        0x00000001044ce21c chromedriver + 512540\n   8   chromedriver                        0x0000000104558e21 chromedriver + 1080865\n   9   chromedriver                        0x000000010452ec12 chromedriver + 908306\n   10  chromedriver                        0x000000010454a25b chromedriver + 1020507\n   11  chromedriver                        0x000000010452e9e3 chromedriver + 907747\n   12  chromedriver                        0x00000001044f8aef chromedriver + 686831\n   13  chromedriver                        0x00000001044fa00e chromedriver + 692238\n   14  chromedriver                        0x00000001048c79ad chromedriver + 4680109\n   15  chromedriver                        0x00000001048ccc12 chromedriver + 4701202\n   16  chromedriver                        0x00000001048d379f chromedriver + 4728735\n   17  chromedriver                        0x00000001048cdb7a chromedriver + 4705146\n   18  chromedriver                        0x00000001048a027e chromedriver + 4518526\n   19  chromedriver                        0x00000001048ed908 chromedriver + 4835592\n   20  chromedriver                        0x00000001048eda87 chromedriver + 4835975\n   21  chromedriver                        0x00000001048fd00f chromedriver + 4898831\n   22  libsystem_pthread.dylib             0x00007ff8012871d3 _pthread_start + 125\n   23  libsystem_pthread.dylib             0x00007ff801282bd3 thread_start + 15\n", "test_name": "test_TC_KTR_024", "rerun": "0"}, "2": {"status": "FAIL", "message": "   selenium.common.exceptions.ElementNotInteractableException: Message: element not interactable: [object HTMLDivElement] has no size and location\n     (Session info: chrome=113.0.5672.92)\n   Stacktrace:\n   0   chromedriver                        0x000000010490bae8 chromedriver + 4958952\n   1   chromedriver                        0x00000001049037b3 chromedriver + 4925363\n   2   chromedriver                        0x00000001044c51d6 chromedriver + 475606\n   3   chromedriver                        0x00000001044c9274 chromedriver + 492148\n   4   chromedriver                        0x00000001044c8e56 chromedriver + 491094\n   5   chromedriver                        0x00000001044c92fc chromedriver + 492284\n   6   chromedriver                        0x00000001045110af chromedriver + 786607\n   7   chromedriver                        0x000000010451022c chromedriver + 782892\n   8   chromedriver                        0x000000010455482f chromedriver + 1062959\n   9   chromedriver                        0x000000010452ec12 chromedriver + 908306\n   10  chromedriver                        0x000000010454a25b chromedriver + 1020507\n   11  chromedriver                        0x000000010452e9e3 chromedriver + 907747\n   12  chromedriver                        0x00000001044f8aef chromedriver + 686831\n   13  chromedriver                        0x00000001044fa00e chromedriver + 692238\n   14  chromedriver                        0x00000001048c79ad chromedriver + 4680109\n   15  chromedriver                        0x00000001048ccc12 chromedriver + 4701202\n   16  chromedriver                        0x00000001048d379f chromedriver + 4728735\n   17  chromedriver                        0x00000001048cdb7a chromedriver + 4705146\n   18  chromedriver                        0x00000001048a027e chromedriver + 4518526\n   19  chromedriver                        0x00000001048ed908 chromedriver + 4835592\n   20  chromedriver                        0x00000001048eda87 chromedriver + 4835975\n   21  chromedriver                        0x00000001048fd00f chromedriver + 4898831\n   22  libsystem_pthread.dylib             0x00007ff8012871d3 _pthread_start + 125\n   23  libsystem_pthread.dylib             0x00007ff801282bd3 thread_start + 15\n", "test_name": "test_TC_KTR_025", "rerun": "0"}, "3": {"status": "FAIL", "message": "   selenium.common.exceptions.TimeoutException: Message: timeout: Timed out receiving message from renderer: 10.000\n     (Session info: chrome=113.0.5672.92)\n   Stacktrace:\n   0   chromedriver                        0x000000010490bae8 chromedriver + 4958952\n   1   chromedriver                        0x00000001049037b3 chromedriver + 4925363\n   2   chromedriver                        0x00000001044c51d6 chromedriver + 475606\n   3   chromedriver                        0x00000001044ad44f chromedriver + 377935\n   4   chromedriver                        0x00000001044acffb chromedriver + 376827\n   5   chromedriver                        0x00000001044ab81a chromedriver + 370714\n   6   chromedriver                        0x00000001044abd4c chromedriver + 372044\n   7   chromedriver                        0x00000001044ce21c chromedriver + 512540\n   8   chromedriver                        0x0000000104558e21 chromedriver + 1080865\n   9   chromedriver                        0x000000010452ec12 chromedriver + 908306\n   10  chromedriver                        0x000000010454a25b chromedriver + 1020507\n   11  chromedriver                        0x000000010452e9e3 chromedriver + 907747\n   12  chromedriver                        0x00000001044f8aef chromedriver + 686831\n   13  chromedriver                        0x00000001044fa00e chromedriver + 692238\n   14  chromedriver                        0x00000001048c79ad chromedriver + 4680109\n   15  chromedriver                        0x00000001048ccc12 chromedriver + 4701202\n   16  chromedriver                        0x00000001048d379f chromedriver + 4728735\n   17  chromedriver                        0x00000001048cdb7a chromedriver + 4705146\n   18  chromedriver                        0x00000001048a027e chromedriver + 4518526\n   19  chromedriver                        0x00000001048ed908 chromedriver + 4835592\n   20  chromedriver                        0x00000001048eda87 chromedriver + 4835975\n   21  chromedriver                        0x00000001048fd00f chromedriver + 4898831\n   22  libsystem_pthread.dylib             0x00007ff8012871d3 _pthread_start + 125\n   23  libsystem_pthread.dylib             0x00007ff801282bd3 thread_start + 15\n", "test_name": "test_TC_KTR_026", "rerun": "0"}, "4": {"status": "PASS", "message": "", "test_name": "test_exit_1", "rerun": "0"}}, "status": {"total_pass": 2, "total_skip": 0, "total_xpass": 0, "total_xfail": 0, "total_rerun": 0, "total_fail": 3, "total_error": 0}}}}, "date": "May 10, 2023", "start_time": 1683687931.7493272, "total_suite": 6, "status": "FAIL", "status_list": {"pass": "33", "fail": "5", "skip": "0", "error": "0", "xpass": "0", "xfail": "0", "rerun": "0"}, "total_tests": "38"}