{"content": {"suites": {"0": {"status": {"total_pass": 9, "total_skip": 0, "total_xpass": 0, "total_xfail": 0, "total_rerun": 0, "total_fail": 4, "total_error": 0}, "tests": {"0": {"status": "PASS", "message": "", "test_name": "test_Ossetup_1", "rerun": "0"}, "1": {"status": "PASS", "message": "", "test_name": "test_loggin_2", "rerun": "0"}, "2": {"status": "PASS", "message": "", "test_name": "test_PTN_001", "rerun": "0"}, "3": {"status": "PASS", "message": "", "test_name": "test_PTN_002", "rerun": "0"}, "4": {"status": "PASS", "message": "", "test_name": "test_PTN_003_0", "rerun": "0"}, "5": {"status": "FAIL", "message": "       AttributeError: move_to requires a WebElement\n", "test_name": "test_PTN_003_1", "rerun": "0"}, "6": {"status": "PASS", "message": "", "test_name": "test_PTN_003_2", "rerun": "0"}, "7": {"status": "FAIL", "message": "   selenium.common.exceptions.ElementNotInteractableException: Message: element not interactable\n     (Session info: chrome=105.0.5195.127)\n   Stacktrace:\n   Backtrace:\n   \tOrdinal0 [0x006CC0A3+2212003]\n   \tOrdinal0 [0x00662CC1+1780929]\n   \tOrdinal0 [0x00574520+804128]\n   \tOrdinal0 [0x0059E963+977251]\n   \tOrdinal0 [0x0059DFD3+974803]\n   \tOrdinal0 [0x005BEC1C+1109020]\n   \tOrdinal0 [0x005998F4+956660]\n   \tOrdinal0 [0x005BEE34+1109556]\n   \tOrdinal0 [0x005CF5B2+1177010]\n   \tOrdinal0 [0x005BEA36+1108534]\n   \tOrdinal0 [0x005983C9+951241]\n   \tOrdinal0 [0x00599396+955286]\n   \tGetHandleVerifier [0x00979CE2+2746722]\n   \tGetHandleVerifier [0x0096A234+2682548]\n   \tGetHandleVerifier [0x0075B34A+524234]\n   \tGetHandleVerifier [0x00759B60+518112]\n   \tOrdinal0 [0x00669FBC+1810364]\n   \tOrdinal0 [0x0066EA28+1829416]\n   \tOrdinal0 [0x0066EB15+1829653]\n   \tOrdinal0 [0x00678744+1869636]\n   \tBaseThreadInitThunk [0x75C800F9+25]\n   \tRtlGetAppContainerNamedObjectPath [0x77037BBE+286]\n   \tRtlGetAppContainerNamedObjectPath [0x77037B8E+238]\n", "test_name": "test_PTN_003_3", "rerun": "0"}, "8": {"status": "PASS", "message": "", "test_name": "test_PTN_003_4", "rerun": "0"}, "9": {"status": "PASS", "message": "", "test_name": "test_PTN_003_5", "rerun": "0"}, "10": {"status": "FAIL", "message": "   selenium.common.exceptions.ElementClickInterceptedException: Message: element click intercepted: Element <div class=\"el-form-item el-form-item--feedback\" id=\"dropdownBaris\">...</div> is not clickable at point (493, 653). Other element would receive the click: <p class=\"el-select-dropdown__empty\">...</p>\n     (Session info: chrome=105.0.5195.127)\n   Stacktrace:\n   Backtrace:\n   \tOrdinal0 [0x006CC0A3+2212003]\n   \tOrdinal0 [0x00662CC1+1780929]\n   \tOrdinal0 [0x0057465D+804445]\n   \tOrdinal0 [0x005A9E04+1023492]\n   \tOrdinal0 [0x005A7CF4+1015028]\n   \tOrdinal0 [0x005A58FB+1005819]\n   \tOrdinal0 [0x005A4567+1000807]\n   \tOrdinal0 [0x00599FB6+958390]\n   \tOrdinal0 [0x005BEC1C+1109020]\n   \tOrdinal0 [0x005998F4+956660]\n   \tOrdinal0 [0x005BEE34+1109556]\n   \tOrdinal0 [0x005CF5B2+1177010]\n   \tOrdinal0 [0x005BEA36+1108534]\n   \tOrdinal0 [0x005983C9+951241]\n   \tOrdinal0 [0x00599396+955286]\n   \tGetHandleVerifier [0x00979CE2+2746722]\n   \tGetHandleVerifier [0x0096A234+2682548]\n   \tGetHandleVerifier [0x0075B34A+524234]\n   \tGetHandleVerifier [0x00759B60+518112]\n   \tOrdinal0 [0x00669FBC+1810364]\n   \tOrdinal0 [0x0066EA28+1829416]\n   \tOrdinal0 [0x0066EB15+1829653]\n   \tOrdinal0 [0x00678744+1869636]\n   \tBaseThreadInitThunk [0x75C800F9+25]\n   \tRtlGetAppContainerNamedObjectPath [0x77037BBE+286]\n   \tRtlGetAppContainerNamedObjectPath [0x77037B8E+238]\n", "test_name": "test_PTN_003_6", "rerun": "0"}, "11": {"status": "FAIL", "message": "   selenium.common.exceptions.ElementNotInteractableException: Message: element not interactable\n     (Session info: chrome=105.0.5195.127)\n   Stacktrace:\n   Backtrace:\n   \tOrdinal0 [0x006CC0A3+2212003]\n   \tOrdinal0 [0x00662CC1+1780929]\n   \tOrdinal0 [0x00574520+804128]\n   \tOrdinal0 [0x0059E963+977251]\n   \tOrdinal0 [0x0059DFD3+974803]\n   \tOrdinal0 [0x005BEC1C+1109020]\n   \tOrdinal0 [0x005998F4+956660]\n   \tOrdinal0 [0x005BEE34+1109556]\n   \tOrdinal0 [0x005CF5B2+1177010]\n   \tOrdinal0 [0x005BEA36+1108534]\n   \tOrdinal0 [0x005983C9+951241]\n   \tOrdinal0 [0x00599396+955286]\n   \tGetHandleVerifier [0x00979CE2+2746722]\n   \tGetHandleVerifier [0x0096A234+2682548]\n   \tGetHandleVerifier [0x0075B34A+524234]\n   \tGetHandleVerifier [0x00759B60+518112]\n   \tOrdinal0 [0x00669FBC+1810364]\n   \tOrdinal0 [0x0066EA28+1829416]\n   \tOrdinal0 [0x0066EB15+1829653]\n   \tOrdinal0 [0x00678744+1869636]\n   \tBaseThreadInitThunk [0x75C800F9+25]\n   \tRtlGetAppContainerNamedObjectPath [0x77037BBE+286]\n   \tRtlGetAppContainerNamedObjectPath [0x77037B8E+238]\n", "test_name": "test_PTN_003_7", "rerun": "0"}, "12": {"status": "PASS", "message": "", "test_name": "test_PTN_003_8", "rerun": "0"}}, "suite_name": "Penempatan/Fungsional_test/Test_Rupbasaan_Penempatan.py"}}}, "date": "December 19, 2022", "start_time": 1671417977.9707913, "total_suite": 1, "status": "FAIL", "status_list": {"pass": "9", "fail": "4", "skip": "0", "error": "0", "xpass": "0", "xfail": "0", "rerun": "0"}, "total_tests": "13"}