{"content": {"suites": {"0": {"status": {"total_pass": 7, "total_skip": 0, "total_xpass": 0, "total_xfail": 0, "total_rerun": 0, "total_fail": 6, "total_error": 0}, "tests": {"0": {"status": "PASS", "message": "", "test_name": "test_Ossetup_1", "rerun": "0"}, "1": {"status": "PASS", "message": "", "test_name": "test_loggin_2", "rerun": "0"}, "2": {"status": "PASS", "message": "", "test_name": "test_PTN_001", "rerun": "0"}, "3": {"status": "PASS", "message": "", "test_name": "test_PTN_002", "rerun": "0"}, "4": {"status": "PASS", "message": "", "test_name": "test_PTN_003_0", "rerun": "0"}, "5": {"status": "FAIL", "message": "       AttributeError: move_to requires a WebElement\n", "test_name": "test_PTN_003_1", "rerun": "0"}, "6": {"status": "PASS", "message": "", "test_name": "test_PTN_003_2", "rerun": "0"}, "7": {"status": "FAIL", "message": "   selenium.common.exceptions.ElementNotInteractableException: Message: element not interactable\n     (Session info: chrome=105.0.5195.127)\n   Stacktrace:\n   Backtrace:\n   \tOrdinal0 [0x007CC0A3+2212003]\n   \tOrdinal0 [0x00762CC1+1780929]\n   \tOrdinal0 [0x00674520+804128]\n   \tOrdinal0 [0x0069E963+977251]\n   \tOrdinal0 [0x0069DFD3+974803]\n   \tOrdinal0 [0x006BEC1C+1109020]\n   \tOrdinal0 [0x006998F4+956660]\n   \tOrdinal0 [0x006BEE34+1109556]\n   \tOrdinal0 [0x006CF5B2+1177010]\n   \tOrdinal0 [0x006BEA36+1108534]\n   \tOrdinal0 [0x006983C9+951241]\n   \tOrdinal0 [0x00699396+955286]\n   \tGetHandleVerifier [0x00A79CE2+2746722]\n   \tGetHandleVerifier [0x00A6A234+2682548]\n   \tGetHandleVerifier [0x0085B34A+524234]\n   \tGetHandleVerifier [0x00859B60+518112]\n   \tOrdinal0 [0x00769FBC+1810364]\n   \tOrdinal0 [0x0076EA28+1829416]\n   \tOrdinal0 [0x0076EB15+1829653]\n   \tOrdinal0 [0x00778744+1869636]\n   \tBaseThreadInitThunk [0x75C800F9+25]\n   \tRtlGetAppContainerNamedObjectPath [0x77037BBE+286]\n   \tRtlGetAppContainerNamedObjectPath [0x77037B8E+238]\n", "test_name": "test_PTN_003_3", "rerun": "0"}, "8": {"status": "FAIL", "message": "   selenium.common.exceptions.TimeoutException: Message: \n   Stacktrace:\n   Backtrace:\n   \tOrdinal0 [0x007CC0A3+2212003]\n   \tOrdinal0 [0x00762CC1+1780929]\n   \tOrdinal0 [0x0067465D+804445]\n   \tOrdinal0 [0x006A3475+996469]\n   \tOrdinal0 [0x006A363B+996923]\n   \tOrdinal0 [0x006D1382+1184642]\n   \tOrdinal0 [0x006BEC64+1109092]\n   \tOrdinal0 [0x006CF5B2+1177010]\n   \tOrdinal0 [0x006BEA36+1108534]\n   \tOrdinal0 [0x006983C9+951241]\n   \tOrdinal0 [0x00699396+955286]\n   \tGetHandleVerifier [0x00A79CE2+2746722]\n   \tGetHandleVerifier [0x00A6A234+2682548]\n   \tGetHandleVerifier [0x0085B34A+524234]\n   \tGetHandleVerifier [0x00859B60+518112]\n   \tOrdinal0 [0x00769FBC+1810364]\n   \tOrdinal0 [0x0076EA28+1829416]\n   \tOrdinal0 [0x0076EB15+1829653]\n   \tOrdinal0 [0x00778744+1869636]\n   \tBaseThreadInitThunk [0x75C800F9+25]\n   \tRtlGetAppContainerNamedObjectPath [0x77037BBE+286]\n   \tRtlGetAppContainerNamedObjectPath [0x77037B8E+238]\n", "test_name": "test_PTN_003_4", "rerun": "0"}, "9": {"status": "FAIL", "message": "   selenium.common.exceptions.ElementClickInterceptedException: Message: element click intercepted: Element <input class=\"el-input__inner\" id=\"dropdownSektorGudang\" type=\"text\" disabled=\"\" readonly=\"\" autocomplete=\"off\" placeholder=\"Pilih Sektor Gudang\"> is not clickable at point (498, 603). Other element would receive the click: <li class=\"el-select-dropdown__item hover\" id=\"gudangOption-0\">...</li>\n     (Session info: chrome=105.0.5195.127)\n   Stacktrace:\n   Backtrace:\n   \tOrdinal0 [0x007CC0A3+2212003]\n   \tOrdinal0 [0x00762CC1+1780929]\n   \tOrdinal0 [0x0067465D+804445]\n   \tOrdinal0 [0x006A9E04+1023492]\n   \tOrdinal0 [0x006A7CF4+1015028]\n   \tOrdinal0 [0x006A58FB+1005819]\n   \tOrdinal0 [0x006A4567+1000807]\n   \tOrdinal0 [0x00699FB6+958390]\n   \tOrdinal0 [0x006BEC1C+1109020]\n   \tOrdinal0 [0x006998F4+956660]\n   \tOrdinal0 [0x006BEE34+1109556]\n   \tOrdinal0 [0x006CF5B2+1177010]\n   \tOrdinal0 [0x006BEA36+1108534]\n   \tOrdinal0 [0x006983C9+951241]\n   \tOrdinal0 [0x00699396+955286]\n   \tGetHandleVerifier [0x00A79CE2+2746722]\n   \tGetHandleVerifier [0x00A6A234+2682548]\n   \tGetHandleVerifier [0x0085B34A+524234]\n   \tGetHandleVerifier [0x00859B60+518112]\n   \tOrdinal0 [0x00769FBC+1810364]\n   \tOrdinal0 [0x0076EA28+1829416]\n   \tOrdinal0 [0x0076EB15+1829653]\n   \tOrdinal0 [0x00778744+1869636]\n   \tBaseThreadInitThunk [0x75C800F9+25]\n   \tRtlGetAppContainerNamedObjectPath [0x77037BBE+286]\n   \tRtlGetAppContainerNamedObjectPath [0x77037B8E+238]\n", "test_name": "test_PTN_003_5", "rerun": "0"}, "10": {"status": "FAIL", "message": "   selenium.common.exceptions.ElementNotInteractableException: Message: element not interactable\n     (Session info: chrome=105.0.5195.127)\n   Stacktrace:\n   Backtrace:\n   \tOrdinal0 [0x007CC0A3+2212003]\n   \tOrdinal0 [0x00762CC1+1780929]\n   \tOrdinal0 [0x00674520+804128]\n   \tOrdinal0 [0x0069E963+977251]\n   \tOrdinal0 [0x0069DFD3+974803]\n   \tOrdinal0 [0x006BEC1C+1109020]\n   \tOrdinal0 [0x006998F4+956660]\n   \tOrdinal0 [0x006BEE34+1109556]\n   \tOrdinal0 [0x006CF5B2+1177010]\n   \tOrdinal0 [0x006BEA36+1108534]\n   \tOrdinal0 [0x006983C9+951241]\n   \tOrdinal0 [0x00699396+955286]\n   \tGetHandleVerifier [0x00A79CE2+2746722]\n   \tGetHandleVerifier [0x00A6A234+2682548]\n   \tGetHandleVerifier [0x0085B34A+524234]\n   \tGetHandleVerifier [0x00859B60+518112]\n   \tOrdinal0 [0x00769FBC+1810364]\n   \tOrdinal0 [0x0076EA28+1829416]\n   \tOrdinal0 [0x0076EB15+1829653]\n   \tOrdinal0 [0x00778744+1869636]\n   \tBaseThreadInitThunk [0x75C800F9+25]\n   \tRtlGetAppContainerNamedObjectPath [0x77037BBE+286]\n   \tRtlGetAppContainerNamedObjectPath [0x77037B8E+238]\n", "test_name": "test_PTN_003_6", "rerun": "0"}, "11": {"status": "FAIL", "message": "   selenium.common.exceptions.ElementNotInteractableException: Message: element not interactable\n     (Session info: chrome=105.0.5195.127)\n   Stacktrace:\n   Backtrace:\n   \tOrdinal0 [0x007CC0A3+2212003]\n   \tOrdinal0 [0x00762CC1+1780929]\n   \tOrdinal0 [0x00674520+804128]\n   \tOrdinal0 [0x0069E963+977251]\n   \tOrdinal0 [0x0069DFD3+974803]\n   \tOrdinal0 [0x006BEC1C+1109020]\n   \tOrdinal0 [0x006998F4+956660]\n   \tOrdinal0 [0x006BEE34+1109556]\n   \tOrdinal0 [0x006CF5B2+1177010]\n   \tOrdinal0 [0x006BEA36+1108534]\n   \tOrdinal0 [0x006983C9+951241]\n   \tOrdinal0 [0x00699396+955286]\n   \tGetHandleVerifier [0x00A79CE2+2746722]\n   \tGetHandleVerifier [0x00A6A234+2682548]\n   \tGetHandleVerifier [0x0085B34A+524234]\n   \tGetHandleVerifier [0x00859B60+518112]\n   \tOrdinal0 [0x00769FBC+1810364]\n   \tOrdinal0 [0x0076EA28+1829416]\n   \tOrdinal0 [0x0076EB15+1829653]\n   \tOrdinal0 [0x00778744+1869636]\n   \tBaseThreadInitThunk [0x75C800F9+25]\n   \tRtlGetAppContainerNamedObjectPath [0x77037BBE+286]\n   \tRtlGetAppContainerNamedObjectPath [0x77037B8E+238]\n", "test_name": "test_PTN_003_7", "rerun": "0"}, "12": {"status": "PASS", "message": "", "test_name": "test_PTN_003_8", "rerun": "0"}}, "suite_name": "Penempatan/Fungsional_test/Test_Rupbasaan_Penempatan.py"}}}, "date": "December 19, 2022", "start_time": 1671388104.1263335, "total_suite": 1, "status": "FAIL", "status_list": {"pass": "7", "fail": "6", "skip": "0", "error": "0", "xpass": "0", "xfail": "0", "rerun": "0"}, "total_tests": "13"}