{"content": {"suites": {"0": {"status": {"total_pass": 11, "total_skip": 0, "total_xpass": 0, "total_xfail": 0, "total_rerun": 0, "total_fail": 2, "total_error": 0}, "tests": {"0": {"status": "PASS", "message": "", "test_name": "test_Ossetup_1", "rerun": "0"}, "1": {"status": "PASS", "message": "", "test_name": "test_loggin_2", "rerun": "0"}, "2": {"status": "PASS", "message": "", "test_name": "test_PTN_001", "rerun": "0"}, "3": {"status": "PASS", "message": "", "test_name": "test_PTN_002", "rerun": "0"}, "4": {"status": "PASS", "message": "", "test_name": "test_PTN_003_0", "rerun": "0"}, "5": {"status": "PASS", "message": "", "test_name": "test_PTN_003_1", "rerun": "0"}, "6": {"status": "PASS", "message": "", "test_name": "test_PTN_003_2", "rerun": "0"}, "7": {"status": "PASS", "message": "", "test_name": "test_PTN_003_3", "rerun": "0"}, "8": {"status": "PASS", "message": "", "test_name": "test_PTN_003_4", "rerun": "0"}, "9": {"status": "PASS", "message": "", "test_name": "test_PTN_003_5", "rerun": "0"}, "10": {"status": "FAIL", "message": "   selenium.common.exceptions.InvalidSelectorException: Message: invalid selector: Unable to locate an element with the xpath expression xpath=//input[@id=\"dropdownBaris\"] because of the following error:\n   TypeError: Failed to execute 'evaluate' on 'Document': The result is not a node set, and therefore cannot be converted to the desired type.\n     (Session info: chrome=105.0.5195.127)\n   Stacktrace:\n   Backtrace:\n   \tOrdinal0 [0x006AC0A3+2212003]\n   \tOrdinal0 [0x00642CC1+1780929]\n   \tOrdinal0 [0x0055465D+804445]\n   \tOrdinal0 [0x00557124+815396]\n   \tOrdinal0 [0x00556FE2+815074]\n   \tOrdinal0 [0x00557270+815728]\n   \tOrdinal0 [0x0058319F+995743]\n   \tOrdinal0 [0x0058363B+996923]\n   \tOrdinal0 [0x005B1382+1184642]\n   \tOrdinal0 [0x0059EC64+1109092]\n   \tOrdinal0 [0x005AF5B2+1177010]\n   \tOrdinal0 [0x0059EA36+1108534]\n   \tOrdinal0 [0x005783C9+951241]\n   \tOrdinal0 [0x00579396+955286]\n   \tGetHandleVerifier [0x00959CE2+2746722]\n   \tGetHandleVerifier [0x0094A234+2682548]\n   \tGetHandleVerifier [0x0073B34A+524234]\n   \tGetHandleVerifier [0x00739B60+518112]\n   \tOrdinal0 [0x00649FBC+1810364]\n   \tOrdinal0 [0x0064EA28+1829416]\n   \tOrdinal0 [0x0064EB15+1829653]\n   \tOrdinal0 [0x00658744+1869636]\n   \tBaseThreadInitThunk [0x75C800F9+25]\n   \tRtlGetAppContainerNamedObjectPath [0x77037BBE+286]\n   \tRtlGetAppContainerNamedObjectPath [0x77037B8E+238]\n", "test_name": "test_PTN_003_6", "rerun": "0"}, "11": {"status": "FAIL", "message": "   selenium.common.exceptions.ElementNotInteractableException: Message: element not interactable\n     (Session info: chrome=105.0.5195.127)\n   Stacktrace:\n   Backtrace:\n   \tOrdinal0 [0x006AC0A3+2212003]\n   \tOrdinal0 [0x00642CC1+1780929]\n   \tOrdinal0 [0x00554520+804128]\n   \tOrdinal0 [0x0057E963+977251]\n   \tOrdinal0 [0x0057DFD3+974803]\n   \tOrdinal0 [0x0059EC1C+1109020]\n   \tOrdinal0 [0x005798F4+956660]\n   \tOrdinal0 [0x0059EE34+1109556]\n   \tOrdinal0 [0x005AF5B2+1177010]\n   \tOrdinal0 [0x0059EA36+1108534]\n   \tOrdinal0 [0x005783C9+951241]\n   \tOrdinal0 [0x00579396+955286]\n   \tGetHandleVerifier [0x00959CE2+2746722]\n   \tGetHandleVerifier [0x0094A234+2682548]\n   \tGetHandleVerifier [0x0073B34A+524234]\n   \tGetHandleVerifier [0x00739B60+518112]\n   \tOrdinal0 [0x00649FBC+1810364]\n   \tOrdinal0 [0x0064EA28+1829416]\n   \tOrdinal0 [0x0064EB15+1829653]\n   \tOrdinal0 [0x00658744+1869636]\n   \tBaseThreadInitThunk [0x75C800F9+25]\n   \tRtlGetAppContainerNamedObjectPath [0x77037BBE+286]\n   \tRtlGetAppContainerNamedObjectPath [0x77037B8E+238]\n", "test_name": "test_PTN_003_7", "rerun": "0"}, "12": {"status": "PASS", "message": "", "test_name": "test_PTN_003_8", "rerun": "0"}}, "suite_name": "Penempatan/Fungsional_test/Test_Rupbasaan_Penempatan.py"}}}, "date": "December 19, 2022", "start_time": 1671419483.3766692, "total_suite": 1, "status": "FAIL", "status_list": {"pass": "11", "fail": "2", "skip": "0", "error": "0", "xpass": "0", "xfail": "0", "rerun": "0"}, "total_tests": "13"}