{"content": {"suites": {"0": {"status": {"total_pass": 9, "total_skip": 0, "total_xpass": 0, "total_xfail": 0, "total_rerun": 0, "total_fail": 4, "total_error": 0}, "tests": {"0": {"status": "PASS", "message": "", "test_name": "test_Ossetup_1", "rerun": "0"}, "1": {"status": "PASS", "message": "", "test_name": "test_loggin_2", "rerun": "0"}, "2": {"status": "PASS", "message": "", "test_name": "test_PTN_001", "rerun": "0"}, "3": {"status": "PASS", "message": "", "test_name": "test_PTN_002", "rerun": "0"}, "4": {"status": "PASS", "message": "", "test_name": "test_PTN_003_0", "rerun": "0"}, "5": {"status": "PASS", "message": "", "test_name": "test_PTN_003_1", "rerun": "0"}, "6": {"status": "PASS", "message": "", "test_name": "test_PTN_003_2", "rerun": "0"}, "7": {"status": "PASS", "message": "", "test_name": "test_PTN_003_3", "rerun": "0"}, "8": {"status": "FAIL", "message": "   selenium.common.exceptions.NoSuchElementException: Message: no such element: Unable to locate element: {\"method\":\"css selector\",\"selector\":\"[id=\"gudangOption-0\"]\"}\n     (Session info: chrome=105.0.5195.127)\n   Stacktrace:\n   Backtrace:\n   \tOrdinal0 [0x00BCC0A3+2212003]\n   \tOrdinal0 [0x00B62CC1+1780929]\n   \tOrdinal0 [0x00A7465D+804445]\n   \tOrdinal0 [0x00AA3475+996469]\n   \tOrdinal0 [0x00AA363B+996923]\n   \tOrdinal0 [0x00AD1382+1184642]\n   \tOrdinal0 [0x00ABEC64+1109092]\n   \tOrdinal0 [0x00ACF5B2+1177010]\n   \tOrdinal0 [0x00ABEA36+1108534]\n   \tOrdinal0 [0x00A983C9+951241]\n   \tOrdinal0 [0x00A99396+955286]\n   \tGetHandleVerifier [0x00E79CE2+2746722]\n   \tGetHandleVerifier [0x00E6A234+2682548]\n   \tGetHandleVerifier [0x00C5B34A+524234]\n   \tGetHandleVerifier [0x00C59B60+518112]\n   \tOrdinal0 [0x00B69FBC+1810364]\n   \tOrdinal0 [0x00B6EA28+1829416]\n   \tOrdinal0 [0x00B6EB15+1829653]\n   \tOrdinal0 [0x00B78744+1869636]\n   \tBaseThreadInitThunk [0x75C800F9+25]\n   \tRtlGetAppContainerNamedObjectPath [0x77037BBE+286]\n   \tRtlGetAppContainerNamedObjectPath [0x77037B8E+238]\n", "test_name": "test_PTN_003_4", "rerun": "0"}, "9": {"status": "FAIL", "message": "   selenium.common.exceptions.ElementClickInterceptedException: Message: element click intercepted: Element <input class=\"el-input__inner\" id=\"dropdownSektorGudang\" type=\"text\" disabled=\"\" readonly=\"\" autocomplete=\"off\" placeholder=\"Pilih Sektor Gudang\"> is not clickable at point (498, 603). Other element would receive the click: <p class=\"el-select-dropdown__empty\">...</p>\n     (Session info: chrome=105.0.5195.127)\n   Stacktrace:\n   Backtrace:\n   \tOrdinal0 [0x00BCC0A3+2212003]\n   \tOrdinal0 [0x00B62CC1+1780929]\n   \tOrdinal0 [0x00A7465D+804445]\n   \tOrdinal0 [0x00AA9E04+1023492]\n   \tOrdinal0 [0x00AA7CF4+1015028]\n   \tOrdinal0 [0x00AA58FB+1005819]\n   \tOrdinal0 [0x00AA4567+1000807]\n   \tOrdinal0 [0x00A99FB6+958390]\n   \tOrdinal0 [0x00ABEC1C+1109020]\n   \tOrdinal0 [0x00A998F4+956660]\n   \tOrdinal0 [0x00ABEE34+1109556]\n   \tOrdinal0 [0x00ACF5B2+1177010]\n   \tOrdinal0 [0x00ABEA36+1108534]\n   \tOrdinal0 [0x00A983C9+951241]\n   \tOrdinal0 [0x00A99396+955286]\n   \tGetHandleVerifier [0x00E79CE2+2746722]\n   \tGetHandleVerifier [0x00E6A234+2682548]\n   \tGetHandleVerifier [0x00C5B34A+524234]\n   \tGetHandleVerifier [0x00C59B60+518112]\n   \tOrdinal0 [0x00B69FBC+1810364]\n   \tOrdinal0 [0x00B6EA28+1829416]\n   \tOrdinal0 [0x00B6EB15+1829653]\n   \tOrdinal0 [0x00B78744+1869636]\n   \tBaseThreadInitThunk [0x75C800F9+25]\n   \tRtlGetAppContainerNamedObjectPath [0x77037BBE+286]\n   \tRtlGetAppContainerNamedObjectPath [0x77037B8E+238]\n", "test_name": "test_PTN_003_5", "rerun": "0"}, "10": {"status": "FAIL", "message": "   selenium.common.exceptions.ElementNotInteractableException: Message: element not interactable\n     (Session info: chrome=105.0.5195.127)\n   Stacktrace:\n   Backtrace:\n   \tOrdinal0 [0x00BCC0A3+2212003]\n   \tOrdinal0 [0x00B62CC1+1780929]\n   \tOrdinal0 [0x00A74520+804128]\n   \tOrdinal0 [0x00A9E963+977251]\n   \tOrdinal0 [0x00A9DFD3+974803]\n   \tOrdinal0 [0x00ABEC1C+1109020]\n   \tOrdinal0 [0x00A998F4+956660]\n   \tOrdinal0 [0x00ABEE34+1109556]\n   \tOrdinal0 [0x00ACF5B2+1177010]\n   \tOrdinal0 [0x00ABEA36+1108534]\n   \tOrdinal0 [0x00A983C9+951241]\n   \tOrdinal0 [0x00A99396+955286]\n   \tGetHandleVerifier [0x00E79CE2+2746722]\n   \tGetHandleVerifier [0x00E6A234+2682548]\n   \tGetHandleVerifier [0x00C5B34A+524234]\n   \tGetHandleVerifier [0x00C59B60+518112]\n   \tOrdinal0 [0x00B69FBC+1810364]\n   \tOrdinal0 [0x00B6EA28+1829416]\n   \tOrdinal0 [0x00B6EB15+1829653]\n   \tOrdinal0 [0x00B78744+1869636]\n   \tBaseThreadInitThunk [0x75C800F9+25]\n   \tRtlGetAppContainerNamedObjectPath [0x77037BBE+286]\n   \tRtlGetAppContainerNamedObjectPath [0x77037B8E+238]\n", "test_name": "test_PTN_003_6", "rerun": "0"}, "11": {"status": "FAIL", "message": "   selenium.common.exceptions.ElementNotInteractableException: Message: element not interactable\n     (Session info: chrome=105.0.5195.127)\n   Stacktrace:\n   Backtrace:\n   \tOrdinal0 [0x00BCC0A3+2212003]\n   \tOrdinal0 [0x00B62CC1+1780929]\n   \tOrdinal0 [0x00A74520+804128]\n   \tOrdinal0 [0x00A9E963+977251]\n   \tOrdinal0 [0x00A9DFD3+974803]\n   \tOrdinal0 [0x00ABEC1C+1109020]\n   \tOrdinal0 [0x00A998F4+956660]\n   \tOrdinal0 [0x00ABEE34+1109556]\n   \tOrdinal0 [0x00ACF5B2+1177010]\n   \tOrdinal0 [0x00ABEA36+1108534]\n   \tOrdinal0 [0x00A983C9+951241]\n   \tOrdinal0 [0x00A99396+955286]\n   \tGetHandleVerifier [0x00E79CE2+2746722]\n   \tGetHandleVerifier [0x00E6A234+2682548]\n   \tGetHandleVerifier [0x00C5B34A+524234]\n   \tGetHandleVerifier [0x00C59B60+518112]\n   \tOrdinal0 [0x00B69FBC+1810364]\n   \tOrdinal0 [0x00B6EA28+1829416]\n   \tOrdinal0 [0x00B6EB15+1829653]\n   \tOrdinal0 [0x00B78744+1869636]\n   \tBaseThreadInitThunk [0x75C800F9+25]\n   \tRtlGetAppContainerNamedObjectPath [0x77037BBE+286]\n   \tRtlGetAppContainerNamedObjectPath [0x77037B8E+238]\n", "test_name": "test_PTN_003_7", "rerun": "0"}, "12": {"status": "PASS", "message": "", "test_name": "test_PTN_003_8", "rerun": "0"}}, "suite_name": "Penempatan/Fungsional_test/Test_Rupbasaan_Penempatan.py"}}}, "date": "December 18, 2022", "start_time": 1671381220.347029, "total_suite": 1, "status": "FAIL", "status_list": {"pass": "9", "fail": "4", "skip": "0", "error": "0", "xpass": "0", "xfail": "0", "rerun": "0"}, "total_tests": "13"}