{"content": {"suites": {"0": {"status": {"total_pass": 5, "total_skip": 0, "total_xpass": 0, "total_xfail": 0, "total_rerun": 0, "total_fail": 3, "total_error": 0}, "tests": {"0": {"status": "PASS", "message": "", "test_name": "test_Ossetup_1", "rerun": "0"}, "1": {"status": "PASS", "message": "", "test_name": "test_loggin_2", "rerun": "0"}, "2": {"status": "PASS", "message": "", "test_name": "test_PTN_001", "rerun": "0"}, "3": {"status": "PASS", "message": "", "test_name": "test_PTN_002", "rerun": "0"}, "4": {"status": "PASS", "message": "", "test_name": "test_PTN_003_0", "rerun": "0"}, "5": {"status": "FAIL", "message": "   selenium.common.exceptions.NoSuchElementException: Message: no such element: Unable to locate element: {\"method\":\"xpath\",\"selector\":\"//*[@id=\"245\"]/div/table-0\"}\n     (Session info: chrome=105.0.5195.127)\n   Stacktrace:\n   Backtrace:\n   \tOrdinal0 [0x006AC0A3+2212003]\n   \tOrdinal0 [0x00642CC1+1780929]\n   \tOrdinal0 [0x0055465D+804445]\n   \tOrdinal0 [0x00583475+996469]\n   \tOrdinal0 [0x0058363B+996923]\n   \tOrdinal0 [0x005B1382+1184642]\n   \tOrdinal0 [0x0059EC64+1109092]\n   \tOrdinal0 [0x005AF5B2+1177010]\n   \tOrdinal0 [0x0059EA36+1108534]\n   \tOrdinal0 [0x005783C9+951241]\n   \tOrdinal0 [0x00579396+955286]\n   \tGetHandleVerifier [0x00959CE2+2746722]\n   \tGetHandleVerifier [0x0094A234+2682548]\n   \tGetHandleVerifier [0x0073B34A+524234]\n   \tGetHandleVerifier [0x00739B60+518112]\n   \tOrdinal0 [0x00649FBC+1810364]\n   \tOrdinal0 [0x0064EA28+1829416]\n   \tOrdinal0 [0x0064EB15+1829653]\n   \tOrdinal0 [0x00658744+1869636]\n   \tBaseThreadInitThunk [0x75C800F9+25]\n   \tRtlGetAppContainerNamedObjectPath [0x77037BBE+286]\n   \tRtlGetAppContainerNamedObjectPath [0x77037B8E+238]\n", "test_name": "test_PTN_003_1", "rerun": "0"}, "6": {"status": "FAIL", "message": "   selenium.common.exceptions.ElementClickInterceptedException: Message: element click intercepted: Element <input class=\"el-input__inner\" id=\"tgl_penempatan\" name=\"\" type=\"text\" autocomplete=\"off\" placeholder=\"Masukkan Tanggal Penempatan\"> is not clickable at point (618, 455). Other element would receive the click: <td class=\"el-descriptions__cell el-descriptions__label is-bordered-label\" colspan=\"1\" style=\"width: 50%;\">...</td>\n     (Session info: chrome=105.0.5195.127)\n   Stacktrace:\n   Backtrace:\n   \tOrdinal0 [0x006AC0A3+2212003]\n   \tOrdinal0 [0x00642CC1+1780929]\n   \tOrdinal0 [0x0055465D+804445]\n   \tOrdinal0 [0x00589E04+1023492]\n   \tOrdinal0 [0x00587CF4+1015028]\n   \tOrdinal0 [0x005858FB+1005819]\n   \tOrdinal0 [0x00584567+1000807]\n   \tOrdinal0 [0x00579FB6+958390]\n   \tOrdinal0 [0x0059EC1C+1109020]\n   \tOrdinal0 [0x005798F4+956660]\n   \tOrdinal0 [0x0059EE34+1109556]\n   \tOrdinal0 [0x005AF5B2+1177010]\n   \tOrdinal0 [0x0059EA36+1108534]\n   \tOrdinal0 [0x005783C9+951241]\n   \tOrdinal0 [0x00579396+955286]\n   \tGetHandleVerifier [0x00959CE2+2746722]\n   \tGetHandleVerifier [0x0094A234+2682548]\n   \tGetHandleVerifier [0x0073B34A+524234]\n   \tGetHandleVerifier [0x00739B60+518112]\n   \tOrdinal0 [0x00649FBC+1810364]\n   \tOrdinal0 [0x0064EA28+1829416]\n   \tOrdinal0 [0x0064EB15+1829653]\n   \tOrdinal0 [0x00658744+1869636]\n   \tBaseThreadInitThunk [0x75C800F9+25]\n   \tRtlGetAppContainerNamedObjectPath [0x77037BBE+286]\n   \tRtlGetAppContainerNamedObjectPath [0x77037B8E+238]\n", "test_name": "test_PTN_003_2", "rerun": "0"}, "7": {"status": "FAIL", "message": "   selenium.common.exceptions.ElementClickInterceptedException: Message: element click intercepted: Element <input class=\"el-input__inner\" id=\"dropdownPilihTersangka\" type=\"text\" disabled=\"\" readonly=\"\" autocomplete=\"off\" placeholder=\"Masukkan Nama\"> is not clickable at point (618, 505). Other element would receive the click: <td class=\"el-descriptions__cell el-descriptions__label is-bordered-label\" colspan=\"1\" style=\"width: 50%;\">...</td>\n     (Session info: chrome=105.0.5195.127)\n   Stacktrace:\n   Backtrace:\n   \tOrdinal0 [0x006AC0A3+2212003]\n   \tOrdinal0 [0x00642CC1+1780929]\n   \tOrdinal0 [0x0055465D+804445]\n   \tOrdinal0 [0x00589E04+1023492]\n   \tOrdinal0 [0x00587CF4+1015028]\n   \tOrdinal0 [0x005858FB+1005819]\n   \tOrdinal0 [0x00584567+1000807]\n   \tOrdinal0 [0x00579FB6+958390]\n   \tOrdinal0 [0x0059EC1C+1109020]\n   \tOrdinal0 [0x005798F4+956660]\n   \tOrdinal0 [0x0059EE34+1109556]\n   \tOrdinal0 [0x005AF5B2+1177010]\n   \tOrdinal0 [0x0059EA36+1108534]\n   \tOrdinal0 [0x005783C9+951241]\n   \tOrdinal0 [0x00579396+955286]\n   \tGetHandleVerifier [0x00959CE2+2746722]\n   \tGetHandleVerifier [0x0094A234+2682548]\n   \tGetHandleVerifier [0x0073B34A+524234]\n   \tGetHandleVerifier [0x00739B60+518112]\n   \tOrdinal0 [0x00649FBC+1810364]\n   \tOrdinal0 [0x0064EA28+1829416]\n   \tOrdinal0 [0x0064EB15+1829653]\n   \tOrdinal0 [0x00658744+1869636]\n   \tBaseThreadInitThunk [0x75C800F9+25]\n   \tRtlGetAppContainerNamedObjectPath [0x77037BBE+286]\n   \tRtlGetAppContainerNamedObjectPath [0x77037B8E+238]\n", "test_name": "test_PTN_003_3", "rerun": "0"}}, "suite_name": "Penempatan/Fungsional_test/Test_Rupbasaan_Penempatan.py"}}}, "date": "December 19, 2022", "start_time": 1671418478.234155, "total_suite": 1, "status": "FAIL", "status_list": {"pass": "5", "fail": "3", "skip": "0", "error": "0", "xpass": "0", "xfail": "0", "rerun": "0"}, "total_tests": "8"}