{"content": {"suites": {"0": {"status": {"total_pass": 9, "total_skip": 0, "total_xpass": 0, "total_xfail": 0, "total_rerun": 0, "total_fail": 0, "total_error": 0}, "tests": {"0": {"status": "PASS", "message": "", "test_name": "test_SetupOsOpen", "rerun": "0"}, "1": {"status": "PASS", "message": "", "test_name": "test_TC_GIATJA_001", "rerun": "0"}, "2": {"status": "PASS", "message": "", "test_name": "test_TC_GIATJA_002", "rerun": "0"}, "3": {"status": "PASS", "message": "", "test_name": "test_TC_GIATJA_003", "rerun": "0"}, "4": {"status": "PASS", "message": "", "test_name": "test_TC_GIATJA_004", "rerun": "0"}, "5": {"status": "PASS", "message": "", "test_name": "test_TC_GIATJA_005", "rerun": "0"}, "6": {"status": "PASS", "message": "", "test_name": "test_TC_GIATJA_006", "rerun": "0"}, "7": {"status": "PASS", "message": "", "test_name": "test_TC_GIATJA_007", "rerun": "0"}, "8": {"status": "PASS", "message": "", "test_name": "test_EXIT", "rerun": "0"}}, "suite_name": "Giatja/Fungsional/test_1OpTambahGiatja.py"}, "1": {"suite_name": "Giatja/Fungsional/test_2OpPemasaran.py", "tests": {"0": {"status": "PASS", "message": "", "test_name": "test_1_SetupOs", "rerun": "0"}, "1": {"status": "PASS", "message": "", "test_name": "test_TC_GIATJA_008", "rerun": "0"}, "2": {"status": "FAIL", "message": "   selenium.common.exceptions.TimeoutException: Message: \n   Stacktrace:\n   0   chromedriver                        0x000000010261cae8 chromedriver + 4958952\n   1   chromedriver                        0x00000001026147b3 chromedriver + 4925363\n   2   chromedriver                        0x00000001021d61d6 chromedriver + 475606\n   3   chromedriver                        0x0000000102219a20 chromedriver + 752160\n   4   chromedriver                        0x0000000102219c81 chromedriver + 752769\n   5   chromedriver                        0x000000010225df64 chromedriver + 1032036\n   6   chromedriver                        0x000000010223fc3d chromedriver + 908349\n   7   chromedriver                        0x000000010225b25b chromedriver + 1020507\n   8   chromedriver                        0x000000010223f9e3 chromedriver + 907747\n   9   chromedriver                        0x0000000102209aef chromedriver + 686831\n   10  chromedriver                        0x000000010220b00e chromedriver + 692238\n   11  chromedriver                        0x00000001025d89ad chromedriver + 4680109\n   12  chromedriver                        0x00000001025ddc12 chromedriver + 4701202\n   13  chromedriver                        0x00000001025e479f chromedriver + 4728735\n   14  chromedriver                        0x00000001025deb7a chromedriver + 4705146\n   15  chromedriver                        0x00000001025b127e chromedriver + 4518526\n   16  chromedriver                        0x00000001025fe908 chromedriver + 4835592\n   17  chromedriver                        0x00000001025fea87 chromedriver + 4835975\n   18  chromedriver                        0x000000010260e00f chromedriver + 4898831\n   19  libsystem_pthread.dylib             0x00007ff8058fb1d3 _pthread_start + 125\n   20  libsystem_pthread.dylib             0x00007ff8058f6bd3 thread_start + 15\n", "test_name": "test_TC_GIATJA_009", "rerun": "0"}, "3": {"status": "FAIL", "message": "   selenium.common.exceptions.TimeoutException: Message: \n   Stacktrace:\n   0   chromedriver                        0x000000010261cae8 chromedriver + 4958952\n   1   chromedriver                        0x00000001026147b3 chromedriver + 4925363\n   2   chromedriver                        0x00000001021d61d6 chromedriver + 475606\n   3   chromedriver                        0x0000000102219a20 chromedriver + 752160\n   4   chromedriver                        0x0000000102219c81 chromedriver + 752769\n   5   chromedriver                        0x000000010225df64 chromedriver + 1032036\n   6   chromedriver                        0x000000010223fc3d chromedriver + 908349\n   7   chromedriver                        0x000000010225b25b chromedriver + 1020507\n   8   chromedriver                        0x000000010223f9e3 chromedriver + 907747\n   9   chromedriver                        0x0000000102209aef chromedriver + 686831\n   10  chromedriver                        0x000000010220b00e chromedriver + 692238\n   11  chromedriver                        0x00000001025d89ad chromedriver + 4680109\n   12  chromedriver                        0x00000001025ddc12 chromedriver + 4701202\n   13  chromedriver                        0x00000001025e479f chromedriver + 4728735\n   14  chromedriver                        0x00000001025deb7a chromedriver + 4705146\n   15  chromedriver                        0x00000001025b127e chromedriver + 4518526\n   16  chromedriver                        0x00000001025fe908 chromedriver + 4835592\n   17  chromedriver                        0x00000001025fea87 chromedriver + 4835975\n   18  chromedriver                        0x000000010260e00f chromedriver + 4898831\n   19  libsystem_pthread.dylib             0x00007ff8058fb1d3 _pthread_start + 125\n   20  libsystem_pthread.dylib             0x00007ff8058f6bd3 thread_start + 15\n", "test_name": "test_TC_GIATJA_010", "rerun": "0"}, "4": {"status": "FAIL", "message": "   selenium.common.exceptions.TimeoutException: Message: \n   Stacktrace:\n   0   chromedriver                        0x000000010261cae8 chromedriver + 4958952\n   1   chromedriver                        0x00000001026147b3 chromedriver + 4925363\n   2   chromedriver                        0x00000001021d61d6 chromedriver + 475606\n   3   chromedriver                        0x0000000102219a20 chromedriver + 752160\n   4   chromedriver                        0x0000000102219c81 chromedriver + 752769\n   5   chromedriver                        0x000000010225df64 chromedriver + 1032036\n   6   chromedriver                        0x000000010223fc3d chromedriver + 908349\n   7   chromedriver                        0x000000010225b25b chromedriver + 1020507\n   8   chromedriver                        0x000000010223f9e3 chromedriver + 907747\n   9   chromedriver                        0x0000000102209aef chromedriver + 686831\n   10  chromedriver                        0x000000010220b00e chromedriver + 692238\n   11  chromedriver                        0x00000001025d89ad chromedriver + 4680109\n   12  chromedriver                        0x00000001025ddc12 chromedriver + 4701202\n   13  chromedriver                        0x00000001025e479f chromedriver + 4728735\n   14  chromedriver                        0x00000001025deb7a chromedriver + 4705146\n   15  chromedriver                        0x00000001025b127e chromedriver + 4518526\n   16  chromedriver                        0x00000001025fe908 chromedriver + 4835592\n   17  chromedriver                        0x00000001025fea87 chromedriver + 4835975\n   18  chromedriver                        0x000000010260e00f chromedriver + 4898831\n   19  libsystem_pthread.dylib             0x00007ff8058fb1d3 _pthread_start + 125\n   20  libsystem_pthread.dylib             0x00007ff8058f6bd3 thread_start + 15\n", "test_name": "test_TC_GIATJA_011", "rerun": "0"}}, "status": {"total_pass": 2, "total_skip": 0, "total_xpass": 0, "total_xfail": 0, "total_rerun": 0, "total_fail": 3, "total_error": 0}}}}, "date": "May 16, 2023", "start_time": 1684226582.131347, "total_suite": 2, "status": "FAIL", "status_list": {"pass": "11", "fail": "3", "skip": "0", "error": "0", "xpass": "0", "xfail": "0", "rerun": "0"}, "total_tests": "14"}