{"content": {"suites": {"0": {"status": {"total_pass": 5, "total_skip": 0, "total_xpass": 0, "total_xfail": 0, "total_rerun": 0, "total_fail": 7, "total_error": 0}, "tests": {"0": {"status": "PASS", "message": "", "test_name": "test_2_login", "rerun": "0"}, "1": {"status": "PASS", "message": "", "test_name": "test_3_AksesMenu", "rerun": "0"}, "2": {"status": "PASS", "message": "", "test_name": "test_4_CreateButton", "rerun": "0"}, "3": {"status": "PASS", "message": "", "test_name": "test_5_SearchNamaWBP", "rerun": "0"}, "4": {"status": "PASS", "message": "", "test_name": "test_6_ClickButtonSearch", "rerun": "0"}, "5": {"status": "FAIL", "message": "   selenium.common.exceptions.NoSuchElementException: Message: no such element: Unable to locate element: {\"method\":\"css selector\",\"selector\":\"[id=\"penempatan-0\"]\"}\n     (Session info: chrome=111.0.5563.146)\n   Stacktrace:\n   0   chromedriver                        0x00000001007111c0 chromedriver + 4248000\n   1   chromedriver                        0x0000000100691dc0 chromedriver + 3726784\n   2   chromedriver                        0x0000000100346ec4 chromedriver + 274116\n   3   chromedriver                        0x0000000100382be4 chromedriver + 519140\n   4   chromedriver                        0x00000001003be054 chromedriver + 761940\n   5   chromedriver                        0x0000000100375200 chromedriver + 463360\n   6   chromedriver                        0x0000000100376318 chromedriver + 467736\n   7   chromedriver                        0x00000001006df060 chromedriver + 4042848\n   8   chromedriver                        0x00000001006e38a4 chromedriver + 4061348\n   9   chromedriver                        0x00000001006eb3d0 chromedriver + 4092880\n   10  chromedriver                        0x00000001006e46e4 chromedriver + 4064996\n   11  chromedriver                        0x00000001006ba0fc chromedriver + 3891452\n   12  chromedriver                        0x0000000100704a64 chromedriver + 4196964\n   13  chromedriver                        0x0000000100704bb8 chromedriver + 4197304\n   14  chromedriver                        0x0000000100718650 chromedriver + 4277840\n   15  libsystem_pthread.dylib             0x000000019d5c606c _pthread_start + 148\n   16  libsystem_pthread.dylib             0x000000019d5c0e2c thread_start + 8\n", "test_name": "test_7_ClickButtonPenempatan", "rerun": "0"}, "6": {"status": "FAIL", "message": "   selenium.common.exceptions.TimeoutException: Message: \n   Stacktrace:\n   0   chromedriver                        0x00000001007111c0 chromedriver + 4248000\n   1   chromedriver                        0x0000000100691dc0 chromedriver + 3726784\n   2   chromedriver                        0x0000000100346ec4 chromedriver + 274116\n   3   chromedriver                        0x0000000100382be4 chromedriver + 519140\n   4   chromedriver                        0x00000001003be054 chromedriver + 761940\n   5   chromedriver                        0x0000000100375200 chromedriver + 463360\n   6   chromedriver                        0x0000000100376318 chromedriver + 467736\n   7   chromedriver                        0x00000001006df060 chromedriver + 4042848\n   8   chromedriver                        0x00000001006e38a4 chromedriver + 4061348\n   9   chromedriver                        0x00000001006eb3d0 chromedriver + 4092880\n   10  chromedriver                        0x00000001006e46e4 chromedriver + 4064996\n   11  chromedriver                        0x00000001006ba0fc chromedriver + 3891452\n   12  chromedriver                        0x0000000100704a64 chromedriver + 4196964\n   13  chromedriver                        0x0000000100704bb8 chromedriver + 4197304\n   14  chromedriver                        0x0000000100718650 chromedriver + 4277840\n   15  libsystem_pthread.dylib             0x000000019d5c606c _pthread_start + 148\n   16  libsystem_pthread.dylib             0x000000019d5c0e2c thread_start + 8\n", "test_name": "test_8_SelectBlock", "rerun": "0"}, "7": {"status": "FAIL", "message": "   selenium.common.exceptions.TimeoutException: Message: \n   Stacktrace:\n   0   chromedriver                        0x00000001007111c0 chromedriver + 4248000\n   1   chromedriver                        0x0000000100691dc0 chromedriver + 3726784\n   2   chromedriver                        0x0000000100346ec4 chromedriver + 274116\n   3   chromedriver                        0x0000000100382be4 chromedriver + 519140\n   4   chromedriver                        0x00000001003be054 chromedriver + 761940\n   5   chromedriver                        0x0000000100375200 chromedriver + 463360\n   6   chromedriver                        0x0000000100376318 chromedriver + 467736\n   7   chromedriver                        0x00000001006df060 chromedriver + 4042848\n   8   chromedriver                        0x00000001006e38a4 chromedriver + 4061348\n   9   chromedriver                        0x00000001006eb3d0 chromedriver + 4092880\n   10  chromedriver                        0x00000001006e46e4 chromedriver + 4064996\n   11  chromedriver                        0x00000001006ba0fc chromedriver + 3891452\n   12  chromedriver                        0x0000000100704a64 chromedriver + 4196964\n   13  chromedriver                        0x0000000100704bb8 chromedriver + 4197304\n   14  chromedriver                        0x0000000100718650 chromedriver + 4277840\n   15  libsystem_pthread.dylib             0x000000019d5c606c _pthread_start + 148\n   16  libsystem_pthread.dylib             0x000000019d5c0e2c thread_start + 8\n", "test_name": "test_9_MemilihLantai", "rerun": "0"}, "8": {"status": "FAIL", "message": "   selenium.common.exceptions.TimeoutException: Message: \n   Stacktrace:\n   0   chromedriver                        0x00000001007111c0 chromedriver + 4248000\n   1   chromedriver                        0x0000000100691dc0 chromedriver + 3726784\n   2   chromedriver                        0x0000000100346ec4 chromedriver + 274116\n   3   chromedriver                        0x0000000100382be4 chromedriver + 519140\n   4   chromedriver                        0x00000001003be054 chromedriver + 761940\n   5   chromedriver                        0x0000000100375200 chromedriver + 463360\n   6   chromedriver                        0x0000000100376318 chromedriver + 467736\n   7   chromedriver                        0x00000001006df060 chromedriver + 4042848\n   8   chromedriver                        0x00000001006e38a4 chromedriver + 4061348\n   9   chromedriver                        0x00000001006eb3d0 chromedriver + 4092880\n   10  chromedriver                        0x00000001006e46e4 chromedriver + 4064996\n   11  chromedriver                        0x00000001006ba0fc chromedriver + 3891452\n   12  chromedriver                        0x0000000100704a64 chromedriver + 4196964\n   13  chromedriver                        0x0000000100704bb8 chromedriver + 4197304\n   14  chromedriver                        0x0000000100718650 chromedriver + 4277840\n   15  libsystem_pthread.dylib             0x000000019d5c606c _pthread_start + 148\n   16  libsystem_pthread.dylib             0x000000019d5c0e2c thread_start + 8\n", "test_name": "test_10_MemilihKamar", "rerun": "0"}, "9": {"status": "FAIL", "message": "   selenium.common.exceptions.NoSuchElementException: Message: no such element: Unable to locate element: {\"method\":\"css selector\",\"selector\":\"[id=\"tanggalMutasiForm\"]\"}\n     (Session info: chrome=111.0.5563.146)\n   Stacktrace:\n   0   chromedriver                        0x00000001007111c0 chromedriver + 4248000\n   1   chromedriver                        0x0000000100691dc0 chromedriver + 3726784\n   2   chromedriver                        0x0000000100346ec4 chromedriver + 274116\n   3   chromedriver                        0x0000000100382be4 chromedriver + 519140\n   4   chromedriver                        0x00000001003be054 chromedriver + 761940\n   5   chromedriver                        0x0000000100375200 chromedriver + 463360\n   6   chromedriver                        0x0000000100376318 chromedriver + 467736\n   7   chromedriver                        0x00000001006df060 chromedriver + 4042848\n   8   chromedriver                        0x00000001006e38a4 chromedriver + 4061348\n   9   chromedriver                        0x00000001006eb3d0 chromedriver + 4092880\n   10  chromedriver                        0x00000001006e46e4 chromedriver + 4064996\n   11  chromedriver                        0x00000001006ba0fc chromedriver + 3891452\n   12  chromedriver                        0x0000000100704a64 chromedriver + 4196964\n   13  chromedriver                        0x0000000100704bb8 chromedriver + 4197304\n   14  chromedriver                        0x0000000100718650 chromedriver + 4277840\n   15  libsystem_pthread.dylib             0x000000019d5c606c _pthread_start + 148\n   16  libsystem_pthread.dylib             0x000000019d5c0e2c thread_start + 8\n", "test_name": "test_11_InputTanggalPenempatan", "rerun": "0"}, "10": {"status": "FAIL", "message": "   selenium.common.exceptions.NoSuchElementException: Message: no such element: Unable to locate element: {\"method\":\"css selector\",\"selector\":\"[id=\"keteranganForm\"]\"}\n     (Session info: chrome=111.0.5563.146)\n   Stacktrace:\n   0   chromedriver                        0x00000001007111c0 chromedriver + 4248000\n   1   chromedriver                        0x0000000100691dc0 chromedriver + 3726784\n   2   chromedriver                        0x0000000100346ec4 chromedriver + 274116\n   3   chromedriver                        0x0000000100382be4 chromedriver + 519140\n   4   chromedriver                        0x00000001003be054 chromedriver + 761940\n   5   chromedriver                        0x0000000100375200 chromedriver + 463360\n   6   chromedriver                        0x0000000100376318 chromedriver + 467736\n   7   chromedriver                        0x00000001006df060 chromedriver + 4042848\n   8   chromedriver                        0x00000001006e38a4 chromedriver + 4061348\n   9   chromedriver                        0x00000001006eb3d0 chromedriver + 4092880\n   10  chromedriver                        0x00000001006e46e4 chromedriver + 4064996\n   11  chromedriver                        0x00000001006ba0fc chromedriver + 3891452\n   12  chromedriver                        0x0000000100704a64 chromedriver + 4196964\n   13  chromedriver                        0x0000000100704bb8 chromedriver + 4197304\n   14  chromedriver                        0x0000000100718650 chromedriver + 4277840\n   15  libsystem_pthread.dylib             0x000000019d5c606c _pthread_start + 148\n   16  libsystem_pthread.dylib             0x000000019d5c0e2c thread_start + 8\n", "test_name": "test_12_InputKeterangan", "rerun": "0"}, "11": {"status": "FAIL", "message": "   selenium.common.exceptions.NoSuchElementException: Message: no such element: Unable to locate element: {\"method\":\"css selector\",\"selector\":\"[id=\"submitButton\"]\"}\n     (Session info: chrome=111.0.5563.146)\n   Stacktrace:\n   0   chromedriver                        0x00000001007111c0 chromedriver + 4248000\n   1   chromedriver                        0x0000000100691dc0 chromedriver + 3726784\n   2   chromedriver                        0x0000000100346ec4 chromedriver + 274116\n   3   chromedriver                        0x0000000100382be4 chromedriver + 519140\n   4   chromedriver                        0x00000001003be054 chromedriver + 761940\n   5   chromedriver                        0x0000000100375200 chromedriver + 463360\n   6   chromedriver                        0x0000000100376318 chromedriver + 467736\n   7   chromedriver                        0x00000001006df060 chromedriver + 4042848\n   8   chromedriver                        0x00000001006e38a4 chromedriver + 4061348\n   9   chromedriver                        0x00000001006eb3d0 chromedriver + 4092880\n   10  chromedriver                        0x00000001006e46e4 chromedriver + 4064996\n   11  chromedriver                        0x00000001006ba0fc chromedriver + 3891452\n   12  chromedriver                        0x0000000100704a64 chromedriver + 4196964\n   13  chromedriver                        0x0000000100704bb8 chromedriver + 4197304\n   14  chromedriver                        0x0000000100718650 chromedriver + 4277840\n   15  libsystem_pthread.dylib             0x000000019d5c606c _pthread_start + 148\n   16  libsystem_pthread.dylib             0x000000019d5c0e2c thread_start + 8\n", "test_name": "test_13_ClickButtonSubmit", "rerun": "0"}}, "suite_name": "Fungsional/test_PenghuniBaru.py"}}}, "date": "March 30, 2023", "start_time": 1680112837.373016, "total_suite": 1, "status": "FAIL", "status_list": {"pass": "5", "fail": "7", "skip": "0", "error": "0", "xpass": "0", "xfail": "0", "rerun": "0"}, "total_tests": "12"}