{"content": {"suites": {"0": {"status": {"total_pass": 2, "total_skip": 0, "total_xpass": 0, "total_xfail": 0, "total_rerun": 0, "total_fail": 4, "total_error": 0}, "tests": {"0": {"status": "PASS", "message": "", "test_name": "test_1_SetupOS", "rerun": "0"}, "1": {"status": "FAIL", "message": "   selenium.common.exceptions.NoSuchElementException: Message: no such element: Unable to locate element: {\"method\":\"xpath\",\"selector\":\"//div/span\"}\n     (Session info: chrome=108.0.5359.71)\n   Stacktrace:\n   0   chromedriver                        0x00000001032c6a88 chromedriver + 4123272\n   1   chromedriver                        0x0000000103252778 chromedriver + 3647352\n   2   chromedriver                        0x0000000102f14ac4 chromedriver + 248516\n   3   chromedriver                        0x0000000102f4af68 chromedriver + 470888\n   4   chromedriver                        0x0000000102f7d020 chromedriver + 675872\n   5   chromedriver                        0x0000000102f3eb10 chromedriver + 420624\n   6   chromedriver                        0x0000000102f3fc30 chromedriver + 425008\n   7   chromedriver                        0x0000000103298ae4 chromedriver + 3934948\n   8   chromedriver                        0x000000010329bf24 chromedriver + 3948324\n   9   chromedriver                        0x000000010329c508 chromedriver + 3949832\n   10  chromedriver                        0x00000001032a2b30 chromedriver + 3975984\n   11  chromedriver                        0x000000010329cb24 chromedriver + 3951396\n   12  chromedriver                        0x000000010327771c chromedriver + 3798812\n   13  chromedriver                        0x00000001032b92f0 chromedriver + 4068080\n   14  chromedriver                        0x00000001032b9444 chromedriver + 4068420\n   15  chromedriver                        0x00000001032cd450 chromedriver + 4150352\n   16  libsystem_pthread.dylib             0x00000001a95c606c _pthread_start + 148\n   17  libsystem_pthread.dylib             0x00000001a95c0e2c thread_start + 8\n", "test_name": "test_2_Login", "rerun": "0"}, "2": {"status": "FAIL", "message": "   selenium.common.exceptions.NoSuchElementException: Message: no such element: Unable to locate element: {\"method\":\"xpath\",\"selector\":\"//*[@id=\"app\"]/div/nav/ul/li[2]/div\"}\n     (Session info: chrome=108.0.5359.71)\n   Stacktrace:\n   0   chromedriver                        0x00000001032c6a88 chromedriver + 4123272\n   1   chromedriver                        0x0000000103252778 chromedriver + 3647352\n   2   chromedriver                        0x0000000102f14ac4 chromedriver + 248516\n   3   chromedriver                        0x0000000102f4af68 chromedriver + 470888\n   4   chromedriver                        0x0000000102f7d020 chromedriver + 675872\n   5   chromedriver                        0x0000000102f3eb10 chromedriver + 420624\n   6   chromedriver                        0x0000000102f3fc30 chromedriver + 425008\n   7   chromedriver                        0x0000000103298ae4 chromedriver + 3934948\n   8   chromedriver                        0x000000010329bf24 chromedriver + 3948324\n   9   chromedriver                        0x000000010329c508 chromedriver + 3949832\n   10  chromedriver                        0x00000001032a2b30 chromedriver + 3975984\n   11  chromedriver                        0x000000010329cb24 chromedriver + 3951396\n   12  chromedriver                        0x000000010327771c chromedriver + 3798812\n   13  chromedriver                        0x00000001032b92f0 chromedriver + 4068080\n   14  chromedriver                        0x00000001032b9444 chromedriver + 4068420\n   15  chromedriver                        0x00000001032cd450 chromedriver + 4150352\n   16  libsystem_pthread.dylib             0x00000001a95c606c _pthread_start + 148\n   17  libsystem_pthread.dylib             0x00000001a95c0e2c thread_start + 8\n", "test_name": "test_3_Akses_menu", "rerun": "0"}, "3": {"status": "FAIL", "message": "   selenium.common.exceptions.TimeoutException: Message: \n   Stacktrace:\n   0   chromedriver                        0x00000001032c6a88 chromedriver + 4123272\n   1   chromedriver                        0x0000000103252778 chromedriver + 3647352\n   2   chromedriver                        0x0000000102f14ac4 chromedriver + 248516\n   3   chromedriver                        0x0000000102f4af68 chromedriver + 470888\n   4   chromedriver                        0x0000000102f7d020 chromedriver + 675872\n   5   chromedriver                        0x0000000102f3eb10 chromedriver + 420624\n   6   chromedriver                        0x0000000102f3fc30 chromedriver + 425008\n   7   chromedriver                        0x0000000103298ae4 chromedriver + 3934948\n   8   chromedriver                        0x000000010329bf24 chromedriver + 3948324\n   9   chromedriver                        0x000000010329c508 chromedriver + 3949832\n   10  chromedriver                        0x00000001032a2b30 chromedriver + 3975984\n   11  chromedriver                        0x000000010329cb24 chromedriver + 3951396\n   12  chromedriver                        0x000000010327771c chromedriver + 3798812\n   13  chromedriver                        0x00000001032b92f0 chromedriver + 4068080\n   14  chromedriver                        0x00000001032b9444 chromedriver + 4068420\n   15  chromedriver                        0x00000001032cd450 chromedriver + 4150352\n   16  libsystem_pthread.dylib             0x00000001a95c606c _pthread_start + 148\n   17  libsystem_pthread.dylib             0x00000001a95c0e2c thread_start + 8\n", "test_name": "test_4_ButtonTambah_PegawaiTambah", "rerun": "0"}, "4": {"status": "FAIL", "message": "   selenium.common.exceptions.TimeoutException: Message: \n   Stacktrace:\n   0   chromedriver                        0x00000001032c6a88 chromedriver + 4123272\n   1   chromedriver                        0x0000000103252778 chromedriver + 3647352\n   2   chromedriver                        0x0000000102f14ac4 chromedriver + 248516\n   3   chromedriver                        0x0000000102f4af68 chromedriver + 470888\n   4   chromedriver                        0x0000000102f7d020 chromedriver + 675872\n   5   chromedriver                        0x0000000102f3eb10 chromedriver + 420624\n   6   chromedriver                        0x0000000102f3fc30 chromedriver + 425008\n   7   chromedriver                        0x0000000103298ae4 chromedriver + 3934948\n   8   chromedriver                        0x000000010329bf24 chromedriver + 3948324\n   9   chromedriver                        0x000000010329c508 chromedriver + 3949832\n   10  chromedriver                        0x00000001032a2b30 chromedriver + 3975984\n   11  chromedriver                        0x000000010329cb24 chromedriver + 3951396\n   12  chromedriver                        0x000000010327771c chromedriver + 3798812\n   13  chromedriver                        0x00000001032b92f0 chromedriver + 4068080\n   14  chromedriver                        0x00000001032b9444 chromedriver + 4068420\n   15  chromedriver                        0x00000001032cd450 chromedriver + 4150352\n   16  libsystem_pthread.dylib             0x00000001a95c606c _pthread_start + 148\n   17  libsystem_pthread.dylib             0x00000001a95c0e2c thread_start + 8\n", "test_name": "test_5_Input", "rerun": "0"}, "5": {"status": "PASS", "message": "", "test_name": "test_exit", "rerun": "0"}}, "suite_name": "test_2Fungsi_P2U_ManualTambah.py"}}}, "date": "December 03, 2022", "start_time": 1670069306.656481, "total_suite": 1, "status": "FAIL", "status_list": {"pass": "2", "fail": "4", "skip": "0", "error": "0", "xpass": "0", "xfail": "0", "rerun": "0"}, "total_tests": "6"}