{"content": {"suites": {"0": {"status": {"total_pass": 4, "total_skip": 0, "total_xpass": 0, "total_xfail": 0, "total_rerun": 0, "total_fail": 2, "total_error": 0}, "tests": {"0": {"status": "PASS", "message": "", "test_name": "test_1_SetupOS_Search_Tambah", "rerun": "0"}, "1": {"status": "PASS", "message": "", "test_name": "test_2_Login_SearchTambah", "rerun": "0"}, "2": {"status": "PASS", "message": "", "test_name": "test_3_Akses_menu_index", "rerun": "0"}, "3": {"status": "PASS", "message": "", "test_name": "test_4_Search_Nama", "rerun": "0"}, "4": {"status": "FAIL", "message": "   selenium.common.exceptions.ElementClickInterceptedException: Message: element click intercepted: Element <a href=\"/keamanan/penjaga-pintu-utama/1\" class=\"\" id=\"detailButton0\">...</a> is not clickable at point (1810, 565). Other element would receive the click: <div class=\"el-loading-mask\" style=\"\">...</div>\n     (Session info: chrome=108.0.5359.71)\n   Stacktrace:\n   0   chromedriver                        0x000000010484aa88 chromedriver + 4123272\n   1   chromedriver                        0x00000001047d6778 chromedriver + 3647352\n   2   chromedriver                        0x0000000104498ac4 chromedriver + 248516\n   3   chromedriver                        0x00000001044d58a8 chromedriver + 497832\n   4   chromedriver                        0x00000001044d3874 chromedriver + 489588\n   5   chromedriver                        0x00000001044d14e8 chromedriver + 480488\n   6   chromedriver                        0x00000001044d04dc chromedriver + 476380\n   7   chromedriver                        0x00000001044c4a00 chromedriver + 428544\n   8   chromedriver                        0x00000001044c4260 chromedriver + 426592\n   9   chromedriver                        0x0000000104501020 chromedriver + 675872\n   10  chromedriver                        0x00000001044c2b10 chromedriver + 420624\n   11  chromedriver                        0x00000001044c3c30 chromedriver + 425008\n   12  chromedriver                        0x000000010481cae4 chromedriver + 3934948\n   13  chromedriver                        0x000000010481ff24 chromedriver + 3948324\n   14  chromedriver                        0x0000000104820508 chromedriver + 3949832\n   15  chromedriver                        0x0000000104826b30 chromedriver + 3975984\n   16  chromedriver                        0x0000000104820b24 chromedriver + 3951396\n   17  chromedriver                        0x00000001047fb71c chromedriver + 3798812\n   18  chromedriver                        0x000000010483d2f0 chromedriver + 4068080\n   19  chromedriver                        0x000000010483d444 chromedriver + 4068420\n   20  chromedriver                        0x0000000104851450 chromedriver + 4150352\n   21  libsystem_pthread.dylib             0x00000001a893a06c _pthread_start + 148\n   22  libsystem_pthread.dylib             0x00000001a8934e2c thread_start + 8\n", "test_name": "test_5_ClickDetail_KonfirmKeluar", "rerun": "0"}, "5": {"status": "FAIL", "message": "   selenium.common.exceptions.TimeoutException: Message: \n   Stacktrace:\n   0   chromedriver                        0x000000010484aa88 chromedriver + 4123272\n   1   chromedriver                        0x00000001047d6778 chromedriver + 3647352\n   2   chromedriver                        0x0000000104498ac4 chromedriver + 248516\n   3   chromedriver                        0x00000001044cef68 chromedriver + 470888\n   4   chromedriver                        0x0000000104501020 chromedriver + 675872\n   5   chromedriver                        0x00000001044c2b10 chromedriver + 420624\n   6   chromedriver                        0x00000001044c3c30 chromedriver + 425008\n   7   chromedriver                        0x000000010481cae4 chromedriver + 3934948\n   8   chromedriver                        0x000000010481ff24 chromedriver + 3948324\n   9   chromedriver                        0x0000000104820508 chromedriver + 3949832\n   10  chromedriver                        0x0000000104826b30 chromedriver + 3975984\n   11  chromedriver                        0x0000000104820b24 chromedriver + 3951396\n   12  chromedriver                        0x00000001047fb71c chromedriver + 3798812\n   13  chromedriver                        0x000000010483d2f0 chromedriver + 4068080\n   14  chromedriver                        0x000000010483d444 chromedriver + 4068420\n   15  chromedriver                        0x0000000104851450 chromedriver + 4150352\n   16  libsystem_pthread.dylib             0x00000001a893a06c _pthread_start + 148\n   17  libsystem_pthread.dylib             0x00000001a8934e2c thread_start + 8\n", "test_name": "test_6_KonfirmKeluar", "rerun": "0"}}, "suite_name": "test_3Fungsi_P2U_KonfirmasiKeluar.py"}}}, "date": "December 05, 2022", "start_time": 1670219761.3874052, "total_suite": 1, "status": "FAIL", "status_list": {"pass": "4", "fail": "2", "skip": "0", "error": "0", "xpass": "0", "xfail": "0", "rerun": "0"}, "total_tests": "6"}