{"content": {"suites": {"0": {"status": {"total_pass": 25, "total_skip": 0, "total_xpass": 0, "total_xfail": 0, "total_rerun": 0, "total_fail": 6, "total_error": 0}, "tests": {"0": {"status": "PASS", "message": "", "test_name": "test_1_SetupOS_Search_Tambah", "rerun": "0"}, "1": {"status": "PASS", "message": "", "test_name": "test_2_Login_SearchTambah", "rerun": "0"}, "2": {"status": "PASS", "message": "", "test_name": "test_3_Akses_menu_index", "rerun": "0"}, "3": {"status": "PASS", "message": "", "test_name": "test_4_ButtonTambah_PegawaiTambah", "rerun": "0"}, "4": {"status": "PASS", "message": "", "test_name": "test_5_Kategori_Pegawaitambah", "rerun": "0"}, "5": {"status": "PASS", "message": "", "test_name": "test_6_NamaSearch_Pegawaitambah", "rerun": "0"}, "6": {"status": "PASS", "message": "", "test_name": "test_7_InputKeperluan_Pegawaitambah", "rerun": "0"}, "7": {"status": "PASS", "message": "", "test_name": "test_8_ButtonSubmit_Pegawaitambah", "rerun": "0"}, "8": {"status": "PASS", "message": "", "test_name": "test_9_ButtonTambahNIP_PegawaiTambah", "rerun": "0"}, "9": {"status": "PASS", "message": "", "test_name": "test_10_SearchNIP_Pegawaitambah", "rerun": "0"}, "10": {"status": "PASS", "message": "", "test_name": "test_11_SearchNIP_Pegawaitambah", "rerun": "0"}, "11": {"status": "PASS", "message": "", "test_name": "test_12_InputDeskripsi_Pegawaitambah", "rerun": "0"}, "12": {"status": "PASS", "message": "", "test_name": "test_13_ButtonSubmitNip_Pegawaitambah", "rerun": "0"}, "13": {"status": "PASS", "message": "", "test_name": "test_14_ButtonTambah_TamuDinasTambah", "rerun": "0"}, "14": {"status": "PASS", "message": "", "test_name": "test_15_Kategori_TamuDinasNamaTambah", "rerun": "0"}, "15": {"status": "PASS", "message": "", "test_name": "test_16_Search_TamuDinasNAMA_TamuDinasNamaTambah", "rerun": "0"}, "16": {"status": "PASS", "message": "", "test_name": "test_17_InputKeperluanTamuDinas_TamuDinasNamaTambah", "rerun": "0"}, "17": {"status": "PASS", "message": "", "test_name": "test_18_ButtonSubmitTamuDinas_TamuDinasNamaTambah", "rerun": "0"}, "18": {"status": "PASS", "message": "", "test_name": "test_19_ButtonTambah_TamuDinasNIPTambah", "rerun": "0"}, "19": {"status": "PASS", "message": "", "test_name": "test_20_Kategori_TamuDinasNIPTambah", "rerun": "0"}, "20": {"status": "PASS", "message": "", "test_name": "test_21_SearchNip_TamuDinasNIPTambah", "rerun": "0"}, "21": {"status": "PASS", "message": "", "test_name": "test_22_InputKeperluan_TamuDinasNIPTambah", "rerun": "0"}, "22": {"status": "PASS", "message": "", "test_name": "test_23_ButtonSubmit_TamuDinasNIPTambah", "rerun": "0"}, "23": {"status": "PASS", "message": "", "test_name": "test_24_HalamanTambah_KunjunganOnsiteTambah", "rerun": "0"}, "24": {"status": "PASS", "message": "", "test_name": "test_25_SelectKategori_KunjunganOnsiteTambah", "rerun": "0"}, "25": {"status": "FAIL", "message": "   AttributeError: 'NoneType' object has no attribute 'click'\n", "test_name": "test_27_PickNama_KunjunganOnsiteTambah", "rerun": "0"}, "26": {"status": "FAIL", "message": "   selenium.common.exceptions.NoSuchWindowException: Message: no such window: target window already closed\n   from unknown error: web view not found\n     (Session info: chrome=107.0.5304.87)\n   Stacktrace:\n   0   chromedriver                        0x000000010043ea88 chromedriver + 4123272\n   1   chromedriver                        0x00000001003ca778 chromedriver + 3647352\n   2   chromedriver                        0x000000010008cac4 chromedriver + 248516\n   3   chromedriver                        0x000000010006c304 chromedriver + 115460\n   4   chromedriver                        0x00000001000e2e64 chromedriver + 601700\n   5   chromedriver                        0x00000001000f4744 chromedriver + 673604\n   6   chromedriver                        0x00000001000b6b10 chromedriver + 420624\n   7   chromedriver                        0x00000001000b7c30 chromedriver + 425008\n   8   chromedriver                        0x0000000100410ae4 chromedriver + 3934948\n   9   chromedriver                        0x0000000100413f24 chromedriver + 3948324\n   10  chromedriver                        0x0000000100414508 chromedriver + 3949832\n   11  chromedriver                        0x000000010041ab30 chromedriver + 3975984\n   12  chromedriver                        0x0000000100414b24 chromedriver + 3951396\n   13  chromedriver                        0x00000001003ef71c chromedriver + 3798812\n   14  chromedriver                        0x00000001004312f0 chromedriver + 4068080\n   15  chromedriver                        0x0000000100431444 chromedriver + 4068420\n   16  chromedriver                        0x0000000100445450 chromedriver + 4150352\n   17  libsystem_pthread.dylib             0x000000019c9fa06c _pthread_start + 148\n   18  libsystem_pthread.dylib             0x000000019c9f4e2c thread_start + 8\n", "test_name": "test_28_submit_KunjunganOnsiteTambah", "rerun": "0"}, "27": {"status": "FAIL", "message": "   selenium.common.exceptions.NoSuchWindowException: Message: no such window: target window already closed\n   from unknown error: web view not found\n     (Session info: chrome=107.0.5304.87)\n   Stacktrace:\n   0   chromedriver                        0x000000010043ea88 chromedriver + 4123272\n   1   chromedriver                        0x00000001003ca778 chromedriver + 3647352\n   2   chromedriver                        0x000000010008cac4 chromedriver + 248516\n   3   chromedriver                        0x000000010006c304 chromedriver + 115460\n   4   chromedriver                        0x00000001000e2e64 chromedriver + 601700\n   5   chromedriver                        0x00000001000f4744 chromedriver + 673604\n   6   chromedriver                        0x00000001000b6b10 chromedriver + 420624\n   7   chromedriver                        0x00000001000b7c30 chromedriver + 425008\n   8   chromedriver                        0x0000000100410ae4 chromedriver + 3934948\n   9   chromedriver                        0x0000000100413f24 chromedriver + 3948324\n   10  chromedriver                        0x0000000100414508 chromedriver + 3949832\n   11  chromedriver                        0x000000010041ab30 chromedriver + 3975984\n   12  chromedriver                        0x0000000100414b24 chromedriver + 3951396\n   13  chromedriver                        0x00000001003ef71c chromedriver + 3798812\n   14  chromedriver                        0x00000001004312f0 chromedriver + 4068080\n   15  chromedriver                        0x0000000100431444 chromedriver + 4068420\n   16  chromedriver                        0x0000000100445450 chromedriver + 4150352\n   17  libsystem_pthread.dylib             0x000000019c9fa06c _pthread_start + 148\n   18  libsystem_pthread.dylib             0x000000019c9f4e2c thread_start + 8\n", "test_name": "test_29_HalamanTambah_KunjunganOnlineTambah", "rerun": "0"}, "28": {"status": "FAIL", "message": "   selenium.common.exceptions.NoSuchWindowException: Message: no such window: target window already closed\n   from unknown error: web view not found\n     (Session info: chrome=107.0.5304.87)\n   Stacktrace:\n   0   chromedriver                        0x000000010043ea88 chromedriver + 4123272\n   1   chromedriver                        0x00000001003ca778 chromedriver + 3647352\n   2   chromedriver                        0x000000010008cac4 chromedriver + 248516\n   3   chromedriver                        0x000000010006c304 chromedriver + 115460\n   4   chromedriver                        0x00000001000e2e64 chromedriver + 601700\n   5   chromedriver                        0x00000001000f4744 chromedriver + 673604\n   6   chromedriver                        0x00000001000b6b10 chromedriver + 420624\n   7   chromedriver                        0x00000001000b7c30 chromedriver + 425008\n   8   chromedriver                        0x0000000100410ae4 chromedriver + 3934948\n   9   chromedriver                        0x0000000100413f24 chromedriver + 3948324\n   10  chromedriver                        0x0000000100414508 chromedriver + 3949832\n   11  chromedriver                        0x000000010041ab30 chromedriver + 3975984\n   12  chromedriver                        0x0000000100414b24 chromedriver + 3951396\n   13  chromedriver                        0x00000001003ef71c chromedriver + 3798812\n   14  chromedriver                        0x00000001004312f0 chromedriver + 4068080\n   15  chromedriver                        0x0000000100431444 chromedriver + 4068420\n   16  chromedriver                        0x0000000100445450 chromedriver + 4150352\n   17  libsystem_pthread.dylib             0x000000019c9fa06c _pthread_start + 148\n   18  libsystem_pthread.dylib             0x000000019c9f4e2c thread_start + 8\n", "test_name": "test_30_SelectKategori_KunjunganOnlineTambah", "rerun": "0"}, "29": {"status": "FAIL", "message": "   selenium.common.exceptions.NoSuchWindowException: Message: no such window: target window already closed\n   from unknown error: web view not found\n     (Session info: chrome=107.0.5304.87)\n   Stacktrace:\n   0   chromedriver                        0x000000010043ea88 chromedriver + 4123272\n   1   chromedriver                        0x00000001003ca778 chromedriver + 3647352\n   2   chromedriver                        0x000000010008cac4 chromedriver + 248516\n   3   chromedriver                        0x000000010006c304 chromedriver + 115460\n   4   chromedriver                        0x00000001000e2e64 chromedriver + 601700\n   5   chromedriver                        0x00000001000f4744 chromedriver + 673604\n   6   chromedriver                        0x00000001000b6b10 chromedriver + 420624\n   7   chromedriver                        0x00000001000b7c30 chromedriver + 425008\n   8   chromedriver                        0x0000000100410ae4 chromedriver + 3934948\n   9   chromedriver                        0x0000000100413f24 chromedriver + 3948324\n   10  chromedriver                        0x0000000100414508 chromedriver + 3949832\n   11  chromedriver                        0x000000010041ab30 chromedriver + 3975984\n   12  chromedriver                        0x0000000100414b24 chromedriver + 3951396\n   13  chromedriver                        0x00000001003ef71c chromedriver + 3798812\n   14  chromedriver                        0x00000001004312f0 chromedriver + 4068080\n   15  chromedriver                        0x0000000100431444 chromedriver + 4068420\n   16  chromedriver                        0x0000000100445450 chromedriver + 4150352\n   17  libsystem_pthread.dylib             0x000000019c9fa06c _pthread_start + 148\n   18  libsystem_pthread.dylib             0x000000019c9f4e2c thread_start + 8\n", "test_name": "test_31_PickNama_KunjunganOnlineTambah", "rerun": "0"}, "30": {"status": "FAIL", "message": "   selenium.common.exceptions.NoSuchWindowException: Message: no such window: target window already closed\n   from unknown error: web view not found\n     (Session info: chrome=107.0.5304.87)\n   Stacktrace:\n   0   chromedriver                        0x000000010043ea88 chromedriver + 4123272\n   1   chromedriver                        0x00000001003ca778 chromedriver + 3647352\n   2   chromedriver                        0x000000010008cac4 chromedriver + 248516\n   3   chromedriver                        0x000000010006c304 chromedriver + 115460\n   4   chromedriver                        0x00000001000e2e64 chromedriver + 601700\n   5   chromedriver                        0x00000001000f4744 chromedriver + 673604\n   6   chromedriver                        0x00000001000b6b10 chromedriver + 420624\n   7   chromedriver                        0x00000001000b7c30 chromedriver + 425008\n   8   chromedriver                        0x0000000100410ae4 chromedriver + 3934948\n   9   chromedriver                        0x0000000100413f24 chromedriver + 3948324\n   10  chromedriver                        0x0000000100414508 chromedriver + 3949832\n   11  chromedriver                        0x000000010041ab30 chromedriver + 3975984\n   12  chromedriver                        0x0000000100414b24 chromedriver + 3951396\n   13  chromedriver                        0x00000001003ef71c chromedriver + 3798812\n   14  chromedriver                        0x00000001004312f0 chromedriver + 4068080\n   15  chromedriver                        0x0000000100431444 chromedriver + 4068420\n   16  chromedriver                        0x0000000100445450 chromedriver + 4150352\n   17  libsystem_pthread.dylib             0x000000019c9fa06c _pthread_start + 148\n   18  libsystem_pthread.dylib             0x000000019c9f4e2c thread_start + 8\n", "test_name": "test_32_submit_KunjunganOnlineTambah", "rerun": "0"}}, "suite_name": "test_3fungsi_P2U_SearchTambah.py"}}}, "date": "November 18, 2022", "start_time": 1668739419.65277, "total_suite": 1, "status": "FAIL", "status_list": {"pass": "25", "fail": "6", "skip": "0", "error": "0", "xpass": "0", "xfail": "0", "rerun": "0"}, "total_tests": "31"}