{"content": {"suites": {"0": {"status": {"total_pass": 5, "total_skip": 0, "total_xpass": 0, "total_xfail": 0, "total_rerun": 0, "total_fail": 2, "total_error": 0}, "tests": {"0": {"status": "PASS", "message": "", "test_name": "test_1_setupOS", "rerun": "0"}, "1": {"status": "PASS", "message": "", "test_name": "test_2_login", "rerun": "0"}, "2": {"status": "PASS", "message": "", "test_name": "test_3_akses_menu_index", "rerun": "0"}, "3": {"status": "PASS", "message": "", "test_name": "test_4_membuka_halaman_tambah", "rerun": "0"}, "4": {"status": "PASS", "message": "", "test_name": "test_5_kategori_tambah", "rerun": "0"}, "5": {"status": "FAIL", "message": "   selenium.common.exceptions.NoSuchElementException: Message: no such element: Unable to locate element: {\"method\":\"xpath\",\"selector\":\"//*[@id=\"searchOption0\"]/div/div/table/tbody/tr[2]/td[1]\"}\n     (Session info: chrome=107.0.5304.87)\n   Stacktrace:\n   0   chromedriver                        0x000000010331af44 chromedriver + 3813188\n   1   chromedriver                        0x00000001032acae0 chromedriver + 3361504\n   2   chromedriver                        0x0000000102fb0c5c chromedriver + 232540\n   3   chromedriver                        0x0000000102fe2380 chromedriver + 435072\n   4   chromedriver                        0x000000010300ff44 chromedriver + 622404\n   5   chromedriver                        0x0000000102fd7358 chromedriver + 389976\n   6   chromedriver                        0x0000000102fd8284 chromedriver + 393860\n   7   chromedriver                        0x00000001032eee18 chromedriver + 3632664\n   8   chromedriver                        0x00000001032f297c chromedriver + 3647868\n   9   chromedriver                        0x00000001032f8b58 chromedriver + 3672920\n   10  chromedriver                        0x00000001032f3350 chromedriver + 3650384\n   11  chromedriver                        0x00000001032d08dc chromedriver + 3508444\n   12  chromedriver                        0x000000010330d914 chromedriver + 3758356\n   13  chromedriver                        0x000000010330da78 chromedriver + 3758712\n   14  chromedriver                        0x00000001033216cc chromedriver + 3839692\n   15  libsystem_pthread.dylib             0x00000001836fe06c _pthread_start + 148\n   16  libsystem_pthread.dylib             0x00000001836f8e2c thread_start + 8\n", "test_name": "test_5_Nip_tambah", "rerun": "0"}, "6": {"status": "FAIL", "message": "   selenium.common.exceptions.NoSuchElementException: Message: no such element: Unable to locate element: {\"method\":\"xpath\",\"selector\":\"//*[@id=\"searchOption0\"]/div/div/table/tbody/tr[2]/td[1]\"}\n     (Session info: chrome=107.0.5304.87)\n   Stacktrace:\n   0   chromedriver                        0x000000010331af44 chromedriver + 3813188\n   1   chromedriver                        0x00000001032acae0 chromedriver + 3361504\n   2   chromedriver                        0x0000000102fb0c5c chromedriver + 232540\n   3   chromedriver                        0x0000000102fe2380 chromedriver + 435072\n   4   chromedriver                        0x000000010300ff44 chromedriver + 622404\n   5   chromedriver                        0x0000000102fd7358 chromedriver + 389976\n   6   chromedriver                        0x0000000102fd8284 chromedriver + 393860\n   7   chromedriver                        0x00000001032eee18 chromedriver + 3632664\n   8   chromedriver                        0x00000001032f297c chromedriver + 3647868\n   9   chromedriver                        0x00000001032f8b58 chromedriver + 3672920\n   10  chromedriver                        0x00000001032f3350 chromedriver + 3650384\n   11  chromedriver                        0x00000001032d08dc chromedriver + 3508444\n   12  chromedriver                        0x000000010330d914 chromedriver + 3758356\n   13  chromedriver                        0x000000010330da78 chromedriver + 3758712\n   14  chromedriver                        0x00000001033216cc chromedriver + 3839692\n   15  libsystem_pthread.dylib             0x00000001836fe06c _pthread_start + 148\n   16  libsystem_pthread.dylib             0x00000001836f8e2c thread_start + 8\n", "test_name": "test_5_Nama_tambah", "rerun": "0"}}, "suite_name": "test_2Fungsi_P2U_Tambah.py"}}}, "date": "November 04, 2022", "start_time": 1667534190.810495, "total_suite": 1, "status": "FAIL", "status_list": {"pass": "5", "fail": "2", "skip": "0", "error": "0", "xpass": "0", "xfail": "0", "rerun": "0"}, "total_tests": "7"}