{"content": {"suites": {"0": {"status": {"total_pass": 2, "total_skip": 0, "total_xpass": 0, "total_xfail": 0, "total_rerun": 0, "total_fail": 13, "total_error": 0}, "tests": {"0": {"status": "PASS", "message": "", "test_name": "test_1_setupOS", "rerun": "0"}, "1": {"status": "PASS", "message": "", "test_name": "test_2_login", "rerun": "0"}, "2": {"status": "FAIL", "message": "   selenium.common.exceptions.ElementNotInteractableException: Message: element not interactable: [object HTMLDivElement] has no size and location\n     (Session info: chrome=107.0.5304.87)\n   Stacktrace:\n   0   chromedriver                        0x0000000102ed2f44 chromedriver + 3813188\n   1   chromedriver                        0x0000000102e64ae0 chromedriver + 3361504\n   2   chromedriver                        0x0000000102b68c5c chromedriver + 232540\n   3   chromedriver                        0x0000000102b6b934 chromedriver + 244020\n   4   chromedriver                        0x0000000102b6b79c chromedriver + 243612\n   5   chromedriver                        0x0000000102b6b9d0 chromedriver + 244176\n   6   chromedriver                        0x0000000102b9fbb0 chromedriver + 457648\n   7   chromedriver                        0x0000000102b9f2d8 chromedriver + 455384\n   8   chromedriver                        0x0000000102bcfb04 chromedriver + 654084\n   9   chromedriver                        0x0000000102bc7f44 chromedriver + 622404\n   10  chromedriver                        0x0000000102b8f358 chromedriver + 389976\n   11  chromedriver                        0x0000000102b90284 chromedriver + 393860\n   12  chromedriver                        0x0000000102ea6e18 chromedriver + 3632664\n   13  chromedriver                        0x0000000102eaa97c chromedriver + 3647868\n   14  chromedriver                        0x0000000102eb0b58 chromedriver + 3672920\n   15  chromedriver                        0x0000000102eab350 chromedriver + 3650384\n   16  chromedriver                        0x0000000102e888dc chromedriver + 3508444\n   17  chromedriver                        0x0000000102ec5914 chromedriver + 3758356\n   18  chromedriver                        0x0000000102ec5a78 chromedriver + 3758712\n   19  chromedriver                        0x0000000102ed96cc chromedriver + 3839692\n   20  libsystem_pthread.dylib             0x00000001836fe06c _pthread_start + 148\n   21  libsystem_pthread.dylib             0x00000001836f8e2c thread_start + 8\n", "test_name": "test_3_akses_menu_index", "rerun": "0"}, "3": {"status": "FAIL", "message": "   AttributeError: 'NoneType' object has no attribute 'is_displayed'\n", "test_name": "test_4_membuka_halaman_tambah", "rerun": "0"}, "4": {"status": "FAIL", "message": "   selenium.common.exceptions.NoSuchWindowException: Message: no such window: target window already closed\n   from unknown error: web view not found\n     (Session info: chrome=107.0.5304.87)\n   Stacktrace:\n   0   chromedriver                        0x0000000102ed2f44 chromedriver + 3813188\n   1   chromedriver                        0x0000000102e64ae0 chromedriver + 3361504\n   2   chromedriver                        0x0000000102b68c5c chromedriver + 232540\n   3   chromedriver                        0x0000000102b4b71c chromedriver + 112412\n   4   chromedriver                        0x0000000102bb6ebc chromedriver + 552636\n   5   chromedriver                        0x0000000102bc7638 chromedriver + 620088\n   6   chromedriver                        0x0000000102b8f358 chromedriver + 389976\n   7   chromedriver                        0x0000000102b90284 chromedriver + 393860\n   8   chromedriver                        0x0000000102ea6e18 chromedriver + 3632664\n   9   chromedriver                        0x0000000102eaa97c chromedriver + 3647868\n   10  chromedriver                        0x0000000102eb0b58 chromedriver + 3672920\n   11  chromedriver                        0x0000000102eab350 chromedriver + 3650384\n   12  chromedriver                        0x0000000102e888dc chromedriver + 3508444\n   13  chromedriver                        0x0000000102ec5914 chromedriver + 3758356\n   14  chromedriver                        0x0000000102ec5a78 chromedriver + 3758712\n   15  chromedriver                        0x0000000102ed96cc chromedriver + 3839692\n   16  libsystem_pthread.dylib             0x00000001836fe06c _pthread_start + 148\n   17  libsystem_pthread.dylib             0x00000001836f8e2c thread_start + 8\n", "test_name": "test_5_kategori_tambah", "rerun": "0"}, "5": {"status": "FAIL", "message": "   selenium.common.exceptions.NoSuchWindowException: Message: no such window: target window already closed\n   from unknown error: web view not found\n     (Session info: chrome=107.0.5304.87)\n   Stacktrace:\n   0   chromedriver                        0x0000000102ed2f44 chromedriver + 3813188\n   1   chromedriver                        0x0000000102e64ae0 chromedriver + 3361504\n   2   chromedriver                        0x0000000102b68c5c chromedriver + 232540\n   3   chromedriver                        0x0000000102b4b71c chromedriver + 112412\n   4   chromedriver                        0x0000000102bb6ebc chromedriver + 552636\n   5   chromedriver                        0x0000000102bc7638 chromedriver + 620088\n   6   chromedriver                        0x0000000102b8f358 chromedriver + 389976\n   7   chromedriver                        0x0000000102b90284 chromedriver + 393860\n   8   chromedriver                        0x0000000102ea6e18 chromedriver + 3632664\n   9   chromedriver                        0x0000000102eaa97c chromedriver + 3647868\n   10  chromedriver                        0x0000000102eb0b58 chromedriver + 3672920\n   11  chromedriver                        0x0000000102eab350 chromedriver + 3650384\n   12  chromedriver                        0x0000000102e888dc chromedriver + 3508444\n   13  chromedriver                        0x0000000102ec5914 chromedriver + 3758356\n   14  chromedriver                        0x0000000102ec5a78 chromedriver + 3758712\n   15  chromedriver                        0x0000000102ed96cc chromedriver + 3839692\n   16  libsystem_pthread.dylib             0x00000001836fe06c _pthread_start + 148\n   17  libsystem_pthread.dylib             0x00000001836f8e2c thread_start + 8\n", "test_name": "test_6_Nama_tambah", "rerun": "0"}, "6": {"status": "FAIL", "message": "   selenium.common.exceptions.NoSuchWindowException: Message: no such window: target window already closed\n   from unknown error: web view not found\n     (Session info: chrome=107.0.5304.87)\n   Stacktrace:\n   0   chromedriver                        0x0000000102ed2f44 chromedriver + 3813188\n   1   chromedriver                        0x0000000102e64ae0 chromedriver + 3361504\n   2   chromedriver                        0x0000000102b68c5c chromedriver + 232540\n   3   chromedriver                        0x0000000102b4b71c chromedriver + 112412\n   4   chromedriver                        0x0000000102bb6ebc chromedriver + 552636\n   5   chromedriver                        0x0000000102bc7638 chromedriver + 620088\n   6   chromedriver                        0x0000000102b8f358 chromedriver + 389976\n   7   chromedriver                        0x0000000102b90284 chromedriver + 393860\n   8   chromedriver                        0x0000000102ea6e18 chromedriver + 3632664\n   9   chromedriver                        0x0000000102eaa97c chromedriver + 3647868\n   10  chromedriver                        0x0000000102eb0b58 chromedriver + 3672920\n   11  chromedriver                        0x0000000102eab350 chromedriver + 3650384\n   12  chromedriver                        0x0000000102e888dc chromedriver + 3508444\n   13  chromedriver                        0x0000000102ec5914 chromedriver + 3758356\n   14  chromedriver                        0x0000000102ec5a78 chromedriver + 3758712\n   15  chromedriver                        0x0000000102ed96cc chromedriver + 3839692\n   16  libsystem_pthread.dylib             0x00000001836fe06c _pthread_start + 148\n   17  libsystem_pthread.dylib             0x00000001836f8e2c thread_start + 8\n", "test_name": "test_7_button_tambah", "rerun": "0"}, "7": {"status": "FAIL", "message": "   selenium.common.exceptions.NoSuchWindowException: Message: no such window: target window already closed\n   from unknown error: web view not found\n     (Session info: chrome=107.0.5304.87)\n   Stacktrace:\n   0   chromedriver                        0x0000000102ed2f44 chromedriver + 3813188\n   1   chromedriver                        0x0000000102e64ae0 chromedriver + 3361504\n   2   chromedriver                        0x0000000102b68c5c chromedriver + 232540\n   3   chromedriver                        0x0000000102b4b71c chromedriver + 112412\n   4   chromedriver                        0x0000000102bb6ebc chromedriver + 552636\n   5   chromedriver                        0x0000000102bc7638 chromedriver + 620088\n   6   chromedriver                        0x0000000102b8f358 chromedriver + 389976\n   7   chromedriver                        0x0000000102b90284 chromedriver + 393860\n   8   chromedriver                        0x0000000102ea6e18 chromedriver + 3632664\n   9   chromedriver                        0x0000000102eaa97c chromedriver + 3647868\n   10  chromedriver                        0x0000000102eb0b58 chromedriver + 3672920\n   11  chromedriver                        0x0000000102eab350 chromedriver + 3650384\n   12  chromedriver                        0x0000000102e888dc chromedriver + 3508444\n   13  chromedriver                        0x0000000102ec5914 chromedriver + 3758356\n   14  chromedriver                        0x0000000102ec5a78 chromedriver + 3758712\n   15  chromedriver                        0x0000000102ed96cc chromedriver + 3839692\n   16  libsystem_pthread.dylib             0x00000001836fe06c _pthread_start + 148\n   17  libsystem_pthread.dylib             0x00000001836f8e2c thread_start + 8\n", "test_name": "test_8_membuka_halaman_tambah", "rerun": "0"}, "8": {"status": "FAIL", "message": "   selenium.common.exceptions.NoSuchWindowException: Message: no such window: target window already closed\n   from unknown error: web view not found\n     (Session info: chrome=107.0.5304.87)\n   Stacktrace:\n   0   chromedriver                        0x0000000102ed2f44 chromedriver + 3813188\n   1   chromedriver                        0x0000000102e64ae0 chromedriver + 3361504\n   2   chromedriver                        0x0000000102b68c5c chromedriver + 232540\n   3   chromedriver                        0x0000000102b4b71c chromedriver + 112412\n   4   chromedriver                        0x0000000102bb6ebc chromedriver + 552636\n   5   chromedriver                        0x0000000102bc7638 chromedriver + 620088\n   6   chromedriver                        0x0000000102b8f358 chromedriver + 389976\n   7   chromedriver                        0x0000000102b90284 chromedriver + 393860\n   8   chromedriver                        0x0000000102ea6e18 chromedriver + 3632664\n   9   chromedriver                        0x0000000102eaa97c chromedriver + 3647868\n   10  chromedriver                        0x0000000102eb0b58 chromedriver + 3672920\n   11  chromedriver                        0x0000000102eab350 chromedriver + 3650384\n   12  chromedriver                        0x0000000102e888dc chromedriver + 3508444\n   13  chromedriver                        0x0000000102ec5914 chromedriver + 3758356\n   14  chromedriver                        0x0000000102ec5a78 chromedriver + 3758712\n   15  chromedriver                        0x0000000102ed96cc chromedriver + 3839692\n   16  libsystem_pthread.dylib             0x00000001836fe06c _pthread_start + 148\n   17  libsystem_pthread.dylib             0x00000001836f8e2c thread_start + 8\n", "test_name": "test_9_NipSearch_tambah", "rerun": "0"}, "9": {"status": "FAIL", "message": "   selenium.common.exceptions.NoSuchWindowException: Message: no such window: target window already closed\n   from unknown error: web view not found\n     (Session info: chrome=107.0.5304.87)\n   Stacktrace:\n   0   chromedriver                        0x0000000102ed2f44 chromedriver + 3813188\n   1   chromedriver                        0x0000000102e64ae0 chromedriver + 3361504\n   2   chromedriver                        0x0000000102b68c5c chromedriver + 232540\n   3   chromedriver                        0x0000000102b4b71c chromedriver + 112412\n   4   chromedriver                        0x0000000102bb6ebc chromedriver + 552636\n   5   chromedriver                        0x0000000102bc7638 chromedriver + 620088\n   6   chromedriver                        0x0000000102b8f358 chromedriver + 389976\n   7   chromedriver                        0x0000000102b90284 chromedriver + 393860\n   8   chromedriver                        0x0000000102ea6e18 chromedriver + 3632664\n   9   chromedriver                        0x0000000102eaa97c chromedriver + 3647868\n   10  chromedriver                        0x0000000102eb0b58 chromedriver + 3672920\n   11  chromedriver                        0x0000000102eab350 chromedriver + 3650384\n   12  chromedriver                        0x0000000102e888dc chromedriver + 3508444\n   13  chromedriver                        0x0000000102ec5914 chromedriver + 3758356\n   14  chromedriver                        0x0000000102ec5a78 chromedriver + 3758712\n   15  chromedriver                        0x0000000102ed96cc chromedriver + 3839692\n   16  libsystem_pthread.dylib             0x00000001836fe06c _pthread_start + 148\n   17  libsystem_pthread.dylib             0x00000001836f8e2c thread_start + 8\n", "test_name": "test_10_input_nip_tambah", "rerun": "0"}, "10": {"status": "FAIL", "message": "   selenium.common.exceptions.NoSuchWindowException: Message: no such window: target window already closed\n   from unknown error: web view not found\n     (Session info: chrome=107.0.5304.87)\n   Stacktrace:\n   0   chromedriver                        0x0000000102ed2f44 chromedriver + 3813188\n   1   chromedriver                        0x0000000102e64ae0 chromedriver + 3361504\n   2   chromedriver                        0x0000000102b68c5c chromedriver + 232540\n   3   chromedriver                        0x0000000102b4b71c chromedriver + 112412\n   4   chromedriver                        0x0000000102bb6ebc chromedriver + 552636\n   5   chromedriver                        0x0000000102bc7638 chromedriver + 620088\n   6   chromedriver                        0x0000000102b8f358 chromedriver + 389976\n   7   chromedriver                        0x0000000102b90284 chromedriver + 393860\n   8   chromedriver                        0x0000000102ea6e18 chromedriver + 3632664\n   9   chromedriver                        0x0000000102eaa97c chromedriver + 3647868\n   10  chromedriver                        0x0000000102eb0b58 chromedriver + 3672920\n   11  chromedriver                        0x0000000102eab350 chromedriver + 3650384\n   12  chromedriver                        0x0000000102e888dc chromedriver + 3508444\n   13  chromedriver                        0x0000000102ec5914 chromedriver + 3758356\n   14  chromedriver                        0x0000000102ec5a78 chromedriver + 3758712\n   15  chromedriver                        0x0000000102ed96cc chromedriver + 3839692\n   16  libsystem_pthread.dylib             0x00000001836fe06c _pthread_start + 148\n   17  libsystem_pthread.dylib             0x00000001836f8e2c thread_start + 8\n", "test_name": "test_11_input_namaLengkap_tambah", "rerun": "0"}, "11": {"status": "FAIL", "message": "   selenium.common.exceptions.NoSuchWindowException: Message: no such window: target window already closed\n   from unknown error: web view not found\n     (Session info: chrome=107.0.5304.87)\n   Stacktrace:\n   0   chromedriver                        0x0000000102ed2f44 chromedriver + 3813188\n   1   chromedriver                        0x0000000102e64ae0 chromedriver + 3361504\n   2   chromedriver                        0x0000000102b68c5c chromedriver + 232540\n   3   chromedriver                        0x0000000102b4b71c chromedriver + 112412\n   4   chromedriver                        0x0000000102bb6ebc chromedriver + 552636\n   5   chromedriver                        0x0000000102bc7638 chromedriver + 620088\n   6   chromedriver                        0x0000000102b8f358 chromedriver + 389976\n   7   chromedriver                        0x0000000102b90284 chromedriver + 393860\n   8   chromedriver                        0x0000000102ea6e18 chromedriver + 3632664\n   9   chromedriver                        0x0000000102eaa97c chromedriver + 3647868\n   10  chromedriver                        0x0000000102eb0b58 chromedriver + 3672920\n   11  chromedriver                        0x0000000102eab350 chromedriver + 3650384\n   12  chromedriver                        0x0000000102e888dc chromedriver + 3508444\n   13  chromedriver                        0x0000000102ec5914 chromedriver + 3758356\n   14  chromedriver                        0x0000000102ec5a78 chromedriver + 3758712\n   15  chromedriver                        0x0000000102ed96cc chromedriver + 3839692\n   16  libsystem_pthread.dylib             0x00000001836fe06c _pthread_start + 148\n   17  libsystem_pthread.dylib             0x00000001836f8e2c thread_start + 8\n", "test_name": "test_12_input_Jabatan_tambah", "rerun": "0"}, "12": {"status": "FAIL", "message": "   selenium.common.exceptions.NoSuchWindowException: Message: no such window: target window already closed\n   from unknown error: web view not found\n     (Session info: chrome=107.0.5304.87)\n   Stacktrace:\n   0   chromedriver                        0x0000000102ed2f44 chromedriver + 3813188\n   1   chromedriver                        0x0000000102e64ae0 chromedriver + 3361504\n   2   chromedriver                        0x0000000102b68c5c chromedriver + 232540\n   3   chromedriver                        0x0000000102b4b71c chromedriver + 112412\n   4   chromedriver                        0x0000000102bb6ebc chromedriver + 552636\n   5   chromedriver                        0x0000000102bc7638 chromedriver + 620088\n   6   chromedriver                        0x0000000102b8f358 chromedriver + 389976\n   7   chromedriver                        0x0000000102b90284 chromedriver + 393860\n   8   chromedriver                        0x0000000102ea6e18 chromedriver + 3632664\n   9   chromedriver                        0x0000000102eaa97c chromedriver + 3647868\n   10  chromedriver                        0x0000000102eb0b58 chromedriver + 3672920\n   11  chromedriver                        0x0000000102eab350 chromedriver + 3650384\n   12  chromedriver                        0x0000000102e888dc chromedriver + 3508444\n   13  chromedriver                        0x0000000102ec5914 chromedriver + 3758356\n   14  chromedriver                        0x0000000102ec5a78 chromedriver + 3758712\n   15  chromedriver                        0x0000000102ed96cc chromedriver + 3839692\n   16  libsystem_pthread.dylib             0x00000001836fe06c _pthread_start + 148\n   17  libsystem_pthread.dylib             0x00000001836f8e2c thread_start + 8\n", "test_name": "test_13_input_keperluan_tambah", "rerun": "0"}, "13": {"status": "FAIL", "message": "   selenium.common.exceptions.NoSuchWindowException: Message: no such window: target window already closed\n   from unknown error: web view not found\n     (Session info: chrome=107.0.5304.87)\n   Stacktrace:\n   0   chromedriver                        0x0000000102ed2f44 chromedriver + 3813188\n   1   chromedriver                        0x0000000102e64ae0 chromedriver + 3361504\n   2   chromedriver                        0x0000000102b68c5c chromedriver + 232540\n   3   chromedriver                        0x0000000102b4b71c chromedriver + 112412\n   4   chromedriver                        0x0000000102bb6ebc chromedriver + 552636\n   5   chromedriver                        0x0000000102bc7638 chromedriver + 620088\n   6   chromedriver                        0x0000000102b8f358 chromedriver + 389976\n   7   chromedriver                        0x0000000102b90284 chromedriver + 393860\n   8   chromedriver                        0x0000000102ea6e18 chromedriver + 3632664\n   9   chromedriver                        0x0000000102eaa97c chromedriver + 3647868\n   10  chromedriver                        0x0000000102eb0b58 chromedriver + 3672920\n   11  chromedriver                        0x0000000102eab350 chromedriver + 3650384\n   12  chromedriver                        0x0000000102e888dc chromedriver + 3508444\n   13  chromedriver                        0x0000000102ec5914 chromedriver + 3758356\n   14  chromedriver                        0x0000000102ec5a78 chromedriver + 3758712\n   15  chromedriver                        0x0000000102ed96cc chromedriver + 3839692\n   16  libsystem_pthread.dylib             0x00000001836fe06c _pthread_start + 148\n   17  libsystem_pthread.dylib             0x00000001836f8e2c thread_start + 8\n", "test_name": "test_14_buttonnew_tambah", "rerun": "0"}, "14": {"status": "FAIL", "message": "   selenium.common.exceptions.NoSuchWindowException: Message: no such window: target window already closed\n   from unknown error: web view not found\n     (Session info: chrome=107.0.5304.87)\n   Stacktrace:\n   0   chromedriver                        0x0000000102ed2f44 chromedriver + 3813188\n   1   chromedriver                        0x0000000102e64ae0 chromedriver + 3361504\n   2   chromedriver                        0x0000000102b68c5c chromedriver + 232540\n   3   chromedriver                        0x0000000102b4b71c chromedriver + 112412\n   4   chromedriver                        0x0000000102bb6ebc chromedriver + 552636\n   5   chromedriver                        0x0000000102bc7638 chromedriver + 620088\n   6   chromedriver                        0x0000000102b8f358 chromedriver + 389976\n   7   chromedriver                        0x0000000102b90284 chromedriver + 393860\n   8   chromedriver                        0x0000000102ea6e18 chromedriver + 3632664\n   9   chromedriver                        0x0000000102eaa97c chromedriver + 3647868\n   10  chromedriver                        0x0000000102eb0b58 chromedriver + 3672920\n   11  chromedriver                        0x0000000102eab350 chromedriver + 3650384\n   12  chromedriver                        0x0000000102e888dc chromedriver + 3508444\n   13  chromedriver                        0x0000000102ec5914 chromedriver + 3758356\n   14  chromedriver                        0x0000000102ec5a78 chromedriver + 3758712\n   15  chromedriver                        0x0000000102ed96cc chromedriver + 3839692\n   16  libsystem_pthread.dylib             0x00000001836fe06c _pthread_start + 148\n   17  libsystem_pthread.dylib             0x00000001836f8e2c thread_start + 8\n", "test_name": "test_15_kunjungansearch_tambah", "rerun": "0"}}, "suite_name": "test_2Fungsi_P2U_Tambah.py"}}}, "date": "November 04, 2022", "start_time": 1667546861.3733618, "total_suite": 1, "status": "FAIL", "status_list": {"pass": "2", "fail": "13", "skip": "0", "error": "0", "xpass": "0", "xfail": "0", "rerun": "0"}, "total_tests": "15"}