{"content": {"suites": {"0": {"status": {"total_pass": 1, "total_skip": 0, "total_xpass": 0, "total_xfail": 0, "total_rerun": 0, "total_fail": 4, "total_error": 0}, "tests": {"0": {"status": "PASS", "message": "", "test_name": "test_1_SetupOS", "rerun": "0"}, "1": {"status": "FAIL", "message": "   selenium.common.exceptions.NoSuchWindowException: Message: no such window: target window already closed\n   from unknown error: web view not found\n     (Session info: chrome=108.0.5359.71)\n   Stacktrace:\n   0   chromedriver                        0x00000001046fea88 chromedriver + 4123272\n   1   chromedriver                        0x000000010468a778 chromedriver + 3647352\n   2   chromedriver                        0x000000010434cac4 chromedriver + 248516\n   3   chromedriver                        0x000000010432c304 chromedriver + 115460\n   4   chromedriver                        0x00000001043a2e64 chromedriver + 601700\n   5   chromedriver                        0x00000001043b4744 chromedriver + 673604\n   6   chromedriver                        0x0000000104376b10 chromedriver + 420624\n   7   chromedriver                        0x0000000104377c30 chromedriver + 425008\n   8   chromedriver                        0x00000001046d0ae4 chromedriver + 3934948\n   9   chromedriver                        0x00000001046d3f24 chromedriver + 3948324\n   10  chromedriver                        0x00000001046d4508 chromedriver + 3949832\n   11  chromedriver                        0x00000001046dab30 chromedriver + 3975984\n   12  chromedriver                        0x00000001046d4b24 chromedriver + 3951396\n   13  chromedriver                        0x00000001046af71c chromedriver + 3798812\n   14  chromedriver                        0x00000001046f12f0 chromedriver + 4068080\n   15  chromedriver                        0x00000001046f1444 chromedriver + 4068420\n   16  chromedriver                        0x0000000104705450 chromedriver + 4150352\n   17  libsystem_pthread.dylib             0x0000000183bae06c _pthread_start + 148\n   18  libsystem_pthread.dylib             0x0000000183ba8e2c thread_start + 8\n", "test_name": "test_2_Login", "rerun": "0"}, "2": {"status": "FAIL", "message": "   selenium.common.exceptions.NoSuchWindowException: Message: no such window: target window already closed\n   from unknown error: web view not found\n     (Session info: chrome=108.0.5359.71)\n   Stacktrace:\n   0   chromedriver                        0x00000001046fea88 chromedriver + 4123272\n   1   chromedriver                        0x000000010468a778 chromedriver + 3647352\n   2   chromedriver                        0x000000010434cac4 chromedriver + 248516\n   3   chromedriver                        0x000000010432c304 chromedriver + 115460\n   4   chromedriver                        0x00000001043a2e64 chromedriver + 601700\n   5   chromedriver                        0x00000001043b4744 chromedriver + 673604\n   6   chromedriver                        0x0000000104376b10 chromedriver + 420624\n   7   chromedriver                        0x0000000104377c30 chromedriver + 425008\n   8   chromedriver                        0x00000001046d0ae4 chromedriver + 3934948\n   9   chromedriver                        0x00000001046d3f24 chromedriver + 3948324\n   10  chromedriver                        0x00000001046d4508 chromedriver + 3949832\n   11  chromedriver                        0x00000001046dab30 chromedriver + 3975984\n   12  chromedriver                        0x00000001046d4b24 chromedriver + 3951396\n   13  chromedriver                        0x00000001046af71c chromedriver + 3798812\n   14  chromedriver                        0x00000001046f12f0 chromedriver + 4068080\n   15  chromedriver                        0x00000001046f1444 chromedriver + 4068420\n   16  chromedriver                        0x0000000104705450 chromedriver + 4150352\n   17  libsystem_pthread.dylib             0x0000000183bae06c _pthread_start + 148\n   18  libsystem_pthread.dylib             0x0000000183ba8e2c thread_start + 8\n", "test_name": "test_3_Akses_menu", "rerun": "0"}, "3": {"status": "FAIL", "message": "   selenium.common.exceptions.NoSuchWindowException: Message: no such window: target window already closed\n   from unknown error: web view not found\n     (Session info: chrome=108.0.5359.71)\n   Stacktrace:\n   0   chromedriver                        0x00000001046fea88 chromedriver + 4123272\n   1   chromedriver                        0x000000010468a778 chromedriver + 3647352\n   2   chromedriver                        0x000000010434cac4 chromedriver + 248516\n   3   chromedriver                        0x000000010432c304 chromedriver + 115460\n   4   chromedriver                        0x00000001043a2e64 chromedriver + 601700\n   5   chromedriver                        0x00000001043b4744 chromedriver + 673604\n   6   chromedriver                        0x0000000104376b10 chromedriver + 420624\n   7   chromedriver                        0x0000000104377c30 chromedriver + 425008\n   8   chromedriver                        0x00000001046d0ae4 chromedriver + 3934948\n   9   chromedriver                        0x00000001046d3f24 chromedriver + 3948324\n   10  chromedriver                        0x00000001046d4508 chromedriver + 3949832\n   11  chromedriver                        0x00000001046dab30 chromedriver + 3975984\n   12  chromedriver                        0x00000001046d4b24 chromedriver + 3951396\n   13  chromedriver                        0x00000001046af71c chromedriver + 3798812\n   14  chromedriver                        0x00000001046f12f0 chromedriver + 4068080\n   15  chromedriver                        0x00000001046f1444 chromedriver + 4068420\n   16  chromedriver                        0x0000000104705450 chromedriver + 4150352\n   17  libsystem_pthread.dylib             0x0000000183bae06c _pthread_start + 148\n   18  libsystem_pthread.dylib             0x0000000183ba8e2c thread_start + 8\n", "test_name": "test_4_ButtonTambah_PegawaiTambah", "rerun": "0"}, "4": {"status": "FAIL", "message": "   selenium.common.exceptions.NoSuchWindowException: Message: no such window: target window already closed\n   from unknown error: web view not found\n     (Session info: chrome=108.0.5359.71)\n   Stacktrace:\n   0   chromedriver                        0x00000001046fea88 chromedriver + 4123272\n   1   chromedriver                        0x000000010468a778 chromedriver + 3647352\n   2   chromedriver                        0x000000010434cac4 chromedriver + 248516\n   3   chromedriver                        0x000000010432c304 chromedriver + 115460\n   4   chromedriver                        0x00000001043a2e64 chromedriver + 601700\n   5   chromedriver                        0x00000001043b4744 chromedriver + 673604\n   6   chromedriver                        0x0000000104376b10 chromedriver + 420624\n   7   chromedriver                        0x0000000104377c30 chromedriver + 425008\n   8   chromedriver                        0x00000001046d0ae4 chromedriver + 3934948\n   9   chromedriver                        0x00000001046d3f24 chromedriver + 3948324\n   10  chromedriver                        0x00000001046d4508 chromedriver + 3949832\n   11  chromedriver                        0x00000001046dab30 chromedriver + 3975984\n   12  chromedriver                        0x00000001046d4b24 chromedriver + 3951396\n   13  chromedriver                        0x00000001046af71c chromedriver + 3798812\n   14  chromedriver                        0x00000001046f12f0 chromedriver + 4068080\n   15  chromedriver                        0x00000001046f1444 chromedriver + 4068420\n   16  chromedriver                        0x0000000104705450 chromedriver + 4150352\n   17  libsystem_pthread.dylib             0x0000000183bae06c _pthread_start + 148\n   18  libsystem_pthread.dylib             0x0000000183ba8e2c thread_start + 8\n", "test_name": "test_5_Input", "rerun": "0"}}, "suite_name": "test_2Fungsi_P2U_ManualTambah.py"}}}, "date": "December 02, 2022", "start_time": 1669996552.990518, "total_suite": 1, "status": "FAIL", "status_list": {"pass": "1", "fail": "4", "skip": "0", "error": "0", "xpass": "0", "xfail": "0", "rerun": "0"}, "total_tests": "5"}