{"content": {"suites": {"0": {"status": {"total_pass": 19, "total_skip": 0, "total_xpass": 0, "total_xfail": 0, "total_rerun": 0, "total_fail": 2, "total_error": 0}, "tests": {"0": {"status": "PASS", "message": "", "test_name": "test_2_login", "rerun": "0"}, "1": {"status": "PASS", "message": "", "test_name": "test_3_AksesMenu", "rerun": "0"}, "2": {"status": "PASS", "message": "", "test_name": "test_4_ClickButtonTambah", "rerun": "0"}, "3": {"status": "PASS", "message": "", "test_name": "test_5_FilterColumn", "rerun": "0"}, "4": {"status": "PASS", "message": "", "test_name": "test_6_ClickButtonSearch", "rerun": "0"}, "5": {"status": "PASS", "message": "", "test_name": "test_7_ClickButtonMutasi", "rerun": "0"}, "6": {"status": "PASS", "message": "", "test_name": "test_8_PilihBlok", "rerun": "0"}, "7": {"status": "PASS", "message": "", "test_name": "test_9_PilihLantai", "rerun": "0"}, "8": {"status": "PASS", "message": "", "test_name": "test_10_PilhKamar", "rerun": "0"}, "9": {"status": "PASS", "message": "", "test_name": "test_11_InputTanggalMutasi", "rerun": "0"}, "10": {"status": "PASS", "message": "", "test_name": "test_12_InputKeterangan", "rerun": "0"}, "11": {"status": "PASS", "message": "", "test_name": "test_13_ClickButtonSubmit", "rerun": "0"}, "12": {"status": "PASS", "message": "", "test_name": "test_14_loginSPV", "rerun": "0"}, "13": {"status": "PASS", "message": "", "test_name": "test_15_AksesMenu", "rerun": "0"}, "14": {"status": "PASS", "message": "", "test_name": "test_16_MemilihKataKunciNama", "rerun": "0"}, "15": {"status": "PASS", "message": "", "test_name": "test_17_SearchNamaWBP", "rerun": "0"}, "16": {"status": "FAIL", "message": "   selenium.common.exceptions.ElementClickInterceptedException: Message: element click intercepted: Element <path stroke-linecap=\"round\" stroke-linejoin=\"round\" d=\"M9 5H7a2 2 0 00-2 2v12a2 2 0 002 2h10a2 2 0 002-2V7a2 2 0 00-2-2h-2M9 5a2 2 0 002 2h2a2 2 0 002-2M9 5a2 2 0 012-2h2a2 2 0 012 2m-6 9l2 2 4-4\"></path> is not clickable at point (1536, 725). Other element would receive the click: <div class=\"el-loading-mask\" style=\"\">...</div>\n     (Session info: chrome=111.0.5563.146)\n   Stacktrace:\n   0   chromedriver                        0x00000001033c91c0 chromedriver + 4248000\n   1   chromedriver                        0x0000000103349dc0 chromedriver + 3726784\n   2   chromedriver                        0x0000000102ffeec4 chromedriver + 274116\n   3   chromedriver                        0x0000000103042530 chromedriver + 550192\n   4   chromedriver                        0x000000010303ff28 chromedriver + 540456\n   5   chromedriver                        0x000000010303d6c4 chromedriver + 530116\n   6   chromedriver                        0x000000010303c5b8 chromedriver + 525752\n   7   chromedriver                        0x000000010302f3e0 chromedriver + 472032\n   8   chromedriver                        0x000000010302ebbc chromedriver + 469948\n   9   chromedriver                        0x0000000103076054 chromedriver + 761940\n   10  chromedriver                        0x000000010302d200 chromedriver + 463360\n   11  chromedriver                        0x000000010302e318 chromedriver + 467736\n   12  chromedriver                        0x0000000103397060 chromedriver + 4042848\n   13  chromedriver                        0x000000010339b8a4 chromedriver + 4061348\n   14  chromedriver                        0x00000001033a33d0 chromedriver + 4092880\n   15  chromedriver                        0x000000010339c6e4 chromedriver + 4064996\n   16  chromedriver                        0x00000001033720fc chromedriver + 3891452\n   17  chromedriver                        0x00000001033bca64 chromedriver + 4196964\n   18  chromedriver                        0x00000001033bcbb8 chromedriver + 4197304\n   19  chromedriver                        0x00000001033d0650 chromedriver + 4277840\n   20  libsystem_pthread.dylib             0x00000001933fa06c _pthread_start + 148\n   21  libsystem_pthread.dylib             0x00000001933f4e2c thread_start + 8\n", "test_name": "test_13_KlikButtonSearch", "rerun": "0"}, "17": {"status": "FAIL", "message": "   selenium.common.exceptions.NoSuchElementException: Message: no such element: Unable to locate element: {\"method\":\"xpath\",\"selector\":\"//li[contains(.,'diizinkan')]\"}\n     (Session info: chrome=111.0.5563.146)\n   Stacktrace:\n   0   chromedriver                        0x00000001033c91c0 chromedriver + 4248000\n   1   chromedriver                        0x0000000103349dc0 chromedriver + 3726784\n   2   chromedriver                        0x0000000102ffeec4 chromedriver + 274116\n   3   chromedriver                        0x000000010303abe4 chromedriver + 519140\n   4   chromedriver                        0x0000000103076054 chromedriver + 761940\n   5   chromedriver                        0x000000010302d200 chromedriver + 463360\n   6   chromedriver                        0x000000010302e318 chromedriver + 467736\n   7   chromedriver                        0x0000000103397060 chromedriver + 4042848\n   8   chromedriver                        0x000000010339b8a4 chromedriver + 4061348\n   9   chromedriver                        0x00000001033a33d0 chromedriver + 4092880\n   10  chromedriver                        0x000000010339c6e4 chromedriver + 4064996\n   11  chromedriver                        0x00000001033720fc chromedriver + 3891452\n   12  chromedriver                        0x00000001033bca64 chromedriver + 4196964\n   13  chromedriver                        0x00000001033bcbb8 chromedriver + 4197304\n   14  chromedriver                        0x00000001033d0650 chromedriver + 4277840\n   15  libsystem_pthread.dylib             0x00000001933fa06c _pthread_start + 148\n   16  libsystem_pthread.dylib             0x00000001933f4e2c thread_start + 8\n", "test_name": "test_13_Status", "rerun": "0"}, "18": {"status": "PASS", "message": "", "test_name": "test_14_InputKeterangan", "rerun": "0"}, "19": {"status": "PASS", "message": "", "test_name": "test_15_ClickButtonSubmit", "rerun": "0"}, "20": {"status": "PASS", "message": "", "test_name": "test_exit", "rerun": "0"}}, "suite_name": "fungsional/test_manajemenKamar.py"}}}, "date": "March 31, 2023", "start_time": 1680234199.442958, "total_suite": 1, "status": "FAIL", "status_list": {"pass": "19", "fail": "2", "skip": "0", "error": "0", "xpass": "0", "xfail": "0", "rerun": "0"}, "total_tests": "21"}