{"content": {"suites": {"0": {"status": {"total_pass": 9, "total_skip": 0, "total_xpass": 0, "total_xfail": 0, "total_rerun": 0, "total_fail": 3, "total_error": 0}, "tests": {"0": {"status": "PASS", "message": "", "test_name": "test_2_login", "rerun": "0"}, "1": {"status": "PASS", "message": "", "test_name": "test_3_AksesMenu", "rerun": "0"}, "2": {"status": "FAIL", "message": "   selenium.common.exceptions.StaleElementReferenceException: Message: stale element reference: element is not attached to the page document\n     (Session info: chrome=111.0.5563.146)\n   Stacktrace:\n   0   chromedriver                        0x00000001050ed1c0 chromedriver + 4248000\n   1   chromedriver                        0x000000010506ddc0 chromedriver + 3726784\n   2   chromedriver                        0x0000000104d22ec4 chromedriver + 274116\n   3   chromedriver                        0x0000000104d268d0 chromedriver + 288976\n   4   chromedriver                        0x0000000104d2657c chromedriver + 288124\n   5   chromedriver                        0x0000000104d26978 chromedriver + 289144\n   6   chromedriver                        0x0000000104d60d8c chromedriver + 527756\n   7   chromedriver                        0x0000000104d5ff34 chromedriver + 524084\n   8   chromedriver                        0x0000000104d533e0 chromedriver + 472032\n   9   chromedriver                        0x0000000104d52bbc chromedriver + 469948\n   10  chromedriver                        0x0000000104d9a054 chromedriver + 761940\n   11  chromedriver                        0x0000000104d51200 chromedriver + 463360\n   12  chromedriver                        0x0000000104d52318 chromedriver + 467736\n   13  chromedriver                        0x00000001050bb060 chromedriver + 4042848\n   14  chromedriver                        0x00000001050bf8a4 chromedriver + 4061348\n   15  chromedriver                        0x00000001050c73d0 chromedriver + 4092880\n   16  chromedriver                        0x00000001050c06e4 chromedriver + 4064996\n   17  chromedriver                        0x00000001050960fc chromedriver + 3891452\n   18  chromedriver                        0x00000001050e0a64 chromedriver + 4196964\n   19  chromedriver                        0x00000001050e0bb8 chromedriver + 4197304\n   20  chromedriver                        0x00000001050f4650 chromedriver + 4277840\n   21  libsystem_pthread.dylib             0x00000001933fa06c _pthread_start + 148\n   22  libsystem_pthread.dylib             0x00000001933f4e2c thread_start + 8\n", "test_name": "test_4_FilterColumn", "rerun": "0"}, "3": {"status": "PASS", "message": "", "test_name": "test_5_ClickButtonSearch", "rerun": "0"}, "4": {"status": "PASS", "message": "", "test_name": "test_6_ClickButtonMutasi", "rerun": "0"}, "5": {"status": "PASS", "message": "", "test_name": "test_7_PilihBlok", "rerun": "0"}, "6": {"status": "PASS", "message": "", "test_name": "test_8_PilihLantai", "rerun": "0"}, "7": {"status": "FAIL", "message": "   selenium.common.exceptions.ElementNotInteractableException: Message: element not interactable\n     (Session info: chrome=111.0.5563.146)\n   Stacktrace:\n   0   chromedriver                        0x00000001050ed1c0 chromedriver + 4248000\n   1   chromedriver                        0x000000010506ddc0 chromedriver + 3726784\n   2   chromedriver                        0x0000000104d22d44 chromedriver + 273732\n   3   chromedriver                        0x0000000104d6008c chromedriver + 524428\n   4   chromedriver                        0x0000000104d533e0 chromedriver + 472032\n   5   chromedriver                        0x0000000104d52bbc chromedriver + 469948\n   6   chromedriver                        0x0000000104d9a054 chromedriver + 761940\n   7   chromedriver                        0x0000000104d51200 chromedriver + 463360\n   8   chromedriver                        0x0000000104d52318 chromedriver + 467736\n   9   chromedriver                        0x00000001050bb060 chromedriver + 4042848\n   10  chromedriver                        0x00000001050bf8a4 chromedriver + 4061348\n   11  chromedriver                        0x00000001050c73d0 chromedriver + 4092880\n   12  chromedriver                        0x00000001050c06e4 chromedriver + 4064996\n   13  chromedriver                        0x00000001050960fc chromedriver + 3891452\n   14  chromedriver                        0x00000001050e0a64 chromedriver + 4196964\n   15  chromedriver                        0x00000001050e0bb8 chromedriver + 4197304\n   16  chromedriver                        0x00000001050f4650 chromedriver + 4277840\n   17  libsystem_pthread.dylib             0x00000001933fa06c _pthread_start + 148\n   18  libsystem_pthread.dylib             0x00000001933f4e2c thread_start + 8\n", "test_name": "test_9_PilhKamar", "rerun": "0"}, "8": {"status": "PASS", "message": "", "test_name": "test_10_InputTanggalMutasi", "rerun": "0"}, "9": {"status": "PASS", "message": "", "test_name": "test_11_InputKeterangan", "rerun": "0"}, "10": {"status": "FAIL", "message": "   selenium.common.exceptions.ElementClickInterceptedException: Message: element click intercepted: Element <path fill=\"currentColor\" d=\"M406.656 706.944 195.84 496.256a32 32 0 1 0-45.248 45.248l256 256 512-512a32 32 0 0 0-45.248-45.248L406.592 706.944z\"></path> is not clickable at point (1542, 922). Other element would receive the click: <svg xmlns=\"http://www.w3.org/2000/svg\" viewBox=\"0 0 1024 1024\">...</svg>\n     (Session info: chrome=111.0.5563.146)\n   Stacktrace:\n   0   chromedriver                        0x00000001050ed1c0 chromedriver + 4248000\n   1   chromedriver                        0x000000010506ddc0 chromedriver + 3726784\n   2   chromedriver                        0x0000000104d22ec4 chromedriver + 274116\n   3   chromedriver                        0x0000000104d66530 chromedriver + 550192\n   4   chromedriver                        0x0000000104d63f28 chromedriver + 540456\n   5   chromedriver                        0x0000000104d616c4 chromedriver + 530116\n   6   chromedriver                        0x0000000104d605b8 chromedriver + 525752\n   7   chromedriver                        0x0000000104d533e0 chromedriver + 472032\n   8   chromedriver                        0x0000000104d52bbc chromedriver + 469948\n   9   chromedriver                        0x0000000104d9a054 chromedriver + 761940\n   10  chromedriver                        0x0000000104d51200 chromedriver + 463360\n   11  chromedriver                        0x0000000104d52318 chromedriver + 467736\n   12  chromedriver                        0x00000001050bb060 chromedriver + 4042848\n   13  chromedriver                        0x00000001050bf8a4 chromedriver + 4061348\n   14  chromedriver                        0x00000001050c73d0 chromedriver + 4092880\n   15  chromedriver                        0x00000001050c06e4 chromedriver + 4064996\n   16  chromedriver                        0x00000001050960fc chromedriver + 3891452\n   17  chromedriver                        0x00000001050e0a64 chromedriver + 4196964\n   18  chromedriver                        0x00000001050e0bb8 chromedriver + 4197304\n   19  chromedriver                        0x00000001050f4650 chromedriver + 4277840\n   20  libsystem_pthread.dylib             0x00000001933fa06c _pthread_start + 148\n   21  libsystem_pthread.dylib             0x00000001933f4e2c thread_start + 8\n", "test_name": "test_12_ClickButtonSubmit", "rerun": "0"}, "11": {"status": "PASS", "message": "", "test_name": "test_exit", "rerun": "0"}}, "suite_name": "fungsional/test_manajemenKamar.py"}}}, "date": "March 31, 2023", "start_time": 1680232034.07832, "total_suite": 1, "status": "FAIL", "status_list": {"pass": "9", "fail": "3", "skip": "0", "error": "0", "xpass": "0", "xfail": "0", "rerun": "0"}, "total_tests": "12"}