{"content": {"suites": {"0": {"status": {"total_pass": 2, "total_skip": 0, "total_xpass": 0, "total_xfail": 0, "total_rerun": 0, "total_fail": 12, "total_error": 0}, "tests": {"0": {"status": "PASS", "message": "", "test_name": "test_1_SetupOs", "rerun": "0"}, "1": {"status": "PASS", "message": "", "test_name": "test_2_Login", "rerun": "0"}, "2": {"status": "FAIL", "message": "       AttributeError: move_to requires a WebElement\n", "test_name": "test_3_AksesMenu", "rerun": "0"}, "3": {"status": "FAIL", "message": "   selenium.common.exceptions.NoSuchWindowException: Message: no such window: target window already closed\n   from unknown error: web view not found\n     (Session info: chrome=112.0.5615.137)\n   Stacktrace:\n   0   chromedriver                        0x0000000105000ae8 chromedriver + 4958952\n   1   chromedriver                        0x0000000104ff87b3 chromedriver + 4925363\n   2   chromedriver                        0x0000000104bba1d6 chromedriver + 475606\n   3   chromedriver                        0x0000000104b8fcec chromedriver + 302316\n   4   chromedriver                        0x0000000104c28f2f chromedriver + 929583\n   5   chromedriver                        0x0000000104c3e926 chromedriver + 1018150\n   6   chromedriver                        0x0000000104c239e3 chromedriver + 907747\n   7   chromedriver                        0x0000000104bedaef chromedriver + 686831\n   8   chromedriver                        0x0000000104bef00e chromedriver + 692238\n   9   chromedriver                        0x0000000104fbc9ad chromedriver + 4680109\n   10  chromedriver                        0x0000000104fc1c12 chromedriver + 4701202\n   11  chromedriver                        0x0000000104fc879f chromedriver + 4728735\n   12  chromedriver                        0x0000000104fc2b7a chromedriver + 4705146\n   13  chromedriver                        0x0000000104f9527e chromedriver + 4518526\n   14  chromedriver                        0x0000000104fe2908 chromedriver + 4835592\n   15  chromedriver                        0x0000000104fe2a87 chromedriver + 4835975\n   16  chromedriver                        0x0000000104ff200f chromedriver + 4898831\n   17  libsystem_pthread.dylib             0x00007ff803d171d3 _pthread_start + 125\n   18  libsystem_pthread.dylib             0x00007ff803d12bd3 thread_start + 15\n       assert False\n", "test_name": "test_4_ClickButtonTambah", "rerun": "0"}, "4": {"status": "FAIL", "message": "   selenium.common.exceptions.NoSuchWindowException: Message: no such window: target window already closed\n   from unknown error: web view not found\n     (Session info: chrome=112.0.5615.137)\n   Stacktrace:\n   0   chromedriver                        0x0000000105000ae8 chromedriver + 4958952\n   1   chromedriver                        0x0000000104ff87b3 chromedriver + 4925363\n   2   chromedriver                        0x0000000104bba1d6 chromedriver + 475606\n   3   chromedriver                        0x0000000104b8fcec chromedriver + 302316\n   4   chromedriver                        0x0000000104c28f2f chromedriver + 929583\n   5   chromedriver                        0x0000000104c3e926 chromedriver + 1018150\n   6   chromedriver                        0x0000000104c239e3 chromedriver + 907747\n   7   chromedriver                        0x0000000104bedaef chromedriver + 686831\n   8   chromedriver                        0x0000000104bef00e chromedriver + 692238\n   9   chromedriver                        0x0000000104fbc9ad chromedriver + 4680109\n   10  chromedriver                        0x0000000104fc1c12 chromedriver + 4701202\n   11  chromedriver                        0x0000000104fc879f chromedriver + 4728735\n   12  chromedriver                        0x0000000104fc2b7a chromedriver + 4705146\n   13  chromedriver                        0x0000000104f9527e chromedriver + 4518526\n   14  chromedriver                        0x0000000104fe2908 chromedriver + 4835592\n   15  chromedriver                        0x0000000104fe2a87 chromedriver + 4835975\n   16  chromedriver                        0x0000000104ff200f chromedriver + 4898831\n   17  libsystem_pthread.dylib             0x00007ff803d171d3 _pthread_start + 125\n   18  libsystem_pthread.dylib             0x00007ff803d12bd3 thread_start + 15\n       assert False\n", "test_name": "test_5_NamaInput", "rerun": "0"}, "5": {"status": "FAIL", "message": "   selenium.common.exceptions.NoSuchWindowException: Message: no such window: target window already closed\n   from unknown error: web view not found\n     (Session info: chrome=112.0.5615.137)\n   Stacktrace:\n   0   chromedriver                        0x0000000105000ae8 chromedriver + 4958952\n   1   chromedriver                        0x0000000104ff87b3 chromedriver + 4925363\n   2   chromedriver                        0x0000000104bba1d6 chromedriver + 475606\n   3   chromedriver                        0x0000000104b8fcec chromedriver + 302316\n   4   chromedriver                        0x0000000104c28f2f chromedriver + 929583\n   5   chromedriver                        0x0000000104c3e926 chromedriver + 1018150\n   6   chromedriver                        0x0000000104c239e3 chromedriver + 907747\n   7   chromedriver                        0x0000000104bedaef chromedriver + 686831\n   8   chromedriver                        0x0000000104bef00e chromedriver + 692238\n   9   chromedriver                        0x0000000104fbc9ad chromedriver + 4680109\n   10  chromedriver                        0x0000000104fc1c12 chromedriver + 4701202\n   11  chromedriver                        0x0000000104fc879f chromedriver + 4728735\n   12  chromedriver                        0x0000000104fc2b7a chromedriver + 4705146\n   13  chromedriver                        0x0000000104f9527e chromedriver + 4518526\n   14  chromedriver                        0x0000000104fe2908 chromedriver + 4835592\n   15  chromedriver                        0x0000000104fe2a87 chromedriver + 4835975\n   16  chromedriver                        0x0000000104ff200f chromedriver + 4898831\n   17  libsystem_pthread.dylib             0x00007ff803d171d3 _pthread_start + 125\n   18  libsystem_pthread.dylib             0x00007ff803d12bd3 thread_start + 15\n       assert False\n", "test_name": "test_6_KronologisKejadianFkr", "rerun": "0"}, "6": {"status": "FAIL", "message": "   selenium.common.exceptions.NoSuchWindowException: Message: no such window: target window already closed\n   from unknown error: web view not found\n     (Session info: chrome=112.0.5615.137)\n   Stacktrace:\n   0   chromedriver                        0x0000000105000ae8 chromedriver + 4958952\n   1   chromedriver                        0x0000000104ff87b3 chromedriver + 4925363\n   2   chromedriver                        0x0000000104bba1d6 chromedriver + 475606\n   3   chromedriver                        0x0000000104b8fcec chromedriver + 302316\n   4   chromedriver                        0x0000000104c28f2f chromedriver + 929583\n   5   chromedriver                        0x0000000104c3e926 chromedriver + 1018150\n   6   chromedriver                        0x0000000104c239e3 chromedriver + 907747\n   7   chromedriver                        0x0000000104bedaef chromedriver + 686831\n   8   chromedriver                        0x0000000104bef00e chromedriver + 692238\n   9   chromedriver                        0x0000000104fbc9ad chromedriver + 4680109\n   10  chromedriver                        0x0000000104fc1c12 chromedriver + 4701202\n   11  chromedriver                        0x0000000104fc879f chromedriver + 4728735\n   12  chromedriver                        0x0000000104fc2b7a chromedriver + 4705146\n   13  chromedriver                        0x0000000104f9527e chromedriver + 4518526\n   14  chromedriver                        0x0000000104fe2908 chromedriver + 4835592\n   15  chromedriver                        0x0000000104fe2a87 chromedriver + 4835975\n   16  chromedriver                        0x0000000104ff200f chromedriver + 4898831\n   17  libsystem_pthread.dylib             0x00007ff803d171d3 _pthread_start + 125\n   18  libsystem_pthread.dylib             0x00007ff803d12bd3 thread_start + 15\n       assert False\n", "test_name": "test_7_TanggalPemberianBantuanHukumFkr", "rerun": "0"}, "7": {"status": "FAIL", "message": "   selenium.common.exceptions.NoSuchWindowException: Message: no such window: target window already closed\n   from unknown error: web view not found\n     (Session info: chrome=112.0.5615.137)\n   Stacktrace:\n   0   chromedriver                        0x0000000105000ae8 chromedriver + 4958952\n   1   chromedriver                        0x0000000104ff87b3 chromedriver + 4925363\n   2   chromedriver                        0x0000000104bba1d6 chromedriver + 475606\n   3   chromedriver                        0x0000000104b8fcec chromedriver + 302316\n   4   chromedriver                        0x0000000104c28f2f chromedriver + 929583\n   5   chromedriver                        0x0000000104c3e926 chromedriver + 1018150\n   6   chromedriver                        0x0000000104c239e3 chromedriver + 907747\n   7   chromedriver                        0x0000000104bedaef chromedriver + 686831\n   8   chromedriver                        0x0000000104bef00e chromedriver + 692238\n   9   chromedriver                        0x0000000104fbc9ad chromedriver + 4680109\n   10  chromedriver                        0x0000000104fc1c12 chromedriver + 4701202\n   11  chromedriver                        0x0000000104fc879f chromedriver + 4728735\n   12  chromedriver                        0x0000000104fc2b7a chromedriver + 4705146\n   13  chromedriver                        0x0000000104f9527e chromedriver + 4518526\n   14  chromedriver                        0x0000000104fe2908 chromedriver + 4835592\n   15  chromedriver                        0x0000000104fe2a87 chromedriver + 4835975\n   16  chromedriver                        0x0000000104ff200f chromedriver + 4898831\n   17  libsystem_pthread.dylib             0x00007ff803d171d3 _pthread_start + 125\n   18  libsystem_pthread.dylib             0x00007ff803d12bd3 thread_start + 15\n       assert False\n", "test_name": "test_8_MelanggarPeraturanPerundangundanganFkr", "rerun": "0"}, "8": {"status": "FAIL", "message": "   selenium.common.exceptions.NoSuchWindowException: Message: no such window: target window already closed\n   from unknown error: web view not found\n     (Session info: chrome=112.0.5615.137)\n   Stacktrace:\n   0   chromedriver                        0x0000000105000ae8 chromedriver + 4958952\n   1   chromedriver                        0x0000000104ff87b3 chromedriver + 4925363\n   2   chromedriver                        0x0000000104bba1d6 chromedriver + 475606\n   3   chromedriver                        0x0000000104b8fcec chromedriver + 302316\n   4   chromedriver                        0x0000000104c28f2f chromedriver + 929583\n   5   chromedriver                        0x0000000104c3e926 chromedriver + 1018150\n   6   chromedriver                        0x0000000104c239e3 chromedriver + 907747\n   7   chromedriver                        0x0000000104bedaef chromedriver + 686831\n   8   chromedriver                        0x0000000104bef00e chromedriver + 692238\n   9   chromedriver                        0x0000000104fbc9ad chromedriver + 4680109\n   10  chromedriver                        0x0000000104fc1c12 chromedriver + 4701202\n   11  chromedriver                        0x0000000104fc879f chromedriver + 4728735\n   12  chromedriver                        0x0000000104fc2b7a chromedriver + 4705146\n   13  chromedriver                        0x0000000104f9527e chromedriver + 4518526\n   14  chromedriver                        0x0000000104fe2908 chromedriver + 4835592\n   15  chromedriver                        0x0000000104fe2a87 chromedriver + 4835975\n   16  chromedriver                        0x0000000104ff200f chromedriver + 4898831\n   17  libsystem_pthread.dylib             0x00007ff803d171d3 _pthread_start + 125\n   18  libsystem_pthread.dylib             0x00007ff803d12bd3 thread_start + 15\n       assert False\n", "test_name": "test_9_PemberiBantuanHukumFkr", "rerun": "0"}, "9": {"status": "FAIL", "message": "   selenium.common.exceptions.NoSuchWindowException: Message: no such window: target window already closed\n   from unknown error: web view not found\n     (Session info: chrome=112.0.5615.137)\n   Stacktrace:\n   0   chromedriver                        0x0000000105000ae8 chromedriver + 4958952\n   1   chromedriver                        0x0000000104ff87b3 chromedriver + 4925363\n   2   chromedriver                        0x0000000104bba1d6 chromedriver + 475606\n   3   chromedriver                        0x0000000104b8fcec chromedriver + 302316\n   4   chromedriver                        0x0000000104c28f2f chromedriver + 929583\n   5   chromedriver                        0x0000000104c3e926 chromedriver + 1018150\n   6   chromedriver                        0x0000000104c239e3 chromedriver + 907747\n   7   chromedriver                        0x0000000104bedaef chromedriver + 686831\n   8   chromedriver                        0x0000000104bef00e chromedriver + 692238\n   9   chromedriver                        0x0000000104fbc9ad chromedriver + 4680109\n   10  chromedriver                        0x0000000104fc1c12 chromedriver + 4701202\n   11  chromedriver                        0x0000000104fc879f chromedriver + 4728735\n   12  chromedriver                        0x0000000104fc2b7a chromedriver + 4705146\n   13  chromedriver                        0x0000000104f9527e chromedriver + 4518526\n   14  chromedriver                        0x0000000104fe2908 chromedriver + 4835592\n   15  chromedriver                        0x0000000104fe2a87 chromedriver + 4835975\n   16  chromedriver                        0x0000000104ff200f chromedriver + 4898831\n   17  libsystem_pthread.dylib             0x00007ff803d171d3 _pthread_start + 125\n   18  libsystem_pthread.dylib             0x00007ff803d12bd3 thread_start + 15\n       assert False\n", "test_name": "test_10_PertimbanganHukumFkr", "rerun": "0"}, "10": {"status": "FAIL", "message": "   selenium.common.exceptions.NoSuchWindowException: Message: no such window: target window already closed\n   from unknown error: web view not found\n     (Session info: chrome=112.0.5615.137)\n   Stacktrace:\n   0   chromedriver                        0x0000000105000ae8 chromedriver + 4958952\n   1   chromedriver                        0x0000000104ff87b3 chromedriver + 4925363\n   2   chromedriver                        0x0000000104bba1d6 chromedriver + 475606\n   3   chromedriver                        0x0000000104b8fcec chromedriver + 302316\n   4   chromedriver                        0x0000000104c28f2f chromedriver + 929583\n   5   chromedriver                        0x0000000104c3e926 chromedriver + 1018150\n   6   chromedriver                        0x0000000104c239e3 chromedriver + 907747\n   7   chromedriver                        0x0000000104bedaef chromedriver + 686831\n   8   chromedriver                        0x0000000104bef00e chromedriver + 692238\n   9   chromedriver                        0x0000000104fbc9ad chromedriver + 4680109\n   10  chromedriver                        0x0000000104fc1c12 chromedriver + 4701202\n   11  chromedriver                        0x0000000104fc879f chromedriver + 4728735\n   12  chromedriver                        0x0000000104fc2b7a chromedriver + 4705146\n   13  chromedriver                        0x0000000104f9527e chromedriver + 4518526\n   14  chromedriver                        0x0000000104fe2908 chromedriver + 4835592\n   15  chromedriver                        0x0000000104fe2a87 chromedriver + 4835975\n   16  chromedriver                        0x0000000104ff200f chromedriver + 4898831\n   17  libsystem_pthread.dylib             0x00007ff803d171d3 _pthread_start + 125\n   18  libsystem_pthread.dylib             0x00007ff803d12bd3 thread_start + 15\n       assert False\n", "test_name": "test_11_PutusanPengadilanFkr", "rerun": "0"}, "11": {"status": "FAIL", "message": "   selenium.common.exceptions.NoSuchWindowException: Message: no such window: target window already closed\n   from unknown error: web view not found\n     (Session info: chrome=112.0.5615.137)\n   Stacktrace:\n   0   chromedriver                        0x0000000105000ae8 chromedriver + 4958952\n   1   chromedriver                        0x0000000104ff87b3 chromedriver + 4925363\n   2   chromedriver                        0x0000000104bba1d6 chromedriver + 475606\n   3   chromedriver                        0x0000000104b8fcec chromedriver + 302316\n   4   chromedriver                        0x0000000104c28f2f chromedriver + 929583\n   5   chromedriver                        0x0000000104c3e926 chromedriver + 1018150\n   6   chromedriver                        0x0000000104c239e3 chromedriver + 907747\n   7   chromedriver                        0x0000000104bedaef chromedriver + 686831\n   8   chromedriver                        0x0000000104bef00e chromedriver + 692238\n   9   chromedriver                        0x0000000104fbc9ad chromedriver + 4680109\n   10  chromedriver                        0x0000000104fc1c12 chromedriver + 4701202\n   11  chromedriver                        0x0000000104fc879f chromedriver + 4728735\n   12  chromedriver                        0x0000000104fc2b7a chromedriver + 4705146\n   13  chromedriver                        0x0000000104f9527e chromedriver + 4518526\n   14  chromedriver                        0x0000000104fe2908 chromedriver + 4835592\n   15  chromedriver                        0x0000000104fe2a87 chromedriver + 4835975\n   16  chromedriver                        0x0000000104ff200f chromedriver + 4898831\n   17  libsystem_pthread.dylib             0x00007ff803d171d3 _pthread_start + 125\n   18  libsystem_pthread.dylib             0x00007ff803d12bd3 thread_start + 15\n       assert False\n", "test_name": "test_12_KeteranganFkr", "rerun": "0"}, "12": {"status": "FAIL", "message": "   selenium.common.exceptions.NoSuchWindowException: Message: no such window: target window already closed\n   from unknown error: web view not found\n     (Session info: chrome=112.0.5615.137)\n   Stacktrace:\n   0   chromedriver                        0x0000000105000ae8 chromedriver + 4958952\n   1   chromedriver                        0x0000000104ff87b3 chromedriver + 4925363\n   2   chromedriver                        0x0000000104bba1d6 chromedriver + 475606\n   3   chromedriver                        0x0000000104b8fcec chromedriver + 302316\n   4   chromedriver                        0x0000000104c28f2f chromedriver + 929583\n   5   chromedriver                        0x0000000104c3e926 chromedriver + 1018150\n   6   chromedriver                        0x0000000104c239e3 chromedriver + 907747\n   7   chromedriver                        0x0000000104bedaef chromedriver + 686831\n   8   chromedriver                        0x0000000104bef00e chromedriver + 692238\n   9   chromedriver                        0x0000000104fbc9ad chromedriver + 4680109\n   10  chromedriver                        0x0000000104fc1c12 chromedriver + 4701202\n   11  chromedriver                        0x0000000104fc879f chromedriver + 4728735\n   12  chromedriver                        0x0000000104fc2b7a chromedriver + 4705146\n   13  chromedriver                        0x0000000104f9527e chromedriver + 4518526\n   14  chromedriver                        0x0000000104fe2908 chromedriver + 4835592\n   15  chromedriver                        0x0000000104fe2a87 chromedriver + 4835975\n   16  chromedriver                        0x0000000104ff200f chromedriver + 4898831\n   17  libsystem_pthread.dylib             0x00007ff803d171d3 _pthread_start + 125\n   18  libsystem_pthread.dylib             0x00007ff803d12bd3 thread_start + 15\n   selenium.common.exceptions.NoSuchWindowException: Message: no such window: target window already closed\n   from unknown error: web view not found\n     (Session info: chrome=112.0.5615.137)\n   Stacktrace:\n   0   chromedriver                        0x0000000105000ae8 chromedriver + 4958952\n   1   chromedriver                        0x0000000104ff87b3 chromedriver + 4925363\n   2   chromedriver                        0x0000000104bba1d6 chromedriver + 475606\n   3   chromedriver                        0x0000000104b8fcec chromedriver + 302316\n   4   chromedriver                        0x0000000104c28f2f chromedriver + 929583\n   5   chromedriver                        0x0000000104c3e926 chromedriver + 1018150\n   6   chromedriver                        0x0000000104c239e3 chromedriver + 907747\n   7   chromedriver                        0x0000000104bedaef chromedriver + 686831\n   8   chromedriver                        0x0000000104bef00e chromedriver + 692238\n   9   chromedriver                        0x0000000104fbc9ad chromedriver + 4680109\n   10  chromedriver                        0x0000000104fc1c12 chromedriver + 4701202\n   11  chromedriver                        0x0000000104fc879f chromedriver + 4728735\n   12  chromedriver                        0x0000000104fc2b7a chromedriver + 4705146\n   13  chromedriver                        0x0000000104f9527e chromedriver + 4518526\n   14  chromedriver                        0x0000000104fe2908 chromedriver + 4835592\n   15  chromedriver                        0x0000000104fe2a87 chromedriver + 4835975\n   16  chromedriver                        0x0000000104ff200f chromedriver + 4898831\n   17  libsystem_pthread.dylib             0x00007ff803d171d3 _pthread_start + 125\n   18  libsystem_pthread.dylib             0x00007ff803d12bd3 thread_start + 15\n", "test_name": "test_13_ClickButtonSimpan", "rerun": "0"}, "13": {"status": "FAIL", "message": "   selenium.common.exceptions.NoSuchWindowException: Message: no such window: target window already closed\n   from unknown error: web view not found\n     (Session info: chrome=112.0.5615.137)\n   Stacktrace:\n   0   chromedriver                        0x0000000105000ae8 chromedriver + 4958952\n   1   chromedriver                        0x0000000104ff87b3 chromedriver + 4925363\n   2   chromedriver                        0x0000000104bba1d6 chromedriver + 475606\n   3   chromedriver                        0x0000000104b8fcec chromedriver + 302316\n   4   chromedriver                        0x0000000104c28f2f chromedriver + 929583\n   5   chromedriver                        0x0000000104c2fc7c chromedriver + 957564\n   6   chromedriver                        0x0000000104c23bd8 chromedriver + 908248\n   7   chromedriver                        0x0000000104bedaef chromedriver + 686831\n   8   chromedriver                        0x0000000104bef00e chromedriver + 692238\n   9   chromedriver                        0x0000000104fbc9ad chromedriver + 4680109\n   10  chromedriver                        0x0000000104fc1c12 chromedriver + 4701202\n   11  chromedriver                        0x0000000104fc879f chromedriver + 4728735\n   12  chromedriver                        0x0000000104fc2b7a chromedriver + 4705146\n   13  chromedriver                        0x0000000104f9527e chromedriver + 4518526\n   14  chromedriver                        0x0000000104fe2908 chromedriver + 4835592\n   15  chromedriver                        0x0000000104fe2a87 chromedriver + 4835975\n   16  chromedriver                        0x0000000104ff200f chromedriver + 4898831\n   17  libsystem_pthread.dylib             0x00007ff803d171d3 _pthread_start + 125\n   18  libsystem_pthread.dylib             0x00007ff803d12bd3 thread_start + 15\n", "test_name": "test_28_exit", "rerun": "0"}}, "suite_name": "4LaporanBulanan/11.Laporan8A/Fungsional/test_Laporan8A.py"}}}, "date": "April 26, 2023", "start_time": 1682480546.811381, "total_suite": 1, "status": "FAIL", "status_list": {"pass": "2", "fail": "12", "skip": "0", "error": "0", "xpass": "0", "xfail": "0", "rerun": "0"}, "total_tests": "14"}