{"content": {"suites": {"0": {"status": {"total_pass": 3, "total_skip": 0, "total_xpass": 0, "total_xfail": 0, "total_rerun": 0, "total_fail": 10, "total_error": 0}, "tests": {"0": {"status": "PASS", "message": "", "test_name": "test_1_SetupOs", "rerun": "0"}, "1": {"status": "PASS", "message": "", "test_name": "test_2_Login", "rerun": "0"}, "2": {"status": "PASS", "message": "", "test_name": "test_3_AksesMenu", "rerun": "0"}, "3": {"status": "FAIL", "message": "   selenium.common.exceptions.NoSuchElementException: Message: no such element: Unable to locate element: {\"method\":\"css selector\",\"selector\":\"#createButton\"}\n     (Session info: chrome=112.0.5615.137)\n   Stacktrace:\n   0   chromedriver                        0x0000000100eaeae8 chromedriver + 4958952\n   1   chromedriver                        0x0000000100ea67b3 chromedriver + 4925363\n   2   chromedriver                        0x0000000100a681d6 chromedriver + 475606\n   3   chromedriver                        0x0000000100aaba20 chromedriver + 752160\n   4   chromedriver                        0x0000000100aabc81 chromedriver + 752769\n   5   chromedriver                        0x0000000100aeff64 chromedriver + 1032036\n   6   chromedriver                        0x0000000100ad1c3d chromedriver + 908349\n   7   chromedriver                        0x0000000100aed25b chromedriver + 1020507\n   8   chromedriver                        0x0000000100ad19e3 chromedriver + 907747\n   9   chromedriver                        0x0000000100a9baef chromedriver + 686831\n   10  chromedriver                        0x0000000100a9d00e chromedriver + 692238\n   11  chromedriver                        0x0000000100e6a9ad chromedriver + 4680109\n   12  chromedriver                        0x0000000100e6fc12 chromedriver + 4701202\n   13  chromedriver                        0x0000000100e7679f chromedriver + 4728735\n   14  chromedriver                        0x0000000100e70b7a chromedriver + 4705146\n   15  chromedriver                        0x0000000100e4327e chromedriver + 4518526\n   16  chromedriver                        0x0000000100e90908 chromedriver + 4835592\n   17  chromedriver                        0x0000000100e90a87 chromedriver + 4835975\n   18  chromedriver                        0x0000000100ea000f chromedriver + 4898831\n   19  libsystem_pthread.dylib             0x00007ff803d171d3 _pthread_start + 125\n   20  libsystem_pthread.dylib             0x00007ff803d12bd3 thread_start + 15\n       TypeError: not all arguments converted during string formatting\n", "test_name": "test_4_ClickButtonTambah", "rerun": "0"}, "4": {"status": "FAIL", "message": "   selenium.common.exceptions.TimeoutException: Message: \n   Stacktrace:\n   0   chromedriver                        0x0000000100eaeae8 chromedriver + 4958952\n   1   chromedriver                        0x0000000100ea67b3 chromedriver + 4925363\n   2   chromedriver                        0x0000000100a681d6 chromedriver + 475606\n   3   chromedriver                        0x0000000100aaba20 chromedriver + 752160\n   4   chromedriver                        0x0000000100aabc81 chromedriver + 752769\n   5   chromedriver                        0x0000000100aeff64 chromedriver + 1032036\n   6   chromedriver                        0x0000000100ad1c3d chromedriver + 908349\n   7   chromedriver                        0x0000000100aed25b chromedriver + 1020507\n   8   chromedriver                        0x0000000100ad19e3 chromedriver + 907747\n   9   chromedriver                        0x0000000100a9baef chromedriver + 686831\n   10  chromedriver                        0x0000000100a9d00e chromedriver + 692238\n   11  chromedriver                        0x0000000100e6a9ad chromedriver + 4680109\n   12  chromedriver                        0x0000000100e6fc12 chromedriver + 4701202\n   13  chromedriver                        0x0000000100e7679f chromedriver + 4728735\n   14  chromedriver                        0x0000000100e70b7a chromedriver + 4705146\n   15  chromedriver                        0x0000000100e4327e chromedriver + 4518526\n   16  chromedriver                        0x0000000100e90908 chromedriver + 4835592\n   17  chromedriver                        0x0000000100e90a87 chromedriver + 4835975\n   18  chromedriver                        0x0000000100ea000f chromedriver + 4898831\n   19  libsystem_pthread.dylib             0x00007ff803d171d3 _pthread_start + 125\n   20  libsystem_pthread.dylib             0x00007ff803d12bd3 thread_start + 15\n       assert False\n", "test_name": "test_5_NamaInput", "rerun": "0"}, "5": {"status": "FAIL", "message": "   selenium.common.exceptions.NoSuchElementException: Message: no such element: Unable to locate element: {\"method\":\"css selector\",\"selector\":\"[id=\"kronologis\"]\"}\n     (Session info: chrome=112.0.5615.137)\n   Stacktrace:\n   0   chromedriver                        0x0000000100eaeae8 chromedriver + 4958952\n   1   chromedriver                        0x0000000100ea67b3 chromedriver + 4925363\n   2   chromedriver                        0x0000000100a681d6 chromedriver + 475606\n   3   chromedriver                        0x0000000100aaba20 chromedriver + 752160\n   4   chromedriver                        0x0000000100aabc81 chromedriver + 752769\n   5   chromedriver                        0x0000000100aeff64 chromedriver + 1032036\n   6   chromedriver                        0x0000000100ad1c3d chromedriver + 908349\n   7   chromedriver                        0x0000000100aed25b chromedriver + 1020507\n   8   chromedriver                        0x0000000100ad19e3 chromedriver + 907747\n   9   chromedriver                        0x0000000100a9baef chromedriver + 686831\n   10  chromedriver                        0x0000000100a9d00e chromedriver + 692238\n   11  chromedriver                        0x0000000100e6a9ad chromedriver + 4680109\n   12  chromedriver                        0x0000000100e6fc12 chromedriver + 4701202\n   13  chromedriver                        0x0000000100e7679f chromedriver + 4728735\n   14  chromedriver                        0x0000000100e70b7a chromedriver + 4705146\n   15  chromedriver                        0x0000000100e4327e chromedriver + 4518526\n   16  chromedriver                        0x0000000100e90908 chromedriver + 4835592\n   17  chromedriver                        0x0000000100e90a87 chromedriver + 4835975\n   18  chromedriver                        0x0000000100ea000f chromedriver + 4898831\n   19  libsystem_pthread.dylib             0x00007ff803d171d3 _pthread_start + 125\n   20  libsystem_pthread.dylib             0x00007ff803d12bd3 thread_start + 15\n       assert False\n", "test_name": "test_6_KronologisKejadianFkr", "rerun": "0"}, "6": {"status": "FAIL", "message": "   selenium.common.exceptions.NoSuchElementException: Message: no such element: Unable to locate element: {\"method\":\"css selector\",\"selector\":\"[id=\"tanggal\"]\"}\n     (Session info: chrome=112.0.5615.137)\n   Stacktrace:\n   0   chromedriver                        0x0000000100eaeae8 chromedriver + 4958952\n   1   chromedriver                        0x0000000100ea67b3 chromedriver + 4925363\n   2   chromedriver                        0x0000000100a681d6 chromedriver + 475606\n   3   chromedriver                        0x0000000100aaba20 chromedriver + 752160\n   4   chromedriver                        0x0000000100aabc81 chromedriver + 752769\n   5   chromedriver                        0x0000000100aeff64 chromedriver + 1032036\n   6   chromedriver                        0x0000000100ad1c3d chromedriver + 908349\n   7   chromedriver                        0x0000000100aed25b chromedriver + 1020507\n   8   chromedriver                        0x0000000100ad19e3 chromedriver + 907747\n   9   chromedriver                        0x0000000100a9baef chromedriver + 686831\n   10  chromedriver                        0x0000000100a9d00e chromedriver + 692238\n   11  chromedriver                        0x0000000100e6a9ad chromedriver + 4680109\n   12  chromedriver                        0x0000000100e6fc12 chromedriver + 4701202\n   13  chromedriver                        0x0000000100e7679f chromedriver + 4728735\n   14  chromedriver                        0x0000000100e70b7a chromedriver + 4705146\n   15  chromedriver                        0x0000000100e4327e chromedriver + 4518526\n   16  chromedriver                        0x0000000100e90908 chromedriver + 4835592\n   17  chromedriver                        0x0000000100e90a87 chromedriver + 4835975\n   18  chromedriver                        0x0000000100ea000f chromedriver + 4898831\n   19  libsystem_pthread.dylib             0x00007ff803d171d3 _pthread_start + 125\n   20  libsystem_pthread.dylib             0x00007ff803d12bd3 thread_start + 15\n       assert False\n", "test_name": "test_7_TanggalPemberianBantuanHukumFkr", "rerun": "0"}, "7": {"status": "FAIL", "message": "   selenium.common.exceptions.NoSuchElementException: Message: no such element: Unable to locate element: {\"method\":\"css selector\",\"selector\":\".el-form:nth-child(2)\"}\n     (Session info: chrome=112.0.5615.137)\n   Stacktrace:\n   0   chromedriver                        0x0000000100eaeae8 chromedriver + 4958952\n   1   chromedriver                        0x0000000100ea67b3 chromedriver + 4925363\n   2   chromedriver                        0x0000000100a681d6 chromedriver + 475606\n   3   chromedriver                        0x0000000100aaba20 chromedriver + 752160\n   4   chromedriver                        0x0000000100aabc81 chromedriver + 752769\n   5   chromedriver                        0x0000000100aeff64 chromedriver + 1032036\n   6   chromedriver                        0x0000000100ad1c3d chromedriver + 908349\n   7   chromedriver                        0x0000000100aed25b chromedriver + 1020507\n   8   chromedriver                        0x0000000100ad19e3 chromedriver + 907747\n   9   chromedriver                        0x0000000100a9baef chromedriver + 686831\n   10  chromedriver                        0x0000000100a9d00e chromedriver + 692238\n   11  chromedriver                        0x0000000100e6a9ad chromedriver + 4680109\n   12  chromedriver                        0x0000000100e6fc12 chromedriver + 4701202\n   13  chromedriver                        0x0000000100e7679f chromedriver + 4728735\n   14  chromedriver                        0x0000000100e70b7a chromedriver + 4705146\n   15  chromedriver                        0x0000000100e4327e chromedriver + 4518526\n   16  chromedriver                        0x0000000100e90908 chromedriver + 4835592\n   17  chromedriver                        0x0000000100e90a87 chromedriver + 4835975\n   18  chromedriver                        0x0000000100ea000f chromedriver + 4898831\n   19  libsystem_pthread.dylib             0x00007ff803d171d3 _pthread_start + 125\n   20  libsystem_pthread.dylib             0x00007ff803d12bd3 thread_start + 15\n       assert False\n", "test_name": "test_8_MelanggarPeraturanPerundangundanganFkr", "rerun": "0"}, "8": {"status": "FAIL", "message": "   selenium.common.exceptions.NoSuchElementException: Message: no such element: Unable to locate element: {\"method\":\"css selector\",\"selector\":\"[id=\"pemberiBantuan\"]\"}\n     (Session info: chrome=112.0.5615.137)\n   Stacktrace:\n   0   chromedriver                        0x0000000100eaeae8 chromedriver + 4958952\n   1   chromedriver                        0x0000000100ea67b3 chromedriver + 4925363\n   2   chromedriver                        0x0000000100a681d6 chromedriver + 475606\n   3   chromedriver                        0x0000000100aaba20 chromedriver + 752160\n   4   chromedriver                        0x0000000100aabc81 chromedriver + 752769\n   5   chromedriver                        0x0000000100aeff64 chromedriver + 1032036\n   6   chromedriver                        0x0000000100ad1c3d chromedriver + 908349\n   7   chromedriver                        0x0000000100aed25b chromedriver + 1020507\n   8   chromedriver                        0x0000000100ad19e3 chromedriver + 907747\n   9   chromedriver                        0x0000000100a9baef chromedriver + 686831\n   10  chromedriver                        0x0000000100a9d00e chromedriver + 692238\n   11  chromedriver                        0x0000000100e6a9ad chromedriver + 4680109\n   12  chromedriver                        0x0000000100e6fc12 chromedriver + 4701202\n   13  chromedriver                        0x0000000100e7679f chromedriver + 4728735\n   14  chromedriver                        0x0000000100e70b7a chromedriver + 4705146\n   15  chromedriver                        0x0000000100e4327e chromedriver + 4518526\n   16  chromedriver                        0x0000000100e90908 chromedriver + 4835592\n   17  chromedriver                        0x0000000100e90a87 chromedriver + 4835975\n   18  chromedriver                        0x0000000100ea000f chromedriver + 4898831\n   19  libsystem_pthread.dylib             0x00007ff803d171d3 _pthread_start + 125\n   20  libsystem_pthread.dylib             0x00007ff803d12bd3 thread_start + 15\n       assert False\n", "test_name": "test_9_PemberiBantuanHukumFkr", "rerun": "0"}, "9": {"status": "FAIL", "message": "   selenium.common.exceptions.ElementNotInteractableException: Message: element not interactable\n     (Session info: chrome=112.0.5615.137)\n   Stacktrace:\n   0   chromedriver                        0x0000000100eaeae8 chromedriver + 4958952\n   1   chromedriver                        0x0000000100ea67b3 chromedriver + 4925363\n   2   chromedriver                        0x0000000100a68051 chromedriver + 475217\n   3   chromedriver                        0x0000000100aa3c2c chromedriver + 719916\n   4   chromedriver                        0x0000000100aa30f6 chromedriver + 717046\n   5   chromedriver                        0x0000000100ad1c12 chromedriver + 908306\n   6   chromedriver                        0x0000000100a9d8f1 chromedriver + 694513\n   7   chromedriver                        0x0000000100ad1dce chromedriver + 908750\n   8   chromedriver                        0x0000000100aed25b chromedriver + 1020507\n   9   chromedriver                        0x0000000100ad19e3 chromedriver + 907747\n   10  chromedriver                        0x0000000100a9baef chromedriver + 686831\n   11  chromedriver                        0x0000000100a9d00e chromedriver + 692238\n   12  chromedriver                        0x0000000100e6a9ad chromedriver + 4680109\n   13  chromedriver                        0x0000000100e6fc12 chromedriver + 4701202\n   14  chromedriver                        0x0000000100e7679f chromedriver + 4728735\n   15  chromedriver                        0x0000000100e70b7a chromedriver + 4705146\n   16  chromedriver                        0x0000000100e4327e chromedriver + 4518526\n   17  chromedriver                        0x0000000100e90908 chromedriver + 4835592\n   18  chromedriver                        0x0000000100e90a87 chromedriver + 4835975\n   19  chromedriver                        0x0000000100ea000f chromedriver + 4898831\n   20  libsystem_pthread.dylib             0x00007ff803d171d3 _pthread_start + 125\n   21  libsystem_pthread.dylib             0x00007ff803d12bd3 thread_start + 15\n       assert False\n", "test_name": "test_10_PertimbanganHukumFkr", "rerun": "0"}, "10": {"status": "FAIL", "message": "   selenium.common.exceptions.ElementNotInteractableException: Message: element not interactable\n     (Session info: chrome=112.0.5615.137)\n   Stacktrace:\n   0   chromedriver                        0x0000000100eaeae8 chromedriver + 4958952\n   1   chromedriver                        0x0000000100ea67b3 chromedriver + 4925363\n   2   chromedriver                        0x0000000100a68051 chromedriver + 475217\n   3   chromedriver                        0x0000000100aad2e8 chromedriver + 758504\n   4   chromedriver                        0x0000000100a9e283 chromedriver + 696963\n   5   chromedriver                        0x0000000100ad1c12 chromedriver + 908306\n   6   chromedriver                        0x0000000100a9d8f1 chromedriver + 694513\n   7   chromedriver                        0x0000000100ad1dce chromedriver + 908750\n   8   chromedriver                        0x0000000100aed25b chromedriver + 1020507\n   9   chromedriver                        0x0000000100ad19e3 chromedriver + 907747\n   10  chromedriver                        0x0000000100a9baef chromedriver + 686831\n   11  chromedriver                        0x0000000100a9d00e chromedriver + 692238\n   12  chromedriver                        0x0000000100e6a9ad chromedriver + 4680109\n   13  chromedriver                        0x0000000100e6fc12 chromedriver + 4701202\n   14  chromedriver                        0x0000000100e7679f chromedriver + 4728735\n   15  chromedriver                        0x0000000100e70b7a chromedriver + 4705146\n   16  chromedriver                        0x0000000100e4327e chromedriver + 4518526\n   17  chromedriver                        0x0000000100e90908 chromedriver + 4835592\n   18  chromedriver                        0x0000000100e90a87 chromedriver + 4835975\n   19  chromedriver                        0x0000000100ea000f chromedriver + 4898831\n   20  libsystem_pthread.dylib             0x00007ff803d171d3 _pthread_start + 125\n   21  libsystem_pthread.dylib             0x00007ff803d12bd3 thread_start + 15\n       assert False\n", "test_name": "test_11_PutusanPengadilanFkr", "rerun": "0"}, "11": {"status": "FAIL", "message": "   selenium.common.exceptions.ElementNotInteractableException: Message: element not interactable\n     (Session info: chrome=112.0.5615.137)\n   Stacktrace:\n   0   chromedriver                        0x0000000100eaeae8 chromedriver + 4958952\n   1   chromedriver                        0x0000000100ea67b3 chromedriver + 4925363\n   2   chromedriver                        0x0000000100a68051 chromedriver + 475217\n   3   chromedriver                        0x0000000100aad2e8 chromedriver + 758504\n   4   chromedriver                        0x0000000100a9e283 chromedriver + 696963\n   5   chromedriver                        0x0000000100ad1c12 chromedriver + 908306\n   6   chromedriver                        0x0000000100a9d8f1 chromedriver + 694513\n   7   chromedriver                        0x0000000100ad1dce chromedriver + 908750\n   8   chromedriver                        0x0000000100aed25b chromedriver + 1020507\n   9   chromedriver                        0x0000000100ad19e3 chromedriver + 907747\n   10  chromedriver                        0x0000000100a9baef chromedriver + 686831\n   11  chromedriver                        0x0000000100a9d00e chromedriver + 692238\n   12  chromedriver                        0x0000000100e6a9ad chromedriver + 4680109\n   13  chromedriver                        0x0000000100e6fc12 chromedriver + 4701202\n   14  chromedriver                        0x0000000100e7679f chromedriver + 4728735\n   15  chromedriver                        0x0000000100e70b7a chromedriver + 4705146\n   16  chromedriver                        0x0000000100e4327e chromedriver + 4518526\n   17  chromedriver                        0x0000000100e90908 chromedriver + 4835592\n   18  chromedriver                        0x0000000100e90a87 chromedriver + 4835975\n   19  chromedriver                        0x0000000100ea000f chromedriver + 4898831\n   20  libsystem_pthread.dylib             0x00007ff803d171d3 _pthread_start + 125\n   21  libsystem_pthread.dylib             0x00007ff803d12bd3 thread_start + 15\n       assert False\n", "test_name": "test_12_KeteranganFkr", "rerun": "0"}, "12": {"status": "FAIL", "message": "   selenium.common.exceptions.NoSuchElementException: Message: no such element: Unable to locate element: {\"method\":\"css selector\",\"selector\":\"#submitButton > span\"}\n     (Session info: chrome=112.0.5615.137)\n   Stacktrace:\n   0   chromedriver                        0x0000000100eaeae8 chromedriver + 4958952\n   1   chromedriver                        0x0000000100ea67b3 chromedriver + 4925363\n   2   chromedriver                        0x0000000100a681d6 chromedriver + 475606\n   3   chromedriver                        0x0000000100aaba20 chromedriver + 752160\n   4   chromedriver                        0x0000000100aabc81 chromedriver + 752769\n   5   chromedriver                        0x0000000100aeff64 chromedriver + 1032036\n   6   chromedriver                        0x0000000100ad1c3d chromedriver + 908349\n   7   chromedriver                        0x0000000100aed25b chromedriver + 1020507\n   8   chromedriver                        0x0000000100ad19e3 chromedriver + 907747\n   9   chromedriver                        0x0000000100a9baef chromedriver + 686831\n   10  chromedriver                        0x0000000100a9d00e chromedriver + 692238\n   11  chromedriver                        0x0000000100e6a9ad chromedriver + 4680109\n   12  chromedriver                        0x0000000100e6fc12 chromedriver + 4701202\n   13  chromedriver                        0x0000000100e7679f chromedriver + 4728735\n   14  chromedriver                        0x0000000100e70b7a chromedriver + 4705146\n   15  chromedriver                        0x0000000100e4327e chromedriver + 4518526\n   16  chromedriver                        0x0000000100e90908 chromedriver + 4835592\n   17  chromedriver                        0x0000000100e90a87 chromedriver + 4835975\n   18  chromedriver                        0x0000000100ea000f chromedriver + 4898831\n   19  libsystem_pthread.dylib             0x00007ff803d171d3 _pthread_start + 125\n   20  libsystem_pthread.dylib             0x00007ff803d12bd3 thread_start + 15\n       assert False\n", "test_name": "test_13_ClickButtonSimpan", "rerun": "0"}}, "suite_name": "4LaporanBulanan/11.Laporan8A/Fungsional/test_Laporan8A.py"}}}, "date": "April 26, 2023", "start_time": 1682481113.858803, "total_suite": 1, "status": "FAIL", "status_list": {"pass": "3", "fail": "10", "skip": "0", "error": "0", "xpass": "0", "xfail": "0", "rerun": "0"}, "total_tests": "13"}