{"content": {"suites": {"0": {"status": {"total_pass": 11, "total_skip": 0, "total_xpass": 0, "total_xfail": 0, "total_rerun": 0, "total_fail": 3, "total_error": 0}, "tests": {"0": {"status": "PASS", "message": "", "test_name": "test_1_SetupOs", "rerun": "0"}, "1": {"status": "PASS", "message": "", "test_name": "test_2_Login", "rerun": "0"}, "2": {"status": "PASS", "message": "", "test_name": "test_3_AksesMenu", "rerun": "0"}, "3": {"status": "PASS", "message": "", "test_name": "test_4_ClickButtonTambah", "rerun": "0"}, "4": {"status": "FAIL", "message": "           TypeError: object of type 'NoneType' has no len()\n       assert False\n", "test_name": "test_5_NamaInput", "rerun": "0"}, "5": {"status": "FAIL", "message": "   selenium.common.exceptions.ElementClickInterceptedException: Message: element click intercepted: Element <textarea class=\"el-textarea__inner\" id=\"kronologis\" rows=\"3\" maxlength=\"255\" autocomplete=\"off\" placeholder=\"Masukkan Kronologis Kejadian\" style=\"min-height: 31px;\"></textarea> is not clickable at point (1007, 454). Other element would receive the click: <li class=\"el-select-dropdown__item\" id=\"pegawai1\">...</li>\n     (Session info: chrome=112.0.5615.137)\n   Stacktrace:\n   0   chromedriver                        0x0000000101010ae8 chromedriver + 4958952\n   1   chromedriver                        0x00000001010087b3 chromedriver + 4925363\n   2   chromedriver                        0x0000000100bca1d6 chromedriver + 475606\n   3   chromedriver                        0x0000000100c17321 chromedriver + 791329\n   4   chromedriver                        0x0000000100c1436e chromedriver + 779118\n   5   chromedriver                        0x0000000100c10fd4 chromedriver + 765908\n   6   chromedriver                        0x0000000100c0f9af chromedriver + 760239\n   7   chromedriver                        0x0000000100c00283 chromedriver + 696963\n   8   chromedriver                        0x0000000100c33c12 chromedriver + 908306\n   9   chromedriver                        0x0000000100bff8f1 chromedriver + 694513\n   10  chromedriver                        0x0000000100c33dce chromedriver + 908750\n   11  chromedriver                        0x0000000100c4f25b chromedriver + 1020507\n   12  chromedriver                        0x0000000100c339e3 chromedriver + 907747\n   13  chromedriver                        0x0000000100bfdaef chromedriver + 686831\n   14  chromedriver                        0x0000000100bff00e chromedriver + 692238\n   15  chromedriver                        0x0000000100fcc9ad chromedriver + 4680109\n   16  chromedriver                        0x0000000100fd1c12 chromedriver + 4701202\n   17  chromedriver                        0x0000000100fd879f chromedriver + 4728735\n   18  chromedriver                        0x0000000100fd2b7a chromedriver + 4705146\n   19  chromedriver                        0x0000000100fa527e chromedriver + 4518526\n   20  chromedriver                        0x0000000100ff2908 chromedriver + 4835592\n   21  chromedriver                        0x0000000100ff2a87 chromedriver + 4835975\n   22  chromedriver                        0x000000010100200f chromedriver + 4898831\n   23  libsystem_pthread.dylib             0x00007ff803d171d3 _pthread_start + 125\n   24  libsystem_pthread.dylib             0x00007ff803d12bd3 thread_start + 15\n       assert False\n", "test_name": "test_6_KronologisKejadianFkr", "rerun": "0"}, "6": {"status": "FAIL", "message": "   selenium.common.exceptions.ElementClickInterceptedException: Message: element click intercepted: Element <input class=\"el-input__inner\" id=\"tanggal\" name=\"\" type=\"text\" autocomplete=\"off\" placeholder=\"Pilih tanggal\"> is not clickable at point (1007, 524). Other element would receive the click: <li class=\"el-select-dropdown__item\" id=\"pegawai3\">...</li>\n     (Session info: chrome=112.0.5615.137)\n   Stacktrace:\n   0   chromedriver                        0x0000000101010ae8 chromedriver + 4958952\n   1   chromedriver                        0x00000001010087b3 chromedriver + 4925363\n   2   chromedriver                        0x0000000100bca1d6 chromedriver + 475606\n   3   chromedriver                        0x0000000100c17321 chromedriver + 791329\n   4   chromedriver                        0x0000000100c1436e chromedriver + 779118\n   5   chromedriver                        0x0000000100c10fd4 chromedriver + 765908\n   6   chromedriver                        0x0000000100c0f9af chromedriver + 760239\n   7   chromedriver                        0x0000000100c00283 chromedriver + 696963\n   8   chromedriver                        0x0000000100c33c12 chromedriver + 908306\n   9   chromedriver                        0x0000000100bff8f1 chromedriver + 694513\n   10  chromedriver                        0x0000000100c33dce chromedriver + 908750\n   11  chromedriver                        0x0000000100c4f25b chromedriver + 1020507\n   12  chromedriver                        0x0000000100c339e3 chromedriver + 907747\n   13  chromedriver                        0x0000000100bfdaef chromedriver + 686831\n   14  chromedriver                        0x0000000100bff00e chromedriver + 692238\n   15  chromedriver                        0x0000000100fcc9ad chromedriver + 4680109\n   16  chromedriver                        0x0000000100fd1c12 chromedriver + 4701202\n   17  chromedriver                        0x0000000100fd879f chromedriver + 4728735\n   18  chromedriver                        0x0000000100fd2b7a chromedriver + 4705146\n   19  chromedriver                        0x0000000100fa527e chromedriver + 4518526\n   20  chromedriver                        0x0000000100ff2908 chromedriver + 4835592\n   21  chromedriver                        0x0000000100ff2a87 chromedriver + 4835975\n   22  chromedriver                        0x000000010100200f chromedriver + 4898831\n   23  libsystem_pthread.dylib             0x00007ff803d171d3 _pthread_start + 125\n   24  libsystem_pthread.dylib             0x00007ff803d12bd3 thread_start + 15\n       assert False\n", "test_name": "test_7_TanggalPemberianBantuanHukumFkr", "rerun": "0"}, "7": {"status": "PASS", "message": "", "test_name": "test_8_MelanggarPeraturanPerundangundanganFkr", "rerun": "0"}, "8": {"status": "PASS", "message": "", "test_name": "test_9_PemberiBantuanHukumFkr", "rerun": "0"}, "9": {"status": "PASS", "message": "", "test_name": "test_10_PertimbanganHukumFkr", "rerun": "0"}, "10": {"status": "PASS", "message": "", "test_name": "test_11_PutusanPengadilanFkr", "rerun": "0"}, "11": {"status": "PASS", "message": "", "test_name": "test_12_KeteranganFkr", "rerun": "0"}, "12": {"status": "PASS", "message": "", "test_name": "test_13_ClickButtonSimpan", "rerun": "0"}, "13": {"status": "PASS", "message": "", "test_name": "test_28_exit", "rerun": "0"}}, "suite_name": "4LaporanBulanan/11.Laporan8A/Fungsional/test_Laporan8A.py"}}}, "date": "April 26, 2023", "start_time": 1682478083.1338382, "total_suite": 1, "status": "FAIL", "status_list": {"pass": "11", "fail": "3", "skip": "0", "error": "0", "xpass": "0", "xfail": "0", "rerun": "0"}, "total_tests": "14"}