{"content": {"suites": {"0": {"status": {"total_pass": 4, "total_skip": 0, "total_xpass": 0, "total_xfail": 0, "total_rerun": 0, "total_fail": 3, "total_error": 0}, "tests": {"0": {"status": "PASS", "message": "", "test_name": "test_1_setupOS_Search", "rerun": "0"}, "1": {"status": "PASS", "message": "", "test_name": "test_2_login_Search", "rerun": "0"}, "2": {"status": "PASS", "message": "", "test_name": "test_3_aksesmenu_Search", "rerun": "0"}, "3": {"status": "FAIL", "message": "   selenium.common.exceptions.TimeoutException: Message: \n   Stacktrace:\n   0   chromedriver                        0x00000001024d6a88 chromedriver + 4123272\n   1   chromedriver                        0x0000000102462778 chromedriver + 3647352\n   2   chromedriver                        0x0000000102124ac4 chromedriver + 248516\n   3   chromedriver                        0x000000010215af68 chromedriver + 470888\n   4   chromedriver                        0x000000010218d020 chromedriver + 675872\n   5   chromedriver                        0x000000010214eb10 chromedriver + 420624\n   6   chromedriver                        0x000000010214fc30 chromedriver + 425008\n   7   chromedriver                        0x00000001024a8ae4 chromedriver + 3934948\n   8   chromedriver                        0x00000001024abf24 chromedriver + 3948324\n   9   chromedriver                        0x00000001024ac508 chromedriver + 3949832\n   10  chromedriver                        0x00000001024b2b30 chromedriver + 3975984\n   11  chromedriver                        0x00000001024acb24 chromedriver + 3951396\n   12  chromedriver                        0x000000010248771c chromedriver + 3798812\n   13  chromedriver                        0x00000001024c92f0 chromedriver + 4068080\n   14  chromedriver                        0x00000001024c9444 chromedriver + 4068420\n   15  chromedriver                        0x00000001024dd450 chromedriver + 4150352\n   16  libsystem_pthread.dylib             0x000000019971e06c _pthread_start + 148\n   17  libsystem_pthread.dylib             0x0000000199718e2c thread_start + 8\n", "test_name": "test_4_membuka_halaman_tambah_index_Search", "rerun": "0"}, "4": {"status": "FAIL", "message": "   selenium.common.exceptions.NoSuchElementException: Message: no such element: Unable to locate element: {\"method\":\"xpath\",\"selector\":\"//*[@id=\"nama\"]\"}\n     (Session info: chrome=108.0.5359.71)\n   Stacktrace:\n   0   chromedriver                        0x00000001024d6a88 chromedriver + 4123272\n   1   chromedriver                        0x0000000102462778 chromedriver + 3647352\n   2   chromedriver                        0x0000000102124ac4 chromedriver + 248516\n   3   chromedriver                        0x000000010215af68 chromedriver + 470888\n   4   chromedriver                        0x000000010218d020 chromedriver + 675872\n   5   chromedriver                        0x000000010214eb10 chromedriver + 420624\n   6   chromedriver                        0x000000010214fc30 chromedriver + 425008\n   7   chromedriver                        0x00000001024a8ae4 chromedriver + 3934948\n   8   chromedriver                        0x00000001024abf24 chromedriver + 3948324\n   9   chromedriver                        0x00000001024ac508 chromedriver + 3949832\n   10  chromedriver                        0x00000001024b2b30 chromedriver + 3975984\n   11  chromedriver                        0x00000001024acb24 chromedriver + 3951396\n   12  chromedriver                        0x000000010248771c chromedriver + 3798812\n   13  chromedriver                        0x00000001024c92f0 chromedriver + 4068080\n   14  chromedriver                        0x00000001024c9444 chromedriver + 4068420\n   15  chromedriver                        0x00000001024dd450 chromedriver + 4150352\n   16  libsystem_pthread.dylib             0x000000019971e06c _pthread_start + 148\n   17  libsystem_pthread.dylib             0x0000000199718e2c thread_start + 8\n", "test_name": "test_5_search_data_kategori_nama_HalamanTambah", "rerun": "0"}, "5": {"status": "PASS", "message": "", "test_name": "test_6_ClickButton_Daftarkan_HalamanTambah", "rerun": "0"}, "6": {"status": "FAIL", "message": "   selenium.common.exceptions.TimeoutException: Message: \n   Stacktrace:\n   0   chromedriver                        0x00000001024d6a88 chromedriver + 4123272\n   1   chromedriver                        0x0000000102462778 chromedriver + 3647352\n   2   chromedriver                        0x0000000102124ac4 chromedriver + 248516\n   3   chromedriver                        0x000000010215af68 chromedriver + 470888\n   4   chromedriver                        0x000000010218d020 chromedriver + 675872\n   5   chromedriver                        0x000000010214eb10 chromedriver + 420624\n   6   chromedriver                        0x000000010214fc30 chromedriver + 425008\n   7   chromedriver                        0x00000001024a8ae4 chromedriver + 3934948\n   8   chromedriver                        0x00000001024abf24 chromedriver + 3948324\n   9   chromedriver                        0x00000001024ac508 chromedriver + 3949832\n   10  chromedriver                        0x00000001024b2b30 chromedriver + 3975984\n   11  chromedriver                        0x00000001024acb24 chromedriver + 3951396\n   12  chromedriver                        0x000000010248771c chromedriver + 3798812\n   13  chromedriver                        0x00000001024c92f0 chromedriver + 4068080\n   14  chromedriver                        0x00000001024c9444 chromedriver + 4068420\n   15  chromedriver                        0x00000001024dd450 chromedriver + 4150352\n   16  libsystem_pthread.dylib             0x000000019971e06c _pthread_start + 148\n   17  libsystem_pthread.dylib             0x0000000199718e2c thread_start + 8\n", "test_name": "test_7_InputNoSurat_HalamanTambah", "rerun": "0"}}, "suite_name": "test_3RegisterH_Tambah.py"}}}, "date": "December 06, 2022", "start_time": 1670311160.239968, "total_suite": 1, "status": "FAIL", "status_list": {"pass": "4", "fail": "3", "skip": "0", "error": "0", "xpass": "0", "xfail": "0", "rerun": "0"}, "total_tests": "7"}