{"content": {"suites": {"0": {"status": {"total_pass": 1, "total_skip": 0, "total_xpass": 0, "total_xfail": 0, "total_rerun": 0, "total_fail": 4, "total_error": 0}, "tests": {"0": {"status": "PASS", "message": "", "test_name": "test_1_setupOS", "rerun": "0"}, "1": {"status": "FAIL", "message": "   selenium.common.exceptions.NoSuchElementException: Message: no such element: Unable to locate element: {\"method\":\"xpath\",\"selector\":\"//div/span\"}\n     (Session info: chrome=107.0.5304.87)\n   Stacktrace:\n   0   chromedriver                        0x00000001047caa88 chromedriver + 4123272\n   1   chromedriver                        0x0000000104756778 chromedriver + 3647352\n   2   chromedriver                        0x0000000104418ac4 chromedriver + 248516\n   3   chromedriver                        0x000000010444ef68 chromedriver + 470888\n   4   chromedriver                        0x0000000104481020 chromedriver + 675872\n   5   chromedriver                        0x0000000104442b10 chromedriver + 420624\n   6   chromedriver                        0x0000000104443c30 chromedriver + 425008\n   7   chromedriver                        0x000000010479cae4 chromedriver + 3934948\n   8   chromedriver                        0x000000010479ff24 chromedriver + 3948324\n   9   chromedriver                        0x00000001047a0508 chromedriver + 3949832\n   10  chromedriver                        0x00000001047a6b30 chromedriver + 3975984\n   11  chromedriver                        0x00000001047a0b24 chromedriver + 3951396\n   12  chromedriver                        0x000000010477b71c chromedriver + 3798812\n   13  chromedriver                        0x00000001047bd2f0 chromedriver + 4068080\n   14  chromedriver                        0x00000001047bd444 chromedriver + 4068420\n   15  chromedriver                        0x00000001047d1450 chromedriver + 4150352\n   16  libsystem_pthread.dylib             0x000000019d64a06c _pthread_start + 148\n   17  libsystem_pthread.dylib             0x000000019d644e2c thread_start + 8\n", "test_name": "test_2_login", "rerun": "0"}, "2": {"status": "FAIL", "message": "       AttributeError: move_to requires a WebElement\n", "test_name": "test_3_aksesmenu_index", "rerun": "0"}, "3": {"status": "FAIL", "message": "   selenium.common.exceptions.NoSuchWindowException: Message: no such window: target window already closed\n   from unknown error: web view not found\n     (Session info: chrome=107.0.5304.87)\n   Stacktrace:\n   0   chromedriver                        0x00000001047caa88 chromedriver + 4123272\n   1   chromedriver                        0x0000000104756778 chromedriver + 3647352\n   2   chromedriver                        0x0000000104418ac4 chromedriver + 248516\n   3   chromedriver                        0x00000001043f8304 chromedriver + 115460\n   4   chromedriver                        0x000000010446ee64 chromedriver + 601700\n   5   chromedriver                        0x0000000104480744 chromedriver + 673604\n   6   chromedriver                        0x0000000104442b10 chromedriver + 420624\n   7   chromedriver                        0x0000000104443c30 chromedriver + 425008\n   8   chromedriver                        0x000000010479cae4 chromedriver + 3934948\n   9   chromedriver                        0x000000010479ff24 chromedriver + 3948324\n   10  chromedriver                        0x00000001047a0508 chromedriver + 3949832\n   11  chromedriver                        0x00000001047a6b30 chromedriver + 3975984\n   12  chromedriver                        0x00000001047a0b24 chromedriver + 3951396\n   13  chromedriver                        0x000000010477b71c chromedriver + 3798812\n   14  chromedriver                        0x00000001047bd2f0 chromedriver + 4068080\n   15  chromedriver                        0x00000001047bd444 chromedriver + 4068420\n   16  chromedriver                        0x00000001047d1450 chromedriver + 4150352\n   17  libsystem_pthread.dylib             0x000000019d64a06c _pthread_start + 148\n   18  libsystem_pthread.dylib             0x000000019d644e2c thread_start + 8\n", "test_name": "test_4_search_data_kategori_nama_Index", "rerun": "0"}, "4": {"status": "FAIL", "message": "   selenium.common.exceptions.NoSuchWindowException: Message: no such window: target window already closed\n   from unknown error: web view not found\n     (Session info: chrome=107.0.5304.87)\n   Stacktrace:\n   0   chromedriver                        0x00000001047caa88 chromedriver + 4123272\n   1   chromedriver                        0x0000000104756778 chromedriver + 3647352\n   2   chromedriver                        0x0000000104418ac4 chromedriver + 248516\n   3   chromedriver                        0x00000001043f8304 chromedriver + 115460\n   4   chromedriver                        0x000000010446ee64 chromedriver + 601700\n   5   chromedriver                        0x0000000104480744 chromedriver + 673604\n   6   chromedriver                        0x0000000104442b10 chromedriver + 420624\n   7   chromedriver                        0x0000000104443c30 chromedriver + 425008\n   8   chromedriver                        0x000000010479cae4 chromedriver + 3934948\n   9   chromedriver                        0x000000010479ff24 chromedriver + 3948324\n   10  chromedriver                        0x00000001047a0508 chromedriver + 3949832\n   11  chromedriver                        0x00000001047a6b30 chromedriver + 3975984\n   12  chromedriver                        0x00000001047a0b24 chromedriver + 3951396\n   13  chromedriver                        0x000000010477b71c chromedriver + 3798812\n   14  chromedriver                        0x00000001047bd2f0 chromedriver + 4068080\n   15  chromedriver                        0x00000001047bd444 chromedriver + 4068420\n   16  chromedriver                        0x00000001047d1450 chromedriver + 4150352\n   17  libsystem_pthread.dylib             0x000000019d64a06c _pthread_start + 148\n   18  libsystem_pthread.dylib             0x000000019d644e2c thread_start + 8\n", "test_name": "test_4_search_data_kategori_noSurat_Index", "rerun": "0"}}, "suite_name": "test_1RegisterH_Index.py"}}}, "date": "November 15, 2022", "start_time": 1668482421.700742, "total_suite": 1, "status": "FAIL", "status_list": {"pass": "1", "fail": "4", "skip": "0", "error": "0", "xpass": "0", "xfail": "0", "rerun": "0"}, "total_tests": "5"}