{"content": {"suites": {"0": {"status": {"total_pass": 13, "total_skip": 0, "total_xpass": 0, "total_xfail": 0, "total_rerun": 0, "total_fail": 0, "total_error": 0}, "tests": {"0": {"status": "PASS", "message": "", "test_name": "test_1_setupOS", "rerun": "0"}, "1": {"status": "PASS", "message": "", "test_name": "test_2_login", "rerun": "0"}, "2": {"status": "PASS", "message": "", "test_name": "test_3_akses_menu_index", "rerun": "0"}, "3": {"status": "PASS", "message": "", "test_name": "test_4_sortir_5_Halaman_Index", "rerun": "0"}, "4": {"status": "PASS", "message": "", "test_name": "test_5_sortir_10_Halaman_Index", "rerun": "0"}, "5": {"status": "PASS", "message": "", "test_name": "test_6_sortir_20_Halaman_Index", "rerun": "0"}, "6": {"status": "PASS", "message": "", "test_name": "test_7_sortir_50_Halaman_Index", "rerun": "0"}, "7": {"status": "PASS", "message": "", "test_name": "test_8_sortir_100_Halaman_Index", "rerun": "0"}, "8": {"status": "PASS", "message": "", "test_name": "test_4_sortir_table_cari_Semua_Portir", "rerun": "0"}, "9": {"status": "PASS", "message": "", "test_name": "test_6_search_data_kategori_NoInduk_Index", "rerun": "0"}, "10": {"status": "PASS", "message": "", "test_name": "test_7_SearchDataKategori_NoSuratPenetapan_Index", "rerun": "0"}, "11": {"status": "PASS", "message": "", "test_name": "test_8_SearchDataStatus_MasukPortir_Index", "rerun": "0"}, "12": {"status": "PASS", "message": "", "test_name": "test_9_SearchDataStatus_KeluarKeamanan_Index", "rerun": "0"}}, "suite_name": "test_1SearchData_IndexPortir.py"}, "1": {"suite_name": "test_2Portir_KeluarKeamanan.py", "tests": {"0": {"status": "PASS", "message": "", "test_name": "test_1_setupOS_KeluarKeamanan", "rerun": "0"}, "1": {"status": "PASS", "message": "", "test_name": "test_2_login_KeluarKeamanan", "rerun": "0"}, "2": {"status": "PASS", "message": "", "test_name": "test_3_akses_menu_KeluarKeamanan", "rerun": "0"}, "3": {"status": "PASS", "message": "", "test_name": "test_4_sortir_table_cari_nama_KeluarKeamanan", "rerun": "0"}, "4": {"status": "PASS", "message": "", "test_name": "test_6_Click_Button_Detile_KeluarKeamanan", "rerun": "0"}, "5": {"status": "FAIL", "message": "   selenium.common.exceptions.ElementClickInterceptedException: Message: element click intercepted: Element <span class=\"\">...</span> is not clickable at point (1307, 769). Other element would receive the click: <div class=\"flex justify-between mt-10 items-center\">...</div>\n     (Session info: chrome=107.0.5304.87)\n   Stacktrace:\n   0   chromedriver                        0x000000010469aa88 chromedriver + 4123272\n   1   chromedriver                        0x0000000104626778 chromedriver + 3647352\n   2   chromedriver                        0x00000001042e8ac4 chromedriver + 248516\n   3   chromedriver                        0x00000001043258a8 chromedriver + 497832\n   4   chromedriver                        0x0000000104323874 chromedriver + 489588\n   5   chromedriver                        0x00000001043214e8 chromedriver + 480488\n   6   chromedriver                        0x00000001043204dc chromedriver + 476380\n   7   chromedriver                        0x0000000104314a00 chromedriver + 428544\n   8   chromedriver                        0x0000000104314260 chromedriver + 426592\n   9   chromedriver                        0x0000000104351020 chromedriver + 675872\n   10  chromedriver                        0x0000000104312b10 chromedriver + 420624\n   11  chromedriver                        0x0000000104313c30 chromedriver + 425008\n   12  chromedriver                        0x000000010466cae4 chromedriver + 3934948\n   13  chromedriver                        0x000000010466ff24 chromedriver + 3948324\n   14  chromedriver                        0x0000000104670508 chromedriver + 3949832\n   15  chromedriver                        0x0000000104676b30 chromedriver + 3975984\n   16  chromedriver                        0x0000000104670b24 chromedriver + 3951396\n   17  chromedriver                        0x000000010464b71c chromedriver + 3798812\n   18  chromedriver                        0x000000010468d2f0 chromedriver + 4068080\n   19  chromedriver                        0x000000010468d444 chromedriver + 4068420\n   20  chromedriver                        0x00000001046a1450 chromedriver + 4150352\n   21  libsystem_pthread.dylib             0x00000001b442606c _pthread_start + 148\n   22  libsystem_pthread.dylib             0x00000001b4420e2c thread_start + 8\n", "test_name": "test_7_KonfirmasiKeluar_KeluarKeamanan", "rerun": "0"}}, "status": {"total_pass": 5, "total_skip": 0, "total_xpass": 0, "total_xfail": 0, "total_rerun": 0, "total_fail": 1, "total_error": 0}}, "2": {"suite_name": "test_3Portir_KeluarPortir.py", "tests": {"0": {"status": "PASS", "message": "", "test_name": "test_1_setupOS_KeluarPortir", "rerun": "0"}, "1": {"status": "PASS", "message": "", "test_name": "test_2_login_KeluarPortir", "rerun": "0"}, "2": {"status": "PASS", "message": "", "test_name": "test_3_akses_menu_KeluarPortir", "rerun": "0"}, "3": {"status": "PASS", "message": "", "test_name": "test_4_sortir_table_cari_nama_KeluarPortir", "rerun": "0"}, "4": {"status": "FAIL", "message": "   selenium.common.exceptions.TimeoutException: Message:\n", "test_name": "test_6_Click_Button_Detile_KeluarPortir", "rerun": "0"}, "5": {"status": "FAIL", "message": "   selenium.common.exceptions.TimeoutException: Message: \n   Stacktrace:\n   0   chromedriver                        0x0000000102726a88 chromedriver + 4123272\n   1   chromedriver                        0x00000001026b2778 chromedriver + 3647352\n   2   chromedriver                        0x0000000102374ac4 chromedriver + 248516\n   3   chromedriver                        0x00000001023aaf68 chromedriver + 470888\n   4   chromedriver                        0x00000001023dd020 chromedriver + 675872\n   5   chromedriver                        0x000000010239eb10 chromedriver + 420624\n   6   chromedriver                        0x000000010239fc30 chromedriver + 425008\n   7   chromedriver                        0x00000001026f8ae4 chromedriver + 3934948\n   8   chromedriver                        0x00000001026fbf24 chromedriver + 3948324\n   9   chromedriver                        0x00000001026fc508 chromedriver + 3949832\n   10  chromedriver                        0x0000000102702b30 chromedriver + 3975984\n   11  chromedriver                        0x00000001026fcb24 chromedriver + 3951396\n   12  chromedriver                        0x00000001026d771c chromedriver + 3798812\n   13  chromedriver                        0x00000001027192f0 chromedriver + 4068080\n   14  chromedriver                        0x0000000102719444 chromedriver + 4068420\n   15  chromedriver                        0x000000010272d450 chromedriver + 4150352\n   16  libsystem_pthread.dylib             0x00000001b442606c _pthread_start + 148\n   17  libsystem_pthread.dylib             0x00000001b4420e2c thread_start + 8\n", "test_name": "test_7_KonfirmasiKeluar_KeluarPortir", "rerun": "0"}}, "status": {"total_pass": 4, "total_skip": 0, "total_xpass": 0, "total_xfail": 0, "total_rerun": 0, "total_fail": 2, "total_error": 0}}}}, "date": "November 14, 2022", "start_time": 1668420371.3421361, "total_suite": 3, "status": "FAIL", "status_list": {"pass": "22", "fail": "3", "skip": "0", "error": "0", "xpass": "0", "xfail": "0", "rerun": "0"}, "total_tests": "25"}