{"content": {"suites": {"0": {"status": {"total_pass": 6, "total_skip": 0, "total_xpass": 0, "total_xfail": 0, "total_rerun": 0, "total_fail": 2, "total_error": 0}, "tests": {"0": {"status": "PASS", "message": "", "test_name": "test_1_setupOS", "rerun": "0"}, "1": {"status": "PASS", "message": "", "test_name": "test_2_login", "rerun": "0"}, "2": {"status": "PASS", "message": "", "test_name": "test_3_akses_menu_index", "rerun": "0"}, "3": {"status": "PASS", "message": "", "test_name": "test_4_sortir_table_cari_nama_Portir", "rerun": "0"}, "4": {"status": "FAIL", "message": "   selenium.common.exceptions.ElementClickInterceptedException: Message: element click intercepted: Element <button class=\"el-button is-loading\" type=\"submit\" id=\"searchButton\" disabled=\"\">...</button> is not clickable at point (527, 339). Other element would receive the click: <div class=\"flex items-center justify-start gap-10px\">...</div>\n     (Session info: chrome=107.0.5304.87)\n   Stacktrace:\n   0   chromedriver                        0x0000000104aeea88 chromedriver + 4123272\n   1   chromedriver                        0x0000000104a7a778 chromedriver + 3647352\n   2   chromedriver                        0x000000010473cac4 chromedriver + 248516\n   3   chromedriver                        0x00000001047798a8 chromedriver + 497832\n   4   chromedriver                        0x0000000104777874 chromedriver + 489588\n   5   chromedriver                        0x00000001047754e8 chromedriver + 480488\n   6   chromedriver                        0x00000001047744dc chromedriver + 476380\n   7   chromedriver                        0x0000000104768a00 chromedriver + 428544\n   8   chromedriver                        0x0000000104768260 chromedriver + 426592\n   9   chromedriver                        0x00000001047a5020 chromedriver + 675872\n   10  chromedriver                        0x0000000104766b10 chromedriver + 420624\n   11  chromedriver                        0x0000000104767c30 chromedriver + 425008\n   12  chromedriver                        0x0000000104ac0ae4 chromedriver + 3934948\n   13  chromedriver                        0x0000000104ac3f24 chromedriver + 3948324\n   14  chromedriver                        0x0000000104ac4508 chromedriver + 3949832\n   15  chromedriver                        0x0000000104acab30 chromedriver + 3975984\n   16  chromedriver                        0x0000000104ac4b24 chromedriver + 3951396\n   17  chromedriver                        0x0000000104a9f71c chromedriver + 3798812\n   18  chromedriver                        0x0000000104ae12f0 chromedriver + 4068080\n   19  chromedriver                        0x0000000104ae1444 chromedriver + 4068420\n   20  chromedriver                        0x0000000104af5450 chromedriver + 4150352\n   21  libsystem_pthread.dylib             0x00000001b173606c _pthread_start + 148\n   22  libsystem_pthread.dylib             0x00000001b1730e2c thread_start + 8\n", "test_name": "test_4_sortir_table_cari_Semua_Portir", "rerun": "0"}, "5": {"status": "PASS", "message": "", "test_name": "test_5_search_data_kategori_NoInduk_Index", "rerun": "0"}, "6": {"status": "PASS", "message": "", "test_name": "test_5_SearchDataKategori_NoSuratPenetapan_Index", "rerun": "0"}, "7": {"status": "FAIL", "message": "   selenium.common.exceptions.NoSuchElementException: Message: no such element: Unable to locate element: {\"method\":\"xpath\",\"selector\":\"//li[contains(.,'//*[@id=\"el-popper-container-4924\"]/div[8]/div/div/div[1]/ul/li[5]')]\"}\n     (Session info: chrome=107.0.5304.87)\n   Stacktrace:\n   0   chromedriver                        0x0000000104aeea88 chromedriver + 4123272\n   1   chromedriver                        0x0000000104a7a778 chromedriver + 3647352\n   2   chromedriver                        0x000000010473cac4 chromedriver + 248516\n   3   chromedriver                        0x0000000104772f68 chromedriver + 470888\n   4   chromedriver                        0x00000001047a5020 chromedriver + 675872\n   5   chromedriver                        0x0000000104766b10 chromedriver + 420624\n   6   chromedriver                        0x0000000104767c30 chromedriver + 425008\n   7   chromedriver                        0x0000000104ac0ae4 chromedriver + 3934948\n   8   chromedriver                        0x0000000104ac3f24 chromedriver + 3948324\n   9   chromedriver                        0x0000000104ac4508 chromedriver + 3949832\n   10  chromedriver                        0x0000000104acab30 chromedriver + 3975984\n   11  chromedriver                        0x0000000104ac4b24 chromedriver + 3951396\n   12  chromedriver                        0x0000000104a9f71c chromedriver + 3798812\n   13  chromedriver                        0x0000000104ae12f0 chromedriver + 4068080\n   14  chromedriver                        0x0000000104ae1444 chromedriver + 4068420\n   15  chromedriver                        0x0000000104af5450 chromedriver + 4150352\n   16  libsystem_pthread.dylib             0x00000001b173606c _pthread_start + 148\n   17  libsystem_pthread.dylib             0x00000001b1730e2c thread_start + 8\n", "test_name": "test_6_SearchDataKategori_Pendaftar_Index", "rerun": "0"}}, "suite_name": "test_1SearchData_IndexPortir.py"}}}, "date": "November 10, 2022", "start_time": 1668070820.321744, "total_suite": 1, "status": "FAIL", "status_list": {"pass": "6", "fail": "2", "skip": "0", "error": "0", "xpass": "0", "xfail": "0", "rerun": "0"}, "total_tests": "8"}