{"content": {"suites": {"0": {"status": {"total_pass": 2, "total_skip": 0, "total_xpass": 0, "total_xfail": 0, "total_rerun": 0, "total_fail": 3, "total_error": 0}, "tests": {"0": {"status": "FAIL", "message": "   selenium.common.exceptions.ElementNotInteractableException: Message: element not interactable: [object HTMLDivElement] has no size and location\n     (Session info: chrome=108.0.5359.124)\n   Stacktrace:\n   0   chromedriver                        0x0000000105106a88 chromedriver + 4123272\n   1   chromedriver                        0x0000000105092778 chromedriver + 3647352\n   2   chromedriver                        0x0000000104d54ac4 chromedriver + 248516\n   3   chromedriver                        0x0000000104d57c80 chromedriver + 261248\n   4   chromedriver                        0x0000000104d57aa4 chromedriver + 260772\n   5   chromedriver                        0x0000000104d57d4c chromedriver + 261452\n   6   chromedriver                        0x0000000104d90c44 chromedriver + 494660\n   7   chromedriver                        0x0000000104d90348 chromedriver + 492360\n   8   chromedriver                        0x0000000104dc52f0 chromedriver + 709360\n   9   chromedriver                        0x0000000104dbd020 chromedriver + 675872\n   10  chromedriver                        0x0000000104d7eb10 chromedriver + 420624\n   11  chromedriver                        0x0000000104d7fc30 chromedriver + 425008\n   12  chromedriver                        0x00000001050d8ae4 chromedriver + 3934948\n   13  chromedriver                        0x00000001050dbf24 chromedriver + 3948324\n   14  chromedriver                        0x00000001050dc508 chromedriver + 3949832\n   15  chromedriver                        0x00000001050e2b30 chromedriver + 3975984\n   16  chromedriver                        0x00000001050dcb24 chromedriver + 3951396\n   17  chromedriver                        0x00000001050b771c chromedriver + 3798812\n   18  chromedriver                        0x00000001050f92f0 chromedriver + 4068080\n   19  chromedriver                        0x00000001050f9444 chromedriver + 4068420\n   20  chromedriver                        0x000000010510d450 chromedriver + 4150352\n   21  libsystem_pthread.dylib             0x00000001ad99106c _pthread_start + 148\n   22  libsystem_pthread.dylib             0x00000001ad98be2c thread_start + 8\n", "test_name": "test_MBK_001", "rerun": "0"}, "1": {"status": "FAIL", "message": "   selenium.common.exceptions.TimeoutException: Message: \n   Stacktrace:\n   0   chromedriver                        0x0000000105106a88 chromedriver + 4123272\n   1   chromedriver                        0x0000000105092778 chromedriver + 3647352\n   2   chromedriver                        0x0000000104d54ac4 chromedriver + 248516\n   3   chromedriver                        0x0000000104d8af68 chromedriver + 470888\n   4   chromedriver                        0x0000000104dbd020 chromedriver + 675872\n   5   chromedriver                        0x0000000104d7eb10 chromedriver + 420624\n   6   chromedriver                        0x0000000104d7fc30 chromedriver + 425008\n   7   chromedriver                        0x00000001050d8ae4 chromedriver + 3934948\n   8   chromedriver                        0x00000001050dbf24 chromedriver + 3948324\n   9   chromedriver                        0x00000001050dc508 chromedriver + 3949832\n   10  chromedriver                        0x00000001050e2b30 chromedriver + 3975984\n   11  chromedriver                        0x00000001050dcb24 chromedriver + 3951396\n   12  chromedriver                        0x00000001050b771c chromedriver + 3798812\n   13  chromedriver                        0x00000001050f92f0 chromedriver + 4068080\n   14  chromedriver                        0x00000001050f9444 chromedriver + 4068420\n   15  chromedriver                        0x000000010510d450 chromedriver + 4150352\n   16  libsystem_pthread.dylib             0x00000001ad99106c _pthread_start + 148\n   17  libsystem_pthread.dylib             0x00000001ad98be2c thread_start + 8\n", "test_name": "test_MBK_002", "rerun": "0"}, "2": {"status": "FAIL", "message": "   selenium.common.exceptions.NoSuchElementException: Message: no such element: Unable to locate element: {\"method\":\"css selector\",\"selector\":\"[id=\"statusKapasitasForm\"]\"}\n     (Session info: chrome=108.0.5359.124)\n   Stacktrace:\n   0   chromedriver                        0x0000000105106a88 chromedriver + 4123272\n   1   chromedriver                        0x0000000105092778 chromedriver + 3647352\n   2   chromedriver                        0x0000000104d54ac4 chromedriver + 248516\n   3   chromedriver                        0x0000000104d8af68 chromedriver + 470888\n   4   chromedriver                        0x0000000104dbd020 chromedriver + 675872\n   5   chromedriver                        0x0000000104d7eb10 chromedriver + 420624\n   6   chromedriver                        0x0000000104d7fc30 chromedriver + 425008\n   7   chromedriver                        0x00000001050d8ae4 chromedriver + 3934948\n   8   chromedriver                        0x00000001050dbf24 chromedriver + 3948324\n   9   chromedriver                        0x00000001050dc508 chromedriver + 3949832\n   10  chromedriver                        0x00000001050e2b30 chromedriver + 3975984\n   11  chromedriver                        0x00000001050dcb24 chromedriver + 3951396\n   12  chromedriver                        0x00000001050b771c chromedriver + 3798812\n   13  chromedriver                        0x00000001050f92f0 chromedriver + 4068080\n   14  chromedriver                        0x00000001050f9444 chromedriver + 4068420\n   15  chromedriver                        0x000000010510d450 chromedriver + 4150352\n   16  libsystem_pthread.dylib             0x00000001ad99106c _pthread_start + 148\n   17  libsystem_pthread.dylib             0x00000001ad98be2c thread_start + 8\n", "test_name": "test_MBK_003", "rerun": "0"}, "3": {"status": "PASS", "message": "", "test_name": "test_MBK_004", "rerun": "0"}, "4": {"status": "PASS", "message": "", "test_name": "test_MBK_005", "rerun": "0"}}, "suite_name": "test_ManajemenBlokDanKamarUAT.py"}}}, "date": "January 01, 2023", "start_time": 1672576561.242933, "total_suite": 1, "status": "FAIL", "status_list": {"pass": "2", "fail": "3", "skip": "0", "error": "0", "xpass": "0", "xfail": "0", "rerun": "0"}, "total_tests": "5"}