{"content": {"suites": {"0": {"status": {"total_pass": 2, "total_skip": 0, "total_xpass": 0, "total_xfail": 0, "total_rerun": 0, "total_fail": 4, "total_error": 0}, "tests": {"0": {"status": "FAIL", "message": "   KeyError: 'MainText'\n", "test_name": "test_MBK_001", "rerun": "0"}, "1": {"status": "FAIL", "message": "   selenium.common.exceptions.NoSuchWindowException: Message: no such window: target window already closed\n   from unknown error: web view not found\n     (Session info: chrome=108.0.5359.124)\n   Stacktrace:\n   0   chromedriver                        0x000000010109ea88 chromedriver + 4123272\n   1   chromedriver                        0x000000010102a778 chromedriver + 3647352\n   2   chromedriver                        0x0000000100cecac4 chromedriver + 248516\n   3   chromedriver                        0x0000000100ccc304 chromedriver + 115460\n   4   chromedriver                        0x0000000100d42e64 chromedriver + 601700\n   5   chromedriver                        0x0000000100d54744 chromedriver + 673604\n   6   chromedriver                        0x0000000100d16b10 chromedriver + 420624\n   7   chromedriver                        0x0000000100d17c30 chromedriver + 425008\n   8   chromedriver                        0x0000000101070ae4 chromedriver + 3934948\n   9   chromedriver                        0x0000000101073f24 chromedriver + 3948324\n   10  chromedriver                        0x0000000101074508 chromedriver + 3949832\n   11  chromedriver                        0x000000010107ab30 chromedriver + 3975984\n   12  chromedriver                        0x0000000101074b24 chromedriver + 3951396\n   13  chromedriver                        0x000000010104f71c chromedriver + 3798812\n   14  chromedriver                        0x00000001010912f0 chromedriver + 4068080\n   15  chromedriver                        0x0000000101091444 chromedriver + 4068420\n   16  chromedriver                        0x00000001010a5450 chromedriver + 4150352\n   17  libsystem_pthread.dylib             0x00000001ad99106c _pthread_start + 148\n   18  libsystem_pthread.dylib             0x00000001ad98be2c thread_start + 8\n", "test_name": "test_MBK_002", "rerun": "0"}, "2": {"status": "FAIL", "message": "   selenium.common.exceptions.NoSuchWindowException: Message: no such window: target window already closed\n   from unknown error: web view not found\n     (Session info: chrome=108.0.5359.124)\n   Stacktrace:\n   0   chromedriver                        0x000000010109ea88 chromedriver + 4123272\n   1   chromedriver                        0x000000010102a778 chromedriver + 3647352\n   2   chromedriver                        0x0000000100cecac4 chromedriver + 248516\n   3   chromedriver                        0x0000000100ccc304 chromedriver + 115460\n   4   chromedriver                        0x0000000100d42e64 chromedriver + 601700\n   5   chromedriver                        0x0000000100d54744 chromedriver + 673604\n   6   chromedriver                        0x0000000100d16b10 chromedriver + 420624\n   7   chromedriver                        0x0000000100d17c30 chromedriver + 425008\n   8   chromedriver                        0x0000000101070ae4 chromedriver + 3934948\n   9   chromedriver                        0x0000000101073f24 chromedriver + 3948324\n   10  chromedriver                        0x0000000101074508 chromedriver + 3949832\n   11  chromedriver                        0x000000010107ab30 chromedriver + 3975984\n   12  chromedriver                        0x0000000101074b24 chromedriver + 3951396\n   13  chromedriver                        0x000000010104f71c chromedriver + 3798812\n   14  chromedriver                        0x00000001010912f0 chromedriver + 4068080\n   15  chromedriver                        0x0000000101091444 chromedriver + 4068420\n   16  chromedriver                        0x00000001010a5450 chromedriver + 4150352\n   17  libsystem_pthread.dylib             0x00000001ad99106c _pthread_start + 148\n   18  libsystem_pthread.dylib             0x00000001ad98be2c thread_start + 8\n", "test_name": "test_MBK_003", "rerun": "0"}, "3": {"status": "PASS", "message": "", "test_name": "test_MBK_004", "rerun": "0"}, "4": {"status": "PASS", "message": "", "test_name": "test_MBK_005", "rerun": "0"}, "5": {"status": "FAIL", "message": "   selenium.common.exceptions.NoSuchWindowException: Message: no such window: target window already closed\n   from unknown error: web view not found\n     (Session info: chrome=108.0.5359.124)\n   Stacktrace:\n   0   chromedriver                        0x000000010109ea88 chromedriver + 4123272\n   1   chromedriver                        0x000000010102a778 chromedriver + 3647352\n   2   chromedriver                        0x0000000100cecac4 chromedriver + 248516\n   3   chromedriver                        0x0000000100ccc304 chromedriver + 115460\n   4   chromedriver                        0x0000000100d42e64 chromedriver + 601700\n   5   chromedriver                        0x0000000100d54744 chromedriver + 673604\n   6   chromedriver                        0x0000000100d16b10 chromedriver + 420624\n   7   chromedriver                        0x0000000100d17c30 chromedriver + 425008\n   8   chromedriver                        0x0000000101070ae4 chromedriver + 3934948\n   9   chromedriver                        0x0000000101073f24 chromedriver + 3948324\n   10  chromedriver                        0x0000000101074508 chromedriver + 3949832\n   11  chromedriver                        0x000000010107ab30 chromedriver + 3975984\n   12  chromedriver                        0x0000000101074b24 chromedriver + 3951396\n   13  chromedriver                        0x000000010104f71c chromedriver + 3798812\n   14  chromedriver                        0x00000001010912f0 chromedriver + 4068080\n   15  chromedriver                        0x0000000101091444 chromedriver + 4068420\n   16  chromedriver                        0x00000001010a5450 chromedriver + 4150352\n   17  libsystem_pthread.dylib             0x00000001ad99106c _pthread_start + 148\n   18  libsystem_pthread.dylib             0x00000001ad98be2c thread_start + 8\n", "test_name": "test_MBK_006", "rerun": "0"}}, "suite_name": "test_ManajemenBlokDanKamarUAT.py"}}}, "date": "January 01, 2023", "start_time": 1672578319.0431948, "total_suite": 1, "status": "FAIL", "status_list": {"pass": "2", "fail": "4", "skip": "0", "error": "0", "xpass": "0", "xfail": "0", "rerun": "0"}, "total_tests": "6"}