{"content": {"suites": {"0": {"status": {"total_pass": 1, "total_skip": 0, "total_xpass": 0, "total_xfail": 0, "total_rerun": 0, "total_fail": 2, "total_error": 0}, "tests": {"0": {"status": "PASS", "message": "", "test_name": "test_1_setupOS_Search", "rerun": "0"}, "1": {"status": "FAIL", "message": "   selenium.common.exceptions.NoSuchWindowException: Message: no such window: target window already closed\n   from unknown error: web view not found\n     (Session info: chrome=108.0.5359.71)\n   Stacktrace:\n   0   chromedriver                        0x0000000105052a88 chromedriver + 4123272\n   1   chromedriver                        0x0000000104fde778 chromedriver + 3647352\n   2   chromedriver                        0x0000000104ca0ac4 chromedriver + 248516\n   3   chromedriver                        0x0000000104c80304 chromedriver + 115460\n   4   chromedriver                        0x0000000104cf6e64 chromedriver + 601700\n   5   chromedriver                        0x0000000104d08744 chromedriver + 673604\n   6   chromedriver                        0x0000000104ccab10 chromedriver + 420624\n   7   chromedriver                        0x0000000104ccbc30 chromedriver + 425008\n   8   chromedriver                        0x0000000105024ae4 chromedriver + 3934948\n   9   chromedriver                        0x0000000105027f24 chromedriver + 3948324\n   10  chromedriver                        0x0000000105028508 chromedriver + 3949832\n   11  chromedriver                        0x000000010502eb30 chromedriver + 3975984\n   12  chromedriver                        0x0000000105028b24 chromedriver + 3951396\n   13  chromedriver                        0x000000010500371c chromedriver + 3798812\n   14  chromedriver                        0x00000001050452f0 chromedriver + 4068080\n   15  chromedriver                        0x0000000105045444 chromedriver + 4068420\n   16  chromedriver                        0x0000000105059450 chromedriver + 4150352\n   17  libsystem_pthread.dylib             0x000000019ff0e06c _pthread_start + 148\n   18  libsystem_pthread.dylib             0x000000019ff08e2c thread_start + 8\n", "test_name": "test_2_login_Search", "rerun": "0"}, "2": {"status": "FAIL", "message": "   selenium.common.exceptions.NoSuchWindowException: Message: no such window: target window already closed\n   from unknown error: web view not found\n     (Session info: chrome=108.0.5359.71)\n   Stacktrace:\n   0   chromedriver                        0x0000000105052a88 chromedriver + 4123272\n   1   chromedriver                        0x0000000104fde778 chromedriver + 3647352\n   2   chromedriver                        0x0000000104ca0ac4 chromedriver + 248516\n   3   chromedriver                        0x0000000104c80304 chromedriver + 115460\n   4   chromedriver                        0x0000000104cf6e64 chromedriver + 601700\n   5   chromedriver                        0x0000000104d08744 chromedriver + 673604\n   6   chromedriver                        0x0000000104ccab10 chromedriver + 420624\n   7   chromedriver                        0x0000000104ccbc30 chromedriver + 425008\n   8   chromedriver                        0x0000000105024ae4 chromedriver + 3934948\n   9   chromedriver                        0x0000000105027f24 chromedriver + 3948324\n   10  chromedriver                        0x0000000105028508 chromedriver + 3949832\n   11  chromedriver                        0x000000010502eb30 chromedriver + 3975984\n   12  chromedriver                        0x0000000105028b24 chromedriver + 3951396\n   13  chromedriver                        0x000000010500371c chromedriver + 3798812\n   14  chromedriver                        0x00000001050452f0 chromedriver + 4068080\n   15  chromedriver                        0x0000000105045444 chromedriver + 4068420\n   16  chromedriver                        0x0000000105059450 chromedriver + 4150352\n   17  libsystem_pthread.dylib             0x000000019ff0e06c _pthread_start + 148\n   18  libsystem_pthread.dylib             0x000000019ff08e2c thread_start + 8\n", "test_name": "test_3_aksesmenu_Search", "rerun": "0"}}, "suite_name": "test_5RegisterH_PerpanjangPerasingan.py"}}}, "date": "December 12, 2022", "start_time": 1670829790.0074291, "total_suite": 1, "status": "FAIL", "status_list": {"pass": "1", "fail": "2", "skip": "0", "error": "0", "xpass": "0", "xfail": "0", "rerun": "0"}, "total_tests": "3"}