{"content": {"suites": {"0": {"status": {"total_pass": 6, "total_skip": 0, "total_xpass": 0, "total_xfail": 0, "total_rerun": 0, "total_fail": 2, "total_error": 0}, "tests": {"0": {"status": "PASS", "message": "", "test_name": "test_1_setupOS", "rerun": "0"}, "1": {"status": "PASS", "message": "", "test_name": "test_2_login", "rerun": "0"}, "2": {"status": "PASS", "message": "", "test_name": "test_APO_001", "rerun": "0"}, "3": {"status": "PASS", "message": "", "test_name": "test_APO_006", "rerun": "0"}, "4": {"status": "PASS", "message": "", "test_name": "test_APO_007", "rerun": "0"}, "5": {"status": "PASS", "message": "", "test_name": "test_APO_008", "rerun": "0"}, "6": {"status": "FAIL", "message": "   selenium.common.exceptions.TimeoutException: Message: \n   Stacktrace:\n   0   chromedriver                        0x0000000100ed6a88 chromedriver + 4123272\n   1   chromedriver                        0x0000000100e62778 chromedriver + 3647352\n   2   chromedriver                        0x0000000100b24ac4 chromedriver + 248516\n   3   chromedriver                        0x0000000100b5af68 chromedriver + 470888\n   4   chromedriver                        0x0000000100b8d020 chromedriver + 675872\n   5   chromedriver                        0x0000000100b4eb10 chromedriver + 420624\n   6   chromedriver                        0x0000000100b4fc30 chromedriver + 425008\n   7   chromedriver                        0x0000000100ea8ae4 chromedriver + 3934948\n   8   chromedriver                        0x0000000100eabf24 chromedriver + 3948324\n   9   chromedriver                        0x0000000100eac508 chromedriver + 3949832\n   10  chromedriver                        0x0000000100eb2b30 chromedriver + 3975984\n   11  chromedriver                        0x0000000100eacb24 chromedriver + 3951396\n   12  chromedriver                        0x0000000100e8771c chromedriver + 3798812\n   13  chromedriver                        0x0000000100ec92f0 chromedriver + 4068080\n   14  chromedriver                        0x0000000100ec9444 chromedriver + 4068420\n   15  chromedriver                        0x0000000100edd450 chromedriver + 4150352\n   16  libsystem_pthread.dylib             0x000000018161506c _pthread_start + 148\n   17  libsystem_pthread.dylib             0x000000018160fe2c thread_start + 8\n", "test_name": "test_APO_009", "rerun": "0"}, "7": {"status": "FAIL", "message": "   selenium.common.exceptions.ElementNotInteractableException: Message: element not interactable\n     (Session info: chrome=108.0.5359.71)\n   Stacktrace:\n   0   chromedriver                        0x0000000100ed6a88 chromedriver + 4123272\n   1   chromedriver                        0x0000000100e62778 chromedriver + 3647352\n   2   chromedriver                        0x0000000100b24944 chromedriver + 248132\n   3   chromedriver                        0x0000000100b5bfd0 chromedriver + 475088\n   4   chromedriver                        0x0000000100b50a00 chromedriver + 428544\n   5   chromedriver                        0x0000000100b50260 chromedriver + 426592\n   6   chromedriver                        0x0000000100b8d020 chromedriver + 675872\n   7   chromedriver                        0x0000000100b4eb10 chromedriver + 420624\n   8   chromedriver                        0x0000000100b4fc30 chromedriver + 425008\n   9   chromedriver                        0x0000000100ea8ae4 chromedriver + 3934948\n   10  chromedriver                        0x0000000100eabf24 chromedriver + 3948324\n   11  chromedriver                        0x0000000100eac508 chromedriver + 3949832\n   12  chromedriver                        0x0000000100eb2b30 chromedriver + 3975984\n   13  chromedriver                        0x0000000100eacb24 chromedriver + 3951396\n   14  chromedriver                        0x0000000100e8771c chromedriver + 3798812\n   15  chromedriver                        0x0000000100ec92f0 chromedriver + 4068080\n   16  chromedriver                        0x0000000100ec9444 chromedriver + 4068420\n   17  chromedriver                        0x0000000100edd450 chromedriver + 4150352\n   18  libsystem_pthread.dylib             0x000000018161506c _pthread_start + 148\n   19  libsystem_pthread.dylib             0x000000018160fe2c thread_start + 8\n", "test_name": "test_PTR_010", "rerun": "0"}}, "suite_name": "test_P2UUAT.py"}}}, "date": "December 19, 2022", "start_time": 1671463383.272473, "total_suite": 1, "status": "FAIL", "status_list": {"pass": "6", "fail": "2", "skip": "0", "error": "0", "xpass": "0", "xfail": "0", "rerun": "0"}, "total_tests": "8"}