{"content": {"suites": {"0": {"status": {"total_pass": 8, "total_skip": 0, "total_xpass": 0, "total_xfail": 0, "total_rerun": 0, "total_fail": 2, "total_error": 0}, "tests": {"0": {"status": "PASS", "message": "", "test_name": "test_1_setupOS_Search", "rerun": "0"}, "1": {"status": "PASS", "message": "", "test_name": "test_2_login_Search", "rerun": "0"}, "2": {"status": "PASS", "message": "", "test_name": "test_3_aksesmenu_Search", "rerun": "0"}, "3": {"status": "PASS", "message": "", "test_name": "test_9_search_data_kategori_tanggalKembali_HalPer", "rerun": "0"}, "4": {"status": "PASS", "message": "", "test_name": "test_9_Click_ButtonPerpanjangan_HalPer", "rerun": "0"}, "5": {"status": "FAIL", "message": "   selenium.common.exceptions.StaleElementReferenceException: Message: stale element reference: element is not attached to the page document\n     (Session info: chrome=107.0.5304.87)\n   Stacktrace:\n   0   chromedriver                        0x0000000100c36a88 chromedriver + 4123272\n   1   chromedriver                        0x0000000100bc2778 chromedriver + 3647352\n   2   chromedriver                        0x0000000100884ac4 chromedriver + 248516\n   3   chromedriver                        0x0000000100887c80 chromedriver + 261248\n   4   chromedriver                        0x0000000100887aa4 chromedriver + 260772\n   5   chromedriver                        0x0000000100887d4c chromedriver + 261452\n   6   chromedriver                        0x00000001008bbb1c chromedriver + 473884\n   7   chromedriver                        0x00000001008bbbe4 chromedriver + 474084\n   8   chromedriver                        0x00000001008b3a90 chromedriver + 440976\n   9   chromedriver                        0x00000001008b0260 chromedriver + 426592\n   10  chromedriver                        0x00000001008ed020 chromedriver + 675872\n   11  chromedriver                        0x00000001008aeb10 chromedriver + 420624\n   12  chromedriver                        0x00000001008afc30 chromedriver + 425008\n   13  chromedriver                        0x0000000100c08ae4 chromedriver + 3934948\n   14  chromedriver                        0x0000000100c0bf24 chromedriver + 3948324\n   15  chromedriver                        0x0000000100c0c508 chromedriver + 3949832\n   16  chromedriver                        0x0000000100c12b30 chromedriver + 3975984\n   17  chromedriver                        0x0000000100c0cb24 chromedriver + 3951396\n   18  chromedriver                        0x0000000100be771c chromedriver + 3798812\n   19  chromedriver                        0x0000000100c292f0 chromedriver + 4068080\n   20  chromedriver                        0x0000000100c29444 chromedriver + 4068420\n   21  chromedriver                        0x0000000100c3d450 chromedriver + 4150352\n   22  libsystem_pthread.dylib             0x00000001b4bb606c _pthread_start + 148\n   23  libsystem_pthread.dylib             0x00000001b4bb0e2c thread_start + 8\n", "test_name": "test_7_InputNoSurat_HalamanTambah_HalPer", "rerun": "0"}, "6": {"status": "PASS", "message": "", "test_name": "test_8_InputTanggalSurat_HalamanTambah_HalPer", "rerun": "0"}, "7": {"status": "FAIL", "message": "   selenium.common.exceptions.ElementNotInteractableException: Message: element not interactable\n     (Session info: chrome=107.0.5304.87)\n   Stacktrace:\n   0   chromedriver                        0x0000000100c36a88 chromedriver + 4123272\n   1   chromedriver                        0x0000000100bc2778 chromedriver + 3647352\n   2   chromedriver                        0x0000000100884944 chromedriver + 248132\n   3   chromedriver                        0x00000001008b4fc4 chromedriver + 446404\n   4   chromedriver                        0x00000001008b46b4 chromedriver + 444084\n   5   chromedriver                        0x00000001008b0260 chromedriver + 426592\n   6   chromedriver                        0x00000001008ed020 chromedriver + 675872\n   7   chromedriver                        0x00000001008aeb10 chromedriver + 420624\n   8   chromedriver                        0x00000001008afc30 chromedriver + 425008\n   9   chromedriver                        0x0000000100c08ae4 chromedriver + 3934948\n   10  chromedriver                        0x0000000100c0bf24 chromedriver + 3948324\n   11  chromedriver                        0x0000000100c0c508 chromedriver + 3949832\n   12  chromedriver                        0x0000000100c12b30 chromedriver + 3975984\n   13  chromedriver                        0x0000000100c0cb24 chromedriver + 3951396\n   14  chromedriver                        0x0000000100be771c chromedriver + 3798812\n   15  chromedriver                        0x0000000100c292f0 chromedriver + 4068080\n   16  chromedriver                        0x0000000100c29444 chromedriver + 4068420\n   17  chromedriver                        0x0000000100c3d450 chromedriver + 4150352\n   18  libsystem_pthread.dylib             0x00000001b4bb606c _pthread_start + 148\n   19  libsystem_pthread.dylib             0x00000001b4bb0e2c thread_start + 8\n", "test_name": "test_9_InputTanggalMulai_HalamanTambah_HalPer", "rerun": "0"}, "8": {"status": "PASS", "message": "", "test_name": "test_10_InputLamaPerasingan_HalamanTambah_HalPer", "rerun": "0"}, "9": {"status": "PASS", "message": "", "test_name": "test_11_InputAlasan_HalamanTambah_HalPer", "rerun": "0"}}, "suite_name": "test_5RegisterH_PerpanjangPerasingan.py"}}}, "date": "November 22, 2022", "start_time": 1669106263.0857742, "total_suite": 1, "status": "FAIL", "status_list": {"pass": "8", "fail": "2", "skip": "0", "error": "0", "xpass": "0", "xfail": "0", "rerun": "0"}, "total_tests": "10"}