{"content": {"suites": {"0": {"status": {"total_pass": 12, "total_skip": 0, "total_xpass": 0, "total_xfail": 0, "total_rerun": 0, "total_fail": 2, "total_error": 0}, "tests": {"0": {"status": "PASS", "message": "", "test_name": "test_1_setupOS", "rerun": "0"}, "1": {"status": "PASS", "message": "", "test_name": "test_2_login", "rerun": "0"}, "2": {"status": "PASS", "message": "", "test_name": "test_APO_001", "rerun": "0"}, "3": {"status": "PASS", "message": "", "test_name": "test_APO_002", "rerun": "0"}, "4": {"status": "PASS", "message": "", "test_name": "test_APO_003", "rerun": "0"}, "5": {"status": "PASS", "message": "", "test_name": "test_4_ButtonTambah_PegawaiTambah", "rerun": "0"}, "6": {"status": "PASS", "message": "", "test_name": "test_APO_004", "rerun": "0"}, "7": {"status": "PASS", "message": "", "test_name": "test_APO_005", "rerun": "0"}, "8": {"status": "FAIL", "message": "   selenium.common.exceptions.TimeoutException: Message: \n   Stacktrace:\n   0   chromedriver                        0x000000010322ea88 chromedriver + 4123272\n   1   chromedriver                        0x00000001031ba778 chromedriver + 3647352\n   2   chromedriver                        0x0000000102e7cac4 chromedriver + 248516\n   3   chromedriver                        0x0000000102eb2f68 chromedriver + 470888\n   4   chromedriver                        0x0000000102ee5020 chromedriver + 675872\n   5   chromedriver                        0x0000000102ea6b10 chromedriver + 420624\n   6   chromedriver                        0x0000000102ea7c30 chromedriver + 425008\n   7   chromedriver                        0x0000000103200ae4 chromedriver + 3934948\n   8   chromedriver                        0x0000000103203f24 chromedriver + 3948324\n   9   chromedriver                        0x0000000103204508 chromedriver + 3949832\n   10  chromedriver                        0x000000010320ab30 chromedriver + 3975984\n   11  chromedriver                        0x0000000103204b24 chromedriver + 3951396\n   12  chromedriver                        0x00000001031df71c chromedriver + 3798812\n   13  chromedriver                        0x00000001032212f0 chromedriver + 4068080\n   14  chromedriver                        0x0000000103221444 chromedriver + 4068420\n   15  chromedriver                        0x0000000103235450 chromedriver + 4150352\n   16  libsystem_pthread.dylib             0x000000018ad4506c _pthread_start + 148\n   17  libsystem_pthread.dylib             0x000000018ad3fe2c thread_start + 8\n", "test_name": "test_APO_006", "rerun": "0"}, "9": {"status": "PASS", "message": "", "test_name": "test_APO_007", "rerun": "0"}, "10": {"status": "PASS", "message": "", "test_name": "test_APO_008", "rerun": "0"}, "11": {"status": "FAIL", "message": "   selenium.common.exceptions.TimeoutException: Message: \n   Stacktrace:\n   0   chromedriver                        0x000000010322ea88 chromedriver + 4123272\n   1   chromedriver                        0x00000001031ba778 chromedriver + 3647352\n   2   chromedriver                        0x0000000102e7cac4 chromedriver + 248516\n   3   chromedriver                        0x0000000102eb2f68 chromedriver + 470888\n   4   chromedriver                        0x0000000102ee5020 chromedriver + 675872\n   5   chromedriver                        0x0000000102ea6b10 chromedriver + 420624\n   6   chromedriver                        0x0000000102ea7c30 chromedriver + 425008\n   7   chromedriver                        0x0000000103200ae4 chromedriver + 3934948\n   8   chromedriver                        0x0000000103203f24 chromedriver + 3948324\n   9   chromedriver                        0x0000000103204508 chromedriver + 3949832\n   10  chromedriver                        0x000000010320ab30 chromedriver + 3975984\n   11  chromedriver                        0x0000000103204b24 chromedriver + 3951396\n   12  chromedriver                        0x00000001031df71c chromedriver + 3798812\n   13  chromedriver                        0x00000001032212f0 chromedriver + 4068080\n   14  chromedriver                        0x0000000103221444 chromedriver + 4068420\n   15  chromedriver                        0x0000000103235450 chromedriver + 4150352\n   16  libsystem_pthread.dylib             0x000000018ad4506c _pthread_start + 148\n   17  libsystem_pthread.dylib             0x000000018ad3fe2c thread_start + 8\n", "test_name": "test_APO_009", "rerun": "0"}, "12": {"status": "PASS", "message": "", "test_name": "test_PTR_010", "rerun": "0"}, "13": {"status": "PASS", "message": "", "test_name": "test_exit", "rerun": "0"}}, "suite_name": "test_P2UUAT.py"}}}, "date": "December 20, 2022", "start_time": 1671507593.077783, "total_suite": 1, "status": "FAIL", "status_list": {"pass": "12", "fail": "2", "skip": "0", "error": "0", "xpass": "0", "xfail": "0", "rerun": "0"}, "total_tests": "14"}