{"content": {"suites": {"0": {"status": {"total_pass": 7, "total_skip": 0, "total_xpass": 0, "total_xfail": 0, "total_rerun": 0, "total_fail": 2, "total_error": 0}, "tests": {"0": {"status": "PASS", "message": "", "test_name": "test_1_setupOS", "rerun": "0"}, "1": {"status": "PASS", "message": "", "test_name": "test_2_login", "rerun": "0"}, "2": {"status": "PASS", "message": "", "test_name": "test_APO_001", "rerun": "0"}, "3": {"status": "PASS", "message": "", "test_name": "test_APO_002", "rerun": "0"}, "4": {"status": "PASS", "message": "", "test_name": "test_APO_003", "rerun": "0"}, "5": {"status": "PASS", "message": "", "test_name": "test_4_ButtonTambah_PegawaiTambah", "rerun": "0"}, "6": {"status": "FAIL", "message": "   selenium.common.exceptions.ElementClickInterceptedException: Message: element click intercepted: Element <button class=\"el-button is-loading\" type=\"submit\" id=\"searchButton\" disabled=\"\">...</button> is not clickable at point (529, 347). Other element would receive the click: <div class=\"flex items-center gap-10px\">...</div>\n     (Session info: chrome=108.0.5359.71)\n   Stacktrace:\n   0   chromedriver                        0x000000010524aa88 chromedriver + 4123272\n   1   chromedriver                        0x00000001051d6778 chromedriver + 3647352\n   2   chromedriver                        0x0000000104e98ac4 chromedriver + 248516\n   3   chromedriver                        0x0000000104ed58a8 chromedriver + 497832\n   4   chromedriver                        0x0000000104ed3874 chromedriver + 489588\n   5   chromedriver                        0x0000000104ed14e8 chromedriver + 480488\n   6   chromedriver                        0x0000000104ed04dc chromedriver + 476380\n   7   chromedriver                        0x0000000104ec4a00 chromedriver + 428544\n   8   chromedriver                        0x0000000104ec4260 chromedriver + 426592\n   9   chromedriver                        0x0000000104f01020 chromedriver + 675872\n   10  chromedriver                        0x0000000104ec2b10 chromedriver + 420624\n   11  chromedriver                        0x0000000104ec3c30 chromedriver + 425008\n   12  chromedriver                        0x000000010521cae4 chromedriver + 3934948\n   13  chromedriver                        0x000000010521ff24 chromedriver + 3948324\n   14  chromedriver                        0x0000000105220508 chromedriver + 3949832\n   15  chromedriver                        0x0000000105226b30 chromedriver + 3975984\n   16  chromedriver                        0x0000000105220b24 chromedriver + 3951396\n   17  chromedriver                        0x00000001051fb71c chromedriver + 3798812\n   18  chromedriver                        0x000000010523d2f0 chromedriver + 4068080\n   19  chromedriver                        0x000000010523d444 chromedriver + 4068420\n   20  chromedriver                        0x0000000105251450 chromedriver + 4150352\n   21  libsystem_pthread.dylib             0x000000018ad4506c _pthread_start + 148\n   22  libsystem_pthread.dylib             0x000000018ad3fe2c thread_start + 8\n", "test_name": "test_APO_004", "rerun": "0"}, "7": {"status": "PASS", "message": "", "test_name": "test_APO_005", "rerun": "0"}, "8": {"status": "FAIL", "message": "   selenium.common.exceptions.StaleElementReferenceException: Message: stale element reference: element is not attached to the page document\n     (Session info: chrome=108.0.5359.71)\n   Stacktrace:\n   0   chromedriver                        0x000000010524aa88 chromedriver + 4123272\n   1   chromedriver                        0x00000001051d6778 chromedriver + 3647352\n   2   chromedriver                        0x0000000104e98ac4 chromedriver + 248516\n   3   chromedriver                        0x0000000104e9bc80 chromedriver + 261248\n   4   chromedriver                        0x0000000104e9baa4 chromedriver + 260772\n   5   chromedriver                        0x0000000104e9bd4c chromedriver + 261452\n   6   chromedriver                        0x0000000104ed0d28 chromedriver + 478504\n   7   chromedriver                        0x0000000104ecfe48 chromedriver + 474696\n   8   chromedriver                        0x0000000104ec4a00 chromedriver + 428544\n   9   chromedriver                        0x0000000104ec4260 chromedriver + 426592\n   10  chromedriver                        0x0000000104f01020 chromedriver + 675872\n   11  chromedriver                        0x0000000104ec2b10 chromedriver + 420624\n   12  chromedriver                        0x0000000104ec3c30 chromedriver + 425008\n   13  chromedriver                        0x000000010521cae4 chromedriver + 3934948\n   14  chromedriver                        0x000000010521ff24 chromedriver + 3948324\n   15  chromedriver                        0x0000000105220508 chromedriver + 3949832\n   16  chromedriver                        0x0000000105226b30 chromedriver + 3975984\n   17  chromedriver                        0x0000000105220b24 chromedriver + 3951396\n   18  chromedriver                        0x00000001051fb71c chromedriver + 3798812\n   19  chromedriver                        0x000000010523d2f0 chromedriver + 4068080\n   20  chromedriver                        0x000000010523d444 chromedriver + 4068420\n   21  chromedriver                        0x0000000105251450 chromedriver + 4150352\n   22  libsystem_pthread.dylib             0x000000018ad4506c _pthread_start + 148\n   23  libsystem_pthread.dylib             0x000000018ad3fe2c thread_start + 8\n", "test_name": "test_APO_006", "rerun": "0"}}, "suite_name": "test_P2UUAT.py"}}}, "date": "December 20, 2022", "start_time": 1671506952.8011599, "total_suite": 1, "status": "FAIL", "status_list": {"pass": "7", "fail": "2", "skip": "0", "error": "0", "xpass": "0", "xfail": "0", "rerun": "0"}, "total_tests": "9"}