{"content": {"suites": {"0": {"status": {"total_pass": 10, "total_skip": 0, "total_xpass": 0, "total_xfail": 0, "total_rerun": 0, "total_fail": 2, "total_error": 0}, "tests": {"0": {"status": "PASS", "message": "", "test_name": "test_1_setupOS", "rerun": "0"}, "1": {"status": "PASS", "message": "", "test_name": "test_2_login", "rerun": "0"}, "2": {"status": "PASS", "message": "", "test_name": "test_APO_001", "rerun": "0"}, "3": {"status": "PASS", "message": "", "test_name": "test_APO_002", "rerun": "0"}, "4": {"status": "PASS", "message": "", "test_name": "test_APO_003", "rerun": "0"}, "5": {"status": "PASS", "message": "", "test_name": "test_APO_004", "rerun": "0"}, "6": {"status": "FAIL", "message": "   selenium.common.exceptions.ElementClickInterceptedException: Message: element click intercepted: Element <button class=\"el-button is-plain border-2 text-light-blue-900 !hover:text-light-blue-600 border-light-blue-900 !hover:border-light-blue-600\" type=\"button\" id=\"backButton\">...</button> is not clickable at point (1780, 291). Other element would receive the click: <div class=\"el-loading-mask\" style=\"\">...</div>\n     (Session info: chrome=108.0.5359.124)\n   Stacktrace:\n   0   chromedriver                        0x0000000100d5ea88 chromedriver + 4123272\n   1   chromedriver                        0x0000000100cea778 chromedriver + 3647352\n   2   chromedriver                        0x00000001009acac4 chromedriver + 248516\n   3   chromedriver                        0x00000001009e98a8 chromedriver + 497832\n   4   chromedriver                        0x00000001009e7874 chromedriver + 489588\n   5   chromedriver                        0x00000001009e54e8 chromedriver + 480488\n   6   chromedriver                        0x00000001009e44dc chromedriver + 476380\n   7   chromedriver                        0x00000001009d8a00 chromedriver + 428544\n   8   chromedriver                        0x00000001009d8260 chromedriver + 426592\n   9   chromedriver                        0x0000000100a15020 chromedriver + 675872\n   10  chromedriver                        0x00000001009d6b10 chromedriver + 420624\n   11  chromedriver                        0x00000001009d7c30 chromedriver + 425008\n   12  chromedriver                        0x0000000100d30ae4 chromedriver + 3934948\n   13  chromedriver                        0x0000000100d33f24 chromedriver + 3948324\n   14  chromedriver                        0x0000000100d34508 chromedriver + 3949832\n   15  chromedriver                        0x0000000100d3ab30 chromedriver + 3975984\n   16  chromedriver                        0x0000000100d34b24 chromedriver + 3951396\n   17  chromedriver                        0x0000000100d0f71c chromedriver + 3798812\n   18  chromedriver                        0x0000000100d512f0 chromedriver + 4068080\n   19  chromedriver                        0x0000000100d51444 chromedriver + 4068420\n   20  chromedriver                        0x0000000100d65450 chromedriver + 4150352\n   21  libsystem_pthread.dylib             0x00000001a48dd06c _pthread_start + 148\n   22  libsystem_pthread.dylib             0x00000001a48d7e2c thread_start + 8\n", "test_name": "test_APO_005", "rerun": "0"}, "7": {"status": "PASS", "message": "", "test_name": "test_APO_006", "rerun": "0"}, "8": {"status": "PASS", "message": "", "test_name": "test_APO_007", "rerun": "0"}, "9": {"status": "PASS", "message": "", "test_name": "test_PTR_008", "rerun": "0"}, "10": {"status": "FAIL", "message": "   selenium.common.exceptions.ElementClickInterceptedException: Message: element click intercepted: Element <button class=\"el-button is-loading is-plain border-2 m-3 text-light-blue-900 !hover:text-light-blue-600 border-light-blue-900 !hover:border-light-blue-600\" type=\"button\" id=\"printButton\" disabled=\"\">...</button> is not clickable at point (1104, 887). Other element would receive the click: <div id=\"printButton\">...</div>\n     (Session info: chrome=108.0.5359.124)\n   Stacktrace:\n   0   chromedriver                        0x0000000100d5ea88 chromedriver + 4123272\n   1   chromedriver                        0x0000000100cea778 chromedriver + 3647352\n   2   chromedriver                        0x00000001009acac4 chromedriver + 248516\n   3   chromedriver                        0x00000001009e98a8 chromedriver + 497832\n   4   chromedriver                        0x00000001009e7874 chromedriver + 489588\n   5   chromedriver                        0x00000001009e54e8 chromedriver + 480488\n   6   chromedriver                        0x00000001009e44dc chromedriver + 476380\n   7   chromedriver                        0x00000001009d8a00 chromedriver + 428544\n   8   chromedriver                        0x00000001009d8260 chromedriver + 426592\n   9   chromedriver                        0x0000000100a15020 chromedriver + 675872\n   10  chromedriver                        0x00000001009d6b10 chromedriver + 420624\n   11  chromedriver                        0x00000001009d7c30 chromedriver + 425008\n   12  chromedriver                        0x0000000100d30ae4 chromedriver + 3934948\n   13  chromedriver                        0x0000000100d33f24 chromedriver + 3948324\n   14  chromedriver                        0x0000000100d34508 chromedriver + 3949832\n   15  chromedriver                        0x0000000100d3ab30 chromedriver + 3975984\n   16  chromedriver                        0x0000000100d34b24 chromedriver + 3951396\n   17  chromedriver                        0x0000000100d0f71c chromedriver + 3798812\n   18  chromedriver                        0x0000000100d512f0 chromedriver + 4068080\n   19  chromedriver                        0x0000000100d51444 chromedriver + 4068420\n   20  chromedriver                        0x0000000100d65450 chromedriver + 4150352\n   21  libsystem_pthread.dylib             0x00000001a48dd06c _pthread_start + 148\n   22  libsystem_pthread.dylib             0x00000001a48d7e2c thread_start + 8\n", "test_name": "test_PTR_009", "rerun": "0"}, "11": {"status": "PASS", "message": "", "test_name": "test_exit", "rerun": "0"}}, "suite_name": "test_P2UUAT.py"}}}, "date": "January 03, 2023", "start_time": 1672684683.848576, "total_suite": 1, "status": "FAIL", "status_list": {"pass": "10", "fail": "2", "skip": "0", "error": "0", "xpass": "0", "xfail": "0", "rerun": "0"}, "total_tests": "12"}